<?xml version="1.0" encoding="UTF-8"?>
<testsuite xmlns:xsi="http://www.w3.org/2001/XMLSchema-instance" xsi:noNamespaceSchemaLocation="https://maven.apache.org/surefire/maven-surefire-plugin/xsd/surefire-test-report-3.0.xsd" version="3.0" name="TestSuite" time="84.162" tests="1" errors="0" skipped="0" failures="0">
  <properties>
    <property name="gopherProxySet" value="false"/>
    <property name="awt.toolkit" value="sun.lwawt.macosx.LWCToolkit"/>
    <property name="java.specification.version" value="11"/>
    <property name="sun.cpu.isalist" value=""/>
    <property name="sun.jnu.encoding" value="UTF-8"/>
    <property name="java.class.path" value="/Users/minsung/eclipse-workspace/AppiumFramework/target/test-classes:/Users/minsung/eclipse-workspace/AppiumFramework/target/classes:/Users/minsung/.m2/repository/org/seleniumhq/selenium/selenium-java/4.20.0/selenium-java-4.20.0.jar:/Users/minsung/.m2/repository/org/seleniumhq/selenium/selenium-api/4.20.0/selenium-api-4.20.0.jar:/Users/minsung/.m2/repository/org/seleniumhq/selenium/selenium-chrome-driver/4.20.0/selenium-chrome-driver-4.20.0.jar:/Users/minsung/.m2/repository/com/google/auto/service/auto-service-annotations/1.1.1/auto-service-annotations-1.1.1.jar:/Users/minsung/.m2/repository/org/seleniumhq/selenium/selenium-chromium-driver/4.20.0/selenium-chromium-driver-4.20.0.jar:/Users/minsung/.m2/repository/org/seleniumhq/selenium/selenium-json/4.20.0/selenium-json-4.20.0.jar:/Users/minsung/.m2/repository/org/seleniumhq/selenium/selenium-manager/4.20.0/selenium-manager-4.20.0.jar:/Users/minsung/.m2/repository/org/seleniumhq/selenium/selenium-devtools-v122/4.20.0/selenium-devtools-v122-4.20.0.jar:/Users/minsung/.m2/repository/org/seleniumhq/selenium/selenium-devtools-v123/4.20.0/selenium-devtools-v123-4.20.0.jar:/Users/minsung/.m2/repository/org/seleniumhq/selenium/selenium-devtools-v124/4.20.0/selenium-devtools-v124-4.20.0.jar:/Users/minsung/.m2/repository/org/seleniumhq/selenium/selenium-devtools-v85/4.20.0/selenium-devtools-v85-4.20.0.jar:/Users/minsung/.m2/repository/org/seleniumhq/selenium/selenium-edge-driver/4.20.0/selenium-edge-driver-4.20.0.jar:/Users/minsung/.m2/repository/org/seleniumhq/selenium/selenium-firefox-driver/4.20.0/selenium-firefox-driver-4.20.0.jar:/Users/minsung/.m2/repository/org/seleniumhq/selenium/selenium-http/4.20.0/selenium-http-4.20.0.jar:/Users/minsung/.m2/repository/dev/failsafe/failsafe/3.3.2/failsafe-3.3.2.jar:/Users/minsung/.m2/repository/org/seleniumhq/selenium/selenium-ie-driver/4.20.0/selenium-ie-driver-4.20.0.jar:/Users/minsung/.m2/repository/org/seleniumhq/selenium/selenium-remote-driver/4.20.0/selenium-remote-driver-4.20.0.jar:/Users/minsung/.m2/repository/com/google/guava/guava/33.1.0-jre/guava-33.1.0-jre.jar:/Users/minsung/.m2/repository/com/google/guava/failureaccess/1.0.2/failureaccess-1.0.2.jar:/Users/minsung/.m2/repository/com/google/guava/listenablefuture/9999.0-empty-to-avoid-conflict-with-guava/listenablefuture-9999.0-empty-to-avoid-conflict-with-guava.jar:/Users/minsung/.m2/repository/com/google/code/findbugs/jsr305/3.0.2/jsr305-3.0.2.jar:/Users/minsung/.m2/repository/org/checkerframework/checker-qual/3.42.0/checker-qual-3.42.0.jar:/Users/minsung/.m2/repository/com/google/errorprone/error_prone_annotations/2.26.1/error_prone_annotations-2.26.1.jar:/Users/minsung/.m2/repository/com/google/j2objc/j2objc-annotations/3.0.0/j2objc-annotations-3.0.0.jar:/Users/minsung/.m2/repository/io/opentelemetry/semconv/opentelemetry-semconv/1.25.0-alpha/opentelemetry-semconv-1.25.0-alpha.jar:/Users/minsung/.m2/repository/io/opentelemetry/opentelemetry-api/1.37.0/opentelemetry-api-1.37.0.jar:/Users/minsung/.m2/repository/io/opentelemetry/opentelemetry-context/1.37.0/opentelemetry-context-1.37.0.jar:/Users/minsung/.m2/repository/io/opentelemetry/opentelemetry-exporter-logging/1.37.0/opentelemetry-exporter-logging-1.37.0.jar:/Users/minsung/.m2/repository/io/opentelemetry/opentelemetry-sdk-common/1.37.0/opentelemetry-sdk-common-1.37.0.jar:/Users/minsung/.m2/repository/io/opentelemetry/opentelemetry-sdk-extension-autoconfigure-spi/1.37.0/opentelemetry-sdk-extension-autoconfigure-spi-1.37.0.jar:/Users/minsung/.m2/repository/io/opentelemetry/opentelemetry-sdk-extension-autoconfigure/1.37.0/opentelemetry-sdk-extension-autoconfigure-1.37.0.jar:/Users/minsung/.m2/repository/io/opentelemetry/opentelemetry-api-incubator/1.37.0-alpha/opentelemetry-api-incubator-1.37.0-alpha.jar:/Users/minsung/.m2/repository/io/opentelemetry/opentelemetry-sdk-trace/1.37.0/opentelemetry-sdk-trace-1.37.0.jar:/Users/minsung/.m2/repository/io/opentelemetry/opentelemetry-sdk/1.37.0/opentelemetry-sdk-1.37.0.jar:/Users/minsung/.m2/repository/io/opentelemetry/opentelemetry-sdk-metrics/1.37.0/opentelemetry-sdk-metrics-1.37.0.jar:/Users/minsung/.m2/repository/io/opentelemetry/opentelemetry-sdk-logs/1.37.0/opentelemetry-sdk-logs-1.37.0.jar:/Users/minsung/.m2/repository/net/bytebuddy/byte-buddy/1.14.14/byte-buddy-1.14.14.jar:/Users/minsung/.m2/repository/org/seleniumhq/selenium/selenium-os/4.20.0/selenium-os-4.20.0.jar:/Users/minsung/.m2/repository/org/apache/commons/commons-exec/1.4.0/commons-exec-1.4.0.jar:/Users/minsung/.m2/repository/org/seleniumhq/selenium/selenium-safari-driver/4.20.0/selenium-safari-driver-4.20.0.jar:/Users/minsung/.m2/repository/org/seleniumhq/selenium/selenium-support/4.20.0/selenium-support-4.20.0.jar:/Users/minsung/.m2/repository/io/appium/java-client/9.2.2/java-client-9.2.2.jar:/Users/minsung/.m2/repository/com/google/code/gson/gson/2.10.1/gson-2.10.1.jar:/Users/minsung/.m2/repository/org/slf4j/slf4j-api/2.0.12/slf4j-api-2.0.12.jar:/Users/minsung/.m2/repository/org/testng/testng/7.10.2/testng-7.10.2.jar:/Users/minsung/.m2/repository/com/beust/jcommander/1.82/jcommander-1.82.jar:/Users/minsung/.m2/repository/org/webjars/jquery/3.7.1/jquery-3.7.1.jar:"/>
    <property name="java.vm.vendor" value="Oracle Corporation"/>
    <property name="sun.arch.data.model" value="64"/>
    <property name="java.vendor.url" value="https://openjdk.java.net/"/>
    <property name="user.timezone" value="America/Los_Angeles"/>
    <property name="java.vm.specification.version" value="11"/>
    <property name="os.name" value="Mac OS X"/>
    <property name="sun.java.launcher" value="SUN_STANDARD"/>
    <property name="user.country" value="US"/>
    <property name="sun.boot.library.path" value="/Library/Java/JavaVirtualMachines/jdk-11.jdk/Contents/Home/lib"/>
    <property name="sun.java.command" value="/Users/minsung/eclipse-workspace/AppiumFramework/target/surefire/surefirebooter-20240506115747509_3.jar /Users/minsung/eclipse-workspace/AppiumFramework/target/surefire 2024-05-06T11-57-47_442-jvmRun1 surefire-20240506115747509_1tmp surefire_0-20240506115747509_2tmp"/>
    <property name="http.nonProxyHosts" value="local|*.local|169.254/16|*.169.254/16"/>
    <property name="jdk.debug" value="release"/>
    <property name="surefire.test.class.path" value="/Users/minsung/eclipse-workspace/AppiumFramework/target/test-classes:/Users/minsung/eclipse-workspace/AppiumFramework/target/classes:/Users/minsung/.m2/repository/org/seleniumhq/selenium/selenium-java/4.20.0/selenium-java-4.20.0.jar:/Users/minsung/.m2/repository/org/seleniumhq/selenium/selenium-api/4.20.0/selenium-api-4.20.0.jar:/Users/minsung/.m2/repository/org/seleniumhq/selenium/selenium-chrome-driver/4.20.0/selenium-chrome-driver-4.20.0.jar:/Users/minsung/.m2/repository/com/google/auto/service/auto-service-annotations/1.1.1/auto-service-annotations-1.1.1.jar:/Users/minsung/.m2/repository/org/seleniumhq/selenium/selenium-chromium-driver/4.20.0/selenium-chromium-driver-4.20.0.jar:/Users/minsung/.m2/repository/org/seleniumhq/selenium/selenium-json/4.20.0/selenium-json-4.20.0.jar:/Users/minsung/.m2/repository/org/seleniumhq/selenium/selenium-manager/4.20.0/selenium-manager-4.20.0.jar:/Users/minsung/.m2/repository/org/seleniumhq/selenium/selenium-devtools-v122/4.20.0/selenium-devtools-v122-4.20.0.jar:/Users/minsung/.m2/repository/org/seleniumhq/selenium/selenium-devtools-v123/4.20.0/selenium-devtools-v123-4.20.0.jar:/Users/minsung/.m2/repository/org/seleniumhq/selenium/selenium-devtools-v124/4.20.0/selenium-devtools-v124-4.20.0.jar:/Users/minsung/.m2/repository/org/seleniumhq/selenium/selenium-devtools-v85/4.20.0/selenium-devtools-v85-4.20.0.jar:/Users/minsung/.m2/repository/org/seleniumhq/selenium/selenium-edge-driver/4.20.0/selenium-edge-driver-4.20.0.jar:/Users/minsung/.m2/repository/org/seleniumhq/selenium/selenium-firefox-driver/4.20.0/selenium-firefox-driver-4.20.0.jar:/Users/minsung/.m2/repository/org/seleniumhq/selenium/selenium-http/4.20.0/selenium-http-4.20.0.jar:/Users/minsung/.m2/repository/dev/failsafe/failsafe/3.3.2/failsafe-3.3.2.jar:/Users/minsung/.m2/repository/org/seleniumhq/selenium/selenium-ie-driver/4.20.0/selenium-ie-driver-4.20.0.jar:/Users/minsung/.m2/repository/org/seleniumhq/selenium/selenium-remote-driver/4.20.0/selenium-remote-driver-4.20.0.jar:/Users/minsung/.m2/repository/com/google/guava/guava/33.1.0-jre/guava-33.1.0-jre.jar:/Users/minsung/.m2/repository/com/google/guava/failureaccess/1.0.2/failureaccess-1.0.2.jar:/Users/minsung/.m2/repository/com/google/guava/listenablefuture/9999.0-empty-to-avoid-conflict-with-guava/listenablefuture-9999.0-empty-to-avoid-conflict-with-guava.jar:/Users/minsung/.m2/repository/com/google/code/findbugs/jsr305/3.0.2/jsr305-3.0.2.jar:/Users/minsung/.m2/repository/org/checkerframework/checker-qual/3.42.0/checker-qual-3.42.0.jar:/Users/minsung/.m2/repository/com/google/errorprone/error_prone_annotations/2.26.1/error_prone_annotations-2.26.1.jar:/Users/minsung/.m2/repository/com/google/j2objc/j2objc-annotations/3.0.0/j2objc-annotations-3.0.0.jar:/Users/minsung/.m2/repository/io/opentelemetry/semconv/opentelemetry-semconv/1.25.0-alpha/opentelemetry-semconv-1.25.0-alpha.jar:/Users/minsung/.m2/repository/io/opentelemetry/opentelemetry-api/1.37.0/opentelemetry-api-1.37.0.jar:/Users/minsung/.m2/repository/io/opentelemetry/opentelemetry-context/1.37.0/opentelemetry-context-1.37.0.jar:/Users/minsung/.m2/repository/io/opentelemetry/opentelemetry-exporter-logging/1.37.0/opentelemetry-exporter-logging-1.37.0.jar:/Users/minsung/.m2/repository/io/opentelemetry/opentelemetry-sdk-common/1.37.0/opentelemetry-sdk-common-1.37.0.jar:/Users/minsung/.m2/repository/io/opentelemetry/opentelemetry-sdk-extension-autoconfigure-spi/1.37.0/opentelemetry-sdk-extension-autoconfigure-spi-1.37.0.jar:/Users/minsung/.m2/repository/io/opentelemetry/opentelemetry-sdk-extension-autoconfigure/1.37.0/opentelemetry-sdk-extension-autoconfigure-1.37.0.jar:/Users/minsung/.m2/repository/io/opentelemetry/opentelemetry-api-incubator/1.37.0-alpha/opentelemetry-api-incubator-1.37.0-alpha.jar:/Users/minsung/.m2/repository/io/opentelemetry/opentelemetry-sdk-trace/1.37.0/opentelemetry-sdk-trace-1.37.0.jar:/Users/minsung/.m2/repository/io/opentelemetry/opentelemetry-sdk/1.37.0/opentelemetry-sdk-1.37.0.jar:/Users/minsung/.m2/repository/io/opentelemetry/opentelemetry-sdk-metrics/1.37.0/opentelemetry-sdk-metrics-1.37.0.jar:/Users/minsung/.m2/repository/io/opentelemetry/opentelemetry-sdk-logs/1.37.0/opentelemetry-sdk-logs-1.37.0.jar:/Users/minsung/.m2/repository/net/bytebuddy/byte-buddy/1.14.14/byte-buddy-1.14.14.jar:/Users/minsung/.m2/repository/org/seleniumhq/selenium/selenium-os/4.20.0/selenium-os-4.20.0.jar:/Users/minsung/.m2/repository/org/apache/commons/commons-exec/1.4.0/commons-exec-1.4.0.jar:/Users/minsung/.m2/repository/org/seleniumhq/selenium/selenium-safari-driver/4.20.0/selenium-safari-driver-4.20.0.jar:/Users/minsung/.m2/repository/org/seleniumhq/selenium/selenium-support/4.20.0/selenium-support-4.20.0.jar:/Users/minsung/.m2/repository/io/appium/java-client/9.2.2/java-client-9.2.2.jar:/Users/minsung/.m2/repository/com/google/code/gson/gson/2.10.1/gson-2.10.1.jar:/Users/minsung/.m2/repository/org/slf4j/slf4j-api/2.0.12/slf4j-api-2.0.12.jar:/Users/minsung/.m2/repository/org/testng/testng/7.10.2/testng-7.10.2.jar:/Users/minsung/.m2/repository/com/beust/jcommander/1.82/jcommander-1.82.jar:/Users/minsung/.m2/repository/org/webjars/jquery/3.7.1/jquery-3.7.1.jar:"/>
    <property name="sun.cpu.endian" value="little"/>
    <property name="user.home" value="/Users/minsung"/>
    <property name="user.language" value="en"/>
    <property name="java.specification.vendor" value="Oracle Corporation"/>
    <property name="java.version.date" value="2024-04-16"/>
    <property name="java.home" value="/Library/Java/JavaVirtualMachines/jdk-11.jdk/Contents/Home"/>
    <property name="file.separator" value="/"/>
    <property name="basedir" value="/Users/minsung/eclipse-workspace/AppiumFramework"/>
    <property name="java.vm.compressedOopsMode" value="Zero based"/>
    <property name="line.separator" value="&#10;"/>
    <property name="java.specification.name" value="Java Platform API Specification"/>
    <property name="java.vm.specification.vendor" value="Oracle Corporation"/>
    <property name="java.awt.graphicsenv" value="sun.awt.CGraphicsEnvironment"/>
    <property name="surefire.real.class.path" value="/Users/minsung/eclipse-workspace/AppiumFramework/target/surefire/surefirebooter-20240506115747509_3.jar"/>
    <property name="sun.management.compiler" value="HotSpot 64-Bit Tiered Compilers"/>
    <property name="ftp.nonProxyHosts" value="local|*.local|169.254/16|*.169.254/16"/>
    <property name="java.runtime.version" value="11.0.23+7-LTS-222"/>
    <property name="user.name" value="minsung"/>
    <property name="path.separator" value=":"/>
    <property name="os.version" value="12.6"/>
    <property name="java.runtime.name" value="Java(TM) SE Runtime Environment"/>
    <property name="file.encoding" value="UTF-8"/>
    <property name="java.vm.name" value="Java HotSpot(TM) 64-Bit Server VM"/>
    <property name="java.vendor.version" value="18.9"/>
    <property name="localRepository" value="/Users/minsung/.m2/repository"/>
    <property name="java.vendor.url.bug" value="https://bugreport.java.com/bugreport/"/>
    <property name="java.io.tmpdir" value="/var/folders/4s/4dn2t99x4ynf231fk34n0r0h0000gn/T/"/>
    <property name="java.version" value="11.0.23"/>
    <property name="user.dir" value="/Users/minsung/eclipse-workspace/AppiumFramework"/>
    <property name="os.arch" value="x86_64"/>
    <property name="java.vm.specification.name" value="Java Virtual Machine Specification"/>
    <property name="java.awt.printerjob" value="sun.lwawt.macosx.CPrinterJob"/>
    <property name="sun.os.patch.level" value="unknown"/>
    <property name="java.library.path" value="/Users/minsung/Library/Java/Extensions:/Library/Java/Extensions:/Network/Library/Java/Extensions:/System/Library/Java/Extensions:/usr/lib/java:."/>
    <property name="java.vendor" value="Oracle Corporation"/>
    <property name="java.vm.info" value="mixed mode"/>
    <property name="java.vm.version" value="11.0.23+7-LTS-222"/>
    <property name="java.specification.maintenance.version" value="2"/>
    <property name="sun.io.unicode.encoding" value="UnicodeBig"/>
    <property name="java.class.version" value="55.0"/>
    <property name="socksNonProxyHosts" value="local|*.local|169.254/16|*.169.254/16"/>
  </properties>
  <testcase name="testTeamStats[49ers, San Francisco 49ers](1)" classname="theScore.Stats" time="56.509">
    <system-out><![CDATA[&amp#27;[35m[Appium]&amp#27;[39m Welcome to Appium v2.5.4
&amp#27;[35m[Appium]&amp#27;[39m The autodetected Appium home path: /Users/minsung
&amp#27;[35m[Appium]&amp#27;[39m Attempting to load driver uiautomator2...
&amp#27;[35m[Appium]&amp#27;[39m Attempting to load driver xcuitest...
&amp#27;[35m[Appium]&amp#27;[39m Requiring driver at /Users/minsung/node_modules/appium-uiautomator2-driver/build/index.js
&amp#27;[35m[Appium]&amp#27;[39m Requiring driver at /Users/minsung/node_modules/appium-xcuitest-driver/build/index.js
&amp#27;[35m[Appium]&amp#27;[39m AndroidUiautomator2Driver has been successfully loaded in 2.243s
&amp#27;[35m[Appium]&amp#27;[39m XCUITestDriver has been successfully loaded in 2.243s
&amp#27;[35m[Appium]&amp#27;[39m Appium REST http interface listener started on http://0.0.0.0:4723
&amp#27;[35m[Appium]&amp#27;[39m You can provide the following URLs in your client code to connect to this server:
&amp#27;[35m[Appium]&amp#27;[39m 	http://127.0.0.1:4723/ (only accessible from the same host)
&amp#27;[35m[Appium]&amp#27;[39m 	http://192.168.50.171:4723/
&amp#27;[35m[Appium]&amp#27;[39m Available drivers:
&amp#27;[35m[Appium]&amp#27;[39m   - uiautomator2@3.1.0 (automationName 'UiAutomator2')
&amp#27;[35m[Appium]&amp#27;[39m   - xcuitest@7.15.1 (automationName 'XCUITest')
&amp#27;[35m[Appium]&amp#27;[39m No plugins have been installed. Use the "appium plugin" command to install the one(s) you want to use.
&amp#27;[38;5;0m[HTTP]&amp#27;[0m &amp#27;[37m-->&amp#27;[39m &amp#27;[37mGET&amp#27;[39m &amp#27;[37m/status&amp#27;[39m
&amp#27;[38;5;0m[HTTP]&amp#27;[0m &amp#27;[90m{}&amp#27;[39m
&amp#27;[38;5;16m[AppiumDriver@ddc6]&amp#27;[0m Calling AppiumDriver.getStatus() with args: []
&amp#27;[38;5;16m[AppiumDriver@ddc6]&amp#27;[0m Responding to client with driver.getStatus() result: {"ready":true,"message":"The server is ready to accept new connections","build":{"version":"2.5.4"}}
&amp#27;[38;5;0m[HTTP]&amp#27;[0m &amp#27;[37m<-- GET /status &amp#27;[39m&amp#27;[32m200&amp#27;[39m &amp#27;[90m5 ms - 110&amp#27;[39m
&amp#27;[38;5;0m[HTTP]&amp#27;[0m &amp#27;[90m&amp#27;[39m
&amp#27;[38;5;0m[HTTP]&amp#27;[0m Request idempotency key: aa2cda94-039f-4446-9523-9693ff7c5c62
&amp#27;[38;5;0m[HTTP]&amp#27;[0m &amp#27;[37m-->&amp#27;[39m &amp#27;[37mPOST&amp#27;[39m &amp#27;[37m/session&amp#27;[39m
&amp#27;[38;5;0m[HTTP]&amp#27;[0m &amp#27;[90m{"capabilities":{"firstMatch":[{}],"alwaysMatch":{"appium:deviceName":"MinTestDevice","appium:automationName":"UIAutomator2","platformName":"ANDROID","appium:app":"//Users/minsung//eclipse-workspace//AppiumFramework//src//test//java//resources//theScore_24.8.0.apk","appium:fullReset":true}}}&amp#27;[39m
&amp#27;[38;5;16m[AppiumDriver@ddc6]&amp#27;[0m Calling AppiumDriver.createSession() with args: [null,null,{"firstMatch":[{}],"alwaysMatch":{"appium:deviceName":"MinTestDevice","appium:automationName":"UIAutomator2","platformName":"ANDROID","appium:app":"//Users/minsung//eclipse-workspace//AppiumFramework//src//test//java//resources//theScore_24.8.0.apk","appium:fullReset":true}}]
&amp#27;[38;5;16m[AppiumDriver@ddc6]&amp#27;[0m Event 'newSessionRequested' logged at 1715021871359 (11:57:51 GMT-0700 (Pacific Daylight Time))
&amp#27;[35m[Appium]&amp#27;[39m Attempting to find matching driver for automationName 'UIAutomator2' and platformName 'ANDROID'
&amp#27;[35m[Appium]&amp#27;[39m The 'uiautomator2' driver was installed and matched caps.
&amp#27;[35m[Appium]&amp#27;[39m Will require it at /Users/minsung/node_modules/appium-uiautomator2-driver
&amp#27;[35m[Appium]&amp#27;[39m Requiring driver at /Users/minsung/node_modules/appium-uiautomator2-driver/build/index.js
&amp#27;[38;5;16m[AppiumDriver@ddc6]&amp#27;[0m Appium v2.5.4 creating new AndroidUiautomator2Driver (v3.1.0) session
&amp#27;[38;5;16m[AppiumDriver@ddc6]&amp#27;[0m Checking BaseDriver versions for Appium and AndroidUiautomator2Driver
&amp#27;[38;5;16m[AppiumDriver@ddc6]&amp#27;[0m Appium's BaseDriver version is 9.6.0
&amp#27;[38;5;16m[AppiumDriver@ddc6]&amp#27;[0m AndroidUiautomator2Driver's BaseDriver version is 9.5.3
&amp#27;[38;5;32m[AndroidUiautomator2Driver@cb04]&amp#27;[0m Creating session with W3C capabilities: {
&amp#27;[38;5;32m[AndroidUiautomator2Driver@cb04]&amp#27;[0m   "alwaysMatch": {
&amp#27;[38;5;32m[AndroidUiautomator2Driver@cb04]&amp#27;[0m     "platformName": "ANDROID",
&amp#27;[38;5;32m[AndroidUiautomator2Driver@cb04]&amp#27;[0m     "appium:deviceName": "MinTestDevice",
&amp#27;[38;5;32m[AndroidUiautomator2Driver@cb04]&amp#27;[0m     "appium:automationName": "UIAutomator2",
&amp#27;[38;5;32m[AndroidUiautomator2Driver@cb04]&amp#27;[0m     "appium:app": "//Users/minsung//eclipse-workspace//AppiumFramework//src//test//java//resources//theScore_24.8.0.apk",
&amp#27;[38;5;32m[AndroidUiautomator2Driver@cb04]&amp#27;[0m     "appium:fullReset": true
&amp#27;[38;5;32m[AndroidUiautomator2Driver@cb04]&amp#27;[0m   },
&amp#27;[38;5;32m[AndroidUiautomator2Driver@cb04]&amp#27;[0m   "firstMatch": [
&amp#27;[38;5;32m[AndroidUiautomator2Driver@cb04]&amp#27;[0m     {}
&amp#27;[38;5;32m[AndroidUiautomator2Driver@cb04]&amp#27;[0m   ]
&amp#27;[38;5;32m[AndroidUiautomator2Driver@cb04]&amp#27;[0m }
&amp#27;[38;5;32m[AndroidUiautomator2Driver@cb04 (a84025fa)]&amp#27;[0m Session created with session id: a84025fa-87fd-4432-a89c-6e57f823ae73
&amp#27;[38;5;48m[ADB]&amp#27;[0m Found 2 'build-tools' folders under '/Users/minsung/Library/Android/sdk' (newest first):
&amp#27;[38;5;48m[ADB]&amp#27;[0m     /Users/minsung/Library/Android/sdk/build-tools/34.0.0
&amp#27;[38;5;48m[ADB]&amp#27;[0m     /Users/minsung/Library/Android/sdk/build-tools/33.0.1
&amp#27;[38;5;48m[ADB]&amp#27;[0m Using 'adb' from '/Users/minsung/Library/Android/sdk/platform-tools/adb'
&amp#27;[38;5;48m[ADB]&amp#27;[0m Running '/Users/minsung/Library/Android/sdk/platform-tools/adb -P 5037 start-server'
&amp#27;[38;5;32m[AndroidUiautomator2Driver@cb04 (a84025fa)]&amp#27;[0m Retrieving device list
&amp#27;[38;5;48m[ADB]&amp#27;[0m Trying to find connected Android devices
&amp#27;[38;5;48m[ADB]&amp#27;[0m Getting connected devices
&amp#27;[38;5;48m[ADB]&amp#27;[0m Connected devices: [{"udid":"emulator-5554","state":"device"}]
&amp#27;[38;5;32m[AndroidUiautomator2Driver@cb04 (a84025fa)]&amp#27;[0m Using device: emulator-5554
&amp#27;[38;5;48m[ADB]&amp#27;[0m Using 'adb' from '/Users/minsung/Library/Android/sdk/platform-tools/adb'
&amp#27;[38;5;48m[ADB]&amp#27;[0m Running '/Users/minsung/Library/Android/sdk/platform-tools/adb -P 5037 start-server'
&amp#27;[38;5;48m[ADB]&amp#27;[0m Setting device id to emulator-5554
&amp#27;[38;5;64m[BaseDriver]&amp#27;[0m Using local app '//Users/minsung//eclipse-workspace//AppiumFramework//src//test//java//resources//theScore_24.8.0.apk'
&amp#27;[38;5;32m[AndroidUiautomator2Driver@cb04 (a84025fa)]&amp#27;[0m Checking whether app is actually present
&amp#27;[38;5;48m[ADB]&amp#27;[0m Running '/Users/minsung/Library/Android/sdk/platform-tools/adb -P 5037 -s emulator-5554 shell getprop ro.build.version.sdk'
&amp#27;[38;5;48m[ADB]&amp#27;[0m Current device property 'ro.build.version.sdk': 34
&amp#27;[38;5;48m[ADB]&amp#27;[0m Getting device platform version
&amp#27;[38;5;48m[ADB]&amp#27;[0m Running '/Users/minsung/Library/Android/sdk/platform-tools/adb -P 5037 -s emulator-5554 shell getprop ro.build.version.release'
&amp#27;[38;5;48m[ADB]&amp#27;[0m Current device property 'ro.build.version.release': 14
&amp#27;[38;5;48m[ADB]&amp#27;[0m Device API level: 34
&amp#27;[38;5;32m[AndroidUiautomator2Driver@cb04 (a84025fa)]&amp#27;[0m Relaxing hidden api policy
&amp#27;[38;5;48m[ADB]&amp#27;[0m Running '/Users/minsung/Library/Android/sdk/platform-tools/adb -P 5037 -s emulator-5554 shell 'settings put global hidden_api_policy_pre_p_apps 1;settings put global hidden_api_policy_p_apps 1;settings put global hidden_api_policy 1''
&amp#27;[38;5;32m[AndroidUiautomator2Driver@cb04 (a84025fa)]&amp#27;[0m Parsing package and activity from app manifest
&amp#27;[38;5;48m[ADB]&amp#27;[0m Running '/Users/minsung/Library/Android/sdk/platform-tools/adb -P 5037 -s emulator-5554 wait-for-device'
&amp#27;[38;5;48m[ADB]&amp#27;[0m Package name: 'com.fivemobile.thescore'
&amp#27;[38;5;48m[ADB]&amp#27;[0m Main activity name: 'com.fivemobile.thescore.ui.MainActivity'
&amp#27;[38;5;32m[AndroidUiautomator2Driver@cb04 (a84025fa)]&amp#27;[0m Parsed package and activity are: com.fivemobile.thescore/com.fivemobile.thescore.ui.MainActivity
&amp#27;[38;5;48m[ADB]&amp#27;[0m Running '/Users/minsung/Library/Android/sdk/platform-tools/adb -P 5037 -s emulator-5554 shell echo ping'
&amp#27;[38;5;32m[AndroidUiautomator2Driver@cb04 (a84025fa)]&amp#27;[0m Pushing settings apk to the device...
&amp#27;[38;5;48m[ADB]&amp#27;[0m Getting package info for 'io.appium.settings'
&amp#27;[38;5;48m[ADB]&amp#27;[0m Running '/Users/minsung/Library/Android/sdk/platform-tools/adb -P 5037 -s emulator-5554 shell dumpsys package io.appium.settings'
&amp#27;[38;5;48m[ADB]&amp#27;[0m The version name of the installed 'io.appium.settings' is greater or equal to the application version name ('5.7.9' >= '5.7.9')
&amp#27;[38;5;48m[ADB]&amp#27;[0m There is no need to install/upgrade '/Users/minsung/node_modules/appium-uiautomator2-driver/node_modules/io.appium.settings/apks/settings_apk-debug.apk'
&amp#27;[38;5;48m[ADB]&amp#27;[0m Running '/Users/minsung/Library/Android/sdk/platform-tools/adb -P 5037 -s emulator-5554 shell dumpsys activity services io.appium.settings'
&amp#27;[38;5;32m[AndroidUiautomator2Driver@cb04 (a84025fa)]&amp#27;[0m io.appium.settings is already running. There is no need to reset its permissions.
&amp#27;[38;5;80m[Logcat]&amp#27;[0m Starting logs capture with command: /Users/minsung/Library/Android/sdk/platform-tools/adb -P 5037 -s emulator-5554 logcat -v threadtime
&amp#27;[38;5;32m[AndroidUiautomator2Driver@cb04 (a84025fa)]&amp#27;[0m Forwarding UiAutomator2 Server port 6790 to local port 8209
&amp#27;[38;5;48m[ADB]&amp#27;[0m Forwarding system: 8209 to device: 6790
&amp#27;[38;5;48m[ADB]&amp#27;[0m Running '/Users/minsung/Library/Android/sdk/platform-tools/adb -P 5037 -s emulator-5554 forward tcp:8209 tcp:6790'
&amp#27;[38;5;48m[ADB]&amp#27;[0m Getting package info for 'io.appium.uiautomator2.server'
&amp#27;[38;5;48m[ADB]&amp#27;[0m Running '/Users/minsung/Library/Android/sdk/platform-tools/adb -P 5037 -s emulator-5554 shell dumpsys package io.appium.uiautomator2.server'
&amp#27;[38;5;48m[ADB]&amp#27;[0m Getting install status for io.appium.uiautomator2.server.test
&amp#27;[38;5;48m[ADB]&amp#27;[0m Checking app cert for //Users/minsung//eclipse-workspace//AppiumFramework//src//test//java//resources//theScore_24.8.0.apk
&amp#27;[38;5;48m[ADB]&amp#27;[0m Running '/Users/minsung/Library/Android/sdk/platform-tools/adb -P 5037 -s emulator-5554 shell cmd package list packages'
&amp#27;[38;5;48m[ADB]&amp#27;[0m Using 'apksigner.jar' from '/Users/minsung/Library/Android/sdk/build-tools/34.0.0/lib/apksigner.jar'
&amp#27;[38;5;48m[ADB]&amp#27;[0m Starting apksigner: /Library/Java/JavaVirtualMachines/jdk-11.jdk/Contents/Home/bin/java -Xmx1024M -Xss1m -jar /Users/minsung/Library/Android/sdk/build-tools/34.0.0/lib/apksigner.jar verify --print-certs //Users/minsung//eclipse-workspace//AppiumFramework//src//test//java//resources//theScore_24.8.0.apk
&amp#27;[38;5;48m[ADB]&amp#27;[0m 'io.appium.uiautomator2.server.test' is installed
&amp#27;[38;5;48m[ADB]&amp#27;[0m The version name of the installed 'io.appium.uiautomator2.server' is greater or equal to the application version name ('7.0.5' >= '7.0.5')
&amp#27;[38;5;32m[AndroidUiautomator2Driver@cb04 (a84025fa)]&amp#27;[0m Server packages status: [{"installState":"sameVersionInstalled","appPath":"/Users/minsung/node_modules/appium-uiautomator2-driver/node_modules/appium-uiautomator2-server/apks/appium-uiautomator2-server-v7.0.5.apk","appId":"io.appium.uiautomator2.server"},{"installState":"sameVersionInstalled","appPath":"/Users/minsung/node_modules/appium-uiautomator2-driver/node_modules/appium-uiautomator2-server/apks/appium-uiautomator2-server-debug-androidTest.apk","appId":"io.appium.uiautomator2.server.test"}]
&amp#27;[38;5;32m[AndroidUiautomator2Driver@cb04 (a84025fa)]&amp#27;[0m Server packages are not going to be (re)installed
&amp#27;[38;5;32m[AndroidUiautomator2Driver@cb04 (a84025fa)]&amp#27;[0m Waiting up to 30000ms for services to be available
&amp#27;[38;5;48m[ADB]&amp#27;[0m Running '/Users/minsung/Library/Android/sdk/platform-tools/adb -P 5037 -s emulator-5554 shell pm list instrumentation'
&amp#27;[38;5;32m[AndroidUiautomator2Driver@cb04 (a84025fa)]&amp#27;[0m Instrumentation target 'io.appium.uiautomator2.server.test/androidx.test.runner.AndroidJUnitRunner' is available
&amp#27;[38;5;48m[ADB]&amp#27;[0m Adding packages ["io.appium.settings","io.appium.uiautomator2.server","io.appium.uiautomator2.server.test"] to Doze whitelist
&amp#27;[38;5;48m[ADB]&amp#27;[0m Got the following command chunks to execute: [["dumpsys","deviceidle","whitelist","+io.appium.settings",";","dumpsys","deviceidle","whitelist","+io.appium.uiautomator2.server",";","dumpsys","deviceidle","whitelist","+io.appium.uiautomator2.server.test",";"]]
&amp#27;[38;5;48m[ADB]&amp#27;[0m Running '/Users/minsung/Library/Android/sdk/platform-tools/adb -P 5037 -s emulator-5554 shell dumpsys deviceidle whitelist +io.appium.settings ; dumpsys deviceidle whitelist +io.appium.uiautomator2.server ; dumpsys deviceidle whitelist +io.appium.uiautomator2.server.test ;'
&amp#27;[38;5;48m[ADB]&amp#27;[0m apksigner stdout: Signer #1 certificate DN: CN=ScoreMobile, OU=ScoreMobile, O=Score, L=Toronto, ST=Ontario, C=CA
&amp#27;[38;5;48m[ADB]&amp#27;[0m Signer #1 certificate SHA-256 digest: 63a9d0d23a8c11b3828bbb9b208ccc893473385be13c1cd8b6d135c8cc0cb88e
&amp#27;[38;5;48m[ADB]&amp#27;[0m Signer #1 certificate SHA-1 digest: d22331e99824521955c733da11b15daabbb7b2d5
&amp#27;[38;5;48m[ADB]&amp#27;[0m Signer #1 certificate MD5 digest: a5556680c4c0d968c21888f672406656
&amp#27;[38;5;48m[ADB]&amp#27;[0m Source Stamp Signer certificate DN: CN=Android, OU=Android, O=Google Inc., L=Mountain View, ST=California, C=US
&amp#27;[38;5;48m[ADB]&amp#27;[0m Source Stamp Signer certificate SHA-256 digest: 3257d599a49d2c961a471ca9843f59d341a405884583fc087df4237b733bbd6d
&amp#27;[38;5;48m[ADB]&amp#27;[0m Source Stamp Signer certificate SHA-1 digest: b1af3a0bf998aeede1a8716a539e5a59da1d86d6
&amp#27;[38;5;48m[ADB]&amp#27;[0m Source Stamp Signer certificate MD5 digest: 577b8a9fbc7e308321aec6411169d2fb
&amp#27;[38;5;48m[ADB]&amp#27;[0m 
&amp#27;[38;5;48m[ADB]&amp#27;[0m '//Users/minsung//eclipse-workspace//AppiumFramework//src//test//java//resources//theScore_24.8.0.apk' is signed with a non-default certificate
&amp#27;[38;5;48m[ADB]&amp#27;[0m Uninstalling com.fivemobile.thescore
&amp#27;[38;5;48m[ADB]&amp#27;[0m Getting install status for com.fivemobile.thescore
&amp#27;[38;5;48m[ADB]&amp#27;[0m Running '/Users/minsung/Library/Android/sdk/platform-tools/adb -P 5037 -s emulator-5554 shell cmd package list packages'
&amp#27;[38;5;48m[ADB]&amp#27;[0m 'com.fivemobile.thescore' is not installed
&amp#27;[38;5;48m[ADB]&amp#27;[0m com.fivemobile.thescore was not uninstalled, because it was not present on the device
&amp#27;[38;5;48m[ADB]&amp#27;[0m Getting install status for com.fivemobile.thescore
&amp#27;[38;5;48m[ADB]&amp#27;[0m Running '/Users/minsung/Library/Android/sdk/platform-tools/adb -P 5037 -s emulator-5554 shell cmd package list packages'
&amp#27;[38;5;48m[ADB]&amp#27;[0m 'com.fivemobile.thescore' is not installed
&amp#27;[38;5;32m[AndroidUiautomator2Driver@cb04 (a84025fa)]&amp#27;[0m Running full reset on 'com.fivemobile.thescore' (reinstall)
&amp#27;[38;5;48m[ADB]&amp#27;[0m Running '/Users/minsung/Library/Android/sdk/platform-tools/adb -P 5037 -s emulator-5554 help'
&amp#27;[38;5;48m[ADB]&amp#27;[0m Running '/Users/minsung/Library/Android/sdk/platform-tools/adb -P 5037 -s emulator-5554 features'
&amp#27;[38;5;48m[ADB]&amp#27;[0m The application at '//Users/minsung//eclipse-workspace//AppiumFramework//src//test//java//resources//theScore_24.8.0.apk' will not be cached, because the device under test has confirmed the support of streamed installs
&amp#27;[38;5;48m[ADB]&amp#27;[0m Running '/Users/minsung/Library/Android/sdk/platform-tools/adb -P 5037 -s emulator-5554 install -r //Users/minsung//eclipse-workspace//AppiumFramework//src//test//java//resources//theScore_24.8.0.apk'
&amp#27;[38;5;48m[ADB]&amp#27;[0m The installation of 'theScore_24.8.0.apk' took 7593ms
&amp#27;[38;5;48m[ADB]&amp#27;[0m Install command stdout: Performing Streamed Install
&amp#27;[38;5;48m[ADB]&amp#27;[0m Success
&amp#27;[38;5;32m[AndroidUiautomator2Driver@cb04 (a84025fa)]&amp#27;[0m Performing shallow cleanup of automation leftovers
&amp#27;[38;5;32m[AndroidUiautomator2Driver@cb04 (a84025fa)]&amp#27;[0m No obsolete sessions have been detected (socket hang up)
&amp#27;[38;5;48m[ADB]&amp#27;[0m Running '/Users/minsung/Library/Android/sdk/platform-tools/adb -P 5037 -s emulator-5554 shell am force-stop io.appium.uiautomator2.server.test'
&amp#27;[38;5;32m[AndroidUiautomator2Driver@cb04 (a84025fa)]&amp#27;[0m Starting UIAutomator2 server 7.0.5
&amp#27;[38;5;32m[AndroidUiautomator2Driver@cb04 (a84025fa)]&amp#27;[0m Using UIAutomator2 server from '/Users/minsung/node_modules/appium-uiautomator2-driver/node_modules/appium-uiautomator2-server/apks/appium-uiautomator2-server-v7.0.5.apk' and test from '/Users/minsung/node_modules/appium-uiautomator2-driver/node_modules/appium-uiautomator2-server/apks/appium-uiautomator2-server-debug-androidTest.apk'
&amp#27;[38;5;32m[AndroidUiautomator2Driver@cb04 (a84025fa)]&amp#27;[0m Waiting up to 30000ms for UiAutomator2 to be online...
&amp#27;[38;5;48m[ADB]&amp#27;[0m Creating ADB subprocess with args: ["-P","5037","-s","emulator-5554","shell","am","instrument","-w","-e","disableAnalytics","true","io.appium.uiautomator2.server.test/androidx.test.runner.AndroidJUnitRunner"]
&amp#27;[38;5;32m[AndroidUiautomator2Driver@cb04 (a84025fa)]&amp#27;[0m Matched '/status' to command name 'getStatus'
&amp#27;[38;5;32m[AndroidUiautomator2Driver@cb04 (a84025fa)]&amp#27;[0m Proxying [GET /status] to [GET http://127.0.0.1:8209/status] with no body
&amp#27;[38;5;32m[AndroidUiautomator2Driver@cb04 (a84025fa)]&amp#27;[0m socket hang up
&amp#27;[38;5;32m[AndroidUiautomator2Driver@cb04 (a84025fa)]&amp#27;[0m Matched '/status' to command name 'getStatus'
&amp#27;[38;5;32m[AndroidUiautomator2Driver@cb04 (a84025fa)]&amp#27;[0m Proxying [GET /status] to [GET http://127.0.0.1:8209/status] with no body
&amp#27;[38;5;32m[AndroidUiautomator2Driver@cb04 (a84025fa)]&amp#27;[0m socket hang up
&amp#27;[38;5;32m[AndroidUiautomator2Driver@cb04 (a84025fa)]&amp#27;[0m Matched '/status' to command name 'getStatus'
&amp#27;[38;5;32m[AndroidUiautomator2Driver@cb04 (a84025fa)]&amp#27;[0m Proxying [GET /status] to [GET http://127.0.0.1:8209/status] with no body
&amp#27;[38;5;32m[AndroidUiautomator2Driver@cb04 (a84025fa)]&amp#27;[0m socket hang up
&amp#27;[38;5;32m[AndroidUiautomator2Driver@cb04 (a84025fa)]&amp#27;[0m Matched '/status' to command name 'getStatus'
&amp#27;[38;5;32m[AndroidUiautomator2Driver@cb04 (a84025fa)]&amp#27;[0m Proxying [GET /status] to [GET http://127.0.0.1:8209/status] with no body
&amp#27;[38;5;32m[AndroidUiautomator2Driver@cb04 (a84025fa)]&amp#27;[0m socket hang up
&amp#27;[38;5;96m[Instrumentation]&amp#27;[0m io.appium.uiautomator2.server.test.AppiumUiAutomator2Server:
&amp#27;[38;5;32m[AndroidUiautomator2Driver@cb04 (a84025fa)]&amp#27;[0m Matched '/status' to command name 'getStatus'
&amp#27;[38;5;32m[AndroidUiautomator2Driver@cb04 (a84025fa)]&amp#27;[0m Proxying [GET /status] to [GET http://127.0.0.1:8209/status] with no body
&amp#27;[38;5;32m[AndroidUiautomator2Driver@cb04 (a84025fa)]&amp#27;[0m socket hang up
&amp#27;[38;5;32m[AndroidUiautomator2Driver@cb04 (a84025fa)]&amp#27;[0m Matched '/status' to command name 'getStatus'
&amp#27;[38;5;32m[AndroidUiautomator2Driver@cb04 (a84025fa)]&amp#27;[0m Proxying [GET /status] to [GET http://127.0.0.1:8209/status] with no body
&amp#27;[38;5;32m[AndroidUiautomator2Driver@cb04 (a84025fa)]&amp#27;[0m Got response with status 200: {"sessionId":"None","value":{"message":"UiAutomator2 Server is ready to accept commands","ready":true}}
&amp#27;[38;5;32m[AndroidUiautomator2Driver@cb04 (a84025fa)]&amp#27;[0m The initialization of the instrumentation process took 5089ms
&amp#27;[38;5;32m[AndroidUiautomator2Driver@cb04 (a84025fa)]&amp#27;[0m Matched '/session' to command name 'createSession'
&amp#27;[38;5;32m[AndroidUiautomator2Driver@cb04 (a84025fa)]&amp#27;[0m Proxying [POST /session] to [POST http://127.0.0.1:8209/session] with body: {"capabilities":{"firstMatch":[{"platformName":"ANDROID","deviceName":"emulator-5554","automationName":"UIAutomator2","app":"//Users/minsung//eclipse-workspace//AppiumFramework//src//test//java//resources//theScore_24.8.0.apk","fullReset":true,"platform":"LINUX","webStorageEnabled":false,"takesScreenshot":true,"javascriptEnabled":true,"databaseEnabled":false,"networkConnectionEnabled":true,"locationContextEnabled":false,"warnings":{},"desired":{"platformName":"ANDROID","deviceName":"MinTestDevice","automationName":"UIAutomator2","app":"//Users/minsung//eclipse-workspace//AppiumFramework//src//test//java//resources//theScore_24.8.0.apk","fullReset":true},"deviceUDID":"emulator-5554","appPackage":"com.fivemobile.thescore"}],"alwaysMatch":{}}}
&amp#27;[38;5;32m[AndroidUiautomator2Driver@cb04 (a84025fa)]&amp#27;[0m Got response with status 200: {"sessionId":"e13e9c10-6759-487b-84e8-6054836a870e","value":{"capabilities":{"firstMatch":[{"platformName":"ANDROID","deviceName":"emulator-5554","automationName":"UIAutomator2","app":"//Users/minsung//eclipse-workspace//AppiumFramework//src//test//java//resources//theScore_24.8.0.apk","fullReset":true,"platform":"LINUX","webStorageEnabled":false,"takesScreenshot":true,"javascriptEnabled":true,"databaseEnabled":false,"networkConnectionEnabled":true,"locationContextEnabled":false,"warnings":{},"desired":{"platformName":"ANDROID","deviceName":"MinTestDevice","automationName":"UIAutomator2","app":"//Users/minsung//eclipse-workspace//AppiumFramework//src//test//java//resources//theScore_24.8.0.apk","fullReset":true},"deviceUDID":"emulator-5554","appPackage":"com.fivemobile.thescore"}],"alwaysMatch":{}},"sessionId":"e13e9c10-6759-487b-84e8-6054836a870e"}}
&amp#27;[38;5;32m[AndroidUiautomator2Driver@cb04 (a84025fa)]&amp#27;[0m Determined the downstream protocol as 'W3C'
&amp#27;[38;5;32m[AndroidUiautomator2Driver@cb04 (a84025fa)]&amp#27;[0m Proxying [GET /appium/device/pixel_ratio] to [GET http://127.0.0.1:8209/session/e13e9c10-6759-487b-84e8-6054836a870e/appium/device/pixel_ratio] with no body
&amp#27;[38;5;32m[AndroidUiautomator2Driver@cb04 (a84025fa)]&amp#27;[0m Matched '/appium/device/system_bars' to command name 'getSystemBars'
&amp#27;[38;5;32m[AndroidUiautomator2Driver@cb04 (a84025fa)]&amp#27;[0m Proxying [GET /appium/device/system_bars] to [GET http://127.0.0.1:8209/session/e13e9c10-6759-487b-84e8-6054836a870e/appium/device/system_bars] with no body
&amp#27;[38;5;32m[AndroidUiautomator2Driver@cb04 (a84025fa)]&amp#27;[0m Matched '/window/current/size' to command name 'getWindowSize'
&amp#27;[38;5;32m[AndroidUiautomator2Driver@cb04 (a84025fa)]&amp#27;[0m Proxying [GET /window/current/size] to [GET http://127.0.0.1:8209/session/e13e9c10-6759-487b-84e8-6054836a870e/window/current/size] with no body
&amp#27;[38;5;32m[AndroidUiautomator2Driver@cb04 (a84025fa)]&amp#27;[0m Proxying [GET /appium/device/info] to [GET http://127.0.0.1:8209/session/e13e9c10-6759-487b-84e8-6054836a870e/appium/device/info] with no body
&amp#27;[38;5;48m[ADB]&amp#27;[0m Running '/Users/minsung/Library/Android/sdk/platform-tools/adb -P 5037 -s emulator-5554 shell dumpsys window'
&amp#27;[38;5;32m[AndroidUiautomator2Driver@cb04 (a84025fa)]&amp#27;[0m Got response with status 200: {"sessionId":"e13e9c10-6759-487b-84e8-6054836a870e","value":3.5}
&amp#27;[38;5;32m[AndroidUiautomator2Driver@cb04 (a84025fa)]&amp#27;[0m Got response with status 200: {"sessionId":"e13e9c10-6759-487b-84e8-6054836a870e","value":{"statusBar":84}}
&amp#27;[38;5;32m[AndroidUiautomator2Driver@cb04 (a84025fa)]&amp#27;[0m Got response with status 200: {"sessionId":"e13e9c10-6759-487b-84e8-6054836a870e","value":{"height":3120,"width":1440}}
&amp#27;[38;5;32m[AndroidUiautomator2Driver@cb04 (a84025fa)]&amp#27;[0m Got response with status 200: {"sessionId":"e13e9c10-6759-487b-84e8-6054836a870e","value":{"androidId":"cf3cd289be43b2d3","apiVersion":"34","bluetooth":{"state":"ON"},"brand":"google","carrierName":"T-Mobile","displayDensity":560,"locale":"en_US","manufacturer":"Google","model":"sdk_gphone64_x86_64","networks":[{"capabilities":{"SSID":null,"linkDownBandwidthKbps":4300,"linkUpstreamBandwidthKbps":1800,"networkCapabilities":"NET_CAPABILITY_MMS,NET_CAPABILITY_SUPL,NET_CAPABILITY_DUN,NET_CAPABILITY_FOTA,NET_CAPABILITY_IMS,NET_CAPABILITY_CBS,NET_CAPABILITY_INTERNET,NET_CAPABILITY_NOT_RESTRICTED,NET_CAPABILITY_TRUSTED,NET_CAPABILITY_NOT_VPN,NET_CAPABILITY_VALIDATED,NET_CAPABILITY_NOT_ROAMING,NET_CAPABILITY_NOT_CONGESTED,NET_CAPABILITY_NOT_SUSPENDED","signalStrength":-2147483648,"transportTypes":"TRANSPORT_CELLULAR"},"detailedState":"CONNECTED","extraInfo":"epc.tmobile.com","isAvailable":true,"isConnected":true,"isFailover":false,"isRoaming":false,"state":"CONNECTED","subtype":10,"subtypeName":"HSPA","type":0,"typeName":"MOBILE"},{"capabiliti...
&amp#27;[38;5;32m[AndroidUiautomator2Driver@cb04 (a84025fa)]&amp#27;[0m Screen already unlocked, doing nothing
&amp#27;[38;5;32m[AndroidUiautomator2Driver@cb04 (a84025fa)]&amp#27;[0m Starting 'com.fivemobile.thescore/com.fivemobile.thescore.ui.MainActivity and waiting for 'com.fivemobile.thescore/com.fivemobile.thescore.ui.MainActivity'
&amp#27;[38;5;48m[ADB]&amp#27;[0m Running '/Users/minsung/Library/Android/sdk/platform-tools/adb -P 5037 -s emulator-5554 shell am start -W -n com.fivemobile.thescore/com.fivemobile.thescore.ui.MainActivity -S -a android.intent.action.MAIN -c android.intent.category.LAUNCHER -f 0x10200000'
&amp#27;[38;5;48m[ADB]&amp#27;[0m Waiting up to 20000ms for activity matching pkg: 'com.fivemobile.thescore' and activity: 'com.fivemobile.thescore.ui.MainActivity' to be focused
&amp#27;[38;5;48m[ADB]&amp#27;[0m Possible activities, to be checked: 'com.fivemobile.thescore.ui.MainActivity', 'com.fivemobile.thescore.com.fivemobile.thescore.ui.MainActivity'
&amp#27;[38;5;48m[ADB]&amp#27;[0m Getting focused package and activity
&amp#27;[38;5;48m[ADB]&amp#27;[0m Running '/Users/minsung/Library/Android/sdk/platform-tools/adb -P 5037 -s emulator-5554 shell dumpsys window displays'
&amp#27;[38;5;48m[ADB]&amp#27;[0m Found package: 'com.fivemobile.thescore' and fully qualified activity name : 'com.fivemobile.thescore.ui.MainActivity'
&amp#27;[38;5;16m[AppiumDriver@ddc6]&amp#27;[0m New AndroidUiautomator2Driver session created successfully, session a84025fa-87fd-4432-a89c-6e57f823ae73 added to master session list
&amp#27;[38;5;16m[AppiumDriver@ddc6]&amp#27;[0m Event 'newSessionStarted' logged at 1715021890002 (11:58:10 GMT-0700 (Pacific Daylight Time))
&amp#27;[38;5;32m[AndroidUiautomator2Driver@cb04 (a84025fa)]&amp#27;[0m Cached the protocol value 'W3C' for the new session a84025fa-87fd-4432-a89c-6e57f823ae73
&amp#27;[38;5;32m[AndroidUiautomator2Driver@cb04 (a84025fa)]&amp#27;[0m Responding to client with driver.createSession() result: {"capabilities":{"platformName":"ANDROID","deviceName":"emulator-5554","automationName":"UIAutomator2","app":"//Users/minsung//eclipse-workspace//AppiumFramework//src//test//java//resources//theScore_24.8.0.apk","fullReset":true,"platform":"LINUX","webStorageEnabled":false,"takesScreenshot":true,"javascriptEnabled":true,"databaseEnabled":false,"networkConnectionEnabled":true,"locationContextEnabled":false,"warnings":{},"desired":{"platformName":"ANDROID","deviceName":"MinTestDevice","automationName":"UIAutomator2","app":"//Users/minsung//eclipse-workspace//AppiumFramework//src//test//java//resources//theScore_24.8.0.apk","fullReset":true},"deviceUDID":"emulator-5554","appPackage":"com.fivemobile.thescore","pixelRatio":"3.5","statBarHeight":84,"viewportRect":{"left":0,"top":84,"width":1440,"height":3036},"deviceApiLevel":34,"platformVersion":"14","deviceManufacturer":"Google","deviceModel":"sdk_gphone64_x86_64","deviceScreenSize":"1440x3120","deviceScreenDensity":560}}
&amp#27;[38;5;0m[HTTP]&amp#27;[0m &amp#27;[37m<-- POST /session &amp#27;[39m&amp#27;[32m200&amp#27;[39m &amp#27;[90m18644 ms - 1043&amp#27;[39m
&amp#27;[38;5;0m[HTTP]&amp#27;[0m &amp#27;[90m&amp#27;[39m
&amp#27;[38;5;0m[HTTP]&amp#27;[0m &amp#27;[37m-->&amp#27;[39m &amp#27;[37mPOST&amp#27;[39m &amp#27;[37m/session/a84025fa-87fd-4432-a89c-6e57f823ae73/timeouts&amp#27;[39m
&amp#27;[38;5;0m[HTTP]&amp#27;[0m &amp#27;[90m{"implicit":10000}&amp#27;[39m
&amp#27;[38;5;32m[AndroidUiautomator2Driver@cb04 (a84025fa)]&amp#27;[0m Calling AppiumDriver.timeouts() with args: [null,null,null,null,10000,"a84025fa-87fd-4432-a89c-6e57f823ae73"]
&amp#27;[38;5;32m[AndroidUiautomator2Driver@cb04 (a84025fa)]&amp#27;[0m W3C timeout argument: {"implicit":10000}}
&amp#27;[38;5;32m[AndroidUiautomator2Driver@cb04 (a84025fa)]&amp#27;[0m Set implicit wait to 10000ms
&amp#27;[38;5;32m[AndroidUiautomator2Driver@cb04 (a84025fa)]&amp#27;[0m Responding to client with driver.timeouts() result: null
&amp#27;[38;5;0m[HTTP]&amp#27;[0m &amp#27;[37m<-- POST /session/a84025fa-87fd-4432-a89c-6e57f823ae73/timeouts &amp#27;[39m&amp#27;[32m200&amp#27;[39m &amp#27;[90m3 ms - 14&amp#27;[39m
&amp#27;[38;5;0m[HTTP]&amp#27;[0m &amp#27;[90m&amp#27;[39m
&amp#27;[38;5;0m[HTTP]&amp#27;[0m &amp#27;[37m-->&amp#27;[39m &amp#27;[37mGET&amp#27;[39m &amp#27;[37m/session/a84025fa-87fd-4432-a89c-6e57f823ae73/context&amp#27;[39m
&amp#27;[38;5;0m[HTTP]&amp#27;[0m &amp#27;[90m{}&amp#27;[39m
&amp#27;[38;5;32m[AndroidUiautomator2Driver@cb04 (a84025fa)]&amp#27;[0m Calling AppiumDriver.getCurrentContext() with args: ["a84025fa-87fd-4432-a89c-6e57f823ae73"]
&amp#27;[38;5;32m[AndroidUiautomator2Driver@cb04 (a84025fa)]&amp#27;[0m Responding to client with driver.getCurrentContext() result: "NATIVE_APP"
&amp#27;[38;5;0m[HTTP]&amp#27;[0m &amp#27;[37m<-- GET /session/a84025fa-87fd-4432-a89c-6e57f823ae73/context &amp#27;[39m&amp#27;[32m200&amp#27;[39m &amp#27;[90m4 ms - 22&amp#27;[39m
&amp#27;[38;5;0m[HTTP]&amp#27;[0m &amp#27;[90m&amp#27;[39m
&amp#27;[38;5;0m[HTTP]&amp#27;[0m &amp#27;[37m-->&amp#27;[39m &amp#27;[37mPOST&amp#27;[39m &amp#27;[37m/session/a84025fa-87fd-4432-a89c-6e57f823ae73/element&amp#27;[39m
&amp#27;[38;5;0m[HTTP]&amp#27;[0m &amp#27;[90m{"value":"com.fivemobile.thescore:id/btn_primary","using":"id"}&amp#27;[39m
&amp#27;[38;5;32m[AndroidUiautomator2Driver@cb04 (a84025fa)]&amp#27;[0m Calling AppiumDriver.findElement() with args: ["id","com.fivemobile.thescore:id/btn_primary","a84025fa-87fd-4432-a89c-6e57f823ae73"]
&amp#27;[38;5;32m[AndroidUiautomator2Driver@cb04 (a84025fa)]&amp#27;[0m Valid locator strategies for this request: xpath, id, class name, accessibility id, css selector, -android uiautomator
&amp#27;[38;5;32m[AndroidUiautomator2Driver@cb04 (a84025fa)]&amp#27;[0m Waiting up to 10000 ms for condition
&amp#27;[38;5;32m[AndroidUiautomator2Driver@cb04 (a84025fa)]&amp#27;[0m Matched '/element' to command name 'findElement'
&amp#27;[38;5;32m[AndroidUiautomator2Driver@cb04 (a84025fa)]&amp#27;[0m Proxying [POST /element] to [POST http://127.0.0.1:8209/session/e13e9c10-6759-487b-84e8-6054836a870e/element] with body: {"strategy":"id","selector":"com.fivemobile.thescore:id/btn_primary","context":"","multiple":false}
&amp#27;[38;5;32m[AndroidUiautomator2Driver@cb04 (a84025fa)]&amp#27;[0m Got response with status 200: {"sessionId":"e13e9c10-6759-487b-84e8-6054836a870e","value":{"ELEMENT":"00000000-0000-0464-ffff-ffff00000087","element-6066-11e4-a52e-4f735466cecf":"00000000-0000-0464-ffff-ffff00000087"}}
&amp#27;[38;5;32m[AndroidUiautomator2Driver@cb04 (a84025fa)]&amp#27;[0m Responding to client with driver.findElement() result: {"element-6066-11e4-a52e-4f735466cecf":"00000000-0000-0464-ffff-ffff00000087","ELEMENT":"00000000-0000-0464-ffff-ffff00000087"}
&amp#27;[38;5;0m[HTTP]&amp#27;[0m &amp#27;[37m<-- POST /session/a84025fa-87fd-4432-a89c-6e57f823ae73/element &amp#27;[39m&amp#27;[32m200&amp#27;[39m &amp#27;[90m1279 ms - 137&amp#27;[39m
&amp#27;[38;5;0m[HTTP]&amp#27;[0m &amp#27;[90m&amp#27;[39m
&amp#27;[38;5;0m[HTTP]&amp#27;[0m &amp#27;[37m-->&amp#27;[39m &amp#27;[37mPOST&amp#27;[39m &amp#27;[37m/session/a84025fa-87fd-4432-a89c-6e57f823ae73/element/00000000-0000-0464-ffff-ffff00000087/click&amp#27;[39m
&amp#27;[38;5;0m[HTTP]&amp#27;[0m &amp#27;[90m{"id":"00000000-0000-0464-ffff-ffff00000087"}&amp#27;[39m
&amp#27;[38;5;32m[AndroidUiautomator2Driver@cb04 (a84025fa)]&amp#27;[0m Calling AppiumDriver.click() with args: ["00000000-0000-0464-ffff-ffff00000087","a84025fa-87fd-4432-a89c-6e57f823ae73"]
&amp#27;[38;5;32m[AndroidUiautomator2Driver@cb04 (a84025fa)]&amp#27;[0m Matched '/element/00000000-0000-0464-ffff-ffff00000087/click' to command name 'click'
&amp#27;[38;5;32m[AndroidUiautomator2Driver@cb04 (a84025fa)]&amp#27;[0m Proxying [POST /element/00000000-0000-0464-ffff-ffff00000087/click] to [POST http://127.0.0.1:8209/session/e13e9c10-6759-487b-84e8-6054836a870e/element/00000000-0000-0464-ffff-ffff00000087/click] with body: {"element":"00000000-0000-0464-ffff-ffff00000087"}
&amp#27;[38;5;32m[AndroidUiautomator2Driver@cb04 (a84025fa)]&amp#27;[0m Got response with status 200: {"sessionId":"e13e9c10-6759-487b-84e8-6054836a870e","value":null}
&amp#27;[38;5;32m[AndroidUiautomator2Driver@cb04 (a84025fa)]&amp#27;[0m Responding to client with driver.click() result: null
&amp#27;[38;5;0m[HTTP]&amp#27;[0m &amp#27;[37m<-- POST /session/a84025fa-87fd-4432-a89c-6e57f823ae73/element/00000000-0000-0464-ffff-ffff00000087/click &amp#27;[39m&amp#27;[32m200&amp#27;[39m &amp#27;[90m1375 ms - 14&amp#27;[39m
&amp#27;[38;5;0m[HTTP]&amp#27;[0m &amp#27;[90m&amp#27;[39m
&amp#27;[38;5;0m[HTTP]&amp#27;[0m &amp#27;[37m-->&amp#27;[39m &amp#27;[37mGET&amp#27;[39m &amp#27;[37m/session/a84025fa-87fd-4432-a89c-6e57f823ae73/context&amp#27;[39m
&amp#27;[38;5;0m[HTTP]&amp#27;[0m &amp#27;[90m{}&amp#27;[39m
&amp#27;[38;5;32m[AndroidUiautomator2Driver@cb04 (a84025fa)]&amp#27;[0m Calling AppiumDriver.getCurrentContext() with args: ["a84025fa-87fd-4432-a89c-6e57f823ae73"]
&amp#27;[38;5;32m[AndroidUiautomator2Driver@cb04 (a84025fa)]&amp#27;[0m Responding to client with driver.getCurrentContext() result: "NATIVE_APP"
&amp#27;[38;5;0m[HTTP]&amp#27;[0m &amp#27;[37m<-- GET /session/a84025fa-87fd-4432-a89c-6e57f823ae73/context &amp#27;[39m&amp#27;[32m200&amp#27;[39m &amp#27;[90m2 ms - 22&amp#27;[39m
&amp#27;[38;5;0m[HTTP]&amp#27;[0m &amp#27;[90m&amp#27;[39m
&amp#27;[38;5;0m[HTTP]&amp#27;[0m &amp#27;[37m-->&amp#27;[39m &amp#27;[37mPOST&amp#27;[39m &amp#27;[37m/session/a84025fa-87fd-4432-a89c-6e57f823ae73/element&amp#27;[39m
&amp#27;[38;5;0m[HTTP]&amp#27;[0m &amp#27;[90m{"value":"com.fivemobile.thescore:id/accept_button","using":"id"}&amp#27;[39m
&amp#27;[38;5;32m[AndroidUiautomator2Driver@cb04 (a84025fa)]&amp#27;[0m Calling AppiumDriver.findElement() with args: ["id","com.fivemobile.thescore:id/accept_button","a84025fa-87fd-4432-a89c-6e57f823ae73"]
&amp#27;[38;5;32m[AndroidUiautomator2Driver@cb04 (a84025fa)]&amp#27;[0m Valid locator strategies for this request: xpath, id, class name, accessibility id, css selector, -android uiautomator
&amp#27;[38;5;32m[AndroidUiautomator2Driver@cb04 (a84025fa)]&amp#27;[0m Waiting up to 10000 ms for condition
&amp#27;[38;5;32m[AndroidUiautomator2Driver@cb04 (a84025fa)]&amp#27;[0m Matched '/element' to command name 'findElement'
&amp#27;[38;5;32m[AndroidUiautomator2Driver@cb04 (a84025fa)]&amp#27;[0m Proxying [POST /element] to [POST http://127.0.0.1:8209/session/e13e9c10-6759-487b-84e8-6054836a870e/element] with body: {"strategy":"id","selector":"com.fivemobile.thescore:id/accept_button","context":"","multiple":false}
&amp#27;[38;5;32m[AndroidUiautomator2Driver@cb04 (a84025fa)]&amp#27;[0m Got response with status 200: {"sessionId":"e13e9c10-6759-487b-84e8-6054836a870e","value":{"ELEMENT":"00000000-0000-0464-ffff-ffff00000112","element-6066-11e4-a52e-4f735466cecf":"00000000-0000-0464-ffff-ffff00000112"}}
&amp#27;[38;5;32m[AndroidUiautomator2Driver@cb04 (a84025fa)]&amp#27;[0m Responding to client with driver.findElement() result: {"element-6066-11e4-a52e-4f735466cecf":"00000000-0000-0464-ffff-ffff00000112","ELEMENT":"00000000-0000-0464-ffff-ffff00000112"}
&amp#27;[38;5;0m[HTTP]&amp#27;[0m &amp#27;[37m<-- POST /session/a84025fa-87fd-4432-a89c-6e57f823ae73/element &amp#27;[39m&amp#27;[32m200&amp#27;[39m &amp#27;[90m734 ms - 137&amp#27;[39m
&amp#27;[38;5;0m[HTTP]&amp#27;[0m &amp#27;[90m&amp#27;[39m
&amp#27;[38;5;0m[HTTP]&amp#27;[0m &amp#27;[37m-->&amp#27;[39m &amp#27;[37mPOST&amp#27;[39m &amp#27;[37m/session/a84025fa-87fd-4432-a89c-6e57f823ae73/element/00000000-0000-0464-ffff-ffff00000112/click&amp#27;[39m
&amp#27;[38;5;0m[HTTP]&amp#27;[0m &amp#27;[90m{"id":"00000000-0000-0464-ffff-ffff00000112"}&amp#27;[39m
&amp#27;[38;5;32m[AndroidUiautomator2Driver@cb04 (a84025fa)]&amp#27;[0m Calling AppiumDriver.click() with args: ["00000000-0000-0464-ffff-ffff00000112","a84025fa-87fd-4432-a89c-6e57f823ae73"]
&amp#27;[38;5;32m[AndroidUiautomator2Driver@cb04 (a84025fa)]&amp#27;[0m Matched '/element/00000000-0000-0464-ffff-ffff00000112/click' to command name 'click'
&amp#27;[38;5;32m[AndroidUiautomator2Driver@cb04 (a84025fa)]&amp#27;[0m Proxying [POST /element/00000000-0000-0464-ffff-ffff00000112/click] to [POST http://127.0.0.1:8209/session/e13e9c10-6759-487b-84e8-6054836a870e/element/00000000-0000-0464-ffff-ffff00000112/click] with body: {"element":"00000000-0000-0464-ffff-ffff00000112"}
&amp#27;[38;5;32m[AndroidUiautomator2Driver@cb04 (a84025fa)]&amp#27;[0m Got response with status 200: {"sessionId":"e13e9c10-6759-487b-84e8-6054836a870e","value":null}
&amp#27;[38;5;32m[AndroidUiautomator2Driver@cb04 (a84025fa)]&amp#27;[0m Responding to client with driver.click() result: null
&amp#27;[38;5;0m[HTTP]&amp#27;[0m &amp#27;[37m<-- POST /session/a84025fa-87fd-4432-a89c-6e57f823ae73/element/00000000-0000-0464-ffff-ffff00000112/click &amp#27;[39m&amp#27;[32m200&amp#27;[39m &amp#27;[90m1423 ms - 14&amp#27;[39m
&amp#27;[38;5;0m[HTTP]&amp#27;[0m &amp#27;[90m&amp#27;[39m
&amp#27;[38;5;0m[HTTP]&amp#27;[0m &amp#27;[37m-->&amp#27;[39m &amp#27;[37mGET&amp#27;[39m &amp#27;[37m/session/a84025fa-87fd-4432-a89c-6e57f823ae73/context&amp#27;[39m
&amp#27;[38;5;0m[HTTP]&amp#27;[0m &amp#27;[90m{}&amp#27;[39m
&amp#27;[38;5;32m[AndroidUiautomator2Driver@cb04 (a84025fa)]&amp#27;[0m Calling AppiumDriver.getCurrentContext() with args: ["a84025fa-87fd-4432-a89c-6e57f823ae73"]
&amp#27;[38;5;32m[AndroidUiautomator2Driver@cb04 (a84025fa)]&amp#27;[0m Responding to client with driver.getCurrentContext() result: "NATIVE_APP"
&amp#27;[38;5;0m[HTTP]&amp#27;[0m &amp#27;[37m<-- GET /session/a84025fa-87fd-4432-a89c-6e57f823ae73/context &amp#27;[39m&amp#27;[32m200&amp#27;[39m &amp#27;[90m1 ms - 22&amp#27;[39m
&amp#27;[38;5;0m[HTTP]&amp#27;[0m &amp#27;[90m&amp#27;[39m
&amp#27;[38;5;0m[HTTP]&amp#27;[0m &amp#27;[37m-->&amp#27;[39m &amp#27;[37mPOST&amp#27;[39m &amp#27;[37m/session/a84025fa-87fd-4432-a89c-6e57f823ae73/element&amp#27;[39m
&amp#27;[38;5;0m[HTTP]&amp#27;[0m &amp#27;[90m{"value":"com.fivemobile.thescore:id/btn_primary","using":"id"}&amp#27;[39m
&amp#27;[38;5;32m[AndroidUiautomator2Driver@cb04 (a84025fa)]&amp#27;[0m Calling AppiumDriver.findElement() with args: ["id","com.fivemobile.thescore:id/btn_primary","a84025fa-87fd-4432-a89c-6e57f823ae73"]
&amp#27;[38;5;32m[AndroidUiautomator2Driver@cb04 (a84025fa)]&amp#27;[0m Valid locator strategies for this request: xpath, id, class name, accessibility id, css selector, -android uiautomator
&amp#27;[38;5;32m[AndroidUiautomator2Driver@cb04 (a84025fa)]&amp#27;[0m Waiting up to 10000 ms for condition
&amp#27;[38;5;32m[AndroidUiautomator2Driver@cb04 (a84025fa)]&amp#27;[0m Matched '/element' to command name 'findElement'
&amp#27;[38;5;32m[AndroidUiautomator2Driver@cb04 (a84025fa)]&amp#27;[0m Proxying [POST /element] to [POST http://127.0.0.1:8209/session/e13e9c10-6759-487b-84e8-6054836a870e/element] with body: {"strategy":"id","selector":"com.fivemobile.thescore:id/btn_primary","context":"","multiple":false}
&amp#27;[38;5;32m[AndroidUiautomator2Driver@cb04 (a84025fa)]&amp#27;[0m Got response with status 200: {"sessionId":"e13e9c10-6759-487b-84e8-6054836a870e","value":{"ELEMENT":"00000000-0000-0464-ffff-ffff00000155","element-6066-11e4-a52e-4f735466cecf":"00000000-0000-0464-ffff-ffff00000155"}}
&amp#27;[38;5;32m[AndroidUiautomator2Driver@cb04 (a84025fa)]&amp#27;[0m Responding to client with driver.findElement() result: {"element-6066-11e4-a52e-4f735466cecf":"00000000-0000-0464-ffff-ffff00000155","ELEMENT":"00000000-0000-0464-ffff-ffff00000155"}
&amp#27;[38;5;0m[HTTP]&amp#27;[0m &amp#27;[37m<-- POST /session/a84025fa-87fd-4432-a89c-6e57f823ae73/element &amp#27;[39m&amp#27;[32m200&amp#27;[39m &amp#27;[90m37 ms - 137&amp#27;[39m
&amp#27;[38;5;0m[HTTP]&amp#27;[0m &amp#27;[90m&amp#27;[39m
&amp#27;[38;5;0m[HTTP]&amp#27;[0m &amp#27;[37m-->&amp#27;[39m &amp#27;[37mPOST&amp#27;[39m &amp#27;[37m/session/a84025fa-87fd-4432-a89c-6e57f823ae73/element/00000000-0000-0464-ffff-ffff00000155/click&amp#27;[39m
&amp#27;[38;5;0m[HTTP]&amp#27;[0m &amp#27;[90m{"id":"00000000-0000-0464-ffff-ffff00000155"}&amp#27;[39m
&amp#27;[38;5;32m[AndroidUiautomator2Driver@cb04 (a84025fa)]&amp#27;[0m Calling AppiumDriver.click() with args: ["00000000-0000-0464-ffff-ffff00000155","a84025fa-87fd-4432-a89c-6e57f823ae73"]
&amp#27;[38;5;32m[AndroidUiautomator2Driver@cb04 (a84025fa)]&amp#27;[0m Matched '/element/00000000-0000-0464-ffff-ffff00000155/click' to command name 'click'
&amp#27;[38;5;32m[AndroidUiautomator2Driver@cb04 (a84025fa)]&amp#27;[0m Proxying [POST /element/00000000-0000-0464-ffff-ffff00000155/click] to [POST http://127.0.0.1:8209/session/e13e9c10-6759-487b-84e8-6054836a870e/element/00000000-0000-0464-ffff-ffff00000155/click] with body: {"element":"00000000-0000-0464-ffff-ffff00000155"}
&amp#27;[38;5;32m[AndroidUiautomator2Driver@cb04 (a84025fa)]&amp#27;[0m Got response with status 200: {"sessionId":"e13e9c10-6759-487b-84e8-6054836a870e","value":null}
&amp#27;[38;5;32m[AndroidUiautomator2Driver@cb04 (a84025fa)]&amp#27;[0m Responding to client with driver.click() result: null
&amp#27;[38;5;0m[HTTP]&amp#27;[0m &amp#27;[37m<-- POST /session/a84025fa-87fd-4432-a89c-6e57f823ae73/element/00000000-0000-0464-ffff-ffff00000155/click &amp#27;[39m&amp#27;[32m200&amp#27;[39m &amp#27;[90m162 ms - 14&amp#27;[39m
&amp#27;[38;5;0m[HTTP]&amp#27;[0m &amp#27;[90m&amp#27;[39m
&amp#27;[38;5;0m[HTTP]&amp#27;[0m &amp#27;[37m-->&amp#27;[39m &amp#27;[37mGET&amp#27;[39m &amp#27;[37m/session/a84025fa-87fd-4432-a89c-6e57f823ae73/context&amp#27;[39m
&amp#27;[38;5;0m[HTTP]&amp#27;[0m &amp#27;[90m{}&amp#27;[39m
&amp#27;[38;5;32m[AndroidUiautomator2Driver@cb04 (a84025fa)]&amp#27;[0m Calling AppiumDriver.getCurrentContext() with args: ["a84025fa-87fd-4432-a89c-6e57f823ae73"]
&amp#27;[38;5;32m[AndroidUiautomator2Driver@cb04 (a84025fa)]&amp#27;[0m Responding to client with driver.getCurrentContext() result: "NATIVE_APP"
&amp#27;[38;5;0m[HTTP]&amp#27;[0m &amp#27;[37m<-- GET /session/a84025fa-87fd-4432-a89c-6e57f823ae73/context &amp#27;[39m&amp#27;[32m200&amp#27;[39m &amp#27;[90m1 ms - 22&amp#27;[39m
&amp#27;[38;5;0m[HTTP]&amp#27;[0m &amp#27;[90m&amp#27;[39m
&amp#27;[38;5;0m[HTTP]&amp#27;[0m &amp#27;[37m-->&amp#27;[39m &amp#27;[37mPOST&amp#27;[39m &amp#27;[37m/session/a84025fa-87fd-4432-a89c-6e57f823ae73/element&amp#27;[39m
&amp#27;[38;5;0m[HTTP]&amp#27;[0m &amp#27;[90m{"value":"com.fivemobile.thescore:id/action_button_text","using":"id"}&amp#27;[39m
&amp#27;[38;5;32m[AndroidUiautomator2Driver@cb04 (a84025fa)]&amp#27;[0m Calling AppiumDriver.findElement() with args: ["id","com.fivemobile.thescore:id/action_button_text","a84025fa-87fd-4432-a89c-6e57f823ae73"]
&amp#27;[38;5;32m[AndroidUiautomator2Driver@cb04 (a84025fa)]&amp#27;[0m Valid locator strategies for this request: xpath, id, class name, accessibility id, css selector, -android uiautomator
&amp#27;[38;5;32m[AndroidUiautomator2Driver@cb04 (a84025fa)]&amp#27;[0m Waiting up to 10000 ms for condition
&amp#27;[38;5;32m[AndroidUiautomator2Driver@cb04 (a84025fa)]&amp#27;[0m Matched '/element' to command name 'findElement'
&amp#27;[38;5;32m[AndroidUiautomator2Driver@cb04 (a84025fa)]&amp#27;[0m Proxying [POST /element] to [POST http://127.0.0.1:8209/session/e13e9c10-6759-487b-84e8-6054836a870e/element] with body: {"strategy":"id","selector":"com.fivemobile.thescore:id/action_button_text","context":"","multiple":false}
&amp#27;[38;5;32m[AndroidUiautomator2Driver@cb04 (a84025fa)]&amp#27;[0m Got response with status 200: {"sessionId":"e13e9c10-6759-487b-84e8-6054836a870e","value":{"ELEMENT":"00000000-0000-0464-ffff-ffff00000156","element-6066-11e4-a52e-4f735466cecf":"00000000-0000-0464-ffff-ffff00000156"}}
&amp#27;[38;5;32m[AndroidUiautomator2Driver@cb04 (a84025fa)]&amp#27;[0m Responding to client with driver.findElement() result: {"element-6066-11e4-a52e-4f735466cecf":"00000000-0000-0464-ffff-ffff00000156","ELEMENT":"00000000-0000-0464-ffff-ffff00000156"}
&amp#27;[38;5;0m[HTTP]&amp#27;[0m &amp#27;[37m<-- POST /session/a84025fa-87fd-4432-a89c-6e57f823ae73/element &amp#27;[39m&amp#27;[32m200&amp#27;[39m &amp#27;[90m2397 ms - 137&amp#27;[39m
&amp#27;[38;5;0m[HTTP]&amp#27;[0m &amp#27;[90m&amp#27;[39m
&amp#27;[38;5;0m[HTTP]&amp#27;[0m &amp#27;[37m-->&amp#27;[39m &amp#27;[37mPOST&amp#27;[39m &amp#27;[37m/session/a84025fa-87fd-4432-a89c-6e57f823ae73/element/00000000-0000-0464-ffff-ffff00000156/click&amp#27;[39m
&amp#27;[38;5;0m[HTTP]&amp#27;[0m &amp#27;[90m{"id":"00000000-0000-0464-ffff-ffff00000156"}&amp#27;[39m
&amp#27;[38;5;32m[AndroidUiautomator2Driver@cb04 (a84025fa)]&amp#27;[0m Calling AppiumDriver.click() with args: ["00000000-0000-0464-ffff-ffff00000156","a84025fa-87fd-4432-a89c-6e57f823ae73"]
&amp#27;[38;5;32m[AndroidUiautomator2Driver@cb04 (a84025fa)]&amp#27;[0m Matched '/element/00000000-0000-0464-ffff-ffff00000156/click' to command name 'click'
&amp#27;[38;5;32m[AndroidUiautomator2Driver@cb04 (a84025fa)]&amp#27;[0m Proxying [POST /element/00000000-0000-0464-ffff-ffff00000156/click] to [POST http://127.0.0.1:8209/session/e13e9c10-6759-487b-84e8-6054836a870e/element/00000000-0000-0464-ffff-ffff00000156/click] with body: {"element":"00000000-0000-0464-ffff-ffff00000156"}
&amp#27;[38;5;32m[AndroidUiautomator2Driver@cb04 (a84025fa)]&amp#27;[0m Got response with status 200: {"sessionId":"e13e9c10-6759-487b-84e8-6054836a870e","value":null}
&amp#27;[38;5;32m[AndroidUiautomator2Driver@cb04 (a84025fa)]&amp#27;[0m Responding to client with driver.click() result: null
&amp#27;[38;5;0m[HTTP]&amp#27;[0m &amp#27;[37m<-- POST /session/a84025fa-87fd-4432-a89c-6e57f823ae73/element/00000000-0000-0464-ffff-ffff00000156/click &amp#27;[39m&amp#27;[32m200&amp#27;[39m &amp#27;[90m57 ms - 14&amp#27;[39m
&amp#27;[38;5;0m[HTTP]&amp#27;[0m &amp#27;[90m&amp#27;[39m
&amp#27;[38;5;0m[HTTP]&amp#27;[0m &amp#27;[37m-->&amp#27;[39m &amp#27;[37mGET&amp#27;[39m &amp#27;[37m/session/a84025fa-87fd-4432-a89c-6e57f823ae73/context&amp#27;[39m
&amp#27;[38;5;0m[HTTP]&amp#27;[0m &amp#27;[90m{}&amp#27;[39m
&amp#27;[38;5;32m[AndroidUiautomator2Driver@cb04 (a84025fa)]&amp#27;[0m Calling AppiumDriver.getCurrentContext() with args: ["a84025fa-87fd-4432-a89c-6e57f823ae73"]
&amp#27;[38;5;32m[AndroidUiautomator2Driver@cb04 (a84025fa)]&amp#27;[0m Responding to client with driver.getCurrentContext() result: "NATIVE_APP"
&amp#27;[38;5;0m[HTTP]&amp#27;[0m &amp#27;[37m<-- GET /session/a84025fa-87fd-4432-a89c-6e57f823ae73/context &amp#27;[39m&amp#27;[32m200&amp#27;[39m &amp#27;[90m1 ms - 22&amp#27;[39m
&amp#27;[38;5;0m[HTTP]&amp#27;[0m &amp#27;[90m&amp#27;[39m
&amp#27;[38;5;0m[HTTP]&amp#27;[0m &amp#27;[37m-->&amp#27;[39m &amp#27;[37mPOST&amp#27;[39m &amp#27;[37m/session/a84025fa-87fd-4432-a89c-6e57f823ae73/element&amp#27;[39m
&amp#27;[38;5;0m[HTTP]&amp#27;[0m &amp#27;[90m{"value":"com.fivemobile.thescore:id/btn_disallow","using":"id"}&amp#27;[39m
&amp#27;[38;5;32m[AndroidUiautomator2Driver@cb04 (a84025fa)]&amp#27;[0m Calling AppiumDriver.findElement() with args: ["id","com.fivemobile.thescore:id/btn_disallow","a84025fa-87fd-4432-a89c-6e57f823ae73"]
&amp#27;[38;5;32m[AndroidUiautomator2Driver@cb04 (a84025fa)]&amp#27;[0m Valid locator strategies for this request: xpath, id, class name, accessibility id, css selector, -android uiautomator
&amp#27;[38;5;32m[AndroidUiautomator2Driver@cb04 (a84025fa)]&amp#27;[0m Waiting up to 10000 ms for condition
&amp#27;[38;5;32m[AndroidUiautomator2Driver@cb04 (a84025fa)]&amp#27;[0m Matched '/element' to command name 'findElement'
&amp#27;[38;5;32m[AndroidUiautomator2Driver@cb04 (a84025fa)]&amp#27;[0m Proxying [POST /element] to [POST http://127.0.0.1:8209/session/e13e9c10-6759-487b-84e8-6054836a870e/element] with body: {"strategy":"id","selector":"com.fivemobile.thescore:id/btn_disallow","context":"","multiple":false}
&amp#27;[38;5;32m[AndroidUiautomator2Driver@cb04 (a84025fa)]&amp#27;[0m Got response with status 200: {"sessionId":"e13e9c10-6759-487b-84e8-6054836a870e","value":{"ELEMENT":"00000000-0000-0465-ffff-ffff000002d7","element-6066-11e4-a52e-4f735466cecf":"00000000-0000-0465-ffff-ffff000002d7"}}
&amp#27;[38;5;32m[AndroidUiautomator2Driver@cb04 (a84025fa)]&amp#27;[0m Responding to client with driver.findElement() result: {"element-6066-11e4-a52e-4f735466cecf":"00000000-0000-0465-ffff-ffff000002d7","ELEMENT":"00000000-0000-0465-ffff-ffff000002d7"}
&amp#27;[38;5;0m[HTTP]&amp#27;[0m &amp#27;[37m<-- POST /session/a84025fa-87fd-4432-a89c-6e57f823ae73/element &amp#27;[39m&amp#27;[32m200&amp#27;[39m &amp#27;[90m1220 ms - 137&amp#27;[39m
&amp#27;[38;5;0m[HTTP]&amp#27;[0m &amp#27;[90m&amp#27;[39m
&amp#27;[38;5;0m[HTTP]&amp#27;[0m &amp#27;[37m-->&amp#27;[39m &amp#27;[37mPOST&amp#27;[39m &amp#27;[37m/session/a84025fa-87fd-4432-a89c-6e57f823ae73/element/00000000-0000-0465-ffff-ffff000002d7/click&amp#27;[39m
&amp#27;[38;5;0m[HTTP]&amp#27;[0m &amp#27;[90m{"id":"00000000-0000-0465-ffff-ffff000002d7"}&amp#27;[39m
&amp#27;[38;5;32m[AndroidUiautomator2Driver@cb04 (a84025fa)]&amp#27;[0m Calling AppiumDriver.click() with args: ["00000000-0000-0465-ffff-ffff000002d7","a84025fa-87fd-4432-a89c-6e57f823ae73"]
&amp#27;[38;5;32m[AndroidUiautomator2Driver@cb04 (a84025fa)]&amp#27;[0m Matched '/element/00000000-0000-0465-ffff-ffff000002d7/click' to command name 'click'
&amp#27;[38;5;32m[AndroidUiautomator2Driver@cb04 (a84025fa)]&amp#27;[0m Proxying [POST /element/00000000-0000-0465-ffff-ffff000002d7/click] to [POST http://127.0.0.1:8209/session/e13e9c10-6759-487b-84e8-6054836a870e/element/00000000-0000-0465-ffff-ffff000002d7/click] with body: {"element":"00000000-0000-0465-ffff-ffff000002d7"}
&amp#27;[38;5;32m[AndroidUiautomator2Driver@cb04 (a84025fa)]&amp#27;[0m Got response with status 200: {"sessionId":"e13e9c10-6759-487b-84e8-6054836a870e","value":null}
&amp#27;[38;5;32m[AndroidUiautomator2Driver@cb04 (a84025fa)]&amp#27;[0m Responding to client with driver.click() result: null
&amp#27;[38;5;0m[HTTP]&amp#27;[0m &amp#27;[37m<-- POST /session/a84025fa-87fd-4432-a89c-6e57f823ae73/element/00000000-0000-0465-ffff-ffff000002d7/click &amp#27;[39m&amp#27;[32m200&amp#27;[39m &amp#27;[90m605 ms - 14&amp#27;[39m
&amp#27;[38;5;0m[HTTP]&amp#27;[0m &amp#27;[90m&amp#27;[39m
&amp#27;[38;5;0m[HTTP]&amp#27;[0m &amp#27;[37m-->&amp#27;[39m &amp#27;[37mGET&amp#27;[39m &amp#27;[37m/session/a84025fa-87fd-4432-a89c-6e57f823ae73/context&amp#27;[39m
&amp#27;[38;5;0m[HTTP]&amp#27;[0m &amp#27;[90m{}&amp#27;[39m
&amp#27;[38;5;32m[AndroidUiautomator2Driver@cb04 (a84025fa)]&amp#27;[0m Calling AppiumDriver.getCurrentContext() with args: ["a84025fa-87fd-4432-a89c-6e57f823ae73"]
&amp#27;[38;5;32m[AndroidUiautomator2Driver@cb04 (a84025fa)]&amp#27;[0m Responding to client with driver.getCurrentContext() result: "NATIVE_APP"
&amp#27;[38;5;0m[HTTP]&amp#27;[0m &amp#27;[37m<-- GET /session/a84025fa-87fd-4432-a89c-6e57f823ae73/context &amp#27;[39m&amp#27;[32m200&amp#27;[39m &amp#27;[90m1 ms - 22&amp#27;[39m
&amp#27;[38;5;0m[HTTP]&amp#27;[0m &amp#27;[90m&amp#27;[39m
&amp#27;[38;5;0m[HTTP]&amp#27;[0m &amp#27;[37m-->&amp#27;[39m &amp#27;[37mPOST&amp#27;[39m &amp#27;[37m/session/a84025fa-87fd-4432-a89c-6e57f823ae73/elements&amp#27;[39m
&amp#27;[38;5;0m[HTTP]&amp#27;[0m &amp#27;[90m{"value":"com.fivemobile.thescore:id/img_logo","using":"id"}&amp#27;[39m
&amp#27;[38;5;32m[AndroidUiautomator2Driver@cb04 (a84025fa)]&amp#27;[0m Calling AppiumDriver.findElements() with args: ["id","com.fivemobile.thescore:id/img_logo","a84025fa-87fd-4432-a89c-6e57f823ae73"]
&amp#27;[38;5;32m[AndroidUiautomator2Driver@cb04 (a84025fa)]&amp#27;[0m Valid locator strategies for this request: xpath, id, class name, accessibility id, css selector, -android uiautomator
&amp#27;[38;5;32m[AndroidUiautomator2Driver@cb04 (a84025fa)]&amp#27;[0m Waiting up to 10000 ms for condition
&amp#27;[38;5;32m[AndroidUiautomator2Driver@cb04 (a84025fa)]&amp#27;[0m Matched '/elements' to command name 'findElements'
&amp#27;[38;5;32m[AndroidUiautomator2Driver@cb04 (a84025fa)]&amp#27;[0m Proxying [POST /elements] to [POST http://127.0.0.1:8209/session/e13e9c10-6759-487b-84e8-6054836a870e/elements] with body: {"strategy":"id","selector":"com.fivemobile.thescore:id/img_logo","context":"","multiple":true}
&amp#27;[38;5;32m[AndroidUiautomator2Driver@cb04 (a84025fa)]&amp#27;[0m Got response with status 200: {"sessionId":"e13e9c10-6759-487b-84e8-6054836a870e","value":[{"ELEMENT":"00000000-0000-0464-ffff-ffff00000290","element-6066-11e4-a52e-4f735466cecf":"00000000-0000-0464-ffff-ffff00000290"},{"ELEMENT":"00000000-0000-0464-ffff-ffff00000296","element-6066-11e4-a52e-4f735466cecf":"00000000-0000-0464-ffff-ffff00000296"},{"ELEMENT":"00000000-0000-0464-ffff-ffff0000029c","element-6066-11e4-a52e-4f735466cecf":"00000000-0000-0464-ffff-ffff0000029c"},{"ELEMENT":"00000000-0000-0464-ffff-ffff000002a2","element-6066-11e4-a52e-4f735466cecf":"00000000-0000-0464-ffff-ffff000002a2"},{"ELEMENT":"00000000-0000-0464-ffff-ffff000002a8","element-6066-11e4-a52e-4f735466cecf":"00000000-0000-0464-ffff-ffff000002a8"},{"ELEMENT":"00000000-0000-0464-ffff-ffff000002ae","element-6066-11e4-a52e-4f735466cecf":"00000000-0000-0464-ffff-ffff000002ae"},{"ELEMENT":"00000000-0000-0464-ffff-ffff000002b4","element-6066-11e4-a52e-4f735466cecf":"00000000-0000-0464-ffff-ffff000002b4"}]}
&amp#27;[38;5;32m[AndroidUiautomator2Driver@cb04 (a84025fa)]&amp#27;[0m Responding to client with driver.findElements() result: [{"element-6066-11e4-a52e-4f735466cecf":"00000000-0000-0464-ffff-ffff00000290","ELEMENT":"00000000-0000-0464-ffff-ffff00000290"},{"element-6066-11e4-a52e-4f735466cecf":"00000000-0000-0464-ffff-ffff00000296","ELEMENT":"00000000-0000-0464-ffff-ffff00000296"},{"element-6066-11e4-a52e-4f735466cecf":"00000000-0000-0464-ffff-ffff0000029c","ELEMENT":"00000000-0000-0464-ffff-ffff0000029c"},{"element-6066-11e4-a52e-4f735466cecf":"00000000-0000-0464-ffff-ffff000002a2","ELEMENT":"00000000-0000-0464-ffff-ffff000002a2"},{"element-6066-11e4-a52e-4f735466cecf":"00000000-0000-0464-ffff-ffff000002a8","ELEMENT":"00000000-0000-0464-ffff-ffff000002a8"},{"element-6066-11e4-a52e-4f735466cecf":"00000000-0000-0464-ffff-ffff000002ae","ELEMENT":"00000000-0000-0464-ffff-ffff000002ae"},{"element-6066-11e4-a52e-4f735466cecf":"00000000-0000-0464-ffff-ffff000002b4","ELEMENT":"00000000-0000-0464-ffff-ffff000002b4"}]
&amp#27;[38;5;0m[HTTP]&amp#27;[0m &amp#27;[37m<-- POST /session/a84025fa-87fd-4432-a89c-6e57f823ae73/elements &amp#27;[39m&amp#27;[32m200&amp#27;[39m &amp#27;[90m108 ms - 907&amp#27;[39m
&amp#27;[38;5;0m[HTTP]&amp#27;[0m &amp#27;[90m&amp#27;[39m
&amp#27;[38;5;0m[HTTP]&amp#27;[0m &amp#27;[37m-->&amp#27;[39m &amp#27;[37mPOST&amp#27;[39m &amp#27;[37m/session/a84025fa-87fd-4432-a89c-6e57f823ae73/element/00000000-0000-0464-ffff-ffff00000290/click&amp#27;[39m
&amp#27;[38;5;0m[HTTP]&amp#27;[0m &amp#27;[90m{"id":"00000000-0000-0464-ffff-ffff00000290"}&amp#27;[39m
&amp#27;[38;5;32m[AndroidUiautomator2Driver@cb04 (a84025fa)]&amp#27;[0m Calling AppiumDriver.click() with args: ["00000000-0000-0464-ffff-ffff00000290","a84025fa-87fd-4432-a89c-6e57f823ae73"]
&amp#27;[38;5;32m[AndroidUiautomator2Driver@cb04 (a84025fa)]&amp#27;[0m Matched '/element/00000000-0000-0464-ffff-ffff00000290/click' to command name 'click'
&amp#27;[38;5;32m[AndroidUiautomator2Driver@cb04 (a84025fa)]&amp#27;[0m Proxying [POST /element/00000000-0000-0464-ffff-ffff00000290/click] to [POST http://127.0.0.1:8209/session/e13e9c10-6759-487b-84e8-6054836a870e/element/00000000-0000-0464-ffff-ffff00000290/click] with body: {"element":"00000000-0000-0464-ffff-ffff00000290"}
&amp#27;[38;5;32m[AndroidUiautomator2Driver@cb04 (a84025fa)]&amp#27;[0m Got response with status 200: {"sessionId":"e13e9c10-6759-487b-84e8-6054836a870e","value":null}
&amp#27;[38;5;32m[AndroidUiautomator2Driver@cb04 (a84025fa)]&amp#27;[0m Responding to client with driver.click() result: null
&amp#27;[38;5;0m[HTTP]&amp#27;[0m &amp#27;[37m<-- POST /session/a84025fa-87fd-4432-a89c-6e57f823ae73/element/00000000-0000-0464-ffff-ffff00000290/click &amp#27;[39m&amp#27;[32m200&amp#27;[39m &amp#27;[90m1154 ms - 14&amp#27;[39m
&amp#27;[38;5;0m[HTTP]&amp#27;[0m &amp#27;[90m&amp#27;[39m
&amp#27;[38;5;0m[HTTP]&amp#27;[0m &amp#27;[37m-->&amp#27;[39m &amp#27;[37mGET&amp#27;[39m &amp#27;[37m/session/a84025fa-87fd-4432-a89c-6e57f823ae73/context&amp#27;[39m
&amp#27;[38;5;0m[HTTP]&amp#27;[0m &amp#27;[90m{}&amp#27;[39m
&amp#27;[38;5;32m[AndroidUiautomator2Driver@cb04 (a84025fa)]&amp#27;[0m Calling AppiumDriver.getCurrentContext() with args: ["a84025fa-87fd-4432-a89c-6e57f823ae73"]
&amp#27;[38;5;32m[AndroidUiautomator2Driver@cb04 (a84025fa)]&amp#27;[0m Responding to client with driver.getCurrentContext() result: "NATIVE_APP"
&amp#27;[38;5;0m[HTTP]&amp#27;[0m &amp#27;[37m<-- GET /session/a84025fa-87fd-4432-a89c-6e57f823ae73/context &amp#27;[39m&amp#27;[32m200&amp#27;[39m &amp#27;[90m1 ms - 22&amp#27;[39m
&amp#27;[38;5;0m[HTTP]&amp#27;[0m &amp#27;[90m&amp#27;[39m
&amp#27;[38;5;0m[HTTP]&amp#27;[0m &amp#27;[37m-->&amp#27;[39m &amp#27;[37mPOST&amp#27;[39m &amp#27;[37m/session/a84025fa-87fd-4432-a89c-6e57f823ae73/element&amp#27;[39m
&amp#27;[38;5;0m[HTTP]&amp#27;[0m &amp#27;[90m{"value":"com.fivemobile.thescore:id/btn_primary","using":"id"}&amp#27;[39m
&amp#27;[38;5;32m[AndroidUiautomator2Driver@cb04 (a84025fa)]&amp#27;[0m Calling AppiumDriver.findElement() with args: ["id","com.fivemobile.thescore:id/btn_primary","a84025fa-87fd-4432-a89c-6e57f823ae73"]
&amp#27;[38;5;32m[AndroidUiautomator2Driver@cb04 (a84025fa)]&amp#27;[0m Valid locator strategies for this request: xpath, id, class name, accessibility id, css selector, -android uiautomator
&amp#27;[38;5;32m[AndroidUiautomator2Driver@cb04 (a84025fa)]&amp#27;[0m Waiting up to 10000 ms for condition
&amp#27;[38;5;32m[AndroidUiautomator2Driver@cb04 (a84025fa)]&amp#27;[0m Matched '/element' to command name 'findElement'
&amp#27;[38;5;32m[AndroidUiautomator2Driver@cb04 (a84025fa)]&amp#27;[0m Proxying [POST /element] to [POST http://127.0.0.1:8209/session/e13e9c10-6759-487b-84e8-6054836a870e/element] with body: {"strategy":"id","selector":"com.fivemobile.thescore:id/btn_primary","context":"","multiple":false}
&amp#27;[38;5;32m[AndroidUiautomator2Driver@cb04 (a84025fa)]&amp#27;[0m Got response with status 200: {"sessionId":"e13e9c10-6759-487b-84e8-6054836a870e","value":{"ELEMENT":"00000000-0000-0464-ffff-ffff00000155","element-6066-11e4-a52e-4f735466cecf":"00000000-0000-0464-ffff-ffff00000155"}}
&amp#27;[38;5;32m[AndroidUiautomator2Driver@cb04 (a84025fa)]&amp#27;[0m Responding to client with driver.findElement() result: {"element-6066-11e4-a52e-4f735466cecf":"00000000-0000-0464-ffff-ffff00000155","ELEMENT":"00000000-0000-0464-ffff-ffff00000155"}
&amp#27;[38;5;0m[HTTP]&amp#27;[0m &amp#27;[37m<-- POST /session/a84025fa-87fd-4432-a89c-6e57f823ae73/element &amp#27;[39m&amp#27;[32m200&amp#27;[39m &amp#27;[90m89 ms - 137&amp#27;[39m
&amp#27;[38;5;0m[HTTP]&amp#27;[0m &amp#27;[90m&amp#27;[39m
&amp#27;[38;5;0m[HTTP]&amp#27;[0m &amp#27;[37m-->&amp#27;[39m &amp#27;[37mPOST&amp#27;[39m &amp#27;[37m/session/a84025fa-87fd-4432-a89c-6e57f823ae73/element/00000000-0000-0464-ffff-ffff00000155/click&amp#27;[39m
&amp#27;[38;5;0m[HTTP]&amp#27;[0m &amp#27;[90m{"id":"00000000-0000-0464-ffff-ffff00000155"}&amp#27;[39m
&amp#27;[38;5;32m[AndroidUiautomator2Driver@cb04 (a84025fa)]&amp#27;[0m Calling AppiumDriver.click() with args: ["00000000-0000-0464-ffff-ffff00000155","a84025fa-87fd-4432-a89c-6e57f823ae73"]
&amp#27;[38;5;32m[AndroidUiautomator2Driver@cb04 (a84025fa)]&amp#27;[0m Matched '/element/00000000-0000-0464-ffff-ffff00000155/click' to command name 'click'
&amp#27;[38;5;32m[AndroidUiautomator2Driver@cb04 (a84025fa)]&amp#27;[0m Proxying [POST /element/00000000-0000-0464-ffff-ffff00000155/click] to [POST http://127.0.0.1:8209/session/e13e9c10-6759-487b-84e8-6054836a870e/element/00000000-0000-0464-ffff-ffff00000155/click] with body: {"element":"00000000-0000-0464-ffff-ffff00000155"}
&amp#27;[38;5;32m[AndroidUiautomator2Driver@cb04 (a84025fa)]&amp#27;[0m Got response with status 200: {"sessionId":"e13e9c10-6759-487b-84e8-6054836a870e","value":null}
&amp#27;[38;5;32m[AndroidUiautomator2Driver@cb04 (a84025fa)]&amp#27;[0m Responding to client with driver.click() result: null
&amp#27;[38;5;0m[HTTP]&amp#27;[0m &amp#27;[37m<-- POST /session/a84025fa-87fd-4432-a89c-6e57f823ae73/element/00000000-0000-0464-ffff-ffff00000155/click &amp#27;[39m&amp#27;[32m200&amp#27;[39m &amp#27;[90m61 ms - 14&amp#27;[39m
&amp#27;[38;5;0m[HTTP]&amp#27;[0m &amp#27;[90m&amp#27;[39m
&amp#27;[38;5;0m[HTTP]&amp#27;[0m &amp#27;[37m-->&amp#27;[39m &amp#27;[37mGET&amp#27;[39m &amp#27;[37m/session/a84025fa-87fd-4432-a89c-6e57f823ae73/context&amp#27;[39m
&amp#27;[38;5;0m[HTTP]&amp#27;[0m &amp#27;[90m{}&amp#27;[39m
&amp#27;[38;5;32m[AndroidUiautomator2Driver@cb04 (a84025fa)]&amp#27;[0m Calling AppiumDriver.getCurrentContext() with args: ["a84025fa-87fd-4432-a89c-6e57f823ae73"]
&amp#27;[38;5;32m[AndroidUiautomator2Driver@cb04 (a84025fa)]&amp#27;[0m Responding to client with driver.getCurrentContext() result: "NATIVE_APP"
&amp#27;[38;5;0m[HTTP]&amp#27;[0m &amp#27;[37m<-- GET /session/a84025fa-87fd-4432-a89c-6e57f823ae73/context &amp#27;[39m&amp#27;[32m200&amp#27;[39m &amp#27;[90m1 ms - 22&amp#27;[39m
&amp#27;[38;5;0m[HTTP]&amp#27;[0m &amp#27;[90m&amp#27;[39m
&amp#27;[38;5;0m[HTTP]&amp#27;[0m &amp#27;[37m-->&amp#27;[39m &amp#27;[37mPOST&amp#27;[39m &amp#27;[37m/session/a84025fa-87fd-4432-a89c-6e57f823ae73/element&amp#27;[39m
&amp#27;[38;5;0m[HTTP]&amp#27;[0m &amp#27;[90m{"value":"com.fivemobile.thescore:id/btn_primary","using":"id"}&amp#27;[39m
&amp#27;[38;5;32m[AndroidUiautomator2Driver@cb04 (a84025fa)]&amp#27;[0m Calling AppiumDriver.findElement() with args: ["id","com.fivemobile.thescore:id/btn_primary","a84025fa-87fd-4432-a89c-6e57f823ae73"]
&amp#27;[38;5;32m[AndroidUiautomator2Driver@cb04 (a84025fa)]&amp#27;[0m Valid locator strategies for this request: xpath, id, class name, accessibility id, css selector, -android uiautomator
&amp#27;[38;5;32m[AndroidUiautomator2Driver@cb04 (a84025fa)]&amp#27;[0m Waiting up to 10000 ms for condition
&amp#27;[38;5;32m[AndroidUiautomator2Driver@cb04 (a84025fa)]&amp#27;[0m Matched '/element' to command name 'findElement'
&amp#27;[38;5;32m[AndroidUiautomator2Driver@cb04 (a84025fa)]&amp#27;[0m Proxying [POST /element] to [POST http://127.0.0.1:8209/session/e13e9c10-6759-487b-84e8-6054836a870e/element] with body: {"strategy":"id","selector":"com.fivemobile.thescore:id/btn_primary","context":"","multiple":false}
&amp#27;[38;5;32m[AndroidUiautomator2Driver@cb04 (a84025fa)]&amp#27;[0m Got response with status 200: {"sessionId":"e13e9c10-6759-487b-84e8-6054836a870e","value":{"ELEMENT":"00000000-0000-0464-ffff-ffff00000155","element-6066-11e4-a52e-4f735466cecf":"00000000-0000-0464-ffff-ffff00000155"}}
&amp#27;[38;5;32m[AndroidUiautomator2Driver@cb04 (a84025fa)]&amp#27;[0m Responding to client with driver.findElement() result: {"element-6066-11e4-a52e-4f735466cecf":"00000000-0000-0464-ffff-ffff00000155","ELEMENT":"00000000-0000-0464-ffff-ffff00000155"}
&amp#27;[38;5;0m[HTTP]&amp#27;[0m &amp#27;[37m<-- POST /session/a84025fa-87fd-4432-a89c-6e57f823ae73/element &amp#27;[39m&amp#27;[32m200&amp#27;[39m &amp#27;[90m1238 ms - 137&amp#27;[39m
&amp#27;[38;5;0m[HTTP]&amp#27;[0m &amp#27;[90m&amp#27;[39m
&amp#27;[38;5;0m[HTTP]&amp#27;[0m &amp#27;[37m-->&amp#27;[39m &amp#27;[37mPOST&amp#27;[39m &amp#27;[37m/session/a84025fa-87fd-4432-a89c-6e57f823ae73/element/00000000-0000-0464-ffff-ffff00000155/click&amp#27;[39m
&amp#27;[38;5;0m[HTTP]&amp#27;[0m &amp#27;[90m{"id":"00000000-0000-0464-ffff-ffff00000155"}&amp#27;[39m
&amp#27;[38;5;32m[AndroidUiautomator2Driver@cb04 (a84025fa)]&amp#27;[0m Calling AppiumDriver.click() with args: ["00000000-0000-0464-ffff-ffff00000155","a84025fa-87fd-4432-a89c-6e57f823ae73"]
&amp#27;[38;5;32m[AndroidUiautomator2Driver@cb04 (a84025fa)]&amp#27;[0m Matched '/element/00000000-0000-0464-ffff-ffff00000155/click' to command name 'click'
&amp#27;[38;5;32m[AndroidUiautomator2Driver@cb04 (a84025fa)]&amp#27;[0m Proxying [POST /element/00000000-0000-0464-ffff-ffff00000155/click] to [POST http://127.0.0.1:8209/session/e13e9c10-6759-487b-84e8-6054836a870e/element/00000000-0000-0464-ffff-ffff00000155/click] with body: {"element":"00000000-0000-0464-ffff-ffff00000155"}
&amp#27;[38;5;32m[AndroidUiautomator2Driver@cb04 (a84025fa)]&amp#27;[0m Got response with status 200: {"sessionId":"e13e9c10-6759-487b-84e8-6054836a870e","value":null}
&amp#27;[38;5;32m[AndroidUiautomator2Driver@cb04 (a84025fa)]&amp#27;[0m Responding to client with driver.click() result: null
&amp#27;[38;5;0m[HTTP]&amp#27;[0m &amp#27;[37m<-- POST /session/a84025fa-87fd-4432-a89c-6e57f823ae73/element/00000000-0000-0464-ffff-ffff00000155/click &amp#27;[39m&amp#27;[32m200&amp#27;[39m &amp#27;[90m1153 ms - 14&amp#27;[39m
&amp#27;[38;5;0m[HTTP]&amp#27;[0m &amp#27;[90m&amp#27;[39m
&amp#27;[38;5;0m[HTTP]&amp#27;[0m &amp#27;[37m-->&amp#27;[39m &amp#27;[37mGET&amp#27;[39m &amp#27;[37m/session/a84025fa-87fd-4432-a89c-6e57f823ae73/context&amp#27;[39m
&amp#27;[38;5;0m[HTTP]&amp#27;[0m &amp#27;[90m{}&amp#27;[39m
&amp#27;[38;5;32m[AndroidUiautomator2Driver@cb04 (a84025fa)]&amp#27;[0m Calling AppiumDriver.getCurrentContext() with args: ["a84025fa-87fd-4432-a89c-6e57f823ae73"]
&amp#27;[38;5;32m[AndroidUiautomator2Driver@cb04 (a84025fa)]&amp#27;[0m Responding to client with driver.getCurrentContext() result: "NATIVE_APP"
&amp#27;[38;5;0m[HTTP]&amp#27;[0m &amp#27;[37m<-- GET /session/a84025fa-87fd-4432-a89c-6e57f823ae73/context &amp#27;[39m&amp#27;[32m200&amp#27;[39m &amp#27;[90m1 ms - 22&amp#27;[39m
&amp#27;[38;5;0m[HTTP]&amp#27;[0m &amp#27;[90m&amp#27;[39m
&amp#27;[38;5;0m[HTTP]&amp#27;[0m &amp#27;[37m-->&amp#27;[39m &amp#27;[37mPOST&amp#27;[39m &amp#27;[37m/session/a84025fa-87fd-4432-a89c-6e57f823ae73/element&amp#27;[39m
&amp#27;[38;5;0m[HTTP]&amp#27;[0m &amp#27;[90m{"value":"com.fivemobile.thescore:id/btn_secondary","using":"id"}&amp#27;[39m
&amp#27;[38;5;32m[AndroidUiautomator2Driver@cb04 (a84025fa)]&amp#27;[0m Calling AppiumDriver.findElement() with args: ["id","com.fivemobile.thescore:id/btn_secondary","a84025fa-87fd-4432-a89c-6e57f823ae73"]
&amp#27;[38;5;32m[AndroidUiautomator2Driver@cb04 (a84025fa)]&amp#27;[0m Valid locator strategies for this request: xpath, id, class name, accessibility id, css selector, -android uiautomator
&amp#27;[38;5;32m[AndroidUiautomator2Driver@cb04 (a84025fa)]&amp#27;[0m Waiting up to 10000 ms for condition
&amp#27;[38;5;32m[AndroidUiautomator2Driver@cb04 (a84025fa)]&amp#27;[0m Matched '/element' to command name 'findElement'
&amp#27;[38;5;32m[AndroidUiautomator2Driver@cb04 (a84025fa)]&amp#27;[0m Proxying [POST /element] to [POST http://127.0.0.1:8209/session/e13e9c10-6759-487b-84e8-6054836a870e/element] with body: {"strategy":"id","selector":"com.fivemobile.thescore:id/btn_secondary","context":"","multiple":false}
&amp#27;[38;5;32m[AndroidUiautomator2Driver@cb04 (a84025fa)]&amp#27;[0m Got response with status 200: {"sessionId":"e13e9c10-6759-487b-84e8-6054836a870e","value":{"ELEMENT":"00000000-0000-0464-ffff-ffff00000158","element-6066-11e4-a52e-4f735466cecf":"00000000-0000-0464-ffff-ffff00000158"}}
&amp#27;[38;5;32m[AndroidUiautomator2Driver@cb04 (a84025fa)]&amp#27;[0m Responding to client with driver.findElement() result: {"element-6066-11e4-a52e-4f735466cecf":"00000000-0000-0464-ffff-ffff00000158","ELEMENT":"00000000-0000-0464-ffff-ffff00000158"}
&amp#27;[38;5;0m[HTTP]&amp#27;[0m &amp#27;[37m<-- POST /session/a84025fa-87fd-4432-a89c-6e57f823ae73/element &amp#27;[39m&amp#27;[32m200&amp#27;[39m &amp#27;[90m26 ms - 137&amp#27;[39m
&amp#27;[38;5;0m[HTTP]&amp#27;[0m &amp#27;[90m&amp#27;[39m
&amp#27;[38;5;0m[HTTP]&amp#27;[0m &amp#27;[37m-->&amp#27;[39m &amp#27;[37mPOST&amp#27;[39m &amp#27;[37m/session/a84025fa-87fd-4432-a89c-6e57f823ae73/element/00000000-0000-0464-ffff-ffff00000158/click&amp#27;[39m
&amp#27;[38;5;0m[HTTP]&amp#27;[0m &amp#27;[90m{"id":"00000000-0000-0464-ffff-ffff00000158"}&amp#27;[39m
&amp#27;[38;5;32m[AndroidUiautomator2Driver@cb04 (a84025fa)]&amp#27;[0m Calling AppiumDriver.click() with args: ["00000000-0000-0464-ffff-ffff00000158","a84025fa-87fd-4432-a89c-6e57f823ae73"]
&amp#27;[38;5;32m[AndroidUiautomator2Driver@cb04 (a84025fa)]&amp#27;[0m Matched '/element/00000000-0000-0464-ffff-ffff00000158/click' to command name 'click'
&amp#27;[38;5;32m[AndroidUiautomator2Driver@cb04 (a84025fa)]&amp#27;[0m Proxying [POST /element/00000000-0000-0464-ffff-ffff00000158/click] to [POST http://127.0.0.1:8209/session/e13e9c10-6759-487b-84e8-6054836a870e/element/00000000-0000-0464-ffff-ffff00000158/click] with body: {"element":"00000000-0000-0464-ffff-ffff00000158"}
&amp#27;[38;5;32m[AndroidUiautomator2Driver@cb04 (a84025fa)]&amp#27;[0m Got response with status 200: {"sessionId":"e13e9c10-6759-487b-84e8-6054836a870e","value":null}
&amp#27;[38;5;32m[AndroidUiautomator2Driver@cb04 (a84025fa)]&amp#27;[0m Responding to client with driver.click() result: null
&amp#27;[38;5;0m[HTTP]&amp#27;[0m &amp#27;[37m<-- POST /session/a84025fa-87fd-4432-a89c-6e57f823ae73/element/00000000-0000-0464-ffff-ffff00000158/click &amp#27;[39m&amp#27;[32m200&amp#27;[39m &amp#27;[90m1877 ms - 14&amp#27;[39m
&amp#27;[38;5;0m[HTTP]&amp#27;[0m &amp#27;[90m&amp#27;[39m
&amp#27;[38;5;0m[HTTP]&amp#27;[0m &amp#27;[37m-->&amp#27;[39m &amp#27;[37mGET&amp#27;[39m &amp#27;[37m/session/a84025fa-87fd-4432-a89c-6e57f823ae73/context&amp#27;[39m
&amp#27;[38;5;0m[HTTP]&amp#27;[0m &amp#27;[90m{}&amp#27;[39m
&amp#27;[38;5;32m[AndroidUiautomator2Driver@cb04 (a84025fa)]&amp#27;[0m Calling AppiumDriver.getCurrentContext() with args: ["a84025fa-87fd-4432-a89c-6e57f823ae73"]
&amp#27;[38;5;32m[AndroidUiautomator2Driver@cb04 (a84025fa)]&amp#27;[0m Responding to client with driver.getCurrentContext() result: "NATIVE_APP"
&amp#27;[38;5;0m[HTTP]&amp#27;[0m &amp#27;[37m<-- GET /session/a84025fa-87fd-4432-a89c-6e57f823ae73/context &amp#27;[39m&amp#27;[32m200&amp#27;[39m &amp#27;[90m1 ms - 22&amp#27;[39m
&amp#27;[38;5;0m[HTTP]&amp#27;[0m &amp#27;[90m&amp#27;[39m
&amp#27;[38;5;0m[HTTP]&amp#27;[0m &amp#27;[37m-->&amp#27;[39m &amp#27;[37mPOST&amp#27;[39m &amp#27;[37m/session/a84025fa-87fd-4432-a89c-6e57f823ae73/element&amp#27;[39m
&amp#27;[38;5;0m[HTTP]&amp#27;[0m &amp#27;[90m{"value":"com.android.permissioncontroller:id/permission_allow_button","using":"id"}&amp#27;[39m
&amp#27;[38;5;32m[AndroidUiautomator2Driver@cb04 (a84025fa)]&amp#27;[0m Calling AppiumDriver.findElement() with args: ["id","com.android.permissioncontroller:id/permission_allow_button","a84025fa-87fd-4432-a89c-6e57f823ae73"]
&amp#27;[38;5;32m[AndroidUiautomator2Driver@cb04 (a84025fa)]&amp#27;[0m Valid locator strategies for this request: xpath, id, class name, accessibility id, css selector, -android uiautomator
&amp#27;[38;5;32m[AndroidUiautomator2Driver@cb04 (a84025fa)]&amp#27;[0m Waiting up to 10000 ms for condition
&amp#27;[38;5;32m[AndroidUiautomator2Driver@cb04 (a84025fa)]&amp#27;[0m Matched '/element' to command name 'findElement'
&amp#27;[38;5;32m[AndroidUiautomator2Driver@cb04 (a84025fa)]&amp#27;[0m Proxying [POST /element] to [POST http://127.0.0.1:8209/session/e13e9c10-6759-487b-84e8-6054836a870e/element] with body: {"strategy":"id","selector":"com.android.permissioncontroller:id/permission_allow_button","context":"","multiple":false}
&amp#27;[38;5;32m[AndroidUiautomator2Driver@cb04 (a84025fa)]&amp#27;[0m Got response with status 200: {"sessionId":"e13e9c10-6759-487b-84e8-6054836a870e","value":{"ELEMENT":"00000000-0000-0467-ffff-ffff0000005e","element-6066-11e4-a52e-4f735466cecf":"00000000-0000-0467-ffff-ffff0000005e"}}
&amp#27;[38;5;32m[AndroidUiautomator2Driver@cb04 (a84025fa)]&amp#27;[0m Responding to client with driver.findElement() result: {"element-6066-11e4-a52e-4f735466cecf":"00000000-0000-0467-ffff-ffff0000005e","ELEMENT":"00000000-0000-0467-ffff-ffff0000005e"}
&amp#27;[38;5;0m[HTTP]&amp#27;[0m &amp#27;[37m<-- POST /session/a84025fa-87fd-4432-a89c-6e57f823ae73/element &amp#27;[39m&amp#27;[32m200&amp#27;[39m &amp#27;[90m57 ms - 137&amp#27;[39m
&amp#27;[38;5;0m[HTTP]&amp#27;[0m &amp#27;[90m&amp#27;[39m
&amp#27;[38;5;0m[HTTP]&amp#27;[0m &amp#27;[37m-->&amp#27;[39m &amp#27;[37mPOST&amp#27;[39m &amp#27;[37m/session/a84025fa-87fd-4432-a89c-6e57f823ae73/element/00000000-0000-0467-ffff-ffff0000005e/click&amp#27;[39m
&amp#27;[38;5;0m[HTTP]&amp#27;[0m &amp#27;[90m{"id":"00000000-0000-0467-ffff-ffff0000005e"}&amp#27;[39m
&amp#27;[38;5;32m[AndroidUiautomator2Driver@cb04 (a84025fa)]&amp#27;[0m Calling AppiumDriver.click() with args: ["00000000-0000-0467-ffff-ffff0000005e","a84025fa-87fd-4432-a89c-6e57f823ae73"]
&amp#27;[38;5;32m[AndroidUiautomator2Driver@cb04 (a84025fa)]&amp#27;[0m Matched '/element/00000000-0000-0467-ffff-ffff0000005e/click' to command name 'click'
&amp#27;[38;5;32m[AndroidUiautomator2Driver@cb04 (a84025fa)]&amp#27;[0m Proxying [POST /element/00000000-0000-0467-ffff-ffff0000005e/click] to [POST http://127.0.0.1:8209/session/e13e9c10-6759-487b-84e8-6054836a870e/element/00000000-0000-0467-ffff-ffff0000005e/click] with body: {"element":"00000000-0000-0467-ffff-ffff0000005e"}
&amp#27;[38;5;32m[AndroidUiautomator2Driver@cb04 (a84025fa)]&amp#27;[0m Got response with status 200: {"sessionId":"e13e9c10-6759-487b-84e8-6054836a870e","value":null}
&amp#27;[38;5;32m[AndroidUiautomator2Driver@cb04 (a84025fa)]&amp#27;[0m Responding to client with driver.click() result: null
&amp#27;[38;5;0m[HTTP]&amp#27;[0m &amp#27;[37m<-- POST /session/a84025fa-87fd-4432-a89c-6e57f823ae73/element/00000000-0000-0467-ffff-ffff0000005e/click &amp#27;[39m&amp#27;[32m200&amp#27;[39m &amp#27;[90m154 ms - 14&amp#27;[39m
&amp#27;[38;5;0m[HTTP]&amp#27;[0m &amp#27;[90m&amp#27;[39m
&amp#27;[38;5;0m[HTTP]&amp#27;[0m &amp#27;[37m-->&amp#27;[39m &amp#27;[37mGET&amp#27;[39m &amp#27;[37m/session/a84025fa-87fd-4432-a89c-6e57f823ae73/context&amp#27;[39m
&amp#27;[38;5;0m[HTTP]&amp#27;[0m &amp#27;[90m{}&amp#27;[39m
&amp#27;[38;5;32m[AndroidUiautomator2Driver@cb04 (a84025fa)]&amp#27;[0m Calling AppiumDriver.getCurrentContext() with args: ["a84025fa-87fd-4432-a89c-6e57f823ae73"]
&amp#27;[38;5;32m[AndroidUiautomator2Driver@cb04 (a84025fa)]&amp#27;[0m Responding to client with driver.getCurrentContext() result: "NATIVE_APP"
&amp#27;[38;5;0m[HTTP]&amp#27;[0m &amp#27;[37m<-- GET /session/a84025fa-87fd-4432-a89c-6e57f823ae73/context &amp#27;[39m&amp#27;[32m200&amp#27;[39m &amp#27;[90m1 ms - 22&amp#27;[39m
&amp#27;[38;5;0m[HTTP]&amp#27;[0m &amp#27;[90m&amp#27;[39m
&amp#27;[38;5;0m[HTTP]&amp#27;[0m &amp#27;[37m-->&amp#27;[39m &amp#27;[37mPOST&amp#27;[39m &amp#27;[37m/session/a84025fa-87fd-4432-a89c-6e57f823ae73/element&amp#27;[39m
&amp#27;[38;5;0m[HTTP]&amp#27;[0m &amp#27;[90m{"value":"Ok, Got It","using":"accessibility id"}&amp#27;[39m
&amp#27;[38;5;32m[AndroidUiautomator2Driver@cb04 (a84025fa)]&amp#27;[0m Calling AppiumDriver.findElement() with args: ["accessibility id","Ok, Got It","a84025fa-87fd-4432-a89c-6e57f823ae73"]
&amp#27;[38;5;32m[AndroidUiautomator2Driver@cb04 (a84025fa)]&amp#27;[0m Valid locator strategies for this request: xpath, id, class name, accessibility id, css selector, -android uiautomator
&amp#27;[38;5;32m[AndroidUiautomator2Driver@cb04 (a84025fa)]&amp#27;[0m Waiting up to 10000 ms for condition
&amp#27;[38;5;32m[AndroidUiautomator2Driver@cb04 (a84025fa)]&amp#27;[0m Matched '/element' to command name 'findElement'
&amp#27;[38;5;32m[AndroidUiautomator2Driver@cb04 (a84025fa)]&amp#27;[0m Proxying [POST /element] to [POST http://127.0.0.1:8209/session/e13e9c10-6759-487b-84e8-6054836a870e/element] with body: {"strategy":"accessibility id","selector":"Ok, Got It","context":"","multiple":false}
&amp#27;[38;5;32m[AndroidUiautomator2Driver@cb04 (a84025fa)]&amp#27;[0m Got response with status 404: {"sessionId":"e13e9c10-6759-487b-84e8-6054836a870e","value":{"error":"no such element","message":"An element could not be located on the page using the given search parameters","stacktrace":"io.appium.uiautomator2.common.exceptions.ElementNotFoundException: An element could not be located on the page using the given search parameters\n\tat io.appium.uiautomator2.handler.FindElement.safeHandle(FindElement.java:63)\n\tat io.appium.uiautomator2.handler.request.SafeRequestHandler.handle(SafeRequestHandler.java:59)\n\tat io.appium.uiautomator2.server.AppiumServlet.handleRequest(AppiumServlet.java:259)\n\tat io.appium.uiautomator2.server.AppiumServlet.handleHttpRequest(AppiumServlet.java:253)\n\tat io.appium.uiautomator2.http.ServerHandler.channelRead(ServerHandler.java:77)\n\tat io.netty.channel.AbstractChannelHandlerContext.invokeChannelRead(AbstractChannelHandlerContext.java:366)\n\tat io.netty.channel.AbstractChannelHandlerContext.invokeChannelRead(AbstractChannelHandlerContext.java:352)\n\tat io.netty.chann...
&amp#27;[38;5;112m[W3C]&amp#27;[0m Matched W3C error code 'no such element' to NoSuchElementError
&amp#27;[38;5;32m[AndroidUiautomator2Driver@cb04 (a84025fa)]&amp#27;[0m Waited for 2647 ms so far
&amp#27;[38;5;32m[AndroidUiautomator2Driver@cb04 (a84025fa)]&amp#27;[0m Matched '/element' to command name 'findElement'
&amp#27;[38;5;32m[AndroidUiautomator2Driver@cb04 (a84025fa)]&amp#27;[0m Proxying [POST /element] to [POST http://127.0.0.1:8209/session/e13e9c10-6759-487b-84e8-6054836a870e/element] with body: {"strategy":"accessibility id","selector":"Ok, Got It","context":"","multiple":false}
&amp#27;[38;5;32m[AndroidUiautomator2Driver@cb04 (a84025fa)]&amp#27;[0m Got response with status 200: {"sessionId":"e13e9c10-6759-487b-84e8-6054836a870e","value":{"ELEMENT":"00000000-0000-0468-0000-0028000003b1","element-6066-11e4-a52e-4f735466cecf":"00000000-0000-0468-0000-0028000003b1"}}
&amp#27;[38;5;32m[AndroidUiautomator2Driver@cb04 (a84025fa)]&amp#27;[0m Responding to client with driver.findElement() result: {"element-6066-11e4-a52e-4f735466cecf":"00000000-0000-0468-0000-0028000003b1","ELEMENT":"00000000-0000-0468-0000-0028000003b1"}
&amp#27;[38;5;0m[HTTP]&amp#27;[0m &amp#27;[37m<-- POST /session/a84025fa-87fd-4432-a89c-6e57f823ae73/element &amp#27;[39m&amp#27;[32m200&amp#27;[39m &amp#27;[90m3798 ms - 137&amp#27;[39m
&amp#27;[38;5;0m[HTTP]&amp#27;[0m &amp#27;[90m&amp#27;[39m
&amp#27;[38;5;0m[HTTP]&amp#27;[0m &amp#27;[37m-->&amp#27;[39m &amp#27;[37mPOST&amp#27;[39m &amp#27;[37m/session/a84025fa-87fd-4432-a89c-6e57f823ae73/element/00000000-0000-0468-0000-0028000003b1/click&amp#27;[39m
&amp#27;[38;5;0m[HTTP]&amp#27;[0m &amp#27;[90m{"id":"00000000-0000-0468-0000-0028000003b1"}&amp#27;[39m
&amp#27;[38;5;32m[AndroidUiautomator2Driver@cb04 (a84025fa)]&amp#27;[0m Calling AppiumDriver.click() with args: ["00000000-0000-0468-0000-0028000003b1","a84025fa-87fd-4432-a89c-6e57f823ae73"]
&amp#27;[38;5;32m[AndroidUiautomator2Driver@cb04 (a84025fa)]&amp#27;[0m Matched '/element/00000000-0000-0468-0000-0028000003b1/click' to command name 'click'
&amp#27;[38;5;32m[AndroidUiautomator2Driver@cb04 (a84025fa)]&amp#27;[0m Proxying [POST /element/00000000-0000-0468-0000-0028000003b1/click] to [POST http://127.0.0.1:8209/session/e13e9c10-6759-487b-84e8-6054836a870e/element/00000000-0000-0468-0000-0028000003b1/click] with body: {"element":"00000000-0000-0468-0000-0028000003b1"}
&amp#27;[38;5;32m[AndroidUiautomator2Driver@cb04 (a84025fa)]&amp#27;[0m Got response with status 200: {"sessionId":"e13e9c10-6759-487b-84e8-6054836a870e","value":null}
&amp#27;[38;5;32m[AndroidUiautomator2Driver@cb04 (a84025fa)]&amp#27;[0m Responding to client with driver.click() result: null
&amp#27;[38;5;0m[HTTP]&amp#27;[0m &amp#27;[37m<-- POST /session/a84025fa-87fd-4432-a89c-6e57f823ae73/element/00000000-0000-0468-0000-0028000003b1/click &amp#27;[39m&amp#27;[32m200&amp#27;[39m &amp#27;[90m155 ms - 14&amp#27;[39m
&amp#27;[38;5;0m[HTTP]&amp#27;[0m &amp#27;[90m&amp#27;[39m
&amp#27;[38;5;0m[HTTP]&amp#27;[0m &amp#27;[37m-->&amp#27;[39m &amp#27;[37mGET&amp#27;[39m &amp#27;[37m/session/a84025fa-87fd-4432-a89c-6e57f823ae73/context&amp#27;[39m
&amp#27;[38;5;0m[HTTP]&amp#27;[0m &amp#27;[90m{}&amp#27;[39m
&amp#27;[38;5;32m[AndroidUiautomator2Driver@cb04 (a84025fa)]&amp#27;[0m Calling AppiumDriver.getCurrentContext() with args: ["a84025fa-87fd-4432-a89c-6e57f823ae73"]
&amp#27;[38;5;32m[AndroidUiautomator2Driver@cb04 (a84025fa)]&amp#27;[0m Responding to client with driver.getCurrentContext() result: "NATIVE_APP"
&amp#27;[38;5;0m[HTTP]&amp#27;[0m &amp#27;[37m<-- GET /session/a84025fa-87fd-4432-a89c-6e57f823ae73/context &amp#27;[39m&amp#27;[32m200&amp#27;[39m &amp#27;[90m1 ms - 22&amp#27;[39m
&amp#27;[38;5;0m[HTTP]&amp#27;[0m &amp#27;[90m&amp#27;[39m
&amp#27;[38;5;0m[HTTP]&amp#27;[0m &amp#27;[37m-->&amp#27;[39m &amp#27;[37mPOST&amp#27;[39m &amp#27;[37m/session/a84025fa-87fd-4432-a89c-6e57f823ae73/element&amp#27;[39m
&amp#27;[38;5;0m[HTTP]&amp#27;[0m &amp#27;[90m{"value":"com.fivemobile.thescore:id/search_bar_text_view","using":"id"}&amp#27;[39m
&amp#27;[38;5;32m[AndroidUiautomator2Driver@cb04 (a84025fa)]&amp#27;[0m Calling AppiumDriver.findElement() with args: ["id","com.fivemobile.thescore:id/search_bar_text_view","a84025fa-87fd-4432-a89c-6e57f823ae73"]
&amp#27;[38;5;32m[AndroidUiautomator2Driver@cb04 (a84025fa)]&amp#27;[0m Valid locator strategies for this request: xpath, id, class name, accessibility id, css selector, -android uiautomator
&amp#27;[38;5;32m[AndroidUiautomator2Driver@cb04 (a84025fa)]&amp#27;[0m Waiting up to 10000 ms for condition
&amp#27;[38;5;32m[AndroidUiautomator2Driver@cb04 (a84025fa)]&amp#27;[0m Matched '/element' to command name 'findElement'
&amp#27;[38;5;32m[AndroidUiautomator2Driver@cb04 (a84025fa)]&amp#27;[0m Proxying [POST /element] to [POST http://127.0.0.1:8209/session/e13e9c10-6759-487b-84e8-6054836a870e/element] with body: {"strategy":"id","selector":"com.fivemobile.thescore:id/search_bar_text_view","context":"","multiple":false}
&amp#27;[38;5;32m[AndroidUiautomator2Driver@cb04 (a84025fa)]&amp#27;[0m Got response with status 404: {"sessionId":"e13e9c10-6759-487b-84e8-6054836a870e","value":{"error":"no such element","message":"An element could not be located on the page using the given search parameters","stacktrace":"io.appium.uiautomator2.common.exceptions.ElementNotFoundException: An element could not be located on the page using the given search parameters\n\tat io.appium.uiautomator2.handler.FindElement.safeHandle(FindElement.java:63)\n\tat io.appium.uiautomator2.handler.request.SafeRequestHandler.handle(SafeRequestHandler.java:59)\n\tat io.appium.uiautomator2.server.AppiumServlet.handleRequest(AppiumServlet.java:259)\n\tat io.appium.uiautomator2.server.AppiumServlet.handleHttpRequest(AppiumServlet.java:253)\n\tat io.appium.uiautomator2.http.ServerHandler.channelRead(ServerHandler.java:77)\n\tat io.netty.channel.AbstractChannelHandlerContext.invokeChannelRead(AbstractChannelHandlerContext.java:366)\n\tat io.netty.channel.AbstractChannelHandlerContext.invokeChannelRead(AbstractChannelHandlerContext.java:352)\n\tat io.netty.chann...
&amp#27;[38;5;112m[W3C]&amp#27;[0m Matched W3C error code 'no such element' to NoSuchElementError
&amp#27;[38;5;32m[AndroidUiautomator2Driver@cb04 (a84025fa)]&amp#27;[0m Waited for 398 ms so far
&amp#27;[38;5;32m[AndroidUiautomator2Driver@cb04 (a84025fa)]&amp#27;[0m Matched '/element' to command name 'findElement'
&amp#27;[38;5;32m[AndroidUiautomator2Driver@cb04 (a84025fa)]&amp#27;[0m Proxying [POST /element] to [POST http://127.0.0.1:8209/session/e13e9c10-6759-487b-84e8-6054836a870e/element] with body: {"strategy":"id","selector":"com.fivemobile.thescore:id/search_bar_text_view","context":"","multiple":false}
&amp#27;[38;5;32m[AndroidUiautomator2Driver@cb04 (a84025fa)]&amp#27;[0m Got response with status 200: {"sessionId":"e13e9c10-6759-487b-84e8-6054836a870e","value":{"ELEMENT":"00000000-0000-0464-ffff-ffff00000363","element-6066-11e4-a52e-4f735466cecf":"00000000-0000-0464-ffff-ffff00000363"}}
&amp#27;[38;5;32m[AndroidUiautomator2Driver@cb04 (a84025fa)]&amp#27;[0m Responding to client with driver.findElement() result: {"element-6066-11e4-a52e-4f735466cecf":"00000000-0000-0464-ffff-ffff00000363","ELEMENT":"00000000-0000-0464-ffff-ffff00000363"}
&amp#27;[38;5;0m[HTTP]&amp#27;[0m &amp#27;[37m<-- POST /session/a84025fa-87fd-4432-a89c-6e57f823ae73/element &amp#27;[39m&amp#27;[32m200&amp#27;[39m &amp#27;[90m1055 ms - 137&amp#27;[39m
&amp#27;[38;5;0m[HTTP]&amp#27;[0m &amp#27;[90m&amp#27;[39m
&amp#27;[38;5;0m[HTTP]&amp#27;[0m &amp#27;[37m-->&amp#27;[39m &amp#27;[37mPOST&amp#27;[39m &amp#27;[37m/session/a84025fa-87fd-4432-a89c-6e57f823ae73/element/00000000-0000-0464-ffff-ffff00000363/click&amp#27;[39m
&amp#27;[38;5;0m[HTTP]&amp#27;[0m &amp#27;[90m{"id":"00000000-0000-0464-ffff-ffff00000363"}&amp#27;[39m
&amp#27;[38;5;32m[AndroidUiautomator2Driver@cb04 (a84025fa)]&amp#27;[0m Calling AppiumDriver.click() with args: ["00000000-0000-0464-ffff-ffff00000363","a84025fa-87fd-4432-a89c-6e57f823ae73"]
&amp#27;[38;5;32m[AndroidUiautomator2Driver@cb04 (a84025fa)]&amp#27;[0m Matched '/element/00000000-0000-0464-ffff-ffff00000363/click' to command name 'click'
&amp#27;[38;5;32m[AndroidUiautomator2Driver@cb04 (a84025fa)]&amp#27;[0m Proxying [POST /element/00000000-0000-0464-ffff-ffff00000363/click] to [POST http://127.0.0.1:8209/session/e13e9c10-6759-487b-84e8-6054836a870e/element/00000000-0000-0464-ffff-ffff00000363/click] with body: {"element":"00000000-0000-0464-ffff-ffff00000363"}
&amp#27;[38;5;32m[AndroidUiautomator2Driver@cb04 (a84025fa)]&amp#27;[0m Got response with status 200: {"sessionId":"e13e9c10-6759-487b-84e8-6054836a870e","value":null}
&amp#27;[38;5;32m[AndroidUiautomator2Driver@cb04 (a84025fa)]&amp#27;[0m Responding to client with driver.click() result: null
&amp#27;[38;5;0m[HTTP]&amp#27;[0m &amp#27;[37m<-- POST /session/a84025fa-87fd-4432-a89c-6e57f823ae73/element/00000000-0000-0464-ffff-ffff00000363/click &amp#27;[39m&amp#27;[32m200&amp#27;[39m &amp#27;[90m139 ms - 14&amp#27;[39m
&amp#27;[38;5;0m[HTTP]&amp#27;[0m &amp#27;[90m&amp#27;[39m
&amp#27;[38;5;0m[HTTP]&amp#27;[0m &amp#27;[37m-->&amp#27;[39m &amp#27;[37mGET&amp#27;[39m &amp#27;[37m/session/a84025fa-87fd-4432-a89c-6e57f823ae73/context&amp#27;[39m
&amp#27;[38;5;0m[HTTP]&amp#27;[0m &amp#27;[90m{}&amp#27;[39m
&amp#27;[38;5;32m[AndroidUiautomator2Driver@cb04 (a84025fa)]&amp#27;[0m Calling AppiumDriver.getCurrentContext() with args: ["a84025fa-87fd-4432-a89c-6e57f823ae73"]
&amp#27;[38;5;32m[AndroidUiautomator2Driver@cb04 (a84025fa)]&amp#27;[0m Responding to client with driver.getCurrentContext() result: "NATIVE_APP"
&amp#27;[38;5;0m[HTTP]&amp#27;[0m &amp#27;[37m<-- GET /session/a84025fa-87fd-4432-a89c-6e57f823ae73/context &amp#27;[39m&amp#27;[32m200&amp#27;[39m &amp#27;[90m1 ms - 22&amp#27;[39m
&amp#27;[38;5;0m[HTTP]&amp#27;[0m &amp#27;[90m&amp#27;[39m
&amp#27;[38;5;0m[HTTP]&amp#27;[0m &amp#27;[37m-->&amp#27;[39m &amp#27;[37mPOST&amp#27;[39m &amp#27;[37m/session/a84025fa-87fd-4432-a89c-6e57f823ae73/element&amp#27;[39m
&amp#27;[38;5;0m[HTTP]&amp#27;[0m &amp#27;[90m{"value":"com.fivemobile.thescore:id/search_src_text","using":"id"}&amp#27;[39m
&amp#27;[38;5;32m[AndroidUiautomator2Driver@cb04 (a84025fa)]&amp#27;[0m Calling AppiumDriver.findElement() with args: ["id","com.fivemobile.thescore:id/search_src_text","a84025fa-87fd-4432-a89c-6e57f823ae73"]
&amp#27;[38;5;32m[AndroidUiautomator2Driver@cb04 (a84025fa)]&amp#27;[0m Valid locator strategies for this request: xpath, id, class name, accessibility id, css selector, -android uiautomator
&amp#27;[38;5;32m[AndroidUiautomator2Driver@cb04 (a84025fa)]&amp#27;[0m Waiting up to 10000 ms for condition
&amp#27;[38;5;32m[AndroidUiautomator2Driver@cb04 (a84025fa)]&amp#27;[0m Matched '/element' to command name 'findElement'
&amp#27;[38;5;32m[AndroidUiautomator2Driver@cb04 (a84025fa)]&amp#27;[0m Proxying [POST /element] to [POST http://127.0.0.1:8209/session/e13e9c10-6759-487b-84e8-6054836a870e/element] with body: {"strategy":"id","selector":"com.fivemobile.thescore:id/search_src_text","context":"","multiple":false}
&amp#27;[38;5;32m[AndroidUiautomator2Driver@cb04 (a84025fa)]&amp#27;[0m Got response with status 200: {"sessionId":"e13e9c10-6759-487b-84e8-6054836a870e","value":{"ELEMENT":"00000000-0000-0464-ffff-ffff000003e6","element-6066-11e4-a52e-4f735466cecf":"00000000-0000-0464-ffff-ffff000003e6"}}
&amp#27;[38;5;32m[AndroidUiautomator2Driver@cb04 (a84025fa)]&amp#27;[0m Responding to client with driver.findElement() result: {"element-6066-11e4-a52e-4f735466cecf":"00000000-0000-0464-ffff-ffff000003e6","ELEMENT":"00000000-0000-0464-ffff-ffff000003e6"}
&amp#27;[38;5;0m[HTTP]&amp#27;[0m &amp#27;[37m<-- POST /session/a84025fa-87fd-4432-a89c-6e57f823ae73/element &amp#27;[39m&amp#27;[32m200&amp#27;[39m &amp#27;[90m2110 ms - 137&amp#27;[39m
&amp#27;[38;5;0m[HTTP]&amp#27;[0m &amp#27;[90m&amp#27;[39m
&amp#27;[38;5;0m[HTTP]&amp#27;[0m &amp#27;[37m-->&amp#27;[39m &amp#27;[37mPOST&amp#27;[39m &amp#27;[37m/session/a84025fa-87fd-4432-a89c-6e57f823ae73/element/00000000-0000-0464-ffff-ffff000003e6/value&amp#27;[39m
&amp#27;[38;5;0m[HTTP]&amp#27;[0m &amp#27;[90m{"text":"49ers","id":"00000000-0000-0464-ffff-ffff000003e6","value":["4","9","e","r","s"]}&amp#27;[39m
&amp#27;[38;5;32m[AndroidUiautomator2Driver@cb04 (a84025fa)]&amp#27;[0m Calling AppiumDriver.setValue() with args: [["4","9","e","r","s"],"00000000-0000-0464-ffff-ffff000003e6","a84025fa-87fd-4432-a89c-6e57f823ae73"]
&amp#27;[38;5;32m[AndroidUiautomator2Driver@cb04 (a84025fa)]&amp#27;[0m Matched '/element/00000000-0000-0464-ffff-ffff000003e6/value' to command name 'setValue'
&amp#27;[38;5;32m[AndroidUiautomator2Driver@cb04 (a84025fa)]&amp#27;[0m Added 'value' property ["4","9","e","r","s"] to 'setValue' request body
&amp#27;[38;5;32m[AndroidUiautomator2Driver@cb04 (a84025fa)]&amp#27;[0m Proxying [POST /element/00000000-0000-0464-ffff-ffff000003e6/value] to [POST http://127.0.0.1:8209/session/e13e9c10-6759-487b-84e8-6054836a870e/element/00000000-0000-0464-ffff-ffff000003e6/value] with body: {"elementId":"00000000-0000-0464-ffff-ffff000003e6","text":"49ers","replace":false,"value":["4","9","e","r","s"]}
&amp#27;[38;5;32m[AndroidUiautomator2Driver@cb04 (a84025fa)]&amp#27;[0m Got response with status 200: {"sessionId":"e13e9c10-6759-487b-84e8-6054836a870e","value":null}
&amp#27;[38;5;32m[AndroidUiautomator2Driver@cb04 (a84025fa)]&amp#27;[0m Responding to client with driver.setValue() result: null
&amp#27;[38;5;0m[HTTP]&amp#27;[0m &amp#27;[37m<-- POST /session/a84025fa-87fd-4432-a89c-6e57f823ae73/element/00000000-0000-0464-ffff-ffff000003e6/value &amp#27;[39m&amp#27;[32m200&amp#27;[39m &amp#27;[90m62 ms - 14&amp#27;[39m
&amp#27;[38;5;0m[HTTP]&amp#27;[0m &amp#27;[90m&amp#27;[39m
&amp#27;[38;5;0m[HTTP]&amp#27;[0m &amp#27;[37m-->&amp#27;[39m &amp#27;[37mGET&amp#27;[39m &amp#27;[37m/session/a84025fa-87fd-4432-a89c-6e57f823ae73/context&amp#27;[39m
&amp#27;[38;5;0m[HTTP]&amp#27;[0m &amp#27;[90m{}&amp#27;[39m
&amp#27;[38;5;32m[AndroidUiautomator2Driver@cb04 (a84025fa)]&amp#27;[0m Calling AppiumDriver.getCurrentContext() with args: ["a84025fa-87fd-4432-a89c-6e57f823ae73"]
&amp#27;[38;5;32m[AndroidUiautomator2Driver@cb04 (a84025fa)]&amp#27;[0m Responding to client with driver.getCurrentContext() result: "NATIVE_APP"
&amp#27;[38;5;0m[HTTP]&amp#27;[0m &amp#27;[37m<-- GET /session/a84025fa-87fd-4432-a89c-6e57f823ae73/context &amp#27;[39m&amp#27;[32m200&amp#27;[39m &amp#27;[90m1 ms - 22&amp#27;[39m
&amp#27;[38;5;0m[HTTP]&amp#27;[0m &amp#27;[90m&amp#27;[39m
&amp#27;[38;5;0m[HTTP]&amp#27;[0m &amp#27;[37m-->&amp#27;[39m &amp#27;[37mPOST&amp#27;[39m &amp#27;[37m/session/a84025fa-87fd-4432-a89c-6e57f823ae73/elements&amp#27;[39m
&amp#27;[38;5;0m[HTTP]&amp#27;[0m &amp#27;[90m{"value":"com.fivemobile.thescore:id/txt_name","using":"id"}&amp#27;[39m
&amp#27;[38;5;32m[AndroidUiautomator2Driver@cb04 (a84025fa)]&amp#27;[0m Calling AppiumDriver.findElements() with args: ["id","com.fivemobile.thescore:id/txt_name","a84025fa-87fd-4432-a89c-6e57f823ae73"]
&amp#27;[38;5;32m[AndroidUiautomator2Driver@cb04 (a84025fa)]&amp#27;[0m Valid locator strategies for this request: xpath, id, class name, accessibility id, css selector, -android uiautomator
&amp#27;[38;5;32m[AndroidUiautomator2Driver@cb04 (a84025fa)]&amp#27;[0m Waiting up to 10000 ms for condition
&amp#27;[38;5;32m[AndroidUiautomator2Driver@cb04 (a84025fa)]&amp#27;[0m Matched '/elements' to command name 'findElements'
&amp#27;[38;5;32m[AndroidUiautomator2Driver@cb04 (a84025fa)]&amp#27;[0m Proxying [POST /elements] to [POST http://127.0.0.1:8209/session/e13e9c10-6759-487b-84e8-6054836a870e/elements] with body: {"strategy":"id","selector":"com.fivemobile.thescore:id/txt_name","context":"","multiple":true}
&amp#27;[38;5;32m[AndroidUiautomator2Driver@cb04 (a84025fa)]&amp#27;[0m Got response with status 200: {"sessionId":"e13e9c10-6759-487b-84e8-6054836a870e","value":[{"ELEMENT":"00000000-0000-0464-ffff-ffff00000460","element-6066-11e4-a52e-4f735466cecf":"00000000-0000-0464-ffff-ffff00000460"},{"ELEMENT":"00000000-0000-0464-ffff-ffff00000466","element-6066-11e4-a52e-4f735466cecf":"00000000-0000-0464-ffff-ffff00000466"},{"ELEMENT":"00000000-0000-0464-ffff-ffff0000046c","element-6066-11e4-a52e-4f735466cecf":"00000000-0000-0464-ffff-ffff0000046c"},{"ELEMENT":"00000000-0000-0464-ffff-ffff00000472","element-6066-11e4-a52e-4f735466cecf":"00000000-0000-0464-ffff-ffff00000472"},{"ELEMENT":"00000000-0000-0464-ffff-ffff00000478","element-6066-11e4-a52e-4f735466cecf":"00000000-0000-0464-ffff-ffff00000478"},{"ELEMENT":"00000000-0000-0464-ffff-ffff0000047e","element-6066-11e4-a52e-4f735466cecf":"00000000-0000-0464-ffff-ffff0000047e"},{"ELEMENT":"00000000-0000-0464-ffff-ffff00000487","element-6066-11e4-a52e-4f735466cecf":"00000000-0000-0464-ffff-ffff00000487"}]}
&amp#27;[38;5;32m[AndroidUiautomator2Driver@cb04 (a84025fa)]&amp#27;[0m Responding to client with driver.findElements() result: [{"element-6066-11e4-a52e-4f735466cecf":"00000000-0000-0464-ffff-ffff00000460","ELEMENT":"00000000-0000-0464-ffff-ffff00000460"},{"element-6066-11e4-a52e-4f735466cecf":"00000000-0000-0464-ffff-ffff00000466","ELEMENT":"00000000-0000-0464-ffff-ffff00000466"},{"element-6066-11e4-a52e-4f735466cecf":"00000000-0000-0464-ffff-ffff0000046c","ELEMENT":"00000000-0000-0464-ffff-ffff0000046c"},{"element-6066-11e4-a52e-4f735466cecf":"00000000-0000-0464-ffff-ffff00000472","ELEMENT":"00000000-0000-0464-ffff-ffff00000472"},{"element-6066-11e4-a52e-4f735466cecf":"00000000-0000-0464-ffff-ffff00000478","ELEMENT":"00000000-0000-0464-ffff-ffff00000478"},{"element-6066-11e4-a52e-4f735466cecf":"00000000-0000-0464-ffff-ffff0000047e","ELEMENT":"00000000-0000-0464-ffff-ffff0000047e"},{"element-6066-11e4-a52e-4f735466cecf":"00000000-0000-0464-ffff-ffff00000487","ELEMENT":"00000000-0000-0464-ffff-ffff00000487"}]
&amp#27;[38;5;0m[HTTP]&amp#27;[0m &amp#27;[37m<-- POST /session/a84025fa-87fd-4432-a89c-6e57f823ae73/elements &amp#27;[39m&amp#27;[32m200&amp#27;[39m &amp#27;[90m1886 ms - 907&amp#27;[39m
&amp#27;[38;5;0m[HTTP]&amp#27;[0m &amp#27;[90m&amp#27;[39m
&amp#27;[38;5;0m[HTTP]&amp#27;[0m &amp#27;[37m-->&amp#27;[39m &amp#27;[37mGET&amp#27;[39m &amp#27;[37m/session/a84025fa-87fd-4432-a89c-6e57f823ae73/element/00000000-0000-0464-ffff-ffff00000460/text&amp#27;[39m
&amp#27;[38;5;0m[HTTP]&amp#27;[0m &amp#27;[90m{}&amp#27;[39m
&amp#27;[38;5;32m[AndroidUiautomator2Driver@cb04 (a84025fa)]&amp#27;[0m Driver proxy active, passing request on via HTTP proxy
&amp#27;[38;5;32m[AndroidUiautomator2Driver@cb04 (a84025fa)]&amp#27;[0m Matched '/session/a84025fa-87fd-4432-a89c-6e57f823ae73/element/00000000-0000-0464-ffff-ffff00000460/text' to command name 'getText'
&amp#27;[38;5;32m[AndroidUiautomator2Driver@cb04 (a84025fa)]&amp#27;[0m Proxying [GET /session/a84025fa-87fd-4432-a89c-6e57f823ae73/element/00000000-0000-0464-ffff-ffff00000460/text] to [GET http://127.0.0.1:8209/session/e13e9c10-6759-487b-84e8-6054836a870e/element/00000000-0000-0464-ffff-ffff00000460/text] with no body
&amp#27;[38;5;32m[AndroidUiautomator2Driver@cb04 (a84025fa)]&amp#27;[0m Got response with status 200: {"sessionId":"e13e9c10-6759-487b-84e8-6054836a870e","value":"San Francisco 49ers"}
&amp#27;[38;5;32m[AndroidUiautomator2Driver@cb04 (a84025fa)]&amp#27;[0m Replacing sessionId e13e9c10-6759-487b-84e8-6054836a870e with a84025fa-87fd-4432-a89c-6e57f823ae73
&amp#27;[38;5;0m[HTTP]&amp#27;[0m &amp#27;[37m<-- GET /session/a84025fa-87fd-4432-a89c-6e57f823ae73/element/00000000-0000-0464-ffff-ffff00000460/text &amp#27;[39m&amp#27;[32m200&amp#27;[39m &amp#27;[90m21 ms - 82&amp#27;[39m
&amp#27;[38;5;0m[HTTP]&amp#27;[0m &amp#27;[90m&amp#27;[39m
&amp#27;[38;5;0m[HTTP]&amp#27;[0m &amp#27;[37m-->&amp#27;[39m &amp#27;[37mPOST&amp#27;[39m &amp#27;[37m/session/a84025fa-87fd-4432-a89c-6e57f823ae73/element/00000000-0000-0464-ffff-ffff00000460/click&amp#27;[39m
&amp#27;[38;5;0m[HTTP]&amp#27;[0m &amp#27;[90m{"id":"00000000-0000-0464-ffff-ffff00000460"}&amp#27;[39m
&amp#27;[38;5;32m[AndroidUiautomator2Driver@cb04 (a84025fa)]&amp#27;[0m Calling AppiumDriver.click() with args: ["00000000-0000-0464-ffff-ffff00000460","a84025fa-87fd-4432-a89c-6e57f823ae73"]
&amp#27;[38;5;32m[AndroidUiautomator2Driver@cb04 (a84025fa)]&amp#27;[0m Matched '/element/00000000-0000-0464-ffff-ffff00000460/click' to command name 'click'
&amp#27;[38;5;32m[AndroidUiautomator2Driver@cb04 (a84025fa)]&amp#27;[0m Proxying [POST /element/00000000-0000-0464-ffff-ffff00000460/click] to [POST http://127.0.0.1:8209/session/e13e9c10-6759-487b-84e8-6054836a870e/element/00000000-0000-0464-ffff-ffff00000460/click] with body: {"element":"00000000-0000-0464-ffff-ffff00000460"}
&amp#27;[38;5;32m[AndroidUiautomator2Driver@cb04 (a84025fa)]&amp#27;[0m Got response with status 200: {"sessionId":"e13e9c10-6759-487b-84e8-6054836a870e","value":null}
&amp#27;[38;5;32m[AndroidUiautomator2Driver@cb04 (a84025fa)]&amp#27;[0m Responding to client with driver.click() result: null
&amp#27;[38;5;0m[HTTP]&amp#27;[0m &amp#27;[37m<-- POST /session/a84025fa-87fd-4432-a89c-6e57f823ae73/element/00000000-0000-0464-ffff-ffff00000460/click &amp#27;[39m&amp#27;[32m200&amp#27;[39m &amp#27;[90m677 ms - 14&amp#27;[39m
&amp#27;[38;5;0m[HTTP]&amp#27;[0m &amp#27;[90m&amp#27;[39m
&amp#27;[38;5;0m[HTTP]&amp#27;[0m &amp#27;[37m-->&amp#27;[39m &amp#27;[37mGET&amp#27;[39m &amp#27;[37m/session/a84025fa-87fd-4432-a89c-6e57f823ae73/context&amp#27;[39m
&amp#27;[38;5;0m[HTTP]&amp#27;[0m &amp#27;[90m{}&amp#27;[39m
&amp#27;[38;5;32m[AndroidUiautomator2Driver@cb04 (a84025fa)]&amp#27;[0m Calling AppiumDriver.getCurrentContext() with args: ["a84025fa-87fd-4432-a89c-6e57f823ae73"]
&amp#27;[38;5;32m[AndroidUiautomator2Driver@cb04 (a84025fa)]&amp#27;[0m Responding to client with driver.getCurrentContext() result: "NATIVE_APP"
&amp#27;[38;5;0m[HTTP]&amp#27;[0m &amp#27;[37m<-- GET /session/a84025fa-87fd-4432-a89c-6e57f823ae73/context &amp#27;[39m&amp#27;[32m200&amp#27;[39m &amp#27;[90m1 ms - 22&amp#27;[39m
&amp#27;[38;5;0m[HTTP]&amp#27;[0m &amp#27;[90m&amp#27;[39m
&amp#27;[38;5;0m[HTTP]&amp#27;[0m &amp#27;[37m-->&amp#27;[39m &amp#27;[37mPOST&amp#27;[39m &amp#27;[37m/session/a84025fa-87fd-4432-a89c-6e57f823ae73/element&amp#27;[39m
&amp#27;[38;5;0m[HTTP]&amp#27;[0m &amp#27;[90m{"value":"com.fivemobile.thescore:id/team_name","using":"id"}&amp#27;[39m
&amp#27;[38;5;32m[AndroidUiautomator2Driver@cb04 (a84025fa)]&amp#27;[0m Calling AppiumDriver.findElement() with args: ["id","com.fivemobile.thescore:id/team_name","a84025fa-87fd-4432-a89c-6e57f823ae73"]
&amp#27;[38;5;32m[AndroidUiautomator2Driver@cb04 (a84025fa)]&amp#27;[0m Valid locator strategies for this request: xpath, id, class name, accessibility id, css selector, -android uiautomator
&amp#27;[38;5;32m[AndroidUiautomator2Driver@cb04 (a84025fa)]&amp#27;[0m Waiting up to 10000 ms for condition
&amp#27;[38;5;32m[AndroidUiautomator2Driver@cb04 (a84025fa)]&amp#27;[0m Matched '/element' to command name 'findElement'
&amp#27;[38;5;32m[AndroidUiautomator2Driver@cb04 (a84025fa)]&amp#27;[0m Proxying [POST /element] to [POST http://127.0.0.1:8209/session/e13e9c10-6759-487b-84e8-6054836a870e/element] with body: {"strategy":"id","selector":"com.fivemobile.thescore:id/team_name","context":"","multiple":false}
&amp#27;[38;5;32m[AndroidUiautomator2Driver@cb04 (a84025fa)]&amp#27;[0m Got response with status 404: {"sessionId":"e13e9c10-6759-487b-84e8-6054836a870e","value":{"error":"no such element","message":"An element could not be located on the page using the given search parameters","stacktrace":"io.appium.uiautomator2.common.exceptions.ElementNotFoundException: An element could not be located on the page using the given search parameters\n\tat io.appium.uiautomator2.handler.FindElement.safeHandle(FindElement.java:63)\n\tat io.appium.uiautomator2.handler.request.SafeRequestHandler.handle(SafeRequestHandler.java:59)\n\tat io.appium.uiautomator2.server.AppiumServlet.handleRequest(AppiumServlet.java:259)\n\tat io.appium.uiautomator2.server.AppiumServlet.handleHttpRequest(AppiumServlet.java:253)\n\tat io.appium.uiautomator2.http.ServerHandler.channelRead(ServerHandler.java:77)\n\tat io.netty.channel.AbstractChannelHandlerContext.invokeChannelRead(AbstractChannelHandlerContext.java:366)\n\tat io.netty.channel.AbstractChannelHandlerContext.invokeChannelRead(AbstractChannelHandlerContext.java:352)\n\tat io.netty.chann...
&amp#27;[38;5;112m[W3C]&amp#27;[0m Matched W3C error code 'no such element' to NoSuchElementError
&amp#27;[38;5;32m[AndroidUiautomator2Driver@cb04 (a84025fa)]&amp#27;[0m Waited for 604 ms so far
&amp#27;[38;5;32m[AndroidUiautomator2Driver@cb04 (a84025fa)]&amp#27;[0m Matched '/element' to command name 'findElement'
&amp#27;[38;5;32m[AndroidUiautomator2Driver@cb04 (a84025fa)]&amp#27;[0m Proxying [POST /element] to [POST http://127.0.0.1:8209/session/e13e9c10-6759-487b-84e8-6054836a870e/element] with body: {"strategy":"id","selector":"com.fivemobile.thescore:id/team_name","context":"","multiple":false}
&amp#27;[38;5;32m[AndroidUiautomator2Driver@cb04 (a84025fa)]&amp#27;[0m Got response with status 200: {"sessionId":"e13e9c10-6759-487b-84e8-6054836a870e","value":{"ELEMENT":"00000000-0000-0464-ffff-ffff000004ed","element-6066-11e4-a52e-4f735466cecf":"00000000-0000-0464-ffff-ffff000004ed"}}
&amp#27;[38;5;32m[AndroidUiautomator2Driver@cb04 (a84025fa)]&amp#27;[0m Responding to client with driver.findElement() result: {"element-6066-11e4-a52e-4f735466cecf":"00000000-0000-0464-ffff-ffff000004ed","ELEMENT":"00000000-0000-0464-ffff-ffff000004ed"}
&amp#27;[38;5;0m[HTTP]&amp#27;[0m &amp#27;[37m<-- POST /session/a84025fa-87fd-4432-a89c-6e57f823ae73/element &amp#27;[39m&amp#27;[32m200&amp#27;[39m &amp#27;[90m1276 ms - 137&amp#27;[39m
&amp#27;[38;5;0m[HTTP]&amp#27;[0m &amp#27;[90m&amp#27;[39m
&amp#27;[38;5;0m[HTTP]&amp#27;[0m &amp#27;[37m-->&amp#27;[39m &amp#27;[37mGET&amp#27;[39m &amp#27;[37m/session/a84025fa-87fd-4432-a89c-6e57f823ae73/element/00000000-0000-0464-ffff-ffff000004ed/text&amp#27;[39m
&amp#27;[38;5;0m[HTTP]&amp#27;[0m &amp#27;[90m{}&amp#27;[39m
&amp#27;[38;5;32m[AndroidUiautomator2Driver@cb04 (a84025fa)]&amp#27;[0m Driver proxy active, passing request on via HTTP proxy
&amp#27;[38;5;32m[AndroidUiautomator2Driver@cb04 (a84025fa)]&amp#27;[0m Matched '/session/a84025fa-87fd-4432-a89c-6e57f823ae73/element/00000000-0000-0464-ffff-ffff000004ed/text' to command name 'getText'
&amp#27;[38;5;32m[AndroidUiautomator2Driver@cb04 (a84025fa)]&amp#27;[0m Proxying [GET /session/a84025fa-87fd-4432-a89c-6e57f823ae73/element/00000000-0000-0464-ffff-ffff000004ed/text] to [GET http://127.0.0.1:8209/session/e13e9c10-6759-487b-84e8-6054836a870e/element/00000000-0000-0464-ffff-ffff000004ed/text] with no body
&amp#27;[38;5;32m[AndroidUiautomator2Driver@cb04 (a84025fa)]&amp#27;[0m Got response with status 200: {"sessionId":"e13e9c10-6759-487b-84e8-6054836a870e","value":"San Francisco 49ers"}
&amp#27;[38;5;32m[AndroidUiautomator2Driver@cb04 (a84025fa)]&amp#27;[0m Replacing sessionId e13e9c10-6759-487b-84e8-6054836a870e with a84025fa-87fd-4432-a89c-6e57f823ae73
&amp#27;[38;5;0m[HTTP]&amp#27;[0m &amp#27;[37m<-- GET /session/a84025fa-87fd-4432-a89c-6e57f823ae73/element/00000000-0000-0464-ffff-ffff000004ed/text &amp#27;[39m&amp#27;[32m200&amp#27;[39m &amp#27;[90m2273 ms - 82&amp#27;[39m
&amp#27;[38;5;0m[HTTP]&amp#27;[0m &amp#27;[90m&amp#27;[39m
&amp#27;[38;5;0m[HTTP]&amp#27;[0m &amp#27;[37m-->&amp#27;[39m &amp#27;[37mGET&amp#27;[39m &amp#27;[37m/session/a84025fa-87fd-4432-a89c-6e57f823ae73/context&amp#27;[39m
&amp#27;[38;5;0m[HTTP]&amp#27;[0m &amp#27;[90m{}&amp#27;[39m
&amp#27;[38;5;32m[AndroidUiautomator2Driver@cb04 (a84025fa)]&amp#27;[0m Calling AppiumDriver.getCurrentContext() with args: ["a84025fa-87fd-4432-a89c-6e57f823ae73"]
&amp#27;[38;5;32m[AndroidUiautomator2Driver@cb04 (a84025fa)]&amp#27;[0m Responding to client with driver.getCurrentContext() result: "NATIVE_APP"
&amp#27;[38;5;0m[HTTP]&amp#27;[0m &amp#27;[37m<-- GET /session/a84025fa-87fd-4432-a89c-6e57f823ae73/context &amp#27;[39m&amp#27;[32m200&amp#27;[39m &amp#27;[90m1 ms - 22&amp#27;[39m
&amp#27;[38;5;0m[HTTP]&amp#27;[0m &amp#27;[90m&amp#27;[39m
&amp#27;[38;5;0m[HTTP]&amp#27;[0m &amp#27;[37m-->&amp#27;[39m &amp#27;[37mPOST&amp#27;[39m &amp#27;[37m/session/a84025fa-87fd-4432-a89c-6e57f823ae73/element&amp#27;[39m
&amp#27;[38;5;0m[HTTP]&amp#27;[0m &amp#27;[90m{"value":"Team Stats","using":"accessibility id"}&amp#27;[39m
&amp#27;[38;5;32m[AndroidUiautomator2Driver@cb04 (a84025fa)]&amp#27;[0m Calling AppiumDriver.findElement() with args: ["accessibility id","Team Stats","a84025fa-87fd-4432-a89c-6e57f823ae73"]
&amp#27;[38;5;32m[AndroidUiautomator2Driver@cb04 (a84025fa)]&amp#27;[0m Valid locator strategies for this request: xpath, id, class name, accessibility id, css selector, -android uiautomator
&amp#27;[38;5;32m[AndroidUiautomator2Driver@cb04 (a84025fa)]&amp#27;[0m Waiting up to 10000 ms for condition
&amp#27;[38;5;32m[AndroidUiautomator2Driver@cb04 (a84025fa)]&amp#27;[0m Matched '/element' to command name 'findElement'
&amp#27;[38;5;32m[AndroidUiautomator2Driver@cb04 (a84025fa)]&amp#27;[0m Proxying [POST /element] to [POST http://127.0.0.1:8209/session/e13e9c10-6759-487b-84e8-6054836a870e/element] with body: {"strategy":"accessibility id","selector":"Team Stats","context":"","multiple":false}
&amp#27;[38;5;32m[AndroidUiautomator2Driver@cb04 (a84025fa)]&amp#27;[0m Got response with status 200: {"sessionId":"e13e9c10-6759-487b-84e8-6054836a870e","value":{"ELEMENT":"00000000-0000-0464-ffff-ffff00000544","element-6066-11e4-a52e-4f735466cecf":"00000000-0000-0464-ffff-ffff00000544"}}
&amp#27;[38;5;32m[AndroidUiautomator2Driver@cb04 (a84025fa)]&amp#27;[0m Responding to client with driver.findElement() result: {"element-6066-11e4-a52e-4f735466cecf":"00000000-0000-0464-ffff-ffff00000544","ELEMENT":"00000000-0000-0464-ffff-ffff00000544"}
&amp#27;[38;5;0m[HTTP]&amp#27;[0m &amp#27;[37m<-- POST /session/a84025fa-87fd-4432-a89c-6e57f823ae73/element &amp#27;[39m&amp#27;[32m200&amp#27;[39m &amp#27;[90m32 ms - 137&amp#27;[39m
&amp#27;[38;5;0m[HTTP]&amp#27;[0m &amp#27;[90m&amp#27;[39m
&amp#27;[38;5;0m[HTTP]&amp#27;[0m &amp#27;[37m-->&amp#27;[39m &amp#27;[37mPOST&amp#27;[39m &amp#27;[37m/session/a84025fa-87fd-4432-a89c-6e57f823ae73/element/00000000-0000-0464-ffff-ffff00000544/click&amp#27;[39m
&amp#27;[38;5;0m[HTTP]&amp#27;[0m &amp#27;[90m{"id":"00000000-0000-0464-ffff-ffff00000544"}&amp#27;[39m
&amp#27;[38;5;32m[AndroidUiautomator2Driver@cb04 (a84025fa)]&amp#27;[0m Calling AppiumDriver.click() with args: ["00000000-0000-0464-ffff-ffff00000544","a84025fa-87fd-4432-a89c-6e57f823ae73"]
&amp#27;[38;5;32m[AndroidUiautomator2Driver@cb04 (a84025fa)]&amp#27;[0m Matched '/element/00000000-0000-0464-ffff-ffff00000544/click' to command name 'click'
&amp#27;[38;5;32m[AndroidUiautomator2Driver@cb04 (a84025fa)]&amp#27;[0m Proxying [POST /element/00000000-0000-0464-ffff-ffff00000544/click] to [POST http://127.0.0.1:8209/session/e13e9c10-6759-487b-84e8-6054836a870e/element/00000000-0000-0464-ffff-ffff00000544/click] with body: {"element":"00000000-0000-0464-ffff-ffff00000544"}
&amp#27;[38;5;32m[AndroidUiautomator2Driver@cb04 (a84025fa)]&amp#27;[0m Got response with status 200: {"sessionId":"e13e9c10-6759-487b-84e8-6054836a870e","value":null}
&amp#27;[38;5;32m[AndroidUiautomator2Driver@cb04 (a84025fa)]&amp#27;[0m Responding to client with driver.click() result: null
&amp#27;[38;5;0m[HTTP]&amp#27;[0m &amp#27;[37m<-- POST /session/a84025fa-87fd-4432-a89c-6e57f823ae73/element/00000000-0000-0464-ffff-ffff00000544/click &amp#27;[39m&amp#27;[32m200&amp#27;[39m &amp#27;[90m75 ms - 14&amp#27;[39m
&amp#27;[38;5;0m[HTTP]&amp#27;[0m &amp#27;[90m&amp#27;[39m
&amp#27;[38;5;0m[HTTP]&amp#27;[0m &amp#27;[37m-->&amp#27;[39m &amp#27;[37mGET&amp#27;[39m &amp#27;[37m/session/a84025fa-87fd-4432-a89c-6e57f823ae73/context&amp#27;[39m
&amp#27;[38;5;0m[HTTP]&amp#27;[0m &amp#27;[90m{}&amp#27;[39m
&amp#27;[38;5;32m[AndroidUiautomator2Driver@cb04 (a84025fa)]&amp#27;[0m Calling AppiumDriver.getCurrentContext() with args: ["a84025fa-87fd-4432-a89c-6e57f823ae73"]
&amp#27;[38;5;32m[AndroidUiautomator2Driver@cb04 (a84025fa)]&amp#27;[0m Responding to client with driver.getCurrentContext() result: "NATIVE_APP"
&amp#27;[38;5;0m[HTTP]&amp#27;[0m &amp#27;[37m<-- GET /session/a84025fa-87fd-4432-a89c-6e57f823ae73/context &amp#27;[39m&amp#27;[32m200&amp#27;[39m &amp#27;[90m1 ms - 22&amp#27;[39m
&amp#27;[38;5;0m[HTTP]&amp#27;[0m &amp#27;[90m&amp#27;[39m
&amp#27;[38;5;0m[HTTP]&amp#27;[0m &amp#27;[37m-->&amp#27;[39m &amp#27;[37mPOST&amp#27;[39m &amp#27;[37m/session/a84025fa-87fd-4432-a89c-6e57f823ae73/element&amp#27;[39m
&amp#27;[38;5;0m[HTTP]&amp#27;[0m &amp#27;[90m{"value":"Team Stats","using":"accessibility id"}&amp#27;[39m
&amp#27;[38;5;32m[AndroidUiautomator2Driver@cb04 (a84025fa)]&amp#27;[0m Calling AppiumDriver.findElement() with args: ["accessibility id","Team Stats","a84025fa-87fd-4432-a89c-6e57f823ae73"]
&amp#27;[38;5;32m[AndroidUiautomator2Driver@cb04 (a84025fa)]&amp#27;[0m Valid locator strategies for this request: xpath, id, class name, accessibility id, css selector, -android uiautomator
&amp#27;[38;5;32m[AndroidUiautomator2Driver@cb04 (a84025fa)]&amp#27;[0m Waiting up to 10000 ms for condition
&amp#27;[38;5;32m[AndroidUiautomator2Driver@cb04 (a84025fa)]&amp#27;[0m Matched '/element' to command name 'findElement'
&amp#27;[38;5;32m[AndroidUiautomator2Driver@cb04 (a84025fa)]&amp#27;[0m Proxying [POST /element] to [POST http://127.0.0.1:8209/session/e13e9c10-6759-487b-84e8-6054836a870e/element] with body: {"strategy":"accessibility id","selector":"Team Stats","context":"","multiple":false}
&amp#27;[38;5;32m[AndroidUiautomator2Driver@cb04 (a84025fa)]&amp#27;[0m Got response with status 200: {"sessionId":"e13e9c10-6759-487b-84e8-6054836a870e","value":{"ELEMENT":"00000000-0000-0464-ffff-ffff00000544","element-6066-11e4-a52e-4f735466cecf":"00000000-0000-0464-ffff-ffff00000544"}}
&amp#27;[38;5;32m[AndroidUiautomator2Driver@cb04 (a84025fa)]&amp#27;[0m Responding to client with driver.findElement() result: {"element-6066-11e4-a52e-4f735466cecf":"00000000-0000-0464-ffff-ffff00000544","ELEMENT":"00000000-0000-0464-ffff-ffff00000544"}
&amp#27;[38;5;0m[HTTP]&amp#27;[0m &amp#27;[37m<-- POST /session/a84025fa-87fd-4432-a89c-6e57f823ae73/element &amp#27;[39m&amp#27;[32m200&amp#27;[39m &amp#27;[90m396 ms - 137&amp#27;[39m
&amp#27;[38;5;0m[HTTP]&amp#27;[0m &amp#27;[90m&amp#27;[39m
&amp#27;[38;5;0m[HTTP]&amp#27;[0m &amp#27;[37m-->&amp#27;[39m &amp#27;[37mGET&amp#27;[39m &amp#27;[37m/session/a84025fa-87fd-4432-a89c-6e57f823ae73/element/00000000-0000-0464-ffff-ffff00000544/attribute/selected&amp#27;[39m
&amp#27;[38;5;0m[HTTP]&amp#27;[0m &amp#27;[90m{}&amp#27;[39m
&amp#27;[38;5;32m[AndroidUiautomator2Driver@cb04 (a84025fa)]&amp#27;[0m Calling AppiumDriver.getAttribute() with args: ["selected","00000000-0000-0464-ffff-ffff00000544","a84025fa-87fd-4432-a89c-6e57f823ae73"]
&amp#27;[38;5;32m[AndroidUiautomator2Driver@cb04 (a84025fa)]&amp#27;[0m Matched '/element/00000000-0000-0464-ffff-ffff00000544/attribute/selected' to command name 'getAttribute'
&amp#27;[38;5;32m[AndroidUiautomator2Driver@cb04 (a84025fa)]&amp#27;[0m Proxying [GET /element/00000000-0000-0464-ffff-ffff00000544/attribute/selected] to [GET http://127.0.0.1:8209/session/e13e9c10-6759-487b-84e8-6054836a870e/element/00000000-0000-0464-ffff-ffff00000544/attribute/selected] with no body
&amp#27;[38;5;32m[AndroidUiautomator2Driver@cb04 (a84025fa)]&amp#27;[0m Got response with status 200: {"sessionId":"e13e9c10-6759-487b-84e8-6054836a870e","value":"true"}
&amp#27;[38;5;32m[AndroidUiautomator2Driver@cb04 (a84025fa)]&amp#27;[0m Responding to client with driver.getAttribute() result: "true"
&amp#27;[38;5;0m[HTTP]&amp#27;[0m &amp#27;[37m<-- GET /session/a84025fa-87fd-4432-a89c-6e57f823ae73/element/00000000-0000-0464-ffff-ffff00000544/attribute/selected &amp#27;[39m&amp#27;[32m200&amp#27;[39m &amp#27;[90m1294 ms - 16&amp#27;[39m
&amp#27;[38;5;0m[HTTP]&amp#27;[0m &amp#27;[90m&amp#27;[39m
&amp#27;[38;5;0m[HTTP]&amp#27;[0m &amp#27;[37m-->&amp#27;[39m &amp#27;[37mGET&amp#27;[39m &amp#27;[37m/session/a84025fa-87fd-4432-a89c-6e57f823ae73/context&amp#27;[39m
&amp#27;[38;5;0m[HTTP]&amp#27;[0m &amp#27;[90m{}&amp#27;[39m
&amp#27;[38;5;32m[AndroidUiautomator2Driver@cb04 (a84025fa)]&amp#27;[0m Calling AppiumDriver.getCurrentContext() with args: ["a84025fa-87fd-4432-a89c-6e57f823ae73"]
&amp#27;[38;5;32m[AndroidUiautomator2Driver@cb04 (a84025fa)]&amp#27;[0m Responding to client with driver.getCurrentContext() result: "NATIVE_APP"
&amp#27;[38;5;0m[HTTP]&amp#27;[0m &amp#27;[37m<-- GET /session/a84025fa-87fd-4432-a89c-6e57f823ae73/context &amp#27;[39m&amp#27;[32m200&amp#27;[39m &amp#27;[90m1 ms - 22&amp#27;[39m
&amp#27;[38;5;0m[HTTP]&amp#27;[0m &amp#27;[90m&amp#27;[39m
&amp#27;[38;5;0m[HTTP]&amp#27;[0m &amp#27;[37m-->&amp#27;[39m &amp#27;[37mPOST&amp#27;[39m &amp#27;[37m/session/a84025fa-87fd-4432-a89c-6e57f823ae73/element&amp#27;[39m
&amp#27;[38;5;0m[HTTP]&amp#27;[0m &amp#27;[90m{"value":"//android.widget.TextView[@text='TEAM STATS']","using":"xpath"}&amp#27;[39m
&amp#27;[38;5;32m[AndroidUiautomator2Driver@cb04 (a84025fa)]&amp#27;[0m Calling AppiumDriver.findElement() with args: ["xpath","//android.widget.TextView[@text='TEAM STATS']","a84025fa-87fd-4432-a89c-6e57f823ae73"]
&amp#27;[38;5;32m[AndroidUiautomator2Driver@cb04 (a84025fa)]&amp#27;[0m Valid locator strategies for this request: xpath, id, class name, accessibility id, css selector, -android uiautomator
&amp#27;[38;5;32m[AndroidUiautomator2Driver@cb04 (a84025fa)]&amp#27;[0m Waiting up to 10000 ms for condition
&amp#27;[38;5;32m[AndroidUiautomator2Driver@cb04 (a84025fa)]&amp#27;[0m Matched '/element' to command name 'findElement'
&amp#27;[38;5;32m[AndroidUiautomator2Driver@cb04 (a84025fa)]&amp#27;[0m Proxying [POST /element] to [POST http://127.0.0.1:8209/session/e13e9c10-6759-487b-84e8-6054836a870e/element] with body: {"strategy":"xpath","selector":"//android.widget.TextView[@text='TEAM STATS']","context":"","multiple":false}
&amp#27;[38;5;32m[AndroidUiautomator2Driver@cb04 (a84025fa)]&amp#27;[0m Got response with status 200: {"sessionId":"e13e9c10-6759-487b-84e8-6054836a870e","value":{"ELEMENT":"00000000-0000-0464-ffff-ffff00000546","element-6066-11e4-a52e-4f735466cecf":"00000000-0000-0464-ffff-ffff00000546"}}
&amp#27;[38;5;32m[AndroidUiautomator2Driver@cb04 (a84025fa)]&amp#27;[0m Responding to client with driver.findElement() result: {"element-6066-11e4-a52e-4f735466cecf":"00000000-0000-0464-ffff-ffff00000546","ELEMENT":"00000000-0000-0464-ffff-ffff00000546"}
&amp#27;[38;5;0m[HTTP]&amp#27;[0m &amp#27;[37m<-- POST /session/a84025fa-87fd-4432-a89c-6e57f823ae73/element &amp#27;[39m&amp#27;[32m200&amp#27;[39m &amp#27;[90m1452 ms - 137&amp#27;[39m
&amp#27;[38;5;0m[HTTP]&amp#27;[0m &amp#27;[90m&amp#27;[39m
&amp#27;[38;5;0m[HTTP]&amp#27;[0m &amp#27;[37m-->&amp#27;[39m &amp#27;[37mGET&amp#27;[39m &amp#27;[37m/session/a84025fa-87fd-4432-a89c-6e57f823ae73/element/00000000-0000-0464-ffff-ffff00000546/text&amp#27;[39m
&amp#27;[38;5;0m[HTTP]&amp#27;[0m &amp#27;[90m{}&amp#27;[39m
&amp#27;[38;5;32m[AndroidUiautomator2Driver@cb04 (a84025fa)]&amp#27;[0m Driver proxy active, passing request on via HTTP proxy
&amp#27;[38;5;32m[AndroidUiautomator2Driver@cb04 (a84025fa)]&amp#27;[0m Matched '/session/a84025fa-87fd-4432-a89c-6e57f823ae73/element/00000000-0000-0464-ffff-ffff00000546/text' to command name 'getText'
&amp#27;[38;5;32m[AndroidUiautomator2Driver@cb04 (a84025fa)]&amp#27;[0m Proxying [GET /session/a84025fa-87fd-4432-a89c-6e57f823ae73/element/00000000-0000-0464-ffff-ffff00000546/text] to [GET http://127.0.0.1:8209/session/e13e9c10-6759-487b-84e8-6054836a870e/element/00000000-0000-0464-ffff-ffff00000546/text] with no body
&amp#27;[38;5;32m[AndroidUiautomator2Driver@cb04 (a84025fa)]&amp#27;[0m Got response with status 200: {"sessionId":"e13e9c10-6759-487b-84e8-6054836a870e","value":"TEAM STATS"}
&amp#27;[38;5;32m[AndroidUiautomator2Driver@cb04 (a84025fa)]&amp#27;[0m Replacing sessionId e13e9c10-6759-487b-84e8-6054836a870e with a84025fa-87fd-4432-a89c-6e57f823ae73
&amp#27;[38;5;0m[HTTP]&amp#27;[0m &amp#27;[37m<-- GET /session/a84025fa-87fd-4432-a89c-6e57f823ae73/element/00000000-0000-0464-ffff-ffff00000546/text &amp#27;[39m&amp#27;[32m200&amp#27;[39m &amp#27;[90m22 ms - 73&amp#27;[39m
&amp#27;[38;5;0m[HTTP]&amp#27;[0m &amp#27;[90m&amp#27;[39m
&amp#27;[38;5;0m[HTTP]&amp#27;[0m &amp#27;[37m-->&amp#27;[39m &amp#27;[37mGET&amp#27;[39m &amp#27;[37m/session/a84025fa-87fd-4432-a89c-6e57f823ae73/context&amp#27;[39m
&amp#27;[38;5;0m[HTTP]&amp#27;[0m &amp#27;[90m{}&amp#27;[39m
&amp#27;[38;5;32m[AndroidUiautomator2Driver@cb04 (a84025fa)]&amp#27;[0m Calling AppiumDriver.getCurrentContext() with args: ["a84025fa-87fd-4432-a89c-6e57f823ae73"]
&amp#27;[38;5;32m[AndroidUiautomator2Driver@cb04 (a84025fa)]&amp#27;[0m Responding to client with driver.getCurrentContext() result: "NATIVE_APP"
&amp#27;[38;5;0m[HTTP]&amp#27;[0m &amp#27;[37m<-- GET /session/a84025fa-87fd-4432-a89c-6e57f823ae73/context &amp#27;[39m&amp#27;[32m200&amp#27;[39m &amp#27;[90m1 ms - 22&amp#27;[39m
&amp#27;[38;5;0m[HTTP]&amp#27;[0m &amp#27;[90m&amp#27;[39m
&amp#27;[38;5;0m[HTTP]&amp#27;[0m &amp#27;[37m-->&amp#27;[39m &amp#27;[37mPOST&amp#27;[39m &amp#27;[37m/session/a84025fa-87fd-4432-a89c-6e57f823ae73/element&amp#27;[39m
&amp#27;[38;5;0m[HTTP]&amp#27;[0m &amp#27;[90m{"value":"com.fivemobile.thescore:id/team_name","using":"id"}&amp#27;[39m
&amp#27;[38;5;32m[AndroidUiautomator2Driver@cb04 (a84025fa)]&amp#27;[0m Calling AppiumDriver.findElement() with args: ["id","com.fivemobile.thescore:id/team_name","a84025fa-87fd-4432-a89c-6e57f823ae73"]
&amp#27;[38;5;32m[AndroidUiautomator2Driver@cb04 (a84025fa)]&amp#27;[0m Valid locator strategies for this request: xpath, id, class name, accessibility id, css selector, -android uiautomator
&amp#27;[38;5;32m[AndroidUiautomator2Driver@cb04 (a84025fa)]&amp#27;[0m Waiting up to 10000 ms for condition
&amp#27;[38;5;32m[AndroidUiautomator2Driver@cb04 (a84025fa)]&amp#27;[0m Matched '/element' to command name 'findElement'
&amp#27;[38;5;32m[AndroidUiautomator2Driver@cb04 (a84025fa)]&amp#27;[0m Proxying [POST /element] to [POST http://127.0.0.1:8209/session/e13e9c10-6759-487b-84e8-6054836a870e/element] with body: {"strategy":"id","selector":"com.fivemobile.thescore:id/team_name","context":"","multiple":false}
&amp#27;[38;5;32m[AndroidUiautomator2Driver@cb04 (a84025fa)]&amp#27;[0m Got response with status 200: {"sessionId":"e13e9c10-6759-487b-84e8-6054836a870e","value":{"ELEMENT":"00000000-0000-0464-ffff-ffff000004ed","element-6066-11e4-a52e-4f735466cecf":"00000000-0000-0464-ffff-ffff000004ed"}}
&amp#27;[38;5;32m[AndroidUiautomator2Driver@cb04 (a84025fa)]&amp#27;[0m Responding to client with driver.findElement() result: {"element-6066-11e4-a52e-4f735466cecf":"00000000-0000-0464-ffff-ffff000004ed","ELEMENT":"00000000-0000-0464-ffff-ffff000004ed"}
&amp#27;[38;5;0m[HTTP]&amp#27;[0m &amp#27;[37m<-- POST /session/a84025fa-87fd-4432-a89c-6e57f823ae73/element &amp#27;[39m&amp#27;[32m200&amp#27;[39m &amp#27;[90m43 ms - 137&amp#27;[39m
&amp#27;[38;5;0m[HTTP]&amp#27;[0m &amp#27;[90m&amp#27;[39m
&amp#27;[38;5;0m[HTTP]&amp#27;[0m &amp#27;[37m-->&amp#27;[39m &amp#27;[37mGET&amp#27;[39m &amp#27;[37m/session/a84025fa-87fd-4432-a89c-6e57f823ae73/element/00000000-0000-0464-ffff-ffff000004ed/text&amp#27;[39m
&amp#27;[38;5;0m[HTTP]&amp#27;[0m &amp#27;[90m{}&amp#27;[39m
&amp#27;[38;5;32m[AndroidUiautomator2Driver@cb04 (a84025fa)]&amp#27;[0m Driver proxy active, passing request on via HTTP proxy
&amp#27;[38;5;32m[AndroidUiautomator2Driver@cb04 (a84025fa)]&amp#27;[0m Matched '/session/a84025fa-87fd-4432-a89c-6e57f823ae73/element/00000000-0000-0464-ffff-ffff000004ed/text' to command name 'getText'
&amp#27;[38;5;32m[AndroidUiautomator2Driver@cb04 (a84025fa)]&amp#27;[0m Proxying [GET /session/a84025fa-87fd-4432-a89c-6e57f823ae73/element/00000000-0000-0464-ffff-ffff000004ed/text] to [GET http://127.0.0.1:8209/session/e13e9c10-6759-487b-84e8-6054836a870e/element/00000000-0000-0464-ffff-ffff000004ed/text] with no body
&amp#27;[38;5;32m[AndroidUiautomator2Driver@cb04 (a84025fa)]&amp#27;[0m Got response with status 200: {"sessionId":"e13e9c10-6759-487b-84e8-6054836a870e","value":"San Francisco 49ers"}
&amp#27;[38;5;32m[AndroidUiautomator2Driver@cb04 (a84025fa)]&amp#27;[0m Replacing sessionId e13e9c10-6759-487b-84e8-6054836a870e with a84025fa-87fd-4432-a89c-6e57f823ae73
&amp#27;[38;5;0m[HTTP]&amp#27;[0m &amp#27;[37m<-- GET /session/a84025fa-87fd-4432-a89c-6e57f823ae73/element/00000000-0000-0464-ffff-ffff000004ed/text &amp#27;[39m&amp#27;[32m200&amp#27;[39m &amp#27;[90m60 ms - 82&amp#27;[39m
&amp#27;[38;5;0m[HTTP]&amp#27;[0m &amp#27;[90m&amp#27;[39m
&amp#27;[38;5;0m[HTTP]&amp#27;[0m &amp#27;[37m-->&amp#27;[39m &amp#27;[37mGET&amp#27;[39m &amp#27;[37m/session/a84025fa-87fd-4432-a89c-6e57f823ae73/context&amp#27;[39m
&amp#27;[38;5;0m[HTTP]&amp#27;[0m &amp#27;[90m{}&amp#27;[39m
&amp#27;[38;5;32m[AndroidUiautomator2Driver@cb04 (a84025fa)]&amp#27;[0m Calling AppiumDriver.getCurrentContext() with args: ["a84025fa-87fd-4432-a89c-6e57f823ae73"]
&amp#27;[38;5;32m[AndroidUiautomator2Driver@cb04 (a84025fa)]&amp#27;[0m Responding to client with driver.getCurrentContext() result: "NATIVE_APP"
&amp#27;[38;5;0m[HTTP]&amp#27;[0m &amp#27;[37m<-- GET /session/a84025fa-87fd-4432-a89c-6e57f823ae73/context &amp#27;[39m&amp#27;[32m200&amp#27;[39m &amp#27;[90m1 ms - 22&amp#27;[39m
&amp#27;[38;5;0m[HTTP]&amp#27;[0m &amp#27;[90m&amp#27;[39m
&amp#27;[38;5;0m[HTTP]&amp#27;[0m &amp#27;[37m-->&amp#27;[39m &amp#27;[37mPOST&amp#27;[39m &amp#27;[37m/session/a84025fa-87fd-4432-a89c-6e57f823ae73/elements&amp#27;[39m
&amp#27;[38;5;0m[HTTP]&amp#27;[0m &amp#27;[90m{"value":"com.fivemobile.thescore:id/header_text","using":"id"}&amp#27;[39m
&amp#27;[38;5;32m[AndroidUiautomator2Driver@cb04 (a84025fa)]&amp#27;[0m Calling AppiumDriver.findElements() with args: ["id","com.fivemobile.thescore:id/header_text","a84025fa-87fd-4432-a89c-6e57f823ae73"]
&amp#27;[38;5;32m[AndroidUiautomator2Driver@cb04 (a84025fa)]&amp#27;[0m Valid locator strategies for this request: xpath, id, class name, accessibility id, css selector, -android uiautomator
&amp#27;[38;5;32m[AndroidUiautomator2Driver@cb04 (a84025fa)]&amp#27;[0m Waiting up to 10000 ms for condition
&amp#27;[38;5;32m[AndroidUiautomator2Driver@cb04 (a84025fa)]&amp#27;[0m Matched '/elements' to command name 'findElements'
&amp#27;[38;5;32m[AndroidUiautomator2Driver@cb04 (a84025fa)]&amp#27;[0m Proxying [POST /elements] to [POST http://127.0.0.1:8209/session/e13e9c10-6759-487b-84e8-6054836a870e/elements] with body: {"strategy":"id","selector":"com.fivemobile.thescore:id/header_text","context":"","multiple":true}
&amp#27;[38;5;32m[AndroidUiautomator2Driver@cb04 (a84025fa)]&amp#27;[0m Got response with status 200: {"sessionId":"e13e9c10-6759-487b-84e8-6054836a870e","value":[{"ELEMENT":"00000000-0000-0464-ffff-ffff000006eb","element-6066-11e4-a52e-4f735466cecf":"00000000-0000-0464-ffff-ffff000006eb"},{"ELEMENT":"00000000-0000-0464-ffff-ffff0000070d","element-6066-11e4-a52e-4f735466cecf":"00000000-0000-0464-ffff-ffff0000070d"}]}
&amp#27;[38;5;32m[AndroidUiautomator2Driver@cb04 (a84025fa)]&amp#27;[0m Responding to client with driver.findElements() result: [{"element-6066-11e4-a52e-4f735466cecf":"00000000-0000-0464-ffff-ffff000006eb","ELEMENT":"00000000-0000-0464-ffff-ffff000006eb"},{"element-6066-11e4-a52e-4f735466cecf":"00000000-0000-0464-ffff-ffff0000070d","ELEMENT":"00000000-0000-0464-ffff-ffff0000070d"}]
&amp#27;[38;5;0m[HTTP]&amp#27;[0m &amp#27;[37m<-- POST /session/a84025fa-87fd-4432-a89c-6e57f823ae73/elements &amp#27;[39m&amp#27;[32m200&amp#27;[39m &amp#27;[90m163 ms - 267&amp#27;[39m
&amp#27;[38;5;0m[HTTP]&amp#27;[0m &amp#27;[90m&amp#27;[39m
&amp#27;[38;5;0m[HTTP]&amp#27;[0m &amp#27;[37m-->&amp#27;[39m &amp#27;[37mGET&amp#27;[39m &amp#27;[37m/session/a84025fa-87fd-4432-a89c-6e57f823ae73/element/00000000-0000-0464-ffff-ffff000006eb/text&amp#27;[39m
&amp#27;[38;5;0m[HTTP]&amp#27;[0m &amp#27;[90m{}&amp#27;[39m
&amp#27;[38;5;32m[AndroidUiautomator2Driver@cb04 (a84025fa)]&amp#27;[0m Driver proxy active, passing request on via HTTP proxy
&amp#27;[38;5;32m[AndroidUiautomator2Driver@cb04 (a84025fa)]&amp#27;[0m Matched '/session/a84025fa-87fd-4432-a89c-6e57f823ae73/element/00000000-0000-0464-ffff-ffff000006eb/text' to command name 'getText'
&amp#27;[38;5;32m[AndroidUiautomator2Driver@cb04 (a84025fa)]&amp#27;[0m Proxying [GET /session/a84025fa-87fd-4432-a89c-6e57f823ae73/element/00000000-0000-0464-ffff-ffff000006eb/text] to [GET http://127.0.0.1:8209/session/e13e9c10-6759-487b-84e8-6054836a870e/element/00000000-0000-0464-ffff-ffff000006eb/text] with no body
&amp#27;[38;5;32m[AndroidUiautomator2Driver@cb04 (a84025fa)]&amp#27;[0m Got response with status 200: {"sessionId":"e13e9c10-6759-487b-84e8-6054836a870e","value":"OFFENSE STATS"}
&amp#27;[38;5;32m[AndroidUiautomator2Driver@cb04 (a84025fa)]&amp#27;[0m Replacing sessionId e13e9c10-6759-487b-84e8-6054836a870e with a84025fa-87fd-4432-a89c-6e57f823ae73
&amp#27;[38;5;0m[HTTP]&amp#27;[0m &amp#27;[37m<-- GET /session/a84025fa-87fd-4432-a89c-6e57f823ae73/element/00000000-0000-0464-ffff-ffff000006eb/text &amp#27;[39m&amp#27;[32m200&amp#27;[39m &amp#27;[90m15 ms - 76&amp#27;[39m
&amp#27;[38;5;0m[HTTP]&amp#27;[0m &amp#27;[90m&amp#27;[39m
&amp#27;[38;5;0m[HTTP]&amp#27;[0m &amp#27;[37m-->&amp#27;[39m &amp#27;[37mGET&amp#27;[39m &amp#27;[37m/session/a84025fa-87fd-4432-a89c-6e57f823ae73/context&amp#27;[39m
&amp#27;[38;5;0m[HTTP]&amp#27;[0m &amp#27;[90m{}&amp#27;[39m
&amp#27;[38;5;32m[AndroidUiautomator2Driver@cb04 (a84025fa)]&amp#27;[0m Calling AppiumDriver.getCurrentContext() with args: ["a84025fa-87fd-4432-a89c-6e57f823ae73"]
&amp#27;[38;5;32m[AndroidUiautomator2Driver@cb04 (a84025fa)]&amp#27;[0m Responding to client with driver.getCurrentContext() result: "NATIVE_APP"
&amp#27;[38;5;0m[HTTP]&amp#27;[0m &amp#27;[37m<-- GET /session/a84025fa-87fd-4432-a89c-6e57f823ae73/context &amp#27;[39m&amp#27;[32m200&amp#27;[39m &amp#27;[90m1 ms - 22&amp#27;[39m
&amp#27;[38;5;0m[HTTP]&amp#27;[0m &amp#27;[90m&amp#27;[39m
&amp#27;[38;5;0m[HTTP]&amp#27;[0m &amp#27;[37m-->&amp#27;[39m &amp#27;[37mPOST&amp#27;[39m &amp#27;[37m/session/a84025fa-87fd-4432-a89c-6e57f823ae73/elements&amp#27;[39m
&amp#27;[38;5;0m[HTTP]&amp#27;[0m &amp#27;[90m{"value":"com.fivemobile.thescore:id/header_secondary_text","using":"id"}&amp#27;[39m
&amp#27;[38;5;32m[AndroidUiautomator2Driver@cb04 (a84025fa)]&amp#27;[0m Calling AppiumDriver.findElements() with args: ["id","com.fivemobile.thescore:id/header_secondary_text","a84025fa-87fd-4432-a89c-6e57f823ae73"]
&amp#27;[38;5;32m[AndroidUiautomator2Driver@cb04 (a84025fa)]&amp#27;[0m Valid locator strategies for this request: xpath, id, class name, accessibility id, css selector, -android uiautomator
&amp#27;[38;5;32m[AndroidUiautomator2Driver@cb04 (a84025fa)]&amp#27;[0m Waiting up to 10000 ms for condition
&amp#27;[38;5;32m[AndroidUiautomator2Driver@cb04 (a84025fa)]&amp#27;[0m Matched '/elements' to command name 'findElements'
&amp#27;[38;5;32m[AndroidUiautomator2Driver@cb04 (a84025fa)]&amp#27;[0m Proxying [POST /elements] to [POST http://127.0.0.1:8209/session/e13e9c10-6759-487b-84e8-6054836a870e/elements] with body: {"strategy":"id","selector":"com.fivemobile.thescore:id/header_secondary_text","context":"","multiple":true}
&amp#27;[38;5;32m[AndroidUiautomator2Driver@cb04 (a84025fa)]&amp#27;[0m Got response with status 200: {"sessionId":"e13e9c10-6759-487b-84e8-6054836a870e","value":[{"ELEMENT":"00000000-0000-0464-ffff-ffff000006ec","element-6066-11e4-a52e-4f735466cecf":"00000000-0000-0464-ffff-ffff000006ec"},{"ELEMENT":"00000000-0000-0464-ffff-ffff0000070e","element-6066-11e4-a52e-4f735466cecf":"00000000-0000-0464-ffff-ffff0000070e"}]}
&amp#27;[38;5;32m[AndroidUiautomator2Driver@cb04 (a84025fa)]&amp#27;[0m Responding to client with driver.findElements() result: [{"element-6066-11e4-a52e-4f735466cecf":"00000000-0000-0464-ffff-ffff000006ec","ELEMENT":"00000000-0000-0464-ffff-ffff000006ec"},{"element-6066-11e4-a52e-4f735466cecf":"00000000-0000-0464-ffff-ffff0000070e","ELEMENT":"00000000-0000-0464-ffff-ffff0000070e"}]
&amp#27;[38;5;0m[HTTP]&amp#27;[0m &amp#27;[37m<-- POST /session/a84025fa-87fd-4432-a89c-6e57f823ae73/elements &amp#27;[39m&amp#27;[32m200&amp#27;[39m &amp#27;[90m188 ms - 267&amp#27;[39m
&amp#27;[38;5;0m[HTTP]&amp#27;[0m &amp#27;[90m&amp#27;[39m
&amp#27;[38;5;0m[HTTP]&amp#27;[0m &amp#27;[37m-->&amp#27;[39m &amp#27;[37mGET&amp#27;[39m &amp#27;[37m/session/a84025fa-87fd-4432-a89c-6e57f823ae73/element/00000000-0000-0464-ffff-ffff000006ec/text&amp#27;[39m
&amp#27;[38;5;0m[HTTP]&amp#27;[0m &amp#27;[90m{}&amp#27;[39m
&amp#27;[38;5;32m[AndroidUiautomator2Driver@cb04 (a84025fa)]&amp#27;[0m Driver proxy active, passing request on via HTTP proxy
&amp#27;[38;5;32m[AndroidUiautomator2Driver@cb04 (a84025fa)]&amp#27;[0m Matched '/session/a84025fa-87fd-4432-a89c-6e57f823ae73/element/00000000-0000-0464-ffff-ffff000006ec/text' to command name 'getText'
&amp#27;[38;5;32m[AndroidUiautomator2Driver@cb04 (a84025fa)]&amp#27;[0m Proxying [GET /session/a84025fa-87fd-4432-a89c-6e57f823ae73/element/00000000-0000-0464-ffff-ffff000006ec/text] to [GET http://127.0.0.1:8209/session/e13e9c10-6759-487b-84e8-6054836a870e/element/00000000-0000-0464-ffff-ffff000006ec/text] with no body
&amp#27;[38;5;32m[AndroidUiautomator2Driver@cb04 (a84025fa)]&amp#27;[0m Got response with status 200: {"sessionId":"e13e9c10-6759-487b-84e8-6054836a870e","value":"(RANK)"}
&amp#27;[38;5;32m[AndroidUiautomator2Driver@cb04 (a84025fa)]&amp#27;[0m Replacing sessionId e13e9c10-6759-487b-84e8-6054836a870e with a84025fa-87fd-4432-a89c-6e57f823ae73
&amp#27;[38;5;0m[HTTP]&amp#27;[0m &amp#27;[37m<-- GET /session/a84025fa-87fd-4432-a89c-6e57f823ae73/element/00000000-0000-0464-ffff-ffff000006ec/text &amp#27;[39m&amp#27;[32m200&amp#27;[39m &amp#27;[90m14 ms - 69&amp#27;[39m
&amp#27;[38;5;0m[HTTP]&amp#27;[0m &amp#27;[90m&amp#27;[39m
&amp#27;[38;5;0m[HTTP]&amp#27;[0m &amp#27;[37m-->&amp#27;[39m &amp#27;[37mGET&amp#27;[39m &amp#27;[37m/session/a84025fa-87fd-4432-a89c-6e57f823ae73/context&amp#27;[39m
&amp#27;[38;5;0m[HTTP]&amp#27;[0m &amp#27;[90m{}&amp#27;[39m
&amp#27;[38;5;32m[AndroidUiautomator2Driver@cb04 (a84025fa)]&amp#27;[0m Calling AppiumDriver.getCurrentContext() with args: ["a84025fa-87fd-4432-a89c-6e57f823ae73"]
&amp#27;[38;5;32m[AndroidUiautomator2Driver@cb04 (a84025fa)]&amp#27;[0m Responding to client with driver.getCurrentContext() result: "NATIVE_APP"
&amp#27;[38;5;0m[HTTP]&amp#27;[0m &amp#27;[37m<-- GET /session/a84025fa-87fd-4432-a89c-6e57f823ae73/context &amp#27;[39m&amp#27;[32m200&amp#27;[39m &amp#27;[90m1 ms - 22&amp#27;[39m
&amp#27;[38;5;0m[HTTP]&amp#27;[0m &amp#27;[90m&amp#27;[39m
&amp#27;[38;5;0m[HTTP]&amp#27;[0m &amp#27;[37m-->&amp#27;[39m &amp#27;[37mPOST&amp#27;[39m &amp#27;[37m/session/a84025fa-87fd-4432-a89c-6e57f823ae73/elements&amp#27;[39m
&amp#27;[38;5;0m[HTTP]&amp#27;[0m &amp#27;[90m{"value":"com.fivemobile.thescore:id/header_text","using":"id"}&amp#27;[39m
&amp#27;[38;5;32m[AndroidUiautomator2Driver@cb04 (a84025fa)]&amp#27;[0m Calling AppiumDriver.findElements() with args: ["id","com.fivemobile.thescore:id/header_text","a84025fa-87fd-4432-a89c-6e57f823ae73"]
&amp#27;[38;5;32m[AndroidUiautomator2Driver@cb04 (a84025fa)]&amp#27;[0m Valid locator strategies for this request: xpath, id, class name, accessibility id, css selector, -android uiautomator
&amp#27;[38;5;32m[AndroidUiautomator2Driver@cb04 (a84025fa)]&amp#27;[0m Waiting up to 10000 ms for condition
&amp#27;[38;5;32m[AndroidUiautomator2Driver@cb04 (a84025fa)]&amp#27;[0m Matched '/elements' to command name 'findElements'
&amp#27;[38;5;32m[AndroidUiautomator2Driver@cb04 (a84025fa)]&amp#27;[0m Proxying [POST /elements] to [POST http://127.0.0.1:8209/session/e13e9c10-6759-487b-84e8-6054836a870e/elements] with body: {"strategy":"id","selector":"com.fivemobile.thescore:id/header_text","context":"","multiple":true}
&amp#27;[38;5;32m[AndroidUiautomator2Driver@cb04 (a84025fa)]&amp#27;[0m Got response with status 200: {"sessionId":"e13e9c10-6759-487b-84e8-6054836a870e","value":[{"ELEMENT":"00000000-0000-0464-ffff-ffff000006eb","element-6066-11e4-a52e-4f735466cecf":"00000000-0000-0464-ffff-ffff000006eb"},{"ELEMENT":"00000000-0000-0464-ffff-ffff0000070d","element-6066-11e4-a52e-4f735466cecf":"00000000-0000-0464-ffff-ffff0000070d"}]}
&amp#27;[38;5;32m[AndroidUiautomator2Driver@cb04 (a84025fa)]&amp#27;[0m Responding to client with driver.findElements() result: [{"element-6066-11e4-a52e-4f735466cecf":"00000000-0000-0464-ffff-ffff000006eb","ELEMENT":"00000000-0000-0464-ffff-ffff000006eb"},{"element-6066-11e4-a52e-4f735466cecf":"00000000-0000-0464-ffff-ffff0000070d","ELEMENT":"00000000-0000-0464-ffff-ffff0000070d"}]
&amp#27;[38;5;0m[HTTP]&amp#27;[0m &amp#27;[37m<-- POST /session/a84025fa-87fd-4432-a89c-6e57f823ae73/elements &amp#27;[39m&amp#27;[32m200&amp#27;[39m &amp#27;[90m475 ms - 267&amp#27;[39m
&amp#27;[38;5;0m[HTTP]&amp#27;[0m &amp#27;[90m&amp#27;[39m
&amp#27;[38;5;0m[HTTP]&amp#27;[0m &amp#27;[37m-->&amp#27;[39m &amp#27;[37mGET&amp#27;[39m &amp#27;[37m/session/a84025fa-87fd-4432-a89c-6e57f823ae73/element/00000000-0000-0464-ffff-ffff0000070d/text&amp#27;[39m
&amp#27;[38;5;0m[HTTP]&amp#27;[0m &amp#27;[90m{}&amp#27;[39m
&amp#27;[38;5;32m[AndroidUiautomator2Driver@cb04 (a84025fa)]&amp#27;[0m Driver proxy active, passing request on via HTTP proxy
&amp#27;[38;5;32m[AndroidUiautomator2Driver@cb04 (a84025fa)]&amp#27;[0m Matched '/session/a84025fa-87fd-4432-a89c-6e57f823ae73/element/00000000-0000-0464-ffff-ffff0000070d/text' to command name 'getText'
&amp#27;[38;5;32m[AndroidUiautomator2Driver@cb04 (a84025fa)]&amp#27;[0m Proxying [GET /session/a84025fa-87fd-4432-a89c-6e57f823ae73/element/00000000-0000-0464-ffff-ffff0000070d/text] to [GET http://127.0.0.1:8209/session/e13e9c10-6759-487b-84e8-6054836a870e/element/00000000-0000-0464-ffff-ffff0000070d/text] with no body
&amp#27;[38;5;32m[AndroidUiautomator2Driver@cb04 (a84025fa)]&amp#27;[0m Got response with status 200: {"sessionId":"e13e9c10-6759-487b-84e8-6054836a870e","value":"DEFENSE STATS"}
&amp#27;[38;5;32m[AndroidUiautomator2Driver@cb04 (a84025fa)]&amp#27;[0m Replacing sessionId e13e9c10-6759-487b-84e8-6054836a870e with a84025fa-87fd-4432-a89c-6e57f823ae73
&amp#27;[38;5;0m[HTTP]&amp#27;[0m &amp#27;[37m<-- GET /session/a84025fa-87fd-4432-a89c-6e57f823ae73/element/00000000-0000-0464-ffff-ffff0000070d/text &amp#27;[39m&amp#27;[32m200&amp#27;[39m &amp#27;[90m183 ms - 76&amp#27;[39m
&amp#27;[38;5;0m[HTTP]&amp#27;[0m &amp#27;[90m&amp#27;[39m
&amp#27;[38;5;0m[HTTP]&amp#27;[0m &amp#27;[37m-->&amp#27;[39m &amp#27;[37mGET&amp#27;[39m &amp#27;[37m/session/a84025fa-87fd-4432-a89c-6e57f823ae73/context&amp#27;[39m
&amp#27;[38;5;0m[HTTP]&amp#27;[0m &amp#27;[90m{}&amp#27;[39m
&amp#27;[38;5;32m[AndroidUiautomator2Driver@cb04 (a84025fa)]&amp#27;[0m Calling AppiumDriver.getCurrentContext() with args: ["a84025fa-87fd-4432-a89c-6e57f823ae73"]
&amp#27;[38;5;32m[AndroidUiautomator2Driver@cb04 (a84025fa)]&amp#27;[0m Responding to client with driver.getCurrentContext() result: "NATIVE_APP"
&amp#27;[38;5;0m[HTTP]&amp#27;[0m &amp#27;[37m<-- GET /session/a84025fa-87fd-4432-a89c-6e57f823ae73/context &amp#27;[39m&amp#27;[32m200&amp#27;[39m &amp#27;[90m1 ms - 22&amp#27;[39m
&amp#27;[38;5;0m[HTTP]&amp#27;[0m &amp#27;[90m&amp#27;[39m
&amp#27;[38;5;0m[HTTP]&amp#27;[0m &amp#27;[37m-->&amp#27;[39m &amp#27;[37mPOST&amp#27;[39m &amp#27;[37m/session/a84025fa-87fd-4432-a89c-6e57f823ae73/elements&amp#27;[39m
&amp#27;[38;5;0m[HTTP]&amp#27;[0m &amp#27;[90m{"value":"com.fivemobile.thescore:id/header_secondary_text","using":"id"}&amp#27;[39m
&amp#27;[38;5;32m[AndroidUiautomator2Driver@cb04 (a84025fa)]&amp#27;[0m Calling AppiumDriver.findElements() with args: ["id","com.fivemobile.thescore:id/header_secondary_text","a84025fa-87fd-4432-a89c-6e57f823ae73"]
&amp#27;[38;5;32m[AndroidUiautomator2Driver@cb04 (a84025fa)]&amp#27;[0m Valid locator strategies for this request: xpath, id, class name, accessibility id, css selector, -android uiautomator
&amp#27;[38;5;32m[AndroidUiautomator2Driver@cb04 (a84025fa)]&amp#27;[0m Waiting up to 10000 ms for condition
&amp#27;[38;5;32m[AndroidUiautomator2Driver@cb04 (a84025fa)]&amp#27;[0m Matched '/elements' to command name 'findElements'
&amp#27;[38;5;32m[AndroidUiautomator2Driver@cb04 (a84025fa)]&amp#27;[0m Proxying [POST /elements] to [POST http://127.0.0.1:8209/session/e13e9c10-6759-487b-84e8-6054836a870e/elements] with body: {"strategy":"id","selector":"com.fivemobile.thescore:id/header_secondary_text","context":"","multiple":true}
&amp#27;[38;5;32m[AndroidUiautomator2Driver@cb04 (a84025fa)]&amp#27;[0m Got response with status 200: {"sessionId":"e13e9c10-6759-487b-84e8-6054836a870e","value":[{"ELEMENT":"00000000-0000-0464-ffff-ffff000006ec","element-6066-11e4-a52e-4f735466cecf":"00000000-0000-0464-ffff-ffff000006ec"},{"ELEMENT":"00000000-0000-0464-ffff-ffff0000070e","element-6066-11e4-a52e-4f735466cecf":"00000000-0000-0464-ffff-ffff0000070e"}]}
&amp#27;[38;5;32m[AndroidUiautomator2Driver@cb04 (a84025fa)]&amp#27;[0m Responding to client with driver.findElements() result: [{"element-6066-11e4-a52e-4f735466cecf":"00000000-0000-0464-ffff-ffff000006ec","ELEMENT":"00000000-0000-0464-ffff-ffff000006ec"},{"element-6066-11e4-a52e-4f735466cecf":"00000000-0000-0464-ffff-ffff0000070e","ELEMENT":"00000000-0000-0464-ffff-ffff0000070e"}]
&amp#27;[38;5;0m[HTTP]&amp#27;[0m &amp#27;[37m<-- POST /session/a84025fa-87fd-4432-a89c-6e57f823ae73/elements &amp#27;[39m&amp#27;[32m200&amp#27;[39m &amp#27;[90m254 ms - 267&amp#27;[39m
&amp#27;[38;5;0m[HTTP]&amp#27;[0m &amp#27;[90m&amp#27;[39m
&amp#27;[38;5;0m[HTTP]&amp#27;[0m &amp#27;[37m-->&amp#27;[39m &amp#27;[37mGET&amp#27;[39m &amp#27;[37m/session/a84025fa-87fd-4432-a89c-6e57f823ae73/element/00000000-0000-0464-ffff-ffff0000070e/text&amp#27;[39m
&amp#27;[38;5;0m[HTTP]&amp#27;[0m &amp#27;[90m{}&amp#27;[39m
&amp#27;[38;5;32m[AndroidUiautomator2Driver@cb04 (a84025fa)]&amp#27;[0m Driver proxy active, passing request on via HTTP proxy
&amp#27;[38;5;32m[AndroidUiautomator2Driver@cb04 (a84025fa)]&amp#27;[0m Matched '/session/a84025fa-87fd-4432-a89c-6e57f823ae73/element/00000000-0000-0464-ffff-ffff0000070e/text' to command name 'getText'
&amp#27;[38;5;32m[AndroidUiautomator2Driver@cb04 (a84025fa)]&amp#27;[0m Proxying [GET /session/a84025fa-87fd-4432-a89c-6e57f823ae73/element/00000000-0000-0464-ffff-ffff0000070e/text] to [GET http://127.0.0.1:8209/session/e13e9c10-6759-487b-84e8-6054836a870e/element/00000000-0000-0464-ffff-ffff0000070e/text] with no body
&amp#27;[38;5;32m[AndroidUiautomator2Driver@cb04 (a84025fa)]&amp#27;[0m Got response with status 200: {"sessionId":"e13e9c10-6759-487b-84e8-6054836a870e","value":"(RANK)"}
&amp#27;[38;5;32m[AndroidUiautomator2Driver@cb04 (a84025fa)]&amp#27;[0m Replacing sessionId e13e9c10-6759-487b-84e8-6054836a870e with a84025fa-87fd-4432-a89c-6e57f823ae73
&amp#27;[38;5;0m[HTTP]&amp#27;[0m &amp#27;[37m<-- GET /session/a84025fa-87fd-4432-a89c-6e57f823ae73/element/00000000-0000-0464-ffff-ffff0000070e/text &amp#27;[39m&amp#27;[32m200&amp#27;[39m &amp#27;[90m456 ms - 69&amp#27;[39m
&amp#27;[38;5;0m[HTTP]&amp#27;[0m &amp#27;[90m&amp#27;[39m
&amp#27;[38;5;0m[HTTP]&amp#27;[0m &amp#27;[37m-->&amp#27;[39m &amp#27;[37mPOST&amp#27;[39m &amp#27;[37m/session/a84025fa-87fd-4432-a89c-6e57f823ae73/execute/sync&amp#27;[39m
&amp#27;[38;5;0m[HTTP]&amp#27;[0m &amp#27;[90m{"args":[{"width":600,"top":500,"left":500,"percent":25,"height":600,"direction":"down"}],"script":"mobile: scrollGesture"}&amp#27;[39m
&amp#27;[38;5;32m[AndroidUiautomator2Driver@cb04 (a84025fa)]&amp#27;[0m Calling AppiumDriver.execute() with args: ["mobile: scrollGesture",[{"width":600,"top":500,"left":500,"percent":25,"height":600,"direction":"down"}],"a84025fa-87fd-4432-a89c-6e57f823ae73"]
&amp#27;[38;5;32m[AndroidUiautomator2Driver@cb04 (a84025fa)]&amp#27;[0m Executing method 'mobile: scrollGesture'
&amp#27;[38;5;32m[AndroidUiautomator2Driver@cb04 (a84025fa)]&amp#27;[0m Proxying [POST /appium/gestures/scroll] to [POST http://127.0.0.1:8209/session/e13e9c10-6759-487b-84e8-6054836a870e/appium/gestures/scroll] with body: {"area":{"left":500,"top":500,"width":600,"height":600},"direction":"down","percent":25}
&amp#27;[38;5;32m[AndroidUiautomator2Driver@cb04 (a84025fa)]&amp#27;[0m Got response with status 200: {"sessionId":"e13e9c10-6759-487b-84e8-6054836a870e","value":false}
&amp#27;[38;5;32m[AndroidUiautomator2Driver@cb04 (a84025fa)]&amp#27;[0m Responding to client with driver.execute() result: false
&amp#27;[38;5;0m[HTTP]&amp#27;[0m &amp#27;[37m<-- POST /session/a84025fa-87fd-4432-a89c-6e57f823ae73/execute/sync &amp#27;[39m&amp#27;[32m200&amp#27;[39m &amp#27;[90m560 ms - 15&amp#27;[39m
&amp#27;[38;5;0m[HTTP]&amp#27;[0m &amp#27;[90m&amp#27;[39m
&amp#27;[38;5;0m[HTTP]&amp#27;[0m &amp#27;[37m-->&amp#27;[39m &amp#27;[37mGET&amp#27;[39m &amp#27;[37m/session/a84025fa-87fd-4432-a89c-6e57f823ae73/context&amp#27;[39m
&amp#27;[38;5;0m[HTTP]&amp#27;[0m &amp#27;[90m{}&amp#27;[39m
&amp#27;[38;5;32m[AndroidUiautomator2Driver@cb04 (a84025fa)]&amp#27;[0m Calling AppiumDriver.getCurrentContext() with args: ["a84025fa-87fd-4432-a89c-6e57f823ae73"]
&amp#27;[38;5;32m[AndroidUiautomator2Driver@cb04 (a84025fa)]&amp#27;[0m Responding to client with driver.getCurrentContext() result: "NATIVE_APP"
&amp#27;[38;5;0m[HTTP]&amp#27;[0m &amp#27;[37m<-- GET /session/a84025fa-87fd-4432-a89c-6e57f823ae73/context &amp#27;[39m&amp#27;[32m200&amp#27;[39m &amp#27;[90m1 ms - 22&amp#27;[39m
&amp#27;[38;5;0m[HTTP]&amp#27;[0m &amp#27;[90m&amp#27;[39m
&amp#27;[38;5;0m[HTTP]&amp#27;[0m &amp#27;[37m-->&amp#27;[39m &amp#27;[37mPOST&amp#27;[39m &amp#27;[37m/session/a84025fa-87fd-4432-a89c-6e57f823ae73/elements&amp#27;[39m
&amp#27;[38;5;0m[HTTP]&amp#27;[0m &amp#27;[90m{"value":"com.fivemobile.thescore:id/text_category_name","using":"id"}&amp#27;[39m
&amp#27;[38;5;32m[AndroidUiautomator2Driver@cb04 (a84025fa)]&amp#27;[0m Calling AppiumDriver.findElements() with args: ["id","com.fivemobile.thescore:id/text_category_name","a84025fa-87fd-4432-a89c-6e57f823ae73"]
&amp#27;[38;5;32m[AndroidUiautomator2Driver@cb04 (a84025fa)]&amp#27;[0m Valid locator strategies for this request: xpath, id, class name, accessibility id, css selector, -android uiautomator
&amp#27;[38;5;32m[AndroidUiautomator2Driver@cb04 (a84025fa)]&amp#27;[0m Waiting up to 10000 ms for condition
&amp#27;[38;5;32m[AndroidUiautomator2Driver@cb04 (a84025fa)]&amp#27;[0m Matched '/elements' to command name 'findElements'
&amp#27;[38;5;32m[AndroidUiautomator2Driver@cb04 (a84025fa)]&amp#27;[0m Proxying [POST /elements] to [POST http://127.0.0.1:8209/session/e13e9c10-6759-487b-84e8-6054836a870e/elements] with body: {"strategy":"id","selector":"com.fivemobile.thescore:id/text_category_name","context":"","multiple":true}
&amp#27;[38;5;32m[AndroidUiautomator2Driver@cb04 (a84025fa)]&amp#27;[0m Got response with status 200: {"sessionId":"e13e9c10-6759-487b-84e8-6054836a870e","value":[{"ELEMENT":"00000000-0000-0464-ffff-ffff000006ef","element-6066-11e4-a52e-4f735466cecf":"00000000-0000-0464-ffff-ffff000006ef"},{"ELEMENT":"00000000-0000-0464-ffff-ffff000006f5","element-6066-11e4-a52e-4f735466cecf":"00000000-0000-0464-ffff-ffff000006f5"},{"ELEMENT":"00000000-0000-0464-ffff-ffff000006fb","element-6066-11e4-a52e-4f735466cecf":"00000000-0000-0464-ffff-ffff000006fb"},{"ELEMENT":"00000000-0000-0464-ffff-ffff00000701","element-6066-11e4-a52e-4f735466cecf":"00000000-0000-0464-ffff-ffff00000701"},{"ELEMENT":"00000000-0000-0464-ffff-ffff00000707","element-6066-11e4-a52e-4f735466cecf":"00000000-0000-0464-ffff-ffff00000707"},{"ELEMENT":"00000000-0000-0464-ffff-ffff00000711","element-6066-11e4-a52e-4f735466cecf":"00000000-0000-0464-ffff-ffff00000711"},{"ELEMENT":"00000000-0000-0464-ffff-ffff00000717","element-6066-11e4-a52e-4f735466cecf":"00000000-0000-0464-ffff-ffff00000717"},{"ELEMENT":"00000000-0000-0464-ffff-ffff0000071d","element-6066-...
&amp#27;[38;5;32m[AndroidUiautomator2Driver@cb04 (a84025fa)]&amp#27;[0m Responding to client with driver.findElements() result: [{"element-6066-11e4-a52e-4f735466cecf":"00000000-0000-0464-ffff-ffff000006ef","ELEMENT":"00000000-0000-0464-ffff-ffff000006ef"},{"element-6066-11e4-a52e-4f735466cecf":"00000000-0000-0464-ffff-ffff000006f5","ELEMENT":"00000000-0000-0464-ffff-ffff000006f5"},{"element-6066-11e4-a52e-4f735466cecf":"00000000-0000-0464-ffff-ffff000006fb","ELEMENT":"00000000-0000-0464-ffff-ffff000006fb"},{"element-6066-11e4-a52e-4f735466cecf":"00000000-0000-0464-ffff-ffff00000701","ELEMENT":"00000000-0000-0464-ffff-ffff00000701"},{"element-6066-11e4-a52e-4f735466cecf":"00000000-0000-0464-ffff-ffff00000707","ELEMENT":"00000000-0000-0464-ffff-ffff00000707"},{"element-6066-11e4-a52e-4f735466cecf":"00000000-0000-0464-ffff-ffff00000711","ELEMENT":"00000000-0000-0464-ffff-ffff00000711"},{"element-6066-11e4-a52e-4f735466cecf":"00000000-0000-0464-ffff-ffff00000717","ELEMENT":"00000000-0000-0464-ffff-ffff00000717"},{"element-6066-11e4-a52e-4f735466cecf":"00000000-0000-0464-ffff-ffff0000071d","ELEMENT":"00000000-0000-0464-ffff-ffff0000071...
&amp#27;[38;5;0m[HTTP]&amp#27;[0m &amp#27;[37m<-- POST /session/a84025fa-87fd-4432-a89c-6e57f823ae73/elements &amp#27;[39m&amp#27;[32m200&amp#27;[39m &amp#27;[90m474 ms - 1291&amp#27;[39m
&amp#27;[38;5;0m[HTTP]&amp#27;[0m &amp#27;[90m&amp#27;[39m
&amp#27;[38;5;0m[HTTP]&amp#27;[0m &amp#27;[37m-->&amp#27;[39m &amp#27;[37mGET&amp#27;[39m &amp#27;[37m/session/a84025fa-87fd-4432-a89c-6e57f823ae73/context&amp#27;[39m
&amp#27;[38;5;0m[HTTP]&amp#27;[0m &amp#27;[90m{}&amp#27;[39m
&amp#27;[38;5;32m[AndroidUiautomator2Driver@cb04 (a84025fa)]&amp#27;[0m Calling AppiumDriver.getCurrentContext() with args: ["a84025fa-87fd-4432-a89c-6e57f823ae73"]
&amp#27;[38;5;32m[AndroidUiautomator2Driver@cb04 (a84025fa)]&amp#27;[0m Responding to client with driver.getCurrentContext() result: "NATIVE_APP"
&amp#27;[38;5;0m[HTTP]&amp#27;[0m &amp#27;[37m<-- GET /session/a84025fa-87fd-4432-a89c-6e57f823ae73/context &amp#27;[39m&amp#27;[32m200&amp#27;[39m &amp#27;[90m1 ms - 22&amp#27;[39m
&amp#27;[38;5;0m[HTTP]&amp#27;[0m &amp#27;[90m&amp#27;[39m
&amp#27;[38;5;0m[HTTP]&amp#27;[0m &amp#27;[37m-->&amp#27;[39m &amp#27;[37mPOST&amp#27;[39m &amp#27;[37m/session/a84025fa-87fd-4432-a89c-6e57f823ae73/elements&amp#27;[39m
&amp#27;[38;5;0m[HTTP]&amp#27;[0m &amp#27;[90m{"value":"com.fivemobile.thescore:id/text_category_name","using":"id"}&amp#27;[39m
&amp#27;[38;5;32m[AndroidUiautomator2Driver@cb04 (a84025fa)]&amp#27;[0m Calling AppiumDriver.findElements() with args: ["id","com.fivemobile.thescore:id/text_category_name","a84025fa-87fd-4432-a89c-6e57f823ae73"]
&amp#27;[38;5;32m[AndroidUiautomator2Driver@cb04 (a84025fa)]&amp#27;[0m Valid locator strategies for this request: xpath, id, class name, accessibility id, css selector, -android uiautomator
&amp#27;[38;5;32m[AndroidUiautomator2Driver@cb04 (a84025fa)]&amp#27;[0m Waiting up to 10000 ms for condition
&amp#27;[38;5;32m[AndroidUiautomator2Driver@cb04 (a84025fa)]&amp#27;[0m Matched '/elements' to command name 'findElements'
&amp#27;[38;5;32m[AndroidUiautomator2Driver@cb04 (a84025fa)]&amp#27;[0m Proxying [POST /elements] to [POST http://127.0.0.1:8209/session/e13e9c10-6759-487b-84e8-6054836a870e/elements] with body: {"strategy":"id","selector":"com.fivemobile.thescore:id/text_category_name","context":"","multiple":true}
&amp#27;[38;5;32m[AndroidUiautomator2Driver@cb04 (a84025fa)]&amp#27;[0m Got response with status 200: {"sessionId":"e13e9c10-6759-487b-84e8-6054836a870e","value":[{"ELEMENT":"00000000-0000-0464-ffff-ffff000006ef","element-6066-11e4-a52e-4f735466cecf":"00000000-0000-0464-ffff-ffff000006ef"},{"ELEMENT":"00000000-0000-0464-ffff-ffff000006f5","element-6066-11e4-a52e-4f735466cecf":"00000000-0000-0464-ffff-ffff000006f5"},{"ELEMENT":"00000000-0000-0464-ffff-ffff000006fb","element-6066-11e4-a52e-4f735466cecf":"00000000-0000-0464-ffff-ffff000006fb"},{"ELEMENT":"00000000-0000-0464-ffff-ffff00000701","element-6066-11e4-a52e-4f735466cecf":"00000000-0000-0464-ffff-ffff00000701"},{"ELEMENT":"00000000-0000-0464-ffff-ffff00000707","element-6066-11e4-a52e-4f735466cecf":"00000000-0000-0464-ffff-ffff00000707"},{"ELEMENT":"00000000-0000-0464-ffff-ffff00000711","element-6066-11e4-a52e-4f735466cecf":"00000000-0000-0464-ffff-ffff00000711"},{"ELEMENT":"00000000-0000-0464-ffff-ffff00000717","element-6066-11e4-a52e-4f735466cecf":"00000000-0000-0464-ffff-ffff00000717"},{"ELEMENT":"00000000-0000-0464-ffff-ffff0000071d","element-6066-...
&amp#27;[38;5;32m[AndroidUiautomator2Driver@cb04 (a84025fa)]&amp#27;[0m Responding to client with driver.findElements() result: [{"element-6066-11e4-a52e-4f735466cecf":"00000000-0000-0464-ffff-ffff000006ef","ELEMENT":"00000000-0000-0464-ffff-ffff000006ef"},{"element-6066-11e4-a52e-4f735466cecf":"00000000-0000-0464-ffff-ffff000006f5","ELEMENT":"00000000-0000-0464-ffff-ffff000006f5"},{"element-6066-11e4-a52e-4f735466cecf":"00000000-0000-0464-ffff-ffff000006fb","ELEMENT":"00000000-0000-0464-ffff-ffff000006fb"},{"element-6066-11e4-a52e-4f735466cecf":"00000000-0000-0464-ffff-ffff00000701","ELEMENT":"00000000-0000-0464-ffff-ffff00000701"},{"element-6066-11e4-a52e-4f735466cecf":"00000000-0000-0464-ffff-ffff00000707","ELEMENT":"00000000-0000-0464-ffff-ffff00000707"},{"element-6066-11e4-a52e-4f735466cecf":"00000000-0000-0464-ffff-ffff00000711","ELEMENT":"00000000-0000-0464-ffff-ffff00000711"},{"element-6066-11e4-a52e-4f735466cecf":"00000000-0000-0464-ffff-ffff00000717","ELEMENT":"00000000-0000-0464-ffff-ffff00000717"},{"element-6066-11e4-a52e-4f735466cecf":"00000000-0000-0464-ffff-ffff0000071d","ELEMENT":"00000000-0000-0464-ffff-ffff0000071...
&amp#27;[38;5;0m[HTTP]&amp#27;[0m &amp#27;[37m<-- POST /session/a84025fa-87fd-4432-a89c-6e57f823ae73/elements &amp#27;[39m&amp#27;[32m200&amp#27;[39m &amp#27;[90m164 ms - 1291&amp#27;[39m
&amp#27;[38;5;0m[HTTP]&amp#27;[0m &amp#27;[90m&amp#27;[39m
&amp#27;[38;5;0m[HTTP]&amp#27;[0m &amp#27;[37m-->&amp#27;[39m &amp#27;[37mGET&amp#27;[39m &amp#27;[37m/session/a84025fa-87fd-4432-a89c-6e57f823ae73/element/00000000-0000-0464-ffff-ffff000006ef/text&amp#27;[39m
&amp#27;[38;5;0m[HTTP]&amp#27;[0m &amp#27;[90m{}&amp#27;[39m
&amp#27;[38;5;32m[AndroidUiautomator2Driver@cb04 (a84025fa)]&amp#27;[0m Driver proxy active, passing request on via HTTP proxy
&amp#27;[38;5;32m[AndroidUiautomator2Driver@cb04 (a84025fa)]&amp#27;[0m Matched '/session/a84025fa-87fd-4432-a89c-6e57f823ae73/element/00000000-0000-0464-ffff-ffff000006ef/text' to command name 'getText'
&amp#27;[38;5;32m[AndroidUiautomator2Driver@cb04 (a84025fa)]&amp#27;[0m Proxying [GET /session/a84025fa-87fd-4432-a89c-6e57f823ae73/element/00000000-0000-0464-ffff-ffff000006ef/text] to [GET http://127.0.0.1:8209/session/e13e9c10-6759-487b-84e8-6054836a870e/element/00000000-0000-0464-ffff-ffff000006ef/text] with no body
&amp#27;[38;5;32m[AndroidUiautomator2Driver@cb04 (a84025fa)]&amp#27;[0m Got response with status 200: {"sessionId":"e13e9c10-6759-487b-84e8-6054836a870e","value":"Total Yards"}
&amp#27;[38;5;32m[AndroidUiautomator2Driver@cb04 (a84025fa)]&amp#27;[0m Replacing sessionId e13e9c10-6759-487b-84e8-6054836a870e with a84025fa-87fd-4432-a89c-6e57f823ae73
&amp#27;[38;5;0m[HTTP]&amp#27;[0m &amp#27;[37m<-- GET /session/a84025fa-87fd-4432-a89c-6e57f823ae73/element/00000000-0000-0464-ffff-ffff000006ef/text &amp#27;[39m&amp#27;[32m200&amp#27;[39m &amp#27;[90m17 ms - 74&amp#27;[39m
&amp#27;[38;5;0m[HTTP]&amp#27;[0m &amp#27;[90m&amp#27;[39m
&amp#27;[38;5;0m[HTTP]&amp#27;[0m &amp#27;[37m-->&amp#27;[39m &amp#27;[37mGET&amp#27;[39m &amp#27;[37m/session/a84025fa-87fd-4432-a89c-6e57f823ae73/context&amp#27;[39m
&amp#27;[38;5;0m[HTTP]&amp#27;[0m &amp#27;[90m{}&amp#27;[39m
&amp#27;[38;5;32m[AndroidUiautomator2Driver@cb04 (a84025fa)]&amp#27;[0m Calling AppiumDriver.getCurrentContext() with args: ["a84025fa-87fd-4432-a89c-6e57f823ae73"]
&amp#27;[38;5;32m[AndroidUiautomator2Driver@cb04 (a84025fa)]&amp#27;[0m Responding to client with driver.getCurrentContext() result: "NATIVE_APP"
&amp#27;[38;5;0m[HTTP]&amp#27;[0m &amp#27;[37m<-- GET /session/a84025fa-87fd-4432-a89c-6e57f823ae73/context &amp#27;[39m&amp#27;[32m200&amp#27;[39m &amp#27;[90m1 ms - 22&amp#27;[39m
&amp#27;[38;5;0m[HTTP]&amp#27;[0m &amp#27;[90m&amp#27;[39m
&amp#27;[38;5;0m[HTTP]&amp#27;[0m &amp#27;[37m-->&amp#27;[39m &amp#27;[37mPOST&amp#27;[39m &amp#27;[37m/session/a84025fa-87fd-4432-a89c-6e57f823ae73/elements&amp#27;[39m
&amp#27;[38;5;0m[HTTP]&amp#27;[0m &amp#27;[90m{"value":"com.fivemobile.thescore:id/text_category_name","using":"id"}&amp#27;[39m
&amp#27;[38;5;32m[AndroidUiautomator2Driver@cb04 (a84025fa)]&amp#27;[0m Calling AppiumDriver.findElements() with args: ["id","com.fivemobile.thescore:id/text_category_name","a84025fa-87fd-4432-a89c-6e57f823ae73"]
&amp#27;[38;5;32m[AndroidUiautomator2Driver@cb04 (a84025fa)]&amp#27;[0m Valid locator strategies for this request: xpath, id, class name, accessibility id, css selector, -android uiautomator
&amp#27;[38;5;32m[AndroidUiautomator2Driver@cb04 (a84025fa)]&amp#27;[0m Waiting up to 10000 ms for condition
&amp#27;[38;5;32m[AndroidUiautomator2Driver@cb04 (a84025fa)]&amp#27;[0m Matched '/elements' to command name 'findElements'
&amp#27;[38;5;32m[AndroidUiautomator2Driver@cb04 (a84025fa)]&amp#27;[0m Proxying [POST /elements] to [POST http://127.0.0.1:8209/session/e13e9c10-6759-487b-84e8-6054836a870e/elements] with body: {"strategy":"id","selector":"com.fivemobile.thescore:id/text_category_name","context":"","multiple":true}
&amp#27;[38;5;32m[AndroidUiautomator2Driver@cb04 (a84025fa)]&amp#27;[0m Got response with status 200: {"sessionId":"e13e9c10-6759-487b-84e8-6054836a870e","value":[{"ELEMENT":"00000000-0000-0464-ffff-ffff000006ef","element-6066-11e4-a52e-4f735466cecf":"00000000-0000-0464-ffff-ffff000006ef"},{"ELEMENT":"00000000-0000-0464-ffff-ffff000006f5","element-6066-11e4-a52e-4f735466cecf":"00000000-0000-0464-ffff-ffff000006f5"},{"ELEMENT":"00000000-0000-0464-ffff-ffff000006fb","element-6066-11e4-a52e-4f735466cecf":"00000000-0000-0464-ffff-ffff000006fb"},{"ELEMENT":"00000000-0000-0464-ffff-ffff00000701","element-6066-11e4-a52e-4f735466cecf":"00000000-0000-0464-ffff-ffff00000701"},{"ELEMENT":"00000000-0000-0464-ffff-ffff00000707","element-6066-11e4-a52e-4f735466cecf":"00000000-0000-0464-ffff-ffff00000707"},{"ELEMENT":"00000000-0000-0464-ffff-ffff00000711","element-6066-11e4-a52e-4f735466cecf":"00000000-0000-0464-ffff-ffff00000711"},{"ELEMENT":"00000000-0000-0464-ffff-ffff00000717","element-6066-11e4-a52e-4f735466cecf":"00000000-0000-0464-ffff-ffff00000717"},{"ELEMENT":"00000000-0000-0464-ffff-ffff0000071d","element-6066-...
&amp#27;[38;5;32m[AndroidUiautomator2Driver@cb04 (a84025fa)]&amp#27;[0m Responding to client with driver.findElements() result: [{"element-6066-11e4-a52e-4f735466cecf":"00000000-0000-0464-ffff-ffff000006ef","ELEMENT":"00000000-0000-0464-ffff-ffff000006ef"},{"element-6066-11e4-a52e-4f735466cecf":"00000000-0000-0464-ffff-ffff000006f5","ELEMENT":"00000000-0000-0464-ffff-ffff000006f5"},{"element-6066-11e4-a52e-4f735466cecf":"00000000-0000-0464-ffff-ffff000006fb","ELEMENT":"00000000-0000-0464-ffff-ffff000006fb"},{"element-6066-11e4-a52e-4f735466cecf":"00000000-0000-0464-ffff-ffff00000701","ELEMENT":"00000000-0000-0464-ffff-ffff00000701"},{"element-6066-11e4-a52e-4f735466cecf":"00000000-0000-0464-ffff-ffff00000707","ELEMENT":"00000000-0000-0464-ffff-ffff00000707"},{"element-6066-11e4-a52e-4f735466cecf":"00000000-0000-0464-ffff-ffff00000711","ELEMENT":"00000000-0000-0464-ffff-ffff00000711"},{"element-6066-11e4-a52e-4f735466cecf":"00000000-0000-0464-ffff-ffff00000717","ELEMENT":"00000000-0000-0464-ffff-ffff00000717"},{"element-6066-11e4-a52e-4f735466cecf":"00000000-0000-0464-ffff-ffff0000071d","ELEMENT":"00000000-0000-0464-ffff-ffff0000071...
&amp#27;[38;5;0m[HTTP]&amp#27;[0m &amp#27;[37m<-- POST /session/a84025fa-87fd-4432-a89c-6e57f823ae73/elements &amp#27;[39m&amp#27;[32m200&amp#27;[39m &amp#27;[90m179 ms - 1291&amp#27;[39m
&amp#27;[38;5;0m[HTTP]&amp#27;[0m &amp#27;[90m&amp#27;[39m
&amp#27;[38;5;0m[HTTP]&amp#27;[0m &amp#27;[37m-->&amp#27;[39m &amp#27;[37mGET&amp#27;[39m &amp#27;[37m/session/a84025fa-87fd-4432-a89c-6e57f823ae73/element/00000000-0000-0464-ffff-ffff000006ef/text&amp#27;[39m
&amp#27;[38;5;0m[HTTP]&amp#27;[0m &amp#27;[90m{}&amp#27;[39m
&amp#27;[38;5;32m[AndroidUiautomator2Driver@cb04 (a84025fa)]&amp#27;[0m Driver proxy active, passing request on via HTTP proxy
&amp#27;[38;5;32m[AndroidUiautomator2Driver@cb04 (a84025fa)]&amp#27;[0m Matched '/session/a84025fa-87fd-4432-a89c-6e57f823ae73/element/00000000-0000-0464-ffff-ffff000006ef/text' to command name 'getText'
&amp#27;[38;5;32m[AndroidUiautomator2Driver@cb04 (a84025fa)]&amp#27;[0m Proxying [GET /session/a84025fa-87fd-4432-a89c-6e57f823ae73/element/00000000-0000-0464-ffff-ffff000006ef/text] to [GET http://127.0.0.1:8209/session/e13e9c10-6759-487b-84e8-6054836a870e/element/00000000-0000-0464-ffff-ffff000006ef/text] with no body
&amp#27;[38;5;32m[AndroidUiautomator2Driver@cb04 (a84025fa)]&amp#27;[0m Got response with status 200: {"sessionId":"e13e9c10-6759-487b-84e8-6054836a870e","value":"Total Yards"}
&amp#27;[38;5;32m[AndroidUiautomator2Driver@cb04 (a84025fa)]&amp#27;[0m Replacing sessionId e13e9c10-6759-487b-84e8-6054836a870e with a84025fa-87fd-4432-a89c-6e57f823ae73
&amp#27;[38;5;0m[HTTP]&amp#27;[0m &amp#27;[37m<-- GET /session/a84025fa-87fd-4432-a89c-6e57f823ae73/element/00000000-0000-0464-ffff-ffff000006ef/text &amp#27;[39m&amp#27;[32m200&amp#27;[39m &amp#27;[90m15 ms - 74&amp#27;[39m
&amp#27;[38;5;0m[HTTP]&amp#27;[0m &amp#27;[90m&amp#27;[39m
Text displayed: Total Yards
&amp#27;[38;5;0m[HTTP]&amp#27;[0m &amp#27;[37m-->&amp#27;[39m &amp#27;[37mGET&amp#27;[39m &amp#27;[37m/session/a84025fa-87fd-4432-a89c-6e57f823ae73/context&amp#27;[39m
&amp#27;[38;5;0m[HTTP]&amp#27;[0m &amp#27;[90m{}&amp#27;[39m
&amp#27;[38;5;32m[AndroidUiautomator2Driver@cb04 (a84025fa)]&amp#27;[0m Calling AppiumDriver.getCurrentContext() with args: ["a84025fa-87fd-4432-a89c-6e57f823ae73"]
&amp#27;[38;5;32m[AndroidUiautomator2Driver@cb04 (a84025fa)]&amp#27;[0m Responding to client with driver.getCurrentContext() result: "NATIVE_APP"
&amp#27;[38;5;0m[HTTP]&amp#27;[0m &amp#27;[37m<-- GET /session/a84025fa-87fd-4432-a89c-6e57f823ae73/context &amp#27;[39m&amp#27;[32m200&amp#27;[39m &amp#27;[90m1 ms - 22&amp#27;[39m
&amp#27;[38;5;0m[HTTP]&amp#27;[0m &amp#27;[90m&amp#27;[39m
&amp#27;[38;5;0m[HTTP]&amp#27;[0m &amp#27;[37m-->&amp#27;[39m &amp#27;[37mPOST&amp#27;[39m &amp#27;[37m/session/a84025fa-87fd-4432-a89c-6e57f823ae73/elements&amp#27;[39m
&amp#27;[38;5;0m[HTTP]&amp#27;[0m &amp#27;[90m{"value":"com.fivemobile.thescore:id/text_category_name","using":"id"}&amp#27;[39m
&amp#27;[38;5;32m[AndroidUiautomator2Driver@cb04 (a84025fa)]&amp#27;[0m Calling AppiumDriver.findElements() with args: ["id","com.fivemobile.thescore:id/text_category_name","a84025fa-87fd-4432-a89c-6e57f823ae73"]
&amp#27;[38;5;32m[AndroidUiautomator2Driver@cb04 (a84025fa)]&amp#27;[0m Valid locator strategies for this request: xpath, id, class name, accessibility id, css selector, -android uiautomator
&amp#27;[38;5;32m[AndroidUiautomator2Driver@cb04 (a84025fa)]&amp#27;[0m Waiting up to 10000 ms for condition
&amp#27;[38;5;32m[AndroidUiautomator2Driver@cb04 (a84025fa)]&amp#27;[0m Matched '/elements' to command name 'findElements'
&amp#27;[38;5;32m[AndroidUiautomator2Driver@cb04 (a84025fa)]&amp#27;[0m Proxying [POST /elements] to [POST http://127.0.0.1:8209/session/e13e9c10-6759-487b-84e8-6054836a870e/elements] with body: {"strategy":"id","selector":"com.fivemobile.thescore:id/text_category_name","context":"","multiple":true}
&amp#27;[38;5;32m[AndroidUiautomator2Driver@cb04 (a84025fa)]&amp#27;[0m Got response with status 200: {"sessionId":"e13e9c10-6759-487b-84e8-6054836a870e","value":[{"ELEMENT":"00000000-0000-0464-ffff-ffff000006ef","element-6066-11e4-a52e-4f735466cecf":"00000000-0000-0464-ffff-ffff000006ef"},{"ELEMENT":"00000000-0000-0464-ffff-ffff000006f5","element-6066-11e4-a52e-4f735466cecf":"00000000-0000-0464-ffff-ffff000006f5"},{"ELEMENT":"00000000-0000-0464-ffff-ffff000006fb","element-6066-11e4-a52e-4f735466cecf":"00000000-0000-0464-ffff-ffff000006fb"},{"ELEMENT":"00000000-0000-0464-ffff-ffff00000701","element-6066-11e4-a52e-4f735466cecf":"00000000-0000-0464-ffff-ffff00000701"},{"ELEMENT":"00000000-0000-0464-ffff-ffff00000707","element-6066-11e4-a52e-4f735466cecf":"00000000-0000-0464-ffff-ffff00000707"},{"ELEMENT":"00000000-0000-0464-ffff-ffff00000711","element-6066-11e4-a52e-4f735466cecf":"00000000-0000-0464-ffff-ffff00000711"},{"ELEMENT":"00000000-0000-0464-ffff-ffff00000717","element-6066-11e4-a52e-4f735466cecf":"00000000-0000-0464-ffff-ffff00000717"},{"ELEMENT":"00000000-0000-0464-ffff-ffff0000071d","element-6066-...
&amp#27;[38;5;32m[AndroidUiautomator2Driver@cb04 (a84025fa)]&amp#27;[0m Responding to client with driver.findElements() result: [{"element-6066-11e4-a52e-4f735466cecf":"00000000-0000-0464-ffff-ffff000006ef","ELEMENT":"00000000-0000-0464-ffff-ffff000006ef"},{"element-6066-11e4-a52e-4f735466cecf":"00000000-0000-0464-ffff-ffff000006f5","ELEMENT":"00000000-0000-0464-ffff-ffff000006f5"},{"element-6066-11e4-a52e-4f735466cecf":"00000000-0000-0464-ffff-ffff000006fb","ELEMENT":"00000000-0000-0464-ffff-ffff000006fb"},{"element-6066-11e4-a52e-4f735466cecf":"00000000-0000-0464-ffff-ffff00000701","ELEMENT":"00000000-0000-0464-ffff-ffff00000701"},{"element-6066-11e4-a52e-4f735466cecf":"00000000-0000-0464-ffff-ffff00000707","ELEMENT":"00000000-0000-0464-ffff-ffff00000707"},{"element-6066-11e4-a52e-4f735466cecf":"00000000-0000-0464-ffff-ffff00000711","ELEMENT":"00000000-0000-0464-ffff-ffff00000711"},{"element-6066-11e4-a52e-4f735466cecf":"00000000-0000-0464-ffff-ffff00000717","ELEMENT":"00000000-0000-0464-ffff-ffff00000717"},{"element-6066-11e4-a52e-4f735466cecf":"00000000-0000-0464-ffff-ffff0000071d","ELEMENT":"00000000-0000-0464-ffff-ffff0000071...
&amp#27;[38;5;0m[HTTP]&amp#27;[0m &amp#27;[37m<-- POST /session/a84025fa-87fd-4432-a89c-6e57f823ae73/elements &amp#27;[39m&amp#27;[32m200&amp#27;[39m &amp#27;[90m154 ms - 1291&amp#27;[39m
&amp#27;[38;5;0m[HTTP]&amp#27;[0m &amp#27;[90m&amp#27;[39m
&amp#27;[38;5;0m[HTTP]&amp#27;[0m &amp#27;[37m-->&amp#27;[39m &amp#27;[37mGET&amp#27;[39m &amp#27;[37m/session/a84025fa-87fd-4432-a89c-6e57f823ae73/context&amp#27;[39m
&amp#27;[38;5;0m[HTTP]&amp#27;[0m &amp#27;[90m{}&amp#27;[39m
&amp#27;[38;5;32m[AndroidUiautomator2Driver@cb04 (a84025fa)]&amp#27;[0m Calling AppiumDriver.getCurrentContext() with args: ["a84025fa-87fd-4432-a89c-6e57f823ae73"]
&amp#27;[38;5;32m[AndroidUiautomator2Driver@cb04 (a84025fa)]&amp#27;[0m Responding to client with driver.getCurrentContext() result: "NATIVE_APP"
&amp#27;[38;5;0m[HTTP]&amp#27;[0m &amp#27;[37m<-- GET /session/a84025fa-87fd-4432-a89c-6e57f823ae73/context &amp#27;[39m&amp#27;[32m200&amp#27;[39m &amp#27;[90m1 ms - 22&amp#27;[39m
&amp#27;[38;5;0m[HTTP]&amp#27;[0m &amp#27;[90m&amp#27;[39m
&amp#27;[38;5;0m[HTTP]&amp#27;[0m &amp#27;[37m-->&amp#27;[39m &amp#27;[37mPOST&amp#27;[39m &amp#27;[37m/session/a84025fa-87fd-4432-a89c-6e57f823ae73/elements&amp#27;[39m
&amp#27;[38;5;0m[HTTP]&amp#27;[0m &amp#27;[90m{"value":"com.fivemobile.thescore:id/text_category_name","using":"id"}&amp#27;[39m
&amp#27;[38;5;32m[AndroidUiautomator2Driver@cb04 (a84025fa)]&amp#27;[0m Calling AppiumDriver.findElements() with args: ["id","com.fivemobile.thescore:id/text_category_name","a84025fa-87fd-4432-a89c-6e57f823ae73"]
&amp#27;[38;5;32m[AndroidUiautomator2Driver@cb04 (a84025fa)]&amp#27;[0m Valid locator strategies for this request: xpath, id, class name, accessibility id, css selector, -android uiautomator
&amp#27;[38;5;32m[AndroidUiautomator2Driver@cb04 (a84025fa)]&amp#27;[0m Waiting up to 10000 ms for condition
&amp#27;[38;5;32m[AndroidUiautomator2Driver@cb04 (a84025fa)]&amp#27;[0m Matched '/elements' to command name 'findElements'
&amp#27;[38;5;32m[AndroidUiautomator2Driver@cb04 (a84025fa)]&amp#27;[0m Proxying [POST /elements] to [POST http://127.0.0.1:8209/session/e13e9c10-6759-487b-84e8-6054836a870e/elements] with body: {"strategy":"id","selector":"com.fivemobile.thescore:id/text_category_name","context":"","multiple":true}
&amp#27;[38;5;32m[AndroidUiautomator2Driver@cb04 (a84025fa)]&amp#27;[0m Got response with status 200: {"sessionId":"e13e9c10-6759-487b-84e8-6054836a870e","value":[{"ELEMENT":"00000000-0000-0464-ffff-ffff000006ef","element-6066-11e4-a52e-4f735466cecf":"00000000-0000-0464-ffff-ffff000006ef"},{"ELEMENT":"00000000-0000-0464-ffff-ffff000006f5","element-6066-11e4-a52e-4f735466cecf":"00000000-0000-0464-ffff-ffff000006f5"},{"ELEMENT":"00000000-0000-0464-ffff-ffff000006fb","element-6066-11e4-a52e-4f735466cecf":"00000000-0000-0464-ffff-ffff000006fb"},{"ELEMENT":"00000000-0000-0464-ffff-ffff00000701","element-6066-11e4-a52e-4f735466cecf":"00000000-0000-0464-ffff-ffff00000701"},{"ELEMENT":"00000000-0000-0464-ffff-ffff00000707","element-6066-11e4-a52e-4f735466cecf":"00000000-0000-0464-ffff-ffff00000707"},{"ELEMENT":"00000000-0000-0464-ffff-ffff00000711","element-6066-11e4-a52e-4f735466cecf":"00000000-0000-0464-ffff-ffff00000711"},{"ELEMENT":"00000000-0000-0464-ffff-ffff00000717","element-6066-11e4-a52e-4f735466cecf":"00000000-0000-0464-ffff-ffff00000717"},{"ELEMENT":"00000000-0000-0464-ffff-ffff0000071d","element-6066-...
&amp#27;[38;5;32m[AndroidUiautomator2Driver@cb04 (a84025fa)]&amp#27;[0m Responding to client with driver.findElements() result: [{"element-6066-11e4-a52e-4f735466cecf":"00000000-0000-0464-ffff-ffff000006ef","ELEMENT":"00000000-0000-0464-ffff-ffff000006ef"},{"element-6066-11e4-a52e-4f735466cecf":"00000000-0000-0464-ffff-ffff000006f5","ELEMENT":"00000000-0000-0464-ffff-ffff000006f5"},{"element-6066-11e4-a52e-4f735466cecf":"00000000-0000-0464-ffff-ffff000006fb","ELEMENT":"00000000-0000-0464-ffff-ffff000006fb"},{"element-6066-11e4-a52e-4f735466cecf":"00000000-0000-0464-ffff-ffff00000701","ELEMENT":"00000000-0000-0464-ffff-ffff00000701"},{"element-6066-11e4-a52e-4f735466cecf":"00000000-0000-0464-ffff-ffff00000707","ELEMENT":"00000000-0000-0464-ffff-ffff00000707"},{"element-6066-11e4-a52e-4f735466cecf":"00000000-0000-0464-ffff-ffff00000711","ELEMENT":"00000000-0000-0464-ffff-ffff00000711"},{"element-6066-11e4-a52e-4f735466cecf":"00000000-0000-0464-ffff-ffff00000717","ELEMENT":"00000000-0000-0464-ffff-ffff00000717"},{"element-6066-11e4-a52e-4f735466cecf":"00000000-0000-0464-ffff-ffff0000071d","ELEMENT":"00000000-0000-0464-ffff-ffff0000071...
&amp#27;[38;5;0m[HTTP]&amp#27;[0m &amp#27;[37m<-- POST /session/a84025fa-87fd-4432-a89c-6e57f823ae73/elements &amp#27;[39m&amp#27;[32m200&amp#27;[39m &amp#27;[90m182 ms - 1291&amp#27;[39m
&amp#27;[38;5;0m[HTTP]&amp#27;[0m &amp#27;[90m&amp#27;[39m
&amp#27;[38;5;0m[HTTP]&amp#27;[0m &amp#27;[37m-->&amp#27;[39m &amp#27;[37mGET&amp#27;[39m &amp#27;[37m/session/a84025fa-87fd-4432-a89c-6e57f823ae73/element/00000000-0000-0464-ffff-ffff000006f5/text&amp#27;[39m
&amp#27;[38;5;0m[HTTP]&amp#27;[0m &amp#27;[90m{}&amp#27;[39m
&amp#27;[38;5;32m[AndroidUiautomator2Driver@cb04 (a84025fa)]&amp#27;[0m Driver proxy active, passing request on via HTTP proxy
&amp#27;[38;5;32m[AndroidUiautomator2Driver@cb04 (a84025fa)]&amp#27;[0m Matched '/session/a84025fa-87fd-4432-a89c-6e57f823ae73/element/00000000-0000-0464-ffff-ffff000006f5/text' to command name 'getText'
&amp#27;[38;5;32m[AndroidUiautomator2Driver@cb04 (a84025fa)]&amp#27;[0m Proxying [GET /session/a84025fa-87fd-4432-a89c-6e57f823ae73/element/00000000-0000-0464-ffff-ffff000006f5/text] to [GET http://127.0.0.1:8209/session/e13e9c10-6759-487b-84e8-6054836a870e/element/00000000-0000-0464-ffff-ffff000006f5/text] with no body
&amp#27;[38;5;32m[AndroidUiautomator2Driver@cb04 (a84025fa)]&amp#27;[0m Got response with status 200: {"sessionId":"e13e9c10-6759-487b-84e8-6054836a870e","value":"Passing Yards"}
&amp#27;[38;5;32m[AndroidUiautomator2Driver@cb04 (a84025fa)]&amp#27;[0m Replacing sessionId e13e9c10-6759-487b-84e8-6054836a870e with a84025fa-87fd-4432-a89c-6e57f823ae73
&amp#27;[38;5;0m[HTTP]&amp#27;[0m &amp#27;[37m<-- GET /session/a84025fa-87fd-4432-a89c-6e57f823ae73/element/00000000-0000-0464-ffff-ffff000006f5/text &amp#27;[39m&amp#27;[32m200&amp#27;[39m &amp#27;[90m14 ms - 76&amp#27;[39m
&amp#27;[38;5;0m[HTTP]&amp#27;[0m &amp#27;[90m&amp#27;[39m
&amp#27;[38;5;0m[HTTP]&amp#27;[0m &amp#27;[37m-->&amp#27;[39m &amp#27;[37mGET&amp#27;[39m &amp#27;[37m/session/a84025fa-87fd-4432-a89c-6e57f823ae73/context&amp#27;[39m
&amp#27;[38;5;0m[HTTP]&amp#27;[0m &amp#27;[90m{}&amp#27;[39m
&amp#27;[38;5;32m[AndroidUiautomator2Driver@cb04 (a84025fa)]&amp#27;[0m Calling AppiumDriver.getCurrentContext() with args: ["a84025fa-87fd-4432-a89c-6e57f823ae73"]
&amp#27;[38;5;32m[AndroidUiautomator2Driver@cb04 (a84025fa)]&amp#27;[0m Responding to client with driver.getCurrentContext() result: "NATIVE_APP"
&amp#27;[38;5;0m[HTTP]&amp#27;[0m &amp#27;[37m<-- GET /session/a84025fa-87fd-4432-a89c-6e57f823ae73/context &amp#27;[39m&amp#27;[32m200&amp#27;[39m &amp#27;[90m1 ms - 22&amp#27;[39m
&amp#27;[38;5;0m[HTTP]&amp#27;[0m &amp#27;[90m&amp#27;[39m
&amp#27;[38;5;0m[HTTP]&amp#27;[0m &amp#27;[37m-->&amp#27;[39m &amp#27;[37mPOST&amp#27;[39m &amp#27;[37m/session/a84025fa-87fd-4432-a89c-6e57f823ae73/elements&amp#27;[39m
&amp#27;[38;5;0m[HTTP]&amp#27;[0m &amp#27;[90m{"value":"com.fivemobile.thescore:id/text_category_name","using":"id"}&amp#27;[39m
&amp#27;[38;5;32m[AndroidUiautomator2Driver@cb04 (a84025fa)]&amp#27;[0m Calling AppiumDriver.findElements() with args: ["id","com.fivemobile.thescore:id/text_category_name","a84025fa-87fd-4432-a89c-6e57f823ae73"]
&amp#27;[38;5;32m[AndroidUiautomator2Driver@cb04 (a84025fa)]&amp#27;[0m Valid locator strategies for this request: xpath, id, class name, accessibility id, css selector, -android uiautomator
&amp#27;[38;5;32m[AndroidUiautomator2Driver@cb04 (a84025fa)]&amp#27;[0m Waiting up to 10000 ms for condition
&amp#27;[38;5;32m[AndroidUiautomator2Driver@cb04 (a84025fa)]&amp#27;[0m Matched '/elements' to command name 'findElements'
&amp#27;[38;5;32m[AndroidUiautomator2Driver@cb04 (a84025fa)]&amp#27;[0m Proxying [POST /elements] to [POST http://127.0.0.1:8209/session/e13e9c10-6759-487b-84e8-6054836a870e/elements] with body: {"strategy":"id","selector":"com.fivemobile.thescore:id/text_category_name","context":"","multiple":true}
&amp#27;[38;5;32m[AndroidUiautomator2Driver@cb04 (a84025fa)]&amp#27;[0m Got response with status 200: {"sessionId":"e13e9c10-6759-487b-84e8-6054836a870e","value":[{"ELEMENT":"00000000-0000-0464-ffff-ffff000006ef","element-6066-11e4-a52e-4f735466cecf":"00000000-0000-0464-ffff-ffff000006ef"},{"ELEMENT":"00000000-0000-0464-ffff-ffff000006f5","element-6066-11e4-a52e-4f735466cecf":"00000000-0000-0464-ffff-ffff000006f5"},{"ELEMENT":"00000000-0000-0464-ffff-ffff000006fb","element-6066-11e4-a52e-4f735466cecf":"00000000-0000-0464-ffff-ffff000006fb"},{"ELEMENT":"00000000-0000-0464-ffff-ffff00000701","element-6066-11e4-a52e-4f735466cecf":"00000000-0000-0464-ffff-ffff00000701"},{"ELEMENT":"00000000-0000-0464-ffff-ffff00000707","element-6066-11e4-a52e-4f735466cecf":"00000000-0000-0464-ffff-ffff00000707"},{"ELEMENT":"00000000-0000-0464-ffff-ffff00000711","element-6066-11e4-a52e-4f735466cecf":"00000000-0000-0464-ffff-ffff00000711"},{"ELEMENT":"00000000-0000-0464-ffff-ffff00000717","element-6066-11e4-a52e-4f735466cecf":"00000000-0000-0464-ffff-ffff00000717"},{"ELEMENT":"00000000-0000-0464-ffff-ffff0000071d","element-6066-...
&amp#27;[38;5;32m[AndroidUiautomator2Driver@cb04 (a84025fa)]&amp#27;[0m Responding to client with driver.findElements() result: [{"element-6066-11e4-a52e-4f735466cecf":"00000000-0000-0464-ffff-ffff000006ef","ELEMENT":"00000000-0000-0464-ffff-ffff000006ef"},{"element-6066-11e4-a52e-4f735466cecf":"00000000-0000-0464-ffff-ffff000006f5","ELEMENT":"00000000-0000-0464-ffff-ffff000006f5"},{"element-6066-11e4-a52e-4f735466cecf":"00000000-0000-0464-ffff-ffff000006fb","ELEMENT":"00000000-0000-0464-ffff-ffff000006fb"},{"element-6066-11e4-a52e-4f735466cecf":"00000000-0000-0464-ffff-ffff00000701","ELEMENT":"00000000-0000-0464-ffff-ffff00000701"},{"element-6066-11e4-a52e-4f735466cecf":"00000000-0000-0464-ffff-ffff00000707","ELEMENT":"00000000-0000-0464-ffff-ffff00000707"},{"element-6066-11e4-a52e-4f735466cecf":"00000000-0000-0464-ffff-ffff00000711","ELEMENT":"00000000-0000-0464-ffff-ffff00000711"},{"element-6066-11e4-a52e-4f735466cecf":"00000000-0000-0464-ffff-ffff00000717","ELEMENT":"00000000-0000-0464-ffff-ffff00000717"},{"element-6066-11e4-a52e-4f735466cecf":"00000000-0000-0464-ffff-ffff0000071d","ELEMENT":"00000000-0000-0464-ffff-ffff0000071...
&amp#27;[38;5;0m[HTTP]&amp#27;[0m &amp#27;[37m<-- POST /session/a84025fa-87fd-4432-a89c-6e57f823ae73/elements &amp#27;[39m&amp#27;[32m200&amp#27;[39m &amp#27;[90m201 ms - 1291&amp#27;[39m
&amp#27;[38;5;0m[HTTP]&amp#27;[0m &amp#27;[90m&amp#27;[39m
&amp#27;[38;5;0m[HTTP]&amp#27;[0m &amp#27;[37m-->&amp#27;[39m &amp#27;[37mGET&amp#27;[39m &amp#27;[37m/session/a84025fa-87fd-4432-a89c-6e57f823ae73/element/00000000-0000-0464-ffff-ffff000006f5/text&amp#27;[39m
&amp#27;[38;5;0m[HTTP]&amp#27;[0m &amp#27;[90m{}&amp#27;[39m
&amp#27;[38;5;32m[AndroidUiautomator2Driver@cb04 (a84025fa)]&amp#27;[0m Driver proxy active, passing request on via HTTP proxy
&amp#27;[38;5;32m[AndroidUiautomator2Driver@cb04 (a84025fa)]&amp#27;[0m Matched '/session/a84025fa-87fd-4432-a89c-6e57f823ae73/element/00000000-0000-0464-ffff-ffff000006f5/text' to command name 'getText'
&amp#27;[38;5;32m[AndroidUiautomator2Driver@cb04 (a84025fa)]&amp#27;[0m Proxying [GET /session/a84025fa-87fd-4432-a89c-6e57f823ae73/element/00000000-0000-0464-ffff-ffff000006f5/text] to [GET http://127.0.0.1:8209/session/e13e9c10-6759-487b-84e8-6054836a870e/element/00000000-0000-0464-ffff-ffff000006f5/text] with no body
&amp#27;[38;5;32m[AndroidUiautomator2Driver@cb04 (a84025fa)]&amp#27;[0m Got response with status 200: {"sessionId":"e13e9c10-6759-487b-84e8-6054836a870e","value":"Passing Yards"}
&amp#27;[38;5;32m[AndroidUiautomator2Driver@cb04 (a84025fa)]&amp#27;[0m Replacing sessionId e13e9c10-6759-487b-84e8-6054836a870e with a84025fa-87fd-4432-a89c-6e57f823ae73
&amp#27;[38;5;0m[HTTP]&amp#27;[0m &amp#27;[37m<-- GET /session/a84025fa-87fd-4432-a89c-6e57f823ae73/element/00000000-0000-0464-ffff-ffff000006f5/text &amp#27;[39m&amp#27;[32m200&amp#27;[39m &amp#27;[90m12 ms - 76&amp#27;[39m
&amp#27;[38;5;0m[HTTP]&amp#27;[0m &amp#27;[90m&amp#27;[39m
&amp#27;[38;5;0m[HTTP]&amp#27;[0m &amp#27;[37m-->&amp#27;[39m &amp#27;[37mGET&amp#27;[39m &amp#27;[37m/session/a84025fa-87fd-4432-a89c-6e57f823ae73/context&amp#27;[39m
&amp#27;[38;5;0m[HTTP]&amp#27;[0m &amp#27;[90m{}&amp#27;[39m
&amp#27;[38;5;32m[AndroidUiautomator2Driver@cb04 (a84025fa)]&amp#27;[0m Calling AppiumDriver.getCurrentContext() with args: ["a84025fa-87fd-4432-a89c-6e57f823ae73"]
&amp#27;[38;5;32m[AndroidUiautomator2Driver@cb04 (a84025fa)]&amp#27;[0m Responding to client with driver.getCurrentContext() result: "NATIVE_APP"
&amp#27;[38;5;0m[HTTP]&amp#27;[0m &amp#27;[37m<-- GET /session/a84025fa-87fd-4432-a89c-6e57f823ae73/context &amp#27;[39m&amp#27;[32m200&amp#27;[39m &amp#27;[90m1 ms - 22&amp#27;[39m
&amp#27;[38;5;0m[HTTP]&amp#27;[0m &amp#27;[90m&amp#27;[39m
&amp#27;[38;5;0m[HTTP]&amp#27;[0m &amp#27;[37m-->&amp#27;[39m &amp#27;[37mPOST&amp#27;[39m &amp#27;[37m/session/a84025fa-87fd-4432-a89c-6e57f823ae73/elements&amp#27;[39m
&amp#27;[38;5;0m[HTTP]&amp#27;[0m &amp#27;[90m{"value":"com.fivemobile.thescore:id/text_category_name","using":"id"}&amp#27;[39m
&amp#27;[38;5;32m[AndroidUiautomator2Driver@cb04 (a84025fa)]&amp#27;[0m Calling AppiumDriver.findElements() with args: ["id","com.fivemobile.thescore:id/text_category_name","a84025fa-87fd-4432-a89c-6e57f823ae73"]
&amp#27;[38;5;32m[AndroidUiautomator2Driver@cb04 (a84025fa)]&amp#27;[0m Valid locator strategies for this request: xpath, id, class name, accessibility id, css selector, -android uiautomator
&amp#27;[38;5;32m[AndroidUiautomator2Driver@cb04 (a84025fa)]&amp#27;[0m Waiting up to 10000 ms for condition
&amp#27;[38;5;32m[AndroidUiautomator2Driver@cb04 (a84025fa)]&amp#27;[0m Matched '/elements' to command name 'findElements'
&amp#27;[38;5;32m[AndroidUiautomator2Driver@cb04 (a84025fa)]&amp#27;[0m Proxying [POST /elements] to [POST http://127.0.0.1:8209/session/e13e9c10-6759-487b-84e8-6054836a870e/elements] with body: {"strategy":"id","selector":"com.fivemobile.thescore:id/text_category_name","context":"","multiple":true}
&amp#27;[38;5;32m[AndroidUiautomator2Driver@cb04 (a84025fa)]&amp#27;[0m Got response with status 200: {"sessionId":"e13e9c10-6759-487b-84e8-6054836a870e","value":[{"ELEMENT":"00000000-0000-0464-ffff-ffff000006ef","element-6066-11e4-a52e-4f735466cecf":"00000000-0000-0464-ffff-ffff000006ef"},{"ELEMENT":"00000000-0000-0464-ffff-ffff000006f5","element-6066-11e4-a52e-4f735466cecf":"00000000-0000-0464-ffff-ffff000006f5"},{"ELEMENT":"00000000-0000-0464-ffff-ffff000006fb","element-6066-11e4-a52e-4f735466cecf":"00000000-0000-0464-ffff-ffff000006fb"},{"ELEMENT":"00000000-0000-0464-ffff-ffff00000701","element-6066-11e4-a52e-4f735466cecf":"00000000-0000-0464-ffff-ffff00000701"},{"ELEMENT":"00000000-0000-0464-ffff-ffff00000707","element-6066-11e4-a52e-4f735466cecf":"00000000-0000-0464-ffff-ffff00000707"},{"ELEMENT":"00000000-0000-0464-ffff-ffff00000711","element-6066-11e4-a52e-4f735466cecf":"00000000-0000-0464-ffff-ffff00000711"},{"ELEMENT":"00000000-0000-0464-ffff-ffff00000717","element-6066-11e4-a52e-4f735466cecf":"00000000-0000-0464-ffff-ffff00000717"},{"ELEMENT":"00000000-0000-0464-ffff-ffff0000071d","element-6066-...
&amp#27;[38;5;32m[AndroidUiautomator2Driver@cb04 (a84025fa)]&amp#27;[0m Responding to client with driver.findElements() result: [{"element-6066-11e4-a52e-4f735466cecf":"00000000-0000-0464-ffff-ffff000006ef","ELEMENT":"00000000-0000-0464-ffff-ffff000006ef"},{"element-6066-11e4-a52e-4f735466cecf":"00000000-0000-0464-ffff-ffff000006f5","ELEMENT":"00000000-0000-0464-ffff-ffff000006f5"},{"element-6066-11e4-a52e-4f735466cecf":"00000000-0000-0464-ffff-ffff000006fb","ELEMENT":"00000000-0000-0464-ffff-ffff000006fb"},{"element-6066-11e4-a52e-4f735466cecf":"00000000-0000-0464-ffff-ffff00000701","ELEMENT":"00000000-0000-0464-ffff-ffff00000701"},{"element-6066-11e4-a52e-4f735466cecf":"00000000-0000-0464-ffff-ffff00000707","ELEMENT":"00000000-0000-0464-ffff-ffff00000707"},{"element-6066-11e4-a52e-4f735466cecf":"00000000-0000-0464-ffff-ffff00000711","ELEMENT":"00000000-0000-0464-ffff-ffff00000711"},{"element-6066-11e4-a52e-4f735466cecf":"00000000-0000-0464-ffff-ffff00000717","ELEMENT":"00000000-0000-0464-ffff-ffff00000717"},{"element-6066-11e4-a52e-4f735466cecf":"00000000-0000-0464-ffff-ffff0000071d","ELEMENT":"00000000-0000-0464-ffff-ffff0000071...
&amp#27;[38;5;0m[HTTP]&amp#27;[0m &amp#27;[37m<-- POST /session/a84025fa-87fd-4432-a89c-6e57f823ae73/elements &amp#27;[39m&amp#27;[32m200&amp#27;[39m &amp#27;[90m130 ms - 1291&amp#27;[39m
&amp#27;[38;5;0m[HTTP]&amp#27;[0m &amp#27;[90m&amp#27;[39m
&amp#27;[38;5;0m[HTTP]&amp#27;[0m &amp#27;[37m-->&amp#27;[39m &amp#27;[37mGET&amp#27;[39m &amp#27;[37m/session/a84025fa-87fd-4432-a89c-6e57f823ae73/element/00000000-0000-0464-ffff-ffff000006f5/text&amp#27;[39m
&amp#27;[38;5;0m[HTTP]&amp#27;[0m &amp#27;[90m{}&amp#27;[39m
&amp#27;[38;5;32m[AndroidUiautomator2Driver@cb04 (a84025fa)]&amp#27;[0m Driver proxy active, passing request on via HTTP proxy
&amp#27;[38;5;32m[AndroidUiautomator2Driver@cb04 (a84025fa)]&amp#27;[0m Matched '/session/a84025fa-87fd-4432-a89c-6e57f823ae73/element/00000000-0000-0464-ffff-ffff000006f5/text' to command name 'getText'
&amp#27;[38;5;32m[AndroidUiautomator2Driver@cb04 (a84025fa)]&amp#27;[0m Proxying [GET /session/a84025fa-87fd-4432-a89c-6e57f823ae73/element/00000000-0000-0464-ffff-ffff000006f5/text] to [GET http://127.0.0.1:8209/session/e13e9c10-6759-487b-84e8-6054836a870e/element/00000000-0000-0464-ffff-ffff000006f5/text] with no body
&amp#27;[38;5;32m[AndroidUiautomator2Driver@cb04 (a84025fa)]&amp#27;[0m Got response with status 200: {"sessionId":"e13e9c10-6759-487b-84e8-6054836a870e","value":"Passing Yards"}
&amp#27;[38;5;32m[AndroidUiautomator2Driver@cb04 (a84025fa)]&amp#27;[0m Replacing sessionId e13e9c10-6759-487b-84e8-6054836a870e with a84025fa-87fd-4432-a89c-6e57f823ae73
&amp#27;[38;5;0m[HTTP]&amp#27;[0m &amp#27;[37m<-- GET /session/a84025fa-87fd-4432-a89c-6e57f823ae73/element/00000000-0000-0464-ffff-ffff000006f5/text &amp#27;[39m&amp#27;[32m200&amp#27;[39m &amp#27;[90m11 ms - 76&amp#27;[39m
&amp#27;[38;5;0m[HTTP]&amp#27;[0m &amp#27;[90m&amp#27;[39m
Text displayed: Passing Yards
&amp#27;[38;5;0m[HTTP]&amp#27;[0m &amp#27;[37m-->&amp#27;[39m &amp#27;[37mGET&amp#27;[39m &amp#27;[37m/session/a84025fa-87fd-4432-a89c-6e57f823ae73/context&amp#27;[39m
&amp#27;[38;5;0m[HTTP]&amp#27;[0m &amp#27;[90m{}&amp#27;[39m
&amp#27;[38;5;32m[AndroidUiautomator2Driver@cb04 (a84025fa)]&amp#27;[0m Calling AppiumDriver.getCurrentContext() with args: ["a84025fa-87fd-4432-a89c-6e57f823ae73"]
&amp#27;[38;5;32m[AndroidUiautomator2Driver@cb04 (a84025fa)]&amp#27;[0m Responding to client with driver.getCurrentContext() result: "NATIVE_APP"
&amp#27;[38;5;0m[HTTP]&amp#27;[0m &amp#27;[37m<-- GET /session/a84025fa-87fd-4432-a89c-6e57f823ae73/context &amp#27;[39m&amp#27;[32m200&amp#27;[39m &amp#27;[90m1 ms - 22&amp#27;[39m
&amp#27;[38;5;0m[HTTP]&amp#27;[0m &amp#27;[90m&amp#27;[39m
&amp#27;[38;5;0m[HTTP]&amp#27;[0m &amp#27;[37m-->&amp#27;[39m &amp#27;[37mPOST&amp#27;[39m &amp#27;[37m/session/a84025fa-87fd-4432-a89c-6e57f823ae73/elements&amp#27;[39m
&amp#27;[38;5;0m[HTTP]&amp#27;[0m &amp#27;[90m{"value":"com.fivemobile.thescore:id/text_category_name","using":"id"}&amp#27;[39m
&amp#27;[38;5;32m[AndroidUiautomator2Driver@cb04 (a84025fa)]&amp#27;[0m Calling AppiumDriver.findElements() with args: ["id","com.fivemobile.thescore:id/text_category_name","a84025fa-87fd-4432-a89c-6e57f823ae73"]
&amp#27;[38;5;32m[AndroidUiautomator2Driver@cb04 (a84025fa)]&amp#27;[0m Valid locator strategies for this request: xpath, id, class name, accessibility id, css selector, -android uiautomator
&amp#27;[38;5;32m[AndroidUiautomator2Driver@cb04 (a84025fa)]&amp#27;[0m Waiting up to 10000 ms for condition
&amp#27;[38;5;32m[AndroidUiautomator2Driver@cb04 (a84025fa)]&amp#27;[0m Matched '/elements' to command name 'findElements'
&amp#27;[38;5;32m[AndroidUiautomator2Driver@cb04 (a84025fa)]&amp#27;[0m Proxying [POST /elements] to [POST http://127.0.0.1:8209/session/e13e9c10-6759-487b-84e8-6054836a870e/elements] with body: {"strategy":"id","selector":"com.fivemobile.thescore:id/text_category_name","context":"","multiple":true}
&amp#27;[38;5;32m[AndroidUiautomator2Driver@cb04 (a84025fa)]&amp#27;[0m Got response with status 200: {"sessionId":"e13e9c10-6759-487b-84e8-6054836a870e","value":[{"ELEMENT":"00000000-0000-0464-ffff-ffff000006ef","element-6066-11e4-a52e-4f735466cecf":"00000000-0000-0464-ffff-ffff000006ef"},{"ELEMENT":"00000000-0000-0464-ffff-ffff000006f5","element-6066-11e4-a52e-4f735466cecf":"00000000-0000-0464-ffff-ffff000006f5"},{"ELEMENT":"00000000-0000-0464-ffff-ffff000006fb","element-6066-11e4-a52e-4f735466cecf":"00000000-0000-0464-ffff-ffff000006fb"},{"ELEMENT":"00000000-0000-0464-ffff-ffff00000701","element-6066-11e4-a52e-4f735466cecf":"00000000-0000-0464-ffff-ffff00000701"},{"ELEMENT":"00000000-0000-0464-ffff-ffff00000707","element-6066-11e4-a52e-4f735466cecf":"00000000-0000-0464-ffff-ffff00000707"},{"ELEMENT":"00000000-0000-0464-ffff-ffff00000711","element-6066-11e4-a52e-4f735466cecf":"00000000-0000-0464-ffff-ffff00000711"},{"ELEMENT":"00000000-0000-0464-ffff-ffff00000717","element-6066-11e4-a52e-4f735466cecf":"00000000-0000-0464-ffff-ffff00000717"},{"ELEMENT":"00000000-0000-0464-ffff-ffff0000071d","element-6066-...
&amp#27;[38;5;32m[AndroidUiautomator2Driver@cb04 (a84025fa)]&amp#27;[0m Responding to client with driver.findElements() result: [{"element-6066-11e4-a52e-4f735466cecf":"00000000-0000-0464-ffff-ffff000006ef","ELEMENT":"00000000-0000-0464-ffff-ffff000006ef"},{"element-6066-11e4-a52e-4f735466cecf":"00000000-0000-0464-ffff-ffff000006f5","ELEMENT":"00000000-0000-0464-ffff-ffff000006f5"},{"element-6066-11e4-a52e-4f735466cecf":"00000000-0000-0464-ffff-ffff000006fb","ELEMENT":"00000000-0000-0464-ffff-ffff000006fb"},{"element-6066-11e4-a52e-4f735466cecf":"00000000-0000-0464-ffff-ffff00000701","ELEMENT":"00000000-0000-0464-ffff-ffff00000701"},{"element-6066-11e4-a52e-4f735466cecf":"00000000-0000-0464-ffff-ffff00000707","ELEMENT":"00000000-0000-0464-ffff-ffff00000707"},{"element-6066-11e4-a52e-4f735466cecf":"00000000-0000-0464-ffff-ffff00000711","ELEMENT":"00000000-0000-0464-ffff-ffff00000711"},{"element-6066-11e4-a52e-4f735466cecf":"00000000-0000-0464-ffff-ffff00000717","ELEMENT":"00000000-0000-0464-ffff-ffff00000717"},{"element-6066-11e4-a52e-4f735466cecf":"00000000-0000-0464-ffff-ffff0000071d","ELEMENT":"00000000-0000-0464-ffff-ffff0000071...
&amp#27;[38;5;0m[HTTP]&amp#27;[0m &amp#27;[37m<-- POST /session/a84025fa-87fd-4432-a89c-6e57f823ae73/elements &amp#27;[39m&amp#27;[32m200&amp#27;[39m &amp#27;[90m129 ms - 1291&amp#27;[39m
&amp#27;[38;5;0m[HTTP]&amp#27;[0m &amp#27;[90m&amp#27;[39m
&amp#27;[38;5;0m[HTTP]&amp#27;[0m &amp#27;[37m-->&amp#27;[39m &amp#27;[37mGET&amp#27;[39m &amp#27;[37m/session/a84025fa-87fd-4432-a89c-6e57f823ae73/context&amp#27;[39m
&amp#27;[38;5;0m[HTTP]&amp#27;[0m &amp#27;[90m{}&amp#27;[39m
&amp#27;[38;5;32m[AndroidUiautomator2Driver@cb04 (a84025fa)]&amp#27;[0m Calling AppiumDriver.getCurrentContext() with args: ["a84025fa-87fd-4432-a89c-6e57f823ae73"]
&amp#27;[38;5;32m[AndroidUiautomator2Driver@cb04 (a84025fa)]&amp#27;[0m Responding to client with driver.getCurrentContext() result: "NATIVE_APP"
&amp#27;[38;5;0m[HTTP]&amp#27;[0m &amp#27;[37m<-- GET /session/a84025fa-87fd-4432-a89c-6e57f823ae73/context &amp#27;[39m&amp#27;[32m200&amp#27;[39m &amp#27;[90m1 ms - 22&amp#27;[39m
&amp#27;[38;5;0m[HTTP]&amp#27;[0m &amp#27;[90m&amp#27;[39m
&amp#27;[38;5;0m[HTTP]&amp#27;[0m &amp#27;[37m-->&amp#27;[39m &amp#27;[37mPOST&amp#27;[39m &amp#27;[37m/session/a84025fa-87fd-4432-a89c-6e57f823ae73/elements&amp#27;[39m
&amp#27;[38;5;0m[HTTP]&amp#27;[0m &amp#27;[90m{"value":"com.fivemobile.thescore:id/text_category_name","using":"id"}&amp#27;[39m
&amp#27;[38;5;32m[AndroidUiautomator2Driver@cb04 (a84025fa)]&amp#27;[0m Calling AppiumDriver.findElements() with args: ["id","com.fivemobile.thescore:id/text_category_name","a84025fa-87fd-4432-a89c-6e57f823ae73"]
&amp#27;[38;5;32m[AndroidUiautomator2Driver@cb04 (a84025fa)]&amp#27;[0m Valid locator strategies for this request: xpath, id, class name, accessibility id, css selector, -android uiautomator
&amp#27;[38;5;32m[AndroidUiautomator2Driver@cb04 (a84025fa)]&amp#27;[0m Waiting up to 10000 ms for condition
&amp#27;[38;5;32m[AndroidUiautomator2Driver@cb04 (a84025fa)]&amp#27;[0m Matched '/elements' to command name 'findElements'
&amp#27;[38;5;32m[AndroidUiautomator2Driver@cb04 (a84025fa)]&amp#27;[0m Proxying [POST /elements] to [POST http://127.0.0.1:8209/session/e13e9c10-6759-487b-84e8-6054836a870e/elements] with body: {"strategy":"id","selector":"com.fivemobile.thescore:id/text_category_name","context":"","multiple":true}
&amp#27;[38;5;32m[AndroidUiautomator2Driver@cb04 (a84025fa)]&amp#27;[0m Got response with status 200: {"sessionId":"e13e9c10-6759-487b-84e8-6054836a870e","value":[{"ELEMENT":"00000000-0000-0464-ffff-ffff000006ef","element-6066-11e4-a52e-4f735466cecf":"00000000-0000-0464-ffff-ffff000006ef"},{"ELEMENT":"00000000-0000-0464-ffff-ffff000006f5","element-6066-11e4-a52e-4f735466cecf":"00000000-0000-0464-ffff-ffff000006f5"},{"ELEMENT":"00000000-0000-0464-ffff-ffff000006fb","element-6066-11e4-a52e-4f735466cecf":"00000000-0000-0464-ffff-ffff000006fb"},{"ELEMENT":"00000000-0000-0464-ffff-ffff00000701","element-6066-11e4-a52e-4f735466cecf":"00000000-0000-0464-ffff-ffff00000701"},{"ELEMENT":"00000000-0000-0464-ffff-ffff00000707","element-6066-11e4-a52e-4f735466cecf":"00000000-0000-0464-ffff-ffff00000707"},{"ELEMENT":"00000000-0000-0464-ffff-ffff00000711","element-6066-11e4-a52e-4f735466cecf":"00000000-0000-0464-ffff-ffff00000711"},{"ELEMENT":"00000000-0000-0464-ffff-ffff00000717","element-6066-11e4-a52e-4f735466cecf":"00000000-0000-0464-ffff-ffff00000717"},{"ELEMENT":"00000000-0000-0464-ffff-ffff0000071d","element-6066-...
&amp#27;[38;5;32m[AndroidUiautomator2Driver@cb04 (a84025fa)]&amp#27;[0m Responding to client with driver.findElements() result: [{"element-6066-11e4-a52e-4f735466cecf":"00000000-0000-0464-ffff-ffff000006ef","ELEMENT":"00000000-0000-0464-ffff-ffff000006ef"},{"element-6066-11e4-a52e-4f735466cecf":"00000000-0000-0464-ffff-ffff000006f5","ELEMENT":"00000000-0000-0464-ffff-ffff000006f5"},{"element-6066-11e4-a52e-4f735466cecf":"00000000-0000-0464-ffff-ffff000006fb","ELEMENT":"00000000-0000-0464-ffff-ffff000006fb"},{"element-6066-11e4-a52e-4f735466cecf":"00000000-0000-0464-ffff-ffff00000701","ELEMENT":"00000000-0000-0464-ffff-ffff00000701"},{"element-6066-11e4-a52e-4f735466cecf":"00000000-0000-0464-ffff-ffff00000707","ELEMENT":"00000000-0000-0464-ffff-ffff00000707"},{"element-6066-11e4-a52e-4f735466cecf":"00000000-0000-0464-ffff-ffff00000711","ELEMENT":"00000000-0000-0464-ffff-ffff00000711"},{"element-6066-11e4-a52e-4f735466cecf":"00000000-0000-0464-ffff-ffff00000717","ELEMENT":"00000000-0000-0464-ffff-ffff00000717"},{"element-6066-11e4-a52e-4f735466cecf":"00000000-0000-0464-ffff-ffff0000071d","ELEMENT":"00000000-0000-0464-ffff-ffff0000071...
&amp#27;[38;5;0m[HTTP]&amp#27;[0m &amp#27;[37m<-- POST /session/a84025fa-87fd-4432-a89c-6e57f823ae73/elements &amp#27;[39m&amp#27;[32m200&amp#27;[39m &amp#27;[90m135 ms - 1291&amp#27;[39m
&amp#27;[38;5;0m[HTTP]&amp#27;[0m &amp#27;[90m&amp#27;[39m
&amp#27;[38;5;0m[HTTP]&amp#27;[0m &amp#27;[37m-->&amp#27;[39m &amp#27;[37mGET&amp#27;[39m &amp#27;[37m/session/a84025fa-87fd-4432-a89c-6e57f823ae73/element/00000000-0000-0464-ffff-ffff000006fb/text&amp#27;[39m
&amp#27;[38;5;0m[HTTP]&amp#27;[0m &amp#27;[90m{}&amp#27;[39m
&amp#27;[38;5;32m[AndroidUiautomator2Driver@cb04 (a84025fa)]&amp#27;[0m Driver proxy active, passing request on via HTTP proxy
&amp#27;[38;5;32m[AndroidUiautomator2Driver@cb04 (a84025fa)]&amp#27;[0m Matched '/session/a84025fa-87fd-4432-a89c-6e57f823ae73/element/00000000-0000-0464-ffff-ffff000006fb/text' to command name 'getText'
&amp#27;[38;5;32m[AndroidUiautomator2Driver@cb04 (a84025fa)]&amp#27;[0m Proxying [GET /session/a84025fa-87fd-4432-a89c-6e57f823ae73/element/00000000-0000-0464-ffff-ffff000006fb/text] to [GET http://127.0.0.1:8209/session/e13e9c10-6759-487b-84e8-6054836a870e/element/00000000-0000-0464-ffff-ffff000006fb/text] with no body
&amp#27;[38;5;32m[AndroidUiautomator2Driver@cb04 (a84025fa)]&amp#27;[0m Got response with status 200: {"sessionId":"e13e9c10-6759-487b-84e8-6054836a870e","value":"Rushing Yards"}
&amp#27;[38;5;32m[AndroidUiautomator2Driver@cb04 (a84025fa)]&amp#27;[0m Replacing sessionId e13e9c10-6759-487b-84e8-6054836a870e with a84025fa-87fd-4432-a89c-6e57f823ae73
&amp#27;[38;5;0m[HTTP]&amp#27;[0m &amp#27;[37m<-- GET /session/a84025fa-87fd-4432-a89c-6e57f823ae73/element/00000000-0000-0464-ffff-ffff000006fb/text &amp#27;[39m&amp#27;[32m200&amp#27;[39m &amp#27;[90m11 ms - 76&amp#27;[39m
&amp#27;[38;5;0m[HTTP]&amp#27;[0m &amp#27;[90m&amp#27;[39m
&amp#27;[38;5;0m[HTTP]&amp#27;[0m &amp#27;[37m-->&amp#27;[39m &amp#27;[37mGET&amp#27;[39m &amp#27;[37m/session/a84025fa-87fd-4432-a89c-6e57f823ae73/context&amp#27;[39m
&amp#27;[38;5;0m[HTTP]&amp#27;[0m &amp#27;[90m{}&amp#27;[39m
&amp#27;[38;5;32m[AndroidUiautomator2Driver@cb04 (a84025fa)]&amp#27;[0m Calling AppiumDriver.getCurrentContext() with args: ["a84025fa-87fd-4432-a89c-6e57f823ae73"]
&amp#27;[38;5;32m[AndroidUiautomator2Driver@cb04 (a84025fa)]&amp#27;[0m Responding to client with driver.getCurrentContext() result: "NATIVE_APP"
&amp#27;[38;5;0m[HTTP]&amp#27;[0m &amp#27;[37m<-- GET /session/a84025fa-87fd-4432-a89c-6e57f823ae73/context &amp#27;[39m&amp#27;[32m200&amp#27;[39m &amp#27;[90m1 ms - 22&amp#27;[39m
&amp#27;[38;5;0m[HTTP]&amp#27;[0m &amp#27;[90m&amp#27;[39m
&amp#27;[38;5;0m[HTTP]&amp#27;[0m &amp#27;[37m-->&amp#27;[39m &amp#27;[37mPOST&amp#27;[39m &amp#27;[37m/session/a84025fa-87fd-4432-a89c-6e57f823ae73/elements&amp#27;[39m
&amp#27;[38;5;0m[HTTP]&amp#27;[0m &amp#27;[90m{"value":"com.fivemobile.thescore:id/text_category_name","using":"id"}&amp#27;[39m
&amp#27;[38;5;32m[AndroidUiautomator2Driver@cb04 (a84025fa)]&amp#27;[0m Calling AppiumDriver.findElements() with args: ["id","com.fivemobile.thescore:id/text_category_name","a84025fa-87fd-4432-a89c-6e57f823ae73"]
&amp#27;[38;5;32m[AndroidUiautomator2Driver@cb04 (a84025fa)]&amp#27;[0m Valid locator strategies for this request: xpath, id, class name, accessibility id, css selector, -android uiautomator
&amp#27;[38;5;32m[AndroidUiautomator2Driver@cb04 (a84025fa)]&amp#27;[0m Waiting up to 10000 ms for condition
&amp#27;[38;5;32m[AndroidUiautomator2Driver@cb04 (a84025fa)]&amp#27;[0m Matched '/elements' to command name 'findElements'
&amp#27;[38;5;32m[AndroidUiautomator2Driver@cb04 (a84025fa)]&amp#27;[0m Proxying [POST /elements] to [POST http://127.0.0.1:8209/session/e13e9c10-6759-487b-84e8-6054836a870e/elements] with body: {"strategy":"id","selector":"com.fivemobile.thescore:id/text_category_name","context":"","multiple":true}
&amp#27;[38;5;32m[AndroidUiautomator2Driver@cb04 (a84025fa)]&amp#27;[0m Got response with status 200: {"sessionId":"e13e9c10-6759-487b-84e8-6054836a870e","value":[{"ELEMENT":"00000000-0000-0464-ffff-ffff000006ef","element-6066-11e4-a52e-4f735466cecf":"00000000-0000-0464-ffff-ffff000006ef"},{"ELEMENT":"00000000-0000-0464-ffff-ffff000006f5","element-6066-11e4-a52e-4f735466cecf":"00000000-0000-0464-ffff-ffff000006f5"},{"ELEMENT":"00000000-0000-0464-ffff-ffff000006fb","element-6066-11e4-a52e-4f735466cecf":"00000000-0000-0464-ffff-ffff000006fb"},{"ELEMENT":"00000000-0000-0464-ffff-ffff00000701","element-6066-11e4-a52e-4f735466cecf":"00000000-0000-0464-ffff-ffff00000701"},{"ELEMENT":"00000000-0000-0464-ffff-ffff00000707","element-6066-11e4-a52e-4f735466cecf":"00000000-0000-0464-ffff-ffff00000707"},{"ELEMENT":"00000000-0000-0464-ffff-ffff00000711","element-6066-11e4-a52e-4f735466cecf":"00000000-0000-0464-ffff-ffff00000711"},{"ELEMENT":"00000000-0000-0464-ffff-ffff00000717","element-6066-11e4-a52e-4f735466cecf":"00000000-0000-0464-ffff-ffff00000717"},{"ELEMENT":"00000000-0000-0464-ffff-ffff0000071d","element-6066-...
&amp#27;[38;5;32m[AndroidUiautomator2Driver@cb04 (a84025fa)]&amp#27;[0m Responding to client with driver.findElements() result: [{"element-6066-11e4-a52e-4f735466cecf":"00000000-0000-0464-ffff-ffff000006ef","ELEMENT":"00000000-0000-0464-ffff-ffff000006ef"},{"element-6066-11e4-a52e-4f735466cecf":"00000000-0000-0464-ffff-ffff000006f5","ELEMENT":"00000000-0000-0464-ffff-ffff000006f5"},{"element-6066-11e4-a52e-4f735466cecf":"00000000-0000-0464-ffff-ffff000006fb","ELEMENT":"00000000-0000-0464-ffff-ffff000006fb"},{"element-6066-11e4-a52e-4f735466cecf":"00000000-0000-0464-ffff-ffff00000701","ELEMENT":"00000000-0000-0464-ffff-ffff00000701"},{"element-6066-11e4-a52e-4f735466cecf":"00000000-0000-0464-ffff-ffff00000707","ELEMENT":"00000000-0000-0464-ffff-ffff00000707"},{"element-6066-11e4-a52e-4f735466cecf":"00000000-0000-0464-ffff-ffff00000711","ELEMENT":"00000000-0000-0464-ffff-ffff00000711"},{"element-6066-11e4-a52e-4f735466cecf":"00000000-0000-0464-ffff-ffff00000717","ELEMENT":"00000000-0000-0464-ffff-ffff00000717"},{"element-6066-11e4-a52e-4f735466cecf":"00000000-0000-0464-ffff-ffff0000071d","ELEMENT":"00000000-0000-0464-ffff-ffff0000071...
&amp#27;[38;5;0m[HTTP]&amp#27;[0m &amp#27;[37m<-- POST /session/a84025fa-87fd-4432-a89c-6e57f823ae73/elements &amp#27;[39m&amp#27;[32m200&amp#27;[39m &amp#27;[90m165 ms - 1291&amp#27;[39m
&amp#27;[38;5;0m[HTTP]&amp#27;[0m &amp#27;[90m&amp#27;[39m
&amp#27;[38;5;0m[HTTP]&amp#27;[0m &amp#27;[37m-->&amp#27;[39m &amp#27;[37mGET&amp#27;[39m &amp#27;[37m/session/a84025fa-87fd-4432-a89c-6e57f823ae73/element/00000000-0000-0464-ffff-ffff000006fb/text&amp#27;[39m
&amp#27;[38;5;0m[HTTP]&amp#27;[0m &amp#27;[90m{}&amp#27;[39m
&amp#27;[38;5;32m[AndroidUiautomator2Driver@cb04 (a84025fa)]&amp#27;[0m Driver proxy active, passing request on via HTTP proxy
&amp#27;[38;5;32m[AndroidUiautomator2Driver@cb04 (a84025fa)]&amp#27;[0m Matched '/session/a84025fa-87fd-4432-a89c-6e57f823ae73/element/00000000-0000-0464-ffff-ffff000006fb/text' to command name 'getText'
&amp#27;[38;5;32m[AndroidUiautomator2Driver@cb04 (a84025fa)]&amp#27;[0m Proxying [GET /session/a84025fa-87fd-4432-a89c-6e57f823ae73/element/00000000-0000-0464-ffff-ffff000006fb/text] to [GET http://127.0.0.1:8209/session/e13e9c10-6759-487b-84e8-6054836a870e/element/00000000-0000-0464-ffff-ffff000006fb/text] with no body
&amp#27;[38;5;32m[AndroidUiautomator2Driver@cb04 (a84025fa)]&amp#27;[0m Got response with status 200: {"sessionId":"e13e9c10-6759-487b-84e8-6054836a870e","value":"Rushing Yards"}
&amp#27;[38;5;32m[AndroidUiautomator2Driver@cb04 (a84025fa)]&amp#27;[0m Replacing sessionId e13e9c10-6759-487b-84e8-6054836a870e with a84025fa-87fd-4432-a89c-6e57f823ae73
&amp#27;[38;5;0m[HTTP]&amp#27;[0m &amp#27;[37m<-- GET /session/a84025fa-87fd-4432-a89c-6e57f823ae73/element/00000000-0000-0464-ffff-ffff000006fb/text &amp#27;[39m&amp#27;[32m200&amp#27;[39m &amp#27;[90m13 ms - 76&amp#27;[39m
&amp#27;[38;5;0m[HTTP]&amp#27;[0m &amp#27;[90m&amp#27;[39m
&amp#27;[38;5;0m[HTTP]&amp#27;[0m &amp#27;[37m-->&amp#27;[39m &amp#27;[37mGET&amp#27;[39m &amp#27;[37m/session/a84025fa-87fd-4432-a89c-6e57f823ae73/context&amp#27;[39m
&amp#27;[38;5;0m[HTTP]&amp#27;[0m &amp#27;[90m{}&amp#27;[39m
&amp#27;[38;5;32m[AndroidUiautomator2Driver@cb04 (a84025fa)]&amp#27;[0m Calling AppiumDriver.getCurrentContext() with args: ["a84025fa-87fd-4432-a89c-6e57f823ae73"]
&amp#27;[38;5;32m[AndroidUiautomator2Driver@cb04 (a84025fa)]&amp#27;[0m Responding to client with driver.getCurrentContext() result: "NATIVE_APP"
&amp#27;[38;5;0m[HTTP]&amp#27;[0m &amp#27;[37m<-- GET /session/a84025fa-87fd-4432-a89c-6e57f823ae73/context &amp#27;[39m&amp#27;[32m200&amp#27;[39m &amp#27;[90m1 ms - 22&amp#27;[39m
&amp#27;[38;5;0m[HTTP]&amp#27;[0m &amp#27;[90m&amp#27;[39m
&amp#27;[38;5;0m[HTTP]&amp#27;[0m &amp#27;[37m-->&amp#27;[39m &amp#27;[37mPOST&amp#27;[39m &amp#27;[37m/session/a84025fa-87fd-4432-a89c-6e57f823ae73/elements&amp#27;[39m
&amp#27;[38;5;0m[HTTP]&amp#27;[0m &amp#27;[90m{"value":"com.fivemobile.thescore:id/text_category_name","using":"id"}&amp#27;[39m
&amp#27;[38;5;32m[AndroidUiautomator2Driver@cb04 (a84025fa)]&amp#27;[0m Calling AppiumDriver.findElements() with args: ["id","com.fivemobile.thescore:id/text_category_name","a84025fa-87fd-4432-a89c-6e57f823ae73"]
&amp#27;[38;5;32m[AndroidUiautomator2Driver@cb04 (a84025fa)]&amp#27;[0m Valid locator strategies for this request: xpath, id, class name, accessibility id, css selector, -android uiautomator
&amp#27;[38;5;32m[AndroidUiautomator2Driver@cb04 (a84025fa)]&amp#27;[0m Waiting up to 10000 ms for condition
&amp#27;[38;5;32m[AndroidUiautomator2Driver@cb04 (a84025fa)]&amp#27;[0m Matched '/elements' to command name 'findElements'
&amp#27;[38;5;32m[AndroidUiautomator2Driver@cb04 (a84025fa)]&amp#27;[0m Proxying [POST /elements] to [POST http://127.0.0.1:8209/session/e13e9c10-6759-487b-84e8-6054836a870e/elements] with body: {"strategy":"id","selector":"com.fivemobile.thescore:id/text_category_name","context":"","multiple":true}
&amp#27;[38;5;32m[AndroidUiautomator2Driver@cb04 (a84025fa)]&amp#27;[0m Got response with status 200: {"sessionId":"e13e9c10-6759-487b-84e8-6054836a870e","value":[{"ELEMENT":"00000000-0000-0464-ffff-ffff000006ef","element-6066-11e4-a52e-4f735466cecf":"00000000-0000-0464-ffff-ffff000006ef"},{"ELEMENT":"00000000-0000-0464-ffff-ffff000006f5","element-6066-11e4-a52e-4f735466cecf":"00000000-0000-0464-ffff-ffff000006f5"},{"ELEMENT":"00000000-0000-0464-ffff-ffff000006fb","element-6066-11e4-a52e-4f735466cecf":"00000000-0000-0464-ffff-ffff000006fb"},{"ELEMENT":"00000000-0000-0464-ffff-ffff00000701","element-6066-11e4-a52e-4f735466cecf":"00000000-0000-0464-ffff-ffff00000701"},{"ELEMENT":"00000000-0000-0464-ffff-ffff00000707","element-6066-11e4-a52e-4f735466cecf":"00000000-0000-0464-ffff-ffff00000707"},{"ELEMENT":"00000000-0000-0464-ffff-ffff00000711","element-6066-11e4-a52e-4f735466cecf":"00000000-0000-0464-ffff-ffff00000711"},{"ELEMENT":"00000000-0000-0464-ffff-ffff00000717","element-6066-11e4-a52e-4f735466cecf":"00000000-0000-0464-ffff-ffff00000717"},{"ELEMENT":"00000000-0000-0464-ffff-ffff0000071d","element-6066-...
&amp#27;[38;5;32m[AndroidUiautomator2Driver@cb04 (a84025fa)]&amp#27;[0m Responding to client with driver.findElements() result: [{"element-6066-11e4-a52e-4f735466cecf":"00000000-0000-0464-ffff-ffff000006ef","ELEMENT":"00000000-0000-0464-ffff-ffff000006ef"},{"element-6066-11e4-a52e-4f735466cecf":"00000000-0000-0464-ffff-ffff000006f5","ELEMENT":"00000000-0000-0464-ffff-ffff000006f5"},{"element-6066-11e4-a52e-4f735466cecf":"00000000-0000-0464-ffff-ffff000006fb","ELEMENT":"00000000-0000-0464-ffff-ffff000006fb"},{"element-6066-11e4-a52e-4f735466cecf":"00000000-0000-0464-ffff-ffff00000701","ELEMENT":"00000000-0000-0464-ffff-ffff00000701"},{"element-6066-11e4-a52e-4f735466cecf":"00000000-0000-0464-ffff-ffff00000707","ELEMENT":"00000000-0000-0464-ffff-ffff00000707"},{"element-6066-11e4-a52e-4f735466cecf":"00000000-0000-0464-ffff-ffff00000711","ELEMENT":"00000000-0000-0464-ffff-ffff00000711"},{"element-6066-11e4-a52e-4f735466cecf":"00000000-0000-0464-ffff-ffff00000717","ELEMENT":"00000000-0000-0464-ffff-ffff00000717"},{"element-6066-11e4-a52e-4f735466cecf":"00000000-0000-0464-ffff-ffff0000071d","ELEMENT":"00000000-0000-0464-ffff-ffff0000071...
&amp#27;[38;5;0m[HTTP]&amp#27;[0m &amp#27;[37m<-- POST /session/a84025fa-87fd-4432-a89c-6e57f823ae73/elements &amp#27;[39m&amp#27;[32m200&amp#27;[39m &amp#27;[90m135 ms - 1291&amp#27;[39m
&amp#27;[38;5;0m[HTTP]&amp#27;[0m &amp#27;[90m&amp#27;[39m
&amp#27;[38;5;0m[HTTP]&amp#27;[0m &amp#27;[37m-->&amp#27;[39m &amp#27;[37mGET&amp#27;[39m &amp#27;[37m/session/a84025fa-87fd-4432-a89c-6e57f823ae73/element/00000000-0000-0464-ffff-ffff000006fb/text&amp#27;[39m
&amp#27;[38;5;0m[HTTP]&amp#27;[0m &amp#27;[90m{}&amp#27;[39m
&amp#27;[38;5;32m[AndroidUiautomator2Driver@cb04 (a84025fa)]&amp#27;[0m Driver proxy active, passing request on via HTTP proxy
&amp#27;[38;5;32m[AndroidUiautomator2Driver@cb04 (a84025fa)]&amp#27;[0m Matched '/session/a84025fa-87fd-4432-a89c-6e57f823ae73/element/00000000-0000-0464-ffff-ffff000006fb/text' to command name 'getText'
&amp#27;[38;5;32m[AndroidUiautomator2Driver@cb04 (a84025fa)]&amp#27;[0m Proxying [GET /session/a84025fa-87fd-4432-a89c-6e57f823ae73/element/00000000-0000-0464-ffff-ffff000006fb/text] to [GET http://127.0.0.1:8209/session/e13e9c10-6759-487b-84e8-6054836a870e/element/00000000-0000-0464-ffff-ffff000006fb/text] with no body
&amp#27;[38;5;32m[AndroidUiautomator2Driver@cb04 (a84025fa)]&amp#27;[0m Got response with status 200: {"sessionId":"e13e9c10-6759-487b-84e8-6054836a870e","value":"Rushing Yards"}
&amp#27;[38;5;32m[AndroidUiautomator2Driver@cb04 (a84025fa)]&amp#27;[0m Replacing sessionId e13e9c10-6759-487b-84e8-6054836a870e with a84025fa-87fd-4432-a89c-6e57f823ae73
&amp#27;[38;5;0m[HTTP]&amp#27;[0m &amp#27;[37m<-- GET /session/a84025fa-87fd-4432-a89c-6e57f823ae73/element/00000000-0000-0464-ffff-ffff000006fb/text &amp#27;[39m&amp#27;[32m200&amp#27;[39m &amp#27;[90m13 ms - 76&amp#27;[39m
&amp#27;[38;5;0m[HTTP]&amp#27;[0m &amp#27;[90m&amp#27;[39m
&amp#27;[38;5;0m[HTTP]&amp#27;[0m &amp#27;[37m-->&amp#27;[39m &amp#27;[37mGET&amp#27;[39m &amp#27;[37m/session/a84025fa-87fd-4432-a89c-6e57f823ae73/context&amp#27;[39m
&amp#27;[38;5;0m[HTTP]&amp#27;[0m &amp#27;[90m{}&amp#27;[39m
&amp#27;[38;5;32m[AndroidUiautomator2Driver@cb04 (a84025fa)]&amp#27;[0m Calling AppiumDriver.getCurrentContext() with args: ["a84025fa-87fd-4432-a89c-6e57f823ae73"]
&amp#27;[38;5;32m[AndroidUiautomator2Driver@cb04 (a84025fa)]&amp#27;[0m Responding to client with driver.getCurrentContext() result: "NATIVE_APP"
&amp#27;[38;5;0m[HTTP]&amp#27;[0m &amp#27;[37m<-- GET /session/a84025fa-87fd-4432-a89c-6e57f823ae73/context &amp#27;[39m&amp#27;[32m200&amp#27;[39m &amp#27;[90m1 ms - 22&amp#27;[39m
&amp#27;[38;5;0m[HTTP]&amp#27;[0m &amp#27;[90m&amp#27;[39m
&amp#27;[38;5;0m[HTTP]&amp#27;[0m &amp#27;[37m-->&amp#27;[39m &amp#27;[37mPOST&amp#27;[39m &amp#27;[37m/session/a84025fa-87fd-4432-a89c-6e57f823ae73/elements&amp#27;[39m
&amp#27;[38;5;0m[HTTP]&amp#27;[0m &amp#27;[90m{"value":"com.fivemobile.thescore:id/text_category_name","using":"id"}&amp#27;[39m
&amp#27;[38;5;32m[AndroidUiautomator2Driver@cb04 (a84025fa)]&amp#27;[0m Calling AppiumDriver.findElements() with args: ["id","com.fivemobile.thescore:id/text_category_name","a84025fa-87fd-4432-a89c-6e57f823ae73"]
&amp#27;[38;5;32m[AndroidUiautomator2Driver@cb04 (a84025fa)]&amp#27;[0m Valid locator strategies for this request: xpath, id, class name, accessibility id, css selector, -android uiautomator
&amp#27;[38;5;32m[AndroidUiautomator2Driver@cb04 (a84025fa)]&amp#27;[0m Waiting up to 10000 ms for condition
&amp#27;[38;5;32m[AndroidUiautomator2Driver@cb04 (a84025fa)]&amp#27;[0m Matched '/elements' to command name 'findElements'
&amp#27;[38;5;32m[AndroidUiautomator2Driver@cb04 (a84025fa)]&amp#27;[0m Proxying [POST /elements] to [POST http://127.0.0.1:8209/session/e13e9c10-6759-487b-84e8-6054836a870e/elements] with body: {"strategy":"id","selector":"com.fivemobile.thescore:id/text_category_name","context":"","multiple":true}
&amp#27;[38;5;32m[AndroidUiautomator2Driver@cb04 (a84025fa)]&amp#27;[0m Got response with status 200: {"sessionId":"e13e9c10-6759-487b-84e8-6054836a870e","value":[{"ELEMENT":"00000000-0000-0464-ffff-ffff000006ef","element-6066-11e4-a52e-4f735466cecf":"00000000-0000-0464-ffff-ffff000006ef"},{"ELEMENT":"00000000-0000-0464-ffff-ffff000006f5","element-6066-11e4-a52e-4f735466cecf":"00000000-0000-0464-ffff-ffff000006f5"},{"ELEMENT":"00000000-0000-0464-ffff-ffff000006fb","element-6066-11e4-a52e-4f735466cecf":"00000000-0000-0464-ffff-ffff000006fb"},{"ELEMENT":"00000000-0000-0464-ffff-ffff00000701","element-6066-11e4-a52e-4f735466cecf":"00000000-0000-0464-ffff-ffff00000701"},{"ELEMENT":"00000000-0000-0464-ffff-ffff00000707","element-6066-11e4-a52e-4f735466cecf":"00000000-0000-0464-ffff-ffff00000707"},{"ELEMENT":"00000000-0000-0464-ffff-ffff00000711","element-6066-11e4-a52e-4f735466cecf":"00000000-0000-0464-ffff-ffff00000711"},{"ELEMENT":"00000000-0000-0464-ffff-ffff00000717","element-6066-11e4-a52e-4f735466cecf":"00000000-0000-0464-ffff-ffff00000717"},{"ELEMENT":"00000000-0000-0464-ffff-ffff0000071d","element-6066-...
&amp#27;[38;5;32m[AndroidUiautomator2Driver@cb04 (a84025fa)]&amp#27;[0m Responding to client with driver.findElements() result: [{"element-6066-11e4-a52e-4f735466cecf":"00000000-0000-0464-ffff-ffff000006ef","ELEMENT":"00000000-0000-0464-ffff-ffff000006ef"},{"element-6066-11e4-a52e-4f735466cecf":"00000000-0000-0464-ffff-ffff000006f5","ELEMENT":"00000000-0000-0464-ffff-ffff000006f5"},{"element-6066-11e4-a52e-4f735466cecf":"00000000-0000-0464-ffff-ffff000006fb","ELEMENT":"00000000-0000-0464-ffff-ffff000006fb"},{"element-6066-11e4-a52e-4f735466cecf":"00000000-0000-0464-ffff-ffff00000701","ELEMENT":"00000000-0000-0464-ffff-ffff00000701"},{"element-6066-11e4-a52e-4f735466cecf":"00000000-0000-0464-ffff-ffff00000707","ELEMENT":"00000000-0000-0464-ffff-ffff00000707"},{"element-6066-11e4-a52e-4f735466cecf":"00000000-0000-0464-ffff-ffff00000711","ELEMENT":"00000000-0000-0464-ffff-ffff00000711"},{"element-6066-11e4-a52e-4f735466cecf":"00000000-0000-0464-ffff-ffff00000717","ELEMENT":"00000000-0000-0464-ffff-ffff00000717"},{"element-6066-11e4-a52e-4f735466cecf":"00000000-0000-0464-ffff-ffff0000071d","ELEMENT":"00000000-0000-0464-ffff-ffff0000071...
&amp#27;[38;5;0m[HTTP]&amp#27;[0m &amp#27;[37m<-- POST /session/a84025fa-87fd-4432-a89c-6e57f823ae73/elements &amp#27;[39m&amp#27;[32m200&amp#27;[39m &amp#27;[90m142 ms - 1291&amp#27;[39m
&amp#27;[38;5;0m[HTTP]&amp#27;[0m &amp#27;[90m&amp#27;[39m
&amp#27;[38;5;0m[HTTP]&amp#27;[0m &amp#27;[37m-->&amp#27;[39m &amp#27;[37mGET&amp#27;[39m &amp#27;[37m/session/a84025fa-87fd-4432-a89c-6e57f823ae73/element/00000000-0000-0464-ffff-ffff000006fb/text&amp#27;[39m
&amp#27;[38;5;0m[HTTP]&amp#27;[0m &amp#27;[90m{}&amp#27;[39m
&amp#27;[38;5;32m[AndroidUiautomator2Driver@cb04 (a84025fa)]&amp#27;[0m Driver proxy active, passing request on via HTTP proxy
&amp#27;[38;5;32m[AndroidUiautomator2Driver@cb04 (a84025fa)]&amp#27;[0m Matched '/session/a84025fa-87fd-4432-a89c-6e57f823ae73/element/00000000-0000-0464-ffff-ffff000006fb/text' to command name 'getText'
&amp#27;[38;5;32m[AndroidUiautomator2Driver@cb04 (a84025fa)]&amp#27;[0m Proxying [GET /session/a84025fa-87fd-4432-a89c-6e57f823ae73/element/00000000-0000-0464-ffff-ffff000006fb/text] to [GET http://127.0.0.1:8209/session/e13e9c10-6759-487b-84e8-6054836a870e/element/00000000-0000-0464-ffff-ffff000006fb/text] with no body
&amp#27;[38;5;32m[AndroidUiautomator2Driver@cb04 (a84025fa)]&amp#27;[0m Got response with status 200: {"sessionId":"e13e9c10-6759-487b-84e8-6054836a870e","value":"Rushing Yards"}
&amp#27;[38;5;32m[AndroidUiautomator2Driver@cb04 (a84025fa)]&amp#27;[0m Replacing sessionId e13e9c10-6759-487b-84e8-6054836a870e with a84025fa-87fd-4432-a89c-6e57f823ae73
&amp#27;[38;5;0m[HTTP]&amp#27;[0m &amp#27;[37m<-- GET /session/a84025fa-87fd-4432-a89c-6e57f823ae73/element/00000000-0000-0464-ffff-ffff000006fb/text &amp#27;[39m&amp#27;[32m200&amp#27;[39m &amp#27;[90m11 ms - 76&amp#27;[39m
&amp#27;[38;5;0m[HTTP]&amp#27;[0m &amp#27;[90m&amp#27;[39m
Text displayed: Rushing Yards
&amp#27;[38;5;0m[HTTP]&amp#27;[0m &amp#27;[37m-->&amp#27;[39m &amp#27;[37mGET&amp#27;[39m &amp#27;[37m/session/a84025fa-87fd-4432-a89c-6e57f823ae73/context&amp#27;[39m
&amp#27;[38;5;0m[HTTP]&amp#27;[0m &amp#27;[90m{}&amp#27;[39m
&amp#27;[38;5;32m[AndroidUiautomator2Driver@cb04 (a84025fa)]&amp#27;[0m Calling AppiumDriver.getCurrentContext() with args: ["a84025fa-87fd-4432-a89c-6e57f823ae73"]
&amp#27;[38;5;32m[AndroidUiautomator2Driver@cb04 (a84025fa)]&amp#27;[0m Responding to client with driver.getCurrentContext() result: "NATIVE_APP"
&amp#27;[38;5;0m[HTTP]&amp#27;[0m &amp#27;[37m<-- GET /session/a84025fa-87fd-4432-a89c-6e57f823ae73/context &amp#27;[39m&amp#27;[32m200&amp#27;[39m &amp#27;[90m1 ms - 22&amp#27;[39m
&amp#27;[38;5;0m[HTTP]&amp#27;[0m &amp#27;[90m&amp#27;[39m
&amp#27;[38;5;0m[HTTP]&amp#27;[0m &amp#27;[37m-->&amp#27;[39m &amp#27;[37mPOST&amp#27;[39m &amp#27;[37m/session/a84025fa-87fd-4432-a89c-6e57f823ae73/elements&amp#27;[39m
&amp#27;[38;5;0m[HTTP]&amp#27;[0m &amp#27;[90m{"value":"com.fivemobile.thescore:id/text_category_name","using":"id"}&amp#27;[39m
&amp#27;[38;5;32m[AndroidUiautomator2Driver@cb04 (a84025fa)]&amp#27;[0m Calling AppiumDriver.findElements() with args: ["id","com.fivemobile.thescore:id/text_category_name","a84025fa-87fd-4432-a89c-6e57f823ae73"]
&amp#27;[38;5;32m[AndroidUiautomator2Driver@cb04 (a84025fa)]&amp#27;[0m Valid locator strategies for this request: xpath, id, class name, accessibility id, css selector, -android uiautomator
&amp#27;[38;5;32m[AndroidUiautomator2Driver@cb04 (a84025fa)]&amp#27;[0m Waiting up to 10000 ms for condition
&amp#27;[38;5;32m[AndroidUiautomator2Driver@cb04 (a84025fa)]&amp#27;[0m Matched '/elements' to command name 'findElements'
&amp#27;[38;5;32m[AndroidUiautomator2Driver@cb04 (a84025fa)]&amp#27;[0m Proxying [POST /elements] to [POST http://127.0.0.1:8209/session/e13e9c10-6759-487b-84e8-6054836a870e/elements] with body: {"strategy":"id","selector":"com.fivemobile.thescore:id/text_category_name","context":"","multiple":true}
&amp#27;[38;5;32m[AndroidUiautomator2Driver@cb04 (a84025fa)]&amp#27;[0m Got response with status 200: {"sessionId":"e13e9c10-6759-487b-84e8-6054836a870e","value":[{"ELEMENT":"00000000-0000-0464-ffff-ffff000006ef","element-6066-11e4-a52e-4f735466cecf":"00000000-0000-0464-ffff-ffff000006ef"},{"ELEMENT":"00000000-0000-0464-ffff-ffff000006f5","element-6066-11e4-a52e-4f735466cecf":"00000000-0000-0464-ffff-ffff000006f5"},{"ELEMENT":"00000000-0000-0464-ffff-ffff000006fb","element-6066-11e4-a52e-4f735466cecf":"00000000-0000-0464-ffff-ffff000006fb"},{"ELEMENT":"00000000-0000-0464-ffff-ffff00000701","element-6066-11e4-a52e-4f735466cecf":"00000000-0000-0464-ffff-ffff00000701"},{"ELEMENT":"00000000-0000-0464-ffff-ffff00000707","element-6066-11e4-a52e-4f735466cecf":"00000000-0000-0464-ffff-ffff00000707"},{"ELEMENT":"00000000-0000-0464-ffff-ffff00000711","element-6066-11e4-a52e-4f735466cecf":"00000000-0000-0464-ffff-ffff00000711"},{"ELEMENT":"00000000-0000-0464-ffff-ffff00000717","element-6066-11e4-a52e-4f735466cecf":"00000000-0000-0464-ffff-ffff00000717"},{"ELEMENT":"00000000-0000-0464-ffff-ffff0000071d","element-6066-...
&amp#27;[38;5;32m[AndroidUiautomator2Driver@cb04 (a84025fa)]&amp#27;[0m Responding to client with driver.findElements() result: [{"element-6066-11e4-a52e-4f735466cecf":"00000000-0000-0464-ffff-ffff000006ef","ELEMENT":"00000000-0000-0464-ffff-ffff000006ef"},{"element-6066-11e4-a52e-4f735466cecf":"00000000-0000-0464-ffff-ffff000006f5","ELEMENT":"00000000-0000-0464-ffff-ffff000006f5"},{"element-6066-11e4-a52e-4f735466cecf":"00000000-0000-0464-ffff-ffff000006fb","ELEMENT":"00000000-0000-0464-ffff-ffff000006fb"},{"element-6066-11e4-a52e-4f735466cecf":"00000000-0000-0464-ffff-ffff00000701","ELEMENT":"00000000-0000-0464-ffff-ffff00000701"},{"element-6066-11e4-a52e-4f735466cecf":"00000000-0000-0464-ffff-ffff00000707","ELEMENT":"00000000-0000-0464-ffff-ffff00000707"},{"element-6066-11e4-a52e-4f735466cecf":"00000000-0000-0464-ffff-ffff00000711","ELEMENT":"00000000-0000-0464-ffff-ffff00000711"},{"element-6066-11e4-a52e-4f735466cecf":"00000000-0000-0464-ffff-ffff00000717","ELEMENT":"00000000-0000-0464-ffff-ffff00000717"},{"element-6066-11e4-a52e-4f735466cecf":"00000000-0000-0464-ffff-ffff0000071d","ELEMENT":"00000000-0000-0464-ffff-ffff0000071...
&amp#27;[38;5;0m[HTTP]&amp#27;[0m &amp#27;[37m<-- POST /session/a84025fa-87fd-4432-a89c-6e57f823ae73/elements &amp#27;[39m&amp#27;[32m200&amp#27;[39m &amp#27;[90m112 ms - 1291&amp#27;[39m
&amp#27;[38;5;0m[HTTP]&amp#27;[0m &amp#27;[90m&amp#27;[39m
&amp#27;[38;5;0m[HTTP]&amp#27;[0m &amp#27;[37m-->&amp#27;[39m &amp#27;[37mGET&amp#27;[39m &amp#27;[37m/session/a84025fa-87fd-4432-a89c-6e57f823ae73/context&amp#27;[39m
&amp#27;[38;5;0m[HTTP]&amp#27;[0m &amp#27;[90m{}&amp#27;[39m
&amp#27;[38;5;32m[AndroidUiautomator2Driver@cb04 (a84025fa)]&amp#27;[0m Calling AppiumDriver.getCurrentContext() with args: ["a84025fa-87fd-4432-a89c-6e57f823ae73"]
&amp#27;[38;5;32m[AndroidUiautomator2Driver@cb04 (a84025fa)]&amp#27;[0m Responding to client with driver.getCurrentContext() result: "NATIVE_APP"
&amp#27;[38;5;0m[HTTP]&amp#27;[0m &amp#27;[37m<-- GET /session/a84025fa-87fd-4432-a89c-6e57f823ae73/context &amp#27;[39m&amp#27;[32m200&amp#27;[39m &amp#27;[90m1 ms - 22&amp#27;[39m
&amp#27;[38;5;0m[HTTP]&amp#27;[0m &amp#27;[90m&amp#27;[39m
&amp#27;[38;5;0m[HTTP]&amp#27;[0m &amp#27;[37m-->&amp#27;[39m &amp#27;[37mPOST&amp#27;[39m &amp#27;[37m/session/a84025fa-87fd-4432-a89c-6e57f823ae73/elements&amp#27;[39m
&amp#27;[38;5;0m[HTTP]&amp#27;[0m &amp#27;[90m{"value":"com.fivemobile.thescore:id/text_category_name","using":"id"}&amp#27;[39m
&amp#27;[38;5;32m[AndroidUiautomator2Driver@cb04 (a84025fa)]&amp#27;[0m Calling AppiumDriver.findElements() with args: ["id","com.fivemobile.thescore:id/text_category_name","a84025fa-87fd-4432-a89c-6e57f823ae73"]
&amp#27;[38;5;32m[AndroidUiautomator2Driver@cb04 (a84025fa)]&amp#27;[0m Valid locator strategies for this request: xpath, id, class name, accessibility id, css selector, -android uiautomator
&amp#27;[38;5;32m[AndroidUiautomator2Driver@cb04 (a84025fa)]&amp#27;[0m Waiting up to 10000 ms for condition
&amp#27;[38;5;32m[AndroidUiautomator2Driver@cb04 (a84025fa)]&amp#27;[0m Matched '/elements' to command name 'findElements'
&amp#27;[38;5;32m[AndroidUiautomator2Driver@cb04 (a84025fa)]&amp#27;[0m Proxying [POST /elements] to [POST http://127.0.0.1:8209/session/e13e9c10-6759-487b-84e8-6054836a870e/elements] with body: {"strategy":"id","selector":"com.fivemobile.thescore:id/text_category_name","context":"","multiple":true}
&amp#27;[38;5;32m[AndroidUiautomator2Driver@cb04 (a84025fa)]&amp#27;[0m Got response with status 200: {"sessionId":"e13e9c10-6759-487b-84e8-6054836a870e","value":[{"ELEMENT":"00000000-0000-0464-ffff-ffff000006ef","element-6066-11e4-a52e-4f735466cecf":"00000000-0000-0464-ffff-ffff000006ef"},{"ELEMENT":"00000000-0000-0464-ffff-ffff000006f5","element-6066-11e4-a52e-4f735466cecf":"00000000-0000-0464-ffff-ffff000006f5"},{"ELEMENT":"00000000-0000-0464-ffff-ffff000006fb","element-6066-11e4-a52e-4f735466cecf":"00000000-0000-0464-ffff-ffff000006fb"},{"ELEMENT":"00000000-0000-0464-ffff-ffff00000701","element-6066-11e4-a52e-4f735466cecf":"00000000-0000-0464-ffff-ffff00000701"},{"ELEMENT":"00000000-0000-0464-ffff-ffff00000707","element-6066-11e4-a52e-4f735466cecf":"00000000-0000-0464-ffff-ffff00000707"},{"ELEMENT":"00000000-0000-0464-ffff-ffff00000711","element-6066-11e4-a52e-4f735466cecf":"00000000-0000-0464-ffff-ffff00000711"},{"ELEMENT":"00000000-0000-0464-ffff-ffff00000717","element-6066-11e4-a52e-4f735466cecf":"00000000-0000-0464-ffff-ffff00000717"},{"ELEMENT":"00000000-0000-0464-ffff-ffff0000071d","element-6066-...
&amp#27;[38;5;32m[AndroidUiautomator2Driver@cb04 (a84025fa)]&amp#27;[0m Responding to client with driver.findElements() result: [{"element-6066-11e4-a52e-4f735466cecf":"00000000-0000-0464-ffff-ffff000006ef","ELEMENT":"00000000-0000-0464-ffff-ffff000006ef"},{"element-6066-11e4-a52e-4f735466cecf":"00000000-0000-0464-ffff-ffff000006f5","ELEMENT":"00000000-0000-0464-ffff-ffff000006f5"},{"element-6066-11e4-a52e-4f735466cecf":"00000000-0000-0464-ffff-ffff000006fb","ELEMENT":"00000000-0000-0464-ffff-ffff000006fb"},{"element-6066-11e4-a52e-4f735466cecf":"00000000-0000-0464-ffff-ffff00000701","ELEMENT":"00000000-0000-0464-ffff-ffff00000701"},{"element-6066-11e4-a52e-4f735466cecf":"00000000-0000-0464-ffff-ffff00000707","ELEMENT":"00000000-0000-0464-ffff-ffff00000707"},{"element-6066-11e4-a52e-4f735466cecf":"00000000-0000-0464-ffff-ffff00000711","ELEMENT":"00000000-0000-0464-ffff-ffff00000711"},{"element-6066-11e4-a52e-4f735466cecf":"00000000-0000-0464-ffff-ffff00000717","ELEMENT":"00000000-0000-0464-ffff-ffff00000717"},{"element-6066-11e4-a52e-4f735466cecf":"00000000-0000-0464-ffff-ffff0000071d","ELEMENT":"00000000-0000-0464-ffff-ffff0000071...
&amp#27;[38;5;0m[HTTP]&amp#27;[0m &amp#27;[37m<-- POST /session/a84025fa-87fd-4432-a89c-6e57f823ae73/elements &amp#27;[39m&amp#27;[32m200&amp#27;[39m &amp#27;[90m120 ms - 1291&amp#27;[39m
&amp#27;[38;5;0m[HTTP]&amp#27;[0m &amp#27;[90m&amp#27;[39m
&amp#27;[38;5;0m[HTTP]&amp#27;[0m &amp#27;[37m-->&amp#27;[39m &amp#27;[37mGET&amp#27;[39m &amp#27;[37m/session/a84025fa-87fd-4432-a89c-6e57f823ae73/element/00000000-0000-0464-ffff-ffff00000701/text&amp#27;[39m
&amp#27;[38;5;0m[HTTP]&amp#27;[0m &amp#27;[90m{}&amp#27;[39m
&amp#27;[38;5;32m[AndroidUiautomator2Driver@cb04 (a84025fa)]&amp#27;[0m Driver proxy active, passing request on via HTTP proxy
&amp#27;[38;5;32m[AndroidUiautomator2Driver@cb04 (a84025fa)]&amp#27;[0m Matched '/session/a84025fa-87fd-4432-a89c-6e57f823ae73/element/00000000-0000-0464-ffff-ffff00000701/text' to command name 'getText'
&amp#27;[38;5;32m[AndroidUiautomator2Driver@cb04 (a84025fa)]&amp#27;[0m Proxying [GET /session/a84025fa-87fd-4432-a89c-6e57f823ae73/element/00000000-0000-0464-ffff-ffff00000701/text] to [GET http://127.0.0.1:8209/session/e13e9c10-6759-487b-84e8-6054836a870e/element/00000000-0000-0464-ffff-ffff00000701/text] with no body
&amp#27;[38;5;32m[AndroidUiautomator2Driver@cb04 (a84025fa)]&amp#27;[0m Got response with status 200: {"sessionId":"e13e9c10-6759-487b-84e8-6054836a870e","value":"Points"}
&amp#27;[38;5;32m[AndroidUiautomator2Driver@cb04 (a84025fa)]&amp#27;[0m Replacing sessionId e13e9c10-6759-487b-84e8-6054836a870e with a84025fa-87fd-4432-a89c-6e57f823ae73
&amp#27;[38;5;0m[HTTP]&amp#27;[0m &amp#27;[37m<-- GET /session/a84025fa-87fd-4432-a89c-6e57f823ae73/element/00000000-0000-0464-ffff-ffff00000701/text &amp#27;[39m&amp#27;[32m200&amp#27;[39m &amp#27;[90m12 ms - 69&amp#27;[39m
&amp#27;[38;5;0m[HTTP]&amp#27;[0m &amp#27;[90m&amp#27;[39m
&amp#27;[38;5;0m[HTTP]&amp#27;[0m &amp#27;[37m-->&amp#27;[39m &amp#27;[37mGET&amp#27;[39m &amp#27;[37m/session/a84025fa-87fd-4432-a89c-6e57f823ae73/context&amp#27;[39m
&amp#27;[38;5;0m[HTTP]&amp#27;[0m &amp#27;[90m{}&amp#27;[39m
&amp#27;[38;5;32m[AndroidUiautomator2Driver@cb04 (a84025fa)]&amp#27;[0m Calling AppiumDriver.getCurrentContext() with args: ["a84025fa-87fd-4432-a89c-6e57f823ae73"]
&amp#27;[38;5;32m[AndroidUiautomator2Driver@cb04 (a84025fa)]&amp#27;[0m Responding to client with driver.getCurrentContext() result: "NATIVE_APP"
&amp#27;[38;5;0m[HTTP]&amp#27;[0m &amp#27;[37m<-- GET /session/a84025fa-87fd-4432-a89c-6e57f823ae73/context &amp#27;[39m&amp#27;[32m200&amp#27;[39m &amp#27;[90m2 ms - 22&amp#27;[39m
&amp#27;[38;5;0m[HTTP]&amp#27;[0m &amp#27;[90m&amp#27;[39m
&amp#27;[38;5;0m[HTTP]&amp#27;[0m &amp#27;[37m-->&amp#27;[39m &amp#27;[37mPOST&amp#27;[39m &amp#27;[37m/session/a84025fa-87fd-4432-a89c-6e57f823ae73/elements&amp#27;[39m
&amp#27;[38;5;0m[HTTP]&amp#27;[0m &amp#27;[90m{"value":"com.fivemobile.thescore:id/text_category_name","using":"id"}&amp#27;[39m
&amp#27;[38;5;32m[AndroidUiautomator2Driver@cb04 (a84025fa)]&amp#27;[0m Calling AppiumDriver.findElements() with args: ["id","com.fivemobile.thescore:id/text_category_name","a84025fa-87fd-4432-a89c-6e57f823ae73"]
&amp#27;[38;5;32m[AndroidUiautomator2Driver@cb04 (a84025fa)]&amp#27;[0m Valid locator strategies for this request: xpath, id, class name, accessibility id, css selector, -android uiautomator
&amp#27;[38;5;32m[AndroidUiautomator2Driver@cb04 (a84025fa)]&amp#27;[0m Waiting up to 10000 ms for condition
&amp#27;[38;5;32m[AndroidUiautomator2Driver@cb04 (a84025fa)]&amp#27;[0m Matched '/elements' to command name 'findElements'
&amp#27;[38;5;32m[AndroidUiautomator2Driver@cb04 (a84025fa)]&amp#27;[0m Proxying [POST /elements] to [POST http://127.0.0.1:8209/session/e13e9c10-6759-487b-84e8-6054836a870e/elements] with body: {"strategy":"id","selector":"com.fivemobile.thescore:id/text_category_name","context":"","multiple":true}
&amp#27;[38;5;32m[AndroidUiautomator2Driver@cb04 (a84025fa)]&amp#27;[0m Got response with status 200: {"sessionId":"e13e9c10-6759-487b-84e8-6054836a870e","value":[{"ELEMENT":"00000000-0000-0464-ffff-ffff000006ef","element-6066-11e4-a52e-4f735466cecf":"00000000-0000-0464-ffff-ffff000006ef"},{"ELEMENT":"00000000-0000-0464-ffff-ffff000006f5","element-6066-11e4-a52e-4f735466cecf":"00000000-0000-0464-ffff-ffff000006f5"},{"ELEMENT":"00000000-0000-0464-ffff-ffff000006fb","element-6066-11e4-a52e-4f735466cecf":"00000000-0000-0464-ffff-ffff000006fb"},{"ELEMENT":"00000000-0000-0464-ffff-ffff00000701","element-6066-11e4-a52e-4f735466cecf":"00000000-0000-0464-ffff-ffff00000701"},{"ELEMENT":"00000000-0000-0464-ffff-ffff00000707","element-6066-11e4-a52e-4f735466cecf":"00000000-0000-0464-ffff-ffff00000707"},{"ELEMENT":"00000000-0000-0464-ffff-ffff00000711","element-6066-11e4-a52e-4f735466cecf":"00000000-0000-0464-ffff-ffff00000711"},{"ELEMENT":"00000000-0000-0464-ffff-ffff00000717","element-6066-11e4-a52e-4f735466cecf":"00000000-0000-0464-ffff-ffff00000717"},{"ELEMENT":"00000000-0000-0464-ffff-ffff0000071d","element-6066-...
&amp#27;[38;5;32m[AndroidUiautomator2Driver@cb04 (a84025fa)]&amp#27;[0m Responding to client with driver.findElements() result: [{"element-6066-11e4-a52e-4f735466cecf":"00000000-0000-0464-ffff-ffff000006ef","ELEMENT":"00000000-0000-0464-ffff-ffff000006ef"},{"element-6066-11e4-a52e-4f735466cecf":"00000000-0000-0464-ffff-ffff000006f5","ELEMENT":"00000000-0000-0464-ffff-ffff000006f5"},{"element-6066-11e4-a52e-4f735466cecf":"00000000-0000-0464-ffff-ffff000006fb","ELEMENT":"00000000-0000-0464-ffff-ffff000006fb"},{"element-6066-11e4-a52e-4f735466cecf":"00000000-0000-0464-ffff-ffff00000701","ELEMENT":"00000000-0000-0464-ffff-ffff00000701"},{"element-6066-11e4-a52e-4f735466cecf":"00000000-0000-0464-ffff-ffff00000707","ELEMENT":"00000000-0000-0464-ffff-ffff00000707"},{"element-6066-11e4-a52e-4f735466cecf":"00000000-0000-0464-ffff-ffff00000711","ELEMENT":"00000000-0000-0464-ffff-ffff00000711"},{"element-6066-11e4-a52e-4f735466cecf":"00000000-0000-0464-ffff-ffff00000717","ELEMENT":"00000000-0000-0464-ffff-ffff00000717"},{"element-6066-11e4-a52e-4f735466cecf":"00000000-0000-0464-ffff-ffff0000071d","ELEMENT":"00000000-0000-0464-ffff-ffff0000071...
&amp#27;[38;5;0m[HTTP]&amp#27;[0m &amp#27;[37m<-- POST /session/a84025fa-87fd-4432-a89c-6e57f823ae73/elements &amp#27;[39m&amp#27;[32m200&amp#27;[39m &amp#27;[90m107 ms - 1291&amp#27;[39m
&amp#27;[38;5;0m[HTTP]&amp#27;[0m &amp#27;[90m&amp#27;[39m
&amp#27;[38;5;0m[HTTP]&amp#27;[0m &amp#27;[37m-->&amp#27;[39m &amp#27;[37mGET&amp#27;[39m &amp#27;[37m/session/a84025fa-87fd-4432-a89c-6e57f823ae73/element/00000000-0000-0464-ffff-ffff00000701/text&amp#27;[39m
&amp#27;[38;5;0m[HTTP]&amp#27;[0m &amp#27;[90m{}&amp#27;[39m
&amp#27;[38;5;32m[AndroidUiautomator2Driver@cb04 (a84025fa)]&amp#27;[0m Driver proxy active, passing request on via HTTP proxy
&amp#27;[38;5;32m[AndroidUiautomator2Driver@cb04 (a84025fa)]&amp#27;[0m Matched '/session/a84025fa-87fd-4432-a89c-6e57f823ae73/element/00000000-0000-0464-ffff-ffff00000701/text' to command name 'getText'
&amp#27;[38;5;32m[AndroidUiautomator2Driver@cb04 (a84025fa)]&amp#27;[0m Proxying [GET /session/a84025fa-87fd-4432-a89c-6e57f823ae73/element/00000000-0000-0464-ffff-ffff00000701/text] to [GET http://127.0.0.1:8209/session/e13e9c10-6759-487b-84e8-6054836a870e/element/00000000-0000-0464-ffff-ffff00000701/text] with no body
&amp#27;[38;5;32m[AndroidUiautomator2Driver@cb04 (a84025fa)]&amp#27;[0m Got response with status 200: {"sessionId":"e13e9c10-6759-487b-84e8-6054836a870e","value":"Points"}
&amp#27;[38;5;32m[AndroidUiautomator2Driver@cb04 (a84025fa)]&amp#27;[0m Replacing sessionId e13e9c10-6759-487b-84e8-6054836a870e with a84025fa-87fd-4432-a89c-6e57f823ae73
&amp#27;[38;5;0m[HTTP]&amp#27;[0m &amp#27;[37m<-- GET /session/a84025fa-87fd-4432-a89c-6e57f823ae73/element/00000000-0000-0464-ffff-ffff00000701/text &amp#27;[39m&amp#27;[32m200&amp#27;[39m &amp#27;[90m11 ms - 69&amp#27;[39m
&amp#27;[38;5;0m[HTTP]&amp#27;[0m &amp#27;[90m&amp#27;[39m
&amp#27;[38;5;0m[HTTP]&amp#27;[0m &amp#27;[37m-->&amp#27;[39m &amp#27;[37mGET&amp#27;[39m &amp#27;[37m/session/a84025fa-87fd-4432-a89c-6e57f823ae73/context&amp#27;[39m
&amp#27;[38;5;0m[HTTP]&amp#27;[0m &amp#27;[90m{}&amp#27;[39m
&amp#27;[38;5;32m[AndroidUiautomator2Driver@cb04 (a84025fa)]&amp#27;[0m Calling AppiumDriver.getCurrentContext() with args: ["a84025fa-87fd-4432-a89c-6e57f823ae73"]
&amp#27;[38;5;32m[AndroidUiautomator2Driver@cb04 (a84025fa)]&amp#27;[0m Responding to client with driver.getCurrentContext() result: "NATIVE_APP"
&amp#27;[38;5;0m[HTTP]&amp#27;[0m &amp#27;[37m<-- GET /session/a84025fa-87fd-4432-a89c-6e57f823ae73/context &amp#27;[39m&amp#27;[32m200&amp#27;[39m &amp#27;[90m1 ms - 22&amp#27;[39m
&amp#27;[38;5;0m[HTTP]&amp#27;[0m &amp#27;[90m&amp#27;[39m
&amp#27;[38;5;0m[HTTP]&amp#27;[0m &amp#27;[37m-->&amp#27;[39m &amp#27;[37mPOST&amp#27;[39m &amp#27;[37m/session/a84025fa-87fd-4432-a89c-6e57f823ae73/elements&amp#27;[39m
&amp#27;[38;5;0m[HTTP]&amp#27;[0m &amp#27;[90m{"value":"com.fivemobile.thescore:id/text_category_name","using":"id"}&amp#27;[39m
&amp#27;[38;5;32m[AndroidUiautomator2Driver@cb04 (a84025fa)]&amp#27;[0m Calling AppiumDriver.findElements() with args: ["id","com.fivemobile.thescore:id/text_category_name","a84025fa-87fd-4432-a89c-6e57f823ae73"]
&amp#27;[38;5;32m[AndroidUiautomator2Driver@cb04 (a84025fa)]&amp#27;[0m Valid locator strategies for this request: xpath, id, class name, accessibility id, css selector, -android uiautomator
&amp#27;[38;5;32m[AndroidUiautomator2Driver@cb04 (a84025fa)]&amp#27;[0m Waiting up to 10000 ms for condition
&amp#27;[38;5;32m[AndroidUiautomator2Driver@cb04 (a84025fa)]&amp#27;[0m Matched '/elements' to command name 'findElements'
&amp#27;[38;5;32m[AndroidUiautomator2Driver@cb04 (a84025fa)]&amp#27;[0m Proxying [POST /elements] to [POST http://127.0.0.1:8209/session/e13e9c10-6759-487b-84e8-6054836a870e/elements] with body: {"strategy":"id","selector":"com.fivemobile.thescore:id/text_category_name","context":"","multiple":true}
&amp#27;[38;5;32m[AndroidUiautomator2Driver@cb04 (a84025fa)]&amp#27;[0m Got response with status 200: {"sessionId":"e13e9c10-6759-487b-84e8-6054836a870e","value":[{"ELEMENT":"00000000-0000-0464-ffff-ffff000006ef","element-6066-11e4-a52e-4f735466cecf":"00000000-0000-0464-ffff-ffff000006ef"},{"ELEMENT":"00000000-0000-0464-ffff-ffff000006f5","element-6066-11e4-a52e-4f735466cecf":"00000000-0000-0464-ffff-ffff000006f5"},{"ELEMENT":"00000000-0000-0464-ffff-ffff000006fb","element-6066-11e4-a52e-4f735466cecf":"00000000-0000-0464-ffff-ffff000006fb"},{"ELEMENT":"00000000-0000-0464-ffff-ffff00000701","element-6066-11e4-a52e-4f735466cecf":"00000000-0000-0464-ffff-ffff00000701"},{"ELEMENT":"00000000-0000-0464-ffff-ffff00000707","element-6066-11e4-a52e-4f735466cecf":"00000000-0000-0464-ffff-ffff00000707"},{"ELEMENT":"00000000-0000-0464-ffff-ffff00000711","element-6066-11e4-a52e-4f735466cecf":"00000000-0000-0464-ffff-ffff00000711"},{"ELEMENT":"00000000-0000-0464-ffff-ffff00000717","element-6066-11e4-a52e-4f735466cecf":"00000000-0000-0464-ffff-ffff00000717"},{"ELEMENT":"00000000-0000-0464-ffff-ffff0000071d","element-6066-...
&amp#27;[38;5;32m[AndroidUiautomator2Driver@cb04 (a84025fa)]&amp#27;[0m Responding to client with driver.findElements() result: [{"element-6066-11e4-a52e-4f735466cecf":"00000000-0000-0464-ffff-ffff000006ef","ELEMENT":"00000000-0000-0464-ffff-ffff000006ef"},{"element-6066-11e4-a52e-4f735466cecf":"00000000-0000-0464-ffff-ffff000006f5","ELEMENT":"00000000-0000-0464-ffff-ffff000006f5"},{"element-6066-11e4-a52e-4f735466cecf":"00000000-0000-0464-ffff-ffff000006fb","ELEMENT":"00000000-0000-0464-ffff-ffff000006fb"},{"element-6066-11e4-a52e-4f735466cecf":"00000000-0000-0464-ffff-ffff00000701","ELEMENT":"00000000-0000-0464-ffff-ffff00000701"},{"element-6066-11e4-a52e-4f735466cecf":"00000000-0000-0464-ffff-ffff00000707","ELEMENT":"00000000-0000-0464-ffff-ffff00000707"},{"element-6066-11e4-a52e-4f735466cecf":"00000000-0000-0464-ffff-ffff00000711","ELEMENT":"00000000-0000-0464-ffff-ffff00000711"},{"element-6066-11e4-a52e-4f735466cecf":"00000000-0000-0464-ffff-ffff00000717","ELEMENT":"00000000-0000-0464-ffff-ffff00000717"},{"element-6066-11e4-a52e-4f735466cecf":"00000000-0000-0464-ffff-ffff0000071d","ELEMENT":"00000000-0000-0464-ffff-ffff0000071...
&amp#27;[38;5;0m[HTTP]&amp#27;[0m &amp#27;[37m<-- POST /session/a84025fa-87fd-4432-a89c-6e57f823ae73/elements &amp#27;[39m&amp#27;[32m200&amp#27;[39m &amp#27;[90m123 ms - 1291&amp#27;[39m
&amp#27;[38;5;0m[HTTP]&amp#27;[0m &amp#27;[90m&amp#27;[39m
&amp#27;[38;5;0m[HTTP]&amp#27;[0m &amp#27;[37m-->&amp#27;[39m &amp#27;[37mGET&amp#27;[39m &amp#27;[37m/session/a84025fa-87fd-4432-a89c-6e57f823ae73/element/00000000-0000-0464-ffff-ffff00000701/text&amp#27;[39m
&amp#27;[38;5;0m[HTTP]&amp#27;[0m &amp#27;[90m{}&amp#27;[39m
&amp#27;[38;5;32m[AndroidUiautomator2Driver@cb04 (a84025fa)]&amp#27;[0m Driver proxy active, passing request on via HTTP proxy
&amp#27;[38;5;32m[AndroidUiautomator2Driver@cb04 (a84025fa)]&amp#27;[0m Matched '/session/a84025fa-87fd-4432-a89c-6e57f823ae73/element/00000000-0000-0464-ffff-ffff00000701/text' to command name 'getText'
&amp#27;[38;5;32m[AndroidUiautomator2Driver@cb04 (a84025fa)]&amp#27;[0m Proxying [GET /session/a84025fa-87fd-4432-a89c-6e57f823ae73/element/00000000-0000-0464-ffff-ffff00000701/text] to [GET http://127.0.0.1:8209/session/e13e9c10-6759-487b-84e8-6054836a870e/element/00000000-0000-0464-ffff-ffff00000701/text] with no body
&amp#27;[38;5;32m[AndroidUiautomator2Driver@cb04 (a84025fa)]&amp#27;[0m Got response with status 200: {"sessionId":"e13e9c10-6759-487b-84e8-6054836a870e","value":"Points"}
&amp#27;[38;5;32m[AndroidUiautomator2Driver@cb04 (a84025fa)]&amp#27;[0m Replacing sessionId e13e9c10-6759-487b-84e8-6054836a870e with a84025fa-87fd-4432-a89c-6e57f823ae73
&amp#27;[38;5;0m[HTTP]&amp#27;[0m &amp#27;[37m<-- GET /session/a84025fa-87fd-4432-a89c-6e57f823ae73/element/00000000-0000-0464-ffff-ffff00000701/text &amp#27;[39m&amp#27;[32m200&amp#27;[39m &amp#27;[90m12 ms - 69&amp#27;[39m
&amp#27;[38;5;0m[HTTP]&amp#27;[0m &amp#27;[90m&amp#27;[39m
&amp#27;[38;5;0m[HTTP]&amp#27;[0m &amp#27;[37m-->&amp#27;[39m &amp#27;[37mGET&amp#27;[39m &amp#27;[37m/session/a84025fa-87fd-4432-a89c-6e57f823ae73/context&amp#27;[39m
&amp#27;[38;5;0m[HTTP]&amp#27;[0m &amp#27;[90m{}&amp#27;[39m
&amp#27;[38;5;32m[AndroidUiautomator2Driver@cb04 (a84025fa)]&amp#27;[0m Calling AppiumDriver.getCurrentContext() with args: ["a84025fa-87fd-4432-a89c-6e57f823ae73"]
&amp#27;[38;5;32m[AndroidUiautomator2Driver@cb04 (a84025fa)]&amp#27;[0m Responding to client with driver.getCurrentContext() result: "NATIVE_APP"
&amp#27;[38;5;0m[HTTP]&amp#27;[0m &amp#27;[37m<-- GET /session/a84025fa-87fd-4432-a89c-6e57f823ae73/context &amp#27;[39m&amp#27;[32m200&amp#27;[39m &amp#27;[90m1 ms - 22&amp#27;[39m
&amp#27;[38;5;0m[HTTP]&amp#27;[0m &amp#27;[90m&amp#27;[39m
&amp#27;[38;5;0m[HTTP]&amp#27;[0m &amp#27;[37m-->&amp#27;[39m &amp#27;[37mPOST&amp#27;[39m &amp#27;[37m/session/a84025fa-87fd-4432-a89c-6e57f823ae73/elements&amp#27;[39m
&amp#27;[38;5;0m[HTTP]&amp#27;[0m &amp#27;[90m{"value":"com.fivemobile.thescore:id/text_category_name","using":"id"}&amp#27;[39m
&amp#27;[38;5;32m[AndroidUiautomator2Driver@cb04 (a84025fa)]&amp#27;[0m Calling AppiumDriver.findElements() with args: ["id","com.fivemobile.thescore:id/text_category_name","a84025fa-87fd-4432-a89c-6e57f823ae73"]
&amp#27;[38;5;32m[AndroidUiautomator2Driver@cb04 (a84025fa)]&amp#27;[0m Valid locator strategies for this request: xpath, id, class name, accessibility id, css selector, -android uiautomator
&amp#27;[38;5;32m[AndroidUiautomator2Driver@cb04 (a84025fa)]&amp#27;[0m Waiting up to 10000 ms for condition
&amp#27;[38;5;32m[AndroidUiautomator2Driver@cb04 (a84025fa)]&amp#27;[0m Matched '/elements' to command name 'findElements'
&amp#27;[38;5;32m[AndroidUiautomator2Driver@cb04 (a84025fa)]&amp#27;[0m Proxying [POST /elements] to [POST http://127.0.0.1:8209/session/e13e9c10-6759-487b-84e8-6054836a870e/elements] with body: {"strategy":"id","selector":"com.fivemobile.thescore:id/text_category_name","context":"","multiple":true}
&amp#27;[38;5;32m[AndroidUiautomator2Driver@cb04 (a84025fa)]&amp#27;[0m Got response with status 200: {"sessionId":"e13e9c10-6759-487b-84e8-6054836a870e","value":[{"ELEMENT":"00000000-0000-0464-ffff-ffff000006ef","element-6066-11e4-a52e-4f735466cecf":"00000000-0000-0464-ffff-ffff000006ef"},{"ELEMENT":"00000000-0000-0464-ffff-ffff000006f5","element-6066-11e4-a52e-4f735466cecf":"00000000-0000-0464-ffff-ffff000006f5"},{"ELEMENT":"00000000-0000-0464-ffff-ffff000006fb","element-6066-11e4-a52e-4f735466cecf":"00000000-0000-0464-ffff-ffff000006fb"},{"ELEMENT":"00000000-0000-0464-ffff-ffff00000701","element-6066-11e4-a52e-4f735466cecf":"00000000-0000-0464-ffff-ffff00000701"},{"ELEMENT":"00000000-0000-0464-ffff-ffff00000707","element-6066-11e4-a52e-4f735466cecf":"00000000-0000-0464-ffff-ffff00000707"},{"ELEMENT":"00000000-0000-0464-ffff-ffff00000711","element-6066-11e4-a52e-4f735466cecf":"00000000-0000-0464-ffff-ffff00000711"},{"ELEMENT":"00000000-0000-0464-ffff-ffff00000717","element-6066-11e4-a52e-4f735466cecf":"00000000-0000-0464-ffff-ffff00000717"},{"ELEMENT":"00000000-0000-0464-ffff-ffff0000071d","element-6066-...
&amp#27;[38;5;32m[AndroidUiautomator2Driver@cb04 (a84025fa)]&amp#27;[0m Responding to client with driver.findElements() result: [{"element-6066-11e4-a52e-4f735466cecf":"00000000-0000-0464-ffff-ffff000006ef","ELEMENT":"00000000-0000-0464-ffff-ffff000006ef"},{"element-6066-11e4-a52e-4f735466cecf":"00000000-0000-0464-ffff-ffff000006f5","ELEMENT":"00000000-0000-0464-ffff-ffff000006f5"},{"element-6066-11e4-a52e-4f735466cecf":"00000000-0000-0464-ffff-ffff000006fb","ELEMENT":"00000000-0000-0464-ffff-ffff000006fb"},{"element-6066-11e4-a52e-4f735466cecf":"00000000-0000-0464-ffff-ffff00000701","ELEMENT":"00000000-0000-0464-ffff-ffff00000701"},{"element-6066-11e4-a52e-4f735466cecf":"00000000-0000-0464-ffff-ffff00000707","ELEMENT":"00000000-0000-0464-ffff-ffff00000707"},{"element-6066-11e4-a52e-4f735466cecf":"00000000-0000-0464-ffff-ffff00000711","ELEMENT":"00000000-0000-0464-ffff-ffff00000711"},{"element-6066-11e4-a52e-4f735466cecf":"00000000-0000-0464-ffff-ffff00000717","ELEMENT":"00000000-0000-0464-ffff-ffff00000717"},{"element-6066-11e4-a52e-4f735466cecf":"00000000-0000-0464-ffff-ffff0000071d","ELEMENT":"00000000-0000-0464-ffff-ffff0000071...
&amp#27;[38;5;0m[HTTP]&amp#27;[0m &amp#27;[37m<-- POST /session/a84025fa-87fd-4432-a89c-6e57f823ae73/elements &amp#27;[39m&amp#27;[32m200&amp#27;[39m &amp#27;[90m109 ms - 1291&amp#27;[39m
&amp#27;[38;5;0m[HTTP]&amp#27;[0m &amp#27;[90m&amp#27;[39m
&amp#27;[38;5;0m[HTTP]&amp#27;[0m &amp#27;[37m-->&amp#27;[39m &amp#27;[37mGET&amp#27;[39m &amp#27;[37m/session/a84025fa-87fd-4432-a89c-6e57f823ae73/element/00000000-0000-0464-ffff-ffff00000701/text&amp#27;[39m
&amp#27;[38;5;0m[HTTP]&amp#27;[0m &amp#27;[90m{}&amp#27;[39m
&amp#27;[38;5;32m[AndroidUiautomator2Driver@cb04 (a84025fa)]&amp#27;[0m Driver proxy active, passing request on via HTTP proxy
&amp#27;[38;5;32m[AndroidUiautomator2Driver@cb04 (a84025fa)]&amp#27;[0m Matched '/session/a84025fa-87fd-4432-a89c-6e57f823ae73/element/00000000-0000-0464-ffff-ffff00000701/text' to command name 'getText'
&amp#27;[38;5;32m[AndroidUiautomator2Driver@cb04 (a84025fa)]&amp#27;[0m Proxying [GET /session/a84025fa-87fd-4432-a89c-6e57f823ae73/element/00000000-0000-0464-ffff-ffff00000701/text] to [GET http://127.0.0.1:8209/session/e13e9c10-6759-487b-84e8-6054836a870e/element/00000000-0000-0464-ffff-ffff00000701/text] with no body
&amp#27;[38;5;32m[AndroidUiautomator2Driver@cb04 (a84025fa)]&amp#27;[0m Got response with status 200: {"sessionId":"e13e9c10-6759-487b-84e8-6054836a870e","value":"Points"}
&amp#27;[38;5;32m[AndroidUiautomator2Driver@cb04 (a84025fa)]&amp#27;[0m Replacing sessionId e13e9c10-6759-487b-84e8-6054836a870e with a84025fa-87fd-4432-a89c-6e57f823ae73
&amp#27;[38;5;0m[HTTP]&amp#27;[0m &amp#27;[37m<-- GET /session/a84025fa-87fd-4432-a89c-6e57f823ae73/element/00000000-0000-0464-ffff-ffff00000701/text &amp#27;[39m&amp#27;[32m200&amp#27;[39m &amp#27;[90m11 ms - 69&amp#27;[39m
&amp#27;[38;5;0m[HTTP]&amp#27;[0m &amp#27;[90m&amp#27;[39m
&amp#27;[38;5;0m[HTTP]&amp#27;[0m &amp#27;[37m-->&amp#27;[39m &amp#27;[37mGET&amp#27;[39m &amp#27;[37m/session/a84025fa-87fd-4432-a89c-6e57f823ae73/context&amp#27;[39m
&amp#27;[38;5;0m[HTTP]&amp#27;[0m &amp#27;[90m{}&amp#27;[39m
&amp#27;[38;5;32m[AndroidUiautomator2Driver@cb04 (a84025fa)]&amp#27;[0m Calling AppiumDriver.getCurrentContext() with args: ["a84025fa-87fd-4432-a89c-6e57f823ae73"]
&amp#27;[38;5;32m[AndroidUiautomator2Driver@cb04 (a84025fa)]&amp#27;[0m Responding to client with driver.getCurrentContext() result: "NATIVE_APP"
&amp#27;[38;5;0m[HTTP]&amp#27;[0m &amp#27;[37m<-- GET /session/a84025fa-87fd-4432-a89c-6e57f823ae73/context &amp#27;[39m&amp#27;[32m200&amp#27;[39m &amp#27;[90m1 ms - 22&amp#27;[39m
&amp#27;[38;5;0m[HTTP]&amp#27;[0m &amp#27;[90m&amp#27;[39m
&amp#27;[38;5;0m[HTTP]&amp#27;[0m &amp#27;[37m-->&amp#27;[39m &amp#27;[37mPOST&amp#27;[39m &amp#27;[37m/session/a84025fa-87fd-4432-a89c-6e57f823ae73/elements&amp#27;[39m
&amp#27;[38;5;0m[HTTP]&amp#27;[0m &amp#27;[90m{"value":"com.fivemobile.thescore:id/text_category_name","using":"id"}&amp#27;[39m
&amp#27;[38;5;32m[AndroidUiautomator2Driver@cb04 (a84025fa)]&amp#27;[0m Calling AppiumDriver.findElements() with args: ["id","com.fivemobile.thescore:id/text_category_name","a84025fa-87fd-4432-a89c-6e57f823ae73"]
&amp#27;[38;5;32m[AndroidUiautomator2Driver@cb04 (a84025fa)]&amp#27;[0m Valid locator strategies for this request: xpath, id, class name, accessibility id, css selector, -android uiautomator
&amp#27;[38;5;32m[AndroidUiautomator2Driver@cb04 (a84025fa)]&amp#27;[0m Waiting up to 10000 ms for condition
&amp#27;[38;5;32m[AndroidUiautomator2Driver@cb04 (a84025fa)]&amp#27;[0m Matched '/elements' to command name 'findElements'
&amp#27;[38;5;32m[AndroidUiautomator2Driver@cb04 (a84025fa)]&amp#27;[0m Proxying [POST /elements] to [POST http://127.0.0.1:8209/session/e13e9c10-6759-487b-84e8-6054836a870e/elements] with body: {"strategy":"id","selector":"com.fivemobile.thescore:id/text_category_name","context":"","multiple":true}
&amp#27;[38;5;32m[AndroidUiautomator2Driver@cb04 (a84025fa)]&amp#27;[0m Got response with status 200: {"sessionId":"e13e9c10-6759-487b-84e8-6054836a870e","value":[{"ELEMENT":"00000000-0000-0464-ffff-ffff000006ef","element-6066-11e4-a52e-4f735466cecf":"00000000-0000-0464-ffff-ffff000006ef"},{"ELEMENT":"00000000-0000-0464-ffff-ffff000006f5","element-6066-11e4-a52e-4f735466cecf":"00000000-0000-0464-ffff-ffff000006f5"},{"ELEMENT":"00000000-0000-0464-ffff-ffff000006fb","element-6066-11e4-a52e-4f735466cecf":"00000000-0000-0464-ffff-ffff000006fb"},{"ELEMENT":"00000000-0000-0464-ffff-ffff00000701","element-6066-11e4-a52e-4f735466cecf":"00000000-0000-0464-ffff-ffff00000701"},{"ELEMENT":"00000000-0000-0464-ffff-ffff00000707","element-6066-11e4-a52e-4f735466cecf":"00000000-0000-0464-ffff-ffff00000707"},{"ELEMENT":"00000000-0000-0464-ffff-ffff00000711","element-6066-11e4-a52e-4f735466cecf":"00000000-0000-0464-ffff-ffff00000711"},{"ELEMENT":"00000000-0000-0464-ffff-ffff00000717","element-6066-11e4-a52e-4f735466cecf":"00000000-0000-0464-ffff-ffff00000717"},{"ELEMENT":"00000000-0000-0464-ffff-ffff0000071d","element-6066-...
&amp#27;[38;5;32m[AndroidUiautomator2Driver@cb04 (a84025fa)]&amp#27;[0m Responding to client with driver.findElements() result: [{"element-6066-11e4-a52e-4f735466cecf":"00000000-0000-0464-ffff-ffff000006ef","ELEMENT":"00000000-0000-0464-ffff-ffff000006ef"},{"element-6066-11e4-a52e-4f735466cecf":"00000000-0000-0464-ffff-ffff000006f5","ELEMENT":"00000000-0000-0464-ffff-ffff000006f5"},{"element-6066-11e4-a52e-4f735466cecf":"00000000-0000-0464-ffff-ffff000006fb","ELEMENT":"00000000-0000-0464-ffff-ffff000006fb"},{"element-6066-11e4-a52e-4f735466cecf":"00000000-0000-0464-ffff-ffff00000701","ELEMENT":"00000000-0000-0464-ffff-ffff00000701"},{"element-6066-11e4-a52e-4f735466cecf":"00000000-0000-0464-ffff-ffff00000707","ELEMENT":"00000000-0000-0464-ffff-ffff00000707"},{"element-6066-11e4-a52e-4f735466cecf":"00000000-0000-0464-ffff-ffff00000711","ELEMENT":"00000000-0000-0464-ffff-ffff00000711"},{"element-6066-11e4-a52e-4f735466cecf":"00000000-0000-0464-ffff-ffff00000717","ELEMENT":"00000000-0000-0464-ffff-ffff00000717"},{"element-6066-11e4-a52e-4f735466cecf":"00000000-0000-0464-ffff-ffff0000071d","ELEMENT":"00000000-0000-0464-ffff-ffff0000071...
&amp#27;[38;5;0m[HTTP]&amp#27;[0m &amp#27;[37m<-- POST /session/a84025fa-87fd-4432-a89c-6e57f823ae73/elements &amp#27;[39m&amp#27;[32m200&amp#27;[39m &amp#27;[90m127 ms - 1291&amp#27;[39m
&amp#27;[38;5;0m[HTTP]&amp#27;[0m &amp#27;[90m&amp#27;[39m
&amp#27;[38;5;0m[HTTP]&amp#27;[0m &amp#27;[37m-->&amp#27;[39m &amp#27;[37mGET&amp#27;[39m &amp#27;[37m/session/a84025fa-87fd-4432-a89c-6e57f823ae73/element/00000000-0000-0464-ffff-ffff00000701/text&amp#27;[39m
&amp#27;[38;5;0m[HTTP]&amp#27;[0m &amp#27;[90m{}&amp#27;[39m
&amp#27;[38;5;32m[AndroidUiautomator2Driver@cb04 (a84025fa)]&amp#27;[0m Driver proxy active, passing request on via HTTP proxy
&amp#27;[38;5;32m[AndroidUiautomator2Driver@cb04 (a84025fa)]&amp#27;[0m Matched '/session/a84025fa-87fd-4432-a89c-6e57f823ae73/element/00000000-0000-0464-ffff-ffff00000701/text' to command name 'getText'
&amp#27;[38;5;32m[AndroidUiautomator2Driver@cb04 (a84025fa)]&amp#27;[0m Proxying [GET /session/a84025fa-87fd-4432-a89c-6e57f823ae73/element/00000000-0000-0464-ffff-ffff00000701/text] to [GET http://127.0.0.1:8209/session/e13e9c10-6759-487b-84e8-6054836a870e/element/00000000-0000-0464-ffff-ffff00000701/text] with no body
&amp#27;[38;5;32m[AndroidUiautomator2Driver@cb04 (a84025fa)]&amp#27;[0m Got response with status 200: {"sessionId":"e13e9c10-6759-487b-84e8-6054836a870e","value":"Points"}
&amp#27;[38;5;32m[AndroidUiautomator2Driver@cb04 (a84025fa)]&amp#27;[0m Replacing sessionId e13e9c10-6759-487b-84e8-6054836a870e with a84025fa-87fd-4432-a89c-6e57f823ae73
&amp#27;[38;5;0m[HTTP]&amp#27;[0m &amp#27;[37m<-- GET /session/a84025fa-87fd-4432-a89c-6e57f823ae73/element/00000000-0000-0464-ffff-ffff00000701/text &amp#27;[39m&amp#27;[32m200&amp#27;[39m &amp#27;[90m13 ms - 69&amp#27;[39m
&amp#27;[38;5;0m[HTTP]&amp#27;[0m &amp#27;[90m&amp#27;[39m
Text displayed: Points
&amp#27;[38;5;0m[HTTP]&amp#27;[0m &amp#27;[37m-->&amp#27;[39m &amp#27;[37mGET&amp#27;[39m &amp#27;[37m/session/a84025fa-87fd-4432-a89c-6e57f823ae73/context&amp#27;[39m
&amp#27;[38;5;0m[HTTP]&amp#27;[0m &amp#27;[90m{}&amp#27;[39m
&amp#27;[38;5;32m[AndroidUiautomator2Driver@cb04 (a84025fa)]&amp#27;[0m Calling AppiumDriver.getCurrentContext() with args: ["a84025fa-87fd-4432-a89c-6e57f823ae73"]
&amp#27;[38;5;32m[AndroidUiautomator2Driver@cb04 (a84025fa)]&amp#27;[0m Responding to client with driver.getCurrentContext() result: "NATIVE_APP"
&amp#27;[38;5;0m[HTTP]&amp#27;[0m &amp#27;[37m<-- GET /session/a84025fa-87fd-4432-a89c-6e57f823ae73/context &amp#27;[39m&amp#27;[32m200&amp#27;[39m &amp#27;[90m1 ms - 22&amp#27;[39m
&amp#27;[38;5;0m[HTTP]&amp#27;[0m &amp#27;[90m&amp#27;[39m
&amp#27;[38;5;0m[HTTP]&amp#27;[0m &amp#27;[37m-->&amp#27;[39m &amp#27;[37mPOST&amp#27;[39m &amp#27;[37m/session/a84025fa-87fd-4432-a89c-6e57f823ae73/elements&amp#27;[39m
&amp#27;[38;5;0m[HTTP]&amp#27;[0m &amp#27;[90m{"value":"com.fivemobile.thescore:id/text_category_name","using":"id"}&amp#27;[39m
&amp#27;[38;5;32m[AndroidUiautomator2Driver@cb04 (a84025fa)]&amp#27;[0m Calling AppiumDriver.findElements() with args: ["id","com.fivemobile.thescore:id/text_category_name","a84025fa-87fd-4432-a89c-6e57f823ae73"]
&amp#27;[38;5;32m[AndroidUiautomator2Driver@cb04 (a84025fa)]&amp#27;[0m Valid locator strategies for this request: xpath, id, class name, accessibility id, css selector, -android uiautomator
&amp#27;[38;5;32m[AndroidUiautomator2Driver@cb04 (a84025fa)]&amp#27;[0m Waiting up to 10000 ms for condition
&amp#27;[38;5;32m[AndroidUiautomator2Driver@cb04 (a84025fa)]&amp#27;[0m Matched '/elements' to command name 'findElements'
&amp#27;[38;5;32m[AndroidUiautomator2Driver@cb04 (a84025fa)]&amp#27;[0m Proxying [POST /elements] to [POST http://127.0.0.1:8209/session/e13e9c10-6759-487b-84e8-6054836a870e/elements] with body: {"strategy":"id","selector":"com.fivemobile.thescore:id/text_category_name","context":"","multiple":true}
&amp#27;[38;5;32m[AndroidUiautomator2Driver@cb04 (a84025fa)]&amp#27;[0m Got response with status 200: {"sessionId":"e13e9c10-6759-487b-84e8-6054836a870e","value":[{"ELEMENT":"00000000-0000-0464-ffff-ffff000006ef","element-6066-11e4-a52e-4f735466cecf":"00000000-0000-0464-ffff-ffff000006ef"},{"ELEMENT":"00000000-0000-0464-ffff-ffff000006f5","element-6066-11e4-a52e-4f735466cecf":"00000000-0000-0464-ffff-ffff000006f5"},{"ELEMENT":"00000000-0000-0464-ffff-ffff000006fb","element-6066-11e4-a52e-4f735466cecf":"00000000-0000-0464-ffff-ffff000006fb"},{"ELEMENT":"00000000-0000-0464-ffff-ffff00000701","element-6066-11e4-a52e-4f735466cecf":"00000000-0000-0464-ffff-ffff00000701"},{"ELEMENT":"00000000-0000-0464-ffff-ffff00000707","element-6066-11e4-a52e-4f735466cecf":"00000000-0000-0464-ffff-ffff00000707"},{"ELEMENT":"00000000-0000-0464-ffff-ffff00000711","element-6066-11e4-a52e-4f735466cecf":"00000000-0000-0464-ffff-ffff00000711"},{"ELEMENT":"00000000-0000-0464-ffff-ffff00000717","element-6066-11e4-a52e-4f735466cecf":"00000000-0000-0464-ffff-ffff00000717"},{"ELEMENT":"00000000-0000-0464-ffff-ffff0000071d","element-6066-...
&amp#27;[38;5;32m[AndroidUiautomator2Driver@cb04 (a84025fa)]&amp#27;[0m Responding to client with driver.findElements() result: [{"element-6066-11e4-a52e-4f735466cecf":"00000000-0000-0464-ffff-ffff000006ef","ELEMENT":"00000000-0000-0464-ffff-ffff000006ef"},{"element-6066-11e4-a52e-4f735466cecf":"00000000-0000-0464-ffff-ffff000006f5","ELEMENT":"00000000-0000-0464-ffff-ffff000006f5"},{"element-6066-11e4-a52e-4f735466cecf":"00000000-0000-0464-ffff-ffff000006fb","ELEMENT":"00000000-0000-0464-ffff-ffff000006fb"},{"element-6066-11e4-a52e-4f735466cecf":"00000000-0000-0464-ffff-ffff00000701","ELEMENT":"00000000-0000-0464-ffff-ffff00000701"},{"element-6066-11e4-a52e-4f735466cecf":"00000000-0000-0464-ffff-ffff00000707","ELEMENT":"00000000-0000-0464-ffff-ffff00000707"},{"element-6066-11e4-a52e-4f735466cecf":"00000000-0000-0464-ffff-ffff00000711","ELEMENT":"00000000-0000-0464-ffff-ffff00000711"},{"element-6066-11e4-a52e-4f735466cecf":"00000000-0000-0464-ffff-ffff00000717","ELEMENT":"00000000-0000-0464-ffff-ffff00000717"},{"element-6066-11e4-a52e-4f735466cecf":"00000000-0000-0464-ffff-ffff0000071d","ELEMENT":"00000000-0000-0464-ffff-ffff0000071...
&amp#27;[38;5;0m[HTTP]&amp#27;[0m &amp#27;[37m<-- POST /session/a84025fa-87fd-4432-a89c-6e57f823ae73/elements &amp#27;[39m&amp#27;[32m200&amp#27;[39m &amp#27;[90m127 ms - 1291&amp#27;[39m
&amp#27;[38;5;0m[HTTP]&amp#27;[0m &amp#27;[90m&amp#27;[39m
&amp#27;[38;5;0m[HTTP]&amp#27;[0m &amp#27;[37m-->&amp#27;[39m &amp#27;[37mGET&amp#27;[39m &amp#27;[37m/session/a84025fa-87fd-4432-a89c-6e57f823ae73/context&amp#27;[39m
&amp#27;[38;5;0m[HTTP]&amp#27;[0m &amp#27;[90m{}&amp#27;[39m
&amp#27;[38;5;32m[AndroidUiautomator2Driver@cb04 (a84025fa)]&amp#27;[0m Calling AppiumDriver.getCurrentContext() with args: ["a84025fa-87fd-4432-a89c-6e57f823ae73"]
&amp#27;[38;5;32m[AndroidUiautomator2Driver@cb04 (a84025fa)]&amp#27;[0m Responding to client with driver.getCurrentContext() result: "NATIVE_APP"
&amp#27;[38;5;0m[HTTP]&amp#27;[0m &amp#27;[37m<-- GET /session/a84025fa-87fd-4432-a89c-6e57f823ae73/context &amp#27;[39m&amp#27;[32m200&amp#27;[39m &amp#27;[90m1 ms - 22&amp#27;[39m
&amp#27;[38;5;0m[HTTP]&amp#27;[0m &amp#27;[90m&amp#27;[39m
&amp#27;[38;5;0m[HTTP]&amp#27;[0m &amp#27;[37m-->&amp#27;[39m &amp#27;[37mPOST&amp#27;[39m &amp#27;[37m/session/a84025fa-87fd-4432-a89c-6e57f823ae73/elements&amp#27;[39m
&amp#27;[38;5;0m[HTTP]&amp#27;[0m &amp#27;[90m{"value":"com.fivemobile.thescore:id/text_category_name","using":"id"}&amp#27;[39m
&amp#27;[38;5;32m[AndroidUiautomator2Driver@cb04 (a84025fa)]&amp#27;[0m Calling AppiumDriver.findElements() with args: ["id","com.fivemobile.thescore:id/text_category_name","a84025fa-87fd-4432-a89c-6e57f823ae73"]
&amp#27;[38;5;32m[AndroidUiautomator2Driver@cb04 (a84025fa)]&amp#27;[0m Valid locator strategies for this request: xpath, id, class name, accessibility id, css selector, -android uiautomator
&amp#27;[38;5;32m[AndroidUiautomator2Driver@cb04 (a84025fa)]&amp#27;[0m Waiting up to 10000 ms for condition
&amp#27;[38;5;32m[AndroidUiautomator2Driver@cb04 (a84025fa)]&amp#27;[0m Matched '/elements' to command name 'findElements'
&amp#27;[38;5;32m[AndroidUiautomator2Driver@cb04 (a84025fa)]&amp#27;[0m Proxying [POST /elements] to [POST http://127.0.0.1:8209/session/e13e9c10-6759-487b-84e8-6054836a870e/elements] with body: {"strategy":"id","selector":"com.fivemobile.thescore:id/text_category_name","context":"","multiple":true}
&amp#27;[38;5;32m[AndroidUiautomator2Driver@cb04 (a84025fa)]&amp#27;[0m Got response with status 200: {"sessionId":"e13e9c10-6759-487b-84e8-6054836a870e","value":[{"ELEMENT":"00000000-0000-0464-ffff-ffff000006ef","element-6066-11e4-a52e-4f735466cecf":"00000000-0000-0464-ffff-ffff000006ef"},{"ELEMENT":"00000000-0000-0464-ffff-ffff000006f5","element-6066-11e4-a52e-4f735466cecf":"00000000-0000-0464-ffff-ffff000006f5"},{"ELEMENT":"00000000-0000-0464-ffff-ffff000006fb","element-6066-11e4-a52e-4f735466cecf":"00000000-0000-0464-ffff-ffff000006fb"},{"ELEMENT":"00000000-0000-0464-ffff-ffff00000701","element-6066-11e4-a52e-4f735466cecf":"00000000-0000-0464-ffff-ffff00000701"},{"ELEMENT":"00000000-0000-0464-ffff-ffff00000707","element-6066-11e4-a52e-4f735466cecf":"00000000-0000-0464-ffff-ffff00000707"},{"ELEMENT":"00000000-0000-0464-ffff-ffff00000711","element-6066-11e4-a52e-4f735466cecf":"00000000-0000-0464-ffff-ffff00000711"},{"ELEMENT":"00000000-0000-0464-ffff-ffff00000717","element-6066-11e4-a52e-4f735466cecf":"00000000-0000-0464-ffff-ffff00000717"},{"ELEMENT":"00000000-0000-0464-ffff-ffff0000071d","element-6066-...
&amp#27;[38;5;32m[AndroidUiautomator2Driver@cb04 (a84025fa)]&amp#27;[0m Responding to client with driver.findElements() result: [{"element-6066-11e4-a52e-4f735466cecf":"00000000-0000-0464-ffff-ffff000006ef","ELEMENT":"00000000-0000-0464-ffff-ffff000006ef"},{"element-6066-11e4-a52e-4f735466cecf":"00000000-0000-0464-ffff-ffff000006f5","ELEMENT":"00000000-0000-0464-ffff-ffff000006f5"},{"element-6066-11e4-a52e-4f735466cecf":"00000000-0000-0464-ffff-ffff000006fb","ELEMENT":"00000000-0000-0464-ffff-ffff000006fb"},{"element-6066-11e4-a52e-4f735466cecf":"00000000-0000-0464-ffff-ffff00000701","ELEMENT":"00000000-0000-0464-ffff-ffff00000701"},{"element-6066-11e4-a52e-4f735466cecf":"00000000-0000-0464-ffff-ffff00000707","ELEMENT":"00000000-0000-0464-ffff-ffff00000707"},{"element-6066-11e4-a52e-4f735466cecf":"00000000-0000-0464-ffff-ffff00000711","ELEMENT":"00000000-0000-0464-ffff-ffff00000711"},{"element-6066-11e4-a52e-4f735466cecf":"00000000-0000-0464-ffff-ffff00000717","ELEMENT":"00000000-0000-0464-ffff-ffff00000717"},{"element-6066-11e4-a52e-4f735466cecf":"00000000-0000-0464-ffff-ffff0000071d","ELEMENT":"00000000-0000-0464-ffff-ffff0000071...
&amp#27;[38;5;0m[HTTP]&amp#27;[0m &amp#27;[37m<-- POST /session/a84025fa-87fd-4432-a89c-6e57f823ae73/elements &amp#27;[39m&amp#27;[32m200&amp#27;[39m &amp#27;[90m112 ms - 1291&amp#27;[39m
&amp#27;[38;5;0m[HTTP]&amp#27;[0m &amp#27;[90m&amp#27;[39m
&amp#27;[38;5;0m[HTTP]&amp#27;[0m &amp#27;[37m-->&amp#27;[39m &amp#27;[37mGET&amp#27;[39m &amp#27;[37m/session/a84025fa-87fd-4432-a89c-6e57f823ae73/element/00000000-0000-0464-ffff-ffff00000707/text&amp#27;[39m
&amp#27;[38;5;0m[HTTP]&amp#27;[0m &amp#27;[90m{}&amp#27;[39m
&amp#27;[38;5;32m[AndroidUiautomator2Driver@cb04 (a84025fa)]&amp#27;[0m Driver proxy active, passing request on via HTTP proxy
&amp#27;[38;5;32m[AndroidUiautomator2Driver@cb04 (a84025fa)]&amp#27;[0m Matched '/session/a84025fa-87fd-4432-a89c-6e57f823ae73/element/00000000-0000-0464-ffff-ffff00000707/text' to command name 'getText'
&amp#27;[38;5;32m[AndroidUiautomator2Driver@cb04 (a84025fa)]&amp#27;[0m Proxying [GET /session/a84025fa-87fd-4432-a89c-6e57f823ae73/element/00000000-0000-0464-ffff-ffff00000707/text] to [GET http://127.0.0.1:8209/session/e13e9c10-6759-487b-84e8-6054836a870e/element/00000000-0000-0464-ffff-ffff00000707/text] with no body
&amp#27;[38;5;32m[AndroidUiautomator2Driver@cb04 (a84025fa)]&amp#27;[0m Got response with status 200: {"sessionId":"e13e9c10-6759-487b-84e8-6054836a870e","value":"3rd Down %"}
&amp#27;[38;5;32m[AndroidUiautomator2Driver@cb04 (a84025fa)]&amp#27;[0m Replacing sessionId e13e9c10-6759-487b-84e8-6054836a870e with a84025fa-87fd-4432-a89c-6e57f823ae73
&amp#27;[38;5;0m[HTTP]&amp#27;[0m &amp#27;[37m<-- GET /session/a84025fa-87fd-4432-a89c-6e57f823ae73/element/00000000-0000-0464-ffff-ffff00000707/text &amp#27;[39m&amp#27;[32m200&amp#27;[39m &amp#27;[90m11 ms - 73&amp#27;[39m
&amp#27;[38;5;0m[HTTP]&amp#27;[0m &amp#27;[90m&amp#27;[39m
&amp#27;[38;5;0m[HTTP]&amp#27;[0m &amp#27;[37m-->&amp#27;[39m &amp#27;[37mGET&amp#27;[39m &amp#27;[37m/session/a84025fa-87fd-4432-a89c-6e57f823ae73/context&amp#27;[39m
&amp#27;[38;5;0m[HTTP]&amp#27;[0m &amp#27;[90m{}&amp#27;[39m
&amp#27;[38;5;32m[AndroidUiautomator2Driver@cb04 (a84025fa)]&amp#27;[0m Calling AppiumDriver.getCurrentContext() with args: ["a84025fa-87fd-4432-a89c-6e57f823ae73"]
&amp#27;[38;5;32m[AndroidUiautomator2Driver@cb04 (a84025fa)]&amp#27;[0m Responding to client with driver.getCurrentContext() result: "NATIVE_APP"
&amp#27;[38;5;0m[HTTP]&amp#27;[0m &amp#27;[37m<-- GET /session/a84025fa-87fd-4432-a89c-6e57f823ae73/context &amp#27;[39m&amp#27;[32m200&amp#27;[39m &amp#27;[90m1 ms - 22&amp#27;[39m
&amp#27;[38;5;0m[HTTP]&amp#27;[0m &amp#27;[90m&amp#27;[39m
&amp#27;[38;5;0m[HTTP]&amp#27;[0m &amp#27;[37m-->&amp#27;[39m &amp#27;[37mPOST&amp#27;[39m &amp#27;[37m/session/a84025fa-87fd-4432-a89c-6e57f823ae73/elements&amp#27;[39m
&amp#27;[38;5;0m[HTTP]&amp#27;[0m &amp#27;[90m{"value":"com.fivemobile.thescore:id/text_category_name","using":"id"}&amp#27;[39m
&amp#27;[38;5;32m[AndroidUiautomator2Driver@cb04 (a84025fa)]&amp#27;[0m Calling AppiumDriver.findElements() with args: ["id","com.fivemobile.thescore:id/text_category_name","a84025fa-87fd-4432-a89c-6e57f823ae73"]
&amp#27;[38;5;32m[AndroidUiautomator2Driver@cb04 (a84025fa)]&amp#27;[0m Valid locator strategies for this request: xpath, id, class name, accessibility id, css selector, -android uiautomator
&amp#27;[38;5;32m[AndroidUiautomator2Driver@cb04 (a84025fa)]&amp#27;[0m Waiting up to 10000 ms for condition
&amp#27;[38;5;32m[AndroidUiautomator2Driver@cb04 (a84025fa)]&amp#27;[0m Matched '/elements' to command name 'findElements'
&amp#27;[38;5;32m[AndroidUiautomator2Driver@cb04 (a84025fa)]&amp#27;[0m Proxying [POST /elements] to [POST http://127.0.0.1:8209/session/e13e9c10-6759-487b-84e8-6054836a870e/elements] with body: {"strategy":"id","selector":"com.fivemobile.thescore:id/text_category_name","context":"","multiple":true}
&amp#27;[38;5;32m[AndroidUiautomator2Driver@cb04 (a84025fa)]&amp#27;[0m Got response with status 200: {"sessionId":"e13e9c10-6759-487b-84e8-6054836a870e","value":[{"ELEMENT":"00000000-0000-0464-ffff-ffff000006ef","element-6066-11e4-a52e-4f735466cecf":"00000000-0000-0464-ffff-ffff000006ef"},{"ELEMENT":"00000000-0000-0464-ffff-ffff000006f5","element-6066-11e4-a52e-4f735466cecf":"00000000-0000-0464-ffff-ffff000006f5"},{"ELEMENT":"00000000-0000-0464-ffff-ffff000006fb","element-6066-11e4-a52e-4f735466cecf":"00000000-0000-0464-ffff-ffff000006fb"},{"ELEMENT":"00000000-0000-0464-ffff-ffff00000701","element-6066-11e4-a52e-4f735466cecf":"00000000-0000-0464-ffff-ffff00000701"},{"ELEMENT":"00000000-0000-0464-ffff-ffff00000707","element-6066-11e4-a52e-4f735466cecf":"00000000-0000-0464-ffff-ffff00000707"},{"ELEMENT":"00000000-0000-0464-ffff-ffff00000711","element-6066-11e4-a52e-4f735466cecf":"00000000-0000-0464-ffff-ffff00000711"},{"ELEMENT":"00000000-0000-0464-ffff-ffff00000717","element-6066-11e4-a52e-4f735466cecf":"00000000-0000-0464-ffff-ffff00000717"},{"ELEMENT":"00000000-0000-0464-ffff-ffff0000071d","element-6066-...
&amp#27;[38;5;32m[AndroidUiautomator2Driver@cb04 (a84025fa)]&amp#27;[0m Responding to client with driver.findElements() result: [{"element-6066-11e4-a52e-4f735466cecf":"00000000-0000-0464-ffff-ffff000006ef","ELEMENT":"00000000-0000-0464-ffff-ffff000006ef"},{"element-6066-11e4-a52e-4f735466cecf":"00000000-0000-0464-ffff-ffff000006f5","ELEMENT":"00000000-0000-0464-ffff-ffff000006f5"},{"element-6066-11e4-a52e-4f735466cecf":"00000000-0000-0464-ffff-ffff000006fb","ELEMENT":"00000000-0000-0464-ffff-ffff000006fb"},{"element-6066-11e4-a52e-4f735466cecf":"00000000-0000-0464-ffff-ffff00000701","ELEMENT":"00000000-0000-0464-ffff-ffff00000701"},{"element-6066-11e4-a52e-4f735466cecf":"00000000-0000-0464-ffff-ffff00000707","ELEMENT":"00000000-0000-0464-ffff-ffff00000707"},{"element-6066-11e4-a52e-4f735466cecf":"00000000-0000-0464-ffff-ffff00000711","ELEMENT":"00000000-0000-0464-ffff-ffff00000711"},{"element-6066-11e4-a52e-4f735466cecf":"00000000-0000-0464-ffff-ffff00000717","ELEMENT":"00000000-0000-0464-ffff-ffff00000717"},{"element-6066-11e4-a52e-4f735466cecf":"00000000-0000-0464-ffff-ffff0000071d","ELEMENT":"00000000-0000-0464-ffff-ffff0000071...
&amp#27;[38;5;0m[HTTP]&amp#27;[0m &amp#27;[37m<-- POST /session/a84025fa-87fd-4432-a89c-6e57f823ae73/elements &amp#27;[39m&amp#27;[32m200&amp#27;[39m &amp#27;[90m124 ms - 1291&amp#27;[39m
&amp#27;[38;5;0m[HTTP]&amp#27;[0m &amp#27;[90m&amp#27;[39m
&amp#27;[38;5;0m[HTTP]&amp#27;[0m &amp#27;[37m-->&amp#27;[39m &amp#27;[37mGET&amp#27;[39m &amp#27;[37m/session/a84025fa-87fd-4432-a89c-6e57f823ae73/element/00000000-0000-0464-ffff-ffff00000707/text&amp#27;[39m
&amp#27;[38;5;0m[HTTP]&amp#27;[0m &amp#27;[90m{}&amp#27;[39m
&amp#27;[38;5;32m[AndroidUiautomator2Driver@cb04 (a84025fa)]&amp#27;[0m Driver proxy active, passing request on via HTTP proxy
&amp#27;[38;5;32m[AndroidUiautomator2Driver@cb04 (a84025fa)]&amp#27;[0m Matched '/session/a84025fa-87fd-4432-a89c-6e57f823ae73/element/00000000-0000-0464-ffff-ffff00000707/text' to command name 'getText'
&amp#27;[38;5;32m[AndroidUiautomator2Driver@cb04 (a84025fa)]&amp#27;[0m Proxying [GET /session/a84025fa-87fd-4432-a89c-6e57f823ae73/element/00000000-0000-0464-ffff-ffff00000707/text] to [GET http://127.0.0.1:8209/session/e13e9c10-6759-487b-84e8-6054836a870e/element/00000000-0000-0464-ffff-ffff00000707/text] with no body
&amp#27;[38;5;32m[AndroidUiautomator2Driver@cb04 (a84025fa)]&amp#27;[0m Got response with status 200: {"sessionId":"e13e9c10-6759-487b-84e8-6054836a870e","value":"3rd Down %"}
&amp#27;[38;5;32m[AndroidUiautomator2Driver@cb04 (a84025fa)]&amp#27;[0m Replacing sessionId e13e9c10-6759-487b-84e8-6054836a870e with a84025fa-87fd-4432-a89c-6e57f823ae73
&amp#27;[38;5;0m[HTTP]&amp#27;[0m &amp#27;[37m<-- GET /session/a84025fa-87fd-4432-a89c-6e57f823ae73/element/00000000-0000-0464-ffff-ffff00000707/text &amp#27;[39m&amp#27;[32m200&amp#27;[39m &amp#27;[90m13 ms - 73&amp#27;[39m
&amp#27;[38;5;0m[HTTP]&amp#27;[0m &amp#27;[90m&amp#27;[39m
&amp#27;[38;5;0m[HTTP]&amp#27;[0m &amp#27;[37m-->&amp#27;[39m &amp#27;[37mGET&amp#27;[39m &amp#27;[37m/session/a84025fa-87fd-4432-a89c-6e57f823ae73/context&amp#27;[39m
&amp#27;[38;5;0m[HTTP]&amp#27;[0m &amp#27;[90m{}&amp#27;[39m
&amp#27;[38;5;32m[AndroidUiautomator2Driver@cb04 (a84025fa)]&amp#27;[0m Calling AppiumDriver.getCurrentContext() with args: ["a84025fa-87fd-4432-a89c-6e57f823ae73"]
&amp#27;[38;5;32m[AndroidUiautomator2Driver@cb04 (a84025fa)]&amp#27;[0m Responding to client with driver.getCurrentContext() result: "NATIVE_APP"
&amp#27;[38;5;0m[HTTP]&amp#27;[0m &amp#27;[37m<-- GET /session/a84025fa-87fd-4432-a89c-6e57f823ae73/context &amp#27;[39m&amp#27;[32m200&amp#27;[39m &amp#27;[90m1 ms - 22&amp#27;[39m
&amp#27;[38;5;0m[HTTP]&amp#27;[0m &amp#27;[90m&amp#27;[39m
&amp#27;[38;5;0m[HTTP]&amp#27;[0m &amp#27;[37m-->&amp#27;[39m &amp#27;[37mPOST&amp#27;[39m &amp#27;[37m/session/a84025fa-87fd-4432-a89c-6e57f823ae73/elements&amp#27;[39m
&amp#27;[38;5;0m[HTTP]&amp#27;[0m &amp#27;[90m{"value":"com.fivemobile.thescore:id/text_category_name","using":"id"}&amp#27;[39m
&amp#27;[38;5;32m[AndroidUiautomator2Driver@cb04 (a84025fa)]&amp#27;[0m Calling AppiumDriver.findElements() with args: ["id","com.fivemobile.thescore:id/text_category_name","a84025fa-87fd-4432-a89c-6e57f823ae73"]
&amp#27;[38;5;32m[AndroidUiautomator2Driver@cb04 (a84025fa)]&amp#27;[0m Valid locator strategies for this request: xpath, id, class name, accessibility id, css selector, -android uiautomator
&amp#27;[38;5;32m[AndroidUiautomator2Driver@cb04 (a84025fa)]&amp#27;[0m Waiting up to 10000 ms for condition
&amp#27;[38;5;32m[AndroidUiautomator2Driver@cb04 (a84025fa)]&amp#27;[0m Matched '/elements' to command name 'findElements'
&amp#27;[38;5;32m[AndroidUiautomator2Driver@cb04 (a84025fa)]&amp#27;[0m Proxying [POST /elements] to [POST http://127.0.0.1:8209/session/e13e9c10-6759-487b-84e8-6054836a870e/elements] with body: {"strategy":"id","selector":"com.fivemobile.thescore:id/text_category_name","context":"","multiple":true}
&amp#27;[38;5;32m[AndroidUiautomator2Driver@cb04 (a84025fa)]&amp#27;[0m Got response with status 200: {"sessionId":"e13e9c10-6759-487b-84e8-6054836a870e","value":[{"ELEMENT":"00000000-0000-0464-ffff-ffff000006ef","element-6066-11e4-a52e-4f735466cecf":"00000000-0000-0464-ffff-ffff000006ef"},{"ELEMENT":"00000000-0000-0464-ffff-ffff000006f5","element-6066-11e4-a52e-4f735466cecf":"00000000-0000-0464-ffff-ffff000006f5"},{"ELEMENT":"00000000-0000-0464-ffff-ffff000006fb","element-6066-11e4-a52e-4f735466cecf":"00000000-0000-0464-ffff-ffff000006fb"},{"ELEMENT":"00000000-0000-0464-ffff-ffff00000701","element-6066-11e4-a52e-4f735466cecf":"00000000-0000-0464-ffff-ffff00000701"},{"ELEMENT":"00000000-0000-0464-ffff-ffff00000707","element-6066-11e4-a52e-4f735466cecf":"00000000-0000-0464-ffff-ffff00000707"},{"ELEMENT":"00000000-0000-0464-ffff-ffff00000711","element-6066-11e4-a52e-4f735466cecf":"00000000-0000-0464-ffff-ffff00000711"},{"ELEMENT":"00000000-0000-0464-ffff-ffff00000717","element-6066-11e4-a52e-4f735466cecf":"00000000-0000-0464-ffff-ffff00000717"},{"ELEMENT":"00000000-0000-0464-ffff-ffff0000071d","element-6066-...
&amp#27;[38;5;32m[AndroidUiautomator2Driver@cb04 (a84025fa)]&amp#27;[0m Responding to client with driver.findElements() result: [{"element-6066-11e4-a52e-4f735466cecf":"00000000-0000-0464-ffff-ffff000006ef","ELEMENT":"00000000-0000-0464-ffff-ffff000006ef"},{"element-6066-11e4-a52e-4f735466cecf":"00000000-0000-0464-ffff-ffff000006f5","ELEMENT":"00000000-0000-0464-ffff-ffff000006f5"},{"element-6066-11e4-a52e-4f735466cecf":"00000000-0000-0464-ffff-ffff000006fb","ELEMENT":"00000000-0000-0464-ffff-ffff000006fb"},{"element-6066-11e4-a52e-4f735466cecf":"00000000-0000-0464-ffff-ffff00000701","ELEMENT":"00000000-0000-0464-ffff-ffff00000701"},{"element-6066-11e4-a52e-4f735466cecf":"00000000-0000-0464-ffff-ffff00000707","ELEMENT":"00000000-0000-0464-ffff-ffff00000707"},{"element-6066-11e4-a52e-4f735466cecf":"00000000-0000-0464-ffff-ffff00000711","ELEMENT":"00000000-0000-0464-ffff-ffff00000711"},{"element-6066-11e4-a52e-4f735466cecf":"00000000-0000-0464-ffff-ffff00000717","ELEMENT":"00000000-0000-0464-ffff-ffff00000717"},{"element-6066-11e4-a52e-4f735466cecf":"00000000-0000-0464-ffff-ffff0000071d","ELEMENT":"00000000-0000-0464-ffff-ffff0000071...
&amp#27;[38;5;0m[HTTP]&amp#27;[0m &amp#27;[37m<-- POST /session/a84025fa-87fd-4432-a89c-6e57f823ae73/elements &amp#27;[39m&amp#27;[32m200&amp#27;[39m &amp#27;[90m111 ms - 1291&amp#27;[39m
&amp#27;[38;5;0m[HTTP]&amp#27;[0m &amp#27;[90m&amp#27;[39m
&amp#27;[38;5;0m[HTTP]&amp#27;[0m &amp#27;[37m-->&amp#27;[39m &amp#27;[37mGET&amp#27;[39m &amp#27;[37m/session/a84025fa-87fd-4432-a89c-6e57f823ae73/element/00000000-0000-0464-ffff-ffff00000707/text&amp#27;[39m
&amp#27;[38;5;0m[HTTP]&amp#27;[0m &amp#27;[90m{}&amp#27;[39m
&amp#27;[38;5;32m[AndroidUiautomator2Driver@cb04 (a84025fa)]&amp#27;[0m Driver proxy active, passing request on via HTTP proxy
&amp#27;[38;5;32m[AndroidUiautomator2Driver@cb04 (a84025fa)]&amp#27;[0m Matched '/session/a84025fa-87fd-4432-a89c-6e57f823ae73/element/00000000-0000-0464-ffff-ffff00000707/text' to command name 'getText'
&amp#27;[38;5;32m[AndroidUiautomator2Driver@cb04 (a84025fa)]&amp#27;[0m Proxying [GET /session/a84025fa-87fd-4432-a89c-6e57f823ae73/element/00000000-0000-0464-ffff-ffff00000707/text] to [GET http://127.0.0.1:8209/session/e13e9c10-6759-487b-84e8-6054836a870e/element/00000000-0000-0464-ffff-ffff00000707/text] with no body
&amp#27;[38;5;32m[AndroidUiautomator2Driver@cb04 (a84025fa)]&amp#27;[0m Got response with status 200: {"sessionId":"e13e9c10-6759-487b-84e8-6054836a870e","value":"3rd Down %"}
&amp#27;[38;5;32m[AndroidUiautomator2Driver@cb04 (a84025fa)]&amp#27;[0m Replacing sessionId e13e9c10-6759-487b-84e8-6054836a870e with a84025fa-87fd-4432-a89c-6e57f823ae73
&amp#27;[38;5;0m[HTTP]&amp#27;[0m &amp#27;[37m<-- GET /session/a84025fa-87fd-4432-a89c-6e57f823ae73/element/00000000-0000-0464-ffff-ffff00000707/text &amp#27;[39m&amp#27;[32m200&amp#27;[39m &amp#27;[90m11 ms - 73&amp#27;[39m
&amp#27;[38;5;0m[HTTP]&amp#27;[0m &amp#27;[90m&amp#27;[39m
&amp#27;[38;5;0m[HTTP]&amp#27;[0m &amp#27;[37m-->&amp#27;[39m &amp#27;[37mGET&amp#27;[39m &amp#27;[37m/session/a84025fa-87fd-4432-a89c-6e57f823ae73/context&amp#27;[39m
&amp#27;[38;5;0m[HTTP]&amp#27;[0m &amp#27;[90m{}&amp#27;[39m
&amp#27;[38;5;32m[AndroidUiautomator2Driver@cb04 (a84025fa)]&amp#27;[0m Calling AppiumDriver.getCurrentContext() with args: ["a84025fa-87fd-4432-a89c-6e57f823ae73"]
&amp#27;[38;5;32m[AndroidUiautomator2Driver@cb04 (a84025fa)]&amp#27;[0m Responding to client with driver.getCurrentContext() result: "NATIVE_APP"
&amp#27;[38;5;0m[HTTP]&amp#27;[0m &amp#27;[37m<-- GET /session/a84025fa-87fd-4432-a89c-6e57f823ae73/context &amp#27;[39m&amp#27;[32m200&amp#27;[39m &amp#27;[90m1 ms - 22&amp#27;[39m
&amp#27;[38;5;0m[HTTP]&amp#27;[0m &amp#27;[90m&amp#27;[39m
&amp#27;[38;5;0m[HTTP]&amp#27;[0m &amp#27;[37m-->&amp#27;[39m &amp#27;[37mPOST&amp#27;[39m &amp#27;[37m/session/a84025fa-87fd-4432-a89c-6e57f823ae73/elements&amp#27;[39m
&amp#27;[38;5;0m[HTTP]&amp#27;[0m &amp#27;[90m{"value":"com.fivemobile.thescore:id/text_category_name","using":"id"}&amp#27;[39m
&amp#27;[38;5;32m[AndroidUiautomator2Driver@cb04 (a84025fa)]&amp#27;[0m Calling AppiumDriver.findElements() with args: ["id","com.fivemobile.thescore:id/text_category_name","a84025fa-87fd-4432-a89c-6e57f823ae73"]
&amp#27;[38;5;32m[AndroidUiautomator2Driver@cb04 (a84025fa)]&amp#27;[0m Valid locator strategies for this request: xpath, id, class name, accessibility id, css selector, -android uiautomator
&amp#27;[38;5;32m[AndroidUiautomator2Driver@cb04 (a84025fa)]&amp#27;[0m Waiting up to 10000 ms for condition
&amp#27;[38;5;32m[AndroidUiautomator2Driver@cb04 (a84025fa)]&amp#27;[0m Matched '/elements' to command name 'findElements'
&amp#27;[38;5;32m[AndroidUiautomator2Driver@cb04 (a84025fa)]&amp#27;[0m Proxying [POST /elements] to [POST http://127.0.0.1:8209/session/e13e9c10-6759-487b-84e8-6054836a870e/elements] with body: {"strategy":"id","selector":"com.fivemobile.thescore:id/text_category_name","context":"","multiple":true}
&amp#27;[38;5;32m[AndroidUiautomator2Driver@cb04 (a84025fa)]&amp#27;[0m Got response with status 200: {"sessionId":"e13e9c10-6759-487b-84e8-6054836a870e","value":[{"ELEMENT":"00000000-0000-0464-ffff-ffff000006ef","element-6066-11e4-a52e-4f735466cecf":"00000000-0000-0464-ffff-ffff000006ef"},{"ELEMENT":"00000000-0000-0464-ffff-ffff000006f5","element-6066-11e4-a52e-4f735466cecf":"00000000-0000-0464-ffff-ffff000006f5"},{"ELEMENT":"00000000-0000-0464-ffff-ffff000006fb","element-6066-11e4-a52e-4f735466cecf":"00000000-0000-0464-ffff-ffff000006fb"},{"ELEMENT":"00000000-0000-0464-ffff-ffff00000701","element-6066-11e4-a52e-4f735466cecf":"00000000-0000-0464-ffff-ffff00000701"},{"ELEMENT":"00000000-0000-0464-ffff-ffff00000707","element-6066-11e4-a52e-4f735466cecf":"00000000-0000-0464-ffff-ffff00000707"},{"ELEMENT":"00000000-0000-0464-ffff-ffff00000711","element-6066-11e4-a52e-4f735466cecf":"00000000-0000-0464-ffff-ffff00000711"},{"ELEMENT":"00000000-0000-0464-ffff-ffff00000717","element-6066-11e4-a52e-4f735466cecf":"00000000-0000-0464-ffff-ffff00000717"},{"ELEMENT":"00000000-0000-0464-ffff-ffff0000071d","element-6066-...
&amp#27;[38;5;32m[AndroidUiautomator2Driver@cb04 (a84025fa)]&amp#27;[0m Responding to client with driver.findElements() result: [{"element-6066-11e4-a52e-4f735466cecf":"00000000-0000-0464-ffff-ffff000006ef","ELEMENT":"00000000-0000-0464-ffff-ffff000006ef"},{"element-6066-11e4-a52e-4f735466cecf":"00000000-0000-0464-ffff-ffff000006f5","ELEMENT":"00000000-0000-0464-ffff-ffff000006f5"},{"element-6066-11e4-a52e-4f735466cecf":"00000000-0000-0464-ffff-ffff000006fb","ELEMENT":"00000000-0000-0464-ffff-ffff000006fb"},{"element-6066-11e4-a52e-4f735466cecf":"00000000-0000-0464-ffff-ffff00000701","ELEMENT":"00000000-0000-0464-ffff-ffff00000701"},{"element-6066-11e4-a52e-4f735466cecf":"00000000-0000-0464-ffff-ffff00000707","ELEMENT":"00000000-0000-0464-ffff-ffff00000707"},{"element-6066-11e4-a52e-4f735466cecf":"00000000-0000-0464-ffff-ffff00000711","ELEMENT":"00000000-0000-0464-ffff-ffff00000711"},{"element-6066-11e4-a52e-4f735466cecf":"00000000-0000-0464-ffff-ffff00000717","ELEMENT":"00000000-0000-0464-ffff-ffff00000717"},{"element-6066-11e4-a52e-4f735466cecf":"00000000-0000-0464-ffff-ffff0000071d","ELEMENT":"00000000-0000-0464-ffff-ffff0000071...
&amp#27;[38;5;0m[HTTP]&amp#27;[0m &amp#27;[37m<-- POST /session/a84025fa-87fd-4432-a89c-6e57f823ae73/elements &amp#27;[39m&amp#27;[32m200&amp#27;[39m &amp#27;[90m119 ms - 1291&amp#27;[39m
&amp#27;[38;5;0m[HTTP]&amp#27;[0m &amp#27;[90m&amp#27;[39m
&amp#27;[38;5;0m[HTTP]&amp#27;[0m &amp#27;[37m-->&amp#27;[39m &amp#27;[37mGET&amp#27;[39m &amp#27;[37m/session/a84025fa-87fd-4432-a89c-6e57f823ae73/element/00000000-0000-0464-ffff-ffff00000707/text&amp#27;[39m
&amp#27;[38;5;0m[HTTP]&amp#27;[0m &amp#27;[90m{}&amp#27;[39m
&amp#27;[38;5;32m[AndroidUiautomator2Driver@cb04 (a84025fa)]&amp#27;[0m Driver proxy active, passing request on via HTTP proxy
&amp#27;[38;5;32m[AndroidUiautomator2Driver@cb04 (a84025fa)]&amp#27;[0m Matched '/session/a84025fa-87fd-4432-a89c-6e57f823ae73/element/00000000-0000-0464-ffff-ffff00000707/text' to command name 'getText'
&amp#27;[38;5;32m[AndroidUiautomator2Driver@cb04 (a84025fa)]&amp#27;[0m Proxying [GET /session/a84025fa-87fd-4432-a89c-6e57f823ae73/element/00000000-0000-0464-ffff-ffff00000707/text] to [GET http://127.0.0.1:8209/session/e13e9c10-6759-487b-84e8-6054836a870e/element/00000000-0000-0464-ffff-ffff00000707/text] with no body
&amp#27;[38;5;32m[AndroidUiautomator2Driver@cb04 (a84025fa)]&amp#27;[0m Got response with status 200: {"sessionId":"e13e9c10-6759-487b-84e8-6054836a870e","value":"3rd Down %"}
&amp#27;[38;5;32m[AndroidUiautomator2Driver@cb04 (a84025fa)]&amp#27;[0m Replacing sessionId e13e9c10-6759-487b-84e8-6054836a870e with a84025fa-87fd-4432-a89c-6e57f823ae73
&amp#27;[38;5;0m[HTTP]&amp#27;[0m &amp#27;[37m<-- GET /session/a84025fa-87fd-4432-a89c-6e57f823ae73/element/00000000-0000-0464-ffff-ffff00000707/text &amp#27;[39m&amp#27;[32m200&amp#27;[39m &amp#27;[90m12 ms - 73&amp#27;[39m
&amp#27;[38;5;0m[HTTP]&amp#27;[0m &amp#27;[90m&amp#27;[39m
&amp#27;[38;5;0m[HTTP]&amp#27;[0m &amp#27;[37m-->&amp#27;[39m &amp#27;[37mGET&amp#27;[39m &amp#27;[37m/session/a84025fa-87fd-4432-a89c-6e57f823ae73/context&amp#27;[39m
&amp#27;[38;5;0m[HTTP]&amp#27;[0m &amp#27;[90m{}&amp#27;[39m
&amp#27;[38;5;32m[AndroidUiautomator2Driver@cb04 (a84025fa)]&amp#27;[0m Calling AppiumDriver.getCurrentContext() with args: ["a84025fa-87fd-4432-a89c-6e57f823ae73"]
&amp#27;[38;5;32m[AndroidUiautomator2Driver@cb04 (a84025fa)]&amp#27;[0m Responding to client with driver.getCurrentContext() result: "NATIVE_APP"
&amp#27;[38;5;0m[HTTP]&amp#27;[0m &amp#27;[37m<-- GET /session/a84025fa-87fd-4432-a89c-6e57f823ae73/context &amp#27;[39m&amp#27;[32m200&amp#27;[39m &amp#27;[90m1 ms - 22&amp#27;[39m
&amp#27;[38;5;0m[HTTP]&amp#27;[0m &amp#27;[90m&amp#27;[39m
&amp#27;[38;5;0m[HTTP]&amp#27;[0m &amp#27;[37m-->&amp#27;[39m &amp#27;[37mPOST&amp#27;[39m &amp#27;[37m/session/a84025fa-87fd-4432-a89c-6e57f823ae73/elements&amp#27;[39m
&amp#27;[38;5;0m[HTTP]&amp#27;[0m &amp#27;[90m{"value":"com.fivemobile.thescore:id/text_category_name","using":"id"}&amp#27;[39m
&amp#27;[38;5;32m[AndroidUiautomator2Driver@cb04 (a84025fa)]&amp#27;[0m Calling AppiumDriver.findElements() with args: ["id","com.fivemobile.thescore:id/text_category_name","a84025fa-87fd-4432-a89c-6e57f823ae73"]
&amp#27;[38;5;32m[AndroidUiautomator2Driver@cb04 (a84025fa)]&amp#27;[0m Valid locator strategies for this request: xpath, id, class name, accessibility id, css selector, -android uiautomator
&amp#27;[38;5;32m[AndroidUiautomator2Driver@cb04 (a84025fa)]&amp#27;[0m Waiting up to 10000 ms for condition
&amp#27;[38;5;32m[AndroidUiautomator2Driver@cb04 (a84025fa)]&amp#27;[0m Matched '/elements' to command name 'findElements'
&amp#27;[38;5;32m[AndroidUiautomator2Driver@cb04 (a84025fa)]&amp#27;[0m Proxying [POST /elements] to [POST http://127.0.0.1:8209/session/e13e9c10-6759-487b-84e8-6054836a870e/elements] with body: {"strategy":"id","selector":"com.fivemobile.thescore:id/text_category_name","context":"","multiple":true}
&amp#27;[38;5;32m[AndroidUiautomator2Driver@cb04 (a84025fa)]&amp#27;[0m Got response with status 200: {"sessionId":"e13e9c10-6759-487b-84e8-6054836a870e","value":[{"ELEMENT":"00000000-0000-0464-ffff-ffff000006ef","element-6066-11e4-a52e-4f735466cecf":"00000000-0000-0464-ffff-ffff000006ef"},{"ELEMENT":"00000000-0000-0464-ffff-ffff000006f5","element-6066-11e4-a52e-4f735466cecf":"00000000-0000-0464-ffff-ffff000006f5"},{"ELEMENT":"00000000-0000-0464-ffff-ffff000006fb","element-6066-11e4-a52e-4f735466cecf":"00000000-0000-0464-ffff-ffff000006fb"},{"ELEMENT":"00000000-0000-0464-ffff-ffff00000701","element-6066-11e4-a52e-4f735466cecf":"00000000-0000-0464-ffff-ffff00000701"},{"ELEMENT":"00000000-0000-0464-ffff-ffff00000707","element-6066-11e4-a52e-4f735466cecf":"00000000-0000-0464-ffff-ffff00000707"},{"ELEMENT":"00000000-0000-0464-ffff-ffff00000711","element-6066-11e4-a52e-4f735466cecf":"00000000-0000-0464-ffff-ffff00000711"},{"ELEMENT":"00000000-0000-0464-ffff-ffff00000717","element-6066-11e4-a52e-4f735466cecf":"00000000-0000-0464-ffff-ffff00000717"},{"ELEMENT":"00000000-0000-0464-ffff-ffff0000071d","element-6066-...
&amp#27;[38;5;32m[AndroidUiautomator2Driver@cb04 (a84025fa)]&amp#27;[0m Responding to client with driver.findElements() result: [{"element-6066-11e4-a52e-4f735466cecf":"00000000-0000-0464-ffff-ffff000006ef","ELEMENT":"00000000-0000-0464-ffff-ffff000006ef"},{"element-6066-11e4-a52e-4f735466cecf":"00000000-0000-0464-ffff-ffff000006f5","ELEMENT":"00000000-0000-0464-ffff-ffff000006f5"},{"element-6066-11e4-a52e-4f735466cecf":"00000000-0000-0464-ffff-ffff000006fb","ELEMENT":"00000000-0000-0464-ffff-ffff000006fb"},{"element-6066-11e4-a52e-4f735466cecf":"00000000-0000-0464-ffff-ffff00000701","ELEMENT":"00000000-0000-0464-ffff-ffff00000701"},{"element-6066-11e4-a52e-4f735466cecf":"00000000-0000-0464-ffff-ffff00000707","ELEMENT":"00000000-0000-0464-ffff-ffff00000707"},{"element-6066-11e4-a52e-4f735466cecf":"00000000-0000-0464-ffff-ffff00000711","ELEMENT":"00000000-0000-0464-ffff-ffff00000711"},{"element-6066-11e4-a52e-4f735466cecf":"00000000-0000-0464-ffff-ffff00000717","ELEMENT":"00000000-0000-0464-ffff-ffff00000717"},{"element-6066-11e4-a52e-4f735466cecf":"00000000-0000-0464-ffff-ffff0000071d","ELEMENT":"00000000-0000-0464-ffff-ffff0000071...
&amp#27;[38;5;0m[HTTP]&amp#27;[0m &amp#27;[37m<-- POST /session/a84025fa-87fd-4432-a89c-6e57f823ae73/elements &amp#27;[39m&amp#27;[32m200&amp#27;[39m &amp#27;[90m111 ms - 1291&amp#27;[39m
&amp#27;[38;5;0m[HTTP]&amp#27;[0m &amp#27;[90m&amp#27;[39m
&amp#27;[38;5;0m[HTTP]&amp#27;[0m &amp#27;[37m-->&amp#27;[39m &amp#27;[37mGET&amp#27;[39m &amp#27;[37m/session/a84025fa-87fd-4432-a89c-6e57f823ae73/element/00000000-0000-0464-ffff-ffff00000707/text&amp#27;[39m
&amp#27;[38;5;0m[HTTP]&amp#27;[0m &amp#27;[90m{}&amp#27;[39m
&amp#27;[38;5;32m[AndroidUiautomator2Driver@cb04 (a84025fa)]&amp#27;[0m Driver proxy active, passing request on via HTTP proxy
&amp#27;[38;5;32m[AndroidUiautomator2Driver@cb04 (a84025fa)]&amp#27;[0m Matched '/session/a84025fa-87fd-4432-a89c-6e57f823ae73/element/00000000-0000-0464-ffff-ffff00000707/text' to command name 'getText'
&amp#27;[38;5;32m[AndroidUiautomator2Driver@cb04 (a84025fa)]&amp#27;[0m Proxying [GET /session/a84025fa-87fd-4432-a89c-6e57f823ae73/element/00000000-0000-0464-ffff-ffff00000707/text] to [GET http://127.0.0.1:8209/session/e13e9c10-6759-487b-84e8-6054836a870e/element/00000000-0000-0464-ffff-ffff00000707/text] with no body
&amp#27;[38;5;32m[AndroidUiautomator2Driver@cb04 (a84025fa)]&amp#27;[0m Got response with status 200: {"sessionId":"e13e9c10-6759-487b-84e8-6054836a870e","value":"3rd Down %"}
&amp#27;[38;5;32m[AndroidUiautomator2Driver@cb04 (a84025fa)]&amp#27;[0m Replacing sessionId e13e9c10-6759-487b-84e8-6054836a870e with a84025fa-87fd-4432-a89c-6e57f823ae73
&amp#27;[38;5;0m[HTTP]&amp#27;[0m &amp#27;[37m<-- GET /session/a84025fa-87fd-4432-a89c-6e57f823ae73/element/00000000-0000-0464-ffff-ffff00000707/text &amp#27;[39m&amp#27;[32m200&amp#27;[39m &amp#27;[90m11 ms - 73&amp#27;[39m
&amp#27;[38;5;0m[HTTP]&amp#27;[0m &amp#27;[90m&amp#27;[39m
&amp#27;[38;5;0m[HTTP]&amp#27;[0m &amp#27;[37m-->&amp#27;[39m &amp#27;[37mGET&amp#27;[39m &amp#27;[37m/session/a84025fa-87fd-4432-a89c-6e57f823ae73/context&amp#27;[39m
&amp#27;[38;5;0m[HTTP]&amp#27;[0m &amp#27;[90m{}&amp#27;[39m
&amp#27;[38;5;32m[AndroidUiautomator2Driver@cb04 (a84025fa)]&amp#27;[0m Calling AppiumDriver.getCurrentContext() with args: ["a84025fa-87fd-4432-a89c-6e57f823ae73"]
&amp#27;[38;5;32m[AndroidUiautomator2Driver@cb04 (a84025fa)]&amp#27;[0m Responding to client with driver.getCurrentContext() result: "NATIVE_APP"
&amp#27;[38;5;0m[HTTP]&amp#27;[0m &amp#27;[37m<-- GET /session/a84025fa-87fd-4432-a89c-6e57f823ae73/context &amp#27;[39m&amp#27;[32m200&amp#27;[39m &amp#27;[90m1 ms - 22&amp#27;[39m
&amp#27;[38;5;0m[HTTP]&amp#27;[0m &amp#27;[90m&amp#27;[39m
&amp#27;[38;5;0m[HTTP]&amp#27;[0m &amp#27;[37m-->&amp#27;[39m &amp#27;[37mPOST&amp#27;[39m &amp#27;[37m/session/a84025fa-87fd-4432-a89c-6e57f823ae73/elements&amp#27;[39m
&amp#27;[38;5;0m[HTTP]&amp#27;[0m &amp#27;[90m{"value":"com.fivemobile.thescore:id/text_category_name","using":"id"}&amp#27;[39m
&amp#27;[38;5;32m[AndroidUiautomator2Driver@cb04 (a84025fa)]&amp#27;[0m Calling AppiumDriver.findElements() with args: ["id","com.fivemobile.thescore:id/text_category_name","a84025fa-87fd-4432-a89c-6e57f823ae73"]
&amp#27;[38;5;32m[AndroidUiautomator2Driver@cb04 (a84025fa)]&amp#27;[0m Valid locator strategies for this request: xpath, id, class name, accessibility id, css selector, -android uiautomator
&amp#27;[38;5;32m[AndroidUiautomator2Driver@cb04 (a84025fa)]&amp#27;[0m Waiting up to 10000 ms for condition
&amp#27;[38;5;32m[AndroidUiautomator2Driver@cb04 (a84025fa)]&amp#27;[0m Matched '/elements' to command name 'findElements'
&amp#27;[38;5;32m[AndroidUiautomator2Driver@cb04 (a84025fa)]&amp#27;[0m Proxying [POST /elements] to [POST http://127.0.0.1:8209/session/e13e9c10-6759-487b-84e8-6054836a870e/elements] with body: {"strategy":"id","selector":"com.fivemobile.thescore:id/text_category_name","context":"","multiple":true}
&amp#27;[38;5;32m[AndroidUiautomator2Driver@cb04 (a84025fa)]&amp#27;[0m Got response with status 200: {"sessionId":"e13e9c10-6759-487b-84e8-6054836a870e","value":[{"ELEMENT":"00000000-0000-0464-ffff-ffff000006ef","element-6066-11e4-a52e-4f735466cecf":"00000000-0000-0464-ffff-ffff000006ef"},{"ELEMENT":"00000000-0000-0464-ffff-ffff000006f5","element-6066-11e4-a52e-4f735466cecf":"00000000-0000-0464-ffff-ffff000006f5"},{"ELEMENT":"00000000-0000-0464-ffff-ffff000006fb","element-6066-11e4-a52e-4f735466cecf":"00000000-0000-0464-ffff-ffff000006fb"},{"ELEMENT":"00000000-0000-0464-ffff-ffff00000701","element-6066-11e4-a52e-4f735466cecf":"00000000-0000-0464-ffff-ffff00000701"},{"ELEMENT":"00000000-0000-0464-ffff-ffff00000707","element-6066-11e4-a52e-4f735466cecf":"00000000-0000-0464-ffff-ffff00000707"},{"ELEMENT":"00000000-0000-0464-ffff-ffff00000711","element-6066-11e4-a52e-4f735466cecf":"00000000-0000-0464-ffff-ffff00000711"},{"ELEMENT":"00000000-0000-0464-ffff-ffff00000717","element-6066-11e4-a52e-4f735466cecf":"00000000-0000-0464-ffff-ffff00000717"},{"ELEMENT":"00000000-0000-0464-ffff-ffff0000071d","element-6066-...
&amp#27;[38;5;32m[AndroidUiautomator2Driver@cb04 (a84025fa)]&amp#27;[0m Responding to client with driver.findElements() result: [{"element-6066-11e4-a52e-4f735466cecf":"00000000-0000-0464-ffff-ffff000006ef","ELEMENT":"00000000-0000-0464-ffff-ffff000006ef"},{"element-6066-11e4-a52e-4f735466cecf":"00000000-0000-0464-ffff-ffff000006f5","ELEMENT":"00000000-0000-0464-ffff-ffff000006f5"},{"element-6066-11e4-a52e-4f735466cecf":"00000000-0000-0464-ffff-ffff000006fb","ELEMENT":"00000000-0000-0464-ffff-ffff000006fb"},{"element-6066-11e4-a52e-4f735466cecf":"00000000-0000-0464-ffff-ffff00000701","ELEMENT":"00000000-0000-0464-ffff-ffff00000701"},{"element-6066-11e4-a52e-4f735466cecf":"00000000-0000-0464-ffff-ffff00000707","ELEMENT":"00000000-0000-0464-ffff-ffff00000707"},{"element-6066-11e4-a52e-4f735466cecf":"00000000-0000-0464-ffff-ffff00000711","ELEMENT":"00000000-0000-0464-ffff-ffff00000711"},{"element-6066-11e4-a52e-4f735466cecf":"00000000-0000-0464-ffff-ffff00000717","ELEMENT":"00000000-0000-0464-ffff-ffff00000717"},{"element-6066-11e4-a52e-4f735466cecf":"00000000-0000-0464-ffff-ffff0000071d","ELEMENT":"00000000-0000-0464-ffff-ffff0000071...
&amp#27;[38;5;0m[HTTP]&amp#27;[0m &amp#27;[37m<-- POST /session/a84025fa-87fd-4432-a89c-6e57f823ae73/elements &amp#27;[39m&amp#27;[32m200&amp#27;[39m &amp#27;[90m115 ms - 1291&amp#27;[39m
&amp#27;[38;5;0m[HTTP]&amp#27;[0m &amp#27;[90m&amp#27;[39m
&amp#27;[38;5;0m[HTTP]&amp#27;[0m &amp#27;[37m-->&amp#27;[39m &amp#27;[37mGET&amp#27;[39m &amp#27;[37m/session/a84025fa-87fd-4432-a89c-6e57f823ae73/element/00000000-0000-0464-ffff-ffff00000707/text&amp#27;[39m
&amp#27;[38;5;0m[HTTP]&amp#27;[0m &amp#27;[90m{}&amp#27;[39m
&amp#27;[38;5;32m[AndroidUiautomator2Driver@cb04 (a84025fa)]&amp#27;[0m Driver proxy active, passing request on via HTTP proxy
&amp#27;[38;5;32m[AndroidUiautomator2Driver@cb04 (a84025fa)]&amp#27;[0m Matched '/session/a84025fa-87fd-4432-a89c-6e57f823ae73/element/00000000-0000-0464-ffff-ffff00000707/text' to command name 'getText'
&amp#27;[38;5;32m[AndroidUiautomator2Driver@cb04 (a84025fa)]&amp#27;[0m Proxying [GET /session/a84025fa-87fd-4432-a89c-6e57f823ae73/element/00000000-0000-0464-ffff-ffff00000707/text] to [GET http://127.0.0.1:8209/session/e13e9c10-6759-487b-84e8-6054836a870e/element/00000000-0000-0464-ffff-ffff00000707/text] with no body
&amp#27;[38;5;32m[AndroidUiautomator2Driver@cb04 (a84025fa)]&amp#27;[0m Got response with status 200: {"sessionId":"e13e9c10-6759-487b-84e8-6054836a870e","value":"3rd Down %"}
&amp#27;[38;5;32m[AndroidUiautomator2Driver@cb04 (a84025fa)]&amp#27;[0m Replacing sessionId e13e9c10-6759-487b-84e8-6054836a870e with a84025fa-87fd-4432-a89c-6e57f823ae73
&amp#27;[38;5;0m[HTTP]&amp#27;[0m &amp#27;[37m<-- GET /session/a84025fa-87fd-4432-a89c-6e57f823ae73/element/00000000-0000-0464-ffff-ffff00000707/text &amp#27;[39m&amp#27;[32m200&amp#27;[39m &amp#27;[90m11 ms - 73&amp#27;[39m
&amp#27;[38;5;0m[HTTP]&amp#27;[0m &amp#27;[90m&amp#27;[39m
Text displayed: 3rd Down %
&amp#27;[38;5;0m[HTTP]&amp#27;[0m &amp#27;[37m-->&amp#27;[39m &amp#27;[37mGET&amp#27;[39m &amp#27;[37m/session/a84025fa-87fd-4432-a89c-6e57f823ae73/context&amp#27;[39m
&amp#27;[38;5;0m[HTTP]&amp#27;[0m &amp#27;[90m{}&amp#27;[39m
&amp#27;[38;5;32m[AndroidUiautomator2Driver@cb04 (a84025fa)]&amp#27;[0m Calling AppiumDriver.getCurrentContext() with args: ["a84025fa-87fd-4432-a89c-6e57f823ae73"]
&amp#27;[38;5;32m[AndroidUiautomator2Driver@cb04 (a84025fa)]&amp#27;[0m Responding to client with driver.getCurrentContext() result: "NATIVE_APP"
&amp#27;[38;5;0m[HTTP]&amp#27;[0m &amp#27;[37m<-- GET /session/a84025fa-87fd-4432-a89c-6e57f823ae73/context &amp#27;[39m&amp#27;[32m200&amp#27;[39m &amp#27;[90m1 ms - 22&amp#27;[39m
&amp#27;[38;5;0m[HTTP]&amp#27;[0m &amp#27;[90m&amp#27;[39m
&amp#27;[38;5;0m[HTTP]&amp#27;[0m &amp#27;[37m-->&amp#27;[39m &amp#27;[37mPOST&amp#27;[39m &amp#27;[37m/session/a84025fa-87fd-4432-a89c-6e57f823ae73/elements&amp#27;[39m
&amp#27;[38;5;0m[HTTP]&amp#27;[0m &amp#27;[90m{"value":"com.fivemobile.thescore:id/text_category_name","using":"id"}&amp#27;[39m
&amp#27;[38;5;32m[AndroidUiautomator2Driver@cb04 (a84025fa)]&amp#27;[0m Calling AppiumDriver.findElements() with args: ["id","com.fivemobile.thescore:id/text_category_name","a84025fa-87fd-4432-a89c-6e57f823ae73"]
&amp#27;[38;5;32m[AndroidUiautomator2Driver@cb04 (a84025fa)]&amp#27;[0m Valid locator strategies for this request: xpath, id, class name, accessibility id, css selector, -android uiautomator
&amp#27;[38;5;32m[AndroidUiautomator2Driver@cb04 (a84025fa)]&amp#27;[0m Waiting up to 10000 ms for condition
&amp#27;[38;5;32m[AndroidUiautomator2Driver@cb04 (a84025fa)]&amp#27;[0m Matched '/elements' to command name 'findElements'
&amp#27;[38;5;32m[AndroidUiautomator2Driver@cb04 (a84025fa)]&amp#27;[0m Proxying [POST /elements] to [POST http://127.0.0.1:8209/session/e13e9c10-6759-487b-84e8-6054836a870e/elements] with body: {"strategy":"id","selector":"com.fivemobile.thescore:id/text_category_name","context":"","multiple":true}
&amp#27;[38;5;32m[AndroidUiautomator2Driver@cb04 (a84025fa)]&amp#27;[0m Got response with status 200: {"sessionId":"e13e9c10-6759-487b-84e8-6054836a870e","value":[{"ELEMENT":"00000000-0000-0464-ffff-ffff000006ef","element-6066-11e4-a52e-4f735466cecf":"00000000-0000-0464-ffff-ffff000006ef"},{"ELEMENT":"00000000-0000-0464-ffff-ffff000006f5","element-6066-11e4-a52e-4f735466cecf":"00000000-0000-0464-ffff-ffff000006f5"},{"ELEMENT":"00000000-0000-0464-ffff-ffff000006fb","element-6066-11e4-a52e-4f735466cecf":"00000000-0000-0464-ffff-ffff000006fb"},{"ELEMENT":"00000000-0000-0464-ffff-ffff00000701","element-6066-11e4-a52e-4f735466cecf":"00000000-0000-0464-ffff-ffff00000701"},{"ELEMENT":"00000000-0000-0464-ffff-ffff00000707","element-6066-11e4-a52e-4f735466cecf":"00000000-0000-0464-ffff-ffff00000707"},{"ELEMENT":"00000000-0000-0464-ffff-ffff00000711","element-6066-11e4-a52e-4f735466cecf":"00000000-0000-0464-ffff-ffff00000711"},{"ELEMENT":"00000000-0000-0464-ffff-ffff00000717","element-6066-11e4-a52e-4f735466cecf":"00000000-0000-0464-ffff-ffff00000717"},{"ELEMENT":"00000000-0000-0464-ffff-ffff0000071d","element-6066-...
&amp#27;[38;5;32m[AndroidUiautomator2Driver@cb04 (a84025fa)]&amp#27;[0m Responding to client with driver.findElements() result: [{"element-6066-11e4-a52e-4f735466cecf":"00000000-0000-0464-ffff-ffff000006ef","ELEMENT":"00000000-0000-0464-ffff-ffff000006ef"},{"element-6066-11e4-a52e-4f735466cecf":"00000000-0000-0464-ffff-ffff000006f5","ELEMENT":"00000000-0000-0464-ffff-ffff000006f5"},{"element-6066-11e4-a52e-4f735466cecf":"00000000-0000-0464-ffff-ffff000006fb","ELEMENT":"00000000-0000-0464-ffff-ffff000006fb"},{"element-6066-11e4-a52e-4f735466cecf":"00000000-0000-0464-ffff-ffff00000701","ELEMENT":"00000000-0000-0464-ffff-ffff00000701"},{"element-6066-11e4-a52e-4f735466cecf":"00000000-0000-0464-ffff-ffff00000707","ELEMENT":"00000000-0000-0464-ffff-ffff00000707"},{"element-6066-11e4-a52e-4f735466cecf":"00000000-0000-0464-ffff-ffff00000711","ELEMENT":"00000000-0000-0464-ffff-ffff00000711"},{"element-6066-11e4-a52e-4f735466cecf":"00000000-0000-0464-ffff-ffff00000717","ELEMENT":"00000000-0000-0464-ffff-ffff00000717"},{"element-6066-11e4-a52e-4f735466cecf":"00000000-0000-0464-ffff-ffff0000071d","ELEMENT":"00000000-0000-0464-ffff-ffff0000071...
&amp#27;[38;5;0m[HTTP]&amp#27;[0m &amp#27;[37m<-- POST /session/a84025fa-87fd-4432-a89c-6e57f823ae73/elements &amp#27;[39m&amp#27;[32m200&amp#27;[39m &amp#27;[90m92 ms - 1291&amp#27;[39m
&amp#27;[38;5;0m[HTTP]&amp#27;[0m &amp#27;[90m&amp#27;[39m
&amp#27;[38;5;0m[HTTP]&amp#27;[0m &amp#27;[37m-->&amp#27;[39m &amp#27;[37mGET&amp#27;[39m &amp#27;[37m/session/a84025fa-87fd-4432-a89c-6e57f823ae73/context&amp#27;[39m
&amp#27;[38;5;0m[HTTP]&amp#27;[0m &amp#27;[90m{}&amp#27;[39m
&amp#27;[38;5;32m[AndroidUiautomator2Driver@cb04 (a84025fa)]&amp#27;[0m Calling AppiumDriver.getCurrentContext() with args: ["a84025fa-87fd-4432-a89c-6e57f823ae73"]
&amp#27;[38;5;32m[AndroidUiautomator2Driver@cb04 (a84025fa)]&amp#27;[0m Responding to client with driver.getCurrentContext() result: "NATIVE_APP"
&amp#27;[38;5;0m[HTTP]&amp#27;[0m &amp#27;[37m<-- GET /session/a84025fa-87fd-4432-a89c-6e57f823ae73/context &amp#27;[39m&amp#27;[32m200&amp#27;[39m &amp#27;[90m1 ms - 22&amp#27;[39m
&amp#27;[38;5;0m[HTTP]&amp#27;[0m &amp#27;[90m&amp#27;[39m
&amp#27;[38;5;0m[HTTP]&amp#27;[0m &amp#27;[37m-->&amp#27;[39m &amp#27;[37mPOST&amp#27;[39m &amp#27;[37m/session/a84025fa-87fd-4432-a89c-6e57f823ae73/elements&amp#27;[39m
&amp#27;[38;5;0m[HTTP]&amp#27;[0m &amp#27;[90m{"value":"com.fivemobile.thescore:id/text_category_name","using":"id"}&amp#27;[39m
&amp#27;[38;5;32m[AndroidUiautomator2Driver@cb04 (a84025fa)]&amp#27;[0m Calling AppiumDriver.findElements() with args: ["id","com.fivemobile.thescore:id/text_category_name","a84025fa-87fd-4432-a89c-6e57f823ae73"]
&amp#27;[38;5;32m[AndroidUiautomator2Driver@cb04 (a84025fa)]&amp#27;[0m Valid locator strategies for this request: xpath, id, class name, accessibility id, css selector, -android uiautomator
&amp#27;[38;5;32m[AndroidUiautomator2Driver@cb04 (a84025fa)]&amp#27;[0m Waiting up to 10000 ms for condition
&amp#27;[38;5;32m[AndroidUiautomator2Driver@cb04 (a84025fa)]&amp#27;[0m Matched '/elements' to command name 'findElements'
&amp#27;[38;5;32m[AndroidUiautomator2Driver@cb04 (a84025fa)]&amp#27;[0m Proxying [POST /elements] to [POST http://127.0.0.1:8209/session/e13e9c10-6759-487b-84e8-6054836a870e/elements] with body: {"strategy":"id","selector":"com.fivemobile.thescore:id/text_category_name","context":"","multiple":true}
&amp#27;[38;5;32m[AndroidUiautomator2Driver@cb04 (a84025fa)]&amp#27;[0m Got response with status 200: {"sessionId":"e13e9c10-6759-487b-84e8-6054836a870e","value":[{"ELEMENT":"00000000-0000-0464-ffff-ffff000006ef","element-6066-11e4-a52e-4f735466cecf":"00000000-0000-0464-ffff-ffff000006ef"},{"ELEMENT":"00000000-0000-0464-ffff-ffff000006f5","element-6066-11e4-a52e-4f735466cecf":"00000000-0000-0464-ffff-ffff000006f5"},{"ELEMENT":"00000000-0000-0464-ffff-ffff000006fb","element-6066-11e4-a52e-4f735466cecf":"00000000-0000-0464-ffff-ffff000006fb"},{"ELEMENT":"00000000-0000-0464-ffff-ffff00000701","element-6066-11e4-a52e-4f735466cecf":"00000000-0000-0464-ffff-ffff00000701"},{"ELEMENT":"00000000-0000-0464-ffff-ffff00000707","element-6066-11e4-a52e-4f735466cecf":"00000000-0000-0464-ffff-ffff00000707"},{"ELEMENT":"00000000-0000-0464-ffff-ffff00000711","element-6066-11e4-a52e-4f735466cecf":"00000000-0000-0464-ffff-ffff00000711"},{"ELEMENT":"00000000-0000-0464-ffff-ffff00000717","element-6066-11e4-a52e-4f735466cecf":"00000000-0000-0464-ffff-ffff00000717"},{"ELEMENT":"00000000-0000-0464-ffff-ffff0000071d","element-6066-...
&amp#27;[38;5;32m[AndroidUiautomator2Driver@cb04 (a84025fa)]&amp#27;[0m Responding to client with driver.findElements() result: [{"element-6066-11e4-a52e-4f735466cecf":"00000000-0000-0464-ffff-ffff000006ef","ELEMENT":"00000000-0000-0464-ffff-ffff000006ef"},{"element-6066-11e4-a52e-4f735466cecf":"00000000-0000-0464-ffff-ffff000006f5","ELEMENT":"00000000-0000-0464-ffff-ffff000006f5"},{"element-6066-11e4-a52e-4f735466cecf":"00000000-0000-0464-ffff-ffff000006fb","ELEMENT":"00000000-0000-0464-ffff-ffff000006fb"},{"element-6066-11e4-a52e-4f735466cecf":"00000000-0000-0464-ffff-ffff00000701","ELEMENT":"00000000-0000-0464-ffff-ffff00000701"},{"element-6066-11e4-a52e-4f735466cecf":"00000000-0000-0464-ffff-ffff00000707","ELEMENT":"00000000-0000-0464-ffff-ffff00000707"},{"element-6066-11e4-a52e-4f735466cecf":"00000000-0000-0464-ffff-ffff00000711","ELEMENT":"00000000-0000-0464-ffff-ffff00000711"},{"element-6066-11e4-a52e-4f735466cecf":"00000000-0000-0464-ffff-ffff00000717","ELEMENT":"00000000-0000-0464-ffff-ffff00000717"},{"element-6066-11e4-a52e-4f735466cecf":"00000000-0000-0464-ffff-ffff0000071d","ELEMENT":"00000000-0000-0464-ffff-ffff0000071...
&amp#27;[38;5;0m[HTTP]&amp#27;[0m &amp#27;[37m<-- POST /session/a84025fa-87fd-4432-a89c-6e57f823ae73/elements &amp#27;[39m&amp#27;[32m200&amp#27;[39m &amp#27;[90m120 ms - 1291&amp#27;[39m
&amp#27;[38;5;0m[HTTP]&amp#27;[0m &amp#27;[90m&amp#27;[39m
&amp#27;[38;5;0m[HTTP]&amp#27;[0m &amp#27;[37m-->&amp#27;[39m &amp#27;[37mGET&amp#27;[39m &amp#27;[37m/session/a84025fa-87fd-4432-a89c-6e57f823ae73/element/00000000-0000-0464-ffff-ffff00000711/text&amp#27;[39m
&amp#27;[38;5;0m[HTTP]&amp#27;[0m &amp#27;[90m{}&amp#27;[39m
&amp#27;[38;5;32m[AndroidUiautomator2Driver@cb04 (a84025fa)]&amp#27;[0m Driver proxy active, passing request on via HTTP proxy
&amp#27;[38;5;32m[AndroidUiautomator2Driver@cb04 (a84025fa)]&amp#27;[0m Matched '/session/a84025fa-87fd-4432-a89c-6e57f823ae73/element/00000000-0000-0464-ffff-ffff00000711/text' to command name 'getText'
&amp#27;[38;5;32m[AndroidUiautomator2Driver@cb04 (a84025fa)]&amp#27;[0m Proxying [GET /session/a84025fa-87fd-4432-a89c-6e57f823ae73/element/00000000-0000-0464-ffff-ffff00000711/text] to [GET http://127.0.0.1:8209/session/e13e9c10-6759-487b-84e8-6054836a870e/element/00000000-0000-0464-ffff-ffff00000711/text] with no body
&amp#27;[38;5;32m[AndroidUiautomator2Driver@cb04 (a84025fa)]&amp#27;[0m Got response with status 200: {"sessionId":"e13e9c10-6759-487b-84e8-6054836a870e","value":"Total Yards"}
&amp#27;[38;5;32m[AndroidUiautomator2Driver@cb04 (a84025fa)]&amp#27;[0m Replacing sessionId e13e9c10-6759-487b-84e8-6054836a870e with a84025fa-87fd-4432-a89c-6e57f823ae73
&amp#27;[38;5;0m[HTTP]&amp#27;[0m &amp#27;[37m<-- GET /session/a84025fa-87fd-4432-a89c-6e57f823ae73/element/00000000-0000-0464-ffff-ffff00000711/text &amp#27;[39m&amp#27;[32m200&amp#27;[39m &amp#27;[90m11 ms - 74&amp#27;[39m
&amp#27;[38;5;0m[HTTP]&amp#27;[0m &amp#27;[90m&amp#27;[39m
&amp#27;[38;5;0m[HTTP]&amp#27;[0m &amp#27;[37m-->&amp#27;[39m &amp#27;[37mGET&amp#27;[39m &amp#27;[37m/session/a84025fa-87fd-4432-a89c-6e57f823ae73/context&amp#27;[39m
&amp#27;[38;5;0m[HTTP]&amp#27;[0m &amp#27;[90m{}&amp#27;[39m
&amp#27;[38;5;32m[AndroidUiautomator2Driver@cb04 (a84025fa)]&amp#27;[0m Calling AppiumDriver.getCurrentContext() with args: ["a84025fa-87fd-4432-a89c-6e57f823ae73"]
&amp#27;[38;5;32m[AndroidUiautomator2Driver@cb04 (a84025fa)]&amp#27;[0m Responding to client with driver.getCurrentContext() result: "NATIVE_APP"
&amp#27;[38;5;0m[HTTP]&amp#27;[0m &amp#27;[37m<-- GET /session/a84025fa-87fd-4432-a89c-6e57f823ae73/context &amp#27;[39m&amp#27;[32m200&amp#27;[39m &amp#27;[90m1 ms - 22&amp#27;[39m
&amp#27;[38;5;0m[HTTP]&amp#27;[0m &amp#27;[90m&amp#27;[39m
&amp#27;[38;5;0m[HTTP]&amp#27;[0m &amp#27;[37m-->&amp#27;[39m &amp#27;[37mPOST&amp#27;[39m &amp#27;[37m/session/a84025fa-87fd-4432-a89c-6e57f823ae73/elements&amp#27;[39m
&amp#27;[38;5;0m[HTTP]&amp#27;[0m &amp#27;[90m{"value":"com.fivemobile.thescore:id/text_category_name","using":"id"}&amp#27;[39m
&amp#27;[38;5;32m[AndroidUiautomator2Driver@cb04 (a84025fa)]&amp#27;[0m Calling AppiumDriver.findElements() with args: ["id","com.fivemobile.thescore:id/text_category_name","a84025fa-87fd-4432-a89c-6e57f823ae73"]
&amp#27;[38;5;32m[AndroidUiautomator2Driver@cb04 (a84025fa)]&amp#27;[0m Valid locator strategies for this request: xpath, id, class name, accessibility id, css selector, -android uiautomator
&amp#27;[38;5;32m[AndroidUiautomator2Driver@cb04 (a84025fa)]&amp#27;[0m Waiting up to 10000 ms for condition
&amp#27;[38;5;32m[AndroidUiautomator2Driver@cb04 (a84025fa)]&amp#27;[0m Matched '/elements' to command name 'findElements'
&amp#27;[38;5;32m[AndroidUiautomator2Driver@cb04 (a84025fa)]&amp#27;[0m Proxying [POST /elements] to [POST http://127.0.0.1:8209/session/e13e9c10-6759-487b-84e8-6054836a870e/elements] with body: {"strategy":"id","selector":"com.fivemobile.thescore:id/text_category_name","context":"","multiple":true}
&amp#27;[38;5;32m[AndroidUiautomator2Driver@cb04 (a84025fa)]&amp#27;[0m Got response with status 200: {"sessionId":"e13e9c10-6759-487b-84e8-6054836a870e","value":[{"ELEMENT":"00000000-0000-0464-ffff-ffff000006ef","element-6066-11e4-a52e-4f735466cecf":"00000000-0000-0464-ffff-ffff000006ef"},{"ELEMENT":"00000000-0000-0464-ffff-ffff000006f5","element-6066-11e4-a52e-4f735466cecf":"00000000-0000-0464-ffff-ffff000006f5"},{"ELEMENT":"00000000-0000-0464-ffff-ffff000006fb","element-6066-11e4-a52e-4f735466cecf":"00000000-0000-0464-ffff-ffff000006fb"},{"ELEMENT":"00000000-0000-0464-ffff-ffff00000701","element-6066-11e4-a52e-4f735466cecf":"00000000-0000-0464-ffff-ffff00000701"},{"ELEMENT":"00000000-0000-0464-ffff-ffff00000707","element-6066-11e4-a52e-4f735466cecf":"00000000-0000-0464-ffff-ffff00000707"},{"ELEMENT":"00000000-0000-0464-ffff-ffff00000711","element-6066-11e4-a52e-4f735466cecf":"00000000-0000-0464-ffff-ffff00000711"},{"ELEMENT":"00000000-0000-0464-ffff-ffff00000717","element-6066-11e4-a52e-4f735466cecf":"00000000-0000-0464-ffff-ffff00000717"},{"ELEMENT":"00000000-0000-0464-ffff-ffff0000071d","element-6066-...
&amp#27;[38;5;32m[AndroidUiautomator2Driver@cb04 (a84025fa)]&amp#27;[0m Responding to client with driver.findElements() result: [{"element-6066-11e4-a52e-4f735466cecf":"00000000-0000-0464-ffff-ffff000006ef","ELEMENT":"00000000-0000-0464-ffff-ffff000006ef"},{"element-6066-11e4-a52e-4f735466cecf":"00000000-0000-0464-ffff-ffff000006f5","ELEMENT":"00000000-0000-0464-ffff-ffff000006f5"},{"element-6066-11e4-a52e-4f735466cecf":"00000000-0000-0464-ffff-ffff000006fb","ELEMENT":"00000000-0000-0464-ffff-ffff000006fb"},{"element-6066-11e4-a52e-4f735466cecf":"00000000-0000-0464-ffff-ffff00000701","ELEMENT":"00000000-0000-0464-ffff-ffff00000701"},{"element-6066-11e4-a52e-4f735466cecf":"00000000-0000-0464-ffff-ffff00000707","ELEMENT":"00000000-0000-0464-ffff-ffff00000707"},{"element-6066-11e4-a52e-4f735466cecf":"00000000-0000-0464-ffff-ffff00000711","ELEMENT":"00000000-0000-0464-ffff-ffff00000711"},{"element-6066-11e4-a52e-4f735466cecf":"00000000-0000-0464-ffff-ffff00000717","ELEMENT":"00000000-0000-0464-ffff-ffff00000717"},{"element-6066-11e4-a52e-4f735466cecf":"00000000-0000-0464-ffff-ffff0000071d","ELEMENT":"00000000-0000-0464-ffff-ffff0000071...
&amp#27;[38;5;0m[HTTP]&amp#27;[0m &amp#27;[37m<-- POST /session/a84025fa-87fd-4432-a89c-6e57f823ae73/elements &amp#27;[39m&amp#27;[32m200&amp#27;[39m &amp#27;[90m100 ms - 1291&amp#27;[39m
&amp#27;[38;5;0m[HTTP]&amp#27;[0m &amp#27;[90m&amp#27;[39m
&amp#27;[38;5;0m[HTTP]&amp#27;[0m &amp#27;[37m-->&amp#27;[39m &amp#27;[37mGET&amp#27;[39m &amp#27;[37m/session/a84025fa-87fd-4432-a89c-6e57f823ae73/element/00000000-0000-0464-ffff-ffff00000711/text&amp#27;[39m
&amp#27;[38;5;0m[HTTP]&amp#27;[0m &amp#27;[90m{}&amp#27;[39m
&amp#27;[38;5;32m[AndroidUiautomator2Driver@cb04 (a84025fa)]&amp#27;[0m Driver proxy active, passing request on via HTTP proxy
&amp#27;[38;5;32m[AndroidUiautomator2Driver@cb04 (a84025fa)]&amp#27;[0m Matched '/session/a84025fa-87fd-4432-a89c-6e57f823ae73/element/00000000-0000-0464-ffff-ffff00000711/text' to command name 'getText'
&amp#27;[38;5;32m[AndroidUiautomator2Driver@cb04 (a84025fa)]&amp#27;[0m Proxying [GET /session/a84025fa-87fd-4432-a89c-6e57f823ae73/element/00000000-0000-0464-ffff-ffff00000711/text] to [GET http://127.0.0.1:8209/session/e13e9c10-6759-487b-84e8-6054836a870e/element/00000000-0000-0464-ffff-ffff00000711/text] with no body
&amp#27;[38;5;32m[AndroidUiautomator2Driver@cb04 (a84025fa)]&amp#27;[0m Got response with status 200: {"sessionId":"e13e9c10-6759-487b-84e8-6054836a870e","value":"Total Yards"}
&amp#27;[38;5;32m[AndroidUiautomator2Driver@cb04 (a84025fa)]&amp#27;[0m Replacing sessionId e13e9c10-6759-487b-84e8-6054836a870e with a84025fa-87fd-4432-a89c-6e57f823ae73
&amp#27;[38;5;0m[HTTP]&amp#27;[0m &amp#27;[37m<-- GET /session/a84025fa-87fd-4432-a89c-6e57f823ae73/element/00000000-0000-0464-ffff-ffff00000711/text &amp#27;[39m&amp#27;[32m200&amp#27;[39m &amp#27;[90m14 ms - 74&amp#27;[39m
&amp#27;[38;5;0m[HTTP]&amp#27;[0m &amp#27;[90m&amp#27;[39m
Text displayed: Total Yards
&amp#27;[38;5;0m[HTTP]&amp#27;[0m &amp#27;[37m-->&amp#27;[39m &amp#27;[37mGET&amp#27;[39m &amp#27;[37m/session/a84025fa-87fd-4432-a89c-6e57f823ae73/context&amp#27;[39m
&amp#27;[38;5;0m[HTTP]&amp#27;[0m &amp#27;[90m{}&amp#27;[39m
&amp#27;[38;5;32m[AndroidUiautomator2Driver@cb04 (a84025fa)]&amp#27;[0m Calling AppiumDriver.getCurrentContext() with args: ["a84025fa-87fd-4432-a89c-6e57f823ae73"]
&amp#27;[38;5;32m[AndroidUiautomator2Driver@cb04 (a84025fa)]&amp#27;[0m Responding to client with driver.getCurrentContext() result: "NATIVE_APP"
&amp#27;[38;5;0m[HTTP]&amp#27;[0m &amp#27;[37m<-- GET /session/a84025fa-87fd-4432-a89c-6e57f823ae73/context &amp#27;[39m&amp#27;[32m200&amp#27;[39m &amp#27;[90m1 ms - 22&amp#27;[39m
&amp#27;[38;5;0m[HTTP]&amp#27;[0m &amp#27;[90m&amp#27;[39m
&amp#27;[38;5;0m[HTTP]&amp#27;[0m &amp#27;[37m-->&amp#27;[39m &amp#27;[37mPOST&amp#27;[39m &amp#27;[37m/session/a84025fa-87fd-4432-a89c-6e57f823ae73/elements&amp#27;[39m
&amp#27;[38;5;0m[HTTP]&amp#27;[0m &amp#27;[90m{"value":"com.fivemobile.thescore:id/text_category_name","using":"id"}&amp#27;[39m
&amp#27;[38;5;32m[AndroidUiautomator2Driver@cb04 (a84025fa)]&amp#27;[0m Calling AppiumDriver.findElements() with args: ["id","com.fivemobile.thescore:id/text_category_name","a84025fa-87fd-4432-a89c-6e57f823ae73"]
&amp#27;[38;5;32m[AndroidUiautomator2Driver@cb04 (a84025fa)]&amp#27;[0m Valid locator strategies for this request: xpath, id, class name, accessibility id, css selector, -android uiautomator
&amp#27;[38;5;32m[AndroidUiautomator2Driver@cb04 (a84025fa)]&amp#27;[0m Waiting up to 10000 ms for condition
&amp#27;[38;5;32m[AndroidUiautomator2Driver@cb04 (a84025fa)]&amp#27;[0m Matched '/elements' to command name 'findElements'
&amp#27;[38;5;32m[AndroidUiautomator2Driver@cb04 (a84025fa)]&amp#27;[0m Proxying [POST /elements] to [POST http://127.0.0.1:8209/session/e13e9c10-6759-487b-84e8-6054836a870e/elements] with body: {"strategy":"id","selector":"com.fivemobile.thescore:id/text_category_name","context":"","multiple":true}
&amp#27;[38;5;32m[AndroidUiautomator2Driver@cb04 (a84025fa)]&amp#27;[0m Got response with status 200: {"sessionId":"e13e9c10-6759-487b-84e8-6054836a870e","value":[{"ELEMENT":"00000000-0000-0464-ffff-ffff000006ef","element-6066-11e4-a52e-4f735466cecf":"00000000-0000-0464-ffff-ffff000006ef"},{"ELEMENT":"00000000-0000-0464-ffff-ffff000006f5","element-6066-11e4-a52e-4f735466cecf":"00000000-0000-0464-ffff-ffff000006f5"},{"ELEMENT":"00000000-0000-0464-ffff-ffff000006fb","element-6066-11e4-a52e-4f735466cecf":"00000000-0000-0464-ffff-ffff000006fb"},{"ELEMENT":"00000000-0000-0464-ffff-ffff00000701","element-6066-11e4-a52e-4f735466cecf":"00000000-0000-0464-ffff-ffff00000701"},{"ELEMENT":"00000000-0000-0464-ffff-ffff00000707","element-6066-11e4-a52e-4f735466cecf":"00000000-0000-0464-ffff-ffff00000707"},{"ELEMENT":"00000000-0000-0464-ffff-ffff00000711","element-6066-11e4-a52e-4f735466cecf":"00000000-0000-0464-ffff-ffff00000711"},{"ELEMENT":"00000000-0000-0464-ffff-ffff00000717","element-6066-11e4-a52e-4f735466cecf":"00000000-0000-0464-ffff-ffff00000717"},{"ELEMENT":"00000000-0000-0464-ffff-ffff0000071d","element-6066-...
&amp#27;[38;5;32m[AndroidUiautomator2Driver@cb04 (a84025fa)]&amp#27;[0m Responding to client with driver.findElements() result: [{"element-6066-11e4-a52e-4f735466cecf":"00000000-0000-0464-ffff-ffff000006ef","ELEMENT":"00000000-0000-0464-ffff-ffff000006ef"},{"element-6066-11e4-a52e-4f735466cecf":"00000000-0000-0464-ffff-ffff000006f5","ELEMENT":"00000000-0000-0464-ffff-ffff000006f5"},{"element-6066-11e4-a52e-4f735466cecf":"00000000-0000-0464-ffff-ffff000006fb","ELEMENT":"00000000-0000-0464-ffff-ffff000006fb"},{"element-6066-11e4-a52e-4f735466cecf":"00000000-0000-0464-ffff-ffff00000701","ELEMENT":"00000000-0000-0464-ffff-ffff00000701"},{"element-6066-11e4-a52e-4f735466cecf":"00000000-0000-0464-ffff-ffff00000707","ELEMENT":"00000000-0000-0464-ffff-ffff00000707"},{"element-6066-11e4-a52e-4f735466cecf":"00000000-0000-0464-ffff-ffff00000711","ELEMENT":"00000000-0000-0464-ffff-ffff00000711"},{"element-6066-11e4-a52e-4f735466cecf":"00000000-0000-0464-ffff-ffff00000717","ELEMENT":"00000000-0000-0464-ffff-ffff00000717"},{"element-6066-11e4-a52e-4f735466cecf":"00000000-0000-0464-ffff-ffff0000071d","ELEMENT":"00000000-0000-0464-ffff-ffff0000071...
&amp#27;[38;5;0m[HTTP]&amp#27;[0m &amp#27;[37m<-- POST /session/a84025fa-87fd-4432-a89c-6e57f823ae73/elements &amp#27;[39m&amp#27;[32m200&amp#27;[39m &amp#27;[90m107 ms - 1291&amp#27;[39m
&amp#27;[38;5;0m[HTTP]&amp#27;[0m &amp#27;[90m&amp#27;[39m
&amp#27;[38;5;0m[HTTP]&amp#27;[0m &amp#27;[37m-->&amp#27;[39m &amp#27;[37mGET&amp#27;[39m &amp#27;[37m/session/a84025fa-87fd-4432-a89c-6e57f823ae73/context&amp#27;[39m
&amp#27;[38;5;0m[HTTP]&amp#27;[0m &amp#27;[90m{}&amp#27;[39m
&amp#27;[38;5;32m[AndroidUiautomator2Driver@cb04 (a84025fa)]&amp#27;[0m Calling AppiumDriver.getCurrentContext() with args: ["a84025fa-87fd-4432-a89c-6e57f823ae73"]
&amp#27;[38;5;32m[AndroidUiautomator2Driver@cb04 (a84025fa)]&amp#27;[0m Responding to client with driver.getCurrentContext() result: "NATIVE_APP"
&amp#27;[38;5;0m[HTTP]&amp#27;[0m &amp#27;[37m<-- GET /session/a84025fa-87fd-4432-a89c-6e57f823ae73/context &amp#27;[39m&amp#27;[32m200&amp#27;[39m &amp#27;[90m1 ms - 22&amp#27;[39m
&amp#27;[38;5;0m[HTTP]&amp#27;[0m &amp#27;[90m&amp#27;[39m
&amp#27;[38;5;0m[HTTP]&amp#27;[0m &amp#27;[37m-->&amp#27;[39m &amp#27;[37mPOST&amp#27;[39m &amp#27;[37m/session/a84025fa-87fd-4432-a89c-6e57f823ae73/elements&amp#27;[39m
&amp#27;[38;5;0m[HTTP]&amp#27;[0m &amp#27;[90m{"value":"com.fivemobile.thescore:id/text_category_name","using":"id"}&amp#27;[39m
&amp#27;[38;5;32m[AndroidUiautomator2Driver@cb04 (a84025fa)]&amp#27;[0m Calling AppiumDriver.findElements() with args: ["id","com.fivemobile.thescore:id/text_category_name","a84025fa-87fd-4432-a89c-6e57f823ae73"]
&amp#27;[38;5;32m[AndroidUiautomator2Driver@cb04 (a84025fa)]&amp#27;[0m Valid locator strategies for this request: xpath, id, class name, accessibility id, css selector, -android uiautomator
&amp#27;[38;5;32m[AndroidUiautomator2Driver@cb04 (a84025fa)]&amp#27;[0m Waiting up to 10000 ms for condition
&amp#27;[38;5;32m[AndroidUiautomator2Driver@cb04 (a84025fa)]&amp#27;[0m Matched '/elements' to command name 'findElements'
&amp#27;[38;5;32m[AndroidUiautomator2Driver@cb04 (a84025fa)]&amp#27;[0m Proxying [POST /elements] to [POST http://127.0.0.1:8209/session/e13e9c10-6759-487b-84e8-6054836a870e/elements] with body: {"strategy":"id","selector":"com.fivemobile.thescore:id/text_category_name","context":"","multiple":true}
&amp#27;[38;5;32m[AndroidUiautomator2Driver@cb04 (a84025fa)]&amp#27;[0m Got response with status 200: {"sessionId":"e13e9c10-6759-487b-84e8-6054836a870e","value":[{"ELEMENT":"00000000-0000-0464-ffff-ffff000006ef","element-6066-11e4-a52e-4f735466cecf":"00000000-0000-0464-ffff-ffff000006ef"},{"ELEMENT":"00000000-0000-0464-ffff-ffff000006f5","element-6066-11e4-a52e-4f735466cecf":"00000000-0000-0464-ffff-ffff000006f5"},{"ELEMENT":"00000000-0000-0464-ffff-ffff000006fb","element-6066-11e4-a52e-4f735466cecf":"00000000-0000-0464-ffff-ffff000006fb"},{"ELEMENT":"00000000-0000-0464-ffff-ffff00000701","element-6066-11e4-a52e-4f735466cecf":"00000000-0000-0464-ffff-ffff00000701"},{"ELEMENT":"00000000-0000-0464-ffff-ffff00000707","element-6066-11e4-a52e-4f735466cecf":"00000000-0000-0464-ffff-ffff00000707"},{"ELEMENT":"00000000-0000-0464-ffff-ffff00000711","element-6066-11e4-a52e-4f735466cecf":"00000000-0000-0464-ffff-ffff00000711"},{"ELEMENT":"00000000-0000-0464-ffff-ffff00000717","element-6066-11e4-a52e-4f735466cecf":"00000000-0000-0464-ffff-ffff00000717"},{"ELEMENT":"00000000-0000-0464-ffff-ffff0000071d","element-6066-...
&amp#27;[38;5;32m[AndroidUiautomator2Driver@cb04 (a84025fa)]&amp#27;[0m Responding to client with driver.findElements() result: [{"element-6066-11e4-a52e-4f735466cecf":"00000000-0000-0464-ffff-ffff000006ef","ELEMENT":"00000000-0000-0464-ffff-ffff000006ef"},{"element-6066-11e4-a52e-4f735466cecf":"00000000-0000-0464-ffff-ffff000006f5","ELEMENT":"00000000-0000-0464-ffff-ffff000006f5"},{"element-6066-11e4-a52e-4f735466cecf":"00000000-0000-0464-ffff-ffff000006fb","ELEMENT":"00000000-0000-0464-ffff-ffff000006fb"},{"element-6066-11e4-a52e-4f735466cecf":"00000000-0000-0464-ffff-ffff00000701","ELEMENT":"00000000-0000-0464-ffff-ffff00000701"},{"element-6066-11e4-a52e-4f735466cecf":"00000000-0000-0464-ffff-ffff00000707","ELEMENT":"00000000-0000-0464-ffff-ffff00000707"},{"element-6066-11e4-a52e-4f735466cecf":"00000000-0000-0464-ffff-ffff00000711","ELEMENT":"00000000-0000-0464-ffff-ffff00000711"},{"element-6066-11e4-a52e-4f735466cecf":"00000000-0000-0464-ffff-ffff00000717","ELEMENT":"00000000-0000-0464-ffff-ffff00000717"},{"element-6066-11e4-a52e-4f735466cecf":"00000000-0000-0464-ffff-ffff0000071d","ELEMENT":"00000000-0000-0464-ffff-ffff0000071...
&amp#27;[38;5;0m[HTTP]&amp#27;[0m &amp#27;[37m<-- POST /session/a84025fa-87fd-4432-a89c-6e57f823ae73/elements &amp#27;[39m&amp#27;[32m200&amp#27;[39m &amp#27;[90m108 ms - 1291&amp#27;[39m
&amp#27;[38;5;0m[HTTP]&amp#27;[0m &amp#27;[90m&amp#27;[39m
&amp#27;[38;5;0m[HTTP]&amp#27;[0m &amp#27;[37m-->&amp#27;[39m &amp#27;[37mGET&amp#27;[39m &amp#27;[37m/session/a84025fa-87fd-4432-a89c-6e57f823ae73/element/00000000-0000-0464-ffff-ffff00000717/text&amp#27;[39m
&amp#27;[38;5;0m[HTTP]&amp#27;[0m &amp#27;[90m{}&amp#27;[39m
&amp#27;[38;5;32m[AndroidUiautomator2Driver@cb04 (a84025fa)]&amp#27;[0m Driver proxy active, passing request on via HTTP proxy
&amp#27;[38;5;32m[AndroidUiautomator2Driver@cb04 (a84025fa)]&amp#27;[0m Matched '/session/a84025fa-87fd-4432-a89c-6e57f823ae73/element/00000000-0000-0464-ffff-ffff00000717/text' to command name 'getText'
&amp#27;[38;5;32m[AndroidUiautomator2Driver@cb04 (a84025fa)]&amp#27;[0m Proxying [GET /session/a84025fa-87fd-4432-a89c-6e57f823ae73/element/00000000-0000-0464-ffff-ffff00000717/text] to [GET http://127.0.0.1:8209/session/e13e9c10-6759-487b-84e8-6054836a870e/element/00000000-0000-0464-ffff-ffff00000717/text] with no body
&amp#27;[38;5;32m[AndroidUiautomator2Driver@cb04 (a84025fa)]&amp#27;[0m Got response with status 200: {"sessionId":"e13e9c10-6759-487b-84e8-6054836a870e","value":"Passing Yards"}
&amp#27;[38;5;32m[AndroidUiautomator2Driver@cb04 (a84025fa)]&amp#27;[0m Replacing sessionId e13e9c10-6759-487b-84e8-6054836a870e with a84025fa-87fd-4432-a89c-6e57f823ae73
&amp#27;[38;5;0m[HTTP]&amp#27;[0m &amp#27;[37m<-- GET /session/a84025fa-87fd-4432-a89c-6e57f823ae73/element/00000000-0000-0464-ffff-ffff00000717/text &amp#27;[39m&amp#27;[32m200&amp#27;[39m &amp#27;[90m14 ms - 76&amp#27;[39m
&amp#27;[38;5;0m[HTTP]&amp#27;[0m &amp#27;[90m&amp#27;[39m
&amp#27;[38;5;0m[HTTP]&amp#27;[0m &amp#27;[37m-->&amp#27;[39m &amp#27;[37mGET&amp#27;[39m &amp#27;[37m/session/a84025fa-87fd-4432-a89c-6e57f823ae73/context&amp#27;[39m
&amp#27;[38;5;0m[HTTP]&amp#27;[0m &amp#27;[90m{}&amp#27;[39m
&amp#27;[38;5;32m[AndroidUiautomator2Driver@cb04 (a84025fa)]&amp#27;[0m Calling AppiumDriver.getCurrentContext() with args: ["a84025fa-87fd-4432-a89c-6e57f823ae73"]
&amp#27;[38;5;32m[AndroidUiautomator2Driver@cb04 (a84025fa)]&amp#27;[0m Responding to client with driver.getCurrentContext() result: "NATIVE_APP"
&amp#27;[38;5;0m[HTTP]&amp#27;[0m &amp#27;[37m<-- GET /session/a84025fa-87fd-4432-a89c-6e57f823ae73/context &amp#27;[39m&amp#27;[32m200&amp#27;[39m &amp#27;[90m1 ms - 22&amp#27;[39m
&amp#27;[38;5;0m[HTTP]&amp#27;[0m &amp#27;[90m&amp#27;[39m
&amp#27;[38;5;0m[HTTP]&amp#27;[0m &amp#27;[37m-->&amp#27;[39m &amp#27;[37mPOST&amp#27;[39m &amp#27;[37m/session/a84025fa-87fd-4432-a89c-6e57f823ae73/elements&amp#27;[39m
&amp#27;[38;5;0m[HTTP]&amp#27;[0m &amp#27;[90m{"value":"com.fivemobile.thescore:id/text_category_name","using":"id"}&amp#27;[39m
&amp#27;[38;5;32m[AndroidUiautomator2Driver@cb04 (a84025fa)]&amp#27;[0m Calling AppiumDriver.findElements() with args: ["id","com.fivemobile.thescore:id/text_category_name","a84025fa-87fd-4432-a89c-6e57f823ae73"]
&amp#27;[38;5;32m[AndroidUiautomator2Driver@cb04 (a84025fa)]&amp#27;[0m Valid locator strategies for this request: xpath, id, class name, accessibility id, css selector, -android uiautomator
&amp#27;[38;5;32m[AndroidUiautomator2Driver@cb04 (a84025fa)]&amp#27;[0m Waiting up to 10000 ms for condition
&amp#27;[38;5;32m[AndroidUiautomator2Driver@cb04 (a84025fa)]&amp#27;[0m Matched '/elements' to command name 'findElements'
&amp#27;[38;5;32m[AndroidUiautomator2Driver@cb04 (a84025fa)]&amp#27;[0m Proxying [POST /elements] to [POST http://127.0.0.1:8209/session/e13e9c10-6759-487b-84e8-6054836a870e/elements] with body: {"strategy":"id","selector":"com.fivemobile.thescore:id/text_category_name","context":"","multiple":true}
&amp#27;[38;5;32m[AndroidUiautomator2Driver@cb04 (a84025fa)]&amp#27;[0m Got response with status 200: {"sessionId":"e13e9c10-6759-487b-84e8-6054836a870e","value":[{"ELEMENT":"00000000-0000-0464-ffff-ffff000006ef","element-6066-11e4-a52e-4f735466cecf":"00000000-0000-0464-ffff-ffff000006ef"},{"ELEMENT":"00000000-0000-0464-ffff-ffff000006f5","element-6066-11e4-a52e-4f735466cecf":"00000000-0000-0464-ffff-ffff000006f5"},{"ELEMENT":"00000000-0000-0464-ffff-ffff000006fb","element-6066-11e4-a52e-4f735466cecf":"00000000-0000-0464-ffff-ffff000006fb"},{"ELEMENT":"00000000-0000-0464-ffff-ffff00000701","element-6066-11e4-a52e-4f735466cecf":"00000000-0000-0464-ffff-ffff00000701"},{"ELEMENT":"00000000-0000-0464-ffff-ffff00000707","element-6066-11e4-a52e-4f735466cecf":"00000000-0000-0464-ffff-ffff00000707"},{"ELEMENT":"00000000-0000-0464-ffff-ffff00000711","element-6066-11e4-a52e-4f735466cecf":"00000000-0000-0464-ffff-ffff00000711"},{"ELEMENT":"00000000-0000-0464-ffff-ffff00000717","element-6066-11e4-a52e-4f735466cecf":"00000000-0000-0464-ffff-ffff00000717"},{"ELEMENT":"00000000-0000-0464-ffff-ffff0000071d","element-6066-...
&amp#27;[38;5;32m[AndroidUiautomator2Driver@cb04 (a84025fa)]&amp#27;[0m Responding to client with driver.findElements() result: [{"element-6066-11e4-a52e-4f735466cecf":"00000000-0000-0464-ffff-ffff000006ef","ELEMENT":"00000000-0000-0464-ffff-ffff000006ef"},{"element-6066-11e4-a52e-4f735466cecf":"00000000-0000-0464-ffff-ffff000006f5","ELEMENT":"00000000-0000-0464-ffff-ffff000006f5"},{"element-6066-11e4-a52e-4f735466cecf":"00000000-0000-0464-ffff-ffff000006fb","ELEMENT":"00000000-0000-0464-ffff-ffff000006fb"},{"element-6066-11e4-a52e-4f735466cecf":"00000000-0000-0464-ffff-ffff00000701","ELEMENT":"00000000-0000-0464-ffff-ffff00000701"},{"element-6066-11e4-a52e-4f735466cecf":"00000000-0000-0464-ffff-ffff00000707","ELEMENT":"00000000-0000-0464-ffff-ffff00000707"},{"element-6066-11e4-a52e-4f735466cecf":"00000000-0000-0464-ffff-ffff00000711","ELEMENT":"00000000-0000-0464-ffff-ffff00000711"},{"element-6066-11e4-a52e-4f735466cecf":"00000000-0000-0464-ffff-ffff00000717","ELEMENT":"00000000-0000-0464-ffff-ffff00000717"},{"element-6066-11e4-a52e-4f735466cecf":"00000000-0000-0464-ffff-ffff0000071d","ELEMENT":"00000000-0000-0464-ffff-ffff0000071...
&amp#27;[38;5;0m[HTTP]&amp#27;[0m &amp#27;[37m<-- POST /session/a84025fa-87fd-4432-a89c-6e57f823ae73/elements &amp#27;[39m&amp#27;[32m200&amp#27;[39m &amp#27;[90m129 ms - 1291&amp#27;[39m
&amp#27;[38;5;0m[HTTP]&amp#27;[0m &amp#27;[90m&amp#27;[39m
&amp#27;[38;5;0m[HTTP]&amp#27;[0m &amp#27;[37m-->&amp#27;[39m &amp#27;[37mGET&amp#27;[39m &amp#27;[37m/session/a84025fa-87fd-4432-a89c-6e57f823ae73/element/00000000-0000-0464-ffff-ffff00000717/text&amp#27;[39m
&amp#27;[38;5;0m[HTTP]&amp#27;[0m &amp#27;[90m{}&amp#27;[39m
&amp#27;[38;5;32m[AndroidUiautomator2Driver@cb04 (a84025fa)]&amp#27;[0m Driver proxy active, passing request on via HTTP proxy
&amp#27;[38;5;32m[AndroidUiautomator2Driver@cb04 (a84025fa)]&amp#27;[0m Matched '/session/a84025fa-87fd-4432-a89c-6e57f823ae73/element/00000000-0000-0464-ffff-ffff00000717/text' to command name 'getText'
&amp#27;[38;5;32m[AndroidUiautomator2Driver@cb04 (a84025fa)]&amp#27;[0m Proxying [GET /session/a84025fa-87fd-4432-a89c-6e57f823ae73/element/00000000-0000-0464-ffff-ffff00000717/text] to [GET http://127.0.0.1:8209/session/e13e9c10-6759-487b-84e8-6054836a870e/element/00000000-0000-0464-ffff-ffff00000717/text] with no body
&amp#27;[38;5;32m[AndroidUiautomator2Driver@cb04 (a84025fa)]&amp#27;[0m Got response with status 200: {"sessionId":"e13e9c10-6759-487b-84e8-6054836a870e","value":"Passing Yards"}
&amp#27;[38;5;32m[AndroidUiautomator2Driver@cb04 (a84025fa)]&amp#27;[0m Replacing sessionId e13e9c10-6759-487b-84e8-6054836a870e with a84025fa-87fd-4432-a89c-6e57f823ae73
&amp#27;[38;5;0m[HTTP]&amp#27;[0m &amp#27;[37m<-- GET /session/a84025fa-87fd-4432-a89c-6e57f823ae73/element/00000000-0000-0464-ffff-ffff00000717/text &amp#27;[39m&amp#27;[32m200&amp#27;[39m &amp#27;[90m13 ms - 76&amp#27;[39m
&amp#27;[38;5;0m[HTTP]&amp#27;[0m &amp#27;[90m&amp#27;[39m
&amp#27;[38;5;0m[HTTP]&amp#27;[0m &amp#27;[37m-->&amp#27;[39m &amp#27;[37mGET&amp#27;[39m &amp#27;[37m/session/a84025fa-87fd-4432-a89c-6e57f823ae73/context&amp#27;[39m
&amp#27;[38;5;0m[HTTP]&amp#27;[0m &amp#27;[90m{}&amp#27;[39m
&amp#27;[38;5;32m[AndroidUiautomator2Driver@cb04 (a84025fa)]&amp#27;[0m Calling AppiumDriver.getCurrentContext() with args: ["a84025fa-87fd-4432-a89c-6e57f823ae73"]
&amp#27;[38;5;32m[AndroidUiautomator2Driver@cb04 (a84025fa)]&amp#27;[0m Responding to client with driver.getCurrentContext() result: "NATIVE_APP"
&amp#27;[38;5;0m[HTTP]&amp#27;[0m &amp#27;[37m<-- GET /session/a84025fa-87fd-4432-a89c-6e57f823ae73/context &amp#27;[39m&amp#27;[32m200&amp#27;[39m &amp#27;[90m1 ms - 22&amp#27;[39m
&amp#27;[38;5;0m[HTTP]&amp#27;[0m &amp#27;[90m&amp#27;[39m
&amp#27;[38;5;0m[HTTP]&amp#27;[0m &amp#27;[37m-->&amp#27;[39m &amp#27;[37mPOST&amp#27;[39m &amp#27;[37m/session/a84025fa-87fd-4432-a89c-6e57f823ae73/elements&amp#27;[39m
&amp#27;[38;5;0m[HTTP]&amp#27;[0m &amp#27;[90m{"value":"com.fivemobile.thescore:id/text_category_name","using":"id"}&amp#27;[39m
&amp#27;[38;5;32m[AndroidUiautomator2Driver@cb04 (a84025fa)]&amp#27;[0m Calling AppiumDriver.findElements() with args: ["id","com.fivemobile.thescore:id/text_category_name","a84025fa-87fd-4432-a89c-6e57f823ae73"]
&amp#27;[38;5;32m[AndroidUiautomator2Driver@cb04 (a84025fa)]&amp#27;[0m Valid locator strategies for this request: xpath, id, class name, accessibility id, css selector, -android uiautomator
&amp#27;[38;5;32m[AndroidUiautomator2Driver@cb04 (a84025fa)]&amp#27;[0m Waiting up to 10000 ms for condition
&amp#27;[38;5;32m[AndroidUiautomator2Driver@cb04 (a84025fa)]&amp#27;[0m Matched '/elements' to command name 'findElements'
&amp#27;[38;5;32m[AndroidUiautomator2Driver@cb04 (a84025fa)]&amp#27;[0m Proxying [POST /elements] to [POST http://127.0.0.1:8209/session/e13e9c10-6759-487b-84e8-6054836a870e/elements] with body: {"strategy":"id","selector":"com.fivemobile.thescore:id/text_category_name","context":"","multiple":true}
&amp#27;[38;5;32m[AndroidUiautomator2Driver@cb04 (a84025fa)]&amp#27;[0m Got response with status 200: {"sessionId":"e13e9c10-6759-487b-84e8-6054836a870e","value":[{"ELEMENT":"00000000-0000-0464-ffff-ffff000006ef","element-6066-11e4-a52e-4f735466cecf":"00000000-0000-0464-ffff-ffff000006ef"},{"ELEMENT":"00000000-0000-0464-ffff-ffff000006f5","element-6066-11e4-a52e-4f735466cecf":"00000000-0000-0464-ffff-ffff000006f5"},{"ELEMENT":"00000000-0000-0464-ffff-ffff000006fb","element-6066-11e4-a52e-4f735466cecf":"00000000-0000-0464-ffff-ffff000006fb"},{"ELEMENT":"00000000-0000-0464-ffff-ffff00000701","element-6066-11e4-a52e-4f735466cecf":"00000000-0000-0464-ffff-ffff00000701"},{"ELEMENT":"00000000-0000-0464-ffff-ffff00000707","element-6066-11e4-a52e-4f735466cecf":"00000000-0000-0464-ffff-ffff00000707"},{"ELEMENT":"00000000-0000-0464-ffff-ffff00000711","element-6066-11e4-a52e-4f735466cecf":"00000000-0000-0464-ffff-ffff00000711"},{"ELEMENT":"00000000-0000-0464-ffff-ffff00000717","element-6066-11e4-a52e-4f735466cecf":"00000000-0000-0464-ffff-ffff00000717"},{"ELEMENT":"00000000-0000-0464-ffff-ffff0000071d","element-6066-...
&amp#27;[38;5;32m[AndroidUiautomator2Driver@cb04 (a84025fa)]&amp#27;[0m Responding to client with driver.findElements() result: [{"element-6066-11e4-a52e-4f735466cecf":"00000000-0000-0464-ffff-ffff000006ef","ELEMENT":"00000000-0000-0464-ffff-ffff000006ef"},{"element-6066-11e4-a52e-4f735466cecf":"00000000-0000-0464-ffff-ffff000006f5","ELEMENT":"00000000-0000-0464-ffff-ffff000006f5"},{"element-6066-11e4-a52e-4f735466cecf":"00000000-0000-0464-ffff-ffff000006fb","ELEMENT":"00000000-0000-0464-ffff-ffff000006fb"},{"element-6066-11e4-a52e-4f735466cecf":"00000000-0000-0464-ffff-ffff00000701","ELEMENT":"00000000-0000-0464-ffff-ffff00000701"},{"element-6066-11e4-a52e-4f735466cecf":"00000000-0000-0464-ffff-ffff00000707","ELEMENT":"00000000-0000-0464-ffff-ffff00000707"},{"element-6066-11e4-a52e-4f735466cecf":"00000000-0000-0464-ffff-ffff00000711","ELEMENT":"00000000-0000-0464-ffff-ffff00000711"},{"element-6066-11e4-a52e-4f735466cecf":"00000000-0000-0464-ffff-ffff00000717","ELEMENT":"00000000-0000-0464-ffff-ffff00000717"},{"element-6066-11e4-a52e-4f735466cecf":"00000000-0000-0464-ffff-ffff0000071d","ELEMENT":"00000000-0000-0464-ffff-ffff0000071...
&amp#27;[38;5;0m[HTTP]&amp#27;[0m &amp#27;[37m<-- POST /session/a84025fa-87fd-4432-a89c-6e57f823ae73/elements &amp#27;[39m&amp#27;[32m200&amp#27;[39m &amp#27;[90m142 ms - 1291&amp#27;[39m
&amp#27;[38;5;0m[HTTP]&amp#27;[0m &amp#27;[90m&amp#27;[39m
&amp#27;[38;5;0m[HTTP]&amp#27;[0m &amp#27;[37m-->&amp#27;[39m &amp#27;[37mGET&amp#27;[39m &amp#27;[37m/session/a84025fa-87fd-4432-a89c-6e57f823ae73/element/00000000-0000-0464-ffff-ffff00000717/text&amp#27;[39m
&amp#27;[38;5;0m[HTTP]&amp#27;[0m &amp#27;[90m{}&amp#27;[39m
&amp#27;[38;5;32m[AndroidUiautomator2Driver@cb04 (a84025fa)]&amp#27;[0m Driver proxy active, passing request on via HTTP proxy
&amp#27;[38;5;32m[AndroidUiautomator2Driver@cb04 (a84025fa)]&amp#27;[0m Matched '/session/a84025fa-87fd-4432-a89c-6e57f823ae73/element/00000000-0000-0464-ffff-ffff00000717/text' to command name 'getText'
&amp#27;[38;5;32m[AndroidUiautomator2Driver@cb04 (a84025fa)]&amp#27;[0m Proxying [GET /session/a84025fa-87fd-4432-a89c-6e57f823ae73/element/00000000-0000-0464-ffff-ffff00000717/text] to [GET http://127.0.0.1:8209/session/e13e9c10-6759-487b-84e8-6054836a870e/element/00000000-0000-0464-ffff-ffff00000717/text] with no body
&amp#27;[38;5;32m[AndroidUiautomator2Driver@cb04 (a84025fa)]&amp#27;[0m Got response with status 200: {"sessionId":"e13e9c10-6759-487b-84e8-6054836a870e","value":"Passing Yards"}
&amp#27;[38;5;32m[AndroidUiautomator2Driver@cb04 (a84025fa)]&amp#27;[0m Replacing sessionId e13e9c10-6759-487b-84e8-6054836a870e with a84025fa-87fd-4432-a89c-6e57f823ae73
&amp#27;[38;5;0m[HTTP]&amp#27;[0m &amp#27;[37m<-- GET /session/a84025fa-87fd-4432-a89c-6e57f823ae73/element/00000000-0000-0464-ffff-ffff00000717/text &amp#27;[39m&amp#27;[32m200&amp#27;[39m &amp#27;[90m10 ms - 76&amp#27;[39m
&amp#27;[38;5;0m[HTTP]&amp#27;[0m &amp#27;[90m&amp#27;[39m
Text displayed: Passing Yards
&amp#27;[38;5;0m[HTTP]&amp#27;[0m &amp#27;[37m-->&amp#27;[39m &amp#27;[37mGET&amp#27;[39m &amp#27;[37m/session/a84025fa-87fd-4432-a89c-6e57f823ae73/context&amp#27;[39m
&amp#27;[38;5;0m[HTTP]&amp#27;[0m &amp#27;[90m{}&amp#27;[39m
&amp#27;[38;5;32m[AndroidUiautomator2Driver@cb04 (a84025fa)]&amp#27;[0m Calling AppiumDriver.getCurrentContext() with args: ["a84025fa-87fd-4432-a89c-6e57f823ae73"]
&amp#27;[38;5;32m[AndroidUiautomator2Driver@cb04 (a84025fa)]&amp#27;[0m Responding to client with driver.getCurrentContext() result: "NATIVE_APP"
&amp#27;[38;5;0m[HTTP]&amp#27;[0m &amp#27;[37m<-- GET /session/a84025fa-87fd-4432-a89c-6e57f823ae73/context &amp#27;[39m&amp#27;[32m200&amp#27;[39m &amp#27;[90m1 ms - 22&amp#27;[39m
&amp#27;[38;5;0m[HTTP]&amp#27;[0m &amp#27;[90m&amp#27;[39m
&amp#27;[38;5;0m[HTTP]&amp#27;[0m &amp#27;[37m-->&amp#27;[39m &amp#27;[37mPOST&amp#27;[39m &amp#27;[37m/session/a84025fa-87fd-4432-a89c-6e57f823ae73/elements&amp#27;[39m
&amp#27;[38;5;0m[HTTP]&amp#27;[0m &amp#27;[90m{"value":"com.fivemobile.thescore:id/text_category_name","using":"id"}&amp#27;[39m
&amp#27;[38;5;32m[AndroidUiautomator2Driver@cb04 (a84025fa)]&amp#27;[0m Calling AppiumDriver.findElements() with args: ["id","com.fivemobile.thescore:id/text_category_name","a84025fa-87fd-4432-a89c-6e57f823ae73"]
&amp#27;[38;5;32m[AndroidUiautomator2Driver@cb04 (a84025fa)]&amp#27;[0m Valid locator strategies for this request: xpath, id, class name, accessibility id, css selector, -android uiautomator
&amp#27;[38;5;32m[AndroidUiautomator2Driver@cb04 (a84025fa)]&amp#27;[0m Waiting up to 10000 ms for condition
&amp#27;[38;5;32m[AndroidUiautomator2Driver@cb04 (a84025fa)]&amp#27;[0m Matched '/elements' to command name 'findElements'
&amp#27;[38;5;32m[AndroidUiautomator2Driver@cb04 (a84025fa)]&amp#27;[0m Proxying [POST /elements] to [POST http://127.0.0.1:8209/session/e13e9c10-6759-487b-84e8-6054836a870e/elements] with body: {"strategy":"id","selector":"com.fivemobile.thescore:id/text_category_name","context":"","multiple":true}
&amp#27;[38;5;32m[AndroidUiautomator2Driver@cb04 (a84025fa)]&amp#27;[0m Got response with status 200: {"sessionId":"e13e9c10-6759-487b-84e8-6054836a870e","value":[{"ELEMENT":"00000000-0000-0464-ffff-ffff000006ef","element-6066-11e4-a52e-4f735466cecf":"00000000-0000-0464-ffff-ffff000006ef"},{"ELEMENT":"00000000-0000-0464-ffff-ffff000006f5","element-6066-11e4-a52e-4f735466cecf":"00000000-0000-0464-ffff-ffff000006f5"},{"ELEMENT":"00000000-0000-0464-ffff-ffff000006fb","element-6066-11e4-a52e-4f735466cecf":"00000000-0000-0464-ffff-ffff000006fb"},{"ELEMENT":"00000000-0000-0464-ffff-ffff00000701","element-6066-11e4-a52e-4f735466cecf":"00000000-0000-0464-ffff-ffff00000701"},{"ELEMENT":"00000000-0000-0464-ffff-ffff00000707","element-6066-11e4-a52e-4f735466cecf":"00000000-0000-0464-ffff-ffff00000707"},{"ELEMENT":"00000000-0000-0464-ffff-ffff00000711","element-6066-11e4-a52e-4f735466cecf":"00000000-0000-0464-ffff-ffff00000711"},{"ELEMENT":"00000000-0000-0464-ffff-ffff00000717","element-6066-11e4-a52e-4f735466cecf":"00000000-0000-0464-ffff-ffff00000717"},{"ELEMENT":"00000000-0000-0464-ffff-ffff0000071d","element-6066-...
&amp#27;[38;5;32m[AndroidUiautomator2Driver@cb04 (a84025fa)]&amp#27;[0m Responding to client with driver.findElements() result: [{"element-6066-11e4-a52e-4f735466cecf":"00000000-0000-0464-ffff-ffff000006ef","ELEMENT":"00000000-0000-0464-ffff-ffff000006ef"},{"element-6066-11e4-a52e-4f735466cecf":"00000000-0000-0464-ffff-ffff000006f5","ELEMENT":"00000000-0000-0464-ffff-ffff000006f5"},{"element-6066-11e4-a52e-4f735466cecf":"00000000-0000-0464-ffff-ffff000006fb","ELEMENT":"00000000-0000-0464-ffff-ffff000006fb"},{"element-6066-11e4-a52e-4f735466cecf":"00000000-0000-0464-ffff-ffff00000701","ELEMENT":"00000000-0000-0464-ffff-ffff00000701"},{"element-6066-11e4-a52e-4f735466cecf":"00000000-0000-0464-ffff-ffff00000707","ELEMENT":"00000000-0000-0464-ffff-ffff00000707"},{"element-6066-11e4-a52e-4f735466cecf":"00000000-0000-0464-ffff-ffff00000711","ELEMENT":"00000000-0000-0464-ffff-ffff00000711"},{"element-6066-11e4-a52e-4f735466cecf":"00000000-0000-0464-ffff-ffff00000717","ELEMENT":"00000000-0000-0464-ffff-ffff00000717"},{"element-6066-11e4-a52e-4f735466cecf":"00000000-0000-0464-ffff-ffff0000071d","ELEMENT":"00000000-0000-0464-ffff-ffff0000071...
&amp#27;[38;5;0m[HTTP]&amp#27;[0m &amp#27;[37m<-- POST /session/a84025fa-87fd-4432-a89c-6e57f823ae73/elements &amp#27;[39m&amp#27;[32m200&amp#27;[39m &amp#27;[90m128 ms - 1291&amp#27;[39m
&amp#27;[38;5;0m[HTTP]&amp#27;[0m &amp#27;[90m&amp#27;[39m
&amp#27;[38;5;0m[HTTP]&amp#27;[0m &amp#27;[37m-->&amp#27;[39m &amp#27;[37mGET&amp#27;[39m &amp#27;[37m/session/a84025fa-87fd-4432-a89c-6e57f823ae73/context&amp#27;[39m
&amp#27;[38;5;0m[HTTP]&amp#27;[0m &amp#27;[90m{}&amp#27;[39m
&amp#27;[38;5;32m[AndroidUiautomator2Driver@cb04 (a84025fa)]&amp#27;[0m Calling AppiumDriver.getCurrentContext() with args: ["a84025fa-87fd-4432-a89c-6e57f823ae73"]
&amp#27;[38;5;32m[AndroidUiautomator2Driver@cb04 (a84025fa)]&amp#27;[0m Responding to client with driver.getCurrentContext() result: "NATIVE_APP"
&amp#27;[38;5;0m[HTTP]&amp#27;[0m &amp#27;[37m<-- GET /session/a84025fa-87fd-4432-a89c-6e57f823ae73/context &amp#27;[39m&amp#27;[32m200&amp#27;[39m &amp#27;[90m1 ms - 22&amp#27;[39m
&amp#27;[38;5;0m[HTTP]&amp#27;[0m &amp#27;[90m&amp#27;[39m
&amp#27;[38;5;0m[HTTP]&amp#27;[0m &amp#27;[37m-->&amp#27;[39m &amp#27;[37mPOST&amp#27;[39m &amp#27;[37m/session/a84025fa-87fd-4432-a89c-6e57f823ae73/elements&amp#27;[39m
&amp#27;[38;5;0m[HTTP]&amp#27;[0m &amp#27;[90m{"value":"com.fivemobile.thescore:id/text_category_name","using":"id"}&amp#27;[39m
&amp#27;[38;5;32m[AndroidUiautomator2Driver@cb04 (a84025fa)]&amp#27;[0m Calling AppiumDriver.findElements() with args: ["id","com.fivemobile.thescore:id/text_category_name","a84025fa-87fd-4432-a89c-6e57f823ae73"]
&amp#27;[38;5;32m[AndroidUiautomator2Driver@cb04 (a84025fa)]&amp#27;[0m Valid locator strategies for this request: xpath, id, class name, accessibility id, css selector, -android uiautomator
&amp#27;[38;5;32m[AndroidUiautomator2Driver@cb04 (a84025fa)]&amp#27;[0m Waiting up to 10000 ms for condition
&amp#27;[38;5;32m[AndroidUiautomator2Driver@cb04 (a84025fa)]&amp#27;[0m Matched '/elements' to command name 'findElements'
&amp#27;[38;5;32m[AndroidUiautomator2Driver@cb04 (a84025fa)]&amp#27;[0m Proxying [POST /elements] to [POST http://127.0.0.1:8209/session/e13e9c10-6759-487b-84e8-6054836a870e/elements] with body: {"strategy":"id","selector":"com.fivemobile.thescore:id/text_category_name","context":"","multiple":true}
&amp#27;[38;5;32m[AndroidUiautomator2Driver@cb04 (a84025fa)]&amp#27;[0m Got response with status 200: {"sessionId":"e13e9c10-6759-487b-84e8-6054836a870e","value":[{"ELEMENT":"00000000-0000-0464-ffff-ffff000006ef","element-6066-11e4-a52e-4f735466cecf":"00000000-0000-0464-ffff-ffff000006ef"},{"ELEMENT":"00000000-0000-0464-ffff-ffff000006f5","element-6066-11e4-a52e-4f735466cecf":"00000000-0000-0464-ffff-ffff000006f5"},{"ELEMENT":"00000000-0000-0464-ffff-ffff000006fb","element-6066-11e4-a52e-4f735466cecf":"00000000-0000-0464-ffff-ffff000006fb"},{"ELEMENT":"00000000-0000-0464-ffff-ffff00000701","element-6066-11e4-a52e-4f735466cecf":"00000000-0000-0464-ffff-ffff00000701"},{"ELEMENT":"00000000-0000-0464-ffff-ffff00000707","element-6066-11e4-a52e-4f735466cecf":"00000000-0000-0464-ffff-ffff00000707"},{"ELEMENT":"00000000-0000-0464-ffff-ffff00000711","element-6066-11e4-a52e-4f735466cecf":"00000000-0000-0464-ffff-ffff00000711"},{"ELEMENT":"00000000-0000-0464-ffff-ffff00000717","element-6066-11e4-a52e-4f735466cecf":"00000000-0000-0464-ffff-ffff00000717"},{"ELEMENT":"00000000-0000-0464-ffff-ffff0000071d","element-6066-...
&amp#27;[38;5;32m[AndroidUiautomator2Driver@cb04 (a84025fa)]&amp#27;[0m Responding to client with driver.findElements() result: [{"element-6066-11e4-a52e-4f735466cecf":"00000000-0000-0464-ffff-ffff000006ef","ELEMENT":"00000000-0000-0464-ffff-ffff000006ef"},{"element-6066-11e4-a52e-4f735466cecf":"00000000-0000-0464-ffff-ffff000006f5","ELEMENT":"00000000-0000-0464-ffff-ffff000006f5"},{"element-6066-11e4-a52e-4f735466cecf":"00000000-0000-0464-ffff-ffff000006fb","ELEMENT":"00000000-0000-0464-ffff-ffff000006fb"},{"element-6066-11e4-a52e-4f735466cecf":"00000000-0000-0464-ffff-ffff00000701","ELEMENT":"00000000-0000-0464-ffff-ffff00000701"},{"element-6066-11e4-a52e-4f735466cecf":"00000000-0000-0464-ffff-ffff00000707","ELEMENT":"00000000-0000-0464-ffff-ffff00000707"},{"element-6066-11e4-a52e-4f735466cecf":"00000000-0000-0464-ffff-ffff00000711","ELEMENT":"00000000-0000-0464-ffff-ffff00000711"},{"element-6066-11e4-a52e-4f735466cecf":"00000000-0000-0464-ffff-ffff00000717","ELEMENT":"00000000-0000-0464-ffff-ffff00000717"},{"element-6066-11e4-a52e-4f735466cecf":"00000000-0000-0464-ffff-ffff0000071d","ELEMENT":"00000000-0000-0464-ffff-ffff0000071...
&amp#27;[38;5;0m[HTTP]&amp#27;[0m &amp#27;[37m<-- POST /session/a84025fa-87fd-4432-a89c-6e57f823ae73/elements &amp#27;[39m&amp#27;[32m200&amp#27;[39m &amp#27;[90m110 ms - 1291&amp#27;[39m
&amp#27;[38;5;0m[HTTP]&amp#27;[0m &amp#27;[90m&amp#27;[39m
&amp#27;[38;5;0m[HTTP]&amp#27;[0m &amp#27;[37m-->&amp#27;[39m &amp#27;[37mGET&amp#27;[39m &amp#27;[37m/session/a84025fa-87fd-4432-a89c-6e57f823ae73/element/00000000-0000-0464-ffff-ffff0000071d/text&amp#27;[39m
&amp#27;[38;5;0m[HTTP]&amp#27;[0m &amp#27;[90m{}&amp#27;[39m
&amp#27;[38;5;32m[AndroidUiautomator2Driver@cb04 (a84025fa)]&amp#27;[0m Driver proxy active, passing request on via HTTP proxy
&amp#27;[38;5;32m[AndroidUiautomator2Driver@cb04 (a84025fa)]&amp#27;[0m Matched '/session/a84025fa-87fd-4432-a89c-6e57f823ae73/element/00000000-0000-0464-ffff-ffff0000071d/text' to command name 'getText'
&amp#27;[38;5;32m[AndroidUiautomator2Driver@cb04 (a84025fa)]&amp#27;[0m Proxying [GET /session/a84025fa-87fd-4432-a89c-6e57f823ae73/element/00000000-0000-0464-ffff-ffff0000071d/text] to [GET http://127.0.0.1:8209/session/e13e9c10-6759-487b-84e8-6054836a870e/element/00000000-0000-0464-ffff-ffff0000071d/text] with no body
&amp#27;[38;5;32m[AndroidUiautomator2Driver@cb04 (a84025fa)]&amp#27;[0m Got response with status 200: {"sessionId":"e13e9c10-6759-487b-84e8-6054836a870e","value":"Rushing Yards"}
&amp#27;[38;5;32m[AndroidUiautomator2Driver@cb04 (a84025fa)]&amp#27;[0m Replacing sessionId e13e9c10-6759-487b-84e8-6054836a870e with a84025fa-87fd-4432-a89c-6e57f823ae73
&amp#27;[38;5;0m[HTTP]&amp#27;[0m &amp#27;[37m<-- GET /session/a84025fa-87fd-4432-a89c-6e57f823ae73/element/00000000-0000-0464-ffff-ffff0000071d/text &amp#27;[39m&amp#27;[32m200&amp#27;[39m &amp#27;[90m16 ms - 76&amp#27;[39m
&amp#27;[38;5;0m[HTTP]&amp#27;[0m &amp#27;[90m&amp#27;[39m
&amp#27;[38;5;0m[HTTP]&amp#27;[0m &amp#27;[37m-->&amp#27;[39m &amp#27;[37mGET&amp#27;[39m &amp#27;[37m/session/a84025fa-87fd-4432-a89c-6e57f823ae73/context&amp#27;[39m
&amp#27;[38;5;0m[HTTP]&amp#27;[0m &amp#27;[90m{}&amp#27;[39m
&amp#27;[38;5;32m[AndroidUiautomator2Driver@cb04 (a84025fa)]&amp#27;[0m Calling AppiumDriver.getCurrentContext() with args: ["a84025fa-87fd-4432-a89c-6e57f823ae73"]
&amp#27;[38;5;32m[AndroidUiautomator2Driver@cb04 (a84025fa)]&amp#27;[0m Responding to client with driver.getCurrentContext() result: "NATIVE_APP"
&amp#27;[38;5;0m[HTTP]&amp#27;[0m &amp#27;[37m<-- GET /session/a84025fa-87fd-4432-a89c-6e57f823ae73/context &amp#27;[39m&amp#27;[32m200&amp#27;[39m &amp#27;[90m1 ms - 22&amp#27;[39m
&amp#27;[38;5;0m[HTTP]&amp#27;[0m &amp#27;[90m&amp#27;[39m
&amp#27;[38;5;0m[HTTP]&amp#27;[0m &amp#27;[37m-->&amp#27;[39m &amp#27;[37mPOST&amp#27;[39m &amp#27;[37m/session/a84025fa-87fd-4432-a89c-6e57f823ae73/elements&amp#27;[39m
&amp#27;[38;5;0m[HTTP]&amp#27;[0m &amp#27;[90m{"value":"com.fivemobile.thescore:id/text_category_name","using":"id"}&amp#27;[39m
&amp#27;[38;5;32m[AndroidUiautomator2Driver@cb04 (a84025fa)]&amp#27;[0m Calling AppiumDriver.findElements() with args: ["id","com.fivemobile.thescore:id/text_category_name","a84025fa-87fd-4432-a89c-6e57f823ae73"]
&amp#27;[38;5;32m[AndroidUiautomator2Driver@cb04 (a84025fa)]&amp#27;[0m Valid locator strategies for this request: xpath, id, class name, accessibility id, css selector, -android uiautomator
&amp#27;[38;5;32m[AndroidUiautomator2Driver@cb04 (a84025fa)]&amp#27;[0m Waiting up to 10000 ms for condition
&amp#27;[38;5;32m[AndroidUiautomator2Driver@cb04 (a84025fa)]&amp#27;[0m Matched '/elements' to command name 'findElements'
&amp#27;[38;5;32m[AndroidUiautomator2Driver@cb04 (a84025fa)]&amp#27;[0m Proxying [POST /elements] to [POST http://127.0.0.1:8209/session/e13e9c10-6759-487b-84e8-6054836a870e/elements] with body: {"strategy":"id","selector":"com.fivemobile.thescore:id/text_category_name","context":"","multiple":true}
&amp#27;[38;5;32m[AndroidUiautomator2Driver@cb04 (a84025fa)]&amp#27;[0m Got response with status 200: {"sessionId":"e13e9c10-6759-487b-84e8-6054836a870e","value":[{"ELEMENT":"00000000-0000-0464-ffff-ffff000006ef","element-6066-11e4-a52e-4f735466cecf":"00000000-0000-0464-ffff-ffff000006ef"},{"ELEMENT":"00000000-0000-0464-ffff-ffff000006f5","element-6066-11e4-a52e-4f735466cecf":"00000000-0000-0464-ffff-ffff000006f5"},{"ELEMENT":"00000000-0000-0464-ffff-ffff000006fb","element-6066-11e4-a52e-4f735466cecf":"00000000-0000-0464-ffff-ffff000006fb"},{"ELEMENT":"00000000-0000-0464-ffff-ffff00000701","element-6066-11e4-a52e-4f735466cecf":"00000000-0000-0464-ffff-ffff00000701"},{"ELEMENT":"00000000-0000-0464-ffff-ffff00000707","element-6066-11e4-a52e-4f735466cecf":"00000000-0000-0464-ffff-ffff00000707"},{"ELEMENT":"00000000-0000-0464-ffff-ffff00000711","element-6066-11e4-a52e-4f735466cecf":"00000000-0000-0464-ffff-ffff00000711"},{"ELEMENT":"00000000-0000-0464-ffff-ffff00000717","element-6066-11e4-a52e-4f735466cecf":"00000000-0000-0464-ffff-ffff00000717"},{"ELEMENT":"00000000-0000-0464-ffff-ffff0000071d","element-6066-...
&amp#27;[38;5;32m[AndroidUiautomator2Driver@cb04 (a84025fa)]&amp#27;[0m Responding to client with driver.findElements() result: [{"element-6066-11e4-a52e-4f735466cecf":"00000000-0000-0464-ffff-ffff000006ef","ELEMENT":"00000000-0000-0464-ffff-ffff000006ef"},{"element-6066-11e4-a52e-4f735466cecf":"00000000-0000-0464-ffff-ffff000006f5","ELEMENT":"00000000-0000-0464-ffff-ffff000006f5"},{"element-6066-11e4-a52e-4f735466cecf":"00000000-0000-0464-ffff-ffff000006fb","ELEMENT":"00000000-0000-0464-ffff-ffff000006fb"},{"element-6066-11e4-a52e-4f735466cecf":"00000000-0000-0464-ffff-ffff00000701","ELEMENT":"00000000-0000-0464-ffff-ffff00000701"},{"element-6066-11e4-a52e-4f735466cecf":"00000000-0000-0464-ffff-ffff00000707","ELEMENT":"00000000-0000-0464-ffff-ffff00000707"},{"element-6066-11e4-a52e-4f735466cecf":"00000000-0000-0464-ffff-ffff00000711","ELEMENT":"00000000-0000-0464-ffff-ffff00000711"},{"element-6066-11e4-a52e-4f735466cecf":"00000000-0000-0464-ffff-ffff00000717","ELEMENT":"00000000-0000-0464-ffff-ffff00000717"},{"element-6066-11e4-a52e-4f735466cecf":"00000000-0000-0464-ffff-ffff0000071d","ELEMENT":"00000000-0000-0464-ffff-ffff0000071...
&amp#27;[38;5;0m[HTTP]&amp#27;[0m &amp#27;[37m<-- POST /session/a84025fa-87fd-4432-a89c-6e57f823ae73/elements &amp#27;[39m&amp#27;[32m200&amp#27;[39m &amp#27;[90m116 ms - 1291&amp#27;[39m
&amp#27;[38;5;0m[HTTP]&amp#27;[0m &amp#27;[90m&amp#27;[39m
&amp#27;[38;5;0m[HTTP]&amp#27;[0m &amp#27;[37m-->&amp#27;[39m &amp#27;[37mGET&amp#27;[39m &amp#27;[37m/session/a84025fa-87fd-4432-a89c-6e57f823ae73/element/00000000-0000-0464-ffff-ffff0000071d/text&amp#27;[39m
&amp#27;[38;5;0m[HTTP]&amp#27;[0m &amp#27;[90m{}&amp#27;[39m
&amp#27;[38;5;32m[AndroidUiautomator2Driver@cb04 (a84025fa)]&amp#27;[0m Driver proxy active, passing request on via HTTP proxy
&amp#27;[38;5;32m[AndroidUiautomator2Driver@cb04 (a84025fa)]&amp#27;[0m Matched '/session/a84025fa-87fd-4432-a89c-6e57f823ae73/element/00000000-0000-0464-ffff-ffff0000071d/text' to command name 'getText'
&amp#27;[38;5;32m[AndroidUiautomator2Driver@cb04 (a84025fa)]&amp#27;[0m Proxying [GET /session/a84025fa-87fd-4432-a89c-6e57f823ae73/element/00000000-0000-0464-ffff-ffff0000071d/text] to [GET http://127.0.0.1:8209/session/e13e9c10-6759-487b-84e8-6054836a870e/element/00000000-0000-0464-ffff-ffff0000071d/text] with no body
&amp#27;[38;5;32m[AndroidUiautomator2Driver@cb04 (a84025fa)]&amp#27;[0m Got response with status 200: {"sessionId":"e13e9c10-6759-487b-84e8-6054836a870e","value":"Rushing Yards"}
&amp#27;[38;5;32m[AndroidUiautomator2Driver@cb04 (a84025fa)]&amp#27;[0m Replacing sessionId e13e9c10-6759-487b-84e8-6054836a870e with a84025fa-87fd-4432-a89c-6e57f823ae73
&amp#27;[38;5;0m[HTTP]&amp#27;[0m &amp#27;[37m<-- GET /session/a84025fa-87fd-4432-a89c-6e57f823ae73/element/00000000-0000-0464-ffff-ffff0000071d/text &amp#27;[39m&amp#27;[32m200&amp#27;[39m &amp#27;[90m12 ms - 76&amp#27;[39m
&amp#27;[38;5;0m[HTTP]&amp#27;[0m &amp#27;[90m&amp#27;[39m
&amp#27;[38;5;0m[HTTP]&amp#27;[0m &amp#27;[37m-->&amp#27;[39m &amp#27;[37mGET&amp#27;[39m &amp#27;[37m/session/a84025fa-87fd-4432-a89c-6e57f823ae73/context&amp#27;[39m
&amp#27;[38;5;0m[HTTP]&amp#27;[0m &amp#27;[90m{}&amp#27;[39m
&amp#27;[38;5;32m[AndroidUiautomator2Driver@cb04 (a84025fa)]&amp#27;[0m Calling AppiumDriver.getCurrentContext() with args: ["a84025fa-87fd-4432-a89c-6e57f823ae73"]
&amp#27;[38;5;32m[AndroidUiautomator2Driver@cb04 (a84025fa)]&amp#27;[0m Responding to client with driver.getCurrentContext() result: "NATIVE_APP"
&amp#27;[38;5;0m[HTTP]&amp#27;[0m &amp#27;[37m<-- GET /session/a84025fa-87fd-4432-a89c-6e57f823ae73/context &amp#27;[39m&amp#27;[32m200&amp#27;[39m &amp#27;[90m1 ms - 22&amp#27;[39m
&amp#27;[38;5;0m[HTTP]&amp#27;[0m &amp#27;[90m&amp#27;[39m
&amp#27;[38;5;0m[HTTP]&amp#27;[0m &amp#27;[37m-->&amp#27;[39m &amp#27;[37mPOST&amp#27;[39m &amp#27;[37m/session/a84025fa-87fd-4432-a89c-6e57f823ae73/elements&amp#27;[39m
&amp#27;[38;5;0m[HTTP]&amp#27;[0m &amp#27;[90m{"value":"com.fivemobile.thescore:id/text_category_name","using":"id"}&amp#27;[39m
&amp#27;[38;5;32m[AndroidUiautomator2Driver@cb04 (a84025fa)]&amp#27;[0m Calling AppiumDriver.findElements() with args: ["id","com.fivemobile.thescore:id/text_category_name","a84025fa-87fd-4432-a89c-6e57f823ae73"]
&amp#27;[38;5;32m[AndroidUiautomator2Driver@cb04 (a84025fa)]&amp#27;[0m Valid locator strategies for this request: xpath, id, class name, accessibility id, css selector, -android uiautomator
&amp#27;[38;5;32m[AndroidUiautomator2Driver@cb04 (a84025fa)]&amp#27;[0m Waiting up to 10000 ms for condition
&amp#27;[38;5;32m[AndroidUiautomator2Driver@cb04 (a84025fa)]&amp#27;[0m Matched '/elements' to command name 'findElements'
&amp#27;[38;5;32m[AndroidUiautomator2Driver@cb04 (a84025fa)]&amp#27;[0m Proxying [POST /elements] to [POST http://127.0.0.1:8209/session/e13e9c10-6759-487b-84e8-6054836a870e/elements] with body: {"strategy":"id","selector":"com.fivemobile.thescore:id/text_category_name","context":"","multiple":true}
&amp#27;[38;5;32m[AndroidUiautomator2Driver@cb04 (a84025fa)]&amp#27;[0m Got response with status 200: {"sessionId":"e13e9c10-6759-487b-84e8-6054836a870e","value":[{"ELEMENT":"00000000-0000-0464-ffff-ffff000006ef","element-6066-11e4-a52e-4f735466cecf":"00000000-0000-0464-ffff-ffff000006ef"},{"ELEMENT":"00000000-0000-0464-ffff-ffff000006f5","element-6066-11e4-a52e-4f735466cecf":"00000000-0000-0464-ffff-ffff000006f5"},{"ELEMENT":"00000000-0000-0464-ffff-ffff000006fb","element-6066-11e4-a52e-4f735466cecf":"00000000-0000-0464-ffff-ffff000006fb"},{"ELEMENT":"00000000-0000-0464-ffff-ffff00000701","element-6066-11e4-a52e-4f735466cecf":"00000000-0000-0464-ffff-ffff00000701"},{"ELEMENT":"00000000-0000-0464-ffff-ffff00000707","element-6066-11e4-a52e-4f735466cecf":"00000000-0000-0464-ffff-ffff00000707"},{"ELEMENT":"00000000-0000-0464-ffff-ffff00000711","element-6066-11e4-a52e-4f735466cecf":"00000000-0000-0464-ffff-ffff00000711"},{"ELEMENT":"00000000-0000-0464-ffff-ffff00000717","element-6066-11e4-a52e-4f735466cecf":"00000000-0000-0464-ffff-ffff00000717"},{"ELEMENT":"00000000-0000-0464-ffff-ffff0000071d","element-6066-...
&amp#27;[38;5;32m[AndroidUiautomator2Driver@cb04 (a84025fa)]&amp#27;[0m Responding to client with driver.findElements() result: [{"element-6066-11e4-a52e-4f735466cecf":"00000000-0000-0464-ffff-ffff000006ef","ELEMENT":"00000000-0000-0464-ffff-ffff000006ef"},{"element-6066-11e4-a52e-4f735466cecf":"00000000-0000-0464-ffff-ffff000006f5","ELEMENT":"00000000-0000-0464-ffff-ffff000006f5"},{"element-6066-11e4-a52e-4f735466cecf":"00000000-0000-0464-ffff-ffff000006fb","ELEMENT":"00000000-0000-0464-ffff-ffff000006fb"},{"element-6066-11e4-a52e-4f735466cecf":"00000000-0000-0464-ffff-ffff00000701","ELEMENT":"00000000-0000-0464-ffff-ffff00000701"},{"element-6066-11e4-a52e-4f735466cecf":"00000000-0000-0464-ffff-ffff00000707","ELEMENT":"00000000-0000-0464-ffff-ffff00000707"},{"element-6066-11e4-a52e-4f735466cecf":"00000000-0000-0464-ffff-ffff00000711","ELEMENT":"00000000-0000-0464-ffff-ffff00000711"},{"element-6066-11e4-a52e-4f735466cecf":"00000000-0000-0464-ffff-ffff00000717","ELEMENT":"00000000-0000-0464-ffff-ffff00000717"},{"element-6066-11e4-a52e-4f735466cecf":"00000000-0000-0464-ffff-ffff0000071d","ELEMENT":"00000000-0000-0464-ffff-ffff0000071...
&amp#27;[38;5;0m[HTTP]&amp#27;[0m &amp#27;[37m<-- POST /session/a84025fa-87fd-4432-a89c-6e57f823ae73/elements &amp#27;[39m&amp#27;[32m200&amp#27;[39m &amp#27;[90m100 ms - 1291&amp#27;[39m
&amp#27;[38;5;0m[HTTP]&amp#27;[0m &amp#27;[90m&amp#27;[39m
&amp#27;[38;5;0m[HTTP]&amp#27;[0m &amp#27;[37m-->&amp#27;[39m &amp#27;[37mGET&amp#27;[39m &amp#27;[37m/session/a84025fa-87fd-4432-a89c-6e57f823ae73/element/00000000-0000-0464-ffff-ffff0000071d/text&amp#27;[39m
&amp#27;[38;5;0m[HTTP]&amp#27;[0m &amp#27;[90m{}&amp#27;[39m
&amp#27;[38;5;32m[AndroidUiautomator2Driver@cb04 (a84025fa)]&amp#27;[0m Driver proxy active, passing request on via HTTP proxy
&amp#27;[38;5;32m[AndroidUiautomator2Driver@cb04 (a84025fa)]&amp#27;[0m Matched '/session/a84025fa-87fd-4432-a89c-6e57f823ae73/element/00000000-0000-0464-ffff-ffff0000071d/text' to command name 'getText'
&amp#27;[38;5;32m[AndroidUiautomator2Driver@cb04 (a84025fa)]&amp#27;[0m Proxying [GET /session/a84025fa-87fd-4432-a89c-6e57f823ae73/element/00000000-0000-0464-ffff-ffff0000071d/text] to [GET http://127.0.0.1:8209/session/e13e9c10-6759-487b-84e8-6054836a870e/element/00000000-0000-0464-ffff-ffff0000071d/text] with no body
&amp#27;[38;5;32m[AndroidUiautomator2Driver@cb04 (a84025fa)]&amp#27;[0m Got response with status 200: {"sessionId":"e13e9c10-6759-487b-84e8-6054836a870e","value":"Rushing Yards"}
&amp#27;[38;5;32m[AndroidUiautomator2Driver@cb04 (a84025fa)]&amp#27;[0m Replacing sessionId e13e9c10-6759-487b-84e8-6054836a870e with a84025fa-87fd-4432-a89c-6e57f823ae73
&amp#27;[38;5;0m[HTTP]&amp#27;[0m &amp#27;[37m<-- GET /session/a84025fa-87fd-4432-a89c-6e57f823ae73/element/00000000-0000-0464-ffff-ffff0000071d/text &amp#27;[39m&amp#27;[32m200&amp#27;[39m &amp#27;[90m10 ms - 76&amp#27;[39m
&amp#27;[38;5;0m[HTTP]&amp#27;[0m &amp#27;[90m&amp#27;[39m
&amp#27;[38;5;0m[HTTP]&amp#27;[0m &amp#27;[37m-->&amp#27;[39m &amp#27;[37mGET&amp#27;[39m &amp#27;[37m/session/a84025fa-87fd-4432-a89c-6e57f823ae73/context&amp#27;[39m
&amp#27;[38;5;0m[HTTP]&amp#27;[0m &amp#27;[90m{}&amp#27;[39m
&amp#27;[38;5;32m[AndroidUiautomator2Driver@cb04 (a84025fa)]&amp#27;[0m Calling AppiumDriver.getCurrentContext() with args: ["a84025fa-87fd-4432-a89c-6e57f823ae73"]
&amp#27;[38;5;32m[AndroidUiautomator2Driver@cb04 (a84025fa)]&amp#27;[0m Responding to client with driver.getCurrentContext() result: "NATIVE_APP"
&amp#27;[38;5;0m[HTTP]&amp#27;[0m &amp#27;[37m<-- GET /session/a84025fa-87fd-4432-a89c-6e57f823ae73/context &amp#27;[39m&amp#27;[32m200&amp#27;[39m &amp#27;[90m0 ms - 22&amp#27;[39m
&amp#27;[38;5;0m[HTTP]&amp#27;[0m &amp#27;[90m&amp#27;[39m
&amp#27;[38;5;0m[HTTP]&amp#27;[0m &amp#27;[37m-->&amp#27;[39m &amp#27;[37mPOST&amp#27;[39m &amp#27;[37m/session/a84025fa-87fd-4432-a89c-6e57f823ae73/elements&amp#27;[39m
&amp#27;[38;5;0m[HTTP]&amp#27;[0m &amp#27;[90m{"value":"com.fivemobile.thescore:id/text_category_name","using":"id"}&amp#27;[39m
&amp#27;[38;5;32m[AndroidUiautomator2Driver@cb04 (a84025fa)]&amp#27;[0m Calling AppiumDriver.findElements() with args: ["id","com.fivemobile.thescore:id/text_category_name","a84025fa-87fd-4432-a89c-6e57f823ae73"]
&amp#27;[38;5;32m[AndroidUiautomator2Driver@cb04 (a84025fa)]&amp#27;[0m Valid locator strategies for this request: xpath, id, class name, accessibility id, css selector, -android uiautomator
&amp#27;[38;5;32m[AndroidUiautomator2Driver@cb04 (a84025fa)]&amp#27;[0m Waiting up to 10000 ms for condition
&amp#27;[38;5;32m[AndroidUiautomator2Driver@cb04 (a84025fa)]&amp#27;[0m Matched '/elements' to command name 'findElements'
&amp#27;[38;5;32m[AndroidUiautomator2Driver@cb04 (a84025fa)]&amp#27;[0m Proxying [POST /elements] to [POST http://127.0.0.1:8209/session/e13e9c10-6759-487b-84e8-6054836a870e/elements] with body: {"strategy":"id","selector":"com.fivemobile.thescore:id/text_category_name","context":"","multiple":true}
&amp#27;[38;5;32m[AndroidUiautomator2Driver@cb04 (a84025fa)]&amp#27;[0m Got response with status 200: {"sessionId":"e13e9c10-6759-487b-84e8-6054836a870e","value":[{"ELEMENT":"00000000-0000-0464-ffff-ffff000006ef","element-6066-11e4-a52e-4f735466cecf":"00000000-0000-0464-ffff-ffff000006ef"},{"ELEMENT":"00000000-0000-0464-ffff-ffff000006f5","element-6066-11e4-a52e-4f735466cecf":"00000000-0000-0464-ffff-ffff000006f5"},{"ELEMENT":"00000000-0000-0464-ffff-ffff000006fb","element-6066-11e4-a52e-4f735466cecf":"00000000-0000-0464-ffff-ffff000006fb"},{"ELEMENT":"00000000-0000-0464-ffff-ffff00000701","element-6066-11e4-a52e-4f735466cecf":"00000000-0000-0464-ffff-ffff00000701"},{"ELEMENT":"00000000-0000-0464-ffff-ffff00000707","element-6066-11e4-a52e-4f735466cecf":"00000000-0000-0464-ffff-ffff00000707"},{"ELEMENT":"00000000-0000-0464-ffff-ffff00000711","element-6066-11e4-a52e-4f735466cecf":"00000000-0000-0464-ffff-ffff00000711"},{"ELEMENT":"00000000-0000-0464-ffff-ffff00000717","element-6066-11e4-a52e-4f735466cecf":"00000000-0000-0464-ffff-ffff00000717"},{"ELEMENT":"00000000-0000-0464-ffff-ffff0000071d","element-6066-...
&amp#27;[38;5;32m[AndroidUiautomator2Driver@cb04 (a84025fa)]&amp#27;[0m Responding to client with driver.findElements() result: [{"element-6066-11e4-a52e-4f735466cecf":"00000000-0000-0464-ffff-ffff000006ef","ELEMENT":"00000000-0000-0464-ffff-ffff000006ef"},{"element-6066-11e4-a52e-4f735466cecf":"00000000-0000-0464-ffff-ffff000006f5","ELEMENT":"00000000-0000-0464-ffff-ffff000006f5"},{"element-6066-11e4-a52e-4f735466cecf":"00000000-0000-0464-ffff-ffff000006fb","ELEMENT":"00000000-0000-0464-ffff-ffff000006fb"},{"element-6066-11e4-a52e-4f735466cecf":"00000000-0000-0464-ffff-ffff00000701","ELEMENT":"00000000-0000-0464-ffff-ffff00000701"},{"element-6066-11e4-a52e-4f735466cecf":"00000000-0000-0464-ffff-ffff00000707","ELEMENT":"00000000-0000-0464-ffff-ffff00000707"},{"element-6066-11e4-a52e-4f735466cecf":"00000000-0000-0464-ffff-ffff00000711","ELEMENT":"00000000-0000-0464-ffff-ffff00000711"},{"element-6066-11e4-a52e-4f735466cecf":"00000000-0000-0464-ffff-ffff00000717","ELEMENT":"00000000-0000-0464-ffff-ffff00000717"},{"element-6066-11e4-a52e-4f735466cecf":"00000000-0000-0464-ffff-ffff0000071d","ELEMENT":"00000000-0000-0464-ffff-ffff0000071...
&amp#27;[38;5;0m[HTTP]&amp#27;[0m &amp#27;[37m<-- POST /session/a84025fa-87fd-4432-a89c-6e57f823ae73/elements &amp#27;[39m&amp#27;[32m200&amp#27;[39m &amp#27;[90m133 ms - 1291&amp#27;[39m
&amp#27;[38;5;0m[HTTP]&amp#27;[0m &amp#27;[90m&amp#27;[39m
&amp#27;[38;5;0m[HTTP]&amp#27;[0m &amp#27;[37m-->&amp#27;[39m &amp#27;[37mGET&amp#27;[39m &amp#27;[37m/session/a84025fa-87fd-4432-a89c-6e57f823ae73/element/00000000-0000-0464-ffff-ffff0000071d/text&amp#27;[39m
&amp#27;[38;5;0m[HTTP]&amp#27;[0m &amp#27;[90m{}&amp#27;[39m
&amp#27;[38;5;32m[AndroidUiautomator2Driver@cb04 (a84025fa)]&amp#27;[0m Driver proxy active, passing request on via HTTP proxy
&amp#27;[38;5;32m[AndroidUiautomator2Driver@cb04 (a84025fa)]&amp#27;[0m Matched '/session/a84025fa-87fd-4432-a89c-6e57f823ae73/element/00000000-0000-0464-ffff-ffff0000071d/text' to command name 'getText'
&amp#27;[38;5;32m[AndroidUiautomator2Driver@cb04 (a84025fa)]&amp#27;[0m Proxying [GET /session/a84025fa-87fd-4432-a89c-6e57f823ae73/element/00000000-0000-0464-ffff-ffff0000071d/text] to [GET http://127.0.0.1:8209/session/e13e9c10-6759-487b-84e8-6054836a870e/element/00000000-0000-0464-ffff-ffff0000071d/text] with no body
&amp#27;[38;5;32m[AndroidUiautomator2Driver@cb04 (a84025fa)]&amp#27;[0m Got response with status 200: {"sessionId":"e13e9c10-6759-487b-84e8-6054836a870e","value":"Rushing Yards"}
&amp#27;[38;5;32m[AndroidUiautomator2Driver@cb04 (a84025fa)]&amp#27;[0m Replacing sessionId e13e9c10-6759-487b-84e8-6054836a870e with a84025fa-87fd-4432-a89c-6e57f823ae73
&amp#27;[38;5;0m[HTTP]&amp#27;[0m &amp#27;[37m<-- GET /session/a84025fa-87fd-4432-a89c-6e57f823ae73/element/00000000-0000-0464-ffff-ffff0000071d/text &amp#27;[39m&amp#27;[32m200&amp#27;[39m &amp#27;[90m12 ms - 76&amp#27;[39m
&amp#27;[38;5;0m[HTTP]&amp#27;[0m &amp#27;[90m&amp#27;[39m
Text displayed: Rushing Yards
&amp#27;[38;5;0m[HTTP]&amp#27;[0m &amp#27;[37m-->&amp#27;[39m &amp#27;[37mGET&amp#27;[39m &amp#27;[37m/session/a84025fa-87fd-4432-a89c-6e57f823ae73/context&amp#27;[39m
&amp#27;[38;5;0m[HTTP]&amp#27;[0m &amp#27;[90m{}&amp#27;[39m
&amp#27;[38;5;32m[AndroidUiautomator2Driver@cb04 (a84025fa)]&amp#27;[0m Calling AppiumDriver.getCurrentContext() with args: ["a84025fa-87fd-4432-a89c-6e57f823ae73"]
&amp#27;[38;5;32m[AndroidUiautomator2Driver@cb04 (a84025fa)]&amp#27;[0m Responding to client with driver.getCurrentContext() result: "NATIVE_APP"
&amp#27;[38;5;0m[HTTP]&amp#27;[0m &amp#27;[37m<-- GET /session/a84025fa-87fd-4432-a89c-6e57f823ae73/context &amp#27;[39m&amp#27;[32m200&amp#27;[39m &amp#27;[90m1 ms - 22&amp#27;[39m
&amp#27;[38;5;0m[HTTP]&amp#27;[0m &amp#27;[90m&amp#27;[39m
&amp#27;[38;5;0m[HTTP]&amp#27;[0m &amp#27;[37m-->&amp#27;[39m &amp#27;[37mPOST&amp#27;[39m &amp#27;[37m/session/a84025fa-87fd-4432-a89c-6e57f823ae73/elements&amp#27;[39m
&amp#27;[38;5;0m[HTTP]&amp#27;[0m &amp#27;[90m{"value":"com.fivemobile.thescore:id/text_category_name","using":"id"}&amp#27;[39m
&amp#27;[38;5;32m[AndroidUiautomator2Driver@cb04 (a84025fa)]&amp#27;[0m Calling AppiumDriver.findElements() with args: ["id","com.fivemobile.thescore:id/text_category_name","a84025fa-87fd-4432-a89c-6e57f823ae73"]
&amp#27;[38;5;32m[AndroidUiautomator2Driver@cb04 (a84025fa)]&amp#27;[0m Valid locator strategies for this request: xpath, id, class name, accessibility id, css selector, -android uiautomator
&amp#27;[38;5;32m[AndroidUiautomator2Driver@cb04 (a84025fa)]&amp#27;[0m Waiting up to 10000 ms for condition
&amp#27;[38;5;32m[AndroidUiautomator2Driver@cb04 (a84025fa)]&amp#27;[0m Matched '/elements' to command name 'findElements'
&amp#27;[38;5;32m[AndroidUiautomator2Driver@cb04 (a84025fa)]&amp#27;[0m Proxying [POST /elements] to [POST http://127.0.0.1:8209/session/e13e9c10-6759-487b-84e8-6054836a870e/elements] with body: {"strategy":"id","selector":"com.fivemobile.thescore:id/text_category_name","context":"","multiple":true}
&amp#27;[38;5;32m[AndroidUiautomator2Driver@cb04 (a84025fa)]&amp#27;[0m Got response with status 200: {"sessionId":"e13e9c10-6759-487b-84e8-6054836a870e","value":[{"ELEMENT":"00000000-0000-0464-ffff-ffff000006ef","element-6066-11e4-a52e-4f735466cecf":"00000000-0000-0464-ffff-ffff000006ef"},{"ELEMENT":"00000000-0000-0464-ffff-ffff000006f5","element-6066-11e4-a52e-4f735466cecf":"00000000-0000-0464-ffff-ffff000006f5"},{"ELEMENT":"00000000-0000-0464-ffff-ffff000006fb","element-6066-11e4-a52e-4f735466cecf":"00000000-0000-0464-ffff-ffff000006fb"},{"ELEMENT":"00000000-0000-0464-ffff-ffff00000701","element-6066-11e4-a52e-4f735466cecf":"00000000-0000-0464-ffff-ffff00000701"},{"ELEMENT":"00000000-0000-0464-ffff-ffff00000707","element-6066-11e4-a52e-4f735466cecf":"00000000-0000-0464-ffff-ffff00000707"},{"ELEMENT":"00000000-0000-0464-ffff-ffff00000711","element-6066-11e4-a52e-4f735466cecf":"00000000-0000-0464-ffff-ffff00000711"},{"ELEMENT":"00000000-0000-0464-ffff-ffff00000717","element-6066-11e4-a52e-4f735466cecf":"00000000-0000-0464-ffff-ffff00000717"},{"ELEMENT":"00000000-0000-0464-ffff-ffff0000071d","element-6066-...
&amp#27;[38;5;32m[AndroidUiautomator2Driver@cb04 (a84025fa)]&amp#27;[0m Responding to client with driver.findElements() result: [{"element-6066-11e4-a52e-4f735466cecf":"00000000-0000-0464-ffff-ffff000006ef","ELEMENT":"00000000-0000-0464-ffff-ffff000006ef"},{"element-6066-11e4-a52e-4f735466cecf":"00000000-0000-0464-ffff-ffff000006f5","ELEMENT":"00000000-0000-0464-ffff-ffff000006f5"},{"element-6066-11e4-a52e-4f735466cecf":"00000000-0000-0464-ffff-ffff000006fb","ELEMENT":"00000000-0000-0464-ffff-ffff000006fb"},{"element-6066-11e4-a52e-4f735466cecf":"00000000-0000-0464-ffff-ffff00000701","ELEMENT":"00000000-0000-0464-ffff-ffff00000701"},{"element-6066-11e4-a52e-4f735466cecf":"00000000-0000-0464-ffff-ffff00000707","ELEMENT":"00000000-0000-0464-ffff-ffff00000707"},{"element-6066-11e4-a52e-4f735466cecf":"00000000-0000-0464-ffff-ffff00000711","ELEMENT":"00000000-0000-0464-ffff-ffff00000711"},{"element-6066-11e4-a52e-4f735466cecf":"00000000-0000-0464-ffff-ffff00000717","ELEMENT":"00000000-0000-0464-ffff-ffff00000717"},{"element-6066-11e4-a52e-4f735466cecf":"00000000-0000-0464-ffff-ffff0000071d","ELEMENT":"00000000-0000-0464-ffff-ffff0000071...
&amp#27;[38;5;0m[HTTP]&amp#27;[0m &amp#27;[37m<-- POST /session/a84025fa-87fd-4432-a89c-6e57f823ae73/elements &amp#27;[39m&amp#27;[32m200&amp#27;[39m &amp#27;[90m102 ms - 1291&amp#27;[39m
&amp#27;[38;5;0m[HTTP]&amp#27;[0m &amp#27;[90m&amp#27;[39m
&amp#27;[38;5;0m[HTTP]&amp#27;[0m &amp#27;[37m-->&amp#27;[39m &amp#27;[37mGET&amp#27;[39m &amp#27;[37m/session/a84025fa-87fd-4432-a89c-6e57f823ae73/context&amp#27;[39m
&amp#27;[38;5;0m[HTTP]&amp#27;[0m &amp#27;[90m{}&amp#27;[39m
&amp#27;[38;5;32m[AndroidUiautomator2Driver@cb04 (a84025fa)]&amp#27;[0m Calling AppiumDriver.getCurrentContext() with args: ["a84025fa-87fd-4432-a89c-6e57f823ae73"]
&amp#27;[38;5;32m[AndroidUiautomator2Driver@cb04 (a84025fa)]&amp#27;[0m Responding to client with driver.getCurrentContext() result: "NATIVE_APP"
&amp#27;[38;5;0m[HTTP]&amp#27;[0m &amp#27;[37m<-- GET /session/a84025fa-87fd-4432-a89c-6e57f823ae73/context &amp#27;[39m&amp#27;[32m200&amp#27;[39m &amp#27;[90m1 ms - 22&amp#27;[39m
&amp#27;[38;5;0m[HTTP]&amp#27;[0m &amp#27;[90m&amp#27;[39m
&amp#27;[38;5;0m[HTTP]&amp#27;[0m &amp#27;[37m-->&amp#27;[39m &amp#27;[37mPOST&amp#27;[39m &amp#27;[37m/session/a84025fa-87fd-4432-a89c-6e57f823ae73/elements&amp#27;[39m
&amp#27;[38;5;0m[HTTP]&amp#27;[0m &amp#27;[90m{"value":"com.fivemobile.thescore:id/text_category_name","using":"id"}&amp#27;[39m
&amp#27;[38;5;32m[AndroidUiautomator2Driver@cb04 (a84025fa)]&amp#27;[0m Calling AppiumDriver.findElements() with args: ["id","com.fivemobile.thescore:id/text_category_name","a84025fa-87fd-4432-a89c-6e57f823ae73"]
&amp#27;[38;5;32m[AndroidUiautomator2Driver@cb04 (a84025fa)]&amp#27;[0m Valid locator strategies for this request: xpath, id, class name, accessibility id, css selector, -android uiautomator
&amp#27;[38;5;32m[AndroidUiautomator2Driver@cb04 (a84025fa)]&amp#27;[0m Waiting up to 10000 ms for condition
&amp#27;[38;5;32m[AndroidUiautomator2Driver@cb04 (a84025fa)]&amp#27;[0m Matched '/elements' to command name 'findElements'
&amp#27;[38;5;32m[AndroidUiautomator2Driver@cb04 (a84025fa)]&amp#27;[0m Proxying [POST /elements] to [POST http://127.0.0.1:8209/session/e13e9c10-6759-487b-84e8-6054836a870e/elements] with body: {"strategy":"id","selector":"com.fivemobile.thescore:id/text_category_name","context":"","multiple":true}
&amp#27;[38;5;32m[AndroidUiautomator2Driver@cb04 (a84025fa)]&amp#27;[0m Got response with status 200: {"sessionId":"e13e9c10-6759-487b-84e8-6054836a870e","value":[{"ELEMENT":"00000000-0000-0464-ffff-ffff000006ef","element-6066-11e4-a52e-4f735466cecf":"00000000-0000-0464-ffff-ffff000006ef"},{"ELEMENT":"00000000-0000-0464-ffff-ffff000006f5","element-6066-11e4-a52e-4f735466cecf":"00000000-0000-0464-ffff-ffff000006f5"},{"ELEMENT":"00000000-0000-0464-ffff-ffff000006fb","element-6066-11e4-a52e-4f735466cecf":"00000000-0000-0464-ffff-ffff000006fb"},{"ELEMENT":"00000000-0000-0464-ffff-ffff00000701","element-6066-11e4-a52e-4f735466cecf":"00000000-0000-0464-ffff-ffff00000701"},{"ELEMENT":"00000000-0000-0464-ffff-ffff00000707","element-6066-11e4-a52e-4f735466cecf":"00000000-0000-0464-ffff-ffff00000707"},{"ELEMENT":"00000000-0000-0464-ffff-ffff00000711","element-6066-11e4-a52e-4f735466cecf":"00000000-0000-0464-ffff-ffff00000711"},{"ELEMENT":"00000000-0000-0464-ffff-ffff00000717","element-6066-11e4-a52e-4f735466cecf":"00000000-0000-0464-ffff-ffff00000717"},{"ELEMENT":"00000000-0000-0464-ffff-ffff0000071d","element-6066-...
&amp#27;[38;5;32m[AndroidUiautomator2Driver@cb04 (a84025fa)]&amp#27;[0m Responding to client with driver.findElements() result: [{"element-6066-11e4-a52e-4f735466cecf":"00000000-0000-0464-ffff-ffff000006ef","ELEMENT":"00000000-0000-0464-ffff-ffff000006ef"},{"element-6066-11e4-a52e-4f735466cecf":"00000000-0000-0464-ffff-ffff000006f5","ELEMENT":"00000000-0000-0464-ffff-ffff000006f5"},{"element-6066-11e4-a52e-4f735466cecf":"00000000-0000-0464-ffff-ffff000006fb","ELEMENT":"00000000-0000-0464-ffff-ffff000006fb"},{"element-6066-11e4-a52e-4f735466cecf":"00000000-0000-0464-ffff-ffff00000701","ELEMENT":"00000000-0000-0464-ffff-ffff00000701"},{"element-6066-11e4-a52e-4f735466cecf":"00000000-0000-0464-ffff-ffff00000707","ELEMENT":"00000000-0000-0464-ffff-ffff00000707"},{"element-6066-11e4-a52e-4f735466cecf":"00000000-0000-0464-ffff-ffff00000711","ELEMENT":"00000000-0000-0464-ffff-ffff00000711"},{"element-6066-11e4-a52e-4f735466cecf":"00000000-0000-0464-ffff-ffff00000717","ELEMENT":"00000000-0000-0464-ffff-ffff00000717"},{"element-6066-11e4-a52e-4f735466cecf":"00000000-0000-0464-ffff-ffff0000071d","ELEMENT":"00000000-0000-0464-ffff-ffff0000071...
&amp#27;[38;5;0m[HTTP]&amp#27;[0m &amp#27;[37m<-- POST /session/a84025fa-87fd-4432-a89c-6e57f823ae73/elements &amp#27;[39m&amp#27;[32m200&amp#27;[39m &amp#27;[90m81 ms - 1291&amp#27;[39m
&amp#27;[38;5;0m[HTTP]&amp#27;[0m &amp#27;[90m&amp#27;[39m
&amp#27;[38;5;0m[HTTP]&amp#27;[0m &amp#27;[37m-->&amp#27;[39m &amp#27;[37mGET&amp#27;[39m &amp#27;[37m/session/a84025fa-87fd-4432-a89c-6e57f823ae73/element/00000000-0000-0464-ffff-ffff00000723/text&amp#27;[39m
&amp#27;[38;5;0m[HTTP]&amp#27;[0m &amp#27;[90m{}&amp#27;[39m
&amp#27;[38;5;32m[AndroidUiautomator2Driver@cb04 (a84025fa)]&amp#27;[0m Driver proxy active, passing request on via HTTP proxy
&amp#27;[38;5;32m[AndroidUiautomator2Driver@cb04 (a84025fa)]&amp#27;[0m Matched '/session/a84025fa-87fd-4432-a89c-6e57f823ae73/element/00000000-0000-0464-ffff-ffff00000723/text' to command name 'getText'
&amp#27;[38;5;32m[AndroidUiautomator2Driver@cb04 (a84025fa)]&amp#27;[0m Proxying [GET /session/a84025fa-87fd-4432-a89c-6e57f823ae73/element/00000000-0000-0464-ffff-ffff00000723/text] to [GET http://127.0.0.1:8209/session/e13e9c10-6759-487b-84e8-6054836a870e/element/00000000-0000-0464-ffff-ffff00000723/text] with no body
&amp#27;[38;5;32m[AndroidUiautomator2Driver@cb04 (a84025fa)]&amp#27;[0m Got response with status 200: {"sessionId":"e13e9c10-6759-487b-84e8-6054836a870e","value":"Points"}
&amp#27;[38;5;32m[AndroidUiautomator2Driver@cb04 (a84025fa)]&amp#27;[0m Replacing sessionId e13e9c10-6759-487b-84e8-6054836a870e with a84025fa-87fd-4432-a89c-6e57f823ae73
&amp#27;[38;5;0m[HTTP]&amp#27;[0m &amp#27;[37m<-- GET /session/a84025fa-87fd-4432-a89c-6e57f823ae73/element/00000000-0000-0464-ffff-ffff00000723/text &amp#27;[39m&amp#27;[32m200&amp#27;[39m &amp#27;[90m11 ms - 69&amp#27;[39m
&amp#27;[38;5;0m[HTTP]&amp#27;[0m &amp#27;[90m&amp#27;[39m
&amp#27;[38;5;0m[HTTP]&amp#27;[0m &amp#27;[37m-->&amp#27;[39m &amp#27;[37mGET&amp#27;[39m &amp#27;[37m/session/a84025fa-87fd-4432-a89c-6e57f823ae73/context&amp#27;[39m
&amp#27;[38;5;0m[HTTP]&amp#27;[0m &amp#27;[90m{}&amp#27;[39m
&amp#27;[38;5;32m[AndroidUiautomator2Driver@cb04 (a84025fa)]&amp#27;[0m Calling AppiumDriver.getCurrentContext() with args: ["a84025fa-87fd-4432-a89c-6e57f823ae73"]
&amp#27;[38;5;32m[AndroidUiautomator2Driver@cb04 (a84025fa)]&amp#27;[0m Responding to client with driver.getCurrentContext() result: "NATIVE_APP"
&amp#27;[38;5;0m[HTTP]&amp#27;[0m &amp#27;[37m<-- GET /session/a84025fa-87fd-4432-a89c-6e57f823ae73/context &amp#27;[39m&amp#27;[32m200&amp#27;[39m &amp#27;[90m0 ms - 22&amp#27;[39m
&amp#27;[38;5;0m[HTTP]&amp#27;[0m &amp#27;[90m&amp#27;[39m
&amp#27;[38;5;0m[HTTP]&amp#27;[0m &amp#27;[37m-->&amp#27;[39m &amp#27;[37mPOST&amp#27;[39m &amp#27;[37m/session/a84025fa-87fd-4432-a89c-6e57f823ae73/elements&amp#27;[39m
&amp#27;[38;5;0m[HTTP]&amp#27;[0m &amp#27;[90m{"value":"com.fivemobile.thescore:id/text_category_name","using":"id"}&amp#27;[39m
&amp#27;[38;5;32m[AndroidUiautomator2Driver@cb04 (a84025fa)]&amp#27;[0m Calling AppiumDriver.findElements() with args: ["id","com.fivemobile.thescore:id/text_category_name","a84025fa-87fd-4432-a89c-6e57f823ae73"]
&amp#27;[38;5;32m[AndroidUiautomator2Driver@cb04 (a84025fa)]&amp#27;[0m Valid locator strategies for this request: xpath, id, class name, accessibility id, css selector, -android uiautomator
&amp#27;[38;5;32m[AndroidUiautomator2Driver@cb04 (a84025fa)]&amp#27;[0m Waiting up to 10000 ms for condition
&amp#27;[38;5;32m[AndroidUiautomator2Driver@cb04 (a84025fa)]&amp#27;[0m Matched '/elements' to command name 'findElements'
&amp#27;[38;5;32m[AndroidUiautomator2Driver@cb04 (a84025fa)]&amp#27;[0m Proxying [POST /elements] to [POST http://127.0.0.1:8209/session/e13e9c10-6759-487b-84e8-6054836a870e/elements] with body: {"strategy":"id","selector":"com.fivemobile.thescore:id/text_category_name","context":"","multiple":true}
&amp#27;[38;5;32m[AndroidUiautomator2Driver@cb04 (a84025fa)]&amp#27;[0m Got response with status 200: {"sessionId":"e13e9c10-6759-487b-84e8-6054836a870e","value":[{"ELEMENT":"00000000-0000-0464-ffff-ffff000006ef","element-6066-11e4-a52e-4f735466cecf":"00000000-0000-0464-ffff-ffff000006ef"},{"ELEMENT":"00000000-0000-0464-ffff-ffff000006f5","element-6066-11e4-a52e-4f735466cecf":"00000000-0000-0464-ffff-ffff000006f5"},{"ELEMENT":"00000000-0000-0464-ffff-ffff000006fb","element-6066-11e4-a52e-4f735466cecf":"00000000-0000-0464-ffff-ffff000006fb"},{"ELEMENT":"00000000-0000-0464-ffff-ffff00000701","element-6066-11e4-a52e-4f735466cecf":"00000000-0000-0464-ffff-ffff00000701"},{"ELEMENT":"00000000-0000-0464-ffff-ffff00000707","element-6066-11e4-a52e-4f735466cecf":"00000000-0000-0464-ffff-ffff00000707"},{"ELEMENT":"00000000-0000-0464-ffff-ffff00000711","element-6066-11e4-a52e-4f735466cecf":"00000000-0000-0464-ffff-ffff00000711"},{"ELEMENT":"00000000-0000-0464-ffff-ffff00000717","element-6066-11e4-a52e-4f735466cecf":"00000000-0000-0464-ffff-ffff00000717"},{"ELEMENT":"00000000-0000-0464-ffff-ffff0000071d","element-6066-...
&amp#27;[38;5;32m[AndroidUiautomator2Driver@cb04 (a84025fa)]&amp#27;[0m Responding to client with driver.findElements() result: [{"element-6066-11e4-a52e-4f735466cecf":"00000000-0000-0464-ffff-ffff000006ef","ELEMENT":"00000000-0000-0464-ffff-ffff000006ef"},{"element-6066-11e4-a52e-4f735466cecf":"00000000-0000-0464-ffff-ffff000006f5","ELEMENT":"00000000-0000-0464-ffff-ffff000006f5"},{"element-6066-11e4-a52e-4f735466cecf":"00000000-0000-0464-ffff-ffff000006fb","ELEMENT":"00000000-0000-0464-ffff-ffff000006fb"},{"element-6066-11e4-a52e-4f735466cecf":"00000000-0000-0464-ffff-ffff00000701","ELEMENT":"00000000-0000-0464-ffff-ffff00000701"},{"element-6066-11e4-a52e-4f735466cecf":"00000000-0000-0464-ffff-ffff00000707","ELEMENT":"00000000-0000-0464-ffff-ffff00000707"},{"element-6066-11e4-a52e-4f735466cecf":"00000000-0000-0464-ffff-ffff00000711","ELEMENT":"00000000-0000-0464-ffff-ffff00000711"},{"element-6066-11e4-a52e-4f735466cecf":"00000000-0000-0464-ffff-ffff00000717","ELEMENT":"00000000-0000-0464-ffff-ffff00000717"},{"element-6066-11e4-a52e-4f735466cecf":"00000000-0000-0464-ffff-ffff0000071d","ELEMENT":"00000000-0000-0464-ffff-ffff0000071...
&amp#27;[38;5;0m[HTTP]&amp#27;[0m &amp#27;[37m<-- POST /session/a84025fa-87fd-4432-a89c-6e57f823ae73/elements &amp#27;[39m&amp#27;[32m200&amp#27;[39m &amp#27;[90m103 ms - 1291&amp#27;[39m
&amp#27;[38;5;0m[HTTP]&amp#27;[0m &amp#27;[90m&amp#27;[39m
&amp#27;[38;5;0m[HTTP]&amp#27;[0m &amp#27;[37m-->&amp#27;[39m &amp#27;[37mGET&amp#27;[39m &amp#27;[37m/session/a84025fa-87fd-4432-a89c-6e57f823ae73/element/00000000-0000-0464-ffff-ffff00000723/text&amp#27;[39m
&amp#27;[38;5;0m[HTTP]&amp#27;[0m &amp#27;[90m{}&amp#27;[39m
&amp#27;[38;5;32m[AndroidUiautomator2Driver@cb04 (a84025fa)]&amp#27;[0m Driver proxy active, passing request on via HTTP proxy
&amp#27;[38;5;32m[AndroidUiautomator2Driver@cb04 (a84025fa)]&amp#27;[0m Matched '/session/a84025fa-87fd-4432-a89c-6e57f823ae73/element/00000000-0000-0464-ffff-ffff00000723/text' to command name 'getText'
&amp#27;[38;5;32m[AndroidUiautomator2Driver@cb04 (a84025fa)]&amp#27;[0m Proxying [GET /session/a84025fa-87fd-4432-a89c-6e57f823ae73/element/00000000-0000-0464-ffff-ffff00000723/text] to [GET http://127.0.0.1:8209/session/e13e9c10-6759-487b-84e8-6054836a870e/element/00000000-0000-0464-ffff-ffff00000723/text] with no body
&amp#27;[38;5;32m[AndroidUiautomator2Driver@cb04 (a84025fa)]&amp#27;[0m Got response with status 200: {"sessionId":"e13e9c10-6759-487b-84e8-6054836a870e","value":"Points"}
&amp#27;[38;5;32m[AndroidUiautomator2Driver@cb04 (a84025fa)]&amp#27;[0m Replacing sessionId e13e9c10-6759-487b-84e8-6054836a870e with a84025fa-87fd-4432-a89c-6e57f823ae73
&amp#27;[38;5;0m[HTTP]&amp#27;[0m &amp#27;[37m<-- GET /session/a84025fa-87fd-4432-a89c-6e57f823ae73/element/00000000-0000-0464-ffff-ffff00000723/text &amp#27;[39m&amp#27;[32m200&amp#27;[39m &amp#27;[90m12 ms - 69&amp#27;[39m
&amp#27;[38;5;0m[HTTP]&amp#27;[0m &amp#27;[90m&amp#27;[39m
&amp#27;[38;5;0m[HTTP]&amp#27;[0m &amp#27;[37m-->&amp#27;[39m &amp#27;[37mGET&amp#27;[39m &amp#27;[37m/session/a84025fa-87fd-4432-a89c-6e57f823ae73/context&amp#27;[39m
&amp#27;[38;5;0m[HTTP]&amp#27;[0m &amp#27;[90m{}&amp#27;[39m
&amp#27;[38;5;32m[AndroidUiautomator2Driver@cb04 (a84025fa)]&amp#27;[0m Calling AppiumDriver.getCurrentContext() with args: ["a84025fa-87fd-4432-a89c-6e57f823ae73"]
&amp#27;[38;5;32m[AndroidUiautomator2Driver@cb04 (a84025fa)]&amp#27;[0m Responding to client with driver.getCurrentContext() result: "NATIVE_APP"
&amp#27;[38;5;0m[HTTP]&amp#27;[0m &amp#27;[37m<-- GET /session/a84025fa-87fd-4432-a89c-6e57f823ae73/context &amp#27;[39m&amp#27;[32m200&amp#27;[39m &amp#27;[90m1 ms - 22&amp#27;[39m
&amp#27;[38;5;0m[HTTP]&amp#27;[0m &amp#27;[90m&amp#27;[39m
&amp#27;[38;5;0m[HTTP]&amp#27;[0m &amp#27;[37m-->&amp#27;[39m &amp#27;[37mPOST&amp#27;[39m &amp#27;[37m/session/a84025fa-87fd-4432-a89c-6e57f823ae73/elements&amp#27;[39m
&amp#27;[38;5;0m[HTTP]&amp#27;[0m &amp#27;[90m{"value":"com.fivemobile.thescore:id/text_category_name","using":"id"}&amp#27;[39m
&amp#27;[38;5;32m[AndroidUiautomator2Driver@cb04 (a84025fa)]&amp#27;[0m Calling AppiumDriver.findElements() with args: ["id","com.fivemobile.thescore:id/text_category_name","a84025fa-87fd-4432-a89c-6e57f823ae73"]
&amp#27;[38;5;32m[AndroidUiautomator2Driver@cb04 (a84025fa)]&amp#27;[0m Valid locator strategies for this request: xpath, id, class name, accessibility id, css selector, -android uiautomator
&amp#27;[38;5;32m[AndroidUiautomator2Driver@cb04 (a84025fa)]&amp#27;[0m Waiting up to 10000 ms for condition
&amp#27;[38;5;32m[AndroidUiautomator2Driver@cb04 (a84025fa)]&amp#27;[0m Matched '/elements' to command name 'findElements'
&amp#27;[38;5;32m[AndroidUiautomator2Driver@cb04 (a84025fa)]&amp#27;[0m Proxying [POST /elements] to [POST http://127.0.0.1:8209/session/e13e9c10-6759-487b-84e8-6054836a870e/elements] with body: {"strategy":"id","selector":"com.fivemobile.thescore:id/text_category_name","context":"","multiple":true}
&amp#27;[38;5;32m[AndroidUiautomator2Driver@cb04 (a84025fa)]&amp#27;[0m Got response with status 200: {"sessionId":"e13e9c10-6759-487b-84e8-6054836a870e","value":[{"ELEMENT":"00000000-0000-0464-ffff-ffff000006ef","element-6066-11e4-a52e-4f735466cecf":"00000000-0000-0464-ffff-ffff000006ef"},{"ELEMENT":"00000000-0000-0464-ffff-ffff000006f5","element-6066-11e4-a52e-4f735466cecf":"00000000-0000-0464-ffff-ffff000006f5"},{"ELEMENT":"00000000-0000-0464-ffff-ffff000006fb","element-6066-11e4-a52e-4f735466cecf":"00000000-0000-0464-ffff-ffff000006fb"},{"ELEMENT":"00000000-0000-0464-ffff-ffff00000701","element-6066-11e4-a52e-4f735466cecf":"00000000-0000-0464-ffff-ffff00000701"},{"ELEMENT":"00000000-0000-0464-ffff-ffff00000707","element-6066-11e4-a52e-4f735466cecf":"00000000-0000-0464-ffff-ffff00000707"},{"ELEMENT":"00000000-0000-0464-ffff-ffff00000711","element-6066-11e4-a52e-4f735466cecf":"00000000-0000-0464-ffff-ffff00000711"},{"ELEMENT":"00000000-0000-0464-ffff-ffff00000717","element-6066-11e4-a52e-4f735466cecf":"00000000-0000-0464-ffff-ffff00000717"},{"ELEMENT":"00000000-0000-0464-ffff-ffff0000071d","element-6066-...
&amp#27;[38;5;32m[AndroidUiautomator2Driver@cb04 (a84025fa)]&amp#27;[0m Responding to client with driver.findElements() result: [{"element-6066-11e4-a52e-4f735466cecf":"00000000-0000-0464-ffff-ffff000006ef","ELEMENT":"00000000-0000-0464-ffff-ffff000006ef"},{"element-6066-11e4-a52e-4f735466cecf":"00000000-0000-0464-ffff-ffff000006f5","ELEMENT":"00000000-0000-0464-ffff-ffff000006f5"},{"element-6066-11e4-a52e-4f735466cecf":"00000000-0000-0464-ffff-ffff000006fb","ELEMENT":"00000000-0000-0464-ffff-ffff000006fb"},{"element-6066-11e4-a52e-4f735466cecf":"00000000-0000-0464-ffff-ffff00000701","ELEMENT":"00000000-0000-0464-ffff-ffff00000701"},{"element-6066-11e4-a52e-4f735466cecf":"00000000-0000-0464-ffff-ffff00000707","ELEMENT":"00000000-0000-0464-ffff-ffff00000707"},{"element-6066-11e4-a52e-4f735466cecf":"00000000-0000-0464-ffff-ffff00000711","ELEMENT":"00000000-0000-0464-ffff-ffff00000711"},{"element-6066-11e4-a52e-4f735466cecf":"00000000-0000-0464-ffff-ffff00000717","ELEMENT":"00000000-0000-0464-ffff-ffff00000717"},{"element-6066-11e4-a52e-4f735466cecf":"00000000-0000-0464-ffff-ffff0000071d","ELEMENT":"00000000-0000-0464-ffff-ffff0000071...
&amp#27;[38;5;0m[HTTP]&amp#27;[0m &amp#27;[37m<-- POST /session/a84025fa-87fd-4432-a89c-6e57f823ae73/elements &amp#27;[39m&amp#27;[32m200&amp#27;[39m &amp#27;[90m102 ms - 1291&amp#27;[39m
&amp#27;[38;5;0m[HTTP]&amp#27;[0m &amp#27;[90m&amp#27;[39m
&amp#27;[38;5;0m[HTTP]&amp#27;[0m &amp#27;[37m-->&amp#27;[39m &amp#27;[37mGET&amp#27;[39m &amp#27;[37m/session/a84025fa-87fd-4432-a89c-6e57f823ae73/element/00000000-0000-0464-ffff-ffff00000723/text&amp#27;[39m
&amp#27;[38;5;0m[HTTP]&amp#27;[0m &amp#27;[90m{}&amp#27;[39m
&amp#27;[38;5;32m[AndroidUiautomator2Driver@cb04 (a84025fa)]&amp#27;[0m Driver proxy active, passing request on via HTTP proxy
&amp#27;[38;5;32m[AndroidUiautomator2Driver@cb04 (a84025fa)]&amp#27;[0m Matched '/session/a84025fa-87fd-4432-a89c-6e57f823ae73/element/00000000-0000-0464-ffff-ffff00000723/text' to command name 'getText'
&amp#27;[38;5;32m[AndroidUiautomator2Driver@cb04 (a84025fa)]&amp#27;[0m Proxying [GET /session/a84025fa-87fd-4432-a89c-6e57f823ae73/element/00000000-0000-0464-ffff-ffff00000723/text] to [GET http://127.0.0.1:8209/session/e13e9c10-6759-487b-84e8-6054836a870e/element/00000000-0000-0464-ffff-ffff00000723/text] with no body
&amp#27;[38;5;32m[AndroidUiautomator2Driver@cb04 (a84025fa)]&amp#27;[0m Got response with status 200: {"sessionId":"e13e9c10-6759-487b-84e8-6054836a870e","value":"Points"}
&amp#27;[38;5;32m[AndroidUiautomator2Driver@cb04 (a84025fa)]&amp#27;[0m Replacing sessionId e13e9c10-6759-487b-84e8-6054836a870e with a84025fa-87fd-4432-a89c-6e57f823ae73
&amp#27;[38;5;0m[HTTP]&amp#27;[0m &amp#27;[37m<-- GET /session/a84025fa-87fd-4432-a89c-6e57f823ae73/element/00000000-0000-0464-ffff-ffff00000723/text &amp#27;[39m&amp#27;[32m200&amp#27;[39m &amp#27;[90m11 ms - 69&amp#27;[39m
&amp#27;[38;5;0m[HTTP]&amp#27;[0m &amp#27;[90m&amp#27;[39m
&amp#27;[38;5;0m[HTTP]&amp#27;[0m &amp#27;[37m-->&amp#27;[39m &amp#27;[37mGET&amp#27;[39m &amp#27;[37m/session/a84025fa-87fd-4432-a89c-6e57f823ae73/context&amp#27;[39m
&amp#27;[38;5;0m[HTTP]&amp#27;[0m &amp#27;[90m{}&amp#27;[39m
&amp#27;[38;5;32m[AndroidUiautomator2Driver@cb04 (a84025fa)]&amp#27;[0m Calling AppiumDriver.getCurrentContext() with args: ["a84025fa-87fd-4432-a89c-6e57f823ae73"]
&amp#27;[38;5;32m[AndroidUiautomator2Driver@cb04 (a84025fa)]&amp#27;[0m Responding to client with driver.getCurrentContext() result: "NATIVE_APP"
&amp#27;[38;5;0m[HTTP]&amp#27;[0m &amp#27;[37m<-- GET /session/a84025fa-87fd-4432-a89c-6e57f823ae73/context &amp#27;[39m&amp#27;[32m200&amp#27;[39m &amp#27;[90m1 ms - 22&amp#27;[39m
&amp#27;[38;5;0m[HTTP]&amp#27;[0m &amp#27;[90m&amp#27;[39m
&amp#27;[38;5;0m[HTTP]&amp#27;[0m &amp#27;[37m-->&amp#27;[39m &amp#27;[37mPOST&amp#27;[39m &amp#27;[37m/session/a84025fa-87fd-4432-a89c-6e57f823ae73/elements&amp#27;[39m
&amp#27;[38;5;0m[HTTP]&amp#27;[0m &amp#27;[90m{"value":"com.fivemobile.thescore:id/text_category_name","using":"id"}&amp#27;[39m
&amp#27;[38;5;32m[AndroidUiautomator2Driver@cb04 (a84025fa)]&amp#27;[0m Calling AppiumDriver.findElements() with args: ["id","com.fivemobile.thescore:id/text_category_name","a84025fa-87fd-4432-a89c-6e57f823ae73"]
&amp#27;[38;5;32m[AndroidUiautomator2Driver@cb04 (a84025fa)]&amp#27;[0m Valid locator strategies for this request: xpath, id, class name, accessibility id, css selector, -android uiautomator
&amp#27;[38;5;32m[AndroidUiautomator2Driver@cb04 (a84025fa)]&amp#27;[0m Waiting up to 10000 ms for condition
&amp#27;[38;5;32m[AndroidUiautomator2Driver@cb04 (a84025fa)]&amp#27;[0m Matched '/elements' to command name 'findElements'
&amp#27;[38;5;32m[AndroidUiautomator2Driver@cb04 (a84025fa)]&amp#27;[0m Proxying [POST /elements] to [POST http://127.0.0.1:8209/session/e13e9c10-6759-487b-84e8-6054836a870e/elements] with body: {"strategy":"id","selector":"com.fivemobile.thescore:id/text_category_name","context":"","multiple":true}
&amp#27;[38;5;32m[AndroidUiautomator2Driver@cb04 (a84025fa)]&amp#27;[0m Got response with status 200: {"sessionId":"e13e9c10-6759-487b-84e8-6054836a870e","value":[{"ELEMENT":"00000000-0000-0464-ffff-ffff000006ef","element-6066-11e4-a52e-4f735466cecf":"00000000-0000-0464-ffff-ffff000006ef"},{"ELEMENT":"00000000-0000-0464-ffff-ffff000006f5","element-6066-11e4-a52e-4f735466cecf":"00000000-0000-0464-ffff-ffff000006f5"},{"ELEMENT":"00000000-0000-0464-ffff-ffff000006fb","element-6066-11e4-a52e-4f735466cecf":"00000000-0000-0464-ffff-ffff000006fb"},{"ELEMENT":"00000000-0000-0464-ffff-ffff00000701","element-6066-11e4-a52e-4f735466cecf":"00000000-0000-0464-ffff-ffff00000701"},{"ELEMENT":"00000000-0000-0464-ffff-ffff00000707","element-6066-11e4-a52e-4f735466cecf":"00000000-0000-0464-ffff-ffff00000707"},{"ELEMENT":"00000000-0000-0464-ffff-ffff00000711","element-6066-11e4-a52e-4f735466cecf":"00000000-0000-0464-ffff-ffff00000711"},{"ELEMENT":"00000000-0000-0464-ffff-ffff00000717","element-6066-11e4-a52e-4f735466cecf":"00000000-0000-0464-ffff-ffff00000717"},{"ELEMENT":"00000000-0000-0464-ffff-ffff0000071d","element-6066-...
&amp#27;[38;5;32m[AndroidUiautomator2Driver@cb04 (a84025fa)]&amp#27;[0m Responding to client with driver.findElements() result: [{"element-6066-11e4-a52e-4f735466cecf":"00000000-0000-0464-ffff-ffff000006ef","ELEMENT":"00000000-0000-0464-ffff-ffff000006ef"},{"element-6066-11e4-a52e-4f735466cecf":"00000000-0000-0464-ffff-ffff000006f5","ELEMENT":"00000000-0000-0464-ffff-ffff000006f5"},{"element-6066-11e4-a52e-4f735466cecf":"00000000-0000-0464-ffff-ffff000006fb","ELEMENT":"00000000-0000-0464-ffff-ffff000006fb"},{"element-6066-11e4-a52e-4f735466cecf":"00000000-0000-0464-ffff-ffff00000701","ELEMENT":"00000000-0000-0464-ffff-ffff00000701"},{"element-6066-11e4-a52e-4f735466cecf":"00000000-0000-0464-ffff-ffff00000707","ELEMENT":"00000000-0000-0464-ffff-ffff00000707"},{"element-6066-11e4-a52e-4f735466cecf":"00000000-0000-0464-ffff-ffff00000711","ELEMENT":"00000000-0000-0464-ffff-ffff00000711"},{"element-6066-11e4-a52e-4f735466cecf":"00000000-0000-0464-ffff-ffff00000717","ELEMENT":"00000000-0000-0464-ffff-ffff00000717"},{"element-6066-11e4-a52e-4f735466cecf":"00000000-0000-0464-ffff-ffff0000071d","ELEMENT":"00000000-0000-0464-ffff-ffff0000071...
&amp#27;[38;5;0m[HTTP]&amp#27;[0m &amp#27;[37m<-- POST /session/a84025fa-87fd-4432-a89c-6e57f823ae73/elements &amp#27;[39m&amp#27;[32m200&amp#27;[39m &amp#27;[90m93 ms - 1291&amp#27;[39m
&amp#27;[38;5;0m[HTTP]&amp#27;[0m &amp#27;[90m&amp#27;[39m
&amp#27;[38;5;0m[HTTP]&amp#27;[0m &amp#27;[37m-->&amp#27;[39m &amp#27;[37mGET&amp#27;[39m &amp#27;[37m/session/a84025fa-87fd-4432-a89c-6e57f823ae73/element/00000000-0000-0464-ffff-ffff00000723/text&amp#27;[39m
&amp#27;[38;5;0m[HTTP]&amp#27;[0m &amp#27;[90m{}&amp#27;[39m
&amp#27;[38;5;32m[AndroidUiautomator2Driver@cb04 (a84025fa)]&amp#27;[0m Driver proxy active, passing request on via HTTP proxy
&amp#27;[38;5;32m[AndroidUiautomator2Driver@cb04 (a84025fa)]&amp#27;[0m Matched '/session/a84025fa-87fd-4432-a89c-6e57f823ae73/element/00000000-0000-0464-ffff-ffff00000723/text' to command name 'getText'
&amp#27;[38;5;32m[AndroidUiautomator2Driver@cb04 (a84025fa)]&amp#27;[0m Proxying [GET /session/a84025fa-87fd-4432-a89c-6e57f823ae73/element/00000000-0000-0464-ffff-ffff00000723/text] to [GET http://127.0.0.1:8209/session/e13e9c10-6759-487b-84e8-6054836a870e/element/00000000-0000-0464-ffff-ffff00000723/text] with no body
&amp#27;[38;5;32m[AndroidUiautomator2Driver@cb04 (a84025fa)]&amp#27;[0m Got response with status 200: {"sessionId":"e13e9c10-6759-487b-84e8-6054836a870e","value":"Points"}
&amp#27;[38;5;32m[AndroidUiautomator2Driver@cb04 (a84025fa)]&amp#27;[0m Replacing sessionId e13e9c10-6759-487b-84e8-6054836a870e with a84025fa-87fd-4432-a89c-6e57f823ae73
&amp#27;[38;5;0m[HTTP]&amp#27;[0m &amp#27;[37m<-- GET /session/a84025fa-87fd-4432-a89c-6e57f823ae73/element/00000000-0000-0464-ffff-ffff00000723/text &amp#27;[39m&amp#27;[32m200&amp#27;[39m &amp#27;[90m14 ms - 69&amp#27;[39m
&amp#27;[38;5;0m[HTTP]&amp#27;[0m &amp#27;[90m&amp#27;[39m
&amp#27;[38;5;0m[HTTP]&amp#27;[0m &amp#27;[37m-->&amp#27;[39m &amp#27;[37mGET&amp#27;[39m &amp#27;[37m/session/a84025fa-87fd-4432-a89c-6e57f823ae73/context&amp#27;[39m
&amp#27;[38;5;0m[HTTP]&amp#27;[0m &amp#27;[90m{}&amp#27;[39m
&amp#27;[38;5;32m[AndroidUiautomator2Driver@cb04 (a84025fa)]&amp#27;[0m Calling AppiumDriver.getCurrentContext() with args: ["a84025fa-87fd-4432-a89c-6e57f823ae73"]
&amp#27;[38;5;32m[AndroidUiautomator2Driver@cb04 (a84025fa)]&amp#27;[0m Responding to client with driver.getCurrentContext() result: "NATIVE_APP"
&amp#27;[38;5;0m[HTTP]&amp#27;[0m &amp#27;[37m<-- GET /session/a84025fa-87fd-4432-a89c-6e57f823ae73/context &amp#27;[39m&amp#27;[32m200&amp#27;[39m &amp#27;[90m1 ms - 22&amp#27;[39m
&amp#27;[38;5;0m[HTTP]&amp#27;[0m &amp#27;[90m&amp#27;[39m
&amp#27;[38;5;0m[HTTP]&amp#27;[0m &amp#27;[37m-->&amp#27;[39m &amp#27;[37mPOST&amp#27;[39m &amp#27;[37m/session/a84025fa-87fd-4432-a89c-6e57f823ae73/elements&amp#27;[39m
&amp#27;[38;5;0m[HTTP]&amp#27;[0m &amp#27;[90m{"value":"com.fivemobile.thescore:id/text_category_name","using":"id"}&amp#27;[39m
&amp#27;[38;5;32m[AndroidUiautomator2Driver@cb04 (a84025fa)]&amp#27;[0m Calling AppiumDriver.findElements() with args: ["id","com.fivemobile.thescore:id/text_category_name","a84025fa-87fd-4432-a89c-6e57f823ae73"]
&amp#27;[38;5;32m[AndroidUiautomator2Driver@cb04 (a84025fa)]&amp#27;[0m Valid locator strategies for this request: xpath, id, class name, accessibility id, css selector, -android uiautomator
&amp#27;[38;5;32m[AndroidUiautomator2Driver@cb04 (a84025fa)]&amp#27;[0m Waiting up to 10000 ms for condition
&amp#27;[38;5;32m[AndroidUiautomator2Driver@cb04 (a84025fa)]&amp#27;[0m Matched '/elements' to command name 'findElements'
&amp#27;[38;5;32m[AndroidUiautomator2Driver@cb04 (a84025fa)]&amp#27;[0m Proxying [POST /elements] to [POST http://127.0.0.1:8209/session/e13e9c10-6759-487b-84e8-6054836a870e/elements] with body: {"strategy":"id","selector":"com.fivemobile.thescore:id/text_category_name","context":"","multiple":true}
&amp#27;[38;5;32m[AndroidUiautomator2Driver@cb04 (a84025fa)]&amp#27;[0m Got response with status 200: {"sessionId":"e13e9c10-6759-487b-84e8-6054836a870e","value":[{"ELEMENT":"00000000-0000-0464-ffff-ffff000006ef","element-6066-11e4-a52e-4f735466cecf":"00000000-0000-0464-ffff-ffff000006ef"},{"ELEMENT":"00000000-0000-0464-ffff-ffff000006f5","element-6066-11e4-a52e-4f735466cecf":"00000000-0000-0464-ffff-ffff000006f5"},{"ELEMENT":"00000000-0000-0464-ffff-ffff000006fb","element-6066-11e4-a52e-4f735466cecf":"00000000-0000-0464-ffff-ffff000006fb"},{"ELEMENT":"00000000-0000-0464-ffff-ffff00000701","element-6066-11e4-a52e-4f735466cecf":"00000000-0000-0464-ffff-ffff00000701"},{"ELEMENT":"00000000-0000-0464-ffff-ffff00000707","element-6066-11e4-a52e-4f735466cecf":"00000000-0000-0464-ffff-ffff00000707"},{"ELEMENT":"00000000-0000-0464-ffff-ffff00000711","element-6066-11e4-a52e-4f735466cecf":"00000000-0000-0464-ffff-ffff00000711"},{"ELEMENT":"00000000-0000-0464-ffff-ffff00000717","element-6066-11e4-a52e-4f735466cecf":"00000000-0000-0464-ffff-ffff00000717"},{"ELEMENT":"00000000-0000-0464-ffff-ffff0000071d","element-6066-...
&amp#27;[38;5;32m[AndroidUiautomator2Driver@cb04 (a84025fa)]&amp#27;[0m Responding to client with driver.findElements() result: [{"element-6066-11e4-a52e-4f735466cecf":"00000000-0000-0464-ffff-ffff000006ef","ELEMENT":"00000000-0000-0464-ffff-ffff000006ef"},{"element-6066-11e4-a52e-4f735466cecf":"00000000-0000-0464-ffff-ffff000006f5","ELEMENT":"00000000-0000-0464-ffff-ffff000006f5"},{"element-6066-11e4-a52e-4f735466cecf":"00000000-0000-0464-ffff-ffff000006fb","ELEMENT":"00000000-0000-0464-ffff-ffff000006fb"},{"element-6066-11e4-a52e-4f735466cecf":"00000000-0000-0464-ffff-ffff00000701","ELEMENT":"00000000-0000-0464-ffff-ffff00000701"},{"element-6066-11e4-a52e-4f735466cecf":"00000000-0000-0464-ffff-ffff00000707","ELEMENT":"00000000-0000-0464-ffff-ffff00000707"},{"element-6066-11e4-a52e-4f735466cecf":"00000000-0000-0464-ffff-ffff00000711","ELEMENT":"00000000-0000-0464-ffff-ffff00000711"},{"element-6066-11e4-a52e-4f735466cecf":"00000000-0000-0464-ffff-ffff00000717","ELEMENT":"00000000-0000-0464-ffff-ffff00000717"},{"element-6066-11e4-a52e-4f735466cecf":"00000000-0000-0464-ffff-ffff0000071d","ELEMENT":"00000000-0000-0464-ffff-ffff0000071...
&amp#27;[38;5;0m[HTTP]&amp#27;[0m &amp#27;[37m<-- POST /session/a84025fa-87fd-4432-a89c-6e57f823ae73/elements &amp#27;[39m&amp#27;[32m200&amp#27;[39m &amp#27;[90m113 ms - 1291&amp#27;[39m
&amp#27;[38;5;0m[HTTP]&amp#27;[0m &amp#27;[90m&amp#27;[39m
&amp#27;[38;5;0m[HTTP]&amp#27;[0m &amp#27;[37m-->&amp#27;[39m &amp#27;[37mGET&amp#27;[39m &amp#27;[37m/session/a84025fa-87fd-4432-a89c-6e57f823ae73/element/00000000-0000-0464-ffff-ffff00000723/text&amp#27;[39m
&amp#27;[38;5;0m[HTTP]&amp#27;[0m &amp#27;[90m{}&amp#27;[39m
&amp#27;[38;5;32m[AndroidUiautomator2Driver@cb04 (a84025fa)]&amp#27;[0m Driver proxy active, passing request on via HTTP proxy
&amp#27;[38;5;32m[AndroidUiautomator2Driver@cb04 (a84025fa)]&amp#27;[0m Matched '/session/a84025fa-87fd-4432-a89c-6e57f823ae73/element/00000000-0000-0464-ffff-ffff00000723/text' to command name 'getText'
&amp#27;[38;5;32m[AndroidUiautomator2Driver@cb04 (a84025fa)]&amp#27;[0m Proxying [GET /session/a84025fa-87fd-4432-a89c-6e57f823ae73/element/00000000-0000-0464-ffff-ffff00000723/text] to [GET http://127.0.0.1:8209/session/e13e9c10-6759-487b-84e8-6054836a870e/element/00000000-0000-0464-ffff-ffff00000723/text] with no body
&amp#27;[38;5;32m[AndroidUiautomator2Driver@cb04 (a84025fa)]&amp#27;[0m Got response with status 200: {"sessionId":"e13e9c10-6759-487b-84e8-6054836a870e","value":"Points"}
&amp#27;[38;5;32m[AndroidUiautomator2Driver@cb04 (a84025fa)]&amp#27;[0m Replacing sessionId e13e9c10-6759-487b-84e8-6054836a870e with a84025fa-87fd-4432-a89c-6e57f823ae73
&amp#27;[38;5;0m[HTTP]&amp#27;[0m &amp#27;[37m<-- GET /session/a84025fa-87fd-4432-a89c-6e57f823ae73/element/00000000-0000-0464-ffff-ffff00000723/text &amp#27;[39m&amp#27;[32m200&amp#27;[39m &amp#27;[90m10 ms - 69&amp#27;[39m
&amp#27;[38;5;0m[HTTP]&amp#27;[0m &amp#27;[90m&amp#27;[39m
Text displayed: Points
&amp#27;[38;5;0m[HTTP]&amp#27;[0m &amp#27;[37m-->&amp#27;[39m &amp#27;[37mGET&amp#27;[39m &amp#27;[37m/session/a84025fa-87fd-4432-a89c-6e57f823ae73/context&amp#27;[39m
&amp#27;[38;5;0m[HTTP]&amp#27;[0m &amp#27;[90m{}&amp#27;[39m
&amp#27;[38;5;32m[AndroidUiautomator2Driver@cb04 (a84025fa)]&amp#27;[0m Calling AppiumDriver.getCurrentContext() with args: ["a84025fa-87fd-4432-a89c-6e57f823ae73"]
&amp#27;[38;5;32m[AndroidUiautomator2Driver@cb04 (a84025fa)]&amp#27;[0m Responding to client with driver.getCurrentContext() result: "NATIVE_APP"
&amp#27;[38;5;0m[HTTP]&amp#27;[0m &amp#27;[37m<-- GET /session/a84025fa-87fd-4432-a89c-6e57f823ae73/context &amp#27;[39m&amp#27;[32m200&amp#27;[39m &amp#27;[90m1 ms - 22&amp#27;[39m
&amp#27;[38;5;0m[HTTP]&amp#27;[0m &amp#27;[90m&amp#27;[39m
&amp#27;[38;5;0m[HTTP]&amp#27;[0m &amp#27;[37m-->&amp#27;[39m &amp#27;[37mPOST&amp#27;[39m &amp#27;[37m/session/a84025fa-87fd-4432-a89c-6e57f823ae73/elements&amp#27;[39m
&amp#27;[38;5;0m[HTTP]&amp#27;[0m &amp#27;[90m{"value":"com.fivemobile.thescore:id/text_category_name","using":"id"}&amp#27;[39m
&amp#27;[38;5;32m[AndroidUiautomator2Driver@cb04 (a84025fa)]&amp#27;[0m Calling AppiumDriver.findElements() with args: ["id","com.fivemobile.thescore:id/text_category_name","a84025fa-87fd-4432-a89c-6e57f823ae73"]
&amp#27;[38;5;32m[AndroidUiautomator2Driver@cb04 (a84025fa)]&amp#27;[0m Valid locator strategies for this request: xpath, id, class name, accessibility id, css selector, -android uiautomator
&amp#27;[38;5;32m[AndroidUiautomator2Driver@cb04 (a84025fa)]&amp#27;[0m Waiting up to 10000 ms for condition
&amp#27;[38;5;32m[AndroidUiautomator2Driver@cb04 (a84025fa)]&amp#27;[0m Matched '/elements' to command name 'findElements'
&amp#27;[38;5;32m[AndroidUiautomator2Driver@cb04 (a84025fa)]&amp#27;[0m Proxying [POST /elements] to [POST http://127.0.0.1:8209/session/e13e9c10-6759-487b-84e8-6054836a870e/elements] with body: {"strategy":"id","selector":"com.fivemobile.thescore:id/text_category_name","context":"","multiple":true}
&amp#27;[38;5;32m[AndroidUiautomator2Driver@cb04 (a84025fa)]&amp#27;[0m Got response with status 200: {"sessionId":"e13e9c10-6759-487b-84e8-6054836a870e","value":[{"ELEMENT":"00000000-0000-0464-ffff-ffff000006ef","element-6066-11e4-a52e-4f735466cecf":"00000000-0000-0464-ffff-ffff000006ef"},{"ELEMENT":"00000000-0000-0464-ffff-ffff000006f5","element-6066-11e4-a52e-4f735466cecf":"00000000-0000-0464-ffff-ffff000006f5"},{"ELEMENT":"00000000-0000-0464-ffff-ffff000006fb","element-6066-11e4-a52e-4f735466cecf":"00000000-0000-0464-ffff-ffff000006fb"},{"ELEMENT":"00000000-0000-0464-ffff-ffff00000701","element-6066-11e4-a52e-4f735466cecf":"00000000-0000-0464-ffff-ffff00000701"},{"ELEMENT":"00000000-0000-0464-ffff-ffff00000707","element-6066-11e4-a52e-4f735466cecf":"00000000-0000-0464-ffff-ffff00000707"},{"ELEMENT":"00000000-0000-0464-ffff-ffff00000711","element-6066-11e4-a52e-4f735466cecf":"00000000-0000-0464-ffff-ffff00000711"},{"ELEMENT":"00000000-0000-0464-ffff-ffff00000717","element-6066-11e4-a52e-4f735466cecf":"00000000-0000-0464-ffff-ffff00000717"},{"ELEMENT":"00000000-0000-0464-ffff-ffff0000071d","element-6066-...
&amp#27;[38;5;32m[AndroidUiautomator2Driver@cb04 (a84025fa)]&amp#27;[0m Responding to client with driver.findElements() result: [{"element-6066-11e4-a52e-4f735466cecf":"00000000-0000-0464-ffff-ffff000006ef","ELEMENT":"00000000-0000-0464-ffff-ffff000006ef"},{"element-6066-11e4-a52e-4f735466cecf":"00000000-0000-0464-ffff-ffff000006f5","ELEMENT":"00000000-0000-0464-ffff-ffff000006f5"},{"element-6066-11e4-a52e-4f735466cecf":"00000000-0000-0464-ffff-ffff000006fb","ELEMENT":"00000000-0000-0464-ffff-ffff000006fb"},{"element-6066-11e4-a52e-4f735466cecf":"00000000-0000-0464-ffff-ffff00000701","ELEMENT":"00000000-0000-0464-ffff-ffff00000701"},{"element-6066-11e4-a52e-4f735466cecf":"00000000-0000-0464-ffff-ffff00000707","ELEMENT":"00000000-0000-0464-ffff-ffff00000707"},{"element-6066-11e4-a52e-4f735466cecf":"00000000-0000-0464-ffff-ffff00000711","ELEMENT":"00000000-0000-0464-ffff-ffff00000711"},{"element-6066-11e4-a52e-4f735466cecf":"00000000-0000-0464-ffff-ffff00000717","ELEMENT":"00000000-0000-0464-ffff-ffff00000717"},{"element-6066-11e4-a52e-4f735466cecf":"00000000-0000-0464-ffff-ffff0000071d","ELEMENT":"00000000-0000-0464-ffff-ffff0000071...
&amp#27;[38;5;0m[HTTP]&amp#27;[0m &amp#27;[37m<-- POST /session/a84025fa-87fd-4432-a89c-6e57f823ae73/elements &amp#27;[39m&amp#27;[32m200&amp#27;[39m &amp#27;[90m108 ms - 1291&amp#27;[39m
&amp#27;[38;5;0m[HTTP]&amp#27;[0m &amp#27;[90m&amp#27;[39m
&amp#27;[38;5;0m[HTTP]&amp#27;[0m &amp#27;[37m-->&amp#27;[39m &amp#27;[37mGET&amp#27;[39m &amp#27;[37m/session/a84025fa-87fd-4432-a89c-6e57f823ae73/context&amp#27;[39m
&amp#27;[38;5;0m[HTTP]&amp#27;[0m &amp#27;[90m{}&amp#27;[39m
&amp#27;[38;5;32m[AndroidUiautomator2Driver@cb04 (a84025fa)]&amp#27;[0m Calling AppiumDriver.getCurrentContext() with args: ["a84025fa-87fd-4432-a89c-6e57f823ae73"]
&amp#27;[38;5;32m[AndroidUiautomator2Driver@cb04 (a84025fa)]&amp#27;[0m Responding to client with driver.getCurrentContext() result: "NATIVE_APP"
&amp#27;[38;5;0m[HTTP]&amp#27;[0m &amp#27;[37m<-- GET /session/a84025fa-87fd-4432-a89c-6e57f823ae73/context &amp#27;[39m&amp#27;[32m200&amp#27;[39m &amp#27;[90m0 ms - 22&amp#27;[39m
&amp#27;[38;5;0m[HTTP]&amp#27;[0m &amp#27;[90m&amp#27;[39m
&amp#27;[38;5;0m[HTTP]&amp#27;[0m &amp#27;[37m-->&amp#27;[39m &amp#27;[37mPOST&amp#27;[39m &amp#27;[37m/session/a84025fa-87fd-4432-a89c-6e57f823ae73/elements&amp#27;[39m
&amp#27;[38;5;0m[HTTP]&amp#27;[0m &amp#27;[90m{"value":"com.fivemobile.thescore:id/text_category_name","using":"id"}&amp#27;[39m
&amp#27;[38;5;32m[AndroidUiautomator2Driver@cb04 (a84025fa)]&amp#27;[0m Calling AppiumDriver.findElements() with args: ["id","com.fivemobile.thescore:id/text_category_name","a84025fa-87fd-4432-a89c-6e57f823ae73"]
&amp#27;[38;5;32m[AndroidUiautomator2Driver@cb04 (a84025fa)]&amp#27;[0m Valid locator strategies for this request: xpath, id, class name, accessibility id, css selector, -android uiautomator
&amp#27;[38;5;32m[AndroidUiautomator2Driver@cb04 (a84025fa)]&amp#27;[0m Waiting up to 10000 ms for condition
&amp#27;[38;5;32m[AndroidUiautomator2Driver@cb04 (a84025fa)]&amp#27;[0m Matched '/elements' to command name 'findElements'
&amp#27;[38;5;32m[AndroidUiautomator2Driver@cb04 (a84025fa)]&amp#27;[0m Proxying [POST /elements] to [POST http://127.0.0.1:8209/session/e13e9c10-6759-487b-84e8-6054836a870e/elements] with body: {"strategy":"id","selector":"com.fivemobile.thescore:id/text_category_name","context":"","multiple":true}
&amp#27;[38;5;32m[AndroidUiautomator2Driver@cb04 (a84025fa)]&amp#27;[0m Got response with status 200: {"sessionId":"e13e9c10-6759-487b-84e8-6054836a870e","value":[{"ELEMENT":"00000000-0000-0464-ffff-ffff000006ef","element-6066-11e4-a52e-4f735466cecf":"00000000-0000-0464-ffff-ffff000006ef"},{"ELEMENT":"00000000-0000-0464-ffff-ffff000006f5","element-6066-11e4-a52e-4f735466cecf":"00000000-0000-0464-ffff-ffff000006f5"},{"ELEMENT":"00000000-0000-0464-ffff-ffff000006fb","element-6066-11e4-a52e-4f735466cecf":"00000000-0000-0464-ffff-ffff000006fb"},{"ELEMENT":"00000000-0000-0464-ffff-ffff00000701","element-6066-11e4-a52e-4f735466cecf":"00000000-0000-0464-ffff-ffff00000701"},{"ELEMENT":"00000000-0000-0464-ffff-ffff00000707","element-6066-11e4-a52e-4f735466cecf":"00000000-0000-0464-ffff-ffff00000707"},{"ELEMENT":"00000000-0000-0464-ffff-ffff00000711","element-6066-11e4-a52e-4f735466cecf":"00000000-0000-0464-ffff-ffff00000711"},{"ELEMENT":"00000000-0000-0464-ffff-ffff00000717","element-6066-11e4-a52e-4f735466cecf":"00000000-0000-0464-ffff-ffff00000717"},{"ELEMENT":"00000000-0000-0464-ffff-ffff0000071d","element-6066-...
&amp#27;[38;5;32m[AndroidUiautomator2Driver@cb04 (a84025fa)]&amp#27;[0m Responding to client with driver.findElements() result: [{"element-6066-11e4-a52e-4f735466cecf":"00000000-0000-0464-ffff-ffff000006ef","ELEMENT":"00000000-0000-0464-ffff-ffff000006ef"},{"element-6066-11e4-a52e-4f735466cecf":"00000000-0000-0464-ffff-ffff000006f5","ELEMENT":"00000000-0000-0464-ffff-ffff000006f5"},{"element-6066-11e4-a52e-4f735466cecf":"00000000-0000-0464-ffff-ffff000006fb","ELEMENT":"00000000-0000-0464-ffff-ffff000006fb"},{"element-6066-11e4-a52e-4f735466cecf":"00000000-0000-0464-ffff-ffff00000701","ELEMENT":"00000000-0000-0464-ffff-ffff00000701"},{"element-6066-11e4-a52e-4f735466cecf":"00000000-0000-0464-ffff-ffff00000707","ELEMENT":"00000000-0000-0464-ffff-ffff00000707"},{"element-6066-11e4-a52e-4f735466cecf":"00000000-0000-0464-ffff-ffff00000711","ELEMENT":"00000000-0000-0464-ffff-ffff00000711"},{"element-6066-11e4-a52e-4f735466cecf":"00000000-0000-0464-ffff-ffff00000717","ELEMENT":"00000000-0000-0464-ffff-ffff00000717"},{"element-6066-11e4-a52e-4f735466cecf":"00000000-0000-0464-ffff-ffff0000071d","ELEMENT":"00000000-0000-0464-ffff-ffff0000071...
&amp#27;[38;5;0m[HTTP]&amp#27;[0m &amp#27;[37m<-- POST /session/a84025fa-87fd-4432-a89c-6e57f823ae73/elements &amp#27;[39m&amp#27;[32m200&amp#27;[39m &amp#27;[90m113 ms - 1291&amp#27;[39m
&amp#27;[38;5;0m[HTTP]&amp#27;[0m &amp#27;[90m&amp#27;[39m
&amp#27;[38;5;0m[HTTP]&amp#27;[0m &amp#27;[37m-->&amp#27;[39m &amp#27;[37mGET&amp#27;[39m &amp#27;[37m/session/a84025fa-87fd-4432-a89c-6e57f823ae73/element/00000000-0000-0464-ffff-ffff00000729/text&amp#27;[39m
&amp#27;[38;5;0m[HTTP]&amp#27;[0m &amp#27;[90m{}&amp#27;[39m
&amp#27;[38;5;32m[AndroidUiautomator2Driver@cb04 (a84025fa)]&amp#27;[0m Driver proxy active, passing request on via HTTP proxy
&amp#27;[38;5;32m[AndroidUiautomator2Driver@cb04 (a84025fa)]&amp#27;[0m Matched '/session/a84025fa-87fd-4432-a89c-6e57f823ae73/element/00000000-0000-0464-ffff-ffff00000729/text' to command name 'getText'
&amp#27;[38;5;32m[AndroidUiautomator2Driver@cb04 (a84025fa)]&amp#27;[0m Proxying [GET /session/a84025fa-87fd-4432-a89c-6e57f823ae73/element/00000000-0000-0464-ffff-ffff00000729/text] to [GET http://127.0.0.1:8209/session/e13e9c10-6759-487b-84e8-6054836a870e/element/00000000-0000-0464-ffff-ffff00000729/text] with no body
&amp#27;[38;5;32m[AndroidUiautomator2Driver@cb04 (a84025fa)]&amp#27;[0m Got response with status 200: {"sessionId":"e13e9c10-6759-487b-84e8-6054836a870e","value":"3rd Down %"}
&amp#27;[38;5;32m[AndroidUiautomator2Driver@cb04 (a84025fa)]&amp#27;[0m Replacing sessionId e13e9c10-6759-487b-84e8-6054836a870e with a84025fa-87fd-4432-a89c-6e57f823ae73
&amp#27;[38;5;0m[HTTP]&amp#27;[0m &amp#27;[37m<-- GET /session/a84025fa-87fd-4432-a89c-6e57f823ae73/element/00000000-0000-0464-ffff-ffff00000729/text &amp#27;[39m&amp#27;[32m200&amp#27;[39m &amp#27;[90m11 ms - 73&amp#27;[39m
&amp#27;[38;5;0m[HTTP]&amp#27;[0m &amp#27;[90m&amp#27;[39m
&amp#27;[38;5;0m[HTTP]&amp#27;[0m &amp#27;[37m-->&amp#27;[39m &amp#27;[37mGET&amp#27;[39m &amp#27;[37m/session/a84025fa-87fd-4432-a89c-6e57f823ae73/context&amp#27;[39m
&amp#27;[38;5;0m[HTTP]&amp#27;[0m &amp#27;[90m{}&amp#27;[39m
&amp#27;[38;5;32m[AndroidUiautomator2Driver@cb04 (a84025fa)]&amp#27;[0m Calling AppiumDriver.getCurrentContext() with args: ["a84025fa-87fd-4432-a89c-6e57f823ae73"]
&amp#27;[38;5;32m[AndroidUiautomator2Driver@cb04 (a84025fa)]&amp#27;[0m Responding to client with driver.getCurrentContext() result: "NATIVE_APP"
&amp#27;[38;5;0m[HTTP]&amp#27;[0m &amp#27;[37m<-- GET /session/a84025fa-87fd-4432-a89c-6e57f823ae73/context &amp#27;[39m&amp#27;[32m200&amp#27;[39m &amp#27;[90m1 ms - 22&amp#27;[39m
&amp#27;[38;5;0m[HTTP]&amp#27;[0m &amp#27;[90m&amp#27;[39m
&amp#27;[38;5;0m[HTTP]&amp#27;[0m &amp#27;[37m-->&amp#27;[39m &amp#27;[37mPOST&amp#27;[39m &amp#27;[37m/session/a84025fa-87fd-4432-a89c-6e57f823ae73/elements&amp#27;[39m
&amp#27;[38;5;0m[HTTP]&amp#27;[0m &amp#27;[90m{"value":"com.fivemobile.thescore:id/text_category_name","using":"id"}&amp#27;[39m
&amp#27;[38;5;32m[AndroidUiautomator2Driver@cb04 (a84025fa)]&amp#27;[0m Calling AppiumDriver.findElements() with args: ["id","com.fivemobile.thescore:id/text_category_name","a84025fa-87fd-4432-a89c-6e57f823ae73"]
&amp#27;[38;5;32m[AndroidUiautomator2Driver@cb04 (a84025fa)]&amp#27;[0m Valid locator strategies for this request: xpath, id, class name, accessibility id, css selector, -android uiautomator
&amp#27;[38;5;32m[AndroidUiautomator2Driver@cb04 (a84025fa)]&amp#27;[0m Waiting up to 10000 ms for condition
&amp#27;[38;5;32m[AndroidUiautomator2Driver@cb04 (a84025fa)]&amp#27;[0m Matched '/elements' to command name 'findElements'
&amp#27;[38;5;32m[AndroidUiautomator2Driver@cb04 (a84025fa)]&amp#27;[0m Proxying [POST /elements] to [POST http://127.0.0.1:8209/session/e13e9c10-6759-487b-84e8-6054836a870e/elements] with body: {"strategy":"id","selector":"com.fivemobile.thescore:id/text_category_name","context":"","multiple":true}
&amp#27;[38;5;32m[AndroidUiautomator2Driver@cb04 (a84025fa)]&amp#27;[0m Got response with status 200: {"sessionId":"e13e9c10-6759-487b-84e8-6054836a870e","value":[{"ELEMENT":"00000000-0000-0464-ffff-ffff000006ef","element-6066-11e4-a52e-4f735466cecf":"00000000-0000-0464-ffff-ffff000006ef"},{"ELEMENT":"00000000-0000-0464-ffff-ffff000006f5","element-6066-11e4-a52e-4f735466cecf":"00000000-0000-0464-ffff-ffff000006f5"},{"ELEMENT":"00000000-0000-0464-ffff-ffff000006fb","element-6066-11e4-a52e-4f735466cecf":"00000000-0000-0464-ffff-ffff000006fb"},{"ELEMENT":"00000000-0000-0464-ffff-ffff00000701","element-6066-11e4-a52e-4f735466cecf":"00000000-0000-0464-ffff-ffff00000701"},{"ELEMENT":"00000000-0000-0464-ffff-ffff00000707","element-6066-11e4-a52e-4f735466cecf":"00000000-0000-0464-ffff-ffff00000707"},{"ELEMENT":"00000000-0000-0464-ffff-ffff00000711","element-6066-11e4-a52e-4f735466cecf":"00000000-0000-0464-ffff-ffff00000711"},{"ELEMENT":"00000000-0000-0464-ffff-ffff00000717","element-6066-11e4-a52e-4f735466cecf":"00000000-0000-0464-ffff-ffff00000717"},{"ELEMENT":"00000000-0000-0464-ffff-ffff0000071d","element-6066-...
&amp#27;[38;5;32m[AndroidUiautomator2Driver@cb04 (a84025fa)]&amp#27;[0m Responding to client with driver.findElements() result: [{"element-6066-11e4-a52e-4f735466cecf":"00000000-0000-0464-ffff-ffff000006ef","ELEMENT":"00000000-0000-0464-ffff-ffff000006ef"},{"element-6066-11e4-a52e-4f735466cecf":"00000000-0000-0464-ffff-ffff000006f5","ELEMENT":"00000000-0000-0464-ffff-ffff000006f5"},{"element-6066-11e4-a52e-4f735466cecf":"00000000-0000-0464-ffff-ffff000006fb","ELEMENT":"00000000-0000-0464-ffff-ffff000006fb"},{"element-6066-11e4-a52e-4f735466cecf":"00000000-0000-0464-ffff-ffff00000701","ELEMENT":"00000000-0000-0464-ffff-ffff00000701"},{"element-6066-11e4-a52e-4f735466cecf":"00000000-0000-0464-ffff-ffff00000707","ELEMENT":"00000000-0000-0464-ffff-ffff00000707"},{"element-6066-11e4-a52e-4f735466cecf":"00000000-0000-0464-ffff-ffff00000711","ELEMENT":"00000000-0000-0464-ffff-ffff00000711"},{"element-6066-11e4-a52e-4f735466cecf":"00000000-0000-0464-ffff-ffff00000717","ELEMENT":"00000000-0000-0464-ffff-ffff00000717"},{"element-6066-11e4-a52e-4f735466cecf":"00000000-0000-0464-ffff-ffff0000071d","ELEMENT":"00000000-0000-0464-ffff-ffff0000071...
&amp#27;[38;5;0m[HTTP]&amp#27;[0m &amp#27;[37m<-- POST /session/a84025fa-87fd-4432-a89c-6e57f823ae73/elements &amp#27;[39m&amp#27;[32m200&amp#27;[39m &amp#27;[90m82 ms - 1291&amp#27;[39m
&amp#27;[38;5;0m[HTTP]&amp#27;[0m &amp#27;[90m&amp#27;[39m
&amp#27;[38;5;0m[HTTP]&amp#27;[0m &amp#27;[37m-->&amp#27;[39m &amp#27;[37mGET&amp#27;[39m &amp#27;[37m/session/a84025fa-87fd-4432-a89c-6e57f823ae73/element/00000000-0000-0464-ffff-ffff00000729/text&amp#27;[39m
&amp#27;[38;5;0m[HTTP]&amp#27;[0m &amp#27;[90m{}&amp#27;[39m
&amp#27;[38;5;32m[AndroidUiautomator2Driver@cb04 (a84025fa)]&amp#27;[0m Driver proxy active, passing request on via HTTP proxy
&amp#27;[38;5;32m[AndroidUiautomator2Driver@cb04 (a84025fa)]&amp#27;[0m Matched '/session/a84025fa-87fd-4432-a89c-6e57f823ae73/element/00000000-0000-0464-ffff-ffff00000729/text' to command name 'getText'
&amp#27;[38;5;32m[AndroidUiautomator2Driver@cb04 (a84025fa)]&amp#27;[0m Proxying [GET /session/a84025fa-87fd-4432-a89c-6e57f823ae73/element/00000000-0000-0464-ffff-ffff00000729/text] to [GET http://127.0.0.1:8209/session/e13e9c10-6759-487b-84e8-6054836a870e/element/00000000-0000-0464-ffff-ffff00000729/text] with no body
&amp#27;[38;5;32m[AndroidUiautomator2Driver@cb04 (a84025fa)]&amp#27;[0m Got response with status 200: {"sessionId":"e13e9c10-6759-487b-84e8-6054836a870e","value":"3rd Down %"}
&amp#27;[38;5;32m[AndroidUiautomator2Driver@cb04 (a84025fa)]&amp#27;[0m Replacing sessionId e13e9c10-6759-487b-84e8-6054836a870e with a84025fa-87fd-4432-a89c-6e57f823ae73
&amp#27;[38;5;0m[HTTP]&amp#27;[0m &amp#27;[37m<-- GET /session/a84025fa-87fd-4432-a89c-6e57f823ae73/element/00000000-0000-0464-ffff-ffff00000729/text &amp#27;[39m&amp#27;[32m200&amp#27;[39m &amp#27;[90m11 ms - 73&amp#27;[39m
&amp#27;[38;5;0m[HTTP]&amp#27;[0m &amp#27;[90m&amp#27;[39m
&amp#27;[38;5;0m[HTTP]&amp#27;[0m &amp#27;[37m-->&amp#27;[39m &amp#27;[37mGET&amp#27;[39m &amp#27;[37m/session/a84025fa-87fd-4432-a89c-6e57f823ae73/context&amp#27;[39m
&amp#27;[38;5;0m[HTTP]&amp#27;[0m &amp#27;[90m{}&amp#27;[39m
&amp#27;[38;5;32m[AndroidUiautomator2Driver@cb04 (a84025fa)]&amp#27;[0m Calling AppiumDriver.getCurrentContext() with args: ["a84025fa-87fd-4432-a89c-6e57f823ae73"]
&amp#27;[38;5;32m[AndroidUiautomator2Driver@cb04 (a84025fa)]&amp#27;[0m Responding to client with driver.getCurrentContext() result: "NATIVE_APP"
&amp#27;[38;5;0m[HTTP]&amp#27;[0m &amp#27;[37m<-- GET /session/a84025fa-87fd-4432-a89c-6e57f823ae73/context &amp#27;[39m&amp#27;[32m200&amp#27;[39m &amp#27;[90m1 ms - 22&amp#27;[39m
&amp#27;[38;5;0m[HTTP]&amp#27;[0m &amp#27;[90m&amp#27;[39m
&amp#27;[38;5;0m[HTTP]&amp#27;[0m &amp#27;[37m-->&amp#27;[39m &amp#27;[37mPOST&amp#27;[39m &amp#27;[37m/session/a84025fa-87fd-4432-a89c-6e57f823ae73/elements&amp#27;[39m
&amp#27;[38;5;0m[HTTP]&amp#27;[0m &amp#27;[90m{"value":"com.fivemobile.thescore:id/text_category_name","using":"id"}&amp#27;[39m
&amp#27;[38;5;32m[AndroidUiautomator2Driver@cb04 (a84025fa)]&amp#27;[0m Calling AppiumDriver.findElements() with args: ["id","com.fivemobile.thescore:id/text_category_name","a84025fa-87fd-4432-a89c-6e57f823ae73"]
&amp#27;[38;5;32m[AndroidUiautomator2Driver@cb04 (a84025fa)]&amp#27;[0m Valid locator strategies for this request: xpath, id, class name, accessibility id, css selector, -android uiautomator
&amp#27;[38;5;32m[AndroidUiautomator2Driver@cb04 (a84025fa)]&amp#27;[0m Waiting up to 10000 ms for condition
&amp#27;[38;5;32m[AndroidUiautomator2Driver@cb04 (a84025fa)]&amp#27;[0m Matched '/elements' to command name 'findElements'
&amp#27;[38;5;32m[AndroidUiautomator2Driver@cb04 (a84025fa)]&amp#27;[0m Proxying [POST /elements] to [POST http://127.0.0.1:8209/session/e13e9c10-6759-487b-84e8-6054836a870e/elements] with body: {"strategy":"id","selector":"com.fivemobile.thescore:id/text_category_name","context":"","multiple":true}
&amp#27;[38;5;32m[AndroidUiautomator2Driver@cb04 (a84025fa)]&amp#27;[0m Got response with status 200: {"sessionId":"e13e9c10-6759-487b-84e8-6054836a870e","value":[{"ELEMENT":"00000000-0000-0464-ffff-ffff000006ef","element-6066-11e4-a52e-4f735466cecf":"00000000-0000-0464-ffff-ffff000006ef"},{"ELEMENT":"00000000-0000-0464-ffff-ffff000006f5","element-6066-11e4-a52e-4f735466cecf":"00000000-0000-0464-ffff-ffff000006f5"},{"ELEMENT":"00000000-0000-0464-ffff-ffff000006fb","element-6066-11e4-a52e-4f735466cecf":"00000000-0000-0464-ffff-ffff000006fb"},{"ELEMENT":"00000000-0000-0464-ffff-ffff00000701","element-6066-11e4-a52e-4f735466cecf":"00000000-0000-0464-ffff-ffff00000701"},{"ELEMENT":"00000000-0000-0464-ffff-ffff00000707","element-6066-11e4-a52e-4f735466cecf":"00000000-0000-0464-ffff-ffff00000707"},{"ELEMENT":"00000000-0000-0464-ffff-ffff00000711","element-6066-11e4-a52e-4f735466cecf":"00000000-0000-0464-ffff-ffff00000711"},{"ELEMENT":"00000000-0000-0464-ffff-ffff00000717","element-6066-11e4-a52e-4f735466cecf":"00000000-0000-0464-ffff-ffff00000717"},{"ELEMENT":"00000000-0000-0464-ffff-ffff0000071d","element-6066-...
&amp#27;[38;5;32m[AndroidUiautomator2Driver@cb04 (a84025fa)]&amp#27;[0m Responding to client with driver.findElements() result: [{"element-6066-11e4-a52e-4f735466cecf":"00000000-0000-0464-ffff-ffff000006ef","ELEMENT":"00000000-0000-0464-ffff-ffff000006ef"},{"element-6066-11e4-a52e-4f735466cecf":"00000000-0000-0464-ffff-ffff000006f5","ELEMENT":"00000000-0000-0464-ffff-ffff000006f5"},{"element-6066-11e4-a52e-4f735466cecf":"00000000-0000-0464-ffff-ffff000006fb","ELEMENT":"00000000-0000-0464-ffff-ffff000006fb"},{"element-6066-11e4-a52e-4f735466cecf":"00000000-0000-0464-ffff-ffff00000701","ELEMENT":"00000000-0000-0464-ffff-ffff00000701"},{"element-6066-11e4-a52e-4f735466cecf":"00000000-0000-0464-ffff-ffff00000707","ELEMENT":"00000000-0000-0464-ffff-ffff00000707"},{"element-6066-11e4-a52e-4f735466cecf":"00000000-0000-0464-ffff-ffff00000711","ELEMENT":"00000000-0000-0464-ffff-ffff00000711"},{"element-6066-11e4-a52e-4f735466cecf":"00000000-0000-0464-ffff-ffff00000717","ELEMENT":"00000000-0000-0464-ffff-ffff00000717"},{"element-6066-11e4-a52e-4f735466cecf":"00000000-0000-0464-ffff-ffff0000071d","ELEMENT":"00000000-0000-0464-ffff-ffff0000071...
&amp#27;[38;5;0m[HTTP]&amp#27;[0m &amp#27;[37m<-- POST /session/a84025fa-87fd-4432-a89c-6e57f823ae73/elements &amp#27;[39m&amp#27;[32m200&amp#27;[39m &amp#27;[90m115 ms - 1291&amp#27;[39m
&amp#27;[38;5;0m[HTTP]&amp#27;[0m &amp#27;[90m&amp#27;[39m
&amp#27;[38;5;0m[HTTP]&amp#27;[0m &amp#27;[37m-->&amp#27;[39m &amp#27;[37mGET&amp#27;[39m &amp#27;[37m/session/a84025fa-87fd-4432-a89c-6e57f823ae73/element/00000000-0000-0464-ffff-ffff00000729/text&amp#27;[39m
&amp#27;[38;5;0m[HTTP]&amp#27;[0m &amp#27;[90m{}&amp#27;[39m
&amp#27;[38;5;32m[AndroidUiautomator2Driver@cb04 (a84025fa)]&amp#27;[0m Driver proxy active, passing request on via HTTP proxy
&amp#27;[38;5;32m[AndroidUiautomator2Driver@cb04 (a84025fa)]&amp#27;[0m Matched '/session/a84025fa-87fd-4432-a89c-6e57f823ae73/element/00000000-0000-0464-ffff-ffff00000729/text' to command name 'getText'
&amp#27;[38;5;32m[AndroidUiautomator2Driver@cb04 (a84025fa)]&amp#27;[0m Proxying [GET /session/a84025fa-87fd-4432-a89c-6e57f823ae73/element/00000000-0000-0464-ffff-ffff00000729/text] to [GET http://127.0.0.1:8209/session/e13e9c10-6759-487b-84e8-6054836a870e/element/00000000-0000-0464-ffff-ffff00000729/text] with no body
&amp#27;[38;5;32m[AndroidUiautomator2Driver@cb04 (a84025fa)]&amp#27;[0m Got response with status 200: {"sessionId":"e13e9c10-6759-487b-84e8-6054836a870e","value":"3rd Down %"}
&amp#27;[38;5;32m[AndroidUiautomator2Driver@cb04 (a84025fa)]&amp#27;[0m Replacing sessionId e13e9c10-6759-487b-84e8-6054836a870e with a84025fa-87fd-4432-a89c-6e57f823ae73
&amp#27;[38;5;0m[HTTP]&amp#27;[0m &amp#27;[37m<-- GET /session/a84025fa-87fd-4432-a89c-6e57f823ae73/element/00000000-0000-0464-ffff-ffff00000729/text &amp#27;[39m&amp#27;[32m200&amp#27;[39m &amp#27;[90m10 ms - 73&amp#27;[39m
&amp#27;[38;5;0m[HTTP]&amp#27;[0m &amp#27;[90m&amp#27;[39m
&amp#27;[38;5;0m[HTTP]&amp#27;[0m &amp#27;[37m-->&amp#27;[39m &amp#27;[37mGET&amp#27;[39m &amp#27;[37m/session/a84025fa-87fd-4432-a89c-6e57f823ae73/context&amp#27;[39m
&amp#27;[38;5;0m[HTTP]&amp#27;[0m &amp#27;[90m{}&amp#27;[39m
&amp#27;[38;5;32m[AndroidUiautomator2Driver@cb04 (a84025fa)]&amp#27;[0m Calling AppiumDriver.getCurrentContext() with args: ["a84025fa-87fd-4432-a89c-6e57f823ae73"]
&amp#27;[38;5;32m[AndroidUiautomator2Driver@cb04 (a84025fa)]&amp#27;[0m Responding to client with driver.getCurrentContext() result: "NATIVE_APP"
&amp#27;[38;5;0m[HTTP]&amp#27;[0m &amp#27;[37m<-- GET /session/a84025fa-87fd-4432-a89c-6e57f823ae73/context &amp#27;[39m&amp#27;[32m200&amp#27;[39m &amp#27;[90m1 ms - 22&amp#27;[39m
&amp#27;[38;5;0m[HTTP]&amp#27;[0m &amp#27;[90m&amp#27;[39m
&amp#27;[38;5;0m[HTTP]&amp#27;[0m &amp#27;[37m-->&amp#27;[39m &amp#27;[37mPOST&amp#27;[39m &amp#27;[37m/session/a84025fa-87fd-4432-a89c-6e57f823ae73/elements&amp#27;[39m
&amp#27;[38;5;0m[HTTP]&amp#27;[0m &amp#27;[90m{"value":"com.fivemobile.thescore:id/text_category_name","using":"id"}&amp#27;[39m
&amp#27;[38;5;32m[AndroidUiautomator2Driver@cb04 (a84025fa)]&amp#27;[0m Calling AppiumDriver.findElements() with args: ["id","com.fivemobile.thescore:id/text_category_name","a84025fa-87fd-4432-a89c-6e57f823ae73"]
&amp#27;[38;5;32m[AndroidUiautomator2Driver@cb04 (a84025fa)]&amp#27;[0m Valid locator strategies for this request: xpath, id, class name, accessibility id, css selector, -android uiautomator
&amp#27;[38;5;32m[AndroidUiautomator2Driver@cb04 (a84025fa)]&amp#27;[0m Waiting up to 10000 ms for condition
&amp#27;[38;5;32m[AndroidUiautomator2Driver@cb04 (a84025fa)]&amp#27;[0m Matched '/elements' to command name 'findElements'
&amp#27;[38;5;32m[AndroidUiautomator2Driver@cb04 (a84025fa)]&amp#27;[0m Proxying [POST /elements] to [POST http://127.0.0.1:8209/session/e13e9c10-6759-487b-84e8-6054836a870e/elements] with body: {"strategy":"id","selector":"com.fivemobile.thescore:id/text_category_name","context":"","multiple":true}
&amp#27;[38;5;32m[AndroidUiautomator2Driver@cb04 (a84025fa)]&amp#27;[0m Got response with status 200: {"sessionId":"e13e9c10-6759-487b-84e8-6054836a870e","value":[{"ELEMENT":"00000000-0000-0464-ffff-ffff000006ef","element-6066-11e4-a52e-4f735466cecf":"00000000-0000-0464-ffff-ffff000006ef"},{"ELEMENT":"00000000-0000-0464-ffff-ffff000006f5","element-6066-11e4-a52e-4f735466cecf":"00000000-0000-0464-ffff-ffff000006f5"},{"ELEMENT":"00000000-0000-0464-ffff-ffff000006fb","element-6066-11e4-a52e-4f735466cecf":"00000000-0000-0464-ffff-ffff000006fb"},{"ELEMENT":"00000000-0000-0464-ffff-ffff00000701","element-6066-11e4-a52e-4f735466cecf":"00000000-0000-0464-ffff-ffff00000701"},{"ELEMENT":"00000000-0000-0464-ffff-ffff00000707","element-6066-11e4-a52e-4f735466cecf":"00000000-0000-0464-ffff-ffff00000707"},{"ELEMENT":"00000000-0000-0464-ffff-ffff00000711","element-6066-11e4-a52e-4f735466cecf":"00000000-0000-0464-ffff-ffff00000711"},{"ELEMENT":"00000000-0000-0464-ffff-ffff00000717","element-6066-11e4-a52e-4f735466cecf":"00000000-0000-0464-ffff-ffff00000717"},{"ELEMENT":"00000000-0000-0464-ffff-ffff0000071d","element-6066-...
&amp#27;[38;5;32m[AndroidUiautomator2Driver@cb04 (a84025fa)]&amp#27;[0m Responding to client with driver.findElements() result: [{"element-6066-11e4-a52e-4f735466cecf":"00000000-0000-0464-ffff-ffff000006ef","ELEMENT":"00000000-0000-0464-ffff-ffff000006ef"},{"element-6066-11e4-a52e-4f735466cecf":"00000000-0000-0464-ffff-ffff000006f5","ELEMENT":"00000000-0000-0464-ffff-ffff000006f5"},{"element-6066-11e4-a52e-4f735466cecf":"00000000-0000-0464-ffff-ffff000006fb","ELEMENT":"00000000-0000-0464-ffff-ffff000006fb"},{"element-6066-11e4-a52e-4f735466cecf":"00000000-0000-0464-ffff-ffff00000701","ELEMENT":"00000000-0000-0464-ffff-ffff00000701"},{"element-6066-11e4-a52e-4f735466cecf":"00000000-0000-0464-ffff-ffff00000707","ELEMENT":"00000000-0000-0464-ffff-ffff00000707"},{"element-6066-11e4-a52e-4f735466cecf":"00000000-0000-0464-ffff-ffff00000711","ELEMENT":"00000000-0000-0464-ffff-ffff00000711"},{"element-6066-11e4-a52e-4f735466cecf":"00000000-0000-0464-ffff-ffff00000717","ELEMENT":"00000000-0000-0464-ffff-ffff00000717"},{"element-6066-11e4-a52e-4f735466cecf":"00000000-0000-0464-ffff-ffff0000071d","ELEMENT":"00000000-0000-0464-ffff-ffff0000071...
&amp#27;[38;5;0m[HTTP]&amp#27;[0m &amp#27;[37m<-- POST /session/a84025fa-87fd-4432-a89c-6e57f823ae73/elements &amp#27;[39m&amp#27;[32m200&amp#27;[39m &amp#27;[90m107 ms - 1291&amp#27;[39m
&amp#27;[38;5;0m[HTTP]&amp#27;[0m &amp#27;[90m&amp#27;[39m
&amp#27;[38;5;0m[HTTP]&amp#27;[0m &amp#27;[37m-->&amp#27;[39m &amp#27;[37mGET&amp#27;[39m &amp#27;[37m/session/a84025fa-87fd-4432-a89c-6e57f823ae73/element/00000000-0000-0464-ffff-ffff00000729/text&amp#27;[39m
&amp#27;[38;5;0m[HTTP]&amp#27;[0m &amp#27;[90m{}&amp#27;[39m
&amp#27;[38;5;32m[AndroidUiautomator2Driver@cb04 (a84025fa)]&amp#27;[0m Driver proxy active, passing request on via HTTP proxy
&amp#27;[38;5;32m[AndroidUiautomator2Driver@cb04 (a84025fa)]&amp#27;[0m Matched '/session/a84025fa-87fd-4432-a89c-6e57f823ae73/element/00000000-0000-0464-ffff-ffff00000729/text' to command name 'getText'
&amp#27;[38;5;32m[AndroidUiautomator2Driver@cb04 (a84025fa)]&amp#27;[0m Proxying [GET /session/a84025fa-87fd-4432-a89c-6e57f823ae73/element/00000000-0000-0464-ffff-ffff00000729/text] to [GET http://127.0.0.1:8209/session/e13e9c10-6759-487b-84e8-6054836a870e/element/00000000-0000-0464-ffff-ffff00000729/text] with no body
&amp#27;[38;5;32m[AndroidUiautomator2Driver@cb04 (a84025fa)]&amp#27;[0m Got response with status 200: {"sessionId":"e13e9c10-6759-487b-84e8-6054836a870e","value":"3rd Down %"}
&amp#27;[38;5;32m[AndroidUiautomator2Driver@cb04 (a84025fa)]&amp#27;[0m Replacing sessionId e13e9c10-6759-487b-84e8-6054836a870e with a84025fa-87fd-4432-a89c-6e57f823ae73
&amp#27;[38;5;0m[HTTP]&amp#27;[0m &amp#27;[37m<-- GET /session/a84025fa-87fd-4432-a89c-6e57f823ae73/element/00000000-0000-0464-ffff-ffff00000729/text &amp#27;[39m&amp#27;[32m200&amp#27;[39m &amp#27;[90m12 ms - 73&amp#27;[39m
&amp#27;[38;5;0m[HTTP]&amp#27;[0m &amp#27;[90m&amp#27;[39m
&amp#27;[38;5;0m[HTTP]&amp#27;[0m &amp#27;[37m-->&amp#27;[39m &amp#27;[37mGET&amp#27;[39m &amp#27;[37m/session/a84025fa-87fd-4432-a89c-6e57f823ae73/context&amp#27;[39m
&amp#27;[38;5;0m[HTTP]&amp#27;[0m &amp#27;[90m{}&amp#27;[39m
&amp#27;[38;5;32m[AndroidUiautomator2Driver@cb04 (a84025fa)]&amp#27;[0m Calling AppiumDriver.getCurrentContext() with args: ["a84025fa-87fd-4432-a89c-6e57f823ae73"]
&amp#27;[38;5;32m[AndroidUiautomator2Driver@cb04 (a84025fa)]&amp#27;[0m Responding to client with driver.getCurrentContext() result: "NATIVE_APP"
&amp#27;[38;5;0m[HTTP]&amp#27;[0m &amp#27;[37m<-- GET /session/a84025fa-87fd-4432-a89c-6e57f823ae73/context &amp#27;[39m&amp#27;[32m200&amp#27;[39m &amp#27;[90m1 ms - 22&amp#27;[39m
&amp#27;[38;5;0m[HTTP]&amp#27;[0m &amp#27;[90m&amp#27;[39m
&amp#27;[38;5;0m[HTTP]&amp#27;[0m &amp#27;[37m-->&amp#27;[39m &amp#27;[37mPOST&amp#27;[39m &amp#27;[37m/session/a84025fa-87fd-4432-a89c-6e57f823ae73/elements&amp#27;[39m
&amp#27;[38;5;0m[HTTP]&amp#27;[0m &amp#27;[90m{"value":"com.fivemobile.thescore:id/text_category_name","using":"id"}&amp#27;[39m
&amp#27;[38;5;32m[AndroidUiautomator2Driver@cb04 (a84025fa)]&amp#27;[0m Calling AppiumDriver.findElements() with args: ["id","com.fivemobile.thescore:id/text_category_name","a84025fa-87fd-4432-a89c-6e57f823ae73"]
&amp#27;[38;5;32m[AndroidUiautomator2Driver@cb04 (a84025fa)]&amp#27;[0m Valid locator strategies for this request: xpath, id, class name, accessibility id, css selector, -android uiautomator
&amp#27;[38;5;32m[AndroidUiautomator2Driver@cb04 (a84025fa)]&amp#27;[0m Waiting up to 10000 ms for condition
&amp#27;[38;5;32m[AndroidUiautomator2Driver@cb04 (a84025fa)]&amp#27;[0m Matched '/elements' to command name 'findElements'
&amp#27;[38;5;32m[AndroidUiautomator2Driver@cb04 (a84025fa)]&amp#27;[0m Proxying [POST /elements] to [POST http://127.0.0.1:8209/session/e13e9c10-6759-487b-84e8-6054836a870e/elements] with body: {"strategy":"id","selector":"com.fivemobile.thescore:id/text_category_name","context":"","multiple":true}
&amp#27;[38;5;32m[AndroidUiautomator2Driver@cb04 (a84025fa)]&amp#27;[0m Got response with status 200: {"sessionId":"e13e9c10-6759-487b-84e8-6054836a870e","value":[{"ELEMENT":"00000000-0000-0464-ffff-ffff000006ef","element-6066-11e4-a52e-4f735466cecf":"00000000-0000-0464-ffff-ffff000006ef"},{"ELEMENT":"00000000-0000-0464-ffff-ffff000006f5","element-6066-11e4-a52e-4f735466cecf":"00000000-0000-0464-ffff-ffff000006f5"},{"ELEMENT":"00000000-0000-0464-ffff-ffff000006fb","element-6066-11e4-a52e-4f735466cecf":"00000000-0000-0464-ffff-ffff000006fb"},{"ELEMENT":"00000000-0000-0464-ffff-ffff00000701","element-6066-11e4-a52e-4f735466cecf":"00000000-0000-0464-ffff-ffff00000701"},{"ELEMENT":"00000000-0000-0464-ffff-ffff00000707","element-6066-11e4-a52e-4f735466cecf":"00000000-0000-0464-ffff-ffff00000707"},{"ELEMENT":"00000000-0000-0464-ffff-ffff00000711","element-6066-11e4-a52e-4f735466cecf":"00000000-0000-0464-ffff-ffff00000711"},{"ELEMENT":"00000000-0000-0464-ffff-ffff00000717","element-6066-11e4-a52e-4f735466cecf":"00000000-0000-0464-ffff-ffff00000717"},{"ELEMENT":"00000000-0000-0464-ffff-ffff0000071d","element-6066-...
&amp#27;[38;5;32m[AndroidUiautomator2Driver@cb04 (a84025fa)]&amp#27;[0m Responding to client with driver.findElements() result: [{"element-6066-11e4-a52e-4f735466cecf":"00000000-0000-0464-ffff-ffff000006ef","ELEMENT":"00000000-0000-0464-ffff-ffff000006ef"},{"element-6066-11e4-a52e-4f735466cecf":"00000000-0000-0464-ffff-ffff000006f5","ELEMENT":"00000000-0000-0464-ffff-ffff000006f5"},{"element-6066-11e4-a52e-4f735466cecf":"00000000-0000-0464-ffff-ffff000006fb","ELEMENT":"00000000-0000-0464-ffff-ffff000006fb"},{"element-6066-11e4-a52e-4f735466cecf":"00000000-0000-0464-ffff-ffff00000701","ELEMENT":"00000000-0000-0464-ffff-ffff00000701"},{"element-6066-11e4-a52e-4f735466cecf":"00000000-0000-0464-ffff-ffff00000707","ELEMENT":"00000000-0000-0464-ffff-ffff00000707"},{"element-6066-11e4-a52e-4f735466cecf":"00000000-0000-0464-ffff-ffff00000711","ELEMENT":"00000000-0000-0464-ffff-ffff00000711"},{"element-6066-11e4-a52e-4f735466cecf":"00000000-0000-0464-ffff-ffff00000717","ELEMENT":"00000000-0000-0464-ffff-ffff00000717"},{"element-6066-11e4-a52e-4f735466cecf":"00000000-0000-0464-ffff-ffff0000071d","ELEMENT":"00000000-0000-0464-ffff-ffff0000071...
&amp#27;[38;5;0m[HTTP]&amp#27;[0m &amp#27;[37m<-- POST /session/a84025fa-87fd-4432-a89c-6e57f823ae73/elements &amp#27;[39m&amp#27;[32m200&amp#27;[39m &amp#27;[90m101 ms - 1291&amp#27;[39m
&amp#27;[38;5;0m[HTTP]&amp#27;[0m &amp#27;[90m&amp#27;[39m
&amp#27;[38;5;0m[HTTP]&amp#27;[0m &amp#27;[37m-->&amp#27;[39m &amp#27;[37mGET&amp#27;[39m &amp#27;[37m/session/a84025fa-87fd-4432-a89c-6e57f823ae73/element/00000000-0000-0464-ffff-ffff00000729/text&amp#27;[39m
&amp#27;[38;5;0m[HTTP]&amp#27;[0m &amp#27;[90m{}&amp#27;[39m
&amp#27;[38;5;32m[AndroidUiautomator2Driver@cb04 (a84025fa)]&amp#27;[0m Driver proxy active, passing request on via HTTP proxy
&amp#27;[38;5;32m[AndroidUiautomator2Driver@cb04 (a84025fa)]&amp#27;[0m Matched '/session/a84025fa-87fd-4432-a89c-6e57f823ae73/element/00000000-0000-0464-ffff-ffff00000729/text' to command name 'getText'
&amp#27;[38;5;32m[AndroidUiautomator2Driver@cb04 (a84025fa)]&amp#27;[0m Proxying [GET /session/a84025fa-87fd-4432-a89c-6e57f823ae73/element/00000000-0000-0464-ffff-ffff00000729/text] to [GET http://127.0.0.1:8209/session/e13e9c10-6759-487b-84e8-6054836a870e/element/00000000-0000-0464-ffff-ffff00000729/text] with no body
&amp#27;[38;5;32m[AndroidUiautomator2Driver@cb04 (a84025fa)]&amp#27;[0m Got response with status 200: {"sessionId":"e13e9c10-6759-487b-84e8-6054836a870e","value":"3rd Down %"}
&amp#27;[38;5;32m[AndroidUiautomator2Driver@cb04 (a84025fa)]&amp#27;[0m Replacing sessionId e13e9c10-6759-487b-84e8-6054836a870e with a84025fa-87fd-4432-a89c-6e57f823ae73
&amp#27;[38;5;0m[HTTP]&amp#27;[0m &amp#27;[37m<-- GET /session/a84025fa-87fd-4432-a89c-6e57f823ae73/element/00000000-0000-0464-ffff-ffff00000729/text &amp#27;[39m&amp#27;[32m200&amp#27;[39m &amp#27;[90m10 ms - 73&amp#27;[39m
&amp#27;[38;5;0m[HTTP]&amp#27;[0m &amp#27;[90m&amp#27;[39m
&amp#27;[38;5;0m[HTTP]&amp#27;[0m &amp#27;[37m-->&amp#27;[39m &amp#27;[37mGET&amp#27;[39m &amp#27;[37m/session/a84025fa-87fd-4432-a89c-6e57f823ae73/context&amp#27;[39m
&amp#27;[38;5;0m[HTTP]&amp#27;[0m &amp#27;[90m{}&amp#27;[39m
&amp#27;[38;5;32m[AndroidUiautomator2Driver@cb04 (a84025fa)]&amp#27;[0m Calling AppiumDriver.getCurrentContext() with args: ["a84025fa-87fd-4432-a89c-6e57f823ae73"]
&amp#27;[38;5;32m[AndroidUiautomator2Driver@cb04 (a84025fa)]&amp#27;[0m Responding to client with driver.getCurrentContext() result: "NATIVE_APP"
&amp#27;[38;5;0m[HTTP]&amp#27;[0m &amp#27;[37m<-- GET /session/a84025fa-87fd-4432-a89c-6e57f823ae73/context &amp#27;[39m&amp#27;[32m200&amp#27;[39m &amp#27;[90m1 ms - 22&amp#27;[39m
&amp#27;[38;5;0m[HTTP]&amp#27;[0m &amp#27;[90m&amp#27;[39m
&amp#27;[38;5;0m[HTTP]&amp#27;[0m &amp#27;[37m-->&amp#27;[39m &amp#27;[37mPOST&amp#27;[39m &amp#27;[37m/session/a84025fa-87fd-4432-a89c-6e57f823ae73/elements&amp#27;[39m
&amp#27;[38;5;0m[HTTP]&amp#27;[0m &amp#27;[90m{"value":"com.fivemobile.thescore:id/text_category_name","using":"id"}&amp#27;[39m
&amp#27;[38;5;32m[AndroidUiautomator2Driver@cb04 (a84025fa)]&amp#27;[0m Calling AppiumDriver.findElements() with args: ["id","com.fivemobile.thescore:id/text_category_name","a84025fa-87fd-4432-a89c-6e57f823ae73"]
&amp#27;[38;5;32m[AndroidUiautomator2Driver@cb04 (a84025fa)]&amp#27;[0m Valid locator strategies for this request: xpath, id, class name, accessibility id, css selector, -android uiautomator
&amp#27;[38;5;32m[AndroidUiautomator2Driver@cb04 (a84025fa)]&amp#27;[0m Waiting up to 10000 ms for condition
&amp#27;[38;5;32m[AndroidUiautomator2Driver@cb04 (a84025fa)]&amp#27;[0m Matched '/elements' to command name 'findElements'
&amp#27;[38;5;32m[AndroidUiautomator2Driver@cb04 (a84025fa)]&amp#27;[0m Proxying [POST /elements] to [POST http://127.0.0.1:8209/session/e13e9c10-6759-487b-84e8-6054836a870e/elements] with body: {"strategy":"id","selector":"com.fivemobile.thescore:id/text_category_name","context":"","multiple":true}
&amp#27;[38;5;32m[AndroidUiautomator2Driver@cb04 (a84025fa)]&amp#27;[0m Got response with status 200: {"sessionId":"e13e9c10-6759-487b-84e8-6054836a870e","value":[{"ELEMENT":"00000000-0000-0464-ffff-ffff000006ef","element-6066-11e4-a52e-4f735466cecf":"00000000-0000-0464-ffff-ffff000006ef"},{"ELEMENT":"00000000-0000-0464-ffff-ffff000006f5","element-6066-11e4-a52e-4f735466cecf":"00000000-0000-0464-ffff-ffff000006f5"},{"ELEMENT":"00000000-0000-0464-ffff-ffff000006fb","element-6066-11e4-a52e-4f735466cecf":"00000000-0000-0464-ffff-ffff000006fb"},{"ELEMENT":"00000000-0000-0464-ffff-ffff00000701","element-6066-11e4-a52e-4f735466cecf":"00000000-0000-0464-ffff-ffff00000701"},{"ELEMENT":"00000000-0000-0464-ffff-ffff00000707","element-6066-11e4-a52e-4f735466cecf":"00000000-0000-0464-ffff-ffff00000707"},{"ELEMENT":"00000000-0000-0464-ffff-ffff00000711","element-6066-11e4-a52e-4f735466cecf":"00000000-0000-0464-ffff-ffff00000711"},{"ELEMENT":"00000000-0000-0464-ffff-ffff00000717","element-6066-11e4-a52e-4f735466cecf":"00000000-0000-0464-ffff-ffff00000717"},{"ELEMENT":"00000000-0000-0464-ffff-ffff0000071d","element-6066-...
&amp#27;[38;5;32m[AndroidUiautomator2Driver@cb04 (a84025fa)]&amp#27;[0m Responding to client with driver.findElements() result: [{"element-6066-11e4-a52e-4f735466cecf":"00000000-0000-0464-ffff-ffff000006ef","ELEMENT":"00000000-0000-0464-ffff-ffff000006ef"},{"element-6066-11e4-a52e-4f735466cecf":"00000000-0000-0464-ffff-ffff000006f5","ELEMENT":"00000000-0000-0464-ffff-ffff000006f5"},{"element-6066-11e4-a52e-4f735466cecf":"00000000-0000-0464-ffff-ffff000006fb","ELEMENT":"00000000-0000-0464-ffff-ffff000006fb"},{"element-6066-11e4-a52e-4f735466cecf":"00000000-0000-0464-ffff-ffff00000701","ELEMENT":"00000000-0000-0464-ffff-ffff00000701"},{"element-6066-11e4-a52e-4f735466cecf":"00000000-0000-0464-ffff-ffff00000707","ELEMENT":"00000000-0000-0464-ffff-ffff00000707"},{"element-6066-11e4-a52e-4f735466cecf":"00000000-0000-0464-ffff-ffff00000711","ELEMENT":"00000000-0000-0464-ffff-ffff00000711"},{"element-6066-11e4-a52e-4f735466cecf":"00000000-0000-0464-ffff-ffff00000717","ELEMENT":"00000000-0000-0464-ffff-ffff00000717"},{"element-6066-11e4-a52e-4f735466cecf":"00000000-0000-0464-ffff-ffff0000071d","ELEMENT":"00000000-0000-0464-ffff-ffff0000071...
&amp#27;[38;5;0m[HTTP]&amp#27;[0m &amp#27;[37m<-- POST /session/a84025fa-87fd-4432-a89c-6e57f823ae73/elements &amp#27;[39m&amp#27;[32m200&amp#27;[39m &amp#27;[90m115 ms - 1291&amp#27;[39m
&amp#27;[38;5;0m[HTTP]&amp#27;[0m &amp#27;[90m&amp#27;[39m
&amp#27;[38;5;0m[HTTP]&amp#27;[0m &amp#27;[37m-->&amp#27;[39m &amp#27;[37mGET&amp#27;[39m &amp#27;[37m/session/a84025fa-87fd-4432-a89c-6e57f823ae73/element/00000000-0000-0464-ffff-ffff00000729/text&amp#27;[39m
&amp#27;[38;5;0m[HTTP]&amp#27;[0m &amp#27;[90m{}&amp#27;[39m
&amp#27;[38;5;32m[AndroidUiautomator2Driver@cb04 (a84025fa)]&amp#27;[0m Driver proxy active, passing request on via HTTP proxy
&amp#27;[38;5;32m[AndroidUiautomator2Driver@cb04 (a84025fa)]&amp#27;[0m Matched '/session/a84025fa-87fd-4432-a89c-6e57f823ae73/element/00000000-0000-0464-ffff-ffff00000729/text' to command name 'getText'
&amp#27;[38;5;32m[AndroidUiautomator2Driver@cb04 (a84025fa)]&amp#27;[0m Proxying [GET /session/a84025fa-87fd-4432-a89c-6e57f823ae73/element/00000000-0000-0464-ffff-ffff00000729/text] to [GET http://127.0.0.1:8209/session/e13e9c10-6759-487b-84e8-6054836a870e/element/00000000-0000-0464-ffff-ffff00000729/text] with no body
&amp#27;[38;5;32m[AndroidUiautomator2Driver@cb04 (a84025fa)]&amp#27;[0m Got response with status 200: {"sessionId":"e13e9c10-6759-487b-84e8-6054836a870e","value":"3rd Down %"}
&amp#27;[38;5;32m[AndroidUiautomator2Driver@cb04 (a84025fa)]&amp#27;[0m Replacing sessionId e13e9c10-6759-487b-84e8-6054836a870e with a84025fa-87fd-4432-a89c-6e57f823ae73
&amp#27;[38;5;0m[HTTP]&amp#27;[0m &amp#27;[37m<-- GET /session/a84025fa-87fd-4432-a89c-6e57f823ae73/element/00000000-0000-0464-ffff-ffff00000729/text &amp#27;[39m&amp#27;[32m200&amp#27;[39m &amp#27;[90m11 ms - 73&amp#27;[39m
&amp#27;[38;5;0m[HTTP]&amp#27;[0m &amp#27;[90m&amp#27;[39m
Text displayed: 3rd Down %
&amp#27;[38;5;0m[HTTP]&amp#27;[0m &amp#27;[37m-->&amp#27;[39m &amp#27;[37mGET&amp#27;[39m &amp#27;[37m/session/a84025fa-87fd-4432-a89c-6e57f823ae73/context&amp#27;[39m
&amp#27;[38;5;0m[HTTP]&amp#27;[0m &amp#27;[90m{}&amp#27;[39m
&amp#27;[38;5;32m[AndroidUiautomator2Driver@cb04 (a84025fa)]&amp#27;[0m Calling AppiumDriver.getCurrentContext() with args: ["a84025fa-87fd-4432-a89c-6e57f823ae73"]
&amp#27;[38;5;32m[AndroidUiautomator2Driver@cb04 (a84025fa)]&amp#27;[0m Responding to client with driver.getCurrentContext() result: "NATIVE_APP"
&amp#27;[38;5;0m[HTTP]&amp#27;[0m &amp#27;[37m<-- GET /session/a84025fa-87fd-4432-a89c-6e57f823ae73/context &amp#27;[39m&amp#27;[32m200&amp#27;[39m &amp#27;[90m1 ms - 22&amp#27;[39m
&amp#27;[38;5;0m[HTTP]&amp#27;[0m &amp#27;[90m&amp#27;[39m
&amp#27;[38;5;0m[HTTP]&amp#27;[0m &amp#27;[37m-->&amp#27;[39m &amp#27;[37mPOST&amp#27;[39m &amp#27;[37m/session/a84025fa-87fd-4432-a89c-6e57f823ae73/elements&amp#27;[39m
&amp#27;[38;5;0m[HTTP]&amp#27;[0m &amp#27;[90m{"value":"com.fivemobile.thescore:id/text_category_name","using":"id"}&amp#27;[39m
&amp#27;[38;5;32m[AndroidUiautomator2Driver@cb04 (a84025fa)]&amp#27;[0m Calling AppiumDriver.findElements() with args: ["id","com.fivemobile.thescore:id/text_category_name","a84025fa-87fd-4432-a89c-6e57f823ae73"]
&amp#27;[38;5;32m[AndroidUiautomator2Driver@cb04 (a84025fa)]&amp#27;[0m Valid locator strategies for this request: xpath, id, class name, accessibility id, css selector, -android uiautomator
&amp#27;[38;5;32m[AndroidUiautomator2Driver@cb04 (a84025fa)]&amp#27;[0m Waiting up to 10000 ms for condition
&amp#27;[38;5;32m[AndroidUiautomator2Driver@cb04 (a84025fa)]&amp#27;[0m Matched '/elements' to command name 'findElements'
&amp#27;[38;5;32m[AndroidUiautomator2Driver@cb04 (a84025fa)]&amp#27;[0m Proxying [POST /elements] to [POST http://127.0.0.1:8209/session/e13e9c10-6759-487b-84e8-6054836a870e/elements] with body: {"strategy":"id","selector":"com.fivemobile.thescore:id/text_category_name","context":"","multiple":true}
&amp#27;[38;5;32m[AndroidUiautomator2Driver@cb04 (a84025fa)]&amp#27;[0m Got response with status 200: {"sessionId":"e13e9c10-6759-487b-84e8-6054836a870e","value":[{"ELEMENT":"00000000-0000-0464-ffff-ffff000006ef","element-6066-11e4-a52e-4f735466cecf":"00000000-0000-0464-ffff-ffff000006ef"},{"ELEMENT":"00000000-0000-0464-ffff-ffff000006f5","element-6066-11e4-a52e-4f735466cecf":"00000000-0000-0464-ffff-ffff000006f5"},{"ELEMENT":"00000000-0000-0464-ffff-ffff000006fb","element-6066-11e4-a52e-4f735466cecf":"00000000-0000-0464-ffff-ffff000006fb"},{"ELEMENT":"00000000-0000-0464-ffff-ffff00000701","element-6066-11e4-a52e-4f735466cecf":"00000000-0000-0464-ffff-ffff00000701"},{"ELEMENT":"00000000-0000-0464-ffff-ffff00000707","element-6066-11e4-a52e-4f735466cecf":"00000000-0000-0464-ffff-ffff00000707"},{"ELEMENT":"00000000-0000-0464-ffff-ffff00000711","element-6066-11e4-a52e-4f735466cecf":"00000000-0000-0464-ffff-ffff00000711"},{"ELEMENT":"00000000-0000-0464-ffff-ffff00000717","element-6066-11e4-a52e-4f735466cecf":"00000000-0000-0464-ffff-ffff00000717"},{"ELEMENT":"00000000-0000-0464-ffff-ffff0000071d","element-6066-...
&amp#27;[38;5;32m[AndroidUiautomator2Driver@cb04 (a84025fa)]&amp#27;[0m Responding to client with driver.findElements() result: [{"element-6066-11e4-a52e-4f735466cecf":"00000000-0000-0464-ffff-ffff000006ef","ELEMENT":"00000000-0000-0464-ffff-ffff000006ef"},{"element-6066-11e4-a52e-4f735466cecf":"00000000-0000-0464-ffff-ffff000006f5","ELEMENT":"00000000-0000-0464-ffff-ffff000006f5"},{"element-6066-11e4-a52e-4f735466cecf":"00000000-0000-0464-ffff-ffff000006fb","ELEMENT":"00000000-0000-0464-ffff-ffff000006fb"},{"element-6066-11e4-a52e-4f735466cecf":"00000000-0000-0464-ffff-ffff00000701","ELEMENT":"00000000-0000-0464-ffff-ffff00000701"},{"element-6066-11e4-a52e-4f735466cecf":"00000000-0000-0464-ffff-ffff00000707","ELEMENT":"00000000-0000-0464-ffff-ffff00000707"},{"element-6066-11e4-a52e-4f735466cecf":"00000000-0000-0464-ffff-ffff00000711","ELEMENT":"00000000-0000-0464-ffff-ffff00000711"},{"element-6066-11e4-a52e-4f735466cecf":"00000000-0000-0464-ffff-ffff00000717","ELEMENT":"00000000-0000-0464-ffff-ffff00000717"},{"element-6066-11e4-a52e-4f735466cecf":"00000000-0000-0464-ffff-ffff0000071d","ELEMENT":"00000000-0000-0464-ffff-ffff0000071...
&amp#27;[38;5;0m[HTTP]&amp#27;[0m &amp#27;[37m<-- POST /session/a84025fa-87fd-4432-a89c-6e57f823ae73/elements &amp#27;[39m&amp#27;[32m200&amp#27;[39m &amp#27;[90m137 ms - 1291&amp#27;[39m
&amp#27;[38;5;0m[HTTP]&amp#27;[0m &amp#27;[90m&amp#27;[39m
&amp#27;[38;5;0m[HTTP]&amp#27;[0m &amp#27;[37m-->&amp#27;[39m &amp#27;[37mGET&amp#27;[39m &amp#27;[37m/session/a84025fa-87fd-4432-a89c-6e57f823ae73/context&amp#27;[39m
&amp#27;[38;5;0m[HTTP]&amp#27;[0m &amp#27;[90m{}&amp#27;[39m
&amp#27;[38;5;32m[AndroidUiautomator2Driver@cb04 (a84025fa)]&amp#27;[0m Calling AppiumDriver.getCurrentContext() with args: ["a84025fa-87fd-4432-a89c-6e57f823ae73"]
&amp#27;[38;5;32m[AndroidUiautomator2Driver@cb04 (a84025fa)]&amp#27;[0m Responding to client with driver.getCurrentContext() result: "NATIVE_APP"
&amp#27;[38;5;0m[HTTP]&amp#27;[0m &amp#27;[37m<-- GET /session/a84025fa-87fd-4432-a89c-6e57f823ae73/context &amp#27;[39m&amp#27;[32m200&amp#27;[39m &amp#27;[90m1 ms - 22&amp#27;[39m
&amp#27;[38;5;0m[HTTP]&amp#27;[0m &amp#27;[90m&amp#27;[39m
&amp#27;[38;5;0m[HTTP]&amp#27;[0m &amp#27;[37m-->&amp#27;[39m &amp#27;[37mPOST&amp#27;[39m &amp#27;[37m/session/a84025fa-87fd-4432-a89c-6e57f823ae73/elements&amp#27;[39m
&amp#27;[38;5;0m[HTTP]&amp#27;[0m &amp#27;[90m{"value":"com.fivemobile.thescore:id/text_value","using":"id"}&amp#27;[39m
&amp#27;[38;5;32m[AndroidUiautomator2Driver@cb04 (a84025fa)]&amp#27;[0m Calling AppiumDriver.findElements() with args: ["id","com.fivemobile.thescore:id/text_value","a84025fa-87fd-4432-a89c-6e57f823ae73"]
&amp#27;[38;5;32m[AndroidUiautomator2Driver@cb04 (a84025fa)]&amp#27;[0m Valid locator strategies for this request: xpath, id, class name, accessibility id, css selector, -android uiautomator
&amp#27;[38;5;32m[AndroidUiautomator2Driver@cb04 (a84025fa)]&amp#27;[0m Waiting up to 10000 ms for condition
&amp#27;[38;5;32m[AndroidUiautomator2Driver@cb04 (a84025fa)]&amp#27;[0m Matched '/elements' to command name 'findElements'
&amp#27;[38;5;32m[AndroidUiautomator2Driver@cb04 (a84025fa)]&amp#27;[0m Proxying [POST /elements] to [POST http://127.0.0.1:8209/session/e13e9c10-6759-487b-84e8-6054836a870e/elements] with body: {"strategy":"id","selector":"com.fivemobile.thescore:id/text_value","context":"","multiple":true}
&amp#27;[38;5;32m[AndroidUiautomator2Driver@cb04 (a84025fa)]&amp#27;[0m Got response with status 200: {"sessionId":"e13e9c10-6759-487b-84e8-6054836a870e","value":[{"ELEMENT":"00000000-0000-0464-ffff-ffff000006f0","element-6066-11e4-a52e-4f735466cecf":"00000000-0000-0464-ffff-ffff000006f0"},{"ELEMENT":"00000000-0000-0464-ffff-ffff000006f6","element-6066-11e4-a52e-4f735466cecf":"00000000-0000-0464-ffff-ffff000006f6"},{"ELEMENT":"00000000-0000-0464-ffff-ffff000006fc","element-6066-11e4-a52e-4f735466cecf":"00000000-0000-0464-ffff-ffff000006fc"},{"ELEMENT":"00000000-0000-0464-ffff-ffff00000702","element-6066-11e4-a52e-4f735466cecf":"00000000-0000-0464-ffff-ffff00000702"},{"ELEMENT":"00000000-0000-0464-ffff-ffff00000708","element-6066-11e4-a52e-4f735466cecf":"00000000-0000-0464-ffff-ffff00000708"},{"ELEMENT":"00000000-0000-0464-ffff-ffff00000712","element-6066-11e4-a52e-4f735466cecf":"00000000-0000-0464-ffff-ffff00000712"},{"ELEMENT":"00000000-0000-0464-ffff-ffff00000718","element-6066-11e4-a52e-4f735466cecf":"00000000-0000-0464-ffff-ffff00000718"},{"ELEMENT":"00000000-0000-0464-ffff-ffff0000071e","element-6066-...
&amp#27;[38;5;32m[AndroidUiautomator2Driver@cb04 (a84025fa)]&amp#27;[0m Responding to client with driver.findElements() result: [{"element-6066-11e4-a52e-4f735466cecf":"00000000-0000-0464-ffff-ffff000006f0","ELEMENT":"00000000-0000-0464-ffff-ffff000006f0"},{"element-6066-11e4-a52e-4f735466cecf":"00000000-0000-0464-ffff-ffff000006f6","ELEMENT":"00000000-0000-0464-ffff-ffff000006f6"},{"element-6066-11e4-a52e-4f735466cecf":"00000000-0000-0464-ffff-ffff000006fc","ELEMENT":"00000000-0000-0464-ffff-ffff000006fc"},{"element-6066-11e4-a52e-4f735466cecf":"00000000-0000-0464-ffff-ffff00000702","ELEMENT":"00000000-0000-0464-ffff-ffff00000702"},{"element-6066-11e4-a52e-4f735466cecf":"00000000-0000-0464-ffff-ffff00000708","ELEMENT":"00000000-0000-0464-ffff-ffff00000708"},{"element-6066-11e4-a52e-4f735466cecf":"00000000-0000-0464-ffff-ffff00000712","ELEMENT":"00000000-0000-0464-ffff-ffff00000712"},{"element-6066-11e4-a52e-4f735466cecf":"00000000-0000-0464-ffff-ffff00000718","ELEMENT":"00000000-0000-0464-ffff-ffff00000718"},{"element-6066-11e4-a52e-4f735466cecf":"00000000-0000-0464-ffff-ffff0000071e","ELEMENT":"00000000-0000-0464-ffff-ffff0000071...
&amp#27;[38;5;0m[HTTP]&amp#27;[0m &amp#27;[37m<-- POST /session/a84025fa-87fd-4432-a89c-6e57f823ae73/elements &amp#27;[39m&amp#27;[32m200&amp#27;[39m &amp#27;[90m117 ms - 1291&amp#27;[39m
&amp#27;[38;5;0m[HTTP]&amp#27;[0m &amp#27;[90m&amp#27;[39m
&amp#27;[38;5;0m[HTTP]&amp#27;[0m &amp#27;[37m-->&amp#27;[39m &amp#27;[37mGET&amp#27;[39m &amp#27;[37m/session/a84025fa-87fd-4432-a89c-6e57f823ae73/context&amp#27;[39m
&amp#27;[38;5;0m[HTTP]&amp#27;[0m &amp#27;[90m{}&amp#27;[39m
&amp#27;[38;5;32m[AndroidUiautomator2Driver@cb04 (a84025fa)]&amp#27;[0m Calling AppiumDriver.getCurrentContext() with args: ["a84025fa-87fd-4432-a89c-6e57f823ae73"]
&amp#27;[38;5;32m[AndroidUiautomator2Driver@cb04 (a84025fa)]&amp#27;[0m Responding to client with driver.getCurrentContext() result: "NATIVE_APP"
&amp#27;[38;5;0m[HTTP]&amp#27;[0m &amp#27;[37m<-- GET /session/a84025fa-87fd-4432-a89c-6e57f823ae73/context &amp#27;[39m&amp#27;[32m200&amp#27;[39m &amp#27;[90m1 ms - 22&amp#27;[39m
&amp#27;[38;5;0m[HTTP]&amp#27;[0m &amp#27;[90m&amp#27;[39m
&amp#27;[38;5;0m[HTTP]&amp#27;[0m &amp#27;[37m-->&amp#27;[39m &amp#27;[37mPOST&amp#27;[39m &amp#27;[37m/session/a84025fa-87fd-4432-a89c-6e57f823ae73/elements&amp#27;[39m
&amp#27;[38;5;0m[HTTP]&amp#27;[0m &amp#27;[90m{"value":"com.fivemobile.thescore:id/text_value","using":"id"}&amp#27;[39m
&amp#27;[38;5;32m[AndroidUiautomator2Driver@cb04 (a84025fa)]&amp#27;[0m Calling AppiumDriver.findElements() with args: ["id","com.fivemobile.thescore:id/text_value","a84025fa-87fd-4432-a89c-6e57f823ae73"]
&amp#27;[38;5;32m[AndroidUiautomator2Driver@cb04 (a84025fa)]&amp#27;[0m Valid locator strategies for this request: xpath, id, class name, accessibility id, css selector, -android uiautomator
&amp#27;[38;5;32m[AndroidUiautomator2Driver@cb04 (a84025fa)]&amp#27;[0m Waiting up to 10000 ms for condition
&amp#27;[38;5;32m[AndroidUiautomator2Driver@cb04 (a84025fa)]&amp#27;[0m Matched '/elements' to command name 'findElements'
&amp#27;[38;5;32m[AndroidUiautomator2Driver@cb04 (a84025fa)]&amp#27;[0m Proxying [POST /elements] to [POST http://127.0.0.1:8209/session/e13e9c10-6759-487b-84e8-6054836a870e/elements] with body: {"strategy":"id","selector":"com.fivemobile.thescore:id/text_value","context":"","multiple":true}
&amp#27;[38;5;32m[AndroidUiautomator2Driver@cb04 (a84025fa)]&amp#27;[0m Got response with status 200: {"sessionId":"e13e9c10-6759-487b-84e8-6054836a870e","value":[{"ELEMENT":"00000000-0000-0464-ffff-ffff000006f0","element-6066-11e4-a52e-4f735466cecf":"00000000-0000-0464-ffff-ffff000006f0"},{"ELEMENT":"00000000-0000-0464-ffff-ffff000006f6","element-6066-11e4-a52e-4f735466cecf":"00000000-0000-0464-ffff-ffff000006f6"},{"ELEMENT":"00000000-0000-0464-ffff-ffff000006fc","element-6066-11e4-a52e-4f735466cecf":"00000000-0000-0464-ffff-ffff000006fc"},{"ELEMENT":"00000000-0000-0464-ffff-ffff00000702","element-6066-11e4-a52e-4f735466cecf":"00000000-0000-0464-ffff-ffff00000702"},{"ELEMENT":"00000000-0000-0464-ffff-ffff00000708","element-6066-11e4-a52e-4f735466cecf":"00000000-0000-0464-ffff-ffff00000708"},{"ELEMENT":"00000000-0000-0464-ffff-ffff00000712","element-6066-11e4-a52e-4f735466cecf":"00000000-0000-0464-ffff-ffff00000712"},{"ELEMENT":"00000000-0000-0464-ffff-ffff00000718","element-6066-11e4-a52e-4f735466cecf":"00000000-0000-0464-ffff-ffff00000718"},{"ELEMENT":"00000000-0000-0464-ffff-ffff0000071e","element-6066-...
&amp#27;[38;5;32m[AndroidUiautomator2Driver@cb04 (a84025fa)]&amp#27;[0m Responding to client with driver.findElements() result: [{"element-6066-11e4-a52e-4f735466cecf":"00000000-0000-0464-ffff-ffff000006f0","ELEMENT":"00000000-0000-0464-ffff-ffff000006f0"},{"element-6066-11e4-a52e-4f735466cecf":"00000000-0000-0464-ffff-ffff000006f6","ELEMENT":"00000000-0000-0464-ffff-ffff000006f6"},{"element-6066-11e4-a52e-4f735466cecf":"00000000-0000-0464-ffff-ffff000006fc","ELEMENT":"00000000-0000-0464-ffff-ffff000006fc"},{"element-6066-11e4-a52e-4f735466cecf":"00000000-0000-0464-ffff-ffff00000702","ELEMENT":"00000000-0000-0464-ffff-ffff00000702"},{"element-6066-11e4-a52e-4f735466cecf":"00000000-0000-0464-ffff-ffff00000708","ELEMENT":"00000000-0000-0464-ffff-ffff00000708"},{"element-6066-11e4-a52e-4f735466cecf":"00000000-0000-0464-ffff-ffff00000712","ELEMENT":"00000000-0000-0464-ffff-ffff00000712"},{"element-6066-11e4-a52e-4f735466cecf":"00000000-0000-0464-ffff-ffff00000718","ELEMENT":"00000000-0000-0464-ffff-ffff00000718"},{"element-6066-11e4-a52e-4f735466cecf":"00000000-0000-0464-ffff-ffff0000071e","ELEMENT":"00000000-0000-0464-ffff-ffff0000071...
&amp#27;[38;5;0m[HTTP]&amp#27;[0m &amp#27;[37m<-- POST /session/a84025fa-87fd-4432-a89c-6e57f823ae73/elements &amp#27;[39m&amp#27;[32m200&amp#27;[39m &amp#27;[90m119 ms - 1291&amp#27;[39m
&amp#27;[38;5;0m[HTTP]&amp#27;[0m &amp#27;[90m&amp#27;[39m
&amp#27;[38;5;0m[HTTP]&amp#27;[0m &amp#27;[37m-->&amp#27;[39m &amp#27;[37mGET&amp#27;[39m &amp#27;[37m/session/a84025fa-87fd-4432-a89c-6e57f823ae73/element/00000000-0000-0464-ffff-ffff000006f0/displayed&amp#27;[39m
&amp#27;[38;5;0m[HTTP]&amp#27;[0m &amp#27;[90m{}&amp#27;[39m
&amp#27;[38;5;32m[AndroidUiautomator2Driver@cb04 (a84025fa)]&amp#27;[0m Calling AppiumDriver.elementDisplayed() with args: ["00000000-0000-0464-ffff-ffff000006f0","a84025fa-87fd-4432-a89c-6e57f823ae73"]
&amp#27;[38;5;32m[AndroidUiautomator2Driver@cb04 (a84025fa)]&amp#27;[0m Matched '/element/00000000-0000-0464-ffff-ffff000006f0/attribute/displayed' to command name 'getAttribute'
&amp#27;[38;5;32m[AndroidUiautomator2Driver@cb04 (a84025fa)]&amp#27;[0m Proxying [GET /element/00000000-0000-0464-ffff-ffff000006f0/attribute/displayed] to [GET http://127.0.0.1:8209/session/e13e9c10-6759-487b-84e8-6054836a870e/element/00000000-0000-0464-ffff-ffff000006f0/attribute/displayed] with no body
&amp#27;[38;5;32m[AndroidUiautomator2Driver@cb04 (a84025fa)]&amp#27;[0m Got response with status 200: {"sessionId":"e13e9c10-6759-487b-84e8-6054836a870e","value":"true"}
&amp#27;[38;5;32m[AndroidUiautomator2Driver@cb04 (a84025fa)]&amp#27;[0m Responding to client with driver.elementDisplayed() result: true
&amp#27;[38;5;0m[HTTP]&amp#27;[0m &amp#27;[37m<-- GET /session/a84025fa-87fd-4432-a89c-6e57f823ae73/element/00000000-0000-0464-ffff-ffff000006f0/displayed &amp#27;[39m&amp#27;[32m200&amp#27;[39m &amp#27;[90m12 ms - 14&amp#27;[39m
&amp#27;[38;5;0m[HTTP]&amp#27;[0m &amp#27;[90m&amp#27;[39m
&amp#27;[38;5;0m[HTTP]&amp#27;[0m &amp#27;[37m-->&amp#27;[39m &amp#27;[37mGET&amp#27;[39m &amp#27;[37m/session/a84025fa-87fd-4432-a89c-6e57f823ae73/context&amp#27;[39m
&amp#27;[38;5;0m[HTTP]&amp#27;[0m &amp#27;[90m{}&amp#27;[39m
&amp#27;[38;5;32m[AndroidUiautomator2Driver@cb04 (a84025fa)]&amp#27;[0m Calling AppiumDriver.getCurrentContext() with args: ["a84025fa-87fd-4432-a89c-6e57f823ae73"]
&amp#27;[38;5;32m[AndroidUiautomator2Driver@cb04 (a84025fa)]&amp#27;[0m Responding to client with driver.getCurrentContext() result: "NATIVE_APP"
&amp#27;[38;5;0m[HTTP]&amp#27;[0m &amp#27;[37m<-- GET /session/a84025fa-87fd-4432-a89c-6e57f823ae73/context &amp#27;[39m&amp#27;[32m200&amp#27;[39m &amp#27;[90m1 ms - 22&amp#27;[39m
&amp#27;[38;5;0m[HTTP]&amp#27;[0m &amp#27;[90m&amp#27;[39m
&amp#27;[38;5;0m[HTTP]&amp#27;[0m &amp#27;[37m-->&amp#27;[39m &amp#27;[37mPOST&amp#27;[39m &amp#27;[37m/session/a84025fa-87fd-4432-a89c-6e57f823ae73/elements&amp#27;[39m
&amp#27;[38;5;0m[HTTP]&amp#27;[0m &amp#27;[90m{"value":"com.fivemobile.thescore:id/text_value","using":"id"}&amp#27;[39m
&amp#27;[38;5;32m[AndroidUiautomator2Driver@cb04 (a84025fa)]&amp#27;[0m Calling AppiumDriver.findElements() with args: ["id","com.fivemobile.thescore:id/text_value","a84025fa-87fd-4432-a89c-6e57f823ae73"]
&amp#27;[38;5;32m[AndroidUiautomator2Driver@cb04 (a84025fa)]&amp#27;[0m Valid locator strategies for this request: xpath, id, class name, accessibility id, css selector, -android uiautomator
&amp#27;[38;5;32m[AndroidUiautomator2Driver@cb04 (a84025fa)]&amp#27;[0m Waiting up to 10000 ms for condition
&amp#27;[38;5;32m[AndroidUiautomator2Driver@cb04 (a84025fa)]&amp#27;[0m Matched '/elements' to command name 'findElements'
&amp#27;[38;5;32m[AndroidUiautomator2Driver@cb04 (a84025fa)]&amp#27;[0m Proxying [POST /elements] to [POST http://127.0.0.1:8209/session/e13e9c10-6759-487b-84e8-6054836a870e/elements] with body: {"strategy":"id","selector":"com.fivemobile.thescore:id/text_value","context":"","multiple":true}
&amp#27;[38;5;32m[AndroidUiautomator2Driver@cb04 (a84025fa)]&amp#27;[0m Got response with status 200: {"sessionId":"e13e9c10-6759-487b-84e8-6054836a870e","value":[{"ELEMENT":"00000000-0000-0464-ffff-ffff000006f0","element-6066-11e4-a52e-4f735466cecf":"00000000-0000-0464-ffff-ffff000006f0"},{"ELEMENT":"00000000-0000-0464-ffff-ffff000006f6","element-6066-11e4-a52e-4f735466cecf":"00000000-0000-0464-ffff-ffff000006f6"},{"ELEMENT":"00000000-0000-0464-ffff-ffff000006fc","element-6066-11e4-a52e-4f735466cecf":"00000000-0000-0464-ffff-ffff000006fc"},{"ELEMENT":"00000000-0000-0464-ffff-ffff00000702","element-6066-11e4-a52e-4f735466cecf":"00000000-0000-0464-ffff-ffff00000702"},{"ELEMENT":"00000000-0000-0464-ffff-ffff00000708","element-6066-11e4-a52e-4f735466cecf":"00000000-0000-0464-ffff-ffff00000708"},{"ELEMENT":"00000000-0000-0464-ffff-ffff00000712","element-6066-11e4-a52e-4f735466cecf":"00000000-0000-0464-ffff-ffff00000712"},{"ELEMENT":"00000000-0000-0464-ffff-ffff00000718","element-6066-11e4-a52e-4f735466cecf":"00000000-0000-0464-ffff-ffff00000718"},{"ELEMENT":"00000000-0000-0464-ffff-ffff0000071e","element-6066-...
&amp#27;[38;5;32m[AndroidUiautomator2Driver@cb04 (a84025fa)]&amp#27;[0m Responding to client with driver.findElements() result: [{"element-6066-11e4-a52e-4f735466cecf":"00000000-0000-0464-ffff-ffff000006f0","ELEMENT":"00000000-0000-0464-ffff-ffff000006f0"},{"element-6066-11e4-a52e-4f735466cecf":"00000000-0000-0464-ffff-ffff000006f6","ELEMENT":"00000000-0000-0464-ffff-ffff000006f6"},{"element-6066-11e4-a52e-4f735466cecf":"00000000-0000-0464-ffff-ffff000006fc","ELEMENT":"00000000-0000-0464-ffff-ffff000006fc"},{"element-6066-11e4-a52e-4f735466cecf":"00000000-0000-0464-ffff-ffff00000702","ELEMENT":"00000000-0000-0464-ffff-ffff00000702"},{"element-6066-11e4-a52e-4f735466cecf":"00000000-0000-0464-ffff-ffff00000708","ELEMENT":"00000000-0000-0464-ffff-ffff00000708"},{"element-6066-11e4-a52e-4f735466cecf":"00000000-0000-0464-ffff-ffff00000712","ELEMENT":"00000000-0000-0464-ffff-ffff00000712"},{"element-6066-11e4-a52e-4f735466cecf":"00000000-0000-0464-ffff-ffff00000718","ELEMENT":"00000000-0000-0464-ffff-ffff00000718"},{"element-6066-11e4-a52e-4f735466cecf":"00000000-0000-0464-ffff-ffff0000071e","ELEMENT":"00000000-0000-0464-ffff-ffff0000071...
&amp#27;[38;5;0m[HTTP]&amp#27;[0m &amp#27;[37m<-- POST /session/a84025fa-87fd-4432-a89c-6e57f823ae73/elements &amp#27;[39m&amp#27;[32m200&amp#27;[39m &amp#27;[90m115 ms - 1291&amp#27;[39m
&amp#27;[38;5;0m[HTTP]&amp#27;[0m &amp#27;[90m&amp#27;[39m
&amp#27;[38;5;0m[HTTP]&amp#27;[0m &amp#27;[37m-->&amp#27;[39m &amp#27;[37mGET&amp#27;[39m &amp#27;[37m/session/a84025fa-87fd-4432-a89c-6e57f823ae73/context&amp#27;[39m
&amp#27;[38;5;0m[HTTP]&amp#27;[0m &amp#27;[90m{}&amp#27;[39m
&amp#27;[38;5;32m[AndroidUiautomator2Driver@cb04 (a84025fa)]&amp#27;[0m Calling AppiumDriver.getCurrentContext() with args: ["a84025fa-87fd-4432-a89c-6e57f823ae73"]
&amp#27;[38;5;32m[AndroidUiautomator2Driver@cb04 (a84025fa)]&amp#27;[0m Responding to client with driver.getCurrentContext() result: "NATIVE_APP"
&amp#27;[38;5;0m[HTTP]&amp#27;[0m &amp#27;[37m<-- GET /session/a84025fa-87fd-4432-a89c-6e57f823ae73/context &amp#27;[39m&amp#27;[32m200&amp#27;[39m &amp#27;[90m1 ms - 22&amp#27;[39m
&amp#27;[38;5;0m[HTTP]&amp#27;[0m &amp#27;[90m&amp#27;[39m
&amp#27;[38;5;0m[HTTP]&amp#27;[0m &amp#27;[37m-->&amp#27;[39m &amp#27;[37mPOST&amp#27;[39m &amp#27;[37m/session/a84025fa-87fd-4432-a89c-6e57f823ae73/elements&amp#27;[39m
&amp#27;[38;5;0m[HTTP]&amp#27;[0m &amp#27;[90m{"value":"com.fivemobile.thescore:id/text_value","using":"id"}&amp#27;[39m
&amp#27;[38;5;32m[AndroidUiautomator2Driver@cb04 (a84025fa)]&amp#27;[0m Calling AppiumDriver.findElements() with args: ["id","com.fivemobile.thescore:id/text_value","a84025fa-87fd-4432-a89c-6e57f823ae73"]
&amp#27;[38;5;32m[AndroidUiautomator2Driver@cb04 (a84025fa)]&amp#27;[0m Valid locator strategies for this request: xpath, id, class name, accessibility id, css selector, -android uiautomator
&amp#27;[38;5;32m[AndroidUiautomator2Driver@cb04 (a84025fa)]&amp#27;[0m Waiting up to 10000 ms for condition
&amp#27;[38;5;32m[AndroidUiautomator2Driver@cb04 (a84025fa)]&amp#27;[0m Matched '/elements' to command name 'findElements'
&amp#27;[38;5;32m[AndroidUiautomator2Driver@cb04 (a84025fa)]&amp#27;[0m Proxying [POST /elements] to [POST http://127.0.0.1:8209/session/e13e9c10-6759-487b-84e8-6054836a870e/elements] with body: {"strategy":"id","selector":"com.fivemobile.thescore:id/text_value","context":"","multiple":true}
&amp#27;[38;5;32m[AndroidUiautomator2Driver@cb04 (a84025fa)]&amp#27;[0m Got response with status 200: {"sessionId":"e13e9c10-6759-487b-84e8-6054836a870e","value":[{"ELEMENT":"00000000-0000-0464-ffff-ffff000006f0","element-6066-11e4-a52e-4f735466cecf":"00000000-0000-0464-ffff-ffff000006f0"},{"ELEMENT":"00000000-0000-0464-ffff-ffff000006f6","element-6066-11e4-a52e-4f735466cecf":"00000000-0000-0464-ffff-ffff000006f6"},{"ELEMENT":"00000000-0000-0464-ffff-ffff000006fc","element-6066-11e4-a52e-4f735466cecf":"00000000-0000-0464-ffff-ffff000006fc"},{"ELEMENT":"00000000-0000-0464-ffff-ffff00000702","element-6066-11e4-a52e-4f735466cecf":"00000000-0000-0464-ffff-ffff00000702"},{"ELEMENT":"00000000-0000-0464-ffff-ffff00000708","element-6066-11e4-a52e-4f735466cecf":"00000000-0000-0464-ffff-ffff00000708"},{"ELEMENT":"00000000-0000-0464-ffff-ffff00000712","element-6066-11e4-a52e-4f735466cecf":"00000000-0000-0464-ffff-ffff00000712"},{"ELEMENT":"00000000-0000-0464-ffff-ffff00000718","element-6066-11e4-a52e-4f735466cecf":"00000000-0000-0464-ffff-ffff00000718"},{"ELEMENT":"00000000-0000-0464-ffff-ffff0000071e","element-6066-...
&amp#27;[38;5;32m[AndroidUiautomator2Driver@cb04 (a84025fa)]&amp#27;[0m Responding to client with driver.findElements() result: [{"element-6066-11e4-a52e-4f735466cecf":"00000000-0000-0464-ffff-ffff000006f0","ELEMENT":"00000000-0000-0464-ffff-ffff000006f0"},{"element-6066-11e4-a52e-4f735466cecf":"00000000-0000-0464-ffff-ffff000006f6","ELEMENT":"00000000-0000-0464-ffff-ffff000006f6"},{"element-6066-11e4-a52e-4f735466cecf":"00000000-0000-0464-ffff-ffff000006fc","ELEMENT":"00000000-0000-0464-ffff-ffff000006fc"},{"element-6066-11e4-a52e-4f735466cecf":"00000000-0000-0464-ffff-ffff00000702","ELEMENT":"00000000-0000-0464-ffff-ffff00000702"},{"element-6066-11e4-a52e-4f735466cecf":"00000000-0000-0464-ffff-ffff00000708","ELEMENT":"00000000-0000-0464-ffff-ffff00000708"},{"element-6066-11e4-a52e-4f735466cecf":"00000000-0000-0464-ffff-ffff00000712","ELEMENT":"00000000-0000-0464-ffff-ffff00000712"},{"element-6066-11e4-a52e-4f735466cecf":"00000000-0000-0464-ffff-ffff00000718","ELEMENT":"00000000-0000-0464-ffff-ffff00000718"},{"element-6066-11e4-a52e-4f735466cecf":"00000000-0000-0464-ffff-ffff0000071e","ELEMENT":"00000000-0000-0464-ffff-ffff0000071...
&amp#27;[38;5;0m[HTTP]&amp#27;[0m &amp#27;[37m<-- POST /session/a84025fa-87fd-4432-a89c-6e57f823ae73/elements &amp#27;[39m&amp#27;[32m200&amp#27;[39m &amp#27;[90m125 ms - 1291&amp#27;[39m
&amp#27;[38;5;0m[HTTP]&amp#27;[0m &amp#27;[90m&amp#27;[39m
&amp#27;[38;5;0m[HTTP]&amp#27;[0m &amp#27;[37m-->&amp#27;[39m &amp#27;[37mGET&amp#27;[39m &amp#27;[37m/session/a84025fa-87fd-4432-a89c-6e57f823ae73/element/00000000-0000-0464-ffff-ffff000006f6/displayed&amp#27;[39m
&amp#27;[38;5;0m[HTTP]&amp#27;[0m &amp#27;[90m{}&amp#27;[39m
&amp#27;[38;5;32m[AndroidUiautomator2Driver@cb04 (a84025fa)]&amp#27;[0m Calling AppiumDriver.elementDisplayed() with args: ["00000000-0000-0464-ffff-ffff000006f6","a84025fa-87fd-4432-a89c-6e57f823ae73"]
&amp#27;[38;5;32m[AndroidUiautomator2Driver@cb04 (a84025fa)]&amp#27;[0m Matched '/element/00000000-0000-0464-ffff-ffff000006f6/attribute/displayed' to command name 'getAttribute'
&amp#27;[38;5;32m[AndroidUiautomator2Driver@cb04 (a84025fa)]&amp#27;[0m Proxying [GET /element/00000000-0000-0464-ffff-ffff000006f6/attribute/displayed] to [GET http://127.0.0.1:8209/session/e13e9c10-6759-487b-84e8-6054836a870e/element/00000000-0000-0464-ffff-ffff000006f6/attribute/displayed] with no body
&amp#27;[38;5;32m[AndroidUiautomator2Driver@cb04 (a84025fa)]&amp#27;[0m Got response with status 200: {"sessionId":"e13e9c10-6759-487b-84e8-6054836a870e","value":"true"}
&amp#27;[38;5;32m[AndroidUiautomator2Driver@cb04 (a84025fa)]&amp#27;[0m Responding to client with driver.elementDisplayed() result: true
&amp#27;[38;5;0m[HTTP]&amp#27;[0m &amp#27;[37m<-- GET /session/a84025fa-87fd-4432-a89c-6e57f823ae73/element/00000000-0000-0464-ffff-ffff000006f6/displayed &amp#27;[39m&amp#27;[32m200&amp#27;[39m &amp#27;[90m10 ms - 14&amp#27;[39m
&amp#27;[38;5;0m[HTTP]&amp#27;[0m &amp#27;[90m&amp#27;[39m
&amp#27;[38;5;0m[HTTP]&amp#27;[0m &amp#27;[37m-->&amp#27;[39m &amp#27;[37mGET&amp#27;[39m &amp#27;[37m/session/a84025fa-87fd-4432-a89c-6e57f823ae73/context&amp#27;[39m
&amp#27;[38;5;0m[HTTP]&amp#27;[0m &amp#27;[90m{}&amp#27;[39m
&amp#27;[38;5;32m[AndroidUiautomator2Driver@cb04 (a84025fa)]&amp#27;[0m Calling AppiumDriver.getCurrentContext() with args: ["a84025fa-87fd-4432-a89c-6e57f823ae73"]
&amp#27;[38;5;32m[AndroidUiautomator2Driver@cb04 (a84025fa)]&amp#27;[0m Responding to client with driver.getCurrentContext() result: "NATIVE_APP"
&amp#27;[38;5;0m[HTTP]&amp#27;[0m &amp#27;[37m<-- GET /session/a84025fa-87fd-4432-a89c-6e57f823ae73/context &amp#27;[39m&amp#27;[32m200&amp#27;[39m &amp#27;[90m1 ms - 22&amp#27;[39m
&amp#27;[38;5;0m[HTTP]&amp#27;[0m &amp#27;[90m&amp#27;[39m
&amp#27;[38;5;0m[HTTP]&amp#27;[0m &amp#27;[37m-->&amp#27;[39m &amp#27;[37mPOST&amp#27;[39m &amp#27;[37m/session/a84025fa-87fd-4432-a89c-6e57f823ae73/elements&amp#27;[39m
&amp#27;[38;5;0m[HTTP]&amp#27;[0m &amp#27;[90m{"value":"com.fivemobile.thescore:id/text_value","using":"id"}&amp#27;[39m
&amp#27;[38;5;32m[AndroidUiautomator2Driver@cb04 (a84025fa)]&amp#27;[0m Calling AppiumDriver.findElements() with args: ["id","com.fivemobile.thescore:id/text_value","a84025fa-87fd-4432-a89c-6e57f823ae73"]
&amp#27;[38;5;32m[AndroidUiautomator2Driver@cb04 (a84025fa)]&amp#27;[0m Valid locator strategies for this request: xpath, id, class name, accessibility id, css selector, -android uiautomator
&amp#27;[38;5;32m[AndroidUiautomator2Driver@cb04 (a84025fa)]&amp#27;[0m Waiting up to 10000 ms for condition
&amp#27;[38;5;32m[AndroidUiautomator2Driver@cb04 (a84025fa)]&amp#27;[0m Matched '/elements' to command name 'findElements'
&amp#27;[38;5;32m[AndroidUiautomator2Driver@cb04 (a84025fa)]&amp#27;[0m Proxying [POST /elements] to [POST http://127.0.0.1:8209/session/e13e9c10-6759-487b-84e8-6054836a870e/elements] with body: {"strategy":"id","selector":"com.fivemobile.thescore:id/text_value","context":"","multiple":true}
&amp#27;[38;5;32m[AndroidUiautomator2Driver@cb04 (a84025fa)]&amp#27;[0m Got response with status 200: {"sessionId":"e13e9c10-6759-487b-84e8-6054836a870e","value":[{"ELEMENT":"00000000-0000-0464-ffff-ffff000006f0","element-6066-11e4-a52e-4f735466cecf":"00000000-0000-0464-ffff-ffff000006f0"},{"ELEMENT":"00000000-0000-0464-ffff-ffff000006f6","element-6066-11e4-a52e-4f735466cecf":"00000000-0000-0464-ffff-ffff000006f6"},{"ELEMENT":"00000000-0000-0464-ffff-ffff000006fc","element-6066-11e4-a52e-4f735466cecf":"00000000-0000-0464-ffff-ffff000006fc"},{"ELEMENT":"00000000-0000-0464-ffff-ffff00000702","element-6066-11e4-a52e-4f735466cecf":"00000000-0000-0464-ffff-ffff00000702"},{"ELEMENT":"00000000-0000-0464-ffff-ffff00000708","element-6066-11e4-a52e-4f735466cecf":"00000000-0000-0464-ffff-ffff00000708"},{"ELEMENT":"00000000-0000-0464-ffff-ffff00000712","element-6066-11e4-a52e-4f735466cecf":"00000000-0000-0464-ffff-ffff00000712"},{"ELEMENT":"00000000-0000-0464-ffff-ffff00000718","element-6066-11e4-a52e-4f735466cecf":"00000000-0000-0464-ffff-ffff00000718"},{"ELEMENT":"00000000-0000-0464-ffff-ffff0000071e","element-6066-...
&amp#27;[38;5;32m[AndroidUiautomator2Driver@cb04 (a84025fa)]&amp#27;[0m Responding to client with driver.findElements() result: [{"element-6066-11e4-a52e-4f735466cecf":"00000000-0000-0464-ffff-ffff000006f0","ELEMENT":"00000000-0000-0464-ffff-ffff000006f0"},{"element-6066-11e4-a52e-4f735466cecf":"00000000-0000-0464-ffff-ffff000006f6","ELEMENT":"00000000-0000-0464-ffff-ffff000006f6"},{"element-6066-11e4-a52e-4f735466cecf":"00000000-0000-0464-ffff-ffff000006fc","ELEMENT":"00000000-0000-0464-ffff-ffff000006fc"},{"element-6066-11e4-a52e-4f735466cecf":"00000000-0000-0464-ffff-ffff00000702","ELEMENT":"00000000-0000-0464-ffff-ffff00000702"},{"element-6066-11e4-a52e-4f735466cecf":"00000000-0000-0464-ffff-ffff00000708","ELEMENT":"00000000-0000-0464-ffff-ffff00000708"},{"element-6066-11e4-a52e-4f735466cecf":"00000000-0000-0464-ffff-ffff00000712","ELEMENT":"00000000-0000-0464-ffff-ffff00000712"},{"element-6066-11e4-a52e-4f735466cecf":"00000000-0000-0464-ffff-ffff00000718","ELEMENT":"00000000-0000-0464-ffff-ffff00000718"},{"element-6066-11e4-a52e-4f735466cecf":"00000000-0000-0464-ffff-ffff0000071e","ELEMENT":"00000000-0000-0464-ffff-ffff0000071...
&amp#27;[38;5;0m[HTTP]&amp#27;[0m &amp#27;[37m<-- POST /session/a84025fa-87fd-4432-a89c-6e57f823ae73/elements &amp#27;[39m&amp#27;[32m200&amp#27;[39m &amp#27;[90m117 ms - 1291&amp#27;[39m
&amp#27;[38;5;0m[HTTP]&amp#27;[0m &amp#27;[90m&amp#27;[39m
&amp#27;[38;5;0m[HTTP]&amp#27;[0m &amp#27;[37m-->&amp#27;[39m &amp#27;[37mGET&amp#27;[39m &amp#27;[37m/session/a84025fa-87fd-4432-a89c-6e57f823ae73/context&amp#27;[39m
&amp#27;[38;5;0m[HTTP]&amp#27;[0m &amp#27;[90m{}&amp#27;[39m
&amp#27;[38;5;32m[AndroidUiautomator2Driver@cb04 (a84025fa)]&amp#27;[0m Calling AppiumDriver.getCurrentContext() with args: ["a84025fa-87fd-4432-a89c-6e57f823ae73"]
&amp#27;[38;5;32m[AndroidUiautomator2Driver@cb04 (a84025fa)]&amp#27;[0m Responding to client with driver.getCurrentContext() result: "NATIVE_APP"
&amp#27;[38;5;0m[HTTP]&amp#27;[0m &amp#27;[37m<-- GET /session/a84025fa-87fd-4432-a89c-6e57f823ae73/context &amp#27;[39m&amp#27;[32m200&amp#27;[39m &amp#27;[90m1 ms - 22&amp#27;[39m
&amp#27;[38;5;0m[HTTP]&amp#27;[0m &amp#27;[90m&amp#27;[39m
&amp#27;[38;5;0m[HTTP]&amp#27;[0m &amp#27;[37m-->&amp#27;[39m &amp#27;[37mPOST&amp#27;[39m &amp#27;[37m/session/a84025fa-87fd-4432-a89c-6e57f823ae73/elements&amp#27;[39m
&amp#27;[38;5;0m[HTTP]&amp#27;[0m &amp#27;[90m{"value":"com.fivemobile.thescore:id/text_value","using":"id"}&amp#27;[39m
&amp#27;[38;5;32m[AndroidUiautomator2Driver@cb04 (a84025fa)]&amp#27;[0m Calling AppiumDriver.findElements() with args: ["id","com.fivemobile.thescore:id/text_value","a84025fa-87fd-4432-a89c-6e57f823ae73"]
&amp#27;[38;5;32m[AndroidUiautomator2Driver@cb04 (a84025fa)]&amp#27;[0m Valid locator strategies for this request: xpath, id, class name, accessibility id, css selector, -android uiautomator
&amp#27;[38;5;32m[AndroidUiautomator2Driver@cb04 (a84025fa)]&amp#27;[0m Waiting up to 10000 ms for condition
&amp#27;[38;5;32m[AndroidUiautomator2Driver@cb04 (a84025fa)]&amp#27;[0m Matched '/elements' to command name 'findElements'
&amp#27;[38;5;32m[AndroidUiautomator2Driver@cb04 (a84025fa)]&amp#27;[0m Proxying [POST /elements] to [POST http://127.0.0.1:8209/session/e13e9c10-6759-487b-84e8-6054836a870e/elements] with body: {"strategy":"id","selector":"com.fivemobile.thescore:id/text_value","context":"","multiple":true}
&amp#27;[38;5;32m[AndroidUiautomator2Driver@cb04 (a84025fa)]&amp#27;[0m Got response with status 200: {"sessionId":"e13e9c10-6759-487b-84e8-6054836a870e","value":[{"ELEMENT":"00000000-0000-0464-ffff-ffff000006f0","element-6066-11e4-a52e-4f735466cecf":"00000000-0000-0464-ffff-ffff000006f0"},{"ELEMENT":"00000000-0000-0464-ffff-ffff000006f6","element-6066-11e4-a52e-4f735466cecf":"00000000-0000-0464-ffff-ffff000006f6"},{"ELEMENT":"00000000-0000-0464-ffff-ffff000006fc","element-6066-11e4-a52e-4f735466cecf":"00000000-0000-0464-ffff-ffff000006fc"},{"ELEMENT":"00000000-0000-0464-ffff-ffff00000702","element-6066-11e4-a52e-4f735466cecf":"00000000-0000-0464-ffff-ffff00000702"},{"ELEMENT":"00000000-0000-0464-ffff-ffff00000708","element-6066-11e4-a52e-4f735466cecf":"00000000-0000-0464-ffff-ffff00000708"},{"ELEMENT":"00000000-0000-0464-ffff-ffff00000712","element-6066-11e4-a52e-4f735466cecf":"00000000-0000-0464-ffff-ffff00000712"},{"ELEMENT":"00000000-0000-0464-ffff-ffff00000718","element-6066-11e4-a52e-4f735466cecf":"00000000-0000-0464-ffff-ffff00000718"},{"ELEMENT":"00000000-0000-0464-ffff-ffff0000071e","element-6066-...
&amp#27;[38;5;32m[AndroidUiautomator2Driver@cb04 (a84025fa)]&amp#27;[0m Responding to client with driver.findElements() result: [{"element-6066-11e4-a52e-4f735466cecf":"00000000-0000-0464-ffff-ffff000006f0","ELEMENT":"00000000-0000-0464-ffff-ffff000006f0"},{"element-6066-11e4-a52e-4f735466cecf":"00000000-0000-0464-ffff-ffff000006f6","ELEMENT":"00000000-0000-0464-ffff-ffff000006f6"},{"element-6066-11e4-a52e-4f735466cecf":"00000000-0000-0464-ffff-ffff000006fc","ELEMENT":"00000000-0000-0464-ffff-ffff000006fc"},{"element-6066-11e4-a52e-4f735466cecf":"00000000-0000-0464-ffff-ffff00000702","ELEMENT":"00000000-0000-0464-ffff-ffff00000702"},{"element-6066-11e4-a52e-4f735466cecf":"00000000-0000-0464-ffff-ffff00000708","ELEMENT":"00000000-0000-0464-ffff-ffff00000708"},{"element-6066-11e4-a52e-4f735466cecf":"00000000-0000-0464-ffff-ffff00000712","ELEMENT":"00000000-0000-0464-ffff-ffff00000712"},{"element-6066-11e4-a52e-4f735466cecf":"00000000-0000-0464-ffff-ffff00000718","ELEMENT":"00000000-0000-0464-ffff-ffff00000718"},{"element-6066-11e4-a52e-4f735466cecf":"00000000-0000-0464-ffff-ffff0000071e","ELEMENT":"00000000-0000-0464-ffff-ffff0000071...
&amp#27;[38;5;0m[HTTP]&amp#27;[0m &amp#27;[37m<-- POST /session/a84025fa-87fd-4432-a89c-6e57f823ae73/elements &amp#27;[39m&amp#27;[32m200&amp#27;[39m &amp#27;[90m98 ms - 1291&amp#27;[39m
&amp#27;[38;5;0m[HTTP]&amp#27;[0m &amp#27;[90m&amp#27;[39m
&amp#27;[38;5;0m[HTTP]&amp#27;[0m &amp#27;[37m-->&amp#27;[39m &amp#27;[37mGET&amp#27;[39m &amp#27;[37m/session/a84025fa-87fd-4432-a89c-6e57f823ae73/element/00000000-0000-0464-ffff-ffff000006fc/displayed&amp#27;[39m
&amp#27;[38;5;0m[HTTP]&amp#27;[0m &amp#27;[90m{}&amp#27;[39m
&amp#27;[38;5;32m[AndroidUiautomator2Driver@cb04 (a84025fa)]&amp#27;[0m Calling AppiumDriver.elementDisplayed() with args: ["00000000-0000-0464-ffff-ffff000006fc","a84025fa-87fd-4432-a89c-6e57f823ae73"]
&amp#27;[38;5;32m[AndroidUiautomator2Driver@cb04 (a84025fa)]&amp#27;[0m Matched '/element/00000000-0000-0464-ffff-ffff000006fc/attribute/displayed' to command name 'getAttribute'
&amp#27;[38;5;32m[AndroidUiautomator2Driver@cb04 (a84025fa)]&amp#27;[0m Proxying [GET /element/00000000-0000-0464-ffff-ffff000006fc/attribute/displayed] to [GET http://127.0.0.1:8209/session/e13e9c10-6759-487b-84e8-6054836a870e/element/00000000-0000-0464-ffff-ffff000006fc/attribute/displayed] with no body
&amp#27;[38;5;32m[AndroidUiautomator2Driver@cb04 (a84025fa)]&amp#27;[0m Got response with status 200: {"sessionId":"e13e9c10-6759-487b-84e8-6054836a870e","value":"true"}
&amp#27;[38;5;32m[AndroidUiautomator2Driver@cb04 (a84025fa)]&amp#27;[0m Responding to client with driver.elementDisplayed() result: true
&amp#27;[38;5;0m[HTTP]&amp#27;[0m &amp#27;[37m<-- GET /session/a84025fa-87fd-4432-a89c-6e57f823ae73/element/00000000-0000-0464-ffff-ffff000006fc/displayed &amp#27;[39m&amp#27;[32m200&amp#27;[39m &amp#27;[90m11 ms - 14&amp#27;[39m
&amp#27;[38;5;0m[HTTP]&amp#27;[0m &amp#27;[90m&amp#27;[39m
&amp#27;[38;5;0m[HTTP]&amp#27;[0m &amp#27;[37m-->&amp#27;[39m &amp#27;[37mGET&amp#27;[39m &amp#27;[37m/session/a84025fa-87fd-4432-a89c-6e57f823ae73/context&amp#27;[39m
&amp#27;[38;5;0m[HTTP]&amp#27;[0m &amp#27;[90m{}&amp#27;[39m
&amp#27;[38;5;32m[AndroidUiautomator2Driver@cb04 (a84025fa)]&amp#27;[0m Calling AppiumDriver.getCurrentContext() with args: ["a84025fa-87fd-4432-a89c-6e57f823ae73"]
&amp#27;[38;5;32m[AndroidUiautomator2Driver@cb04 (a84025fa)]&amp#27;[0m Responding to client with driver.getCurrentContext() result: "NATIVE_APP"
&amp#27;[38;5;0m[HTTP]&amp#27;[0m &amp#27;[37m<-- GET /session/a84025fa-87fd-4432-a89c-6e57f823ae73/context &amp#27;[39m&amp#27;[32m200&amp#27;[39m &amp#27;[90m1 ms - 22&amp#27;[39m
&amp#27;[38;5;0m[HTTP]&amp#27;[0m &amp#27;[90m&amp#27;[39m
&amp#27;[38;5;0m[HTTP]&amp#27;[0m &amp#27;[37m-->&amp#27;[39m &amp#27;[37mPOST&amp#27;[39m &amp#27;[37m/session/a84025fa-87fd-4432-a89c-6e57f823ae73/elements&amp#27;[39m
&amp#27;[38;5;0m[HTTP]&amp#27;[0m &amp#27;[90m{"value":"com.fivemobile.thescore:id/text_value","using":"id"}&amp#27;[39m
&amp#27;[38;5;32m[AndroidUiautomator2Driver@cb04 (a84025fa)]&amp#27;[0m Calling AppiumDriver.findElements() with args: ["id","com.fivemobile.thescore:id/text_value","a84025fa-87fd-4432-a89c-6e57f823ae73"]
&amp#27;[38;5;32m[AndroidUiautomator2Driver@cb04 (a84025fa)]&amp#27;[0m Valid locator strategies for this request: xpath, id, class name, accessibility id, css selector, -android uiautomator
&amp#27;[38;5;32m[AndroidUiautomator2Driver@cb04 (a84025fa)]&amp#27;[0m Waiting up to 10000 ms for condition
&amp#27;[38;5;32m[AndroidUiautomator2Driver@cb04 (a84025fa)]&amp#27;[0m Matched '/elements' to command name 'findElements'
&amp#27;[38;5;32m[AndroidUiautomator2Driver@cb04 (a84025fa)]&amp#27;[0m Proxying [POST /elements] to [POST http://127.0.0.1:8209/session/e13e9c10-6759-487b-84e8-6054836a870e/elements] with body: {"strategy":"id","selector":"com.fivemobile.thescore:id/text_value","context":"","multiple":true}
&amp#27;[38;5;32m[AndroidUiautomator2Driver@cb04 (a84025fa)]&amp#27;[0m Got response with status 200: {"sessionId":"e13e9c10-6759-487b-84e8-6054836a870e","value":[{"ELEMENT":"00000000-0000-0464-ffff-ffff000006f0","element-6066-11e4-a52e-4f735466cecf":"00000000-0000-0464-ffff-ffff000006f0"},{"ELEMENT":"00000000-0000-0464-ffff-ffff000006f6","element-6066-11e4-a52e-4f735466cecf":"00000000-0000-0464-ffff-ffff000006f6"},{"ELEMENT":"00000000-0000-0464-ffff-ffff000006fc","element-6066-11e4-a52e-4f735466cecf":"00000000-0000-0464-ffff-ffff000006fc"},{"ELEMENT":"00000000-0000-0464-ffff-ffff00000702","element-6066-11e4-a52e-4f735466cecf":"00000000-0000-0464-ffff-ffff00000702"},{"ELEMENT":"00000000-0000-0464-ffff-ffff00000708","element-6066-11e4-a52e-4f735466cecf":"00000000-0000-0464-ffff-ffff00000708"},{"ELEMENT":"00000000-0000-0464-ffff-ffff00000712","element-6066-11e4-a52e-4f735466cecf":"00000000-0000-0464-ffff-ffff00000712"},{"ELEMENT":"00000000-0000-0464-ffff-ffff00000718","element-6066-11e4-a52e-4f735466cecf":"00000000-0000-0464-ffff-ffff00000718"},{"ELEMENT":"00000000-0000-0464-ffff-ffff0000071e","element-6066-...
&amp#27;[38;5;32m[AndroidUiautomator2Driver@cb04 (a84025fa)]&amp#27;[0m Responding to client with driver.findElements() result: [{"element-6066-11e4-a52e-4f735466cecf":"00000000-0000-0464-ffff-ffff000006f0","ELEMENT":"00000000-0000-0464-ffff-ffff000006f0"},{"element-6066-11e4-a52e-4f735466cecf":"00000000-0000-0464-ffff-ffff000006f6","ELEMENT":"00000000-0000-0464-ffff-ffff000006f6"},{"element-6066-11e4-a52e-4f735466cecf":"00000000-0000-0464-ffff-ffff000006fc","ELEMENT":"00000000-0000-0464-ffff-ffff000006fc"},{"element-6066-11e4-a52e-4f735466cecf":"00000000-0000-0464-ffff-ffff00000702","ELEMENT":"00000000-0000-0464-ffff-ffff00000702"},{"element-6066-11e4-a52e-4f735466cecf":"00000000-0000-0464-ffff-ffff00000708","ELEMENT":"00000000-0000-0464-ffff-ffff00000708"},{"element-6066-11e4-a52e-4f735466cecf":"00000000-0000-0464-ffff-ffff00000712","ELEMENT":"00000000-0000-0464-ffff-ffff00000712"},{"element-6066-11e4-a52e-4f735466cecf":"00000000-0000-0464-ffff-ffff00000718","ELEMENT":"00000000-0000-0464-ffff-ffff00000718"},{"element-6066-11e4-a52e-4f735466cecf":"00000000-0000-0464-ffff-ffff0000071e","ELEMENT":"00000000-0000-0464-ffff-ffff0000071...
&amp#27;[38;5;0m[HTTP]&amp#27;[0m &amp#27;[37m<-- POST /session/a84025fa-87fd-4432-a89c-6e57f823ae73/elements &amp#27;[39m&amp#27;[32m200&amp#27;[39m &amp#27;[90m123 ms - 1291&amp#27;[39m
&amp#27;[38;5;0m[HTTP]&amp#27;[0m &amp#27;[90m&amp#27;[39m
&amp#27;[38;5;0m[HTTP]&amp#27;[0m &amp#27;[37m-->&amp#27;[39m &amp#27;[37mGET&amp#27;[39m &amp#27;[37m/session/a84025fa-87fd-4432-a89c-6e57f823ae73/context&amp#27;[39m
&amp#27;[38;5;0m[HTTP]&amp#27;[0m &amp#27;[90m{}&amp#27;[39m
&amp#27;[38;5;32m[AndroidUiautomator2Driver@cb04 (a84025fa)]&amp#27;[0m Calling AppiumDriver.getCurrentContext() with args: ["a84025fa-87fd-4432-a89c-6e57f823ae73"]
&amp#27;[38;5;32m[AndroidUiautomator2Driver@cb04 (a84025fa)]&amp#27;[0m Responding to client with driver.getCurrentContext() result: "NATIVE_APP"
&amp#27;[38;5;0m[HTTP]&amp#27;[0m &amp#27;[37m<-- GET /session/a84025fa-87fd-4432-a89c-6e57f823ae73/context &amp#27;[39m&amp#27;[32m200&amp#27;[39m &amp#27;[90m0 ms - 22&amp#27;[39m
&amp#27;[38;5;0m[HTTP]&amp#27;[0m &amp#27;[90m&amp#27;[39m
&amp#27;[38;5;0m[HTTP]&amp#27;[0m &amp#27;[37m-->&amp#27;[39m &amp#27;[37mPOST&amp#27;[39m &amp#27;[37m/session/a84025fa-87fd-4432-a89c-6e57f823ae73/elements&amp#27;[39m
&amp#27;[38;5;0m[HTTP]&amp#27;[0m &amp#27;[90m{"value":"com.fivemobile.thescore:id/text_value","using":"id"}&amp#27;[39m
&amp#27;[38;5;32m[AndroidUiautomator2Driver@cb04 (a84025fa)]&amp#27;[0m Calling AppiumDriver.findElements() with args: ["id","com.fivemobile.thescore:id/text_value","a84025fa-87fd-4432-a89c-6e57f823ae73"]
&amp#27;[38;5;32m[AndroidUiautomator2Driver@cb04 (a84025fa)]&amp#27;[0m Valid locator strategies for this request: xpath, id, class name, accessibility id, css selector, -android uiautomator
&amp#27;[38;5;32m[AndroidUiautomator2Driver@cb04 (a84025fa)]&amp#27;[0m Waiting up to 10000 ms for condition
&amp#27;[38;5;32m[AndroidUiautomator2Driver@cb04 (a84025fa)]&amp#27;[0m Matched '/elements' to command name 'findElements'
&amp#27;[38;5;32m[AndroidUiautomator2Driver@cb04 (a84025fa)]&amp#27;[0m Proxying [POST /elements] to [POST http://127.0.0.1:8209/session/e13e9c10-6759-487b-84e8-6054836a870e/elements] with body: {"strategy":"id","selector":"com.fivemobile.thescore:id/text_value","context":"","multiple":true}
&amp#27;[38;5;32m[AndroidUiautomator2Driver@cb04 (a84025fa)]&amp#27;[0m Got response with status 200: {"sessionId":"e13e9c10-6759-487b-84e8-6054836a870e","value":[{"ELEMENT":"00000000-0000-0464-ffff-ffff000006f0","element-6066-11e4-a52e-4f735466cecf":"00000000-0000-0464-ffff-ffff000006f0"},{"ELEMENT":"00000000-0000-0464-ffff-ffff000006f6","element-6066-11e4-a52e-4f735466cecf":"00000000-0000-0464-ffff-ffff000006f6"},{"ELEMENT":"00000000-0000-0464-ffff-ffff000006fc","element-6066-11e4-a52e-4f735466cecf":"00000000-0000-0464-ffff-ffff000006fc"},{"ELEMENT":"00000000-0000-0464-ffff-ffff00000702","element-6066-11e4-a52e-4f735466cecf":"00000000-0000-0464-ffff-ffff00000702"},{"ELEMENT":"00000000-0000-0464-ffff-ffff00000708","element-6066-11e4-a52e-4f735466cecf":"00000000-0000-0464-ffff-ffff00000708"},{"ELEMENT":"00000000-0000-0464-ffff-ffff00000712","element-6066-11e4-a52e-4f735466cecf":"00000000-0000-0464-ffff-ffff00000712"},{"ELEMENT":"00000000-0000-0464-ffff-ffff00000718","element-6066-11e4-a52e-4f735466cecf":"00000000-0000-0464-ffff-ffff00000718"},{"ELEMENT":"00000000-0000-0464-ffff-ffff0000071e","element-6066-...
&amp#27;[38;5;32m[AndroidUiautomator2Driver@cb04 (a84025fa)]&amp#27;[0m Responding to client with driver.findElements() result: [{"element-6066-11e4-a52e-4f735466cecf":"00000000-0000-0464-ffff-ffff000006f0","ELEMENT":"00000000-0000-0464-ffff-ffff000006f0"},{"element-6066-11e4-a52e-4f735466cecf":"00000000-0000-0464-ffff-ffff000006f6","ELEMENT":"00000000-0000-0464-ffff-ffff000006f6"},{"element-6066-11e4-a52e-4f735466cecf":"00000000-0000-0464-ffff-ffff000006fc","ELEMENT":"00000000-0000-0464-ffff-ffff000006fc"},{"element-6066-11e4-a52e-4f735466cecf":"00000000-0000-0464-ffff-ffff00000702","ELEMENT":"00000000-0000-0464-ffff-ffff00000702"},{"element-6066-11e4-a52e-4f735466cecf":"00000000-0000-0464-ffff-ffff00000708","ELEMENT":"00000000-0000-0464-ffff-ffff00000708"},{"element-6066-11e4-a52e-4f735466cecf":"00000000-0000-0464-ffff-ffff00000712","ELEMENT":"00000000-0000-0464-ffff-ffff00000712"},{"element-6066-11e4-a52e-4f735466cecf":"00000000-0000-0464-ffff-ffff00000718","ELEMENT":"00000000-0000-0464-ffff-ffff00000718"},{"element-6066-11e4-a52e-4f735466cecf":"00000000-0000-0464-ffff-ffff0000071e","ELEMENT":"00000000-0000-0464-ffff-ffff0000071...
&amp#27;[38;5;0m[HTTP]&amp#27;[0m &amp#27;[37m<-- POST /session/a84025fa-87fd-4432-a89c-6e57f823ae73/elements &amp#27;[39m&amp#27;[32m200&amp#27;[39m &amp#27;[90m128 ms - 1291&amp#27;[39m
&amp#27;[38;5;0m[HTTP]&amp#27;[0m &amp#27;[90m&amp#27;[39m
&amp#27;[38;5;0m[HTTP]&amp#27;[0m &amp#27;[37m-->&amp#27;[39m &amp#27;[37mGET&amp#27;[39m &amp#27;[37m/session/a84025fa-87fd-4432-a89c-6e57f823ae73/element/00000000-0000-0464-ffff-ffff00000702/displayed&amp#27;[39m
&amp#27;[38;5;0m[HTTP]&amp#27;[0m &amp#27;[90m{}&amp#27;[39m
&amp#27;[38;5;32m[AndroidUiautomator2Driver@cb04 (a84025fa)]&amp#27;[0m Calling AppiumDriver.elementDisplayed() with args: ["00000000-0000-0464-ffff-ffff00000702","a84025fa-87fd-4432-a89c-6e57f823ae73"]
&amp#27;[38;5;32m[AndroidUiautomator2Driver@cb04 (a84025fa)]&amp#27;[0m Matched '/element/00000000-0000-0464-ffff-ffff00000702/attribute/displayed' to command name 'getAttribute'
&amp#27;[38;5;32m[AndroidUiautomator2Driver@cb04 (a84025fa)]&amp#27;[0m Proxying [GET /element/00000000-0000-0464-ffff-ffff00000702/attribute/displayed] to [GET http://127.0.0.1:8209/session/e13e9c10-6759-487b-84e8-6054836a870e/element/00000000-0000-0464-ffff-ffff00000702/attribute/displayed] with no body
&amp#27;[38;5;32m[AndroidUiautomator2Driver@cb04 (a84025fa)]&amp#27;[0m Got response with status 200: {"sessionId":"e13e9c10-6759-487b-84e8-6054836a870e","value":"true"}
&amp#27;[38;5;32m[AndroidUiautomator2Driver@cb04 (a84025fa)]&amp#27;[0m Responding to client with driver.elementDisplayed() result: true
&amp#27;[38;5;0m[HTTP]&amp#27;[0m &amp#27;[37m<-- GET /session/a84025fa-87fd-4432-a89c-6e57f823ae73/element/00000000-0000-0464-ffff-ffff00000702/displayed &amp#27;[39m&amp#27;[32m200&amp#27;[39m &amp#27;[90m11 ms - 14&amp#27;[39m
&amp#27;[38;5;0m[HTTP]&amp#27;[0m &amp#27;[90m&amp#27;[39m
&amp#27;[38;5;0m[HTTP]&amp#27;[0m &amp#27;[37m-->&amp#27;[39m &amp#27;[37mGET&amp#27;[39m &amp#27;[37m/session/a84025fa-87fd-4432-a89c-6e57f823ae73/context&amp#27;[39m
&amp#27;[38;5;0m[HTTP]&amp#27;[0m &amp#27;[90m{}&amp#27;[39m
&amp#27;[38;5;32m[AndroidUiautomator2Driver@cb04 (a84025fa)]&amp#27;[0m Calling AppiumDriver.getCurrentContext() with args: ["a84025fa-87fd-4432-a89c-6e57f823ae73"]
&amp#27;[38;5;32m[AndroidUiautomator2Driver@cb04 (a84025fa)]&amp#27;[0m Responding to client with driver.getCurrentContext() result: "NATIVE_APP"
&amp#27;[38;5;0m[HTTP]&amp#27;[0m &amp#27;[37m<-- GET /session/a84025fa-87fd-4432-a89c-6e57f823ae73/context &amp#27;[39m&amp#27;[32m200&amp#27;[39m &amp#27;[90m1 ms - 22&amp#27;[39m
&amp#27;[38;5;0m[HTTP]&amp#27;[0m &amp#27;[90m&amp#27;[39m
&amp#27;[38;5;0m[HTTP]&amp#27;[0m &amp#27;[37m-->&amp#27;[39m &amp#27;[37mPOST&amp#27;[39m &amp#27;[37m/session/a84025fa-87fd-4432-a89c-6e57f823ae73/elements&amp#27;[39m
&amp#27;[38;5;0m[HTTP]&amp#27;[0m &amp#27;[90m{"value":"com.fivemobile.thescore:id/text_value","using":"id"}&amp#27;[39m
&amp#27;[38;5;32m[AndroidUiautomator2Driver@cb04 (a84025fa)]&amp#27;[0m Calling AppiumDriver.findElements() with args: ["id","com.fivemobile.thescore:id/text_value","a84025fa-87fd-4432-a89c-6e57f823ae73"]
&amp#27;[38;5;32m[AndroidUiautomator2Driver@cb04 (a84025fa)]&amp#27;[0m Valid locator strategies for this request: xpath, id, class name, accessibility id, css selector, -android uiautomator
&amp#27;[38;5;32m[AndroidUiautomator2Driver@cb04 (a84025fa)]&amp#27;[0m Waiting up to 10000 ms for condition
&amp#27;[38;5;32m[AndroidUiautomator2Driver@cb04 (a84025fa)]&amp#27;[0m Matched '/elements' to command name 'findElements'
&amp#27;[38;5;32m[AndroidUiautomator2Driver@cb04 (a84025fa)]&amp#27;[0m Proxying [POST /elements] to [POST http://127.0.0.1:8209/session/e13e9c10-6759-487b-84e8-6054836a870e/elements] with body: {"strategy":"id","selector":"com.fivemobile.thescore:id/text_value","context":"","multiple":true}
&amp#27;[38;5;32m[AndroidUiautomator2Driver@cb04 (a84025fa)]&amp#27;[0m Got response with status 200: {"sessionId":"e13e9c10-6759-487b-84e8-6054836a870e","value":[{"ELEMENT":"00000000-0000-0464-ffff-ffff000006f0","element-6066-11e4-a52e-4f735466cecf":"00000000-0000-0464-ffff-ffff000006f0"},{"ELEMENT":"00000000-0000-0464-ffff-ffff000006f6","element-6066-11e4-a52e-4f735466cecf":"00000000-0000-0464-ffff-ffff000006f6"},{"ELEMENT":"00000000-0000-0464-ffff-ffff000006fc","element-6066-11e4-a52e-4f735466cecf":"00000000-0000-0464-ffff-ffff000006fc"},{"ELEMENT":"00000000-0000-0464-ffff-ffff00000702","element-6066-11e4-a52e-4f735466cecf":"00000000-0000-0464-ffff-ffff00000702"},{"ELEMENT":"00000000-0000-0464-ffff-ffff00000708","element-6066-11e4-a52e-4f735466cecf":"00000000-0000-0464-ffff-ffff00000708"},{"ELEMENT":"00000000-0000-0464-ffff-ffff00000712","element-6066-11e4-a52e-4f735466cecf":"00000000-0000-0464-ffff-ffff00000712"},{"ELEMENT":"00000000-0000-0464-ffff-ffff00000718","element-6066-11e4-a52e-4f735466cecf":"00000000-0000-0464-ffff-ffff00000718"},{"ELEMENT":"00000000-0000-0464-ffff-ffff0000071e","element-6066-...
&amp#27;[38;5;32m[AndroidUiautomator2Driver@cb04 (a84025fa)]&amp#27;[0m Responding to client with driver.findElements() result: [{"element-6066-11e4-a52e-4f735466cecf":"00000000-0000-0464-ffff-ffff000006f0","ELEMENT":"00000000-0000-0464-ffff-ffff000006f0"},{"element-6066-11e4-a52e-4f735466cecf":"00000000-0000-0464-ffff-ffff000006f6","ELEMENT":"00000000-0000-0464-ffff-ffff000006f6"},{"element-6066-11e4-a52e-4f735466cecf":"00000000-0000-0464-ffff-ffff000006fc","ELEMENT":"00000000-0000-0464-ffff-ffff000006fc"},{"element-6066-11e4-a52e-4f735466cecf":"00000000-0000-0464-ffff-ffff00000702","ELEMENT":"00000000-0000-0464-ffff-ffff00000702"},{"element-6066-11e4-a52e-4f735466cecf":"00000000-0000-0464-ffff-ffff00000708","ELEMENT":"00000000-0000-0464-ffff-ffff00000708"},{"element-6066-11e4-a52e-4f735466cecf":"00000000-0000-0464-ffff-ffff00000712","ELEMENT":"00000000-0000-0464-ffff-ffff00000712"},{"element-6066-11e4-a52e-4f735466cecf":"00000000-0000-0464-ffff-ffff00000718","ELEMENT":"00000000-0000-0464-ffff-ffff00000718"},{"element-6066-11e4-a52e-4f735466cecf":"00000000-0000-0464-ffff-ffff0000071e","ELEMENT":"00000000-0000-0464-ffff-ffff0000071...
&amp#27;[38;5;0m[HTTP]&amp#27;[0m &amp#27;[37m<-- POST /session/a84025fa-87fd-4432-a89c-6e57f823ae73/elements &amp#27;[39m&amp#27;[32m200&amp#27;[39m &amp#27;[90m115 ms - 1291&amp#27;[39m
&amp#27;[38;5;0m[HTTP]&amp#27;[0m &amp#27;[90m&amp#27;[39m
&amp#27;[38;5;0m[HTTP]&amp#27;[0m &amp#27;[37m-->&amp#27;[39m &amp#27;[37mGET&amp#27;[39m &amp#27;[37m/session/a84025fa-87fd-4432-a89c-6e57f823ae73/context&amp#27;[39m
&amp#27;[38;5;0m[HTTP]&amp#27;[0m &amp#27;[90m{}&amp#27;[39m
&amp#27;[38;5;32m[AndroidUiautomator2Driver@cb04 (a84025fa)]&amp#27;[0m Calling AppiumDriver.getCurrentContext() with args: ["a84025fa-87fd-4432-a89c-6e57f823ae73"]
&amp#27;[38;5;32m[AndroidUiautomator2Driver@cb04 (a84025fa)]&amp#27;[0m Responding to client with driver.getCurrentContext() result: "NATIVE_APP"
&amp#27;[38;5;0m[HTTP]&amp#27;[0m &amp#27;[37m<-- GET /session/a84025fa-87fd-4432-a89c-6e57f823ae73/context &amp#27;[39m&amp#27;[32m200&amp#27;[39m &amp#27;[90m1 ms - 22&amp#27;[39m
&amp#27;[38;5;0m[HTTP]&amp#27;[0m &amp#27;[90m&amp#27;[39m
&amp#27;[38;5;0m[HTTP]&amp#27;[0m &amp#27;[37m-->&amp#27;[39m &amp#27;[37mPOST&amp#27;[39m &amp#27;[37m/session/a84025fa-87fd-4432-a89c-6e57f823ae73/elements&amp#27;[39m
&amp#27;[38;5;0m[HTTP]&amp#27;[0m &amp#27;[90m{"value":"com.fivemobile.thescore:id/text_value","using":"id"}&amp#27;[39m
&amp#27;[38;5;32m[AndroidUiautomator2Driver@cb04 (a84025fa)]&amp#27;[0m Calling AppiumDriver.findElements() with args: ["id","com.fivemobile.thescore:id/text_value","a84025fa-87fd-4432-a89c-6e57f823ae73"]
&amp#27;[38;5;32m[AndroidUiautomator2Driver@cb04 (a84025fa)]&amp#27;[0m Valid locator strategies for this request: xpath, id, class name, accessibility id, css selector, -android uiautomator
&amp#27;[38;5;32m[AndroidUiautomator2Driver@cb04 (a84025fa)]&amp#27;[0m Waiting up to 10000 ms for condition
&amp#27;[38;5;32m[AndroidUiautomator2Driver@cb04 (a84025fa)]&amp#27;[0m Matched '/elements' to command name 'findElements'
&amp#27;[38;5;32m[AndroidUiautomator2Driver@cb04 (a84025fa)]&amp#27;[0m Proxying [POST /elements] to [POST http://127.0.0.1:8209/session/e13e9c10-6759-487b-84e8-6054836a870e/elements] with body: {"strategy":"id","selector":"com.fivemobile.thescore:id/text_value","context":"","multiple":true}
&amp#27;[38;5;32m[AndroidUiautomator2Driver@cb04 (a84025fa)]&amp#27;[0m Got response with status 200: {"sessionId":"e13e9c10-6759-487b-84e8-6054836a870e","value":[{"ELEMENT":"00000000-0000-0464-ffff-ffff000006f0","element-6066-11e4-a52e-4f735466cecf":"00000000-0000-0464-ffff-ffff000006f0"},{"ELEMENT":"00000000-0000-0464-ffff-ffff000006f6","element-6066-11e4-a52e-4f735466cecf":"00000000-0000-0464-ffff-ffff000006f6"},{"ELEMENT":"00000000-0000-0464-ffff-ffff000006fc","element-6066-11e4-a52e-4f735466cecf":"00000000-0000-0464-ffff-ffff000006fc"},{"ELEMENT":"00000000-0000-0464-ffff-ffff00000702","element-6066-11e4-a52e-4f735466cecf":"00000000-0000-0464-ffff-ffff00000702"},{"ELEMENT":"00000000-0000-0464-ffff-ffff00000708","element-6066-11e4-a52e-4f735466cecf":"00000000-0000-0464-ffff-ffff00000708"},{"ELEMENT":"00000000-0000-0464-ffff-ffff00000712","element-6066-11e4-a52e-4f735466cecf":"00000000-0000-0464-ffff-ffff00000712"},{"ELEMENT":"00000000-0000-0464-ffff-ffff00000718","element-6066-11e4-a52e-4f735466cecf":"00000000-0000-0464-ffff-ffff00000718"},{"ELEMENT":"00000000-0000-0464-ffff-ffff0000071e","element-6066-...
&amp#27;[38;5;32m[AndroidUiautomator2Driver@cb04 (a84025fa)]&amp#27;[0m Responding to client with driver.findElements() result: [{"element-6066-11e4-a52e-4f735466cecf":"00000000-0000-0464-ffff-ffff000006f0","ELEMENT":"00000000-0000-0464-ffff-ffff000006f0"},{"element-6066-11e4-a52e-4f735466cecf":"00000000-0000-0464-ffff-ffff000006f6","ELEMENT":"00000000-0000-0464-ffff-ffff000006f6"},{"element-6066-11e4-a52e-4f735466cecf":"00000000-0000-0464-ffff-ffff000006fc","ELEMENT":"00000000-0000-0464-ffff-ffff000006fc"},{"element-6066-11e4-a52e-4f735466cecf":"00000000-0000-0464-ffff-ffff00000702","ELEMENT":"00000000-0000-0464-ffff-ffff00000702"},{"element-6066-11e4-a52e-4f735466cecf":"00000000-0000-0464-ffff-ffff00000708","ELEMENT":"00000000-0000-0464-ffff-ffff00000708"},{"element-6066-11e4-a52e-4f735466cecf":"00000000-0000-0464-ffff-ffff00000712","ELEMENT":"00000000-0000-0464-ffff-ffff00000712"},{"element-6066-11e4-a52e-4f735466cecf":"00000000-0000-0464-ffff-ffff00000718","ELEMENT":"00000000-0000-0464-ffff-ffff00000718"},{"element-6066-11e4-a52e-4f735466cecf":"00000000-0000-0464-ffff-ffff0000071e","ELEMENT":"00000000-0000-0464-ffff-ffff0000071...
&amp#27;[38;5;0m[HTTP]&amp#27;[0m &amp#27;[37m<-- POST /session/a84025fa-87fd-4432-a89c-6e57f823ae73/elements &amp#27;[39m&amp#27;[32m200&amp#27;[39m &amp#27;[90m116 ms - 1291&amp#27;[39m
&amp#27;[38;5;0m[HTTP]&amp#27;[0m &amp#27;[90m&amp#27;[39m
&amp#27;[38;5;0m[HTTP]&amp#27;[0m &amp#27;[37m-->&amp#27;[39m &amp#27;[37mGET&amp#27;[39m &amp#27;[37m/session/a84025fa-87fd-4432-a89c-6e57f823ae73/element/00000000-0000-0464-ffff-ffff00000708/displayed&amp#27;[39m
&amp#27;[38;5;0m[HTTP]&amp#27;[0m &amp#27;[90m{}&amp#27;[39m
&amp#27;[38;5;32m[AndroidUiautomator2Driver@cb04 (a84025fa)]&amp#27;[0m Calling AppiumDriver.elementDisplayed() with args: ["00000000-0000-0464-ffff-ffff00000708","a84025fa-87fd-4432-a89c-6e57f823ae73"]
&amp#27;[38;5;32m[AndroidUiautomator2Driver@cb04 (a84025fa)]&amp#27;[0m Matched '/element/00000000-0000-0464-ffff-ffff00000708/attribute/displayed' to command name 'getAttribute'
&amp#27;[38;5;32m[AndroidUiautomator2Driver@cb04 (a84025fa)]&amp#27;[0m Proxying [GET /element/00000000-0000-0464-ffff-ffff00000708/attribute/displayed] to [GET http://127.0.0.1:8209/session/e13e9c10-6759-487b-84e8-6054836a870e/element/00000000-0000-0464-ffff-ffff00000708/attribute/displayed] with no body
&amp#27;[38;5;32m[AndroidUiautomator2Driver@cb04 (a84025fa)]&amp#27;[0m Got response with status 200: {"sessionId":"e13e9c10-6759-487b-84e8-6054836a870e","value":"true"}
&amp#27;[38;5;32m[AndroidUiautomator2Driver@cb04 (a84025fa)]&amp#27;[0m Responding to client with driver.elementDisplayed() result: true
&amp#27;[38;5;0m[HTTP]&amp#27;[0m &amp#27;[37m<-- GET /session/a84025fa-87fd-4432-a89c-6e57f823ae73/element/00000000-0000-0464-ffff-ffff00000708/displayed &amp#27;[39m&amp#27;[32m200&amp#27;[39m &amp#27;[90m11 ms - 14&amp#27;[39m
&amp#27;[38;5;0m[HTTP]&amp#27;[0m &amp#27;[90m&amp#27;[39m
&amp#27;[38;5;0m[HTTP]&amp#27;[0m &amp#27;[37m-->&amp#27;[39m &amp#27;[37mGET&amp#27;[39m &amp#27;[37m/session/a84025fa-87fd-4432-a89c-6e57f823ae73/context&amp#27;[39m
&amp#27;[38;5;0m[HTTP]&amp#27;[0m &amp#27;[90m{}&amp#27;[39m
&amp#27;[38;5;32m[AndroidUiautomator2Driver@cb04 (a84025fa)]&amp#27;[0m Calling AppiumDriver.getCurrentContext() with args: ["a84025fa-87fd-4432-a89c-6e57f823ae73"]
&amp#27;[38;5;32m[AndroidUiautomator2Driver@cb04 (a84025fa)]&amp#27;[0m Responding to client with driver.getCurrentContext() result: "NATIVE_APP"
&amp#27;[38;5;0m[HTTP]&amp#27;[0m &amp#27;[37m<-- GET /session/a84025fa-87fd-4432-a89c-6e57f823ae73/context &amp#27;[39m&amp#27;[32m200&amp#27;[39m &amp#27;[90m1 ms - 22&amp#27;[39m
&amp#27;[38;5;0m[HTTP]&amp#27;[0m &amp#27;[90m&amp#27;[39m
&amp#27;[38;5;0m[HTTP]&amp#27;[0m &amp#27;[37m-->&amp#27;[39m &amp#27;[37mPOST&amp#27;[39m &amp#27;[37m/session/a84025fa-87fd-4432-a89c-6e57f823ae73/elements&amp#27;[39m
&amp#27;[38;5;0m[HTTP]&amp#27;[0m &amp#27;[90m{"value":"com.fivemobile.thescore:id/text_value","using":"id"}&amp#27;[39m
&amp#27;[38;5;32m[AndroidUiautomator2Driver@cb04 (a84025fa)]&amp#27;[0m Calling AppiumDriver.findElements() with args: ["id","com.fivemobile.thescore:id/text_value","a84025fa-87fd-4432-a89c-6e57f823ae73"]
&amp#27;[38;5;32m[AndroidUiautomator2Driver@cb04 (a84025fa)]&amp#27;[0m Valid locator strategies for this request: xpath, id, class name, accessibility id, css selector, -android uiautomator
&amp#27;[38;5;32m[AndroidUiautomator2Driver@cb04 (a84025fa)]&amp#27;[0m Waiting up to 10000 ms for condition
&amp#27;[38;5;32m[AndroidUiautomator2Driver@cb04 (a84025fa)]&amp#27;[0m Matched '/elements' to command name 'findElements'
&amp#27;[38;5;32m[AndroidUiautomator2Driver@cb04 (a84025fa)]&amp#27;[0m Proxying [POST /elements] to [POST http://127.0.0.1:8209/session/e13e9c10-6759-487b-84e8-6054836a870e/elements] with body: {"strategy":"id","selector":"com.fivemobile.thescore:id/text_value","context":"","multiple":true}
&amp#27;[38;5;32m[AndroidUiautomator2Driver@cb04 (a84025fa)]&amp#27;[0m Got response with status 200: {"sessionId":"e13e9c10-6759-487b-84e8-6054836a870e","value":[{"ELEMENT":"00000000-0000-0464-ffff-ffff000006f0","element-6066-11e4-a52e-4f735466cecf":"00000000-0000-0464-ffff-ffff000006f0"},{"ELEMENT":"00000000-0000-0464-ffff-ffff000006f6","element-6066-11e4-a52e-4f735466cecf":"00000000-0000-0464-ffff-ffff000006f6"},{"ELEMENT":"00000000-0000-0464-ffff-ffff000006fc","element-6066-11e4-a52e-4f735466cecf":"00000000-0000-0464-ffff-ffff000006fc"},{"ELEMENT":"00000000-0000-0464-ffff-ffff00000702","element-6066-11e4-a52e-4f735466cecf":"00000000-0000-0464-ffff-ffff00000702"},{"ELEMENT":"00000000-0000-0464-ffff-ffff00000708","element-6066-11e4-a52e-4f735466cecf":"00000000-0000-0464-ffff-ffff00000708"},{"ELEMENT":"00000000-0000-0464-ffff-ffff00000712","element-6066-11e4-a52e-4f735466cecf":"00000000-0000-0464-ffff-ffff00000712"},{"ELEMENT":"00000000-0000-0464-ffff-ffff00000718","element-6066-11e4-a52e-4f735466cecf":"00000000-0000-0464-ffff-ffff00000718"},{"ELEMENT":"00000000-0000-0464-ffff-ffff0000071e","element-6066-...
&amp#27;[38;5;32m[AndroidUiautomator2Driver@cb04 (a84025fa)]&amp#27;[0m Responding to client with driver.findElements() result: [{"element-6066-11e4-a52e-4f735466cecf":"00000000-0000-0464-ffff-ffff000006f0","ELEMENT":"00000000-0000-0464-ffff-ffff000006f0"},{"element-6066-11e4-a52e-4f735466cecf":"00000000-0000-0464-ffff-ffff000006f6","ELEMENT":"00000000-0000-0464-ffff-ffff000006f6"},{"element-6066-11e4-a52e-4f735466cecf":"00000000-0000-0464-ffff-ffff000006fc","ELEMENT":"00000000-0000-0464-ffff-ffff000006fc"},{"element-6066-11e4-a52e-4f735466cecf":"00000000-0000-0464-ffff-ffff00000702","ELEMENT":"00000000-0000-0464-ffff-ffff00000702"},{"element-6066-11e4-a52e-4f735466cecf":"00000000-0000-0464-ffff-ffff00000708","ELEMENT":"00000000-0000-0464-ffff-ffff00000708"},{"element-6066-11e4-a52e-4f735466cecf":"00000000-0000-0464-ffff-ffff00000712","ELEMENT":"00000000-0000-0464-ffff-ffff00000712"},{"element-6066-11e4-a52e-4f735466cecf":"00000000-0000-0464-ffff-ffff00000718","ELEMENT":"00000000-0000-0464-ffff-ffff00000718"},{"element-6066-11e4-a52e-4f735466cecf":"00000000-0000-0464-ffff-ffff0000071e","ELEMENT":"00000000-0000-0464-ffff-ffff0000071...
&amp#27;[38;5;0m[HTTP]&amp#27;[0m &amp#27;[37m<-- POST /session/a84025fa-87fd-4432-a89c-6e57f823ae73/elements &amp#27;[39m&amp#27;[32m200&amp#27;[39m &amp#27;[90m109 ms - 1291&amp#27;[39m
&amp#27;[38;5;0m[HTTP]&amp#27;[0m &amp#27;[90m&amp#27;[39m
&amp#27;[38;5;0m[HTTP]&amp#27;[0m &amp#27;[37m-->&amp#27;[39m &amp#27;[37mGET&amp#27;[39m &amp#27;[37m/session/a84025fa-87fd-4432-a89c-6e57f823ae73/context&amp#27;[39m
&amp#27;[38;5;0m[HTTP]&amp#27;[0m &amp#27;[90m{}&amp#27;[39m
&amp#27;[38;5;32m[AndroidUiautomator2Driver@cb04 (a84025fa)]&amp#27;[0m Calling AppiumDriver.getCurrentContext() with args: ["a84025fa-87fd-4432-a89c-6e57f823ae73"]
&amp#27;[38;5;32m[AndroidUiautomator2Driver@cb04 (a84025fa)]&amp#27;[0m Responding to client with driver.getCurrentContext() result: "NATIVE_APP"
&amp#27;[38;5;0m[HTTP]&amp#27;[0m &amp#27;[37m<-- GET /session/a84025fa-87fd-4432-a89c-6e57f823ae73/context &amp#27;[39m&amp#27;[32m200&amp#27;[39m &amp#27;[90m1 ms - 22&amp#27;[39m
&amp#27;[38;5;0m[HTTP]&amp#27;[0m &amp#27;[90m&amp#27;[39m
&amp#27;[38;5;0m[HTTP]&amp#27;[0m &amp#27;[37m-->&amp#27;[39m &amp#27;[37mPOST&amp#27;[39m &amp#27;[37m/session/a84025fa-87fd-4432-a89c-6e57f823ae73/elements&amp#27;[39m
&amp#27;[38;5;0m[HTTP]&amp#27;[0m &amp#27;[90m{"value":"com.fivemobile.thescore:id/text_value","using":"id"}&amp#27;[39m
&amp#27;[38;5;32m[AndroidUiautomator2Driver@cb04 (a84025fa)]&amp#27;[0m Calling AppiumDriver.findElements() with args: ["id","com.fivemobile.thescore:id/text_value","a84025fa-87fd-4432-a89c-6e57f823ae73"]
&amp#27;[38;5;32m[AndroidUiautomator2Driver@cb04 (a84025fa)]&amp#27;[0m Valid locator strategies for this request: xpath, id, class name, accessibility id, css selector, -android uiautomator
&amp#27;[38;5;32m[AndroidUiautomator2Driver@cb04 (a84025fa)]&amp#27;[0m Waiting up to 10000 ms for condition
&amp#27;[38;5;32m[AndroidUiautomator2Driver@cb04 (a84025fa)]&amp#27;[0m Matched '/elements' to command name 'findElements'
&amp#27;[38;5;32m[AndroidUiautomator2Driver@cb04 (a84025fa)]&amp#27;[0m Proxying [POST /elements] to [POST http://127.0.0.1:8209/session/e13e9c10-6759-487b-84e8-6054836a870e/elements] with body: {"strategy":"id","selector":"com.fivemobile.thescore:id/text_value","context":"","multiple":true}
&amp#27;[38;5;32m[AndroidUiautomator2Driver@cb04 (a84025fa)]&amp#27;[0m Got response with status 200: {"sessionId":"e13e9c10-6759-487b-84e8-6054836a870e","value":[{"ELEMENT":"00000000-0000-0464-ffff-ffff000006f0","element-6066-11e4-a52e-4f735466cecf":"00000000-0000-0464-ffff-ffff000006f0"},{"ELEMENT":"00000000-0000-0464-ffff-ffff000006f6","element-6066-11e4-a52e-4f735466cecf":"00000000-0000-0464-ffff-ffff000006f6"},{"ELEMENT":"00000000-0000-0464-ffff-ffff000006fc","element-6066-11e4-a52e-4f735466cecf":"00000000-0000-0464-ffff-ffff000006fc"},{"ELEMENT":"00000000-0000-0464-ffff-ffff00000702","element-6066-11e4-a52e-4f735466cecf":"00000000-0000-0464-ffff-ffff00000702"},{"ELEMENT":"00000000-0000-0464-ffff-ffff00000708","element-6066-11e4-a52e-4f735466cecf":"00000000-0000-0464-ffff-ffff00000708"},{"ELEMENT":"00000000-0000-0464-ffff-ffff00000712","element-6066-11e4-a52e-4f735466cecf":"00000000-0000-0464-ffff-ffff00000712"},{"ELEMENT":"00000000-0000-0464-ffff-ffff00000718","element-6066-11e4-a52e-4f735466cecf":"00000000-0000-0464-ffff-ffff00000718"},{"ELEMENT":"00000000-0000-0464-ffff-ffff0000071e","element-6066-...
&amp#27;[38;5;32m[AndroidUiautomator2Driver@cb04 (a84025fa)]&amp#27;[0m Responding to client with driver.findElements() result: [{"element-6066-11e4-a52e-4f735466cecf":"00000000-0000-0464-ffff-ffff000006f0","ELEMENT":"00000000-0000-0464-ffff-ffff000006f0"},{"element-6066-11e4-a52e-4f735466cecf":"00000000-0000-0464-ffff-ffff000006f6","ELEMENT":"00000000-0000-0464-ffff-ffff000006f6"},{"element-6066-11e4-a52e-4f735466cecf":"00000000-0000-0464-ffff-ffff000006fc","ELEMENT":"00000000-0000-0464-ffff-ffff000006fc"},{"element-6066-11e4-a52e-4f735466cecf":"00000000-0000-0464-ffff-ffff00000702","ELEMENT":"00000000-0000-0464-ffff-ffff00000702"},{"element-6066-11e4-a52e-4f735466cecf":"00000000-0000-0464-ffff-ffff00000708","ELEMENT":"00000000-0000-0464-ffff-ffff00000708"},{"element-6066-11e4-a52e-4f735466cecf":"00000000-0000-0464-ffff-ffff00000712","ELEMENT":"00000000-0000-0464-ffff-ffff00000712"},{"element-6066-11e4-a52e-4f735466cecf":"00000000-0000-0464-ffff-ffff00000718","ELEMENT":"00000000-0000-0464-ffff-ffff00000718"},{"element-6066-11e4-a52e-4f735466cecf":"00000000-0000-0464-ffff-ffff0000071e","ELEMENT":"00000000-0000-0464-ffff-ffff0000071...
&amp#27;[38;5;0m[HTTP]&amp#27;[0m &amp#27;[37m<-- POST /session/a84025fa-87fd-4432-a89c-6e57f823ae73/elements &amp#27;[39m&amp#27;[32m200&amp#27;[39m &amp#27;[90m114 ms - 1291&amp#27;[39m
&amp#27;[38;5;0m[HTTP]&amp#27;[0m &amp#27;[90m&amp#27;[39m
&amp#27;[38;5;0m[HTTP]&amp#27;[0m &amp#27;[37m-->&amp#27;[39m &amp#27;[37mGET&amp#27;[39m &amp#27;[37m/session/a84025fa-87fd-4432-a89c-6e57f823ae73/element/00000000-0000-0464-ffff-ffff00000712/displayed&amp#27;[39m
&amp#27;[38;5;0m[HTTP]&amp#27;[0m &amp#27;[90m{}&amp#27;[39m
&amp#27;[38;5;32m[AndroidUiautomator2Driver@cb04 (a84025fa)]&amp#27;[0m Calling AppiumDriver.elementDisplayed() with args: ["00000000-0000-0464-ffff-ffff00000712","a84025fa-87fd-4432-a89c-6e57f823ae73"]
&amp#27;[38;5;32m[AndroidUiautomator2Driver@cb04 (a84025fa)]&amp#27;[0m Matched '/element/00000000-0000-0464-ffff-ffff00000712/attribute/displayed' to command name 'getAttribute'
&amp#27;[38;5;32m[AndroidUiautomator2Driver@cb04 (a84025fa)]&amp#27;[0m Proxying [GET /element/00000000-0000-0464-ffff-ffff00000712/attribute/displayed] to [GET http://127.0.0.1:8209/session/e13e9c10-6759-487b-84e8-6054836a870e/element/00000000-0000-0464-ffff-ffff00000712/attribute/displayed] with no body
&amp#27;[38;5;32m[AndroidUiautomator2Driver@cb04 (a84025fa)]&amp#27;[0m Got response with status 200: {"sessionId":"e13e9c10-6759-487b-84e8-6054836a870e","value":"true"}
&amp#27;[38;5;32m[AndroidUiautomator2Driver@cb04 (a84025fa)]&amp#27;[0m Responding to client with driver.elementDisplayed() result: true
&amp#27;[38;5;0m[HTTP]&amp#27;[0m &amp#27;[37m<-- GET /session/a84025fa-87fd-4432-a89c-6e57f823ae73/element/00000000-0000-0464-ffff-ffff00000712/displayed &amp#27;[39m&amp#27;[32m200&amp#27;[39m &amp#27;[90m12 ms - 14&amp#27;[39m
&amp#27;[38;5;0m[HTTP]&amp#27;[0m &amp#27;[90m&amp#27;[39m
&amp#27;[38;5;0m[HTTP]&amp#27;[0m &amp#27;[37m-->&amp#27;[39m &amp#27;[37mGET&amp#27;[39m &amp#27;[37m/session/a84025fa-87fd-4432-a89c-6e57f823ae73/context&amp#27;[39m
&amp#27;[38;5;0m[HTTP]&amp#27;[0m &amp#27;[90m{}&amp#27;[39m
&amp#27;[38;5;32m[AndroidUiautomator2Driver@cb04 (a84025fa)]&amp#27;[0m Calling AppiumDriver.getCurrentContext() with args: ["a84025fa-87fd-4432-a89c-6e57f823ae73"]
&amp#27;[38;5;32m[AndroidUiautomator2Driver@cb04 (a84025fa)]&amp#27;[0m Responding to client with driver.getCurrentContext() result: "NATIVE_APP"
&amp#27;[38;5;0m[HTTP]&amp#27;[0m &amp#27;[37m<-- GET /session/a84025fa-87fd-4432-a89c-6e57f823ae73/context &amp#27;[39m&amp#27;[32m200&amp#27;[39m &amp#27;[90m1 ms - 22&amp#27;[39m
&amp#27;[38;5;0m[HTTP]&amp#27;[0m &amp#27;[90m&amp#27;[39m
&amp#27;[38;5;0m[HTTP]&amp#27;[0m &amp#27;[37m-->&amp#27;[39m &amp#27;[37mPOST&amp#27;[39m &amp#27;[37m/session/a84025fa-87fd-4432-a89c-6e57f823ae73/elements&amp#27;[39m
&amp#27;[38;5;0m[HTTP]&amp#27;[0m &amp#27;[90m{"value":"com.fivemobile.thescore:id/text_value","using":"id"}&amp#27;[39m
&amp#27;[38;5;32m[AndroidUiautomator2Driver@cb04 (a84025fa)]&amp#27;[0m Calling AppiumDriver.findElements() with args: ["id","com.fivemobile.thescore:id/text_value","a84025fa-87fd-4432-a89c-6e57f823ae73"]
&amp#27;[38;5;32m[AndroidUiautomator2Driver@cb04 (a84025fa)]&amp#27;[0m Valid locator strategies for this request: xpath, id, class name, accessibility id, css selector, -android uiautomator
&amp#27;[38;5;32m[AndroidUiautomator2Driver@cb04 (a84025fa)]&amp#27;[0m Waiting up to 10000 ms for condition
&amp#27;[38;5;32m[AndroidUiautomator2Driver@cb04 (a84025fa)]&amp#27;[0m Matched '/elements' to command name 'findElements'
&amp#27;[38;5;32m[AndroidUiautomator2Driver@cb04 (a84025fa)]&amp#27;[0m Proxying [POST /elements] to [POST http://127.0.0.1:8209/session/e13e9c10-6759-487b-84e8-6054836a870e/elements] with body: {"strategy":"id","selector":"com.fivemobile.thescore:id/text_value","context":"","multiple":true}
&amp#27;[38;5;32m[AndroidUiautomator2Driver@cb04 (a84025fa)]&amp#27;[0m Got response with status 200: {"sessionId":"e13e9c10-6759-487b-84e8-6054836a870e","value":[{"ELEMENT":"00000000-0000-0464-ffff-ffff000006f0","element-6066-11e4-a52e-4f735466cecf":"00000000-0000-0464-ffff-ffff000006f0"},{"ELEMENT":"00000000-0000-0464-ffff-ffff000006f6","element-6066-11e4-a52e-4f735466cecf":"00000000-0000-0464-ffff-ffff000006f6"},{"ELEMENT":"00000000-0000-0464-ffff-ffff000006fc","element-6066-11e4-a52e-4f735466cecf":"00000000-0000-0464-ffff-ffff000006fc"},{"ELEMENT":"00000000-0000-0464-ffff-ffff00000702","element-6066-11e4-a52e-4f735466cecf":"00000000-0000-0464-ffff-ffff00000702"},{"ELEMENT":"00000000-0000-0464-ffff-ffff00000708","element-6066-11e4-a52e-4f735466cecf":"00000000-0000-0464-ffff-ffff00000708"},{"ELEMENT":"00000000-0000-0464-ffff-ffff00000712","element-6066-11e4-a52e-4f735466cecf":"00000000-0000-0464-ffff-ffff00000712"},{"ELEMENT":"00000000-0000-0464-ffff-ffff00000718","element-6066-11e4-a52e-4f735466cecf":"00000000-0000-0464-ffff-ffff00000718"},{"ELEMENT":"00000000-0000-0464-ffff-ffff0000071e","element-6066-...
&amp#27;[38;5;32m[AndroidUiautomator2Driver@cb04 (a84025fa)]&amp#27;[0m Responding to client with driver.findElements() result: [{"element-6066-11e4-a52e-4f735466cecf":"00000000-0000-0464-ffff-ffff000006f0","ELEMENT":"00000000-0000-0464-ffff-ffff000006f0"},{"element-6066-11e4-a52e-4f735466cecf":"00000000-0000-0464-ffff-ffff000006f6","ELEMENT":"00000000-0000-0464-ffff-ffff000006f6"},{"element-6066-11e4-a52e-4f735466cecf":"00000000-0000-0464-ffff-ffff000006fc","ELEMENT":"00000000-0000-0464-ffff-ffff000006fc"},{"element-6066-11e4-a52e-4f735466cecf":"00000000-0000-0464-ffff-ffff00000702","ELEMENT":"00000000-0000-0464-ffff-ffff00000702"},{"element-6066-11e4-a52e-4f735466cecf":"00000000-0000-0464-ffff-ffff00000708","ELEMENT":"00000000-0000-0464-ffff-ffff00000708"},{"element-6066-11e4-a52e-4f735466cecf":"00000000-0000-0464-ffff-ffff00000712","ELEMENT":"00000000-0000-0464-ffff-ffff00000712"},{"element-6066-11e4-a52e-4f735466cecf":"00000000-0000-0464-ffff-ffff00000718","ELEMENT":"00000000-0000-0464-ffff-ffff00000718"},{"element-6066-11e4-a52e-4f735466cecf":"00000000-0000-0464-ffff-ffff0000071e","ELEMENT":"00000000-0000-0464-ffff-ffff0000071...
&amp#27;[38;5;0m[HTTP]&amp#27;[0m &amp#27;[37m<-- POST /session/a84025fa-87fd-4432-a89c-6e57f823ae73/elements &amp#27;[39m&amp#27;[32m200&amp#27;[39m &amp#27;[90m112 ms - 1291&amp#27;[39m
&amp#27;[38;5;0m[HTTP]&amp#27;[0m &amp#27;[90m&amp#27;[39m
&amp#27;[38;5;0m[HTTP]&amp#27;[0m &amp#27;[37m-->&amp#27;[39m &amp#27;[37mGET&amp#27;[39m &amp#27;[37m/session/a84025fa-87fd-4432-a89c-6e57f823ae73/context&amp#27;[39m
&amp#27;[38;5;0m[HTTP]&amp#27;[0m &amp#27;[90m{}&amp#27;[39m
&amp#27;[38;5;32m[AndroidUiautomator2Driver@cb04 (a84025fa)]&amp#27;[0m Calling AppiumDriver.getCurrentContext() with args: ["a84025fa-87fd-4432-a89c-6e57f823ae73"]
&amp#27;[38;5;32m[AndroidUiautomator2Driver@cb04 (a84025fa)]&amp#27;[0m Responding to client with driver.getCurrentContext() result: "NATIVE_APP"
&amp#27;[38;5;0m[HTTP]&amp#27;[0m &amp#27;[37m<-- GET /session/a84025fa-87fd-4432-a89c-6e57f823ae73/context &amp#27;[39m&amp#27;[32m200&amp#27;[39m &amp#27;[90m1 ms - 22&amp#27;[39m
&amp#27;[38;5;0m[HTTP]&amp#27;[0m &amp#27;[90m&amp#27;[39m
&amp#27;[38;5;0m[HTTP]&amp#27;[0m &amp#27;[37m-->&amp#27;[39m &amp#27;[37mPOST&amp#27;[39m &amp#27;[37m/session/a84025fa-87fd-4432-a89c-6e57f823ae73/elements&amp#27;[39m
&amp#27;[38;5;0m[HTTP]&amp#27;[0m &amp#27;[90m{"value":"com.fivemobile.thescore:id/text_value","using":"id"}&amp#27;[39m
&amp#27;[38;5;32m[AndroidUiautomator2Driver@cb04 (a84025fa)]&amp#27;[0m Calling AppiumDriver.findElements() with args: ["id","com.fivemobile.thescore:id/text_value","a84025fa-87fd-4432-a89c-6e57f823ae73"]
&amp#27;[38;5;32m[AndroidUiautomator2Driver@cb04 (a84025fa)]&amp#27;[0m Valid locator strategies for this request: xpath, id, class name, accessibility id, css selector, -android uiautomator
&amp#27;[38;5;32m[AndroidUiautomator2Driver@cb04 (a84025fa)]&amp#27;[0m Waiting up to 10000 ms for condition
&amp#27;[38;5;32m[AndroidUiautomator2Driver@cb04 (a84025fa)]&amp#27;[0m Matched '/elements' to command name 'findElements'
&amp#27;[38;5;32m[AndroidUiautomator2Driver@cb04 (a84025fa)]&amp#27;[0m Proxying [POST /elements] to [POST http://127.0.0.1:8209/session/e13e9c10-6759-487b-84e8-6054836a870e/elements] with body: {"strategy":"id","selector":"com.fivemobile.thescore:id/text_value","context":"","multiple":true}
&amp#27;[38;5;32m[AndroidUiautomator2Driver@cb04 (a84025fa)]&amp#27;[0m Got response with status 200: {"sessionId":"e13e9c10-6759-487b-84e8-6054836a870e","value":[{"ELEMENT":"00000000-0000-0464-ffff-ffff000006f0","element-6066-11e4-a52e-4f735466cecf":"00000000-0000-0464-ffff-ffff000006f0"},{"ELEMENT":"00000000-0000-0464-ffff-ffff000006f6","element-6066-11e4-a52e-4f735466cecf":"00000000-0000-0464-ffff-ffff000006f6"},{"ELEMENT":"00000000-0000-0464-ffff-ffff000006fc","element-6066-11e4-a52e-4f735466cecf":"00000000-0000-0464-ffff-ffff000006fc"},{"ELEMENT":"00000000-0000-0464-ffff-ffff00000702","element-6066-11e4-a52e-4f735466cecf":"00000000-0000-0464-ffff-ffff00000702"},{"ELEMENT":"00000000-0000-0464-ffff-ffff00000708","element-6066-11e4-a52e-4f735466cecf":"00000000-0000-0464-ffff-ffff00000708"},{"ELEMENT":"00000000-0000-0464-ffff-ffff00000712","element-6066-11e4-a52e-4f735466cecf":"00000000-0000-0464-ffff-ffff00000712"},{"ELEMENT":"00000000-0000-0464-ffff-ffff00000718","element-6066-11e4-a52e-4f735466cecf":"00000000-0000-0464-ffff-ffff00000718"},{"ELEMENT":"00000000-0000-0464-ffff-ffff0000071e","element-6066-...
&amp#27;[38;5;32m[AndroidUiautomator2Driver@cb04 (a84025fa)]&amp#27;[0m Responding to client with driver.findElements() result: [{"element-6066-11e4-a52e-4f735466cecf":"00000000-0000-0464-ffff-ffff000006f0","ELEMENT":"00000000-0000-0464-ffff-ffff000006f0"},{"element-6066-11e4-a52e-4f735466cecf":"00000000-0000-0464-ffff-ffff000006f6","ELEMENT":"00000000-0000-0464-ffff-ffff000006f6"},{"element-6066-11e4-a52e-4f735466cecf":"00000000-0000-0464-ffff-ffff000006fc","ELEMENT":"00000000-0000-0464-ffff-ffff000006fc"},{"element-6066-11e4-a52e-4f735466cecf":"00000000-0000-0464-ffff-ffff00000702","ELEMENT":"00000000-0000-0464-ffff-ffff00000702"},{"element-6066-11e4-a52e-4f735466cecf":"00000000-0000-0464-ffff-ffff00000708","ELEMENT":"00000000-0000-0464-ffff-ffff00000708"},{"element-6066-11e4-a52e-4f735466cecf":"00000000-0000-0464-ffff-ffff00000712","ELEMENT":"00000000-0000-0464-ffff-ffff00000712"},{"element-6066-11e4-a52e-4f735466cecf":"00000000-0000-0464-ffff-ffff00000718","ELEMENT":"00000000-0000-0464-ffff-ffff00000718"},{"element-6066-11e4-a52e-4f735466cecf":"00000000-0000-0464-ffff-ffff0000071e","ELEMENT":"00000000-0000-0464-ffff-ffff0000071...
&amp#27;[38;5;0m[HTTP]&amp#27;[0m &amp#27;[37m<-- POST /session/a84025fa-87fd-4432-a89c-6e57f823ae73/elements &amp#27;[39m&amp#27;[32m200&amp#27;[39m &amp#27;[90m111 ms - 1291&amp#27;[39m
&amp#27;[38;5;0m[HTTP]&amp#27;[0m &amp#27;[90m&amp#27;[39m
&amp#27;[38;5;0m[HTTP]&amp#27;[0m &amp#27;[37m-->&amp#27;[39m &amp#27;[37mGET&amp#27;[39m &amp#27;[37m/session/a84025fa-87fd-4432-a89c-6e57f823ae73/element/00000000-0000-0464-ffff-ffff00000718/displayed&amp#27;[39m
&amp#27;[38;5;0m[HTTP]&amp#27;[0m &amp#27;[90m{}&amp#27;[39m
&amp#27;[38;5;32m[AndroidUiautomator2Driver@cb04 (a84025fa)]&amp#27;[0m Calling AppiumDriver.elementDisplayed() with args: ["00000000-0000-0464-ffff-ffff00000718","a84025fa-87fd-4432-a89c-6e57f823ae73"]
&amp#27;[38;5;32m[AndroidUiautomator2Driver@cb04 (a84025fa)]&amp#27;[0m Matched '/element/00000000-0000-0464-ffff-ffff00000718/attribute/displayed' to command name 'getAttribute'
&amp#27;[38;5;32m[AndroidUiautomator2Driver@cb04 (a84025fa)]&amp#27;[0m Proxying [GET /element/00000000-0000-0464-ffff-ffff00000718/attribute/displayed] to [GET http://127.0.0.1:8209/session/e13e9c10-6759-487b-84e8-6054836a870e/element/00000000-0000-0464-ffff-ffff00000718/attribute/displayed] with no body
&amp#27;[38;5;32m[AndroidUiautomator2Driver@cb04 (a84025fa)]&amp#27;[0m Got response with status 200: {"sessionId":"e13e9c10-6759-487b-84e8-6054836a870e","value":"true"}
&amp#27;[38;5;32m[AndroidUiautomator2Driver@cb04 (a84025fa)]&amp#27;[0m Responding to client with driver.elementDisplayed() result: true
&amp#27;[38;5;0m[HTTP]&amp#27;[0m &amp#27;[37m<-- GET /session/a84025fa-87fd-4432-a89c-6e57f823ae73/element/00000000-0000-0464-ffff-ffff00000718/displayed &amp#27;[39m&amp#27;[32m200&amp#27;[39m &amp#27;[90m11 ms - 14&amp#27;[39m
&amp#27;[38;5;0m[HTTP]&amp#27;[0m &amp#27;[90m&amp#27;[39m
&amp#27;[38;5;0m[HTTP]&amp#27;[0m &amp#27;[37m-->&amp#27;[39m &amp#27;[37mGET&amp#27;[39m &amp#27;[37m/session/a84025fa-87fd-4432-a89c-6e57f823ae73/context&amp#27;[39m
&amp#27;[38;5;0m[HTTP]&amp#27;[0m &amp#27;[90m{}&amp#27;[39m
&amp#27;[38;5;32m[AndroidUiautomator2Driver@cb04 (a84025fa)]&amp#27;[0m Calling AppiumDriver.getCurrentContext() with args: ["a84025fa-87fd-4432-a89c-6e57f823ae73"]
&amp#27;[38;5;32m[AndroidUiautomator2Driver@cb04 (a84025fa)]&amp#27;[0m Responding to client with driver.getCurrentContext() result: "NATIVE_APP"
&amp#27;[38;5;0m[HTTP]&amp#27;[0m &amp#27;[37m<-- GET /session/a84025fa-87fd-4432-a89c-6e57f823ae73/context &amp#27;[39m&amp#27;[32m200&amp#27;[39m &amp#27;[90m1 ms - 22&amp#27;[39m
&amp#27;[38;5;0m[HTTP]&amp#27;[0m &amp#27;[90m&amp#27;[39m
&amp#27;[38;5;0m[HTTP]&amp#27;[0m &amp#27;[37m-->&amp#27;[39m &amp#27;[37mPOST&amp#27;[39m &amp#27;[37m/session/a84025fa-87fd-4432-a89c-6e57f823ae73/elements&amp#27;[39m
&amp#27;[38;5;0m[HTTP]&amp#27;[0m &amp#27;[90m{"value":"com.fivemobile.thescore:id/text_value","using":"id"}&amp#27;[39m
&amp#27;[38;5;32m[AndroidUiautomator2Driver@cb04 (a84025fa)]&amp#27;[0m Calling AppiumDriver.findElements() with args: ["id","com.fivemobile.thescore:id/text_value","a84025fa-87fd-4432-a89c-6e57f823ae73"]
&amp#27;[38;5;32m[AndroidUiautomator2Driver@cb04 (a84025fa)]&amp#27;[0m Valid locator strategies for this request: xpath, id, class name, accessibility id, css selector, -android uiautomator
&amp#27;[38;5;32m[AndroidUiautomator2Driver@cb04 (a84025fa)]&amp#27;[0m Waiting up to 10000 ms for condition
&amp#27;[38;5;32m[AndroidUiautomator2Driver@cb04 (a84025fa)]&amp#27;[0m Matched '/elements' to command name 'findElements'
&amp#27;[38;5;32m[AndroidUiautomator2Driver@cb04 (a84025fa)]&amp#27;[0m Proxying [POST /elements] to [POST http://127.0.0.1:8209/session/e13e9c10-6759-487b-84e8-6054836a870e/elements] with body: {"strategy":"id","selector":"com.fivemobile.thescore:id/text_value","context":"","multiple":true}
&amp#27;[38;5;32m[AndroidUiautomator2Driver@cb04 (a84025fa)]&amp#27;[0m Got response with status 200: {"sessionId":"e13e9c10-6759-487b-84e8-6054836a870e","value":[{"ELEMENT":"00000000-0000-0464-ffff-ffff000006f0","element-6066-11e4-a52e-4f735466cecf":"00000000-0000-0464-ffff-ffff000006f0"},{"ELEMENT":"00000000-0000-0464-ffff-ffff000006f6","element-6066-11e4-a52e-4f735466cecf":"00000000-0000-0464-ffff-ffff000006f6"},{"ELEMENT":"00000000-0000-0464-ffff-ffff000006fc","element-6066-11e4-a52e-4f735466cecf":"00000000-0000-0464-ffff-ffff000006fc"},{"ELEMENT":"00000000-0000-0464-ffff-ffff00000702","element-6066-11e4-a52e-4f735466cecf":"00000000-0000-0464-ffff-ffff00000702"},{"ELEMENT":"00000000-0000-0464-ffff-ffff00000708","element-6066-11e4-a52e-4f735466cecf":"00000000-0000-0464-ffff-ffff00000708"},{"ELEMENT":"00000000-0000-0464-ffff-ffff00000712","element-6066-11e4-a52e-4f735466cecf":"00000000-0000-0464-ffff-ffff00000712"},{"ELEMENT":"00000000-0000-0464-ffff-ffff00000718","element-6066-11e4-a52e-4f735466cecf":"00000000-0000-0464-ffff-ffff00000718"},{"ELEMENT":"00000000-0000-0464-ffff-ffff0000071e","element-6066-...
&amp#27;[38;5;32m[AndroidUiautomator2Driver@cb04 (a84025fa)]&amp#27;[0m Responding to client with driver.findElements() result: [{"element-6066-11e4-a52e-4f735466cecf":"00000000-0000-0464-ffff-ffff000006f0","ELEMENT":"00000000-0000-0464-ffff-ffff000006f0"},{"element-6066-11e4-a52e-4f735466cecf":"00000000-0000-0464-ffff-ffff000006f6","ELEMENT":"00000000-0000-0464-ffff-ffff000006f6"},{"element-6066-11e4-a52e-4f735466cecf":"00000000-0000-0464-ffff-ffff000006fc","ELEMENT":"00000000-0000-0464-ffff-ffff000006fc"},{"element-6066-11e4-a52e-4f735466cecf":"00000000-0000-0464-ffff-ffff00000702","ELEMENT":"00000000-0000-0464-ffff-ffff00000702"},{"element-6066-11e4-a52e-4f735466cecf":"00000000-0000-0464-ffff-ffff00000708","ELEMENT":"00000000-0000-0464-ffff-ffff00000708"},{"element-6066-11e4-a52e-4f735466cecf":"00000000-0000-0464-ffff-ffff00000712","ELEMENT":"00000000-0000-0464-ffff-ffff00000712"},{"element-6066-11e4-a52e-4f735466cecf":"00000000-0000-0464-ffff-ffff00000718","ELEMENT":"00000000-0000-0464-ffff-ffff00000718"},{"element-6066-11e4-a52e-4f735466cecf":"00000000-0000-0464-ffff-ffff0000071e","ELEMENT":"00000000-0000-0464-ffff-ffff0000071...
&amp#27;[38;5;0m[HTTP]&amp#27;[0m &amp#27;[37m<-- POST /session/a84025fa-87fd-4432-a89c-6e57f823ae73/elements &amp#27;[39m&amp#27;[32m200&amp#27;[39m &amp#27;[90m102 ms - 1291&amp#27;[39m
&amp#27;[38;5;0m[HTTP]&amp#27;[0m &amp#27;[90m&amp#27;[39m
&amp#27;[38;5;0m[HTTP]&amp#27;[0m &amp#27;[37m-->&amp#27;[39m &amp#27;[37mGET&amp#27;[39m &amp#27;[37m/session/a84025fa-87fd-4432-a89c-6e57f823ae73/context&amp#27;[39m
&amp#27;[38;5;0m[HTTP]&amp#27;[0m &amp#27;[90m{}&amp#27;[39m
&amp#27;[38;5;32m[AndroidUiautomator2Driver@cb04 (a84025fa)]&amp#27;[0m Calling AppiumDriver.getCurrentContext() with args: ["a84025fa-87fd-4432-a89c-6e57f823ae73"]
&amp#27;[38;5;32m[AndroidUiautomator2Driver@cb04 (a84025fa)]&amp#27;[0m Responding to client with driver.getCurrentContext() result: "NATIVE_APP"
&amp#27;[38;5;0m[HTTP]&amp#27;[0m &amp#27;[37m<-- GET /session/a84025fa-87fd-4432-a89c-6e57f823ae73/context &amp#27;[39m&amp#27;[32m200&amp#27;[39m &amp#27;[90m1 ms - 22&amp#27;[39m
&amp#27;[38;5;0m[HTTP]&amp#27;[0m &amp#27;[90m&amp#27;[39m
&amp#27;[38;5;0m[HTTP]&amp#27;[0m &amp#27;[37m-->&amp#27;[39m &amp#27;[37mPOST&amp#27;[39m &amp#27;[37m/session/a84025fa-87fd-4432-a89c-6e57f823ae73/elements&amp#27;[39m
&amp#27;[38;5;0m[HTTP]&amp#27;[0m &amp#27;[90m{"value":"com.fivemobile.thescore:id/text_value","using":"id"}&amp#27;[39m
&amp#27;[38;5;32m[AndroidUiautomator2Driver@cb04 (a84025fa)]&amp#27;[0m Calling AppiumDriver.findElements() with args: ["id","com.fivemobile.thescore:id/text_value","a84025fa-87fd-4432-a89c-6e57f823ae73"]
&amp#27;[38;5;32m[AndroidUiautomator2Driver@cb04 (a84025fa)]&amp#27;[0m Valid locator strategies for this request: xpath, id, class name, accessibility id, css selector, -android uiautomator
&amp#27;[38;5;32m[AndroidUiautomator2Driver@cb04 (a84025fa)]&amp#27;[0m Waiting up to 10000 ms for condition
&amp#27;[38;5;32m[AndroidUiautomator2Driver@cb04 (a84025fa)]&amp#27;[0m Matched '/elements' to command name 'findElements'
&amp#27;[38;5;32m[AndroidUiautomator2Driver@cb04 (a84025fa)]&amp#27;[0m Proxying [POST /elements] to [POST http://127.0.0.1:8209/session/e13e9c10-6759-487b-84e8-6054836a870e/elements] with body: {"strategy":"id","selector":"com.fivemobile.thescore:id/text_value","context":"","multiple":true}
&amp#27;[38;5;32m[AndroidUiautomator2Driver@cb04 (a84025fa)]&amp#27;[0m Got response with status 200: {"sessionId":"e13e9c10-6759-487b-84e8-6054836a870e","value":[{"ELEMENT":"00000000-0000-0464-ffff-ffff000006f0","element-6066-11e4-a52e-4f735466cecf":"00000000-0000-0464-ffff-ffff000006f0"},{"ELEMENT":"00000000-0000-0464-ffff-ffff000006f6","element-6066-11e4-a52e-4f735466cecf":"00000000-0000-0464-ffff-ffff000006f6"},{"ELEMENT":"00000000-0000-0464-ffff-ffff000006fc","element-6066-11e4-a52e-4f735466cecf":"00000000-0000-0464-ffff-ffff000006fc"},{"ELEMENT":"00000000-0000-0464-ffff-ffff00000702","element-6066-11e4-a52e-4f735466cecf":"00000000-0000-0464-ffff-ffff00000702"},{"ELEMENT":"00000000-0000-0464-ffff-ffff00000708","element-6066-11e4-a52e-4f735466cecf":"00000000-0000-0464-ffff-ffff00000708"},{"ELEMENT":"00000000-0000-0464-ffff-ffff00000712","element-6066-11e4-a52e-4f735466cecf":"00000000-0000-0464-ffff-ffff00000712"},{"ELEMENT":"00000000-0000-0464-ffff-ffff00000718","element-6066-11e4-a52e-4f735466cecf":"00000000-0000-0464-ffff-ffff00000718"},{"ELEMENT":"00000000-0000-0464-ffff-ffff0000071e","element-6066-...
&amp#27;[38;5;32m[AndroidUiautomator2Driver@cb04 (a84025fa)]&amp#27;[0m Responding to client with driver.findElements() result: [{"element-6066-11e4-a52e-4f735466cecf":"00000000-0000-0464-ffff-ffff000006f0","ELEMENT":"00000000-0000-0464-ffff-ffff000006f0"},{"element-6066-11e4-a52e-4f735466cecf":"00000000-0000-0464-ffff-ffff000006f6","ELEMENT":"00000000-0000-0464-ffff-ffff000006f6"},{"element-6066-11e4-a52e-4f735466cecf":"00000000-0000-0464-ffff-ffff000006fc","ELEMENT":"00000000-0000-0464-ffff-ffff000006fc"},{"element-6066-11e4-a52e-4f735466cecf":"00000000-0000-0464-ffff-ffff00000702","ELEMENT":"00000000-0000-0464-ffff-ffff00000702"},{"element-6066-11e4-a52e-4f735466cecf":"00000000-0000-0464-ffff-ffff00000708","ELEMENT":"00000000-0000-0464-ffff-ffff00000708"},{"element-6066-11e4-a52e-4f735466cecf":"00000000-0000-0464-ffff-ffff00000712","ELEMENT":"00000000-0000-0464-ffff-ffff00000712"},{"element-6066-11e4-a52e-4f735466cecf":"00000000-0000-0464-ffff-ffff00000718","ELEMENT":"00000000-0000-0464-ffff-ffff00000718"},{"element-6066-11e4-a52e-4f735466cecf":"00000000-0000-0464-ffff-ffff0000071e","ELEMENT":"00000000-0000-0464-ffff-ffff0000071...
&amp#27;[38;5;0m[HTTP]&amp#27;[0m &amp#27;[37m<-- POST /session/a84025fa-87fd-4432-a89c-6e57f823ae73/elements &amp#27;[39m&amp#27;[32m200&amp#27;[39m &amp#27;[90m127 ms - 1291&amp#27;[39m
&amp#27;[38;5;0m[HTTP]&amp#27;[0m &amp#27;[90m&amp#27;[39m
&amp#27;[38;5;0m[HTTP]&amp#27;[0m &amp#27;[37m-->&amp#27;[39m &amp#27;[37mGET&amp#27;[39m &amp#27;[37m/session/a84025fa-87fd-4432-a89c-6e57f823ae73/element/00000000-0000-0464-ffff-ffff0000071e/displayed&amp#27;[39m
&amp#27;[38;5;0m[HTTP]&amp#27;[0m &amp#27;[90m{}&amp#27;[39m
&amp#27;[38;5;32m[AndroidUiautomator2Driver@cb04 (a84025fa)]&amp#27;[0m Calling AppiumDriver.elementDisplayed() with args: ["00000000-0000-0464-ffff-ffff0000071e","a84025fa-87fd-4432-a89c-6e57f823ae73"]
&amp#27;[38;5;32m[AndroidUiautomator2Driver@cb04 (a84025fa)]&amp#27;[0m Matched '/element/00000000-0000-0464-ffff-ffff0000071e/attribute/displayed' to command name 'getAttribute'
&amp#27;[38;5;32m[AndroidUiautomator2Driver@cb04 (a84025fa)]&amp#27;[0m Proxying [GET /element/00000000-0000-0464-ffff-ffff0000071e/attribute/displayed] to [GET http://127.0.0.1:8209/session/e13e9c10-6759-487b-84e8-6054836a870e/element/00000000-0000-0464-ffff-ffff0000071e/attribute/displayed] with no body
&amp#27;[38;5;32m[AndroidUiautomator2Driver@cb04 (a84025fa)]&amp#27;[0m Got response with status 200: {"sessionId":"e13e9c10-6759-487b-84e8-6054836a870e","value":"true"}
&amp#27;[38;5;32m[AndroidUiautomator2Driver@cb04 (a84025fa)]&amp#27;[0m Responding to client with driver.elementDisplayed() result: true
&amp#27;[38;5;0m[HTTP]&amp#27;[0m &amp#27;[37m<-- GET /session/a84025fa-87fd-4432-a89c-6e57f823ae73/element/00000000-0000-0464-ffff-ffff0000071e/displayed &amp#27;[39m&amp#27;[32m200&amp#27;[39m &amp#27;[90m10 ms - 14&amp#27;[39m
&amp#27;[38;5;0m[HTTP]&amp#27;[0m &amp#27;[90m&amp#27;[39m
&amp#27;[38;5;0m[HTTP]&amp#27;[0m &amp#27;[37m-->&amp#27;[39m &amp#27;[37mGET&amp#27;[39m &amp#27;[37m/session/a84025fa-87fd-4432-a89c-6e57f823ae73/context&amp#27;[39m
&amp#27;[38;5;0m[HTTP]&amp#27;[0m &amp#27;[90m{}&amp#27;[39m
&amp#27;[38;5;32m[AndroidUiautomator2Driver@cb04 (a84025fa)]&amp#27;[0m Calling AppiumDriver.getCurrentContext() with args: ["a84025fa-87fd-4432-a89c-6e57f823ae73"]
&amp#27;[38;5;32m[AndroidUiautomator2Driver@cb04 (a84025fa)]&amp#27;[0m Responding to client with driver.getCurrentContext() result: "NATIVE_APP"
&amp#27;[38;5;0m[HTTP]&amp#27;[0m &amp#27;[37m<-- GET /session/a84025fa-87fd-4432-a89c-6e57f823ae73/context &amp#27;[39m&amp#27;[32m200&amp#27;[39m &amp#27;[90m1 ms - 22&amp#27;[39m
&amp#27;[38;5;0m[HTTP]&amp#27;[0m &amp#27;[90m&amp#27;[39m
&amp#27;[38;5;0m[HTTP]&amp#27;[0m &amp#27;[37m-->&amp#27;[39m &amp#27;[37mPOST&amp#27;[39m &amp#27;[37m/session/a84025fa-87fd-4432-a89c-6e57f823ae73/elements&amp#27;[39m
&amp#27;[38;5;0m[HTTP]&amp#27;[0m &amp#27;[90m{"value":"com.fivemobile.thescore:id/text_value","using":"id"}&amp#27;[39m
&amp#27;[38;5;32m[AndroidUiautomator2Driver@cb04 (a84025fa)]&amp#27;[0m Calling AppiumDriver.findElements() with args: ["id","com.fivemobile.thescore:id/text_value","a84025fa-87fd-4432-a89c-6e57f823ae73"]
&amp#27;[38;5;32m[AndroidUiautomator2Driver@cb04 (a84025fa)]&amp#27;[0m Valid locator strategies for this request: xpath, id, class name, accessibility id, css selector, -android uiautomator
&amp#27;[38;5;32m[AndroidUiautomator2Driver@cb04 (a84025fa)]&amp#27;[0m Waiting up to 10000 ms for condition
&amp#27;[38;5;32m[AndroidUiautomator2Driver@cb04 (a84025fa)]&amp#27;[0m Matched '/elements' to command name 'findElements'
&amp#27;[38;5;32m[AndroidUiautomator2Driver@cb04 (a84025fa)]&amp#27;[0m Proxying [POST /elements] to [POST http://127.0.0.1:8209/session/e13e9c10-6759-487b-84e8-6054836a870e/elements] with body: {"strategy":"id","selector":"com.fivemobile.thescore:id/text_value","context":"","multiple":true}
&amp#27;[38;5;32m[AndroidUiautomator2Driver@cb04 (a84025fa)]&amp#27;[0m Got response with status 200: {"sessionId":"e13e9c10-6759-487b-84e8-6054836a870e","value":[{"ELEMENT":"00000000-0000-0464-ffff-ffff000006f0","element-6066-11e4-a52e-4f735466cecf":"00000000-0000-0464-ffff-ffff000006f0"},{"ELEMENT":"00000000-0000-0464-ffff-ffff000006f6","element-6066-11e4-a52e-4f735466cecf":"00000000-0000-0464-ffff-ffff000006f6"},{"ELEMENT":"00000000-0000-0464-ffff-ffff000006fc","element-6066-11e4-a52e-4f735466cecf":"00000000-0000-0464-ffff-ffff000006fc"},{"ELEMENT":"00000000-0000-0464-ffff-ffff00000702","element-6066-11e4-a52e-4f735466cecf":"00000000-0000-0464-ffff-ffff00000702"},{"ELEMENT":"00000000-0000-0464-ffff-ffff00000708","element-6066-11e4-a52e-4f735466cecf":"00000000-0000-0464-ffff-ffff00000708"},{"ELEMENT":"00000000-0000-0464-ffff-ffff00000712","element-6066-11e4-a52e-4f735466cecf":"00000000-0000-0464-ffff-ffff00000712"},{"ELEMENT":"00000000-0000-0464-ffff-ffff00000718","element-6066-11e4-a52e-4f735466cecf":"00000000-0000-0464-ffff-ffff00000718"},{"ELEMENT":"00000000-0000-0464-ffff-ffff0000071e","element-6066-...
&amp#27;[38;5;32m[AndroidUiautomator2Driver@cb04 (a84025fa)]&amp#27;[0m Responding to client with driver.findElements() result: [{"element-6066-11e4-a52e-4f735466cecf":"00000000-0000-0464-ffff-ffff000006f0","ELEMENT":"00000000-0000-0464-ffff-ffff000006f0"},{"element-6066-11e4-a52e-4f735466cecf":"00000000-0000-0464-ffff-ffff000006f6","ELEMENT":"00000000-0000-0464-ffff-ffff000006f6"},{"element-6066-11e4-a52e-4f735466cecf":"00000000-0000-0464-ffff-ffff000006fc","ELEMENT":"00000000-0000-0464-ffff-ffff000006fc"},{"element-6066-11e4-a52e-4f735466cecf":"00000000-0000-0464-ffff-ffff00000702","ELEMENT":"00000000-0000-0464-ffff-ffff00000702"},{"element-6066-11e4-a52e-4f735466cecf":"00000000-0000-0464-ffff-ffff00000708","ELEMENT":"00000000-0000-0464-ffff-ffff00000708"},{"element-6066-11e4-a52e-4f735466cecf":"00000000-0000-0464-ffff-ffff00000712","ELEMENT":"00000000-0000-0464-ffff-ffff00000712"},{"element-6066-11e4-a52e-4f735466cecf":"00000000-0000-0464-ffff-ffff00000718","ELEMENT":"00000000-0000-0464-ffff-ffff00000718"},{"element-6066-11e4-a52e-4f735466cecf":"00000000-0000-0464-ffff-ffff0000071e","ELEMENT":"00000000-0000-0464-ffff-ffff0000071...
&amp#27;[38;5;0m[HTTP]&amp#27;[0m &amp#27;[37m<-- POST /session/a84025fa-87fd-4432-a89c-6e57f823ae73/elements &amp#27;[39m&amp#27;[32m200&amp#27;[39m &amp#27;[90m103 ms - 1291&amp#27;[39m
&amp#27;[38;5;0m[HTTP]&amp#27;[0m &amp#27;[90m&amp#27;[39m
&amp#27;[38;5;0m[HTTP]&amp#27;[0m &amp#27;[37m-->&amp#27;[39m &amp#27;[37mGET&amp#27;[39m &amp#27;[37m/session/a84025fa-87fd-4432-a89c-6e57f823ae73/context&amp#27;[39m
&amp#27;[38;5;0m[HTTP]&amp#27;[0m &amp#27;[90m{}&amp#27;[39m
&amp#27;[38;5;32m[AndroidUiautomator2Driver@cb04 (a84025fa)]&amp#27;[0m Calling AppiumDriver.getCurrentContext() with args: ["a84025fa-87fd-4432-a89c-6e57f823ae73"]
&amp#27;[38;5;32m[AndroidUiautomator2Driver@cb04 (a84025fa)]&amp#27;[0m Responding to client with driver.getCurrentContext() result: "NATIVE_APP"
&amp#27;[38;5;0m[HTTP]&amp#27;[0m &amp#27;[37m<-- GET /session/a84025fa-87fd-4432-a89c-6e57f823ae73/context &amp#27;[39m&amp#27;[32m200&amp#27;[39m &amp#27;[90m1 ms - 22&amp#27;[39m
&amp#27;[38;5;0m[HTTP]&amp#27;[0m &amp#27;[90m&amp#27;[39m
&amp#27;[38;5;0m[HTTP]&amp#27;[0m &amp#27;[37m-->&amp#27;[39m &amp#27;[37mPOST&amp#27;[39m &amp#27;[37m/session/a84025fa-87fd-4432-a89c-6e57f823ae73/elements&amp#27;[39m
&amp#27;[38;5;0m[HTTP]&amp#27;[0m &amp#27;[90m{"value":"com.fivemobile.thescore:id/text_value","using":"id"}&amp#27;[39m
&amp#27;[38;5;32m[AndroidUiautomator2Driver@cb04 (a84025fa)]&amp#27;[0m Calling AppiumDriver.findElements() with args: ["id","com.fivemobile.thescore:id/text_value","a84025fa-87fd-4432-a89c-6e57f823ae73"]
&amp#27;[38;5;32m[AndroidUiautomator2Driver@cb04 (a84025fa)]&amp#27;[0m Valid locator strategies for this request: xpath, id, class name, accessibility id, css selector, -android uiautomator
&amp#27;[38;5;32m[AndroidUiautomator2Driver@cb04 (a84025fa)]&amp#27;[0m Waiting up to 10000 ms for condition
&amp#27;[38;5;32m[AndroidUiautomator2Driver@cb04 (a84025fa)]&amp#27;[0m Matched '/elements' to command name 'findElements'
&amp#27;[38;5;32m[AndroidUiautomator2Driver@cb04 (a84025fa)]&amp#27;[0m Proxying [POST /elements] to [POST http://127.0.0.1:8209/session/e13e9c10-6759-487b-84e8-6054836a870e/elements] with body: {"strategy":"id","selector":"com.fivemobile.thescore:id/text_value","context":"","multiple":true}
&amp#27;[38;5;32m[AndroidUiautomator2Driver@cb04 (a84025fa)]&amp#27;[0m Got response with status 200: {"sessionId":"e13e9c10-6759-487b-84e8-6054836a870e","value":[{"ELEMENT":"00000000-0000-0464-ffff-ffff000006f0","element-6066-11e4-a52e-4f735466cecf":"00000000-0000-0464-ffff-ffff000006f0"},{"ELEMENT":"00000000-0000-0464-ffff-ffff000006f6","element-6066-11e4-a52e-4f735466cecf":"00000000-0000-0464-ffff-ffff000006f6"},{"ELEMENT":"00000000-0000-0464-ffff-ffff000006fc","element-6066-11e4-a52e-4f735466cecf":"00000000-0000-0464-ffff-ffff000006fc"},{"ELEMENT":"00000000-0000-0464-ffff-ffff00000702","element-6066-11e4-a52e-4f735466cecf":"00000000-0000-0464-ffff-ffff00000702"},{"ELEMENT":"00000000-0000-0464-ffff-ffff00000708","element-6066-11e4-a52e-4f735466cecf":"00000000-0000-0464-ffff-ffff00000708"},{"ELEMENT":"00000000-0000-0464-ffff-ffff00000712","element-6066-11e4-a52e-4f735466cecf":"00000000-0000-0464-ffff-ffff00000712"},{"ELEMENT":"00000000-0000-0464-ffff-ffff00000718","element-6066-11e4-a52e-4f735466cecf":"00000000-0000-0464-ffff-ffff00000718"},{"ELEMENT":"00000000-0000-0464-ffff-ffff0000071e","element-6066-...
&amp#27;[38;5;32m[AndroidUiautomator2Driver@cb04 (a84025fa)]&amp#27;[0m Responding to client with driver.findElements() result: [{"element-6066-11e4-a52e-4f735466cecf":"00000000-0000-0464-ffff-ffff000006f0","ELEMENT":"00000000-0000-0464-ffff-ffff000006f0"},{"element-6066-11e4-a52e-4f735466cecf":"00000000-0000-0464-ffff-ffff000006f6","ELEMENT":"00000000-0000-0464-ffff-ffff000006f6"},{"element-6066-11e4-a52e-4f735466cecf":"00000000-0000-0464-ffff-ffff000006fc","ELEMENT":"00000000-0000-0464-ffff-ffff000006fc"},{"element-6066-11e4-a52e-4f735466cecf":"00000000-0000-0464-ffff-ffff00000702","ELEMENT":"00000000-0000-0464-ffff-ffff00000702"},{"element-6066-11e4-a52e-4f735466cecf":"00000000-0000-0464-ffff-ffff00000708","ELEMENT":"00000000-0000-0464-ffff-ffff00000708"},{"element-6066-11e4-a52e-4f735466cecf":"00000000-0000-0464-ffff-ffff00000712","ELEMENT":"00000000-0000-0464-ffff-ffff00000712"},{"element-6066-11e4-a52e-4f735466cecf":"00000000-0000-0464-ffff-ffff00000718","ELEMENT":"00000000-0000-0464-ffff-ffff00000718"},{"element-6066-11e4-a52e-4f735466cecf":"00000000-0000-0464-ffff-ffff0000071e","ELEMENT":"00000000-0000-0464-ffff-ffff0000071...
&amp#27;[38;5;0m[HTTP]&amp#27;[0m &amp#27;[37m<-- POST /session/a84025fa-87fd-4432-a89c-6e57f823ae73/elements &amp#27;[39m&amp#27;[32m200&amp#27;[39m &amp#27;[90m110 ms - 1291&amp#27;[39m
&amp#27;[38;5;0m[HTTP]&amp#27;[0m &amp#27;[90m&amp#27;[39m
&amp#27;[38;5;0m[HTTP]&amp#27;[0m &amp#27;[37m-->&amp#27;[39m &amp#27;[37mGET&amp#27;[39m &amp#27;[37m/session/a84025fa-87fd-4432-a89c-6e57f823ae73/element/00000000-0000-0464-ffff-ffff00000724/displayed&amp#27;[39m
&amp#27;[38;5;0m[HTTP]&amp#27;[0m &amp#27;[90m{}&amp#27;[39m
&amp#27;[38;5;32m[AndroidUiautomator2Driver@cb04 (a84025fa)]&amp#27;[0m Calling AppiumDriver.elementDisplayed() with args: ["00000000-0000-0464-ffff-ffff00000724","a84025fa-87fd-4432-a89c-6e57f823ae73"]
&amp#27;[38;5;32m[AndroidUiautomator2Driver@cb04 (a84025fa)]&amp#27;[0m Matched '/element/00000000-0000-0464-ffff-ffff00000724/attribute/displayed' to command name 'getAttribute'
&amp#27;[38;5;32m[AndroidUiautomator2Driver@cb04 (a84025fa)]&amp#27;[0m Proxying [GET /element/00000000-0000-0464-ffff-ffff00000724/attribute/displayed] to [GET http://127.0.0.1:8209/session/e13e9c10-6759-487b-84e8-6054836a870e/element/00000000-0000-0464-ffff-ffff00000724/attribute/displayed] with no body
&amp#27;[38;5;32m[AndroidUiautomator2Driver@cb04 (a84025fa)]&amp#27;[0m Got response with status 200: {"sessionId":"e13e9c10-6759-487b-84e8-6054836a870e","value":"true"}
&amp#27;[38;5;32m[AndroidUiautomator2Driver@cb04 (a84025fa)]&amp#27;[0m Responding to client with driver.elementDisplayed() result: true
&amp#27;[38;5;0m[HTTP]&amp#27;[0m &amp#27;[37m<-- GET /session/a84025fa-87fd-4432-a89c-6e57f823ae73/element/00000000-0000-0464-ffff-ffff00000724/displayed &amp#27;[39m&amp#27;[32m200&amp#27;[39m &amp#27;[90m11 ms - 14&amp#27;[39m
&amp#27;[38;5;0m[HTTP]&amp#27;[0m &amp#27;[90m&amp#27;[39m
&amp#27;[38;5;0m[HTTP]&amp#27;[0m &amp#27;[37m-->&amp#27;[39m &amp#27;[37mGET&amp#27;[39m &amp#27;[37m/session/a84025fa-87fd-4432-a89c-6e57f823ae73/context&amp#27;[39m
&amp#27;[38;5;0m[HTTP]&amp#27;[0m &amp#27;[90m{}&amp#27;[39m
&amp#27;[38;5;32m[AndroidUiautomator2Driver@cb04 (a84025fa)]&amp#27;[0m Calling AppiumDriver.getCurrentContext() with args: ["a84025fa-87fd-4432-a89c-6e57f823ae73"]
&amp#27;[38;5;32m[AndroidUiautomator2Driver@cb04 (a84025fa)]&amp#27;[0m Responding to client with driver.getCurrentContext() result: "NATIVE_APP"
&amp#27;[38;5;0m[HTTP]&amp#27;[0m &amp#27;[37m<-- GET /session/a84025fa-87fd-4432-a89c-6e57f823ae73/context &amp#27;[39m&amp#27;[32m200&amp#27;[39m &amp#27;[90m1 ms - 22&amp#27;[39m
&amp#27;[38;5;0m[HTTP]&amp#27;[0m &amp#27;[90m&amp#27;[39m
&amp#27;[38;5;0m[HTTP]&amp#27;[0m &amp#27;[37m-->&amp#27;[39m &amp#27;[37mPOST&amp#27;[39m &amp#27;[37m/session/a84025fa-87fd-4432-a89c-6e57f823ae73/elements&amp#27;[39m
&amp#27;[38;5;0m[HTTP]&amp#27;[0m &amp#27;[90m{"value":"com.fivemobile.thescore:id/text_value","using":"id"}&amp#27;[39m
&amp#27;[38;5;32m[AndroidUiautomator2Driver@cb04 (a84025fa)]&amp#27;[0m Calling AppiumDriver.findElements() with args: ["id","com.fivemobile.thescore:id/text_value","a84025fa-87fd-4432-a89c-6e57f823ae73"]
&amp#27;[38;5;32m[AndroidUiautomator2Driver@cb04 (a84025fa)]&amp#27;[0m Valid locator strategies for this request: xpath, id, class name, accessibility id, css selector, -android uiautomator
&amp#27;[38;5;32m[AndroidUiautomator2Driver@cb04 (a84025fa)]&amp#27;[0m Waiting up to 10000 ms for condition
&amp#27;[38;5;32m[AndroidUiautomator2Driver@cb04 (a84025fa)]&amp#27;[0m Matched '/elements' to command name 'findElements'
&amp#27;[38;5;32m[AndroidUiautomator2Driver@cb04 (a84025fa)]&amp#27;[0m Proxying [POST /elements] to [POST http://127.0.0.1:8209/session/e13e9c10-6759-487b-84e8-6054836a870e/elements] with body: {"strategy":"id","selector":"com.fivemobile.thescore:id/text_value","context":"","multiple":true}
&amp#27;[38;5;32m[AndroidUiautomator2Driver@cb04 (a84025fa)]&amp#27;[0m Got response with status 200: {"sessionId":"e13e9c10-6759-487b-84e8-6054836a870e","value":[{"ELEMENT":"00000000-0000-0464-ffff-ffff000006f0","element-6066-11e4-a52e-4f735466cecf":"00000000-0000-0464-ffff-ffff000006f0"},{"ELEMENT":"00000000-0000-0464-ffff-ffff000006f6","element-6066-11e4-a52e-4f735466cecf":"00000000-0000-0464-ffff-ffff000006f6"},{"ELEMENT":"00000000-0000-0464-ffff-ffff000006fc","element-6066-11e4-a52e-4f735466cecf":"00000000-0000-0464-ffff-ffff000006fc"},{"ELEMENT":"00000000-0000-0464-ffff-ffff00000702","element-6066-11e4-a52e-4f735466cecf":"00000000-0000-0464-ffff-ffff00000702"},{"ELEMENT":"00000000-0000-0464-ffff-ffff00000708","element-6066-11e4-a52e-4f735466cecf":"00000000-0000-0464-ffff-ffff00000708"},{"ELEMENT":"00000000-0000-0464-ffff-ffff00000712","element-6066-11e4-a52e-4f735466cecf":"00000000-0000-0464-ffff-ffff00000712"},{"ELEMENT":"00000000-0000-0464-ffff-ffff00000718","element-6066-11e4-a52e-4f735466cecf":"00000000-0000-0464-ffff-ffff00000718"},{"ELEMENT":"00000000-0000-0464-ffff-ffff0000071e","element-6066-...
&amp#27;[38;5;32m[AndroidUiautomator2Driver@cb04 (a84025fa)]&amp#27;[0m Responding to client with driver.findElements() result: [{"element-6066-11e4-a52e-4f735466cecf":"00000000-0000-0464-ffff-ffff000006f0","ELEMENT":"00000000-0000-0464-ffff-ffff000006f0"},{"element-6066-11e4-a52e-4f735466cecf":"00000000-0000-0464-ffff-ffff000006f6","ELEMENT":"00000000-0000-0464-ffff-ffff000006f6"},{"element-6066-11e4-a52e-4f735466cecf":"00000000-0000-0464-ffff-ffff000006fc","ELEMENT":"00000000-0000-0464-ffff-ffff000006fc"},{"element-6066-11e4-a52e-4f735466cecf":"00000000-0000-0464-ffff-ffff00000702","ELEMENT":"00000000-0000-0464-ffff-ffff00000702"},{"element-6066-11e4-a52e-4f735466cecf":"00000000-0000-0464-ffff-ffff00000708","ELEMENT":"00000000-0000-0464-ffff-ffff00000708"},{"element-6066-11e4-a52e-4f735466cecf":"00000000-0000-0464-ffff-ffff00000712","ELEMENT":"00000000-0000-0464-ffff-ffff00000712"},{"element-6066-11e4-a52e-4f735466cecf":"00000000-0000-0464-ffff-ffff00000718","ELEMENT":"00000000-0000-0464-ffff-ffff00000718"},{"element-6066-11e4-a52e-4f735466cecf":"00000000-0000-0464-ffff-ffff0000071e","ELEMENT":"00000000-0000-0464-ffff-ffff0000071...
&amp#27;[38;5;0m[HTTP]&amp#27;[0m &amp#27;[37m<-- POST /session/a84025fa-87fd-4432-a89c-6e57f823ae73/elements &amp#27;[39m&amp#27;[32m200&amp#27;[39m &amp#27;[90m108 ms - 1291&amp#27;[39m
&amp#27;[38;5;0m[HTTP]&amp#27;[0m &amp#27;[90m&amp#27;[39m
&amp#27;[38;5;0m[HTTP]&amp#27;[0m &amp#27;[37m-->&amp#27;[39m &amp#27;[37mGET&amp#27;[39m &amp#27;[37m/session/a84025fa-87fd-4432-a89c-6e57f823ae73/context&amp#27;[39m
&amp#27;[38;5;0m[HTTP]&amp#27;[0m &amp#27;[90m{}&amp#27;[39m
&amp#27;[38;5;32m[AndroidUiautomator2Driver@cb04 (a84025fa)]&amp#27;[0m Calling AppiumDriver.getCurrentContext() with args: ["a84025fa-87fd-4432-a89c-6e57f823ae73"]
&amp#27;[38;5;32m[AndroidUiautomator2Driver@cb04 (a84025fa)]&amp#27;[0m Responding to client with driver.getCurrentContext() result: "NATIVE_APP"
&amp#27;[38;5;0m[HTTP]&amp#27;[0m &amp#27;[37m<-- GET /session/a84025fa-87fd-4432-a89c-6e57f823ae73/context &amp#27;[39m&amp#27;[32m200&amp#27;[39m &amp#27;[90m1 ms - 22&amp#27;[39m
&amp#27;[38;5;0m[HTTP]&amp#27;[0m &amp#27;[90m&amp#27;[39m
&amp#27;[38;5;0m[HTTP]&amp#27;[0m &amp#27;[37m-->&amp#27;[39m &amp#27;[37mPOST&amp#27;[39m &amp#27;[37m/session/a84025fa-87fd-4432-a89c-6e57f823ae73/elements&amp#27;[39m
&amp#27;[38;5;0m[HTTP]&amp#27;[0m &amp#27;[90m{"value":"com.fivemobile.thescore:id/text_value","using":"id"}&amp#27;[39m
&amp#27;[38;5;32m[AndroidUiautomator2Driver@cb04 (a84025fa)]&amp#27;[0m Calling AppiumDriver.findElements() with args: ["id","com.fivemobile.thescore:id/text_value","a84025fa-87fd-4432-a89c-6e57f823ae73"]
&amp#27;[38;5;32m[AndroidUiautomator2Driver@cb04 (a84025fa)]&amp#27;[0m Valid locator strategies for this request: xpath, id, class name, accessibility id, css selector, -android uiautomator
&amp#27;[38;5;32m[AndroidUiautomator2Driver@cb04 (a84025fa)]&amp#27;[0m Waiting up to 10000 ms for condition
&amp#27;[38;5;32m[AndroidUiautomator2Driver@cb04 (a84025fa)]&amp#27;[0m Matched '/elements' to command name 'findElements'
&amp#27;[38;5;32m[AndroidUiautomator2Driver@cb04 (a84025fa)]&amp#27;[0m Proxying [POST /elements] to [POST http://127.0.0.1:8209/session/e13e9c10-6759-487b-84e8-6054836a870e/elements] with body: {"strategy":"id","selector":"com.fivemobile.thescore:id/text_value","context":"","multiple":true}
&amp#27;[38;5;32m[AndroidUiautomator2Driver@cb04 (a84025fa)]&amp#27;[0m Got response with status 200: {"sessionId":"e13e9c10-6759-487b-84e8-6054836a870e","value":[{"ELEMENT":"00000000-0000-0464-ffff-ffff000006f0","element-6066-11e4-a52e-4f735466cecf":"00000000-0000-0464-ffff-ffff000006f0"},{"ELEMENT":"00000000-0000-0464-ffff-ffff000006f6","element-6066-11e4-a52e-4f735466cecf":"00000000-0000-0464-ffff-ffff000006f6"},{"ELEMENT":"00000000-0000-0464-ffff-ffff000006fc","element-6066-11e4-a52e-4f735466cecf":"00000000-0000-0464-ffff-ffff000006fc"},{"ELEMENT":"00000000-0000-0464-ffff-ffff00000702","element-6066-11e4-a52e-4f735466cecf":"00000000-0000-0464-ffff-ffff00000702"},{"ELEMENT":"00000000-0000-0464-ffff-ffff00000708","element-6066-11e4-a52e-4f735466cecf":"00000000-0000-0464-ffff-ffff00000708"},{"ELEMENT":"00000000-0000-0464-ffff-ffff00000712","element-6066-11e4-a52e-4f735466cecf":"00000000-0000-0464-ffff-ffff00000712"},{"ELEMENT":"00000000-0000-0464-ffff-ffff00000718","element-6066-11e4-a52e-4f735466cecf":"00000000-0000-0464-ffff-ffff00000718"},{"ELEMENT":"00000000-0000-0464-ffff-ffff0000071e","element-6066-...
&amp#27;[38;5;32m[AndroidUiautomator2Driver@cb04 (a84025fa)]&amp#27;[0m Responding to client with driver.findElements() result: [{"element-6066-11e4-a52e-4f735466cecf":"00000000-0000-0464-ffff-ffff000006f0","ELEMENT":"00000000-0000-0464-ffff-ffff000006f0"},{"element-6066-11e4-a52e-4f735466cecf":"00000000-0000-0464-ffff-ffff000006f6","ELEMENT":"00000000-0000-0464-ffff-ffff000006f6"},{"element-6066-11e4-a52e-4f735466cecf":"00000000-0000-0464-ffff-ffff000006fc","ELEMENT":"00000000-0000-0464-ffff-ffff000006fc"},{"element-6066-11e4-a52e-4f735466cecf":"00000000-0000-0464-ffff-ffff00000702","ELEMENT":"00000000-0000-0464-ffff-ffff00000702"},{"element-6066-11e4-a52e-4f735466cecf":"00000000-0000-0464-ffff-ffff00000708","ELEMENT":"00000000-0000-0464-ffff-ffff00000708"},{"element-6066-11e4-a52e-4f735466cecf":"00000000-0000-0464-ffff-ffff00000712","ELEMENT":"00000000-0000-0464-ffff-ffff00000712"},{"element-6066-11e4-a52e-4f735466cecf":"00000000-0000-0464-ffff-ffff00000718","ELEMENT":"00000000-0000-0464-ffff-ffff00000718"},{"element-6066-11e4-a52e-4f735466cecf":"00000000-0000-0464-ffff-ffff0000071e","ELEMENT":"00000000-0000-0464-ffff-ffff0000071...
&amp#27;[38;5;0m[HTTP]&amp#27;[0m &amp#27;[37m<-- POST /session/a84025fa-87fd-4432-a89c-6e57f823ae73/elements &amp#27;[39m&amp#27;[32m200&amp#27;[39m &amp#27;[90m107 ms - 1291&amp#27;[39m
&amp#27;[38;5;0m[HTTP]&amp#27;[0m &amp#27;[90m&amp#27;[39m
&amp#27;[38;5;0m[HTTP]&amp#27;[0m &amp#27;[37m-->&amp#27;[39m &amp#27;[37mGET&amp#27;[39m &amp#27;[37m/session/a84025fa-87fd-4432-a89c-6e57f823ae73/element/00000000-0000-0464-ffff-ffff0000072a/displayed&amp#27;[39m
&amp#27;[38;5;0m[HTTP]&amp#27;[0m &amp#27;[90m{}&amp#27;[39m
&amp#27;[38;5;32m[AndroidUiautomator2Driver@cb04 (a84025fa)]&amp#27;[0m Calling AppiumDriver.elementDisplayed() with args: ["00000000-0000-0464-ffff-ffff0000072a","a84025fa-87fd-4432-a89c-6e57f823ae73"]
&amp#27;[38;5;32m[AndroidUiautomator2Driver@cb04 (a84025fa)]&amp#27;[0m Matched '/element/00000000-0000-0464-ffff-ffff0000072a/attribute/displayed' to command name 'getAttribute'
&amp#27;[38;5;32m[AndroidUiautomator2Driver@cb04 (a84025fa)]&amp#27;[0m Proxying [GET /element/00000000-0000-0464-ffff-ffff0000072a/attribute/displayed] to [GET http://127.0.0.1:8209/session/e13e9c10-6759-487b-84e8-6054836a870e/element/00000000-0000-0464-ffff-ffff0000072a/attribute/displayed] with no body
&amp#27;[38;5;32m[AndroidUiautomator2Driver@cb04 (a84025fa)]&amp#27;[0m Got response with status 200: {"sessionId":"e13e9c10-6759-487b-84e8-6054836a870e","value":"true"}
&amp#27;[38;5;32m[AndroidUiautomator2Driver@cb04 (a84025fa)]&amp#27;[0m Responding to client with driver.elementDisplayed() result: true
&amp#27;[38;5;0m[HTTP]&amp#27;[0m &amp#27;[37m<-- GET /session/a84025fa-87fd-4432-a89c-6e57f823ae73/element/00000000-0000-0464-ffff-ffff0000072a/displayed &amp#27;[39m&amp#27;[32m200&amp#27;[39m &amp#27;[90m13 ms - 14&amp#27;[39m
&amp#27;[38;5;0m[HTTP]&amp#27;[0m &amp#27;[90m&amp#27;[39m
&amp#27;[38;5;0m[HTTP]&amp#27;[0m &amp#27;[37m-->&amp#27;[39m &amp#27;[37mGET&amp#27;[39m &amp#27;[37m/session/a84025fa-87fd-4432-a89c-6e57f823ae73/context&amp#27;[39m
&amp#27;[38;5;0m[HTTP]&amp#27;[0m &amp#27;[90m{}&amp#27;[39m
&amp#27;[38;5;32m[AndroidUiautomator2Driver@cb04 (a84025fa)]&amp#27;[0m Calling AppiumDriver.getCurrentContext() with args: ["a84025fa-87fd-4432-a89c-6e57f823ae73"]
&amp#27;[38;5;32m[AndroidUiautomator2Driver@cb04 (a84025fa)]&amp#27;[0m Responding to client with driver.getCurrentContext() result: "NATIVE_APP"
&amp#27;[38;5;0m[HTTP]&amp#27;[0m &amp#27;[37m<-- GET /session/a84025fa-87fd-4432-a89c-6e57f823ae73/context &amp#27;[39m&amp#27;[32m200&amp#27;[39m &amp#27;[90m1 ms - 22&amp#27;[39m
&amp#27;[38;5;0m[HTTP]&amp#27;[0m &amp#27;[90m&amp#27;[39m
&amp#27;[38;5;0m[HTTP]&amp#27;[0m &amp#27;[37m-->&amp#27;[39m &amp#27;[37mPOST&amp#27;[39m &amp#27;[37m/session/a84025fa-87fd-4432-a89c-6e57f823ae73/elements&amp#27;[39m
&amp#27;[38;5;0m[HTTP]&amp#27;[0m &amp#27;[90m{"value":"com.fivemobile.thescore:id/text_value","using":"id"}&amp#27;[39m
&amp#27;[38;5;32m[AndroidUiautomator2Driver@cb04 (a84025fa)]&amp#27;[0m Calling AppiumDriver.findElements() with args: ["id","com.fivemobile.thescore:id/text_value","a84025fa-87fd-4432-a89c-6e57f823ae73"]
&amp#27;[38;5;32m[AndroidUiautomator2Driver@cb04 (a84025fa)]&amp#27;[0m Valid locator strategies for this request: xpath, id, class name, accessibility id, css selector, -android uiautomator
&amp#27;[38;5;32m[AndroidUiautomator2Driver@cb04 (a84025fa)]&amp#27;[0m Waiting up to 10000 ms for condition
&amp#27;[38;5;32m[AndroidUiautomator2Driver@cb04 (a84025fa)]&amp#27;[0m Matched '/elements' to command name 'findElements'
&amp#27;[38;5;32m[AndroidUiautomator2Driver@cb04 (a84025fa)]&amp#27;[0m Proxying [POST /elements] to [POST http://127.0.0.1:8209/session/e13e9c10-6759-487b-84e8-6054836a870e/elements] with body: {"strategy":"id","selector":"com.fivemobile.thescore:id/text_value","context":"","multiple":true}
&amp#27;[38;5;32m[AndroidUiautomator2Driver@cb04 (a84025fa)]&amp#27;[0m Got response with status 200: {"sessionId":"e13e9c10-6759-487b-84e8-6054836a870e","value":[{"ELEMENT":"00000000-0000-0464-ffff-ffff000006f0","element-6066-11e4-a52e-4f735466cecf":"00000000-0000-0464-ffff-ffff000006f0"},{"ELEMENT":"00000000-0000-0464-ffff-ffff000006f6","element-6066-11e4-a52e-4f735466cecf":"00000000-0000-0464-ffff-ffff000006f6"},{"ELEMENT":"00000000-0000-0464-ffff-ffff000006fc","element-6066-11e4-a52e-4f735466cecf":"00000000-0000-0464-ffff-ffff000006fc"},{"ELEMENT":"00000000-0000-0464-ffff-ffff00000702","element-6066-11e4-a52e-4f735466cecf":"00000000-0000-0464-ffff-ffff00000702"},{"ELEMENT":"00000000-0000-0464-ffff-ffff00000708","element-6066-11e4-a52e-4f735466cecf":"00000000-0000-0464-ffff-ffff00000708"},{"ELEMENT":"00000000-0000-0464-ffff-ffff00000712","element-6066-11e4-a52e-4f735466cecf":"00000000-0000-0464-ffff-ffff00000712"},{"ELEMENT":"00000000-0000-0464-ffff-ffff00000718","element-6066-11e4-a52e-4f735466cecf":"00000000-0000-0464-ffff-ffff00000718"},{"ELEMENT":"00000000-0000-0464-ffff-ffff0000071e","element-6066-...
&amp#27;[38;5;32m[AndroidUiautomator2Driver@cb04 (a84025fa)]&amp#27;[0m Responding to client with driver.findElements() result: [{"element-6066-11e4-a52e-4f735466cecf":"00000000-0000-0464-ffff-ffff000006f0","ELEMENT":"00000000-0000-0464-ffff-ffff000006f0"},{"element-6066-11e4-a52e-4f735466cecf":"00000000-0000-0464-ffff-ffff000006f6","ELEMENT":"00000000-0000-0464-ffff-ffff000006f6"},{"element-6066-11e4-a52e-4f735466cecf":"00000000-0000-0464-ffff-ffff000006fc","ELEMENT":"00000000-0000-0464-ffff-ffff000006fc"},{"element-6066-11e4-a52e-4f735466cecf":"00000000-0000-0464-ffff-ffff00000702","ELEMENT":"00000000-0000-0464-ffff-ffff00000702"},{"element-6066-11e4-a52e-4f735466cecf":"00000000-0000-0464-ffff-ffff00000708","ELEMENT":"00000000-0000-0464-ffff-ffff00000708"},{"element-6066-11e4-a52e-4f735466cecf":"00000000-0000-0464-ffff-ffff00000712","ELEMENT":"00000000-0000-0464-ffff-ffff00000712"},{"element-6066-11e4-a52e-4f735466cecf":"00000000-0000-0464-ffff-ffff00000718","ELEMENT":"00000000-0000-0464-ffff-ffff00000718"},{"element-6066-11e4-a52e-4f735466cecf":"00000000-0000-0464-ffff-ffff0000071e","ELEMENT":"00000000-0000-0464-ffff-ffff0000071...
&amp#27;[38;5;0m[HTTP]&amp#27;[0m &amp#27;[37m<-- POST /session/a84025fa-87fd-4432-a89c-6e57f823ae73/elements &amp#27;[39m&amp#27;[32m200&amp#27;[39m &amp#27;[90m117 ms - 1291&amp#27;[39m
&amp#27;[38;5;0m[HTTP]&amp#27;[0m &amp#27;[90m&amp#27;[39m
&amp#27;[38;5;0m[HTTP]&amp#27;[0m &amp#27;[37m-->&amp#27;[39m &amp#27;[37mGET&amp#27;[39m &amp#27;[37m/session/a84025fa-87fd-4432-a89c-6e57f823ae73/context&amp#27;[39m
&amp#27;[38;5;0m[HTTP]&amp#27;[0m &amp#27;[90m{}&amp#27;[39m
&amp#27;[38;5;32m[AndroidUiautomator2Driver@cb04 (a84025fa)]&amp#27;[0m Calling AppiumDriver.getCurrentContext() with args: ["a84025fa-87fd-4432-a89c-6e57f823ae73"]
&amp#27;[38;5;32m[AndroidUiautomator2Driver@cb04 (a84025fa)]&amp#27;[0m Responding to client with driver.getCurrentContext() result: "NATIVE_APP"
&amp#27;[38;5;0m[HTTP]&amp#27;[0m &amp#27;[37m<-- GET /session/a84025fa-87fd-4432-a89c-6e57f823ae73/context &amp#27;[39m&amp#27;[32m200&amp#27;[39m &amp#27;[90m0 ms - 22&amp#27;[39m
&amp#27;[38;5;0m[HTTP]&amp#27;[0m &amp#27;[90m&amp#27;[39m
&amp#27;[38;5;0m[HTTP]&amp#27;[0m &amp#27;[37m-->&amp#27;[39m &amp#27;[37mPOST&amp#27;[39m &amp#27;[37m/session/a84025fa-87fd-4432-a89c-6e57f823ae73/elements&amp#27;[39m
&amp#27;[38;5;0m[HTTP]&amp#27;[0m &amp#27;[90m{"value":"com.fivemobile.thescore:id/text_formatted_rank","using":"id"}&amp#27;[39m
&amp#27;[38;5;32m[AndroidUiautomator2Driver@cb04 (a84025fa)]&amp#27;[0m Calling AppiumDriver.findElements() with args: ["id","com.fivemobile.thescore:id/text_formatted_rank","a84025fa-87fd-4432-a89c-6e57f823ae73"]
&amp#27;[38;5;32m[AndroidUiautomator2Driver@cb04 (a84025fa)]&amp#27;[0m Valid locator strategies for this request: xpath, id, class name, accessibility id, css selector, -android uiautomator
&amp#27;[38;5;32m[AndroidUiautomator2Driver@cb04 (a84025fa)]&amp#27;[0m Waiting up to 10000 ms for condition
&amp#27;[38;5;32m[AndroidUiautomator2Driver@cb04 (a84025fa)]&amp#27;[0m Matched '/elements' to command name 'findElements'
&amp#27;[38;5;32m[AndroidUiautomator2Driver@cb04 (a84025fa)]&amp#27;[0m Proxying [POST /elements] to [POST http://127.0.0.1:8209/session/e13e9c10-6759-487b-84e8-6054836a870e/elements] with body: {"strategy":"id","selector":"com.fivemobile.thescore:id/text_formatted_rank","context":"","multiple":true}
&amp#27;[38;5;32m[AndroidUiautomator2Driver@cb04 (a84025fa)]&amp#27;[0m Got response with status 200: {"sessionId":"e13e9c10-6759-487b-84e8-6054836a870e","value":[{"ELEMENT":"00000000-0000-0464-ffff-ffff000006f1","element-6066-11e4-a52e-4f735466cecf":"00000000-0000-0464-ffff-ffff000006f1"},{"ELEMENT":"00000000-0000-0464-ffff-ffff000006f7","element-6066-11e4-a52e-4f735466cecf":"00000000-0000-0464-ffff-ffff000006f7"},{"ELEMENT":"00000000-0000-0464-ffff-ffff000006fd","element-6066-11e4-a52e-4f735466cecf":"00000000-0000-0464-ffff-ffff000006fd"},{"ELEMENT":"00000000-0000-0464-ffff-ffff00000703","element-6066-11e4-a52e-4f735466cecf":"00000000-0000-0464-ffff-ffff00000703"},{"ELEMENT":"00000000-0000-0464-ffff-ffff00000709","element-6066-11e4-a52e-4f735466cecf":"00000000-0000-0464-ffff-ffff00000709"},{"ELEMENT":"00000000-0000-0464-ffff-ffff00000713","element-6066-11e4-a52e-4f735466cecf":"00000000-0000-0464-ffff-ffff00000713"},{"ELEMENT":"00000000-0000-0464-ffff-ffff00000719","element-6066-11e4-a52e-4f735466cecf":"00000000-0000-0464-ffff-ffff00000719"},{"ELEMENT":"00000000-0000-0464-ffff-ffff0000071f","element-6066-...
&amp#27;[38;5;32m[AndroidUiautomator2Driver@cb04 (a84025fa)]&amp#27;[0m Responding to client with driver.findElements() result: [{"element-6066-11e4-a52e-4f735466cecf":"00000000-0000-0464-ffff-ffff000006f1","ELEMENT":"00000000-0000-0464-ffff-ffff000006f1"},{"element-6066-11e4-a52e-4f735466cecf":"00000000-0000-0464-ffff-ffff000006f7","ELEMENT":"00000000-0000-0464-ffff-ffff000006f7"},{"element-6066-11e4-a52e-4f735466cecf":"00000000-0000-0464-ffff-ffff000006fd","ELEMENT":"00000000-0000-0464-ffff-ffff000006fd"},{"element-6066-11e4-a52e-4f735466cecf":"00000000-0000-0464-ffff-ffff00000703","ELEMENT":"00000000-0000-0464-ffff-ffff00000703"},{"element-6066-11e4-a52e-4f735466cecf":"00000000-0000-0464-ffff-ffff00000709","ELEMENT":"00000000-0000-0464-ffff-ffff00000709"},{"element-6066-11e4-a52e-4f735466cecf":"00000000-0000-0464-ffff-ffff00000713","ELEMENT":"00000000-0000-0464-ffff-ffff00000713"},{"element-6066-11e4-a52e-4f735466cecf":"00000000-0000-0464-ffff-ffff00000719","ELEMENT":"00000000-0000-0464-ffff-ffff00000719"},{"element-6066-11e4-a52e-4f735466cecf":"00000000-0000-0464-ffff-ffff0000071f","ELEMENT":"00000000-0000-0464-ffff-ffff0000071...
&amp#27;[38;5;0m[HTTP]&amp#27;[0m &amp#27;[37m<-- POST /session/a84025fa-87fd-4432-a89c-6e57f823ae73/elements &amp#27;[39m&amp#27;[32m200&amp#27;[39m &amp#27;[90m112 ms - 1291&amp#27;[39m
&amp#27;[38;5;0m[HTTP]&amp#27;[0m &amp#27;[90m&amp#27;[39m
&amp#27;[38;5;0m[HTTP]&amp#27;[0m &amp#27;[37m-->&amp#27;[39m &amp#27;[37mGET&amp#27;[39m &amp#27;[37m/session/a84025fa-87fd-4432-a89c-6e57f823ae73/context&amp#27;[39m
&amp#27;[38;5;0m[HTTP]&amp#27;[0m &amp#27;[90m{}&amp#27;[39m
&amp#27;[38;5;32m[AndroidUiautomator2Driver@cb04 (a84025fa)]&amp#27;[0m Calling AppiumDriver.getCurrentContext() with args: ["a84025fa-87fd-4432-a89c-6e57f823ae73"]
&amp#27;[38;5;32m[AndroidUiautomator2Driver@cb04 (a84025fa)]&amp#27;[0m Responding to client with driver.getCurrentContext() result: "NATIVE_APP"
&amp#27;[38;5;0m[HTTP]&amp#27;[0m &amp#27;[37m<-- GET /session/a84025fa-87fd-4432-a89c-6e57f823ae73/context &amp#27;[39m&amp#27;[32m200&amp#27;[39m &amp#27;[90m0 ms - 22&amp#27;[39m
&amp#27;[38;5;0m[HTTP]&amp#27;[0m &amp#27;[90m&amp#27;[39m
&amp#27;[38;5;0m[HTTP]&amp#27;[0m &amp#27;[37m-->&amp#27;[39m &amp#27;[37mPOST&amp#27;[39m &amp#27;[37m/session/a84025fa-87fd-4432-a89c-6e57f823ae73/elements&amp#27;[39m
&amp#27;[38;5;0m[HTTP]&amp#27;[0m &amp#27;[90m{"value":"com.fivemobile.thescore:id/text_formatted_rank","using":"id"}&amp#27;[39m
&amp#27;[38;5;32m[AndroidUiautomator2Driver@cb04 (a84025fa)]&amp#27;[0m Calling AppiumDriver.findElements() with args: ["id","com.fivemobile.thescore:id/text_formatted_rank","a84025fa-87fd-4432-a89c-6e57f823ae73"]
&amp#27;[38;5;32m[AndroidUiautomator2Driver@cb04 (a84025fa)]&amp#27;[0m Valid locator strategies for this request: xpath, id, class name, accessibility id, css selector, -android uiautomator
&amp#27;[38;5;32m[AndroidUiautomator2Driver@cb04 (a84025fa)]&amp#27;[0m Waiting up to 10000 ms for condition
&amp#27;[38;5;32m[AndroidUiautomator2Driver@cb04 (a84025fa)]&amp#27;[0m Matched '/elements' to command name 'findElements'
&amp#27;[38;5;32m[AndroidUiautomator2Driver@cb04 (a84025fa)]&amp#27;[0m Proxying [POST /elements] to [POST http://127.0.0.1:8209/session/e13e9c10-6759-487b-84e8-6054836a870e/elements] with body: {"strategy":"id","selector":"com.fivemobile.thescore:id/text_formatted_rank","context":"","multiple":true}
&amp#27;[38;5;32m[AndroidUiautomator2Driver@cb04 (a84025fa)]&amp#27;[0m Got response with status 200: {"sessionId":"e13e9c10-6759-487b-84e8-6054836a870e","value":[{"ELEMENT":"00000000-0000-0464-ffff-ffff000006f1","element-6066-11e4-a52e-4f735466cecf":"00000000-0000-0464-ffff-ffff000006f1"},{"ELEMENT":"00000000-0000-0464-ffff-ffff000006f7","element-6066-11e4-a52e-4f735466cecf":"00000000-0000-0464-ffff-ffff000006f7"},{"ELEMENT":"00000000-0000-0464-ffff-ffff000006fd","element-6066-11e4-a52e-4f735466cecf":"00000000-0000-0464-ffff-ffff000006fd"},{"ELEMENT":"00000000-0000-0464-ffff-ffff00000703","element-6066-11e4-a52e-4f735466cecf":"00000000-0000-0464-ffff-ffff00000703"},{"ELEMENT":"00000000-0000-0464-ffff-ffff00000709","element-6066-11e4-a52e-4f735466cecf":"00000000-0000-0464-ffff-ffff00000709"},{"ELEMENT":"00000000-0000-0464-ffff-ffff00000713","element-6066-11e4-a52e-4f735466cecf":"00000000-0000-0464-ffff-ffff00000713"},{"ELEMENT":"00000000-0000-0464-ffff-ffff00000719","element-6066-11e4-a52e-4f735466cecf":"00000000-0000-0464-ffff-ffff00000719"},{"ELEMENT":"00000000-0000-0464-ffff-ffff0000071f","element-6066-...
&amp#27;[38;5;32m[AndroidUiautomator2Driver@cb04 (a84025fa)]&amp#27;[0m Responding to client with driver.findElements() result: [{"element-6066-11e4-a52e-4f735466cecf":"00000000-0000-0464-ffff-ffff000006f1","ELEMENT":"00000000-0000-0464-ffff-ffff000006f1"},{"element-6066-11e4-a52e-4f735466cecf":"00000000-0000-0464-ffff-ffff000006f7","ELEMENT":"00000000-0000-0464-ffff-ffff000006f7"},{"element-6066-11e4-a52e-4f735466cecf":"00000000-0000-0464-ffff-ffff000006fd","ELEMENT":"00000000-0000-0464-ffff-ffff000006fd"},{"element-6066-11e4-a52e-4f735466cecf":"00000000-0000-0464-ffff-ffff00000703","ELEMENT":"00000000-0000-0464-ffff-ffff00000703"},{"element-6066-11e4-a52e-4f735466cecf":"00000000-0000-0464-ffff-ffff00000709","ELEMENT":"00000000-0000-0464-ffff-ffff00000709"},{"element-6066-11e4-a52e-4f735466cecf":"00000000-0000-0464-ffff-ffff00000713","ELEMENT":"00000000-0000-0464-ffff-ffff00000713"},{"element-6066-11e4-a52e-4f735466cecf":"00000000-0000-0464-ffff-ffff00000719","ELEMENT":"00000000-0000-0464-ffff-ffff00000719"},{"element-6066-11e4-a52e-4f735466cecf":"00000000-0000-0464-ffff-ffff0000071f","ELEMENT":"00000000-0000-0464-ffff-ffff0000071...
&amp#27;[38;5;0m[HTTP]&amp#27;[0m &amp#27;[37m<-- POST /session/a84025fa-87fd-4432-a89c-6e57f823ae73/elements &amp#27;[39m&amp#27;[32m200&amp#27;[39m &amp#27;[90m113 ms - 1291&amp#27;[39m
&amp#27;[38;5;0m[HTTP]&amp#27;[0m &amp#27;[90m&amp#27;[39m
&amp#27;[38;5;0m[HTTP]&amp#27;[0m &amp#27;[37m-->&amp#27;[39m &amp#27;[37mGET&amp#27;[39m &amp#27;[37m/session/a84025fa-87fd-4432-a89c-6e57f823ae73/element/00000000-0000-0464-ffff-ffff000006f1/displayed&amp#27;[39m
&amp#27;[38;5;0m[HTTP]&amp#27;[0m &amp#27;[90m{}&amp#27;[39m
&amp#27;[38;5;32m[AndroidUiautomator2Driver@cb04 (a84025fa)]&amp#27;[0m Calling AppiumDriver.elementDisplayed() with args: ["00000000-0000-0464-ffff-ffff000006f1","a84025fa-87fd-4432-a89c-6e57f823ae73"]
&amp#27;[38;5;32m[AndroidUiautomator2Driver@cb04 (a84025fa)]&amp#27;[0m Matched '/element/00000000-0000-0464-ffff-ffff000006f1/attribute/displayed' to command name 'getAttribute'
&amp#27;[38;5;32m[AndroidUiautomator2Driver@cb04 (a84025fa)]&amp#27;[0m Proxying [GET /element/00000000-0000-0464-ffff-ffff000006f1/attribute/displayed] to [GET http://127.0.0.1:8209/session/e13e9c10-6759-487b-84e8-6054836a870e/element/00000000-0000-0464-ffff-ffff000006f1/attribute/displayed] with no body
&amp#27;[38;5;32m[AndroidUiautomator2Driver@cb04 (a84025fa)]&amp#27;[0m Got response with status 200: {"sessionId":"e13e9c10-6759-487b-84e8-6054836a870e","value":"true"}
&amp#27;[38;5;32m[AndroidUiautomator2Driver@cb04 (a84025fa)]&amp#27;[0m Responding to client with driver.elementDisplayed() result: true
&amp#27;[38;5;0m[HTTP]&amp#27;[0m &amp#27;[37m<-- GET /session/a84025fa-87fd-4432-a89c-6e57f823ae73/element/00000000-0000-0464-ffff-ffff000006f1/displayed &amp#27;[39m&amp#27;[32m200&amp#27;[39m &amp#27;[90m15 ms - 14&amp#27;[39m
&amp#27;[38;5;0m[HTTP]&amp#27;[0m &amp#27;[90m&amp#27;[39m
&amp#27;[38;5;0m[HTTP]&amp#27;[0m &amp#27;[37m-->&amp#27;[39m &amp#27;[37mGET&amp#27;[39m &amp#27;[37m/session/a84025fa-87fd-4432-a89c-6e57f823ae73/context&amp#27;[39m
&amp#27;[38;5;0m[HTTP]&amp#27;[0m &amp#27;[90m{}&amp#27;[39m
&amp#27;[38;5;32m[AndroidUiautomator2Driver@cb04 (a84025fa)]&amp#27;[0m Calling AppiumDriver.getCurrentContext() with args: ["a84025fa-87fd-4432-a89c-6e57f823ae73"]
&amp#27;[38;5;32m[AndroidUiautomator2Driver@cb04 (a84025fa)]&amp#27;[0m Responding to client with driver.getCurrentContext() result: "NATIVE_APP"
&amp#27;[38;5;0m[HTTP]&amp#27;[0m &amp#27;[37m<-- GET /session/a84025fa-87fd-4432-a89c-6e57f823ae73/context &amp#27;[39m&amp#27;[32m200&amp#27;[39m &amp#27;[90m1 ms - 22&amp#27;[39m
&amp#27;[38;5;0m[HTTP]&amp#27;[0m &amp#27;[90m&amp#27;[39m
&amp#27;[38;5;0m[HTTP]&amp#27;[0m &amp#27;[37m-->&amp#27;[39m &amp#27;[37mPOST&amp#27;[39m &amp#27;[37m/session/a84025fa-87fd-4432-a89c-6e57f823ae73/elements&amp#27;[39m
&amp#27;[38;5;0m[HTTP]&amp#27;[0m &amp#27;[90m{"value":"com.fivemobile.thescore:id/text_formatted_rank","using":"id"}&amp#27;[39m
&amp#27;[38;5;32m[AndroidUiautomator2Driver@cb04 (a84025fa)]&amp#27;[0m Calling AppiumDriver.findElements() with args: ["id","com.fivemobile.thescore:id/text_formatted_rank","a84025fa-87fd-4432-a89c-6e57f823ae73"]
&amp#27;[38;5;32m[AndroidUiautomator2Driver@cb04 (a84025fa)]&amp#27;[0m Valid locator strategies for this request: xpath, id, class name, accessibility id, css selector, -android uiautomator
&amp#27;[38;5;32m[AndroidUiautomator2Driver@cb04 (a84025fa)]&amp#27;[0m Waiting up to 10000 ms for condition
&amp#27;[38;5;32m[AndroidUiautomator2Driver@cb04 (a84025fa)]&amp#27;[0m Matched '/elements' to command name 'findElements'
&amp#27;[38;5;32m[AndroidUiautomator2Driver@cb04 (a84025fa)]&amp#27;[0m Proxying [POST /elements] to [POST http://127.0.0.1:8209/session/e13e9c10-6759-487b-84e8-6054836a870e/elements] with body: {"strategy":"id","selector":"com.fivemobile.thescore:id/text_formatted_rank","context":"","multiple":true}
&amp#27;[38;5;32m[AndroidUiautomator2Driver@cb04 (a84025fa)]&amp#27;[0m Got response with status 200: {"sessionId":"e13e9c10-6759-487b-84e8-6054836a870e","value":[{"ELEMENT":"00000000-0000-0464-ffff-ffff000006f1","element-6066-11e4-a52e-4f735466cecf":"00000000-0000-0464-ffff-ffff000006f1"},{"ELEMENT":"00000000-0000-0464-ffff-ffff000006f7","element-6066-11e4-a52e-4f735466cecf":"00000000-0000-0464-ffff-ffff000006f7"},{"ELEMENT":"00000000-0000-0464-ffff-ffff000006fd","element-6066-11e4-a52e-4f735466cecf":"00000000-0000-0464-ffff-ffff000006fd"},{"ELEMENT":"00000000-0000-0464-ffff-ffff00000703","element-6066-11e4-a52e-4f735466cecf":"00000000-0000-0464-ffff-ffff00000703"},{"ELEMENT":"00000000-0000-0464-ffff-ffff00000709","element-6066-11e4-a52e-4f735466cecf":"00000000-0000-0464-ffff-ffff00000709"},{"ELEMENT":"00000000-0000-0464-ffff-ffff00000713","element-6066-11e4-a52e-4f735466cecf":"00000000-0000-0464-ffff-ffff00000713"},{"ELEMENT":"00000000-0000-0464-ffff-ffff00000719","element-6066-11e4-a52e-4f735466cecf":"00000000-0000-0464-ffff-ffff00000719"},{"ELEMENT":"00000000-0000-0464-ffff-ffff0000071f","element-6066-...
&amp#27;[38;5;32m[AndroidUiautomator2Driver@cb04 (a84025fa)]&amp#27;[0m Responding to client with driver.findElements() result: [{"element-6066-11e4-a52e-4f735466cecf":"00000000-0000-0464-ffff-ffff000006f1","ELEMENT":"00000000-0000-0464-ffff-ffff000006f1"},{"element-6066-11e4-a52e-4f735466cecf":"00000000-0000-0464-ffff-ffff000006f7","ELEMENT":"00000000-0000-0464-ffff-ffff000006f7"},{"element-6066-11e4-a52e-4f735466cecf":"00000000-0000-0464-ffff-ffff000006fd","ELEMENT":"00000000-0000-0464-ffff-ffff000006fd"},{"element-6066-11e4-a52e-4f735466cecf":"00000000-0000-0464-ffff-ffff00000703","ELEMENT":"00000000-0000-0464-ffff-ffff00000703"},{"element-6066-11e4-a52e-4f735466cecf":"00000000-0000-0464-ffff-ffff00000709","ELEMENT":"00000000-0000-0464-ffff-ffff00000709"},{"element-6066-11e4-a52e-4f735466cecf":"00000000-0000-0464-ffff-ffff00000713","ELEMENT":"00000000-0000-0464-ffff-ffff00000713"},{"element-6066-11e4-a52e-4f735466cecf":"00000000-0000-0464-ffff-ffff00000719","ELEMENT":"00000000-0000-0464-ffff-ffff00000719"},{"element-6066-11e4-a52e-4f735466cecf":"00000000-0000-0464-ffff-ffff0000071f","ELEMENT":"00000000-0000-0464-ffff-ffff0000071...
&amp#27;[38;5;0m[HTTP]&amp#27;[0m &amp#27;[37m<-- POST /session/a84025fa-87fd-4432-a89c-6e57f823ae73/elements &amp#27;[39m&amp#27;[32m200&amp#27;[39m &amp#27;[90m104 ms - 1291&amp#27;[39m
&amp#27;[38;5;0m[HTTP]&amp#27;[0m &amp#27;[90m&amp#27;[39m
&amp#27;[38;5;0m[HTTP]&amp#27;[0m &amp#27;[37m-->&amp#27;[39m &amp#27;[37mGET&amp#27;[39m &amp#27;[37m/session/a84025fa-87fd-4432-a89c-6e57f823ae73/context&amp#27;[39m
&amp#27;[38;5;0m[HTTP]&amp#27;[0m &amp#27;[90m{}&amp#27;[39m
&amp#27;[38;5;32m[AndroidUiautomator2Driver@cb04 (a84025fa)]&amp#27;[0m Calling AppiumDriver.getCurrentContext() with args: ["a84025fa-87fd-4432-a89c-6e57f823ae73"]
&amp#27;[38;5;32m[AndroidUiautomator2Driver@cb04 (a84025fa)]&amp#27;[0m Responding to client with driver.getCurrentContext() result: "NATIVE_APP"
&amp#27;[38;5;0m[HTTP]&amp#27;[0m &amp#27;[37m<-- GET /session/a84025fa-87fd-4432-a89c-6e57f823ae73/context &amp#27;[39m&amp#27;[32m200&amp#27;[39m &amp#27;[90m1 ms - 22&amp#27;[39m
&amp#27;[38;5;0m[HTTP]&amp#27;[0m &amp#27;[90m&amp#27;[39m
&amp#27;[38;5;0m[HTTP]&amp#27;[0m &amp#27;[37m-->&amp#27;[39m &amp#27;[37mPOST&amp#27;[39m &amp#27;[37m/session/a84025fa-87fd-4432-a89c-6e57f823ae73/elements&amp#27;[39m
&amp#27;[38;5;0m[HTTP]&amp#27;[0m &amp#27;[90m{"value":"com.fivemobile.thescore:id/text_formatted_rank","using":"id"}&amp#27;[39m
&amp#27;[38;5;32m[AndroidUiautomator2Driver@cb04 (a84025fa)]&amp#27;[0m Calling AppiumDriver.findElements() with args: ["id","com.fivemobile.thescore:id/text_formatted_rank","a84025fa-87fd-4432-a89c-6e57f823ae73"]
&amp#27;[38;5;32m[AndroidUiautomator2Driver@cb04 (a84025fa)]&amp#27;[0m Valid locator strategies for this request: xpath, id, class name, accessibility id, css selector, -android uiautomator
&amp#27;[38;5;32m[AndroidUiautomator2Driver@cb04 (a84025fa)]&amp#27;[0m Waiting up to 10000 ms for condition
&amp#27;[38;5;32m[AndroidUiautomator2Driver@cb04 (a84025fa)]&amp#27;[0m Matched '/elements' to command name 'findElements'
&amp#27;[38;5;32m[AndroidUiautomator2Driver@cb04 (a84025fa)]&amp#27;[0m Proxying [POST /elements] to [POST http://127.0.0.1:8209/session/e13e9c10-6759-487b-84e8-6054836a870e/elements] with body: {"strategy":"id","selector":"com.fivemobile.thescore:id/text_formatted_rank","context":"","multiple":true}
&amp#27;[38;5;32m[AndroidUiautomator2Driver@cb04 (a84025fa)]&amp#27;[0m Got response with status 200: {"sessionId":"e13e9c10-6759-487b-84e8-6054836a870e","value":[{"ELEMENT":"00000000-0000-0464-ffff-ffff000006f1","element-6066-11e4-a52e-4f735466cecf":"00000000-0000-0464-ffff-ffff000006f1"},{"ELEMENT":"00000000-0000-0464-ffff-ffff000006f7","element-6066-11e4-a52e-4f735466cecf":"00000000-0000-0464-ffff-ffff000006f7"},{"ELEMENT":"00000000-0000-0464-ffff-ffff000006fd","element-6066-11e4-a52e-4f735466cecf":"00000000-0000-0464-ffff-ffff000006fd"},{"ELEMENT":"00000000-0000-0464-ffff-ffff00000703","element-6066-11e4-a52e-4f735466cecf":"00000000-0000-0464-ffff-ffff00000703"},{"ELEMENT":"00000000-0000-0464-ffff-ffff00000709","element-6066-11e4-a52e-4f735466cecf":"00000000-0000-0464-ffff-ffff00000709"},{"ELEMENT":"00000000-0000-0464-ffff-ffff00000713","element-6066-11e4-a52e-4f735466cecf":"00000000-0000-0464-ffff-ffff00000713"},{"ELEMENT":"00000000-0000-0464-ffff-ffff00000719","element-6066-11e4-a52e-4f735466cecf":"00000000-0000-0464-ffff-ffff00000719"},{"ELEMENT":"00000000-0000-0464-ffff-ffff0000071f","element-6066-...
&amp#27;[38;5;32m[AndroidUiautomator2Driver@cb04 (a84025fa)]&amp#27;[0m Responding to client with driver.findElements() result: [{"element-6066-11e4-a52e-4f735466cecf":"00000000-0000-0464-ffff-ffff000006f1","ELEMENT":"00000000-0000-0464-ffff-ffff000006f1"},{"element-6066-11e4-a52e-4f735466cecf":"00000000-0000-0464-ffff-ffff000006f7","ELEMENT":"00000000-0000-0464-ffff-ffff000006f7"},{"element-6066-11e4-a52e-4f735466cecf":"00000000-0000-0464-ffff-ffff000006fd","ELEMENT":"00000000-0000-0464-ffff-ffff000006fd"},{"element-6066-11e4-a52e-4f735466cecf":"00000000-0000-0464-ffff-ffff00000703","ELEMENT":"00000000-0000-0464-ffff-ffff00000703"},{"element-6066-11e4-a52e-4f735466cecf":"00000000-0000-0464-ffff-ffff00000709","ELEMENT":"00000000-0000-0464-ffff-ffff00000709"},{"element-6066-11e4-a52e-4f735466cecf":"00000000-0000-0464-ffff-ffff00000713","ELEMENT":"00000000-0000-0464-ffff-ffff00000713"},{"element-6066-11e4-a52e-4f735466cecf":"00000000-0000-0464-ffff-ffff00000719","ELEMENT":"00000000-0000-0464-ffff-ffff00000719"},{"element-6066-11e4-a52e-4f735466cecf":"00000000-0000-0464-ffff-ffff0000071f","ELEMENT":"00000000-0000-0464-ffff-ffff0000071...
&amp#27;[38;5;0m[HTTP]&amp#27;[0m &amp#27;[37m<-- POST /session/a84025fa-87fd-4432-a89c-6e57f823ae73/elements &amp#27;[39m&amp#27;[32m200&amp#27;[39m &amp#27;[90m109 ms - 1291&amp#27;[39m
&amp#27;[38;5;0m[HTTP]&amp#27;[0m &amp#27;[90m&amp#27;[39m
&amp#27;[38;5;0m[HTTP]&amp#27;[0m &amp#27;[37m-->&amp#27;[39m &amp#27;[37mGET&amp#27;[39m &amp#27;[37m/session/a84025fa-87fd-4432-a89c-6e57f823ae73/element/00000000-0000-0464-ffff-ffff000006f7/displayed&amp#27;[39m
&amp#27;[38;5;0m[HTTP]&amp#27;[0m &amp#27;[90m{}&amp#27;[39m
&amp#27;[38;5;32m[AndroidUiautomator2Driver@cb04 (a84025fa)]&amp#27;[0m Calling AppiumDriver.elementDisplayed() with args: ["00000000-0000-0464-ffff-ffff000006f7","a84025fa-87fd-4432-a89c-6e57f823ae73"]
&amp#27;[38;5;32m[AndroidUiautomator2Driver@cb04 (a84025fa)]&amp#27;[0m Matched '/element/00000000-0000-0464-ffff-ffff000006f7/attribute/displayed' to command name 'getAttribute'
&amp#27;[38;5;32m[AndroidUiautomator2Driver@cb04 (a84025fa)]&amp#27;[0m Proxying [GET /element/00000000-0000-0464-ffff-ffff000006f7/attribute/displayed] to [GET http://127.0.0.1:8209/session/e13e9c10-6759-487b-84e8-6054836a870e/element/00000000-0000-0464-ffff-ffff000006f7/attribute/displayed] with no body
&amp#27;[38;5;32m[AndroidUiautomator2Driver@cb04 (a84025fa)]&amp#27;[0m Got response with status 200: {"sessionId":"e13e9c10-6759-487b-84e8-6054836a870e","value":"true"}
&amp#27;[38;5;32m[AndroidUiautomator2Driver@cb04 (a84025fa)]&amp#27;[0m Responding to client with driver.elementDisplayed() result: true
&amp#27;[38;5;0m[HTTP]&amp#27;[0m &amp#27;[37m<-- GET /session/a84025fa-87fd-4432-a89c-6e57f823ae73/element/00000000-0000-0464-ffff-ffff000006f7/displayed &amp#27;[39m&amp#27;[32m200&amp#27;[39m &amp#27;[90m10 ms - 14&amp#27;[39m
&amp#27;[38;5;0m[HTTP]&amp#27;[0m &amp#27;[90m&amp#27;[39m
&amp#27;[38;5;0m[HTTP]&amp#27;[0m &amp#27;[37m-->&amp#27;[39m &amp#27;[37mGET&amp#27;[39m &amp#27;[37m/session/a84025fa-87fd-4432-a89c-6e57f823ae73/context&amp#27;[39m
&amp#27;[38;5;0m[HTTP]&amp#27;[0m &amp#27;[90m{}&amp#27;[39m
&amp#27;[38;5;32m[AndroidUiautomator2Driver@cb04 (a84025fa)]&amp#27;[0m Calling AppiumDriver.getCurrentContext() with args: ["a84025fa-87fd-4432-a89c-6e57f823ae73"]
&amp#27;[38;5;32m[AndroidUiautomator2Driver@cb04 (a84025fa)]&amp#27;[0m Responding to client with driver.getCurrentContext() result: "NATIVE_APP"
&amp#27;[38;5;0m[HTTP]&amp#27;[0m &amp#27;[37m<-- GET /session/a84025fa-87fd-4432-a89c-6e57f823ae73/context &amp#27;[39m&amp#27;[32m200&amp#27;[39m &amp#27;[90m0 ms - 22&amp#27;[39m
&amp#27;[38;5;0m[HTTP]&amp#27;[0m &amp#27;[90m&amp#27;[39m
&amp#27;[38;5;0m[HTTP]&amp#27;[0m &amp#27;[37m-->&amp#27;[39m &amp#27;[37mPOST&amp#27;[39m &amp#27;[37m/session/a84025fa-87fd-4432-a89c-6e57f823ae73/elements&amp#27;[39m
&amp#27;[38;5;0m[HTTP]&amp#27;[0m &amp#27;[90m{"value":"com.fivemobile.thescore:id/text_formatted_rank","using":"id"}&amp#27;[39m
&amp#27;[38;5;32m[AndroidUiautomator2Driver@cb04 (a84025fa)]&amp#27;[0m Calling AppiumDriver.findElements() with args: ["id","com.fivemobile.thescore:id/text_formatted_rank","a84025fa-87fd-4432-a89c-6e57f823ae73"]
&amp#27;[38;5;32m[AndroidUiautomator2Driver@cb04 (a84025fa)]&amp#27;[0m Valid locator strategies for this request: xpath, id, class name, accessibility id, css selector, -android uiautomator
&amp#27;[38;5;32m[AndroidUiautomator2Driver@cb04 (a84025fa)]&amp#27;[0m Waiting up to 10000 ms for condition
&amp#27;[38;5;32m[AndroidUiautomator2Driver@cb04 (a84025fa)]&amp#27;[0m Matched '/elements' to command name 'findElements'
&amp#27;[38;5;32m[AndroidUiautomator2Driver@cb04 (a84025fa)]&amp#27;[0m Proxying [POST /elements] to [POST http://127.0.0.1:8209/session/e13e9c10-6759-487b-84e8-6054836a870e/elements] with body: {"strategy":"id","selector":"com.fivemobile.thescore:id/text_formatted_rank","context":"","multiple":true}
&amp#27;[38;5;32m[AndroidUiautomator2Driver@cb04 (a84025fa)]&amp#27;[0m Got response with status 200: {"sessionId":"e13e9c10-6759-487b-84e8-6054836a870e","value":[{"ELEMENT":"00000000-0000-0464-ffff-ffff000006f1","element-6066-11e4-a52e-4f735466cecf":"00000000-0000-0464-ffff-ffff000006f1"},{"ELEMENT":"00000000-0000-0464-ffff-ffff000006f7","element-6066-11e4-a52e-4f735466cecf":"00000000-0000-0464-ffff-ffff000006f7"},{"ELEMENT":"00000000-0000-0464-ffff-ffff000006fd","element-6066-11e4-a52e-4f735466cecf":"00000000-0000-0464-ffff-ffff000006fd"},{"ELEMENT":"00000000-0000-0464-ffff-ffff00000703","element-6066-11e4-a52e-4f735466cecf":"00000000-0000-0464-ffff-ffff00000703"},{"ELEMENT":"00000000-0000-0464-ffff-ffff00000709","element-6066-11e4-a52e-4f735466cecf":"00000000-0000-0464-ffff-ffff00000709"},{"ELEMENT":"00000000-0000-0464-ffff-ffff00000713","element-6066-11e4-a52e-4f735466cecf":"00000000-0000-0464-ffff-ffff00000713"},{"ELEMENT":"00000000-0000-0464-ffff-ffff00000719","element-6066-11e4-a52e-4f735466cecf":"00000000-0000-0464-ffff-ffff00000719"},{"ELEMENT":"00000000-0000-0464-ffff-ffff0000071f","element-6066-...
&amp#27;[38;5;32m[AndroidUiautomator2Driver@cb04 (a84025fa)]&amp#27;[0m Responding to client with driver.findElements() result: [{"element-6066-11e4-a52e-4f735466cecf":"00000000-0000-0464-ffff-ffff000006f1","ELEMENT":"00000000-0000-0464-ffff-ffff000006f1"},{"element-6066-11e4-a52e-4f735466cecf":"00000000-0000-0464-ffff-ffff000006f7","ELEMENT":"00000000-0000-0464-ffff-ffff000006f7"},{"element-6066-11e4-a52e-4f735466cecf":"00000000-0000-0464-ffff-ffff000006fd","ELEMENT":"00000000-0000-0464-ffff-ffff000006fd"},{"element-6066-11e4-a52e-4f735466cecf":"00000000-0000-0464-ffff-ffff00000703","ELEMENT":"00000000-0000-0464-ffff-ffff00000703"},{"element-6066-11e4-a52e-4f735466cecf":"00000000-0000-0464-ffff-ffff00000709","ELEMENT":"00000000-0000-0464-ffff-ffff00000709"},{"element-6066-11e4-a52e-4f735466cecf":"00000000-0000-0464-ffff-ffff00000713","ELEMENT":"00000000-0000-0464-ffff-ffff00000713"},{"element-6066-11e4-a52e-4f735466cecf":"00000000-0000-0464-ffff-ffff00000719","ELEMENT":"00000000-0000-0464-ffff-ffff00000719"},{"element-6066-11e4-a52e-4f735466cecf":"00000000-0000-0464-ffff-ffff0000071f","ELEMENT":"00000000-0000-0464-ffff-ffff0000071...
&amp#27;[38;5;0m[HTTP]&amp#27;[0m &amp#27;[37m<-- POST /session/a84025fa-87fd-4432-a89c-6e57f823ae73/elements &amp#27;[39m&amp#27;[32m200&amp#27;[39m &amp#27;[90m121 ms - 1291&amp#27;[39m
&amp#27;[38;5;0m[HTTP]&amp#27;[0m &amp#27;[90m&amp#27;[39m
&amp#27;[38;5;0m[HTTP]&amp#27;[0m &amp#27;[37m-->&amp#27;[39m &amp#27;[37mGET&amp#27;[39m &amp#27;[37m/session/a84025fa-87fd-4432-a89c-6e57f823ae73/context&amp#27;[39m
&amp#27;[38;5;0m[HTTP]&amp#27;[0m &amp#27;[90m{}&amp#27;[39m
&amp#27;[38;5;32m[AndroidUiautomator2Driver@cb04 (a84025fa)]&amp#27;[0m Calling AppiumDriver.getCurrentContext() with args: ["a84025fa-87fd-4432-a89c-6e57f823ae73"]
&amp#27;[38;5;32m[AndroidUiautomator2Driver@cb04 (a84025fa)]&amp#27;[0m Responding to client with driver.getCurrentContext() result: "NATIVE_APP"
&amp#27;[38;5;0m[HTTP]&amp#27;[0m &amp#27;[37m<-- GET /session/a84025fa-87fd-4432-a89c-6e57f823ae73/context &amp#27;[39m&amp#27;[32m200&amp#27;[39m &amp#27;[90m1 ms - 22&amp#27;[39m
&amp#27;[38;5;0m[HTTP]&amp#27;[0m &amp#27;[90m&amp#27;[39m
&amp#27;[38;5;0m[HTTP]&amp#27;[0m &amp#27;[37m-->&amp#27;[39m &amp#27;[37mPOST&amp#27;[39m &amp#27;[37m/session/a84025fa-87fd-4432-a89c-6e57f823ae73/elements&amp#27;[39m
&amp#27;[38;5;0m[HTTP]&amp#27;[0m &amp#27;[90m{"value":"com.fivemobile.thescore:id/text_formatted_rank","using":"id"}&amp#27;[39m
&amp#27;[38;5;32m[AndroidUiautomator2Driver@cb04 (a84025fa)]&amp#27;[0m Calling AppiumDriver.findElements() with args: ["id","com.fivemobile.thescore:id/text_formatted_rank","a84025fa-87fd-4432-a89c-6e57f823ae73"]
&amp#27;[38;5;32m[AndroidUiautomator2Driver@cb04 (a84025fa)]&amp#27;[0m Valid locator strategies for this request: xpath, id, class name, accessibility id, css selector, -android uiautomator
&amp#27;[38;5;32m[AndroidUiautomator2Driver@cb04 (a84025fa)]&amp#27;[0m Waiting up to 10000 ms for condition
&amp#27;[38;5;32m[AndroidUiautomator2Driver@cb04 (a84025fa)]&amp#27;[0m Matched '/elements' to command name 'findElements'
&amp#27;[38;5;32m[AndroidUiautomator2Driver@cb04 (a84025fa)]&amp#27;[0m Proxying [POST /elements] to [POST http://127.0.0.1:8209/session/e13e9c10-6759-487b-84e8-6054836a870e/elements] with body: {"strategy":"id","selector":"com.fivemobile.thescore:id/text_formatted_rank","context":"","multiple":true}
&amp#27;[38;5;32m[AndroidUiautomator2Driver@cb04 (a84025fa)]&amp#27;[0m Got response with status 200: {"sessionId":"e13e9c10-6759-487b-84e8-6054836a870e","value":[{"ELEMENT":"00000000-0000-0464-ffff-ffff000006f1","element-6066-11e4-a52e-4f735466cecf":"00000000-0000-0464-ffff-ffff000006f1"},{"ELEMENT":"00000000-0000-0464-ffff-ffff000006f7","element-6066-11e4-a52e-4f735466cecf":"00000000-0000-0464-ffff-ffff000006f7"},{"ELEMENT":"00000000-0000-0464-ffff-ffff000006fd","element-6066-11e4-a52e-4f735466cecf":"00000000-0000-0464-ffff-ffff000006fd"},{"ELEMENT":"00000000-0000-0464-ffff-ffff00000703","element-6066-11e4-a52e-4f735466cecf":"00000000-0000-0464-ffff-ffff00000703"},{"ELEMENT":"00000000-0000-0464-ffff-ffff00000709","element-6066-11e4-a52e-4f735466cecf":"00000000-0000-0464-ffff-ffff00000709"},{"ELEMENT":"00000000-0000-0464-ffff-ffff00000713","element-6066-11e4-a52e-4f735466cecf":"00000000-0000-0464-ffff-ffff00000713"},{"ELEMENT":"00000000-0000-0464-ffff-ffff00000719","element-6066-11e4-a52e-4f735466cecf":"00000000-0000-0464-ffff-ffff00000719"},{"ELEMENT":"00000000-0000-0464-ffff-ffff0000071f","element-6066-...
&amp#27;[38;5;32m[AndroidUiautomator2Driver@cb04 (a84025fa)]&amp#27;[0m Responding to client with driver.findElements() result: [{"element-6066-11e4-a52e-4f735466cecf":"00000000-0000-0464-ffff-ffff000006f1","ELEMENT":"00000000-0000-0464-ffff-ffff000006f1"},{"element-6066-11e4-a52e-4f735466cecf":"00000000-0000-0464-ffff-ffff000006f7","ELEMENT":"00000000-0000-0464-ffff-ffff000006f7"},{"element-6066-11e4-a52e-4f735466cecf":"00000000-0000-0464-ffff-ffff000006fd","ELEMENT":"00000000-0000-0464-ffff-ffff000006fd"},{"element-6066-11e4-a52e-4f735466cecf":"00000000-0000-0464-ffff-ffff00000703","ELEMENT":"00000000-0000-0464-ffff-ffff00000703"},{"element-6066-11e4-a52e-4f735466cecf":"00000000-0000-0464-ffff-ffff00000709","ELEMENT":"00000000-0000-0464-ffff-ffff00000709"},{"element-6066-11e4-a52e-4f735466cecf":"00000000-0000-0464-ffff-ffff00000713","ELEMENT":"00000000-0000-0464-ffff-ffff00000713"},{"element-6066-11e4-a52e-4f735466cecf":"00000000-0000-0464-ffff-ffff00000719","ELEMENT":"00000000-0000-0464-ffff-ffff00000719"},{"element-6066-11e4-a52e-4f735466cecf":"00000000-0000-0464-ffff-ffff0000071f","ELEMENT":"00000000-0000-0464-ffff-ffff0000071...
&amp#27;[38;5;0m[HTTP]&amp#27;[0m &amp#27;[37m<-- POST /session/a84025fa-87fd-4432-a89c-6e57f823ae73/elements &amp#27;[39m&amp#27;[32m200&amp#27;[39m &amp#27;[90m108 ms - 1291&amp#27;[39m
&amp#27;[38;5;0m[HTTP]&amp#27;[0m &amp#27;[90m&amp#27;[39m
&amp#27;[38;5;0m[HTTP]&amp#27;[0m &amp#27;[37m-->&amp#27;[39m &amp#27;[37mGET&amp#27;[39m &amp#27;[37m/session/a84025fa-87fd-4432-a89c-6e57f823ae73/element/00000000-0000-0464-ffff-ffff000006fd/displayed&amp#27;[39m
&amp#27;[38;5;0m[HTTP]&amp#27;[0m &amp#27;[90m{}&amp#27;[39m
&amp#27;[38;5;32m[AndroidUiautomator2Driver@cb04 (a84025fa)]&amp#27;[0m Calling AppiumDriver.elementDisplayed() with args: ["00000000-0000-0464-ffff-ffff000006fd","a84025fa-87fd-4432-a89c-6e57f823ae73"]
&amp#27;[38;5;32m[AndroidUiautomator2Driver@cb04 (a84025fa)]&amp#27;[0m Matched '/element/00000000-0000-0464-ffff-ffff000006fd/attribute/displayed' to command name 'getAttribute'
&amp#27;[38;5;32m[AndroidUiautomator2Driver@cb04 (a84025fa)]&amp#27;[0m Proxying [GET /element/00000000-0000-0464-ffff-ffff000006fd/attribute/displayed] to [GET http://127.0.0.1:8209/session/e13e9c10-6759-487b-84e8-6054836a870e/element/00000000-0000-0464-ffff-ffff000006fd/attribute/displayed] with no body
&amp#27;[38;5;32m[AndroidUiautomator2Driver@cb04 (a84025fa)]&amp#27;[0m Got response with status 200: {"sessionId":"e13e9c10-6759-487b-84e8-6054836a870e","value":"true"}
&amp#27;[38;5;32m[AndroidUiautomator2Driver@cb04 (a84025fa)]&amp#27;[0m Responding to client with driver.elementDisplayed() result: true
&amp#27;[38;5;0m[HTTP]&amp#27;[0m &amp#27;[37m<-- GET /session/a84025fa-87fd-4432-a89c-6e57f823ae73/element/00000000-0000-0464-ffff-ffff000006fd/displayed &amp#27;[39m&amp#27;[32m200&amp#27;[39m &amp#27;[90m11 ms - 14&amp#27;[39m
&amp#27;[38;5;0m[HTTP]&amp#27;[0m &amp#27;[90m&amp#27;[39m
&amp#27;[38;5;0m[HTTP]&amp#27;[0m &amp#27;[37m-->&amp#27;[39m &amp#27;[37mGET&amp#27;[39m &amp#27;[37m/session/a84025fa-87fd-4432-a89c-6e57f823ae73/context&amp#27;[39m
&amp#27;[38;5;0m[HTTP]&amp#27;[0m &amp#27;[90m{}&amp#27;[39m
&amp#27;[38;5;32m[AndroidUiautomator2Driver@cb04 (a84025fa)]&amp#27;[0m Calling AppiumDriver.getCurrentContext() with args: ["a84025fa-87fd-4432-a89c-6e57f823ae73"]
&amp#27;[38;5;32m[AndroidUiautomator2Driver@cb04 (a84025fa)]&amp#27;[0m Responding to client with driver.getCurrentContext() result: "NATIVE_APP"
&amp#27;[38;5;0m[HTTP]&amp#27;[0m &amp#27;[37m<-- GET /session/a84025fa-87fd-4432-a89c-6e57f823ae73/context &amp#27;[39m&amp#27;[32m200&amp#27;[39m &amp#27;[90m1 ms - 22&amp#27;[39m
&amp#27;[38;5;0m[HTTP]&amp#27;[0m &amp#27;[90m&amp#27;[39m
&amp#27;[38;5;0m[HTTP]&amp#27;[0m &amp#27;[37m-->&amp#27;[39m &amp#27;[37mPOST&amp#27;[39m &amp#27;[37m/session/a84025fa-87fd-4432-a89c-6e57f823ae73/elements&amp#27;[39m
&amp#27;[38;5;0m[HTTP]&amp#27;[0m &amp#27;[90m{"value":"com.fivemobile.thescore:id/text_formatted_rank","using":"id"}&amp#27;[39m
&amp#27;[38;5;32m[AndroidUiautomator2Driver@cb04 (a84025fa)]&amp#27;[0m Calling AppiumDriver.findElements() with args: ["id","com.fivemobile.thescore:id/text_formatted_rank","a84025fa-87fd-4432-a89c-6e57f823ae73"]
&amp#27;[38;5;32m[AndroidUiautomator2Driver@cb04 (a84025fa)]&amp#27;[0m Valid locator strategies for this request: xpath, id, class name, accessibility id, css selector, -android uiautomator
&amp#27;[38;5;32m[AndroidUiautomator2Driver@cb04 (a84025fa)]&amp#27;[0m Waiting up to 10000 ms for condition
&amp#27;[38;5;32m[AndroidUiautomator2Driver@cb04 (a84025fa)]&amp#27;[0m Matched '/elements' to command name 'findElements'
&amp#27;[38;5;32m[AndroidUiautomator2Driver@cb04 (a84025fa)]&amp#27;[0m Proxying [POST /elements] to [POST http://127.0.0.1:8209/session/e13e9c10-6759-487b-84e8-6054836a870e/elements] with body: {"strategy":"id","selector":"com.fivemobile.thescore:id/text_formatted_rank","context":"","multiple":true}
&amp#27;[38;5;32m[AndroidUiautomator2Driver@cb04 (a84025fa)]&amp#27;[0m Got response with status 200: {"sessionId":"e13e9c10-6759-487b-84e8-6054836a870e","value":[{"ELEMENT":"00000000-0000-0464-ffff-ffff000006f1","element-6066-11e4-a52e-4f735466cecf":"00000000-0000-0464-ffff-ffff000006f1"},{"ELEMENT":"00000000-0000-0464-ffff-ffff000006f7","element-6066-11e4-a52e-4f735466cecf":"00000000-0000-0464-ffff-ffff000006f7"},{"ELEMENT":"00000000-0000-0464-ffff-ffff000006fd","element-6066-11e4-a52e-4f735466cecf":"00000000-0000-0464-ffff-ffff000006fd"},{"ELEMENT":"00000000-0000-0464-ffff-ffff00000703","element-6066-11e4-a52e-4f735466cecf":"00000000-0000-0464-ffff-ffff00000703"},{"ELEMENT":"00000000-0000-0464-ffff-ffff00000709","element-6066-11e4-a52e-4f735466cecf":"00000000-0000-0464-ffff-ffff00000709"},{"ELEMENT":"00000000-0000-0464-ffff-ffff00000713","element-6066-11e4-a52e-4f735466cecf":"00000000-0000-0464-ffff-ffff00000713"},{"ELEMENT":"00000000-0000-0464-ffff-ffff00000719","element-6066-11e4-a52e-4f735466cecf":"00000000-0000-0464-ffff-ffff00000719"},{"ELEMENT":"00000000-0000-0464-ffff-ffff0000071f","element-6066-...
&amp#27;[38;5;32m[AndroidUiautomator2Driver@cb04 (a84025fa)]&amp#27;[0m Responding to client with driver.findElements() result: [{"element-6066-11e4-a52e-4f735466cecf":"00000000-0000-0464-ffff-ffff000006f1","ELEMENT":"00000000-0000-0464-ffff-ffff000006f1"},{"element-6066-11e4-a52e-4f735466cecf":"00000000-0000-0464-ffff-ffff000006f7","ELEMENT":"00000000-0000-0464-ffff-ffff000006f7"},{"element-6066-11e4-a52e-4f735466cecf":"00000000-0000-0464-ffff-ffff000006fd","ELEMENT":"00000000-0000-0464-ffff-ffff000006fd"},{"element-6066-11e4-a52e-4f735466cecf":"00000000-0000-0464-ffff-ffff00000703","ELEMENT":"00000000-0000-0464-ffff-ffff00000703"},{"element-6066-11e4-a52e-4f735466cecf":"00000000-0000-0464-ffff-ffff00000709","ELEMENT":"00000000-0000-0464-ffff-ffff00000709"},{"element-6066-11e4-a52e-4f735466cecf":"00000000-0000-0464-ffff-ffff00000713","ELEMENT":"00000000-0000-0464-ffff-ffff00000713"},{"element-6066-11e4-a52e-4f735466cecf":"00000000-0000-0464-ffff-ffff00000719","ELEMENT":"00000000-0000-0464-ffff-ffff00000719"},{"element-6066-11e4-a52e-4f735466cecf":"00000000-0000-0464-ffff-ffff0000071f","ELEMENT":"00000000-0000-0464-ffff-ffff0000071...
&amp#27;[38;5;0m[HTTP]&amp#27;[0m &amp#27;[37m<-- POST /session/a84025fa-87fd-4432-a89c-6e57f823ae73/elements &amp#27;[39m&amp#27;[32m200&amp#27;[39m &amp#27;[90m118 ms - 1291&amp#27;[39m
&amp#27;[38;5;0m[HTTP]&amp#27;[0m &amp#27;[90m&amp#27;[39m
&amp#27;[38;5;0m[HTTP]&amp#27;[0m &amp#27;[37m-->&amp#27;[39m &amp#27;[37mGET&amp#27;[39m &amp#27;[37m/session/a84025fa-87fd-4432-a89c-6e57f823ae73/context&amp#27;[39m
&amp#27;[38;5;0m[HTTP]&amp#27;[0m &amp#27;[90m{}&amp#27;[39m
&amp#27;[38;5;32m[AndroidUiautomator2Driver@cb04 (a84025fa)]&amp#27;[0m Calling AppiumDriver.getCurrentContext() with args: ["a84025fa-87fd-4432-a89c-6e57f823ae73"]
&amp#27;[38;5;32m[AndroidUiautomator2Driver@cb04 (a84025fa)]&amp#27;[0m Responding to client with driver.getCurrentContext() result: "NATIVE_APP"
&amp#27;[38;5;0m[HTTP]&amp#27;[0m &amp#27;[37m<-- GET /session/a84025fa-87fd-4432-a89c-6e57f823ae73/context &amp#27;[39m&amp#27;[32m200&amp#27;[39m &amp#27;[90m1 ms - 22&amp#27;[39m
&amp#27;[38;5;0m[HTTP]&amp#27;[0m &amp#27;[90m&amp#27;[39m
&amp#27;[38;5;0m[HTTP]&amp#27;[0m &amp#27;[37m-->&amp#27;[39m &amp#27;[37mPOST&amp#27;[39m &amp#27;[37m/session/a84025fa-87fd-4432-a89c-6e57f823ae73/elements&amp#27;[39m
&amp#27;[38;5;0m[HTTP]&amp#27;[0m &amp#27;[90m{"value":"com.fivemobile.thescore:id/text_formatted_rank","using":"id"}&amp#27;[39m
&amp#27;[38;5;32m[AndroidUiautomator2Driver@cb04 (a84025fa)]&amp#27;[0m Calling AppiumDriver.findElements() with args: ["id","com.fivemobile.thescore:id/text_formatted_rank","a84025fa-87fd-4432-a89c-6e57f823ae73"]
&amp#27;[38;5;32m[AndroidUiautomator2Driver@cb04 (a84025fa)]&amp#27;[0m Valid locator strategies for this request: xpath, id, class name, accessibility id, css selector, -android uiautomator
&amp#27;[38;5;32m[AndroidUiautomator2Driver@cb04 (a84025fa)]&amp#27;[0m Waiting up to 10000 ms for condition
&amp#27;[38;5;32m[AndroidUiautomator2Driver@cb04 (a84025fa)]&amp#27;[0m Matched '/elements' to command name 'findElements'
&amp#27;[38;5;32m[AndroidUiautomator2Driver@cb04 (a84025fa)]&amp#27;[0m Proxying [POST /elements] to [POST http://127.0.0.1:8209/session/e13e9c10-6759-487b-84e8-6054836a870e/elements] with body: {"strategy":"id","selector":"com.fivemobile.thescore:id/text_formatted_rank","context":"","multiple":true}
&amp#27;[38;5;32m[AndroidUiautomator2Driver@cb04 (a84025fa)]&amp#27;[0m Got response with status 200: {"sessionId":"e13e9c10-6759-487b-84e8-6054836a870e","value":[{"ELEMENT":"00000000-0000-0464-ffff-ffff000006f1","element-6066-11e4-a52e-4f735466cecf":"00000000-0000-0464-ffff-ffff000006f1"},{"ELEMENT":"00000000-0000-0464-ffff-ffff000006f7","element-6066-11e4-a52e-4f735466cecf":"00000000-0000-0464-ffff-ffff000006f7"},{"ELEMENT":"00000000-0000-0464-ffff-ffff000006fd","element-6066-11e4-a52e-4f735466cecf":"00000000-0000-0464-ffff-ffff000006fd"},{"ELEMENT":"00000000-0000-0464-ffff-ffff00000703","element-6066-11e4-a52e-4f735466cecf":"00000000-0000-0464-ffff-ffff00000703"},{"ELEMENT":"00000000-0000-0464-ffff-ffff00000709","element-6066-11e4-a52e-4f735466cecf":"00000000-0000-0464-ffff-ffff00000709"},{"ELEMENT":"00000000-0000-0464-ffff-ffff00000713","element-6066-11e4-a52e-4f735466cecf":"00000000-0000-0464-ffff-ffff00000713"},{"ELEMENT":"00000000-0000-0464-ffff-ffff00000719","element-6066-11e4-a52e-4f735466cecf":"00000000-0000-0464-ffff-ffff00000719"},{"ELEMENT":"00000000-0000-0464-ffff-ffff0000071f","element-6066-...
&amp#27;[38;5;32m[AndroidUiautomator2Driver@cb04 (a84025fa)]&amp#27;[0m Responding to client with driver.findElements() result: [{"element-6066-11e4-a52e-4f735466cecf":"00000000-0000-0464-ffff-ffff000006f1","ELEMENT":"00000000-0000-0464-ffff-ffff000006f1"},{"element-6066-11e4-a52e-4f735466cecf":"00000000-0000-0464-ffff-ffff000006f7","ELEMENT":"00000000-0000-0464-ffff-ffff000006f7"},{"element-6066-11e4-a52e-4f735466cecf":"00000000-0000-0464-ffff-ffff000006fd","ELEMENT":"00000000-0000-0464-ffff-ffff000006fd"},{"element-6066-11e4-a52e-4f735466cecf":"00000000-0000-0464-ffff-ffff00000703","ELEMENT":"00000000-0000-0464-ffff-ffff00000703"},{"element-6066-11e4-a52e-4f735466cecf":"00000000-0000-0464-ffff-ffff00000709","ELEMENT":"00000000-0000-0464-ffff-ffff00000709"},{"element-6066-11e4-a52e-4f735466cecf":"00000000-0000-0464-ffff-ffff00000713","ELEMENT":"00000000-0000-0464-ffff-ffff00000713"},{"element-6066-11e4-a52e-4f735466cecf":"00000000-0000-0464-ffff-ffff00000719","ELEMENT":"00000000-0000-0464-ffff-ffff00000719"},{"element-6066-11e4-a52e-4f735466cecf":"00000000-0000-0464-ffff-ffff0000071f","ELEMENT":"00000000-0000-0464-ffff-ffff0000071...
&amp#27;[38;5;0m[HTTP]&amp#27;[0m &amp#27;[37m<-- POST /session/a84025fa-87fd-4432-a89c-6e57f823ae73/elements &amp#27;[39m&amp#27;[32m200&amp#27;[39m &amp#27;[90m109 ms - 1291&amp#27;[39m
&amp#27;[38;5;0m[HTTP]&amp#27;[0m &amp#27;[90m&amp#27;[39m
&amp#27;[38;5;0m[HTTP]&amp#27;[0m &amp#27;[37m-->&amp#27;[39m &amp#27;[37mGET&amp#27;[39m &amp#27;[37m/session/a84025fa-87fd-4432-a89c-6e57f823ae73/element/00000000-0000-0464-ffff-ffff00000703/displayed&amp#27;[39m
&amp#27;[38;5;0m[HTTP]&amp#27;[0m &amp#27;[90m{}&amp#27;[39m
&amp#27;[38;5;32m[AndroidUiautomator2Driver@cb04 (a84025fa)]&amp#27;[0m Calling AppiumDriver.elementDisplayed() with args: ["00000000-0000-0464-ffff-ffff00000703","a84025fa-87fd-4432-a89c-6e57f823ae73"]
&amp#27;[38;5;32m[AndroidUiautomator2Driver@cb04 (a84025fa)]&amp#27;[0m Matched '/element/00000000-0000-0464-ffff-ffff00000703/attribute/displayed' to command name 'getAttribute'
&amp#27;[38;5;32m[AndroidUiautomator2Driver@cb04 (a84025fa)]&amp#27;[0m Proxying [GET /element/00000000-0000-0464-ffff-ffff00000703/attribute/displayed] to [GET http://127.0.0.1:8209/session/e13e9c10-6759-487b-84e8-6054836a870e/element/00000000-0000-0464-ffff-ffff00000703/attribute/displayed] with no body
&amp#27;[38;5;32m[AndroidUiautomator2Driver@cb04 (a84025fa)]&amp#27;[0m Got response with status 200: {"sessionId":"e13e9c10-6759-487b-84e8-6054836a870e","value":"true"}
&amp#27;[38;5;32m[AndroidUiautomator2Driver@cb04 (a84025fa)]&amp#27;[0m Responding to client with driver.elementDisplayed() result: true
&amp#27;[38;5;0m[HTTP]&amp#27;[0m &amp#27;[37m<-- GET /session/a84025fa-87fd-4432-a89c-6e57f823ae73/element/00000000-0000-0464-ffff-ffff00000703/displayed &amp#27;[39m&amp#27;[32m200&amp#27;[39m &amp#27;[90m11 ms - 14&amp#27;[39m
&amp#27;[38;5;0m[HTTP]&amp#27;[0m &amp#27;[90m&amp#27;[39m
&amp#27;[38;5;0m[HTTP]&amp#27;[0m &amp#27;[37m-->&amp#27;[39m &amp#27;[37mGET&amp#27;[39m &amp#27;[37m/session/a84025fa-87fd-4432-a89c-6e57f823ae73/context&amp#27;[39m
&amp#27;[38;5;0m[HTTP]&amp#27;[0m &amp#27;[90m{}&amp#27;[39m
&amp#27;[38;5;32m[AndroidUiautomator2Driver@cb04 (a84025fa)]&amp#27;[0m Calling AppiumDriver.getCurrentContext() with args: ["a84025fa-87fd-4432-a89c-6e57f823ae73"]
&amp#27;[38;5;32m[AndroidUiautomator2Driver@cb04 (a84025fa)]&amp#27;[0m Responding to client with driver.getCurrentContext() result: "NATIVE_APP"
&amp#27;[38;5;0m[HTTP]&amp#27;[0m &amp#27;[37m<-- GET /session/a84025fa-87fd-4432-a89c-6e57f823ae73/context &amp#27;[39m&amp#27;[32m200&amp#27;[39m &amp#27;[90m1 ms - 22&amp#27;[39m
&amp#27;[38;5;0m[HTTP]&amp#27;[0m &amp#27;[90m&amp#27;[39m
&amp#27;[38;5;0m[HTTP]&amp#27;[0m &amp#27;[37m-->&amp#27;[39m &amp#27;[37mPOST&amp#27;[39m &amp#27;[37m/session/a84025fa-87fd-4432-a89c-6e57f823ae73/elements&amp#27;[39m
&amp#27;[38;5;0m[HTTP]&amp#27;[0m &amp#27;[90m{"value":"com.fivemobile.thescore:id/text_formatted_rank","using":"id"}&amp#27;[39m
&amp#27;[38;5;32m[AndroidUiautomator2Driver@cb04 (a84025fa)]&amp#27;[0m Calling AppiumDriver.findElements() with args: ["id","com.fivemobile.thescore:id/text_formatted_rank","a84025fa-87fd-4432-a89c-6e57f823ae73"]
&amp#27;[38;5;32m[AndroidUiautomator2Driver@cb04 (a84025fa)]&amp#27;[0m Valid locator strategies for this request: xpath, id, class name, accessibility id, css selector, -android uiautomator
&amp#27;[38;5;32m[AndroidUiautomator2Driver@cb04 (a84025fa)]&amp#27;[0m Waiting up to 10000 ms for condition
&amp#27;[38;5;32m[AndroidUiautomator2Driver@cb04 (a84025fa)]&amp#27;[0m Matched '/elements' to command name 'findElements'
&amp#27;[38;5;32m[AndroidUiautomator2Driver@cb04 (a84025fa)]&amp#27;[0m Proxying [POST /elements] to [POST http://127.0.0.1:8209/session/e13e9c10-6759-487b-84e8-6054836a870e/elements] with body: {"strategy":"id","selector":"com.fivemobile.thescore:id/text_formatted_rank","context":"","multiple":true}
&amp#27;[38;5;32m[AndroidUiautomator2Driver@cb04 (a84025fa)]&amp#27;[0m Got response with status 200: {"sessionId":"e13e9c10-6759-487b-84e8-6054836a870e","value":[{"ELEMENT":"00000000-0000-0464-ffff-ffff000006f1","element-6066-11e4-a52e-4f735466cecf":"00000000-0000-0464-ffff-ffff000006f1"},{"ELEMENT":"00000000-0000-0464-ffff-ffff000006f7","element-6066-11e4-a52e-4f735466cecf":"00000000-0000-0464-ffff-ffff000006f7"},{"ELEMENT":"00000000-0000-0464-ffff-ffff000006fd","element-6066-11e4-a52e-4f735466cecf":"00000000-0000-0464-ffff-ffff000006fd"},{"ELEMENT":"00000000-0000-0464-ffff-ffff00000703","element-6066-11e4-a52e-4f735466cecf":"00000000-0000-0464-ffff-ffff00000703"},{"ELEMENT":"00000000-0000-0464-ffff-ffff00000709","element-6066-11e4-a52e-4f735466cecf":"00000000-0000-0464-ffff-ffff00000709"},{"ELEMENT":"00000000-0000-0464-ffff-ffff00000713","element-6066-11e4-a52e-4f735466cecf":"00000000-0000-0464-ffff-ffff00000713"},{"ELEMENT":"00000000-0000-0464-ffff-ffff00000719","element-6066-11e4-a52e-4f735466cecf":"00000000-0000-0464-ffff-ffff00000719"},{"ELEMENT":"00000000-0000-0464-ffff-ffff0000071f","element-6066-...
&amp#27;[38;5;32m[AndroidUiautomator2Driver@cb04 (a84025fa)]&amp#27;[0m Responding to client with driver.findElements() result: [{"element-6066-11e4-a52e-4f735466cecf":"00000000-0000-0464-ffff-ffff000006f1","ELEMENT":"00000000-0000-0464-ffff-ffff000006f1"},{"element-6066-11e4-a52e-4f735466cecf":"00000000-0000-0464-ffff-ffff000006f7","ELEMENT":"00000000-0000-0464-ffff-ffff000006f7"},{"element-6066-11e4-a52e-4f735466cecf":"00000000-0000-0464-ffff-ffff000006fd","ELEMENT":"00000000-0000-0464-ffff-ffff000006fd"},{"element-6066-11e4-a52e-4f735466cecf":"00000000-0000-0464-ffff-ffff00000703","ELEMENT":"00000000-0000-0464-ffff-ffff00000703"},{"element-6066-11e4-a52e-4f735466cecf":"00000000-0000-0464-ffff-ffff00000709","ELEMENT":"00000000-0000-0464-ffff-ffff00000709"},{"element-6066-11e4-a52e-4f735466cecf":"00000000-0000-0464-ffff-ffff00000713","ELEMENT":"00000000-0000-0464-ffff-ffff00000713"},{"element-6066-11e4-a52e-4f735466cecf":"00000000-0000-0464-ffff-ffff00000719","ELEMENT":"00000000-0000-0464-ffff-ffff00000719"},{"element-6066-11e4-a52e-4f735466cecf":"00000000-0000-0464-ffff-ffff0000071f","ELEMENT":"00000000-0000-0464-ffff-ffff0000071...
&amp#27;[38;5;0m[HTTP]&amp#27;[0m &amp#27;[37m<-- POST /session/a84025fa-87fd-4432-a89c-6e57f823ae73/elements &amp#27;[39m&amp#27;[32m200&amp#27;[39m &amp#27;[90m116 ms - 1291&amp#27;[39m
&amp#27;[38;5;0m[HTTP]&amp#27;[0m &amp#27;[90m&amp#27;[39m
&amp#27;[38;5;0m[HTTP]&amp#27;[0m &amp#27;[37m-->&amp#27;[39m &amp#27;[37mGET&amp#27;[39m &amp#27;[37m/session/a84025fa-87fd-4432-a89c-6e57f823ae73/context&amp#27;[39m
&amp#27;[38;5;0m[HTTP]&amp#27;[0m &amp#27;[90m{}&amp#27;[39m
&amp#27;[38;5;32m[AndroidUiautomator2Driver@cb04 (a84025fa)]&amp#27;[0m Calling AppiumDriver.getCurrentContext() with args: ["a84025fa-87fd-4432-a89c-6e57f823ae73"]
&amp#27;[38;5;32m[AndroidUiautomator2Driver@cb04 (a84025fa)]&amp#27;[0m Responding to client with driver.getCurrentContext() result: "NATIVE_APP"
&amp#27;[38;5;0m[HTTP]&amp#27;[0m &amp#27;[37m<-- GET /session/a84025fa-87fd-4432-a89c-6e57f823ae73/context &amp#27;[39m&amp#27;[32m200&amp#27;[39m &amp#27;[90m1 ms - 22&amp#27;[39m
&amp#27;[38;5;0m[HTTP]&amp#27;[0m &amp#27;[90m&amp#27;[39m
&amp#27;[38;5;0m[HTTP]&amp#27;[0m &amp#27;[37m-->&amp#27;[39m &amp#27;[37mPOST&amp#27;[39m &amp#27;[37m/session/a84025fa-87fd-4432-a89c-6e57f823ae73/elements&amp#27;[39m
&amp#27;[38;5;0m[HTTP]&amp#27;[0m &amp#27;[90m{"value":"com.fivemobile.thescore:id/text_formatted_rank","using":"id"}&amp#27;[39m
&amp#27;[38;5;32m[AndroidUiautomator2Driver@cb04 (a84025fa)]&amp#27;[0m Calling AppiumDriver.findElements() with args: ["id","com.fivemobile.thescore:id/text_formatted_rank","a84025fa-87fd-4432-a89c-6e57f823ae73"]
&amp#27;[38;5;32m[AndroidUiautomator2Driver@cb04 (a84025fa)]&amp#27;[0m Valid locator strategies for this request: xpath, id, class name, accessibility id, css selector, -android uiautomator
&amp#27;[38;5;32m[AndroidUiautomator2Driver@cb04 (a84025fa)]&amp#27;[0m Waiting up to 10000 ms for condition
&amp#27;[38;5;32m[AndroidUiautomator2Driver@cb04 (a84025fa)]&amp#27;[0m Matched '/elements' to command name 'findElements'
&amp#27;[38;5;32m[AndroidUiautomator2Driver@cb04 (a84025fa)]&amp#27;[0m Proxying [POST /elements] to [POST http://127.0.0.1:8209/session/e13e9c10-6759-487b-84e8-6054836a870e/elements] with body: {"strategy":"id","selector":"com.fivemobile.thescore:id/text_formatted_rank","context":"","multiple":true}
&amp#27;[38;5;32m[AndroidUiautomator2Driver@cb04 (a84025fa)]&amp#27;[0m Got response with status 200: {"sessionId":"e13e9c10-6759-487b-84e8-6054836a870e","value":[{"ELEMENT":"00000000-0000-0464-ffff-ffff000006f1","element-6066-11e4-a52e-4f735466cecf":"00000000-0000-0464-ffff-ffff000006f1"},{"ELEMENT":"00000000-0000-0464-ffff-ffff000006f7","element-6066-11e4-a52e-4f735466cecf":"00000000-0000-0464-ffff-ffff000006f7"},{"ELEMENT":"00000000-0000-0464-ffff-ffff000006fd","element-6066-11e4-a52e-4f735466cecf":"00000000-0000-0464-ffff-ffff000006fd"},{"ELEMENT":"00000000-0000-0464-ffff-ffff00000703","element-6066-11e4-a52e-4f735466cecf":"00000000-0000-0464-ffff-ffff00000703"},{"ELEMENT":"00000000-0000-0464-ffff-ffff00000709","element-6066-11e4-a52e-4f735466cecf":"00000000-0000-0464-ffff-ffff00000709"},{"ELEMENT":"00000000-0000-0464-ffff-ffff00000713","element-6066-11e4-a52e-4f735466cecf":"00000000-0000-0464-ffff-ffff00000713"},{"ELEMENT":"00000000-0000-0464-ffff-ffff00000719","element-6066-11e4-a52e-4f735466cecf":"00000000-0000-0464-ffff-ffff00000719"},{"ELEMENT":"00000000-0000-0464-ffff-ffff0000071f","element-6066-...
&amp#27;[38;5;32m[AndroidUiautomator2Driver@cb04 (a84025fa)]&amp#27;[0m Responding to client with driver.findElements() result: [{"element-6066-11e4-a52e-4f735466cecf":"00000000-0000-0464-ffff-ffff000006f1","ELEMENT":"00000000-0000-0464-ffff-ffff000006f1"},{"element-6066-11e4-a52e-4f735466cecf":"00000000-0000-0464-ffff-ffff000006f7","ELEMENT":"00000000-0000-0464-ffff-ffff000006f7"},{"element-6066-11e4-a52e-4f735466cecf":"00000000-0000-0464-ffff-ffff000006fd","ELEMENT":"00000000-0000-0464-ffff-ffff000006fd"},{"element-6066-11e4-a52e-4f735466cecf":"00000000-0000-0464-ffff-ffff00000703","ELEMENT":"00000000-0000-0464-ffff-ffff00000703"},{"element-6066-11e4-a52e-4f735466cecf":"00000000-0000-0464-ffff-ffff00000709","ELEMENT":"00000000-0000-0464-ffff-ffff00000709"},{"element-6066-11e4-a52e-4f735466cecf":"00000000-0000-0464-ffff-ffff00000713","ELEMENT":"00000000-0000-0464-ffff-ffff00000713"},{"element-6066-11e4-a52e-4f735466cecf":"00000000-0000-0464-ffff-ffff00000719","ELEMENT":"00000000-0000-0464-ffff-ffff00000719"},{"element-6066-11e4-a52e-4f735466cecf":"00000000-0000-0464-ffff-ffff0000071f","ELEMENT":"00000000-0000-0464-ffff-ffff0000071...
&amp#27;[38;5;0m[HTTP]&amp#27;[0m &amp#27;[37m<-- POST /session/a84025fa-87fd-4432-a89c-6e57f823ae73/elements &amp#27;[39m&amp#27;[32m200&amp#27;[39m &amp#27;[90m115 ms - 1291&amp#27;[39m
&amp#27;[38;5;0m[HTTP]&amp#27;[0m &amp#27;[90m&amp#27;[39m
&amp#27;[38;5;0m[HTTP]&amp#27;[0m &amp#27;[37m-->&amp#27;[39m &amp#27;[37mGET&amp#27;[39m &amp#27;[37m/session/a84025fa-87fd-4432-a89c-6e57f823ae73/element/00000000-0000-0464-ffff-ffff00000709/displayed&amp#27;[39m
&amp#27;[38;5;0m[HTTP]&amp#27;[0m &amp#27;[90m{}&amp#27;[39m
&amp#27;[38;5;32m[AndroidUiautomator2Driver@cb04 (a84025fa)]&amp#27;[0m Calling AppiumDriver.elementDisplayed() with args: ["00000000-0000-0464-ffff-ffff00000709","a84025fa-87fd-4432-a89c-6e57f823ae73"]
&amp#27;[38;5;32m[AndroidUiautomator2Driver@cb04 (a84025fa)]&amp#27;[0m Matched '/element/00000000-0000-0464-ffff-ffff00000709/attribute/displayed' to command name 'getAttribute'
&amp#27;[38;5;32m[AndroidUiautomator2Driver@cb04 (a84025fa)]&amp#27;[0m Proxying [GET /element/00000000-0000-0464-ffff-ffff00000709/attribute/displayed] to [GET http://127.0.0.1:8209/session/e13e9c10-6759-487b-84e8-6054836a870e/element/00000000-0000-0464-ffff-ffff00000709/attribute/displayed] with no body
&amp#27;[38;5;32m[AndroidUiautomator2Driver@cb04 (a84025fa)]&amp#27;[0m Got response with status 200: {"sessionId":"e13e9c10-6759-487b-84e8-6054836a870e","value":"true"}
&amp#27;[38;5;32m[AndroidUiautomator2Driver@cb04 (a84025fa)]&amp#27;[0m Responding to client with driver.elementDisplayed() result: true
&amp#27;[38;5;0m[HTTP]&amp#27;[0m &amp#27;[37m<-- GET /session/a84025fa-87fd-4432-a89c-6e57f823ae73/element/00000000-0000-0464-ffff-ffff00000709/displayed &amp#27;[39m&amp#27;[32m200&amp#27;[39m &amp#27;[90m10 ms - 14&amp#27;[39m
&amp#27;[38;5;0m[HTTP]&amp#27;[0m &amp#27;[90m&amp#27;[39m
&amp#27;[38;5;0m[HTTP]&amp#27;[0m &amp#27;[37m-->&amp#27;[39m &amp#27;[37mGET&amp#27;[39m &amp#27;[37m/session/a84025fa-87fd-4432-a89c-6e57f823ae73/context&amp#27;[39m
&amp#27;[38;5;0m[HTTP]&amp#27;[0m &amp#27;[90m{}&amp#27;[39m
&amp#27;[38;5;32m[AndroidUiautomator2Driver@cb04 (a84025fa)]&amp#27;[0m Calling AppiumDriver.getCurrentContext() with args: ["a84025fa-87fd-4432-a89c-6e57f823ae73"]
&amp#27;[38;5;32m[AndroidUiautomator2Driver@cb04 (a84025fa)]&amp#27;[0m Responding to client with driver.getCurrentContext() result: "NATIVE_APP"
&amp#27;[38;5;0m[HTTP]&amp#27;[0m &amp#27;[37m<-- GET /session/a84025fa-87fd-4432-a89c-6e57f823ae73/context &amp#27;[39m&amp#27;[32m200&amp#27;[39m &amp#27;[90m1 ms - 22&amp#27;[39m
&amp#27;[38;5;0m[HTTP]&amp#27;[0m &amp#27;[90m&amp#27;[39m
&amp#27;[38;5;0m[HTTP]&amp#27;[0m &amp#27;[37m-->&amp#27;[39m &amp#27;[37mPOST&amp#27;[39m &amp#27;[37m/session/a84025fa-87fd-4432-a89c-6e57f823ae73/elements&amp#27;[39m
&amp#27;[38;5;0m[HTTP]&amp#27;[0m &amp#27;[90m{"value":"com.fivemobile.thescore:id/text_formatted_rank","using":"id"}&amp#27;[39m
&amp#27;[38;5;32m[AndroidUiautomator2Driver@cb04 (a84025fa)]&amp#27;[0m Calling AppiumDriver.findElements() with args: ["id","com.fivemobile.thescore:id/text_formatted_rank","a84025fa-87fd-4432-a89c-6e57f823ae73"]
&amp#27;[38;5;32m[AndroidUiautomator2Driver@cb04 (a84025fa)]&amp#27;[0m Valid locator strategies for this request: xpath, id, class name, accessibility id, css selector, -android uiautomator
&amp#27;[38;5;32m[AndroidUiautomator2Driver@cb04 (a84025fa)]&amp#27;[0m Waiting up to 10000 ms for condition
&amp#27;[38;5;32m[AndroidUiautomator2Driver@cb04 (a84025fa)]&amp#27;[0m Matched '/elements' to command name 'findElements'
&amp#27;[38;5;32m[AndroidUiautomator2Driver@cb04 (a84025fa)]&amp#27;[0m Proxying [POST /elements] to [POST http://127.0.0.1:8209/session/e13e9c10-6759-487b-84e8-6054836a870e/elements] with body: {"strategy":"id","selector":"com.fivemobile.thescore:id/text_formatted_rank","context":"","multiple":true}
&amp#27;[38;5;32m[AndroidUiautomator2Driver@cb04 (a84025fa)]&amp#27;[0m Got response with status 200: {"sessionId":"e13e9c10-6759-487b-84e8-6054836a870e","value":[{"ELEMENT":"00000000-0000-0464-ffff-ffff000006f1","element-6066-11e4-a52e-4f735466cecf":"00000000-0000-0464-ffff-ffff000006f1"},{"ELEMENT":"00000000-0000-0464-ffff-ffff000006f7","element-6066-11e4-a52e-4f735466cecf":"00000000-0000-0464-ffff-ffff000006f7"},{"ELEMENT":"00000000-0000-0464-ffff-ffff000006fd","element-6066-11e4-a52e-4f735466cecf":"00000000-0000-0464-ffff-ffff000006fd"},{"ELEMENT":"00000000-0000-0464-ffff-ffff00000703","element-6066-11e4-a52e-4f735466cecf":"00000000-0000-0464-ffff-ffff00000703"},{"ELEMENT":"00000000-0000-0464-ffff-ffff00000709","element-6066-11e4-a52e-4f735466cecf":"00000000-0000-0464-ffff-ffff00000709"},{"ELEMENT":"00000000-0000-0464-ffff-ffff00000713","element-6066-11e4-a52e-4f735466cecf":"00000000-0000-0464-ffff-ffff00000713"},{"ELEMENT":"00000000-0000-0464-ffff-ffff00000719","element-6066-11e4-a52e-4f735466cecf":"00000000-0000-0464-ffff-ffff00000719"},{"ELEMENT":"00000000-0000-0464-ffff-ffff0000071f","element-6066-...
&amp#27;[38;5;32m[AndroidUiautomator2Driver@cb04 (a84025fa)]&amp#27;[0m Responding to client with driver.findElements() result: [{"element-6066-11e4-a52e-4f735466cecf":"00000000-0000-0464-ffff-ffff000006f1","ELEMENT":"00000000-0000-0464-ffff-ffff000006f1"},{"element-6066-11e4-a52e-4f735466cecf":"00000000-0000-0464-ffff-ffff000006f7","ELEMENT":"00000000-0000-0464-ffff-ffff000006f7"},{"element-6066-11e4-a52e-4f735466cecf":"00000000-0000-0464-ffff-ffff000006fd","ELEMENT":"00000000-0000-0464-ffff-ffff000006fd"},{"element-6066-11e4-a52e-4f735466cecf":"00000000-0000-0464-ffff-ffff00000703","ELEMENT":"00000000-0000-0464-ffff-ffff00000703"},{"element-6066-11e4-a52e-4f735466cecf":"00000000-0000-0464-ffff-ffff00000709","ELEMENT":"00000000-0000-0464-ffff-ffff00000709"},{"element-6066-11e4-a52e-4f735466cecf":"00000000-0000-0464-ffff-ffff00000713","ELEMENT":"00000000-0000-0464-ffff-ffff00000713"},{"element-6066-11e4-a52e-4f735466cecf":"00000000-0000-0464-ffff-ffff00000719","ELEMENT":"00000000-0000-0464-ffff-ffff00000719"},{"element-6066-11e4-a52e-4f735466cecf":"00000000-0000-0464-ffff-ffff0000071f","ELEMENT":"00000000-0000-0464-ffff-ffff0000071...
&amp#27;[38;5;0m[HTTP]&amp#27;[0m &amp#27;[37m<-- POST /session/a84025fa-87fd-4432-a89c-6e57f823ae73/elements &amp#27;[39m&amp#27;[32m200&amp#27;[39m &amp#27;[90m118 ms - 1291&amp#27;[39m
&amp#27;[38;5;0m[HTTP]&amp#27;[0m &amp#27;[90m&amp#27;[39m
&amp#27;[38;5;0m[HTTP]&amp#27;[0m &amp#27;[37m-->&amp#27;[39m &amp#27;[37mGET&amp#27;[39m &amp#27;[37m/session/a84025fa-87fd-4432-a89c-6e57f823ae73/context&amp#27;[39m
&amp#27;[38;5;0m[HTTP]&amp#27;[0m &amp#27;[90m{}&amp#27;[39m
&amp#27;[38;5;32m[AndroidUiautomator2Driver@cb04 (a84025fa)]&amp#27;[0m Calling AppiumDriver.getCurrentContext() with args: ["a84025fa-87fd-4432-a89c-6e57f823ae73"]
&amp#27;[38;5;32m[AndroidUiautomator2Driver@cb04 (a84025fa)]&amp#27;[0m Responding to client with driver.getCurrentContext() result: "NATIVE_APP"
&amp#27;[38;5;0m[HTTP]&amp#27;[0m &amp#27;[37m<-- GET /session/a84025fa-87fd-4432-a89c-6e57f823ae73/context &amp#27;[39m&amp#27;[32m200&amp#27;[39m &amp#27;[90m1 ms - 22&amp#27;[39m
&amp#27;[38;5;0m[HTTP]&amp#27;[0m &amp#27;[90m&amp#27;[39m
&amp#27;[38;5;0m[HTTP]&amp#27;[0m &amp#27;[37m-->&amp#27;[39m &amp#27;[37mPOST&amp#27;[39m &amp#27;[37m/session/a84025fa-87fd-4432-a89c-6e57f823ae73/elements&amp#27;[39m
&amp#27;[38;5;0m[HTTP]&amp#27;[0m &amp#27;[90m{"value":"com.fivemobile.thescore:id/text_formatted_rank","using":"id"}&amp#27;[39m
&amp#27;[38;5;32m[AndroidUiautomator2Driver@cb04 (a84025fa)]&amp#27;[0m Calling AppiumDriver.findElements() with args: ["id","com.fivemobile.thescore:id/text_formatted_rank","a84025fa-87fd-4432-a89c-6e57f823ae73"]
&amp#27;[38;5;32m[AndroidUiautomator2Driver@cb04 (a84025fa)]&amp#27;[0m Valid locator strategies for this request: xpath, id, class name, accessibility id, css selector, -android uiautomator
&amp#27;[38;5;32m[AndroidUiautomator2Driver@cb04 (a84025fa)]&amp#27;[0m Waiting up to 10000 ms for condition
&amp#27;[38;5;32m[AndroidUiautomator2Driver@cb04 (a84025fa)]&amp#27;[0m Matched '/elements' to command name 'findElements'
&amp#27;[38;5;32m[AndroidUiautomator2Driver@cb04 (a84025fa)]&amp#27;[0m Proxying [POST /elements] to [POST http://127.0.0.1:8209/session/e13e9c10-6759-487b-84e8-6054836a870e/elements] with body: {"strategy":"id","selector":"com.fivemobile.thescore:id/text_formatted_rank","context":"","multiple":true}
&amp#27;[38;5;32m[AndroidUiautomator2Driver@cb04 (a84025fa)]&amp#27;[0m Got response with status 200: {"sessionId":"e13e9c10-6759-487b-84e8-6054836a870e","value":[{"ELEMENT":"00000000-0000-0464-ffff-ffff000006f1","element-6066-11e4-a52e-4f735466cecf":"00000000-0000-0464-ffff-ffff000006f1"},{"ELEMENT":"00000000-0000-0464-ffff-ffff000006f7","element-6066-11e4-a52e-4f735466cecf":"00000000-0000-0464-ffff-ffff000006f7"},{"ELEMENT":"00000000-0000-0464-ffff-ffff000006fd","element-6066-11e4-a52e-4f735466cecf":"00000000-0000-0464-ffff-ffff000006fd"},{"ELEMENT":"00000000-0000-0464-ffff-ffff00000703","element-6066-11e4-a52e-4f735466cecf":"00000000-0000-0464-ffff-ffff00000703"},{"ELEMENT":"00000000-0000-0464-ffff-ffff00000709","element-6066-11e4-a52e-4f735466cecf":"00000000-0000-0464-ffff-ffff00000709"},{"ELEMENT":"00000000-0000-0464-ffff-ffff00000713","element-6066-11e4-a52e-4f735466cecf":"00000000-0000-0464-ffff-ffff00000713"},{"ELEMENT":"00000000-0000-0464-ffff-ffff00000719","element-6066-11e4-a52e-4f735466cecf":"00000000-0000-0464-ffff-ffff00000719"},{"ELEMENT":"00000000-0000-0464-ffff-ffff0000071f","element-6066-...
&amp#27;[38;5;32m[AndroidUiautomator2Driver@cb04 (a84025fa)]&amp#27;[0m Responding to client with driver.findElements() result: [{"element-6066-11e4-a52e-4f735466cecf":"00000000-0000-0464-ffff-ffff000006f1","ELEMENT":"00000000-0000-0464-ffff-ffff000006f1"},{"element-6066-11e4-a52e-4f735466cecf":"00000000-0000-0464-ffff-ffff000006f7","ELEMENT":"00000000-0000-0464-ffff-ffff000006f7"},{"element-6066-11e4-a52e-4f735466cecf":"00000000-0000-0464-ffff-ffff000006fd","ELEMENT":"00000000-0000-0464-ffff-ffff000006fd"},{"element-6066-11e4-a52e-4f735466cecf":"00000000-0000-0464-ffff-ffff00000703","ELEMENT":"00000000-0000-0464-ffff-ffff00000703"},{"element-6066-11e4-a52e-4f735466cecf":"00000000-0000-0464-ffff-ffff00000709","ELEMENT":"00000000-0000-0464-ffff-ffff00000709"},{"element-6066-11e4-a52e-4f735466cecf":"00000000-0000-0464-ffff-ffff00000713","ELEMENT":"00000000-0000-0464-ffff-ffff00000713"},{"element-6066-11e4-a52e-4f735466cecf":"00000000-0000-0464-ffff-ffff00000719","ELEMENT":"00000000-0000-0464-ffff-ffff00000719"},{"element-6066-11e4-a52e-4f735466cecf":"00000000-0000-0464-ffff-ffff0000071f","ELEMENT":"00000000-0000-0464-ffff-ffff0000071...
&amp#27;[38;5;0m[HTTP]&amp#27;[0m &amp#27;[37m<-- POST /session/a84025fa-87fd-4432-a89c-6e57f823ae73/elements &amp#27;[39m&amp#27;[32m200&amp#27;[39m &amp#27;[90m107 ms - 1291&amp#27;[39m
&amp#27;[38;5;0m[HTTP]&amp#27;[0m &amp#27;[90m&amp#27;[39m
&amp#27;[38;5;0m[HTTP]&amp#27;[0m &amp#27;[37m-->&amp#27;[39m &amp#27;[37mGET&amp#27;[39m &amp#27;[37m/session/a84025fa-87fd-4432-a89c-6e57f823ae73/element/00000000-0000-0464-ffff-ffff00000713/displayed&amp#27;[39m
&amp#27;[38;5;0m[HTTP]&amp#27;[0m &amp#27;[90m{}&amp#27;[39m
&amp#27;[38;5;32m[AndroidUiautomator2Driver@cb04 (a84025fa)]&amp#27;[0m Calling AppiumDriver.elementDisplayed() with args: ["00000000-0000-0464-ffff-ffff00000713","a84025fa-87fd-4432-a89c-6e57f823ae73"]
&amp#27;[38;5;32m[AndroidUiautomator2Driver@cb04 (a84025fa)]&amp#27;[0m Matched '/element/00000000-0000-0464-ffff-ffff00000713/attribute/displayed' to command name 'getAttribute'
&amp#27;[38;5;32m[AndroidUiautomator2Driver@cb04 (a84025fa)]&amp#27;[0m Proxying [GET /element/00000000-0000-0464-ffff-ffff00000713/attribute/displayed] to [GET http://127.0.0.1:8209/session/e13e9c10-6759-487b-84e8-6054836a870e/element/00000000-0000-0464-ffff-ffff00000713/attribute/displayed] with no body
&amp#27;[38;5;32m[AndroidUiautomator2Driver@cb04 (a84025fa)]&amp#27;[0m Got response with status 200: {"sessionId":"e13e9c10-6759-487b-84e8-6054836a870e","value":"true"}
&amp#27;[38;5;32m[AndroidUiautomator2Driver@cb04 (a84025fa)]&amp#27;[0m Responding to client with driver.elementDisplayed() result: true
&amp#27;[38;5;0m[HTTP]&amp#27;[0m &amp#27;[37m<-- GET /session/a84025fa-87fd-4432-a89c-6e57f823ae73/element/00000000-0000-0464-ffff-ffff00000713/displayed &amp#27;[39m&amp#27;[32m200&amp#27;[39m &amp#27;[90m10 ms - 14&amp#27;[39m
&amp#27;[38;5;0m[HTTP]&amp#27;[0m &amp#27;[90m&amp#27;[39m
&amp#27;[38;5;0m[HTTP]&amp#27;[0m &amp#27;[37m-->&amp#27;[39m &amp#27;[37mGET&amp#27;[39m &amp#27;[37m/session/a84025fa-87fd-4432-a89c-6e57f823ae73/context&amp#27;[39m
&amp#27;[38;5;0m[HTTP]&amp#27;[0m &amp#27;[90m{}&amp#27;[39m
&amp#27;[38;5;32m[AndroidUiautomator2Driver@cb04 (a84025fa)]&amp#27;[0m Calling AppiumDriver.getCurrentContext() with args: ["a84025fa-87fd-4432-a89c-6e57f823ae73"]
&amp#27;[38;5;32m[AndroidUiautomator2Driver@cb04 (a84025fa)]&amp#27;[0m Responding to client with driver.getCurrentContext() result: "NATIVE_APP"
&amp#27;[38;5;0m[HTTP]&amp#27;[0m &amp#27;[37m<-- GET /session/a84025fa-87fd-4432-a89c-6e57f823ae73/context &amp#27;[39m&amp#27;[32m200&amp#27;[39m &amp#27;[90m1 ms - 22&amp#27;[39m
&amp#27;[38;5;0m[HTTP]&amp#27;[0m &amp#27;[90m&amp#27;[39m
&amp#27;[38;5;0m[HTTP]&amp#27;[0m &amp#27;[37m-->&amp#27;[39m &amp#27;[37mPOST&amp#27;[39m &amp#27;[37m/session/a84025fa-87fd-4432-a89c-6e57f823ae73/elements&amp#27;[39m
&amp#27;[38;5;0m[HTTP]&amp#27;[0m &amp#27;[90m{"value":"com.fivemobile.thescore:id/text_formatted_rank","using":"id"}&amp#27;[39m
&amp#27;[38;5;32m[AndroidUiautomator2Driver@cb04 (a84025fa)]&amp#27;[0m Calling AppiumDriver.findElements() with args: ["id","com.fivemobile.thescore:id/text_formatted_rank","a84025fa-87fd-4432-a89c-6e57f823ae73"]
&amp#27;[38;5;32m[AndroidUiautomator2Driver@cb04 (a84025fa)]&amp#27;[0m Valid locator strategies for this request: xpath, id, class name, accessibility id, css selector, -android uiautomator
&amp#27;[38;5;32m[AndroidUiautomator2Driver@cb04 (a84025fa)]&amp#27;[0m Waiting up to 10000 ms for condition
&amp#27;[38;5;32m[AndroidUiautomator2Driver@cb04 (a84025fa)]&amp#27;[0m Matched '/elements' to command name 'findElements'
&amp#27;[38;5;32m[AndroidUiautomator2Driver@cb04 (a84025fa)]&amp#27;[0m Proxying [POST /elements] to [POST http://127.0.0.1:8209/session/e13e9c10-6759-487b-84e8-6054836a870e/elements] with body: {"strategy":"id","selector":"com.fivemobile.thescore:id/text_formatted_rank","context":"","multiple":true}
&amp#27;[38;5;32m[AndroidUiautomator2Driver@cb04 (a84025fa)]&amp#27;[0m Got response with status 200: {"sessionId":"e13e9c10-6759-487b-84e8-6054836a870e","value":[{"ELEMENT":"00000000-0000-0464-ffff-ffff000006f1","element-6066-11e4-a52e-4f735466cecf":"00000000-0000-0464-ffff-ffff000006f1"},{"ELEMENT":"00000000-0000-0464-ffff-ffff000006f7","element-6066-11e4-a52e-4f735466cecf":"00000000-0000-0464-ffff-ffff000006f7"},{"ELEMENT":"00000000-0000-0464-ffff-ffff000006fd","element-6066-11e4-a52e-4f735466cecf":"00000000-0000-0464-ffff-ffff000006fd"},{"ELEMENT":"00000000-0000-0464-ffff-ffff00000703","element-6066-11e4-a52e-4f735466cecf":"00000000-0000-0464-ffff-ffff00000703"},{"ELEMENT":"00000000-0000-0464-ffff-ffff00000709","element-6066-11e4-a52e-4f735466cecf":"00000000-0000-0464-ffff-ffff00000709"},{"ELEMENT":"00000000-0000-0464-ffff-ffff00000713","element-6066-11e4-a52e-4f735466cecf":"00000000-0000-0464-ffff-ffff00000713"},{"ELEMENT":"00000000-0000-0464-ffff-ffff00000719","element-6066-11e4-a52e-4f735466cecf":"00000000-0000-0464-ffff-ffff00000719"},{"ELEMENT":"00000000-0000-0464-ffff-ffff0000071f","element-6066-...
&amp#27;[38;5;32m[AndroidUiautomator2Driver@cb04 (a84025fa)]&amp#27;[0m Responding to client with driver.findElements() result: [{"element-6066-11e4-a52e-4f735466cecf":"00000000-0000-0464-ffff-ffff000006f1","ELEMENT":"00000000-0000-0464-ffff-ffff000006f1"},{"element-6066-11e4-a52e-4f735466cecf":"00000000-0000-0464-ffff-ffff000006f7","ELEMENT":"00000000-0000-0464-ffff-ffff000006f7"},{"element-6066-11e4-a52e-4f735466cecf":"00000000-0000-0464-ffff-ffff000006fd","ELEMENT":"00000000-0000-0464-ffff-ffff000006fd"},{"element-6066-11e4-a52e-4f735466cecf":"00000000-0000-0464-ffff-ffff00000703","ELEMENT":"00000000-0000-0464-ffff-ffff00000703"},{"element-6066-11e4-a52e-4f735466cecf":"00000000-0000-0464-ffff-ffff00000709","ELEMENT":"00000000-0000-0464-ffff-ffff00000709"},{"element-6066-11e4-a52e-4f735466cecf":"00000000-0000-0464-ffff-ffff00000713","ELEMENT":"00000000-0000-0464-ffff-ffff00000713"},{"element-6066-11e4-a52e-4f735466cecf":"00000000-0000-0464-ffff-ffff00000719","ELEMENT":"00000000-0000-0464-ffff-ffff00000719"},{"element-6066-11e4-a52e-4f735466cecf":"00000000-0000-0464-ffff-ffff0000071f","ELEMENT":"00000000-0000-0464-ffff-ffff0000071...
&amp#27;[38;5;0m[HTTP]&amp#27;[0m &amp#27;[37m<-- POST /session/a84025fa-87fd-4432-a89c-6e57f823ae73/elements &amp#27;[39m&amp#27;[32m200&amp#27;[39m &amp#27;[90m96 ms - 1291&amp#27;[39m
&amp#27;[38;5;0m[HTTP]&amp#27;[0m &amp#27;[90m&amp#27;[39m
&amp#27;[38;5;0m[HTTP]&amp#27;[0m &amp#27;[37m-->&amp#27;[39m &amp#27;[37mGET&amp#27;[39m &amp#27;[37m/session/a84025fa-87fd-4432-a89c-6e57f823ae73/context&amp#27;[39m
&amp#27;[38;5;0m[HTTP]&amp#27;[0m &amp#27;[90m{}&amp#27;[39m
&amp#27;[38;5;32m[AndroidUiautomator2Driver@cb04 (a84025fa)]&amp#27;[0m Calling AppiumDriver.getCurrentContext() with args: ["a84025fa-87fd-4432-a89c-6e57f823ae73"]
&amp#27;[38;5;32m[AndroidUiautomator2Driver@cb04 (a84025fa)]&amp#27;[0m Responding to client with driver.getCurrentContext() result: "NATIVE_APP"
&amp#27;[38;5;0m[HTTP]&amp#27;[0m &amp#27;[37m<-- GET /session/a84025fa-87fd-4432-a89c-6e57f823ae73/context &amp#27;[39m&amp#27;[32m200&amp#27;[39m &amp#27;[90m1 ms - 22&amp#27;[39m
&amp#27;[38;5;0m[HTTP]&amp#27;[0m &amp#27;[90m&amp#27;[39m
&amp#27;[38;5;0m[HTTP]&amp#27;[0m &amp#27;[37m-->&amp#27;[39m &amp#27;[37mPOST&amp#27;[39m &amp#27;[37m/session/a84025fa-87fd-4432-a89c-6e57f823ae73/elements&amp#27;[39m
&amp#27;[38;5;0m[HTTP]&amp#27;[0m &amp#27;[90m{"value":"com.fivemobile.thescore:id/text_formatted_rank","using":"id"}&amp#27;[39m
&amp#27;[38;5;32m[AndroidUiautomator2Driver@cb04 (a84025fa)]&amp#27;[0m Calling AppiumDriver.findElements() with args: ["id","com.fivemobile.thescore:id/text_formatted_rank","a84025fa-87fd-4432-a89c-6e57f823ae73"]
&amp#27;[38;5;32m[AndroidUiautomator2Driver@cb04 (a84025fa)]&amp#27;[0m Valid locator strategies for this request: xpath, id, class name, accessibility id, css selector, -android uiautomator
&amp#27;[38;5;32m[AndroidUiautomator2Driver@cb04 (a84025fa)]&amp#27;[0m Waiting up to 10000 ms for condition
&amp#27;[38;5;32m[AndroidUiautomator2Driver@cb04 (a84025fa)]&amp#27;[0m Matched '/elements' to command name 'findElements'
&amp#27;[38;5;32m[AndroidUiautomator2Driver@cb04 (a84025fa)]&amp#27;[0m Proxying [POST /elements] to [POST http://127.0.0.1:8209/session/e13e9c10-6759-487b-84e8-6054836a870e/elements] with body: {"strategy":"id","selector":"com.fivemobile.thescore:id/text_formatted_rank","context":"","multiple":true}
&amp#27;[38;5;32m[AndroidUiautomator2Driver@cb04 (a84025fa)]&amp#27;[0m Got response with status 200: {"sessionId":"e13e9c10-6759-487b-84e8-6054836a870e","value":[{"ELEMENT":"00000000-0000-0464-ffff-ffff000006f1","element-6066-11e4-a52e-4f735466cecf":"00000000-0000-0464-ffff-ffff000006f1"},{"ELEMENT":"00000000-0000-0464-ffff-ffff000006f7","element-6066-11e4-a52e-4f735466cecf":"00000000-0000-0464-ffff-ffff000006f7"},{"ELEMENT":"00000000-0000-0464-ffff-ffff000006fd","element-6066-11e4-a52e-4f735466cecf":"00000000-0000-0464-ffff-ffff000006fd"},{"ELEMENT":"00000000-0000-0464-ffff-ffff00000703","element-6066-11e4-a52e-4f735466cecf":"00000000-0000-0464-ffff-ffff00000703"},{"ELEMENT":"00000000-0000-0464-ffff-ffff00000709","element-6066-11e4-a52e-4f735466cecf":"00000000-0000-0464-ffff-ffff00000709"},{"ELEMENT":"00000000-0000-0464-ffff-ffff00000713","element-6066-11e4-a52e-4f735466cecf":"00000000-0000-0464-ffff-ffff00000713"},{"ELEMENT":"00000000-0000-0464-ffff-ffff00000719","element-6066-11e4-a52e-4f735466cecf":"00000000-0000-0464-ffff-ffff00000719"},{"ELEMENT":"00000000-0000-0464-ffff-ffff0000071f","element-6066-...
&amp#27;[38;5;32m[AndroidUiautomator2Driver@cb04 (a84025fa)]&amp#27;[0m Responding to client with driver.findElements() result: [{"element-6066-11e4-a52e-4f735466cecf":"00000000-0000-0464-ffff-ffff000006f1","ELEMENT":"00000000-0000-0464-ffff-ffff000006f1"},{"element-6066-11e4-a52e-4f735466cecf":"00000000-0000-0464-ffff-ffff000006f7","ELEMENT":"00000000-0000-0464-ffff-ffff000006f7"},{"element-6066-11e4-a52e-4f735466cecf":"00000000-0000-0464-ffff-ffff000006fd","ELEMENT":"00000000-0000-0464-ffff-ffff000006fd"},{"element-6066-11e4-a52e-4f735466cecf":"00000000-0000-0464-ffff-ffff00000703","ELEMENT":"00000000-0000-0464-ffff-ffff00000703"},{"element-6066-11e4-a52e-4f735466cecf":"00000000-0000-0464-ffff-ffff00000709","ELEMENT":"00000000-0000-0464-ffff-ffff00000709"},{"element-6066-11e4-a52e-4f735466cecf":"00000000-0000-0464-ffff-ffff00000713","ELEMENT":"00000000-0000-0464-ffff-ffff00000713"},{"element-6066-11e4-a52e-4f735466cecf":"00000000-0000-0464-ffff-ffff00000719","ELEMENT":"00000000-0000-0464-ffff-ffff00000719"},{"element-6066-11e4-a52e-4f735466cecf":"00000000-0000-0464-ffff-ffff0000071f","ELEMENT":"00000000-0000-0464-ffff-ffff0000071...
&amp#27;[38;5;0m[HTTP]&amp#27;[0m &amp#27;[37m<-- POST /session/a84025fa-87fd-4432-a89c-6e57f823ae73/elements &amp#27;[39m&amp#27;[32m200&amp#27;[39m &amp#27;[90m114 ms - 1291&amp#27;[39m
&amp#27;[38;5;0m[HTTP]&amp#27;[0m &amp#27;[90m&amp#27;[39m
&amp#27;[38;5;0m[HTTP]&amp#27;[0m &amp#27;[37m-->&amp#27;[39m &amp#27;[37mGET&amp#27;[39m &amp#27;[37m/session/a84025fa-87fd-4432-a89c-6e57f823ae73/element/00000000-0000-0464-ffff-ffff00000719/displayed&amp#27;[39m
&amp#27;[38;5;0m[HTTP]&amp#27;[0m &amp#27;[90m{}&amp#27;[39m
&amp#27;[38;5;32m[AndroidUiautomator2Driver@cb04 (a84025fa)]&amp#27;[0m Calling AppiumDriver.elementDisplayed() with args: ["00000000-0000-0464-ffff-ffff00000719","a84025fa-87fd-4432-a89c-6e57f823ae73"]
&amp#27;[38;5;32m[AndroidUiautomator2Driver@cb04 (a84025fa)]&amp#27;[0m Matched '/element/00000000-0000-0464-ffff-ffff00000719/attribute/displayed' to command name 'getAttribute'
&amp#27;[38;5;32m[AndroidUiautomator2Driver@cb04 (a84025fa)]&amp#27;[0m Proxying [GET /element/00000000-0000-0464-ffff-ffff00000719/attribute/displayed] to [GET http://127.0.0.1:8209/session/e13e9c10-6759-487b-84e8-6054836a870e/element/00000000-0000-0464-ffff-ffff00000719/attribute/displayed] with no body
&amp#27;[38;5;32m[AndroidUiautomator2Driver@cb04 (a84025fa)]&amp#27;[0m Got response with status 200: {"sessionId":"e13e9c10-6759-487b-84e8-6054836a870e","value":"true"}
&amp#27;[38;5;32m[AndroidUiautomator2Driver@cb04 (a84025fa)]&amp#27;[0m Responding to client with driver.elementDisplayed() result: true
&amp#27;[38;5;0m[HTTP]&amp#27;[0m &amp#27;[37m<-- GET /session/a84025fa-87fd-4432-a89c-6e57f823ae73/element/00000000-0000-0464-ffff-ffff00000719/displayed &amp#27;[39m&amp#27;[32m200&amp#27;[39m &amp#27;[90m11 ms - 14&amp#27;[39m
&amp#27;[38;5;0m[HTTP]&amp#27;[0m &amp#27;[90m&amp#27;[39m
&amp#27;[38;5;0m[HTTP]&amp#27;[0m &amp#27;[37m-->&amp#27;[39m &amp#27;[37mGET&amp#27;[39m &amp#27;[37m/session/a84025fa-87fd-4432-a89c-6e57f823ae73/context&amp#27;[39m
&amp#27;[38;5;0m[HTTP]&amp#27;[0m &amp#27;[90m{}&amp#27;[39m
&amp#27;[38;5;32m[AndroidUiautomator2Driver@cb04 (a84025fa)]&amp#27;[0m Calling AppiumDriver.getCurrentContext() with args: ["a84025fa-87fd-4432-a89c-6e57f823ae73"]
&amp#27;[38;5;32m[AndroidUiautomator2Driver@cb04 (a84025fa)]&amp#27;[0m Responding to client with driver.getCurrentContext() result: "NATIVE_APP"
&amp#27;[38;5;0m[HTTP]&amp#27;[0m &amp#27;[37m<-- GET /session/a84025fa-87fd-4432-a89c-6e57f823ae73/context &amp#27;[39m&amp#27;[32m200&amp#27;[39m &amp#27;[90m0 ms - 22&amp#27;[39m
&amp#27;[38;5;0m[HTTP]&amp#27;[0m &amp#27;[90m&amp#27;[39m
&amp#27;[38;5;0m[HTTP]&amp#27;[0m &amp#27;[37m-->&amp#27;[39m &amp#27;[37mPOST&amp#27;[39m &amp#27;[37m/session/a84025fa-87fd-4432-a89c-6e57f823ae73/elements&amp#27;[39m
&amp#27;[38;5;0m[HTTP]&amp#27;[0m &amp#27;[90m{"value":"com.fivemobile.thescore:id/text_formatted_rank","using":"id"}&amp#27;[39m
&amp#27;[38;5;32m[AndroidUiautomator2Driver@cb04 (a84025fa)]&amp#27;[0m Calling AppiumDriver.findElements() with args: ["id","com.fivemobile.thescore:id/text_formatted_rank","a84025fa-87fd-4432-a89c-6e57f823ae73"]
&amp#27;[38;5;32m[AndroidUiautomator2Driver@cb04 (a84025fa)]&amp#27;[0m Valid locator strategies for this request: xpath, id, class name, accessibility id, css selector, -android uiautomator
&amp#27;[38;5;32m[AndroidUiautomator2Driver@cb04 (a84025fa)]&amp#27;[0m Waiting up to 10000 ms for condition
&amp#27;[38;5;32m[AndroidUiautomator2Driver@cb04 (a84025fa)]&amp#27;[0m Matched '/elements' to command name 'findElements'
&amp#27;[38;5;32m[AndroidUiautomator2Driver@cb04 (a84025fa)]&amp#27;[0m Proxying [POST /elements] to [POST http://127.0.0.1:8209/session/e13e9c10-6759-487b-84e8-6054836a870e/elements] with body: {"strategy":"id","selector":"com.fivemobile.thescore:id/text_formatted_rank","context":"","multiple":true}
&amp#27;[38;5;32m[AndroidUiautomator2Driver@cb04 (a84025fa)]&amp#27;[0m Got response with status 200: {"sessionId":"e13e9c10-6759-487b-84e8-6054836a870e","value":[{"ELEMENT":"00000000-0000-0464-ffff-ffff000006f1","element-6066-11e4-a52e-4f735466cecf":"00000000-0000-0464-ffff-ffff000006f1"},{"ELEMENT":"00000000-0000-0464-ffff-ffff000006f7","element-6066-11e4-a52e-4f735466cecf":"00000000-0000-0464-ffff-ffff000006f7"},{"ELEMENT":"00000000-0000-0464-ffff-ffff000006fd","element-6066-11e4-a52e-4f735466cecf":"00000000-0000-0464-ffff-ffff000006fd"},{"ELEMENT":"00000000-0000-0464-ffff-ffff00000703","element-6066-11e4-a52e-4f735466cecf":"00000000-0000-0464-ffff-ffff00000703"},{"ELEMENT":"00000000-0000-0464-ffff-ffff00000709","element-6066-11e4-a52e-4f735466cecf":"00000000-0000-0464-ffff-ffff00000709"},{"ELEMENT":"00000000-0000-0464-ffff-ffff00000713","element-6066-11e4-a52e-4f735466cecf":"00000000-0000-0464-ffff-ffff00000713"},{"ELEMENT":"00000000-0000-0464-ffff-ffff00000719","element-6066-11e4-a52e-4f735466cecf":"00000000-0000-0464-ffff-ffff00000719"},{"ELEMENT":"00000000-0000-0464-ffff-ffff0000071f","element-6066-...
&amp#27;[38;5;32m[AndroidUiautomator2Driver@cb04 (a84025fa)]&amp#27;[0m Responding to client with driver.findElements() result: [{"element-6066-11e4-a52e-4f735466cecf":"00000000-0000-0464-ffff-ffff000006f1","ELEMENT":"00000000-0000-0464-ffff-ffff000006f1"},{"element-6066-11e4-a52e-4f735466cecf":"00000000-0000-0464-ffff-ffff000006f7","ELEMENT":"00000000-0000-0464-ffff-ffff000006f7"},{"element-6066-11e4-a52e-4f735466cecf":"00000000-0000-0464-ffff-ffff000006fd","ELEMENT":"00000000-0000-0464-ffff-ffff000006fd"},{"element-6066-11e4-a52e-4f735466cecf":"00000000-0000-0464-ffff-ffff00000703","ELEMENT":"00000000-0000-0464-ffff-ffff00000703"},{"element-6066-11e4-a52e-4f735466cecf":"00000000-0000-0464-ffff-ffff00000709","ELEMENT":"00000000-0000-0464-ffff-ffff00000709"},{"element-6066-11e4-a52e-4f735466cecf":"00000000-0000-0464-ffff-ffff00000713","ELEMENT":"00000000-0000-0464-ffff-ffff00000713"},{"element-6066-11e4-a52e-4f735466cecf":"00000000-0000-0464-ffff-ffff00000719","ELEMENT":"00000000-0000-0464-ffff-ffff00000719"},{"element-6066-11e4-a52e-4f735466cecf":"00000000-0000-0464-ffff-ffff0000071f","ELEMENT":"00000000-0000-0464-ffff-ffff0000071...
&amp#27;[38;5;0m[HTTP]&amp#27;[0m &amp#27;[37m<-- POST /session/a84025fa-87fd-4432-a89c-6e57f823ae73/elements &amp#27;[39m&amp#27;[32m200&amp#27;[39m &amp#27;[90m106 ms - 1291&amp#27;[39m
&amp#27;[38;5;0m[HTTP]&amp#27;[0m &amp#27;[90m&amp#27;[39m
&amp#27;[38;5;0m[HTTP]&amp#27;[0m &amp#27;[37m-->&amp#27;[39m &amp#27;[37mGET&amp#27;[39m &amp#27;[37m/session/a84025fa-87fd-4432-a89c-6e57f823ae73/context&amp#27;[39m
&amp#27;[38;5;0m[HTTP]&amp#27;[0m &amp#27;[90m{}&amp#27;[39m
&amp#27;[38;5;32m[AndroidUiautomator2Driver@cb04 (a84025fa)]&amp#27;[0m Calling AppiumDriver.getCurrentContext() with args: ["a84025fa-87fd-4432-a89c-6e57f823ae73"]
&amp#27;[38;5;32m[AndroidUiautomator2Driver@cb04 (a84025fa)]&amp#27;[0m Responding to client with driver.getCurrentContext() result: "NATIVE_APP"
&amp#27;[38;5;0m[HTTP]&amp#27;[0m &amp#27;[37m<-- GET /session/a84025fa-87fd-4432-a89c-6e57f823ae73/context &amp#27;[39m&amp#27;[32m200&amp#27;[39m &amp#27;[90m1 ms - 22&amp#27;[39m
&amp#27;[38;5;0m[HTTP]&amp#27;[0m &amp#27;[90m&amp#27;[39m
&amp#27;[38;5;0m[HTTP]&amp#27;[0m &amp#27;[37m-->&amp#27;[39m &amp#27;[37mPOST&amp#27;[39m &amp#27;[37m/session/a84025fa-87fd-4432-a89c-6e57f823ae73/elements&amp#27;[39m
&amp#27;[38;5;0m[HTTP]&amp#27;[0m &amp#27;[90m{"value":"com.fivemobile.thescore:id/text_formatted_rank","using":"id"}&amp#27;[39m
&amp#27;[38;5;32m[AndroidUiautomator2Driver@cb04 (a84025fa)]&amp#27;[0m Calling AppiumDriver.findElements() with args: ["id","com.fivemobile.thescore:id/text_formatted_rank","a84025fa-87fd-4432-a89c-6e57f823ae73"]
&amp#27;[38;5;32m[AndroidUiautomator2Driver@cb04 (a84025fa)]&amp#27;[0m Valid locator strategies for this request: xpath, id, class name, accessibility id, css selector, -android uiautomator
&amp#27;[38;5;32m[AndroidUiautomator2Driver@cb04 (a84025fa)]&amp#27;[0m Waiting up to 10000 ms for condition
&amp#27;[38;5;32m[AndroidUiautomator2Driver@cb04 (a84025fa)]&amp#27;[0m Matched '/elements' to command name 'findElements'
&amp#27;[38;5;32m[AndroidUiautomator2Driver@cb04 (a84025fa)]&amp#27;[0m Proxying [POST /elements] to [POST http://127.0.0.1:8209/session/e13e9c10-6759-487b-84e8-6054836a870e/elements] with body: {"strategy":"id","selector":"com.fivemobile.thescore:id/text_formatted_rank","context":"","multiple":true}
&amp#27;[38;5;32m[AndroidUiautomator2Driver@cb04 (a84025fa)]&amp#27;[0m Got response with status 200: {"sessionId":"e13e9c10-6759-487b-84e8-6054836a870e","value":[{"ELEMENT":"00000000-0000-0464-ffff-ffff000006f1","element-6066-11e4-a52e-4f735466cecf":"00000000-0000-0464-ffff-ffff000006f1"},{"ELEMENT":"00000000-0000-0464-ffff-ffff000006f7","element-6066-11e4-a52e-4f735466cecf":"00000000-0000-0464-ffff-ffff000006f7"},{"ELEMENT":"00000000-0000-0464-ffff-ffff000006fd","element-6066-11e4-a52e-4f735466cecf":"00000000-0000-0464-ffff-ffff000006fd"},{"ELEMENT":"00000000-0000-0464-ffff-ffff00000703","element-6066-11e4-a52e-4f735466cecf":"00000000-0000-0464-ffff-ffff00000703"},{"ELEMENT":"00000000-0000-0464-ffff-ffff00000709","element-6066-11e4-a52e-4f735466cecf":"00000000-0000-0464-ffff-ffff00000709"},{"ELEMENT":"00000000-0000-0464-ffff-ffff00000713","element-6066-11e4-a52e-4f735466cecf":"00000000-0000-0464-ffff-ffff00000713"},{"ELEMENT":"00000000-0000-0464-ffff-ffff00000719","element-6066-11e4-a52e-4f735466cecf":"00000000-0000-0464-ffff-ffff00000719"},{"ELEMENT":"00000000-0000-0464-ffff-ffff0000071f","element-6066-...
&amp#27;[38;5;32m[AndroidUiautomator2Driver@cb04 (a84025fa)]&amp#27;[0m Responding to client with driver.findElements() result: [{"element-6066-11e4-a52e-4f735466cecf":"00000000-0000-0464-ffff-ffff000006f1","ELEMENT":"00000000-0000-0464-ffff-ffff000006f1"},{"element-6066-11e4-a52e-4f735466cecf":"00000000-0000-0464-ffff-ffff000006f7","ELEMENT":"00000000-0000-0464-ffff-ffff000006f7"},{"element-6066-11e4-a52e-4f735466cecf":"00000000-0000-0464-ffff-ffff000006fd","ELEMENT":"00000000-0000-0464-ffff-ffff000006fd"},{"element-6066-11e4-a52e-4f735466cecf":"00000000-0000-0464-ffff-ffff00000703","ELEMENT":"00000000-0000-0464-ffff-ffff00000703"},{"element-6066-11e4-a52e-4f735466cecf":"00000000-0000-0464-ffff-ffff00000709","ELEMENT":"00000000-0000-0464-ffff-ffff00000709"},{"element-6066-11e4-a52e-4f735466cecf":"00000000-0000-0464-ffff-ffff00000713","ELEMENT":"00000000-0000-0464-ffff-ffff00000713"},{"element-6066-11e4-a52e-4f735466cecf":"00000000-0000-0464-ffff-ffff00000719","ELEMENT":"00000000-0000-0464-ffff-ffff00000719"},{"element-6066-11e4-a52e-4f735466cecf":"00000000-0000-0464-ffff-ffff0000071f","ELEMENT":"00000000-0000-0464-ffff-ffff0000071...
&amp#27;[38;5;0m[HTTP]&amp#27;[0m &amp#27;[37m<-- POST /session/a84025fa-87fd-4432-a89c-6e57f823ae73/elements &amp#27;[39m&amp#27;[32m200&amp#27;[39m &amp#27;[90m115 ms - 1291&amp#27;[39m
&amp#27;[38;5;0m[HTTP]&amp#27;[0m &amp#27;[90m&amp#27;[39m
&amp#27;[38;5;0m[HTTP]&amp#27;[0m &amp#27;[37m-->&amp#27;[39m &amp#27;[37mGET&amp#27;[39m &amp#27;[37m/session/a84025fa-87fd-4432-a89c-6e57f823ae73/element/00000000-0000-0464-ffff-ffff0000071f/displayed&amp#27;[39m
&amp#27;[38;5;0m[HTTP]&amp#27;[0m &amp#27;[90m{}&amp#27;[39m
&amp#27;[38;5;32m[AndroidUiautomator2Driver@cb04 (a84025fa)]&amp#27;[0m Calling AppiumDriver.elementDisplayed() with args: ["00000000-0000-0464-ffff-ffff0000071f","a84025fa-87fd-4432-a89c-6e57f823ae73"]
&amp#27;[38;5;32m[AndroidUiautomator2Driver@cb04 (a84025fa)]&amp#27;[0m Matched '/element/00000000-0000-0464-ffff-ffff0000071f/attribute/displayed' to command name 'getAttribute'
&amp#27;[38;5;32m[AndroidUiautomator2Driver@cb04 (a84025fa)]&amp#27;[0m Proxying [GET /element/00000000-0000-0464-ffff-ffff0000071f/attribute/displayed] to [GET http://127.0.0.1:8209/session/e13e9c10-6759-487b-84e8-6054836a870e/element/00000000-0000-0464-ffff-ffff0000071f/attribute/displayed] with no body
&amp#27;[38;5;32m[AndroidUiautomator2Driver@cb04 (a84025fa)]&amp#27;[0m Got response with status 200: {"sessionId":"e13e9c10-6759-487b-84e8-6054836a870e","value":"true"}
&amp#27;[38;5;32m[AndroidUiautomator2Driver@cb04 (a84025fa)]&amp#27;[0m Responding to client with driver.elementDisplayed() result: true
&amp#27;[38;5;0m[HTTP]&amp#27;[0m &amp#27;[37m<-- GET /session/a84025fa-87fd-4432-a89c-6e57f823ae73/element/00000000-0000-0464-ffff-ffff0000071f/displayed &amp#27;[39m&amp#27;[32m200&amp#27;[39m &amp#27;[90m9 ms - 14&amp#27;[39m
&amp#27;[38;5;0m[HTTP]&amp#27;[0m &amp#27;[90m&amp#27;[39m
&amp#27;[38;5;0m[HTTP]&amp#27;[0m &amp#27;[37m-->&amp#27;[39m &amp#27;[37mGET&amp#27;[39m &amp#27;[37m/session/a84025fa-87fd-4432-a89c-6e57f823ae73/context&amp#27;[39m
&amp#27;[38;5;0m[HTTP]&amp#27;[0m &amp#27;[90m{}&amp#27;[39m
&amp#27;[38;5;32m[AndroidUiautomator2Driver@cb04 (a84025fa)]&amp#27;[0m Calling AppiumDriver.getCurrentContext() with args: ["a84025fa-87fd-4432-a89c-6e57f823ae73"]
&amp#27;[38;5;32m[AndroidUiautomator2Driver@cb04 (a84025fa)]&amp#27;[0m Responding to client with driver.getCurrentContext() result: "NATIVE_APP"
&amp#27;[38;5;0m[HTTP]&amp#27;[0m &amp#27;[37m<-- GET /session/a84025fa-87fd-4432-a89c-6e57f823ae73/context &amp#27;[39m&amp#27;[32m200&amp#27;[39m &amp#27;[90m0 ms - 22&amp#27;[39m
&amp#27;[38;5;0m[HTTP]&amp#27;[0m &amp#27;[90m&amp#27;[39m
&amp#27;[38;5;0m[HTTP]&amp#27;[0m &amp#27;[37m-->&amp#27;[39m &amp#27;[37mPOST&amp#27;[39m &amp#27;[37m/session/a84025fa-87fd-4432-a89c-6e57f823ae73/elements&amp#27;[39m
&amp#27;[38;5;0m[HTTP]&amp#27;[0m &amp#27;[90m{"value":"com.fivemobile.thescore:id/text_formatted_rank","using":"id"}&amp#27;[39m
&amp#27;[38;5;32m[AndroidUiautomator2Driver@cb04 (a84025fa)]&amp#27;[0m Calling AppiumDriver.findElements() with args: ["id","com.fivemobile.thescore:id/text_formatted_rank","a84025fa-87fd-4432-a89c-6e57f823ae73"]
&amp#27;[38;5;32m[AndroidUiautomator2Driver@cb04 (a84025fa)]&amp#27;[0m Valid locator strategies for this request: xpath, id, class name, accessibility id, css selector, -android uiautomator
&amp#27;[38;5;32m[AndroidUiautomator2Driver@cb04 (a84025fa)]&amp#27;[0m Waiting up to 10000 ms for condition
&amp#27;[38;5;32m[AndroidUiautomator2Driver@cb04 (a84025fa)]&amp#27;[0m Matched '/elements' to command name 'findElements'
&amp#27;[38;5;32m[AndroidUiautomator2Driver@cb04 (a84025fa)]&amp#27;[0m Proxying [POST /elements] to [POST http://127.0.0.1:8209/session/e13e9c10-6759-487b-84e8-6054836a870e/elements] with body: {"strategy":"id","selector":"com.fivemobile.thescore:id/text_formatted_rank","context":"","multiple":true}
&amp#27;[38;5;32m[AndroidUiautomator2Driver@cb04 (a84025fa)]&amp#27;[0m Got response with status 200: {"sessionId":"e13e9c10-6759-487b-84e8-6054836a870e","value":[{"ELEMENT":"00000000-0000-0464-ffff-ffff000006f1","element-6066-11e4-a52e-4f735466cecf":"00000000-0000-0464-ffff-ffff000006f1"},{"ELEMENT":"00000000-0000-0464-ffff-ffff000006f7","element-6066-11e4-a52e-4f735466cecf":"00000000-0000-0464-ffff-ffff000006f7"},{"ELEMENT":"00000000-0000-0464-ffff-ffff000006fd","element-6066-11e4-a52e-4f735466cecf":"00000000-0000-0464-ffff-ffff000006fd"},{"ELEMENT":"00000000-0000-0464-ffff-ffff00000703","element-6066-11e4-a52e-4f735466cecf":"00000000-0000-0464-ffff-ffff00000703"},{"ELEMENT":"00000000-0000-0464-ffff-ffff00000709","element-6066-11e4-a52e-4f735466cecf":"00000000-0000-0464-ffff-ffff00000709"},{"ELEMENT":"00000000-0000-0464-ffff-ffff00000713","element-6066-11e4-a52e-4f735466cecf":"00000000-0000-0464-ffff-ffff00000713"},{"ELEMENT":"00000000-0000-0464-ffff-ffff00000719","element-6066-11e4-a52e-4f735466cecf":"00000000-0000-0464-ffff-ffff00000719"},{"ELEMENT":"00000000-0000-0464-ffff-ffff0000071f","element-6066-...
&amp#27;[38;5;32m[AndroidUiautomator2Driver@cb04 (a84025fa)]&amp#27;[0m Responding to client with driver.findElements() result: [{"element-6066-11e4-a52e-4f735466cecf":"00000000-0000-0464-ffff-ffff000006f1","ELEMENT":"00000000-0000-0464-ffff-ffff000006f1"},{"element-6066-11e4-a52e-4f735466cecf":"00000000-0000-0464-ffff-ffff000006f7","ELEMENT":"00000000-0000-0464-ffff-ffff000006f7"},{"element-6066-11e4-a52e-4f735466cecf":"00000000-0000-0464-ffff-ffff000006fd","ELEMENT":"00000000-0000-0464-ffff-ffff000006fd"},{"element-6066-11e4-a52e-4f735466cecf":"00000000-0000-0464-ffff-ffff00000703","ELEMENT":"00000000-0000-0464-ffff-ffff00000703"},{"element-6066-11e4-a52e-4f735466cecf":"00000000-0000-0464-ffff-ffff00000709","ELEMENT":"00000000-0000-0464-ffff-ffff00000709"},{"element-6066-11e4-a52e-4f735466cecf":"00000000-0000-0464-ffff-ffff00000713","ELEMENT":"00000000-0000-0464-ffff-ffff00000713"},{"element-6066-11e4-a52e-4f735466cecf":"00000000-0000-0464-ffff-ffff00000719","ELEMENT":"00000000-0000-0464-ffff-ffff00000719"},{"element-6066-11e4-a52e-4f735466cecf":"00000000-0000-0464-ffff-ffff0000071f","ELEMENT":"00000000-0000-0464-ffff-ffff0000071...
&amp#27;[38;5;0m[HTTP]&amp#27;[0m &amp#27;[37m<-- POST /session/a84025fa-87fd-4432-a89c-6e57f823ae73/elements &amp#27;[39m&amp#27;[32m200&amp#27;[39m &amp#27;[90m113 ms - 1291&amp#27;[39m
&amp#27;[38;5;0m[HTTP]&amp#27;[0m &amp#27;[90m&amp#27;[39m
&amp#27;[38;5;0m[HTTP]&amp#27;[0m &amp#27;[37m-->&amp#27;[39m &amp#27;[37mGET&amp#27;[39m &amp#27;[37m/session/a84025fa-87fd-4432-a89c-6e57f823ae73/context&amp#27;[39m
&amp#27;[38;5;0m[HTTP]&amp#27;[0m &amp#27;[90m{}&amp#27;[39m
&amp#27;[38;5;32m[AndroidUiautomator2Driver@cb04 (a84025fa)]&amp#27;[0m Calling AppiumDriver.getCurrentContext() with args: ["a84025fa-87fd-4432-a89c-6e57f823ae73"]
&amp#27;[38;5;32m[AndroidUiautomator2Driver@cb04 (a84025fa)]&amp#27;[0m Responding to client with driver.getCurrentContext() result: "NATIVE_APP"
&amp#27;[38;5;0m[HTTP]&amp#27;[0m &amp#27;[37m<-- GET /session/a84025fa-87fd-4432-a89c-6e57f823ae73/context &amp#27;[39m&amp#27;[32m200&amp#27;[39m &amp#27;[90m1 ms - 22&amp#27;[39m
&amp#27;[38;5;0m[HTTP]&amp#27;[0m &amp#27;[90m&amp#27;[39m
&amp#27;[38;5;0m[HTTP]&amp#27;[0m &amp#27;[37m-->&amp#27;[39m &amp#27;[37mPOST&amp#27;[39m &amp#27;[37m/session/a84025fa-87fd-4432-a89c-6e57f823ae73/elements&amp#27;[39m
&amp#27;[38;5;0m[HTTP]&amp#27;[0m &amp#27;[90m{"value":"com.fivemobile.thescore:id/text_formatted_rank","using":"id"}&amp#27;[39m
&amp#27;[38;5;32m[AndroidUiautomator2Driver@cb04 (a84025fa)]&amp#27;[0m Calling AppiumDriver.findElements() with args: ["id","com.fivemobile.thescore:id/text_formatted_rank","a84025fa-87fd-4432-a89c-6e57f823ae73"]
&amp#27;[38;5;32m[AndroidUiautomator2Driver@cb04 (a84025fa)]&amp#27;[0m Valid locator strategies for this request: xpath, id, class name, accessibility id, css selector, -android uiautomator
&amp#27;[38;5;32m[AndroidUiautomator2Driver@cb04 (a84025fa)]&amp#27;[0m Waiting up to 10000 ms for condition
&amp#27;[38;5;32m[AndroidUiautomator2Driver@cb04 (a84025fa)]&amp#27;[0m Matched '/elements' to command name 'findElements'
&amp#27;[38;5;32m[AndroidUiautomator2Driver@cb04 (a84025fa)]&amp#27;[0m Proxying [POST /elements] to [POST http://127.0.0.1:8209/session/e13e9c10-6759-487b-84e8-6054836a870e/elements] with body: {"strategy":"id","selector":"com.fivemobile.thescore:id/text_formatted_rank","context":"","multiple":true}
&amp#27;[38;5;32m[AndroidUiautomator2Driver@cb04 (a84025fa)]&amp#27;[0m Got response with status 200: {"sessionId":"e13e9c10-6759-487b-84e8-6054836a870e","value":[{"ELEMENT":"00000000-0000-0464-ffff-ffff000006f1","element-6066-11e4-a52e-4f735466cecf":"00000000-0000-0464-ffff-ffff000006f1"},{"ELEMENT":"00000000-0000-0464-ffff-ffff000006f7","element-6066-11e4-a52e-4f735466cecf":"00000000-0000-0464-ffff-ffff000006f7"},{"ELEMENT":"00000000-0000-0464-ffff-ffff000006fd","element-6066-11e4-a52e-4f735466cecf":"00000000-0000-0464-ffff-ffff000006fd"},{"ELEMENT":"00000000-0000-0464-ffff-ffff00000703","element-6066-11e4-a52e-4f735466cecf":"00000000-0000-0464-ffff-ffff00000703"},{"ELEMENT":"00000000-0000-0464-ffff-ffff00000709","element-6066-11e4-a52e-4f735466cecf":"00000000-0000-0464-ffff-ffff00000709"},{"ELEMENT":"00000000-0000-0464-ffff-ffff00000713","element-6066-11e4-a52e-4f735466cecf":"00000000-0000-0464-ffff-ffff00000713"},{"ELEMENT":"00000000-0000-0464-ffff-ffff00000719","element-6066-11e4-a52e-4f735466cecf":"00000000-0000-0464-ffff-ffff00000719"},{"ELEMENT":"00000000-0000-0464-ffff-ffff0000071f","element-6066-...
&amp#27;[38;5;32m[AndroidUiautomator2Driver@cb04 (a84025fa)]&amp#27;[0m Responding to client with driver.findElements() result: [{"element-6066-11e4-a52e-4f735466cecf":"00000000-0000-0464-ffff-ffff000006f1","ELEMENT":"00000000-0000-0464-ffff-ffff000006f1"},{"element-6066-11e4-a52e-4f735466cecf":"00000000-0000-0464-ffff-ffff000006f7","ELEMENT":"00000000-0000-0464-ffff-ffff000006f7"},{"element-6066-11e4-a52e-4f735466cecf":"00000000-0000-0464-ffff-ffff000006fd","ELEMENT":"00000000-0000-0464-ffff-ffff000006fd"},{"element-6066-11e4-a52e-4f735466cecf":"00000000-0000-0464-ffff-ffff00000703","ELEMENT":"00000000-0000-0464-ffff-ffff00000703"},{"element-6066-11e4-a52e-4f735466cecf":"00000000-0000-0464-ffff-ffff00000709","ELEMENT":"00000000-0000-0464-ffff-ffff00000709"},{"element-6066-11e4-a52e-4f735466cecf":"00000000-0000-0464-ffff-ffff00000713","ELEMENT":"00000000-0000-0464-ffff-ffff00000713"},{"element-6066-11e4-a52e-4f735466cecf":"00000000-0000-0464-ffff-ffff00000719","ELEMENT":"00000000-0000-0464-ffff-ffff00000719"},{"element-6066-11e4-a52e-4f735466cecf":"00000000-0000-0464-ffff-ffff0000071f","ELEMENT":"00000000-0000-0464-ffff-ffff0000071...
&amp#27;[38;5;0m[HTTP]&amp#27;[0m &amp#27;[37m<-- POST /session/a84025fa-87fd-4432-a89c-6e57f823ae73/elements &amp#27;[39m&amp#27;[32m200&amp#27;[39m &amp#27;[90m636 ms - 1291&amp#27;[39m
&amp#27;[38;5;0m[HTTP]&amp#27;[0m &amp#27;[90m&amp#27;[39m
&amp#27;[38;5;0m[HTTP]&amp#27;[0m &amp#27;[37m-->&amp#27;[39m &amp#27;[37mGET&amp#27;[39m &amp#27;[37m/session/a84025fa-87fd-4432-a89c-6e57f823ae73/element/00000000-0000-0464-ffff-ffff00000725/displayed&amp#27;[39m
&amp#27;[38;5;0m[HTTP]&amp#27;[0m &amp#27;[90m{}&amp#27;[39m
&amp#27;[38;5;32m[AndroidUiautomator2Driver@cb04 (a84025fa)]&amp#27;[0m Calling AppiumDriver.elementDisplayed() with args: ["00000000-0000-0464-ffff-ffff00000725","a84025fa-87fd-4432-a89c-6e57f823ae73"]
&amp#27;[38;5;32m[AndroidUiautomator2Driver@cb04 (a84025fa)]&amp#27;[0m Matched '/element/00000000-0000-0464-ffff-ffff00000725/attribute/displayed' to command name 'getAttribute'
&amp#27;[38;5;32m[AndroidUiautomator2Driver@cb04 (a84025fa)]&amp#27;[0m Proxying [GET /element/00000000-0000-0464-ffff-ffff00000725/attribute/displayed] to [GET http://127.0.0.1:8209/session/e13e9c10-6759-487b-84e8-6054836a870e/element/00000000-0000-0464-ffff-ffff00000725/attribute/displayed] with no body
&amp#27;[38;5;32m[AndroidUiautomator2Driver@cb04 (a84025fa)]&amp#27;[0m Got response with status 200: {"sessionId":"e13e9c10-6759-487b-84e8-6054836a870e","value":"true"}
&amp#27;[38;5;32m[AndroidUiautomator2Driver@cb04 (a84025fa)]&amp#27;[0m Responding to client with driver.elementDisplayed() result: true
&amp#27;[38;5;0m[HTTP]&amp#27;[0m &amp#27;[37m<-- GET /session/a84025fa-87fd-4432-a89c-6e57f823ae73/element/00000000-0000-0464-ffff-ffff00000725/displayed &amp#27;[39m&amp#27;[32m200&amp#27;[39m &amp#27;[90m37 ms - 14&amp#27;[39m
&amp#27;[38;5;0m[HTTP]&amp#27;[0m &amp#27;[90m&amp#27;[39m
&amp#27;[38;5;0m[HTTP]&amp#27;[0m &amp#27;[37m-->&amp#27;[39m &amp#27;[37mGET&amp#27;[39m &amp#27;[37m/session/a84025fa-87fd-4432-a89c-6e57f823ae73/context&amp#27;[39m
&amp#27;[38;5;0m[HTTP]&amp#27;[0m &amp#27;[90m{}&amp#27;[39m
&amp#27;[38;5;32m[AndroidUiautomator2Driver@cb04 (a84025fa)]&amp#27;[0m Calling AppiumDriver.getCurrentContext() with args: ["a84025fa-87fd-4432-a89c-6e57f823ae73"]
&amp#27;[38;5;32m[AndroidUiautomator2Driver@cb04 (a84025fa)]&amp#27;[0m Responding to client with driver.getCurrentContext() result: "NATIVE_APP"
&amp#27;[38;5;0m[HTTP]&amp#27;[0m &amp#27;[37m<-- GET /session/a84025fa-87fd-4432-a89c-6e57f823ae73/context &amp#27;[39m&amp#27;[32m200&amp#27;[39m &amp#27;[90m1 ms - 22&amp#27;[39m
&amp#27;[38;5;0m[HTTP]&amp#27;[0m &amp#27;[90m&amp#27;[39m
&amp#27;[38;5;0m[HTTP]&amp#27;[0m &amp#27;[37m-->&amp#27;[39m &amp#27;[37mPOST&amp#27;[39m &amp#27;[37m/session/a84025fa-87fd-4432-a89c-6e57f823ae73/elements&amp#27;[39m
&amp#27;[38;5;0m[HTTP]&amp#27;[0m &amp#27;[90m{"value":"com.fivemobile.thescore:id/text_formatted_rank","using":"id"}&amp#27;[39m
&amp#27;[38;5;32m[AndroidUiautomator2Driver@cb04 (a84025fa)]&amp#27;[0m Calling AppiumDriver.findElements() with args: ["id","com.fivemobile.thescore:id/text_formatted_rank","a84025fa-87fd-4432-a89c-6e57f823ae73"]
&amp#27;[38;5;32m[AndroidUiautomator2Driver@cb04 (a84025fa)]&amp#27;[0m Valid locator strategies for this request: xpath, id, class name, accessibility id, css selector, -android uiautomator
&amp#27;[38;5;32m[AndroidUiautomator2Driver@cb04 (a84025fa)]&amp#27;[0m Waiting up to 10000 ms for condition
&amp#27;[38;5;32m[AndroidUiautomator2Driver@cb04 (a84025fa)]&amp#27;[0m Matched '/elements' to command name 'findElements'
&amp#27;[38;5;32m[AndroidUiautomator2Driver@cb04 (a84025fa)]&amp#27;[0m Proxying [POST /elements] to [POST http://127.0.0.1:8209/session/e13e9c10-6759-487b-84e8-6054836a870e/elements] with body: {"strategy":"id","selector":"com.fivemobile.thescore:id/text_formatted_rank","context":"","multiple":true}
&amp#27;[38;5;32m[AndroidUiautomator2Driver@cb04 (a84025fa)]&amp#27;[0m Got response with status 200: {"sessionId":"e13e9c10-6759-487b-84e8-6054836a870e","value":[{"ELEMENT":"00000000-0000-0464-ffff-ffff000006f1","element-6066-11e4-a52e-4f735466cecf":"00000000-0000-0464-ffff-ffff000006f1"},{"ELEMENT":"00000000-0000-0464-ffff-ffff000006f7","element-6066-11e4-a52e-4f735466cecf":"00000000-0000-0464-ffff-ffff000006f7"},{"ELEMENT":"00000000-0000-0464-ffff-ffff000006fd","element-6066-11e4-a52e-4f735466cecf":"00000000-0000-0464-ffff-ffff000006fd"},{"ELEMENT":"00000000-0000-0464-ffff-ffff00000703","element-6066-11e4-a52e-4f735466cecf":"00000000-0000-0464-ffff-ffff00000703"},{"ELEMENT":"00000000-0000-0464-ffff-ffff00000709","element-6066-11e4-a52e-4f735466cecf":"00000000-0000-0464-ffff-ffff00000709"},{"ELEMENT":"00000000-0000-0464-ffff-ffff00000713","element-6066-11e4-a52e-4f735466cecf":"00000000-0000-0464-ffff-ffff00000713"},{"ELEMENT":"00000000-0000-0464-ffff-ffff00000719","element-6066-11e4-a52e-4f735466cecf":"00000000-0000-0464-ffff-ffff00000719"},{"ELEMENT":"00000000-0000-0464-ffff-ffff0000071f","element-6066-...
&amp#27;[38;5;32m[AndroidUiautomator2Driver@cb04 (a84025fa)]&amp#27;[0m Responding to client with driver.findElements() result: [{"element-6066-11e4-a52e-4f735466cecf":"00000000-0000-0464-ffff-ffff000006f1","ELEMENT":"00000000-0000-0464-ffff-ffff000006f1"},{"element-6066-11e4-a52e-4f735466cecf":"00000000-0000-0464-ffff-ffff000006f7","ELEMENT":"00000000-0000-0464-ffff-ffff000006f7"},{"element-6066-11e4-a52e-4f735466cecf":"00000000-0000-0464-ffff-ffff000006fd","ELEMENT":"00000000-0000-0464-ffff-ffff000006fd"},{"element-6066-11e4-a52e-4f735466cecf":"00000000-0000-0464-ffff-ffff00000703","ELEMENT":"00000000-0000-0464-ffff-ffff00000703"},{"element-6066-11e4-a52e-4f735466cecf":"00000000-0000-0464-ffff-ffff00000709","ELEMENT":"00000000-0000-0464-ffff-ffff00000709"},{"element-6066-11e4-a52e-4f735466cecf":"00000000-0000-0464-ffff-ffff00000713","ELEMENT":"00000000-0000-0464-ffff-ffff00000713"},{"element-6066-11e4-a52e-4f735466cecf":"00000000-0000-0464-ffff-ffff00000719","ELEMENT":"00000000-0000-0464-ffff-ffff00000719"},{"element-6066-11e4-a52e-4f735466cecf":"00000000-0000-0464-ffff-ffff0000071f","ELEMENT":"00000000-0000-0464-ffff-ffff0000071...
&amp#27;[38;5;0m[HTTP]&amp#27;[0m &amp#27;[37m<-- POST /session/a84025fa-87fd-4432-a89c-6e57f823ae73/elements &amp#27;[39m&amp#27;[32m200&amp#27;[39m &amp#27;[90m379 ms - 1291&amp#27;[39m
&amp#27;[38;5;0m[HTTP]&amp#27;[0m &amp#27;[90m&amp#27;[39m
&amp#27;[38;5;0m[HTTP]&amp#27;[0m &amp#27;[37m-->&amp#27;[39m &amp#27;[37mGET&amp#27;[39m &amp#27;[37m/session/a84025fa-87fd-4432-a89c-6e57f823ae73/context&amp#27;[39m
&amp#27;[38;5;0m[HTTP]&amp#27;[0m &amp#27;[90m{}&amp#27;[39m
&amp#27;[38;5;32m[AndroidUiautomator2Driver@cb04 (a84025fa)]&amp#27;[0m Calling AppiumDriver.getCurrentContext() with args: ["a84025fa-87fd-4432-a89c-6e57f823ae73"]
&amp#27;[38;5;32m[AndroidUiautomator2Driver@cb04 (a84025fa)]&amp#27;[0m Responding to client with driver.getCurrentContext() result: "NATIVE_APP"
&amp#27;[38;5;0m[HTTP]&amp#27;[0m &amp#27;[37m<-- GET /session/a84025fa-87fd-4432-a89c-6e57f823ae73/context &amp#27;[39m&amp#27;[32m200&amp#27;[39m &amp#27;[90m1 ms - 22&amp#27;[39m
&amp#27;[38;5;0m[HTTP]&amp#27;[0m &amp#27;[90m&amp#27;[39m
&amp#27;[38;5;0m[HTTP]&amp#27;[0m &amp#27;[37m-->&amp#27;[39m &amp#27;[37mPOST&amp#27;[39m &amp#27;[37m/session/a84025fa-87fd-4432-a89c-6e57f823ae73/elements&amp#27;[39m
&amp#27;[38;5;0m[HTTP]&amp#27;[0m &amp#27;[90m{"value":"com.fivemobile.thescore:id/text_formatted_rank","using":"id"}&amp#27;[39m
&amp#27;[38;5;32m[AndroidUiautomator2Driver@cb04 (a84025fa)]&amp#27;[0m Calling AppiumDriver.findElements() with args: ["id","com.fivemobile.thescore:id/text_formatted_rank","a84025fa-87fd-4432-a89c-6e57f823ae73"]
&amp#27;[38;5;32m[AndroidUiautomator2Driver@cb04 (a84025fa)]&amp#27;[0m Valid locator strategies for this request: xpath, id, class name, accessibility id, css selector, -android uiautomator
&amp#27;[38;5;32m[AndroidUiautomator2Driver@cb04 (a84025fa)]&amp#27;[0m Waiting up to 10000 ms for condition
&amp#27;[38;5;32m[AndroidUiautomator2Driver@cb04 (a84025fa)]&amp#27;[0m Matched '/elements' to command name 'findElements'
&amp#27;[38;5;32m[AndroidUiautomator2Driver@cb04 (a84025fa)]&amp#27;[0m Proxying [POST /elements] to [POST http://127.0.0.1:8209/session/e13e9c10-6759-487b-84e8-6054836a870e/elements] with body: {"strategy":"id","selector":"com.fivemobile.thescore:id/text_formatted_rank","context":"","multiple":true}
&amp#27;[38;5;32m[AndroidUiautomator2Driver@cb04 (a84025fa)]&amp#27;[0m Got response with status 200: {"sessionId":"e13e9c10-6759-487b-84e8-6054836a870e","value":[{"ELEMENT":"00000000-0000-0464-ffff-ffff000006f1","element-6066-11e4-a52e-4f735466cecf":"00000000-0000-0464-ffff-ffff000006f1"},{"ELEMENT":"00000000-0000-0464-ffff-ffff000006f7","element-6066-11e4-a52e-4f735466cecf":"00000000-0000-0464-ffff-ffff000006f7"},{"ELEMENT":"00000000-0000-0464-ffff-ffff000006fd","element-6066-11e4-a52e-4f735466cecf":"00000000-0000-0464-ffff-ffff000006fd"},{"ELEMENT":"00000000-0000-0464-ffff-ffff00000703","element-6066-11e4-a52e-4f735466cecf":"00000000-0000-0464-ffff-ffff00000703"},{"ELEMENT":"00000000-0000-0464-ffff-ffff00000709","element-6066-11e4-a52e-4f735466cecf":"00000000-0000-0464-ffff-ffff00000709"},{"ELEMENT":"00000000-0000-0464-ffff-ffff00000713","element-6066-11e4-a52e-4f735466cecf":"00000000-0000-0464-ffff-ffff00000713"},{"ELEMENT":"00000000-0000-0464-ffff-ffff00000719","element-6066-11e4-a52e-4f735466cecf":"00000000-0000-0464-ffff-ffff00000719"},{"ELEMENT":"00000000-0000-0464-ffff-ffff0000071f","element-6066-...
&amp#27;[38;5;32m[AndroidUiautomator2Driver@cb04 (a84025fa)]&amp#27;[0m Responding to client with driver.findElements() result: [{"element-6066-11e4-a52e-4f735466cecf":"00000000-0000-0464-ffff-ffff000006f1","ELEMENT":"00000000-0000-0464-ffff-ffff000006f1"},{"element-6066-11e4-a52e-4f735466cecf":"00000000-0000-0464-ffff-ffff000006f7","ELEMENT":"00000000-0000-0464-ffff-ffff000006f7"},{"element-6066-11e4-a52e-4f735466cecf":"00000000-0000-0464-ffff-ffff000006fd","ELEMENT":"00000000-0000-0464-ffff-ffff000006fd"},{"element-6066-11e4-a52e-4f735466cecf":"00000000-0000-0464-ffff-ffff00000703","ELEMENT":"00000000-0000-0464-ffff-ffff00000703"},{"element-6066-11e4-a52e-4f735466cecf":"00000000-0000-0464-ffff-ffff00000709","ELEMENT":"00000000-0000-0464-ffff-ffff00000709"},{"element-6066-11e4-a52e-4f735466cecf":"00000000-0000-0464-ffff-ffff00000713","ELEMENT":"00000000-0000-0464-ffff-ffff00000713"},{"element-6066-11e4-a52e-4f735466cecf":"00000000-0000-0464-ffff-ffff00000719","ELEMENT":"00000000-0000-0464-ffff-ffff00000719"},{"element-6066-11e4-a52e-4f735466cecf":"00000000-0000-0464-ffff-ffff0000071f","ELEMENT":"00000000-0000-0464-ffff-ffff0000071...
&amp#27;[38;5;0m[HTTP]&amp#27;[0m &amp#27;[37m<-- POST /session/a84025fa-87fd-4432-a89c-6e57f823ae73/elements &amp#27;[39m&amp#27;[32m200&amp#27;[39m &amp#27;[90m232 ms - 1291&amp#27;[39m
&amp#27;[38;5;0m[HTTP]&amp#27;[0m &amp#27;[90m&amp#27;[39m
&amp#27;[38;5;0m[HTTP]&amp#27;[0m &amp#27;[37m-->&amp#27;[39m &amp#27;[37mGET&amp#27;[39m &amp#27;[37m/session/a84025fa-87fd-4432-a89c-6e57f823ae73/element/00000000-0000-0464-ffff-ffff0000072b/displayed&amp#27;[39m
&amp#27;[38;5;0m[HTTP]&amp#27;[0m &amp#27;[90m{}&amp#27;[39m
&amp#27;[38;5;32m[AndroidUiautomator2Driver@cb04 (a84025fa)]&amp#27;[0m Calling AppiumDriver.elementDisplayed() with args: ["00000000-0000-0464-ffff-ffff0000072b","a84025fa-87fd-4432-a89c-6e57f823ae73"]
&amp#27;[38;5;32m[AndroidUiautomator2Driver@cb04 (a84025fa)]&amp#27;[0m Matched '/element/00000000-0000-0464-ffff-ffff0000072b/attribute/displayed' to command name 'getAttribute'
&amp#27;[38;5;32m[AndroidUiautomator2Driver@cb04 (a84025fa)]&amp#27;[0m Proxying [GET /element/00000000-0000-0464-ffff-ffff0000072b/attribute/displayed] to [GET http://127.0.0.1:8209/session/e13e9c10-6759-487b-84e8-6054836a870e/element/00000000-0000-0464-ffff-ffff0000072b/attribute/displayed] with no body
&amp#27;[38;5;32m[AndroidUiautomator2Driver@cb04 (a84025fa)]&amp#27;[0m Got response with status 200: {"sessionId":"e13e9c10-6759-487b-84e8-6054836a870e","value":"true"}
&amp#27;[38;5;32m[AndroidUiautomator2Driver@cb04 (a84025fa)]&amp#27;[0m Responding to client with driver.elementDisplayed() result: true
&amp#27;[38;5;0m[HTTP]&amp#27;[0m &amp#27;[37m<-- GET /session/a84025fa-87fd-4432-a89c-6e57f823ae73/element/00000000-0000-0464-ffff-ffff0000072b/displayed &amp#27;[39m&amp#27;[32m200&amp#27;[39m &amp#27;[90m28 ms - 14&amp#27;[39m
&amp#27;[38;5;0m[HTTP]&amp#27;[0m &amp#27;[90m&amp#27;[39m
&amp#27;[38;5;0m[HTTP]&amp#27;[0m &amp#27;[37m-->&amp#27;[39m &amp#27;[37mGET&amp#27;[39m &amp#27;[37m/session/a84025fa-87fd-4432-a89c-6e57f823ae73/context&amp#27;[39m
&amp#27;[38;5;0m[HTTP]&amp#27;[0m &amp#27;[90m{}&amp#27;[39m
&amp#27;[38;5;32m[AndroidUiautomator2Driver@cb04 (a84025fa)]&amp#27;[0m Calling AppiumDriver.getCurrentContext() with args: ["a84025fa-87fd-4432-a89c-6e57f823ae73"]
&amp#27;[38;5;32m[AndroidUiautomator2Driver@cb04 (a84025fa)]&amp#27;[0m Responding to client with driver.getCurrentContext() result: "NATIVE_APP"
&amp#27;[38;5;0m[HTTP]&amp#27;[0m &amp#27;[37m<-- GET /session/a84025fa-87fd-4432-a89c-6e57f823ae73/context &amp#27;[39m&amp#27;[32m200&amp#27;[39m &amp#27;[90m1 ms - 22&amp#27;[39m
&amp#27;[38;5;0m[HTTP]&amp#27;[0m &amp#27;[90m&amp#27;[39m
&amp#27;[38;5;0m[HTTP]&amp#27;[0m &amp#27;[37m-->&amp#27;[39m &amp#27;[37mPOST&amp#27;[39m &amp#27;[37m/session/a84025fa-87fd-4432-a89c-6e57f823ae73/elements&amp#27;[39m
&amp#27;[38;5;0m[HTTP]&amp#27;[0m &amp#27;[90m{"value":"com.fivemobile.thescore:id/text_formatted_rank","using":"id"}&amp#27;[39m
&amp#27;[38;5;32m[AndroidUiautomator2Driver@cb04 (a84025fa)]&amp#27;[0m Calling AppiumDriver.findElements() with args: ["id","com.fivemobile.thescore:id/text_formatted_rank","a84025fa-87fd-4432-a89c-6e57f823ae73"]
&amp#27;[38;5;32m[AndroidUiautomator2Driver@cb04 (a84025fa)]&amp#27;[0m Valid locator strategies for this request: xpath, id, class name, accessibility id, css selector, -android uiautomator
&amp#27;[38;5;32m[AndroidUiautomator2Driver@cb04 (a84025fa)]&amp#27;[0m Waiting up to 10000 ms for condition
&amp#27;[38;5;32m[AndroidUiautomator2Driver@cb04 (a84025fa)]&amp#27;[0m Matched '/elements' to command name 'findElements'
&amp#27;[38;5;32m[AndroidUiautomator2Driver@cb04 (a84025fa)]&amp#27;[0m Proxying [POST /elements] to [POST http://127.0.0.1:8209/session/e13e9c10-6759-487b-84e8-6054836a870e/elements] with body: {"strategy":"id","selector":"com.fivemobile.thescore:id/text_formatted_rank","context":"","multiple":true}
&amp#27;[38;5;32m[AndroidUiautomator2Driver@cb04 (a84025fa)]&amp#27;[0m Got response with status 200: {"sessionId":"e13e9c10-6759-487b-84e8-6054836a870e","value":[{"ELEMENT":"00000000-0000-0464-ffff-ffff000006f1","element-6066-11e4-a52e-4f735466cecf":"00000000-0000-0464-ffff-ffff000006f1"},{"ELEMENT":"00000000-0000-0464-ffff-ffff000006f7","element-6066-11e4-a52e-4f735466cecf":"00000000-0000-0464-ffff-ffff000006f7"},{"ELEMENT":"00000000-0000-0464-ffff-ffff000006fd","element-6066-11e4-a52e-4f735466cecf":"00000000-0000-0464-ffff-ffff000006fd"},{"ELEMENT":"00000000-0000-0464-ffff-ffff00000703","element-6066-11e4-a52e-4f735466cecf":"00000000-0000-0464-ffff-ffff00000703"},{"ELEMENT":"00000000-0000-0464-ffff-ffff00000709","element-6066-11e4-a52e-4f735466cecf":"00000000-0000-0464-ffff-ffff00000709"},{"ELEMENT":"00000000-0000-0464-ffff-ffff00000713","element-6066-11e4-a52e-4f735466cecf":"00000000-0000-0464-ffff-ffff00000713"},{"ELEMENT":"00000000-0000-0464-ffff-ffff00000719","element-6066-11e4-a52e-4f735466cecf":"00000000-0000-0464-ffff-ffff00000719"},{"ELEMENT":"00000000-0000-0464-ffff-ffff0000071f","element-6066-...
&amp#27;[38;5;32m[AndroidUiautomator2Driver@cb04 (a84025fa)]&amp#27;[0m Responding to client with driver.findElements() result: [{"element-6066-11e4-a52e-4f735466cecf":"00000000-0000-0464-ffff-ffff000006f1","ELEMENT":"00000000-0000-0464-ffff-ffff000006f1"},{"element-6066-11e4-a52e-4f735466cecf":"00000000-0000-0464-ffff-ffff000006f7","ELEMENT":"00000000-0000-0464-ffff-ffff000006f7"},{"element-6066-11e4-a52e-4f735466cecf":"00000000-0000-0464-ffff-ffff000006fd","ELEMENT":"00000000-0000-0464-ffff-ffff000006fd"},{"element-6066-11e4-a52e-4f735466cecf":"00000000-0000-0464-ffff-ffff00000703","ELEMENT":"00000000-0000-0464-ffff-ffff00000703"},{"element-6066-11e4-a52e-4f735466cecf":"00000000-0000-0464-ffff-ffff00000709","ELEMENT":"00000000-0000-0464-ffff-ffff00000709"},{"element-6066-11e4-a52e-4f735466cecf":"00000000-0000-0464-ffff-ffff00000713","ELEMENT":"00000000-0000-0464-ffff-ffff00000713"},{"element-6066-11e4-a52e-4f735466cecf":"00000000-0000-0464-ffff-ffff00000719","ELEMENT":"00000000-0000-0464-ffff-ffff00000719"},{"element-6066-11e4-a52e-4f735466cecf":"00000000-0000-0464-ffff-ffff0000071f","ELEMENT":"00000000-0000-0464-ffff-ffff0000071...
&amp#27;[38;5;0m[HTTP]&amp#27;[0m &amp#27;[37m<-- POST /session/a84025fa-87fd-4432-a89c-6e57f823ae73/elements &amp#27;[39m&amp#27;[32m200&amp#27;[39m &amp#27;[90m242 ms - 1291&amp#27;[39m
&amp#27;[38;5;0m[HTTP]&amp#27;[0m &amp#27;[90m&amp#27;[39m
&amp#27;[38;5;0m[HTTP]&amp#27;[0m &amp#27;[37m-->&amp#27;[39m &amp#27;[37mGET&amp#27;[39m &amp#27;[37m/session/a84025fa-87fd-4432-a89c-6e57f823ae73/context&amp#27;[39m
&amp#27;[38;5;0m[HTTP]&amp#27;[0m &amp#27;[90m{}&amp#27;[39m
&amp#27;[38;5;32m[AndroidUiautomator2Driver@cb04 (a84025fa)]&amp#27;[0m Calling AppiumDriver.getCurrentContext() with args: ["a84025fa-87fd-4432-a89c-6e57f823ae73"]
&amp#27;[38;5;32m[AndroidUiautomator2Driver@cb04 (a84025fa)]&amp#27;[0m Responding to client with driver.getCurrentContext() result: "NATIVE_APP"
&amp#27;[38;5;0m[HTTP]&amp#27;[0m &amp#27;[37m<-- GET /session/a84025fa-87fd-4432-a89c-6e57f823ae73/context &amp#27;[39m&amp#27;[32m200&amp#27;[39m &amp#27;[90m1 ms - 22&amp#27;[39m
&amp#27;[38;5;0m[HTTP]&amp#27;[0m &amp#27;[90m&amp#27;[39m
&amp#27;[38;5;0m[HTTP]&amp#27;[0m &amp#27;[37m-->&amp#27;[39m &amp#27;[37mPOST&amp#27;[39m &amp#27;[37m/session/a84025fa-87fd-4432-a89c-6e57f823ae73/elements&amp#27;[39m
&amp#27;[38;5;0m[HTTP]&amp#27;[0m &amp#27;[90m{"value":"com.fivemobile.thescore:id/view_progress","using":"id"}&amp#27;[39m
&amp#27;[38;5;32m[AndroidUiautomator2Driver@cb04 (a84025fa)]&amp#27;[0m Calling AppiumDriver.findElements() with args: ["id","com.fivemobile.thescore:id/view_progress","a84025fa-87fd-4432-a89c-6e57f823ae73"]
&amp#27;[38;5;32m[AndroidUiautomator2Driver@cb04 (a84025fa)]&amp#27;[0m Valid locator strategies for this request: xpath, id, class name, accessibility id, css selector, -android uiautomator
&amp#27;[38;5;32m[AndroidUiautomator2Driver@cb04 (a84025fa)]&amp#27;[0m Waiting up to 10000 ms for condition
&amp#27;[38;5;32m[AndroidUiautomator2Driver@cb04 (a84025fa)]&amp#27;[0m Matched '/elements' to command name 'findElements'
&amp#27;[38;5;32m[AndroidUiautomator2Driver@cb04 (a84025fa)]&amp#27;[0m Proxying [POST /elements] to [POST http://127.0.0.1:8209/session/e13e9c10-6759-487b-84e8-6054836a870e/elements] with body: {"strategy":"id","selector":"com.fivemobile.thescore:id/view_progress","context":"","multiple":true}
&amp#27;[38;5;32m[AndroidUiautomator2Driver@cb04 (a84025fa)]&amp#27;[0m Got response with status 200: {"sessionId":"e13e9c10-6759-487b-84e8-6054836a870e","value":[{"ELEMENT":"00000000-0000-0464-ffff-ffff000006f2","element-6066-11e4-a52e-4f735466cecf":"00000000-0000-0464-ffff-ffff000006f2"},{"ELEMENT":"00000000-0000-0464-ffff-ffff000006f8","element-6066-11e4-a52e-4f735466cecf":"00000000-0000-0464-ffff-ffff000006f8"},{"ELEMENT":"00000000-0000-0464-ffff-ffff000006fe","element-6066-11e4-a52e-4f735466cecf":"00000000-0000-0464-ffff-ffff000006fe"},{"ELEMENT":"00000000-0000-0464-ffff-ffff00000704","element-6066-11e4-a52e-4f735466cecf":"00000000-0000-0464-ffff-ffff00000704"},{"ELEMENT":"00000000-0000-0464-ffff-ffff0000070a","element-6066-11e4-a52e-4f735466cecf":"00000000-0000-0464-ffff-ffff0000070a"},{"ELEMENT":"00000000-0000-0464-ffff-ffff00000714","element-6066-11e4-a52e-4f735466cecf":"00000000-0000-0464-ffff-ffff00000714"},{"ELEMENT":"00000000-0000-0464-ffff-ffff0000071a","element-6066-11e4-a52e-4f735466cecf":"00000000-0000-0464-ffff-ffff0000071a"},{"ELEMENT":"00000000-0000-0464-ffff-ffff00000720","element-6066-...
&amp#27;[38;5;32m[AndroidUiautomator2Driver@cb04 (a84025fa)]&amp#27;[0m Responding to client with driver.findElements() result: [{"element-6066-11e4-a52e-4f735466cecf":"00000000-0000-0464-ffff-ffff000006f2","ELEMENT":"00000000-0000-0464-ffff-ffff000006f2"},{"element-6066-11e4-a52e-4f735466cecf":"00000000-0000-0464-ffff-ffff000006f8","ELEMENT":"00000000-0000-0464-ffff-ffff000006f8"},{"element-6066-11e4-a52e-4f735466cecf":"00000000-0000-0464-ffff-ffff000006fe","ELEMENT":"00000000-0000-0464-ffff-ffff000006fe"},{"element-6066-11e4-a52e-4f735466cecf":"00000000-0000-0464-ffff-ffff00000704","ELEMENT":"00000000-0000-0464-ffff-ffff00000704"},{"element-6066-11e4-a52e-4f735466cecf":"00000000-0000-0464-ffff-ffff0000070a","ELEMENT":"00000000-0000-0464-ffff-ffff0000070a"},{"element-6066-11e4-a52e-4f735466cecf":"00000000-0000-0464-ffff-ffff00000714","ELEMENT":"00000000-0000-0464-ffff-ffff00000714"},{"element-6066-11e4-a52e-4f735466cecf":"00000000-0000-0464-ffff-ffff0000071a","ELEMENT":"00000000-0000-0464-ffff-ffff0000071a"},{"element-6066-11e4-a52e-4f735466cecf":"00000000-0000-0464-ffff-ffff00000720","ELEMENT":"00000000-0000-0464-ffff-ffff0000072...
&amp#27;[38;5;0m[HTTP]&amp#27;[0m &amp#27;[37m<-- POST /session/a84025fa-87fd-4432-a89c-6e57f823ae73/elements &amp#27;[39m&amp#27;[32m200&amp#27;[39m &amp#27;[90m255 ms - 1291&amp#27;[39m
&amp#27;[38;5;0m[HTTP]&amp#27;[0m &amp#27;[90m&amp#27;[39m
&amp#27;[38;5;0m[HTTP]&amp#27;[0m &amp#27;[37m-->&amp#27;[39m &amp#27;[37mGET&amp#27;[39m &amp#27;[37m/session/a84025fa-87fd-4432-a89c-6e57f823ae73/context&amp#27;[39m
&amp#27;[38;5;0m[HTTP]&amp#27;[0m &amp#27;[90m{}&amp#27;[39m
&amp#27;[38;5;32m[AndroidUiautomator2Driver@cb04 (a84025fa)]&amp#27;[0m Calling AppiumDriver.getCurrentContext() with args: ["a84025fa-87fd-4432-a89c-6e57f823ae73"]
&amp#27;[38;5;32m[AndroidUiautomator2Driver@cb04 (a84025fa)]&amp#27;[0m Responding to client with driver.getCurrentContext() result: "NATIVE_APP"
&amp#27;[38;5;0m[HTTP]&amp#27;[0m &amp#27;[37m<-- GET /session/a84025fa-87fd-4432-a89c-6e57f823ae73/context &amp#27;[39m&amp#27;[32m200&amp#27;[39m &amp#27;[90m1 ms - 22&amp#27;[39m
&amp#27;[38;5;0m[HTTP]&amp#27;[0m &amp#27;[90m&amp#27;[39m
&amp#27;[38;5;0m[HTTP]&amp#27;[0m &amp#27;[37m-->&amp#27;[39m &amp#27;[37mPOST&amp#27;[39m &amp#27;[37m/session/a84025fa-87fd-4432-a89c-6e57f823ae73/elements&amp#27;[39m
&amp#27;[38;5;0m[HTTP]&amp#27;[0m &amp#27;[90m{"value":"com.fivemobile.thescore:id/view_progress","using":"id"}&amp#27;[39m
&amp#27;[38;5;32m[AndroidUiautomator2Driver@cb04 (a84025fa)]&amp#27;[0m Calling AppiumDriver.findElements() with args: ["id","com.fivemobile.thescore:id/view_progress","a84025fa-87fd-4432-a89c-6e57f823ae73"]
&amp#27;[38;5;32m[AndroidUiautomator2Driver@cb04 (a84025fa)]&amp#27;[0m Valid locator strategies for this request: xpath, id, class name, accessibility id, css selector, -android uiautomator
&amp#27;[38;5;32m[AndroidUiautomator2Driver@cb04 (a84025fa)]&amp#27;[0m Waiting up to 10000 ms for condition
&amp#27;[38;5;32m[AndroidUiautomator2Driver@cb04 (a84025fa)]&amp#27;[0m Matched '/elements' to command name 'findElements'
&amp#27;[38;5;32m[AndroidUiautomator2Driver@cb04 (a84025fa)]&amp#27;[0m Proxying [POST /elements] to [POST http://127.0.0.1:8209/session/e13e9c10-6759-487b-84e8-6054836a870e/elements] with body: {"strategy":"id","selector":"com.fivemobile.thescore:id/view_progress","context":"","multiple":true}
&amp#27;[38;5;32m[AndroidUiautomator2Driver@cb04 (a84025fa)]&amp#27;[0m Got response with status 200: {"sessionId":"e13e9c10-6759-487b-84e8-6054836a870e","value":[{"ELEMENT":"00000000-0000-0464-ffff-ffff000006f2","element-6066-11e4-a52e-4f735466cecf":"00000000-0000-0464-ffff-ffff000006f2"},{"ELEMENT":"00000000-0000-0464-ffff-ffff000006f8","element-6066-11e4-a52e-4f735466cecf":"00000000-0000-0464-ffff-ffff000006f8"},{"ELEMENT":"00000000-0000-0464-ffff-ffff000006fe","element-6066-11e4-a52e-4f735466cecf":"00000000-0000-0464-ffff-ffff000006fe"},{"ELEMENT":"00000000-0000-0464-ffff-ffff00000704","element-6066-11e4-a52e-4f735466cecf":"00000000-0000-0464-ffff-ffff00000704"},{"ELEMENT":"00000000-0000-0464-ffff-ffff0000070a","element-6066-11e4-a52e-4f735466cecf":"00000000-0000-0464-ffff-ffff0000070a"},{"ELEMENT":"00000000-0000-0464-ffff-ffff00000714","element-6066-11e4-a52e-4f735466cecf":"00000000-0000-0464-ffff-ffff00000714"},{"ELEMENT":"00000000-0000-0464-ffff-ffff0000071a","element-6066-11e4-a52e-4f735466cecf":"00000000-0000-0464-ffff-ffff0000071a"},{"ELEMENT":"00000000-0000-0464-ffff-ffff00000720","element-6066-...
&amp#27;[38;5;32m[AndroidUiautomator2Driver@cb04 (a84025fa)]&amp#27;[0m Responding to client with driver.findElements() result: [{"element-6066-11e4-a52e-4f735466cecf":"00000000-0000-0464-ffff-ffff000006f2","ELEMENT":"00000000-0000-0464-ffff-ffff000006f2"},{"element-6066-11e4-a52e-4f735466cecf":"00000000-0000-0464-ffff-ffff000006f8","ELEMENT":"00000000-0000-0464-ffff-ffff000006f8"},{"element-6066-11e4-a52e-4f735466cecf":"00000000-0000-0464-ffff-ffff000006fe","ELEMENT":"00000000-0000-0464-ffff-ffff000006fe"},{"element-6066-11e4-a52e-4f735466cecf":"00000000-0000-0464-ffff-ffff00000704","ELEMENT":"00000000-0000-0464-ffff-ffff00000704"},{"element-6066-11e4-a52e-4f735466cecf":"00000000-0000-0464-ffff-ffff0000070a","ELEMENT":"00000000-0000-0464-ffff-ffff0000070a"},{"element-6066-11e4-a52e-4f735466cecf":"00000000-0000-0464-ffff-ffff00000714","ELEMENT":"00000000-0000-0464-ffff-ffff00000714"},{"element-6066-11e4-a52e-4f735466cecf":"00000000-0000-0464-ffff-ffff0000071a","ELEMENT":"00000000-0000-0464-ffff-ffff0000071a"},{"element-6066-11e4-a52e-4f735466cecf":"00000000-0000-0464-ffff-ffff00000720","ELEMENT":"00000000-0000-0464-ffff-ffff0000072...
&amp#27;[38;5;0m[HTTP]&amp#27;[0m &amp#27;[37m<-- POST /session/a84025fa-87fd-4432-a89c-6e57f823ae73/elements &amp#27;[39m&amp#27;[32m200&amp#27;[39m &amp#27;[90m208 ms - 1291&amp#27;[39m
&amp#27;[38;5;0m[HTTP]&amp#27;[0m &amp#27;[90m&amp#27;[39m
&amp#27;[38;5;0m[HTTP]&amp#27;[0m &amp#27;[37m-->&amp#27;[39m &amp#27;[37mGET&amp#27;[39m &amp#27;[37m/session/a84025fa-87fd-4432-a89c-6e57f823ae73/element/00000000-0000-0464-ffff-ffff000006f2/displayed&amp#27;[39m
&amp#27;[38;5;0m[HTTP]&amp#27;[0m &amp#27;[90m{}&amp#27;[39m
&amp#27;[38;5;32m[AndroidUiautomator2Driver@cb04 (a84025fa)]&amp#27;[0m Calling AppiumDriver.elementDisplayed() with args: ["00000000-0000-0464-ffff-ffff000006f2","a84025fa-87fd-4432-a89c-6e57f823ae73"]
&amp#27;[38;5;32m[AndroidUiautomator2Driver@cb04 (a84025fa)]&amp#27;[0m Matched '/element/00000000-0000-0464-ffff-ffff000006f2/attribute/displayed' to command name 'getAttribute'
&amp#27;[38;5;32m[AndroidUiautomator2Driver@cb04 (a84025fa)]&amp#27;[0m Proxying [GET /element/00000000-0000-0464-ffff-ffff000006f2/attribute/displayed] to [GET http://127.0.0.1:8209/session/e13e9c10-6759-487b-84e8-6054836a870e/element/00000000-0000-0464-ffff-ffff000006f2/attribute/displayed] with no body
&amp#27;[38;5;32m[AndroidUiautomator2Driver@cb04 (a84025fa)]&amp#27;[0m Got response with status 200: {"sessionId":"e13e9c10-6759-487b-84e8-6054836a870e","value":"true"}
&amp#27;[38;5;32m[AndroidUiautomator2Driver@cb04 (a84025fa)]&amp#27;[0m Responding to client with driver.elementDisplayed() result: true
&amp#27;[38;5;0m[HTTP]&amp#27;[0m &amp#27;[37m<-- GET /session/a84025fa-87fd-4432-a89c-6e57f823ae73/element/00000000-0000-0464-ffff-ffff000006f2/displayed &amp#27;[39m&amp#27;[32m200&amp#27;[39m &amp#27;[90m18 ms - 14&amp#27;[39m
&amp#27;[38;5;0m[HTTP]&amp#27;[0m &amp#27;[90m&amp#27;[39m
&amp#27;[38;5;0m[HTTP]&amp#27;[0m &amp#27;[37m-->&amp#27;[39m &amp#27;[37mGET&amp#27;[39m &amp#27;[37m/session/a84025fa-87fd-4432-a89c-6e57f823ae73/context&amp#27;[39m
&amp#27;[38;5;0m[HTTP]&amp#27;[0m &amp#27;[90m{}&amp#27;[39m
&amp#27;[38;5;32m[AndroidUiautomator2Driver@cb04 (a84025fa)]&amp#27;[0m Calling AppiumDriver.getCurrentContext() with args: ["a84025fa-87fd-4432-a89c-6e57f823ae73"]
&amp#27;[38;5;32m[AndroidUiautomator2Driver@cb04 (a84025fa)]&amp#27;[0m Responding to client with driver.getCurrentContext() result: "NATIVE_APP"
&amp#27;[38;5;0m[HTTP]&amp#27;[0m &amp#27;[37m<-- GET /session/a84025fa-87fd-4432-a89c-6e57f823ae73/context &amp#27;[39m&amp#27;[32m200&amp#27;[39m &amp#27;[90m1 ms - 22&amp#27;[39m
&amp#27;[38;5;0m[HTTP]&amp#27;[0m &amp#27;[90m&amp#27;[39m
&amp#27;[38;5;0m[HTTP]&amp#27;[0m &amp#27;[37m-->&amp#27;[39m &amp#27;[37mPOST&amp#27;[39m &amp#27;[37m/session/a84025fa-87fd-4432-a89c-6e57f823ae73/elements&amp#27;[39m
&amp#27;[38;5;0m[HTTP]&amp#27;[0m &amp#27;[90m{"value":"com.fivemobile.thescore:id/view_progress","using":"id"}&amp#27;[39m
&amp#27;[38;5;32m[AndroidUiautomator2Driver@cb04 (a84025fa)]&amp#27;[0m Calling AppiumDriver.findElements() with args: ["id","com.fivemobile.thescore:id/view_progress","a84025fa-87fd-4432-a89c-6e57f823ae73"]
&amp#27;[38;5;32m[AndroidUiautomator2Driver@cb04 (a84025fa)]&amp#27;[0m Valid locator strategies for this request: xpath, id, class name, accessibility id, css selector, -android uiautomator
&amp#27;[38;5;32m[AndroidUiautomator2Driver@cb04 (a84025fa)]&amp#27;[0m Waiting up to 10000 ms for condition
&amp#27;[38;5;32m[AndroidUiautomator2Driver@cb04 (a84025fa)]&amp#27;[0m Matched '/elements' to command name 'findElements'
&amp#27;[38;5;32m[AndroidUiautomator2Driver@cb04 (a84025fa)]&amp#27;[0m Proxying [POST /elements] to [POST http://127.0.0.1:8209/session/e13e9c10-6759-487b-84e8-6054836a870e/elements] with body: {"strategy":"id","selector":"com.fivemobile.thescore:id/view_progress","context":"","multiple":true}
&amp#27;[38;5;32m[AndroidUiautomator2Driver@cb04 (a84025fa)]&amp#27;[0m Got response with status 200: {"sessionId":"e13e9c10-6759-487b-84e8-6054836a870e","value":[{"ELEMENT":"00000000-0000-0464-ffff-ffff000006f2","element-6066-11e4-a52e-4f735466cecf":"00000000-0000-0464-ffff-ffff000006f2"},{"ELEMENT":"00000000-0000-0464-ffff-ffff000006f8","element-6066-11e4-a52e-4f735466cecf":"00000000-0000-0464-ffff-ffff000006f8"},{"ELEMENT":"00000000-0000-0464-ffff-ffff000006fe","element-6066-11e4-a52e-4f735466cecf":"00000000-0000-0464-ffff-ffff000006fe"},{"ELEMENT":"00000000-0000-0464-ffff-ffff00000704","element-6066-11e4-a52e-4f735466cecf":"00000000-0000-0464-ffff-ffff00000704"},{"ELEMENT":"00000000-0000-0464-ffff-ffff0000070a","element-6066-11e4-a52e-4f735466cecf":"00000000-0000-0464-ffff-ffff0000070a"},{"ELEMENT":"00000000-0000-0464-ffff-ffff00000714","element-6066-11e4-a52e-4f735466cecf":"00000000-0000-0464-ffff-ffff00000714"},{"ELEMENT":"00000000-0000-0464-ffff-ffff0000071a","element-6066-11e4-a52e-4f735466cecf":"00000000-0000-0464-ffff-ffff0000071a"},{"ELEMENT":"00000000-0000-0464-ffff-ffff00000720","element-6066-...
&amp#27;[38;5;32m[AndroidUiautomator2Driver@cb04 (a84025fa)]&amp#27;[0m Responding to client with driver.findElements() result: [{"element-6066-11e4-a52e-4f735466cecf":"00000000-0000-0464-ffff-ffff000006f2","ELEMENT":"00000000-0000-0464-ffff-ffff000006f2"},{"element-6066-11e4-a52e-4f735466cecf":"00000000-0000-0464-ffff-ffff000006f8","ELEMENT":"00000000-0000-0464-ffff-ffff000006f8"},{"element-6066-11e4-a52e-4f735466cecf":"00000000-0000-0464-ffff-ffff000006fe","ELEMENT":"00000000-0000-0464-ffff-ffff000006fe"},{"element-6066-11e4-a52e-4f735466cecf":"00000000-0000-0464-ffff-ffff00000704","ELEMENT":"00000000-0000-0464-ffff-ffff00000704"},{"element-6066-11e4-a52e-4f735466cecf":"00000000-0000-0464-ffff-ffff0000070a","ELEMENT":"00000000-0000-0464-ffff-ffff0000070a"},{"element-6066-11e4-a52e-4f735466cecf":"00000000-0000-0464-ffff-ffff00000714","ELEMENT":"00000000-0000-0464-ffff-ffff00000714"},{"element-6066-11e4-a52e-4f735466cecf":"00000000-0000-0464-ffff-ffff0000071a","ELEMENT":"00000000-0000-0464-ffff-ffff0000071a"},{"element-6066-11e4-a52e-4f735466cecf":"00000000-0000-0464-ffff-ffff00000720","ELEMENT":"00000000-0000-0464-ffff-ffff0000072...
&amp#27;[38;5;0m[HTTP]&amp#27;[0m &amp#27;[37m<-- POST /session/a84025fa-87fd-4432-a89c-6e57f823ae73/elements &amp#27;[39m&amp#27;[32m200&amp#27;[39m &amp#27;[90m228 ms - 1291&amp#27;[39m
&amp#27;[38;5;0m[HTTP]&amp#27;[0m &amp#27;[90m&amp#27;[39m
&amp#27;[38;5;0m[HTTP]&amp#27;[0m &amp#27;[37m-->&amp#27;[39m &amp#27;[37mGET&amp#27;[39m &amp#27;[37m/session/a84025fa-87fd-4432-a89c-6e57f823ae73/context&amp#27;[39m
&amp#27;[38;5;0m[HTTP]&amp#27;[0m &amp#27;[90m{}&amp#27;[39m
&amp#27;[38;5;32m[AndroidUiautomator2Driver@cb04 (a84025fa)]&amp#27;[0m Calling AppiumDriver.getCurrentContext() with args: ["a84025fa-87fd-4432-a89c-6e57f823ae73"]
&amp#27;[38;5;32m[AndroidUiautomator2Driver@cb04 (a84025fa)]&amp#27;[0m Responding to client with driver.getCurrentContext() result: "NATIVE_APP"
&amp#27;[38;5;0m[HTTP]&amp#27;[0m &amp#27;[37m<-- GET /session/a84025fa-87fd-4432-a89c-6e57f823ae73/context &amp#27;[39m&amp#27;[32m200&amp#27;[39m &amp#27;[90m1 ms - 22&amp#27;[39m
&amp#27;[38;5;0m[HTTP]&amp#27;[0m &amp#27;[90m&amp#27;[39m
&amp#27;[38;5;0m[HTTP]&amp#27;[0m &amp#27;[37m-->&amp#27;[39m &amp#27;[37mPOST&amp#27;[39m &amp#27;[37m/session/a84025fa-87fd-4432-a89c-6e57f823ae73/elements&amp#27;[39m
&amp#27;[38;5;0m[HTTP]&amp#27;[0m &amp#27;[90m{"value":"com.fivemobile.thescore:id/view_progress","using":"id"}&amp#27;[39m
&amp#27;[38;5;32m[AndroidUiautomator2Driver@cb04 (a84025fa)]&amp#27;[0m Calling AppiumDriver.findElements() with args: ["id","com.fivemobile.thescore:id/view_progress","a84025fa-87fd-4432-a89c-6e57f823ae73"]
&amp#27;[38;5;32m[AndroidUiautomator2Driver@cb04 (a84025fa)]&amp#27;[0m Valid locator strategies for this request: xpath, id, class name, accessibility id, css selector, -android uiautomator
&amp#27;[38;5;32m[AndroidUiautomator2Driver@cb04 (a84025fa)]&amp#27;[0m Waiting up to 10000 ms for condition
&amp#27;[38;5;32m[AndroidUiautomator2Driver@cb04 (a84025fa)]&amp#27;[0m Matched '/elements' to command name 'findElements'
&amp#27;[38;5;32m[AndroidUiautomator2Driver@cb04 (a84025fa)]&amp#27;[0m Proxying [POST /elements] to [POST http://127.0.0.1:8209/session/e13e9c10-6759-487b-84e8-6054836a870e/elements] with body: {"strategy":"id","selector":"com.fivemobile.thescore:id/view_progress","context":"","multiple":true}
&amp#27;[38;5;32m[AndroidUiautomator2Driver@cb04 (a84025fa)]&amp#27;[0m Got response with status 200: {"sessionId":"e13e9c10-6759-487b-84e8-6054836a870e","value":[{"ELEMENT":"00000000-0000-0464-ffff-ffff000006f2","element-6066-11e4-a52e-4f735466cecf":"00000000-0000-0464-ffff-ffff000006f2"},{"ELEMENT":"00000000-0000-0464-ffff-ffff000006f8","element-6066-11e4-a52e-4f735466cecf":"00000000-0000-0464-ffff-ffff000006f8"},{"ELEMENT":"00000000-0000-0464-ffff-ffff000006fe","element-6066-11e4-a52e-4f735466cecf":"00000000-0000-0464-ffff-ffff000006fe"},{"ELEMENT":"00000000-0000-0464-ffff-ffff00000704","element-6066-11e4-a52e-4f735466cecf":"00000000-0000-0464-ffff-ffff00000704"},{"ELEMENT":"00000000-0000-0464-ffff-ffff0000070a","element-6066-11e4-a52e-4f735466cecf":"00000000-0000-0464-ffff-ffff0000070a"},{"ELEMENT":"00000000-0000-0464-ffff-ffff00000714","element-6066-11e4-a52e-4f735466cecf":"00000000-0000-0464-ffff-ffff00000714"},{"ELEMENT":"00000000-0000-0464-ffff-ffff0000071a","element-6066-11e4-a52e-4f735466cecf":"00000000-0000-0464-ffff-ffff0000071a"},{"ELEMENT":"00000000-0000-0464-ffff-ffff00000720","element-6066-...
&amp#27;[38;5;32m[AndroidUiautomator2Driver@cb04 (a84025fa)]&amp#27;[0m Responding to client with driver.findElements() result: [{"element-6066-11e4-a52e-4f735466cecf":"00000000-0000-0464-ffff-ffff000006f2","ELEMENT":"00000000-0000-0464-ffff-ffff000006f2"},{"element-6066-11e4-a52e-4f735466cecf":"00000000-0000-0464-ffff-ffff000006f8","ELEMENT":"00000000-0000-0464-ffff-ffff000006f8"},{"element-6066-11e4-a52e-4f735466cecf":"00000000-0000-0464-ffff-ffff000006fe","ELEMENT":"00000000-0000-0464-ffff-ffff000006fe"},{"element-6066-11e4-a52e-4f735466cecf":"00000000-0000-0464-ffff-ffff00000704","ELEMENT":"00000000-0000-0464-ffff-ffff00000704"},{"element-6066-11e4-a52e-4f735466cecf":"00000000-0000-0464-ffff-ffff0000070a","ELEMENT":"00000000-0000-0464-ffff-ffff0000070a"},{"element-6066-11e4-a52e-4f735466cecf":"00000000-0000-0464-ffff-ffff00000714","ELEMENT":"00000000-0000-0464-ffff-ffff00000714"},{"element-6066-11e4-a52e-4f735466cecf":"00000000-0000-0464-ffff-ffff0000071a","ELEMENT":"00000000-0000-0464-ffff-ffff0000071a"},{"element-6066-11e4-a52e-4f735466cecf":"00000000-0000-0464-ffff-ffff00000720","ELEMENT":"00000000-0000-0464-ffff-ffff0000072...
&amp#27;[38;5;0m[HTTP]&amp#27;[0m &amp#27;[37m<-- POST /session/a84025fa-87fd-4432-a89c-6e57f823ae73/elements &amp#27;[39m&amp#27;[32m200&amp#27;[39m &amp#27;[90m226 ms - 1291&amp#27;[39m
&amp#27;[38;5;0m[HTTP]&amp#27;[0m &amp#27;[90m&amp#27;[39m
&amp#27;[38;5;0m[HTTP]&amp#27;[0m &amp#27;[37m-->&amp#27;[39m &amp#27;[37mGET&amp#27;[39m &amp#27;[37m/session/a84025fa-87fd-4432-a89c-6e57f823ae73/element/00000000-0000-0464-ffff-ffff000006f8/displayed&amp#27;[39m
&amp#27;[38;5;0m[HTTP]&amp#27;[0m &amp#27;[90m{}&amp#27;[39m
&amp#27;[38;5;32m[AndroidUiautomator2Driver@cb04 (a84025fa)]&amp#27;[0m Calling AppiumDriver.elementDisplayed() with args: ["00000000-0000-0464-ffff-ffff000006f8","a84025fa-87fd-4432-a89c-6e57f823ae73"]
&amp#27;[38;5;32m[AndroidUiautomator2Driver@cb04 (a84025fa)]&amp#27;[0m Matched '/element/00000000-0000-0464-ffff-ffff000006f8/attribute/displayed' to command name 'getAttribute'
&amp#27;[38;5;32m[AndroidUiautomator2Driver@cb04 (a84025fa)]&amp#27;[0m Proxying [GET /element/00000000-0000-0464-ffff-ffff000006f8/attribute/displayed] to [GET http://127.0.0.1:8209/session/e13e9c10-6759-487b-84e8-6054836a870e/element/00000000-0000-0464-ffff-ffff000006f8/attribute/displayed] with no body
&amp#27;[38;5;32m[AndroidUiautomator2Driver@cb04 (a84025fa)]&amp#27;[0m Got response with status 200: {"sessionId":"e13e9c10-6759-487b-84e8-6054836a870e","value":"true"}
&amp#27;[38;5;32m[AndroidUiautomator2Driver@cb04 (a84025fa)]&amp#27;[0m Responding to client with driver.elementDisplayed() result: true
&amp#27;[38;5;0m[HTTP]&amp#27;[0m &amp#27;[37m<-- GET /session/a84025fa-87fd-4432-a89c-6e57f823ae73/element/00000000-0000-0464-ffff-ffff000006f8/displayed &amp#27;[39m&amp#27;[32m200&amp#27;[39m &amp#27;[90m23 ms - 14&amp#27;[39m
&amp#27;[38;5;0m[HTTP]&amp#27;[0m &amp#27;[90m&amp#27;[39m
&amp#27;[38;5;0m[HTTP]&amp#27;[0m &amp#27;[37m-->&amp#27;[39m &amp#27;[37mGET&amp#27;[39m &amp#27;[37m/session/a84025fa-87fd-4432-a89c-6e57f823ae73/context&amp#27;[39m
&amp#27;[38;5;0m[HTTP]&amp#27;[0m &amp#27;[90m{}&amp#27;[39m
&amp#27;[38;5;32m[AndroidUiautomator2Driver@cb04 (a84025fa)]&amp#27;[0m Calling AppiumDriver.getCurrentContext() with args: ["a84025fa-87fd-4432-a89c-6e57f823ae73"]
&amp#27;[38;5;32m[AndroidUiautomator2Driver@cb04 (a84025fa)]&amp#27;[0m Responding to client with driver.getCurrentContext() result: "NATIVE_APP"
&amp#27;[38;5;0m[HTTP]&amp#27;[0m &amp#27;[37m<-- GET /session/a84025fa-87fd-4432-a89c-6e57f823ae73/context &amp#27;[39m&amp#27;[32m200&amp#27;[39m &amp#27;[90m1 ms - 22&amp#27;[39m
&amp#27;[38;5;0m[HTTP]&amp#27;[0m &amp#27;[90m&amp#27;[39m
&amp#27;[38;5;0m[HTTP]&amp#27;[0m &amp#27;[37m-->&amp#27;[39m &amp#27;[37mPOST&amp#27;[39m &amp#27;[37m/session/a84025fa-87fd-4432-a89c-6e57f823ae73/elements&amp#27;[39m
&amp#27;[38;5;0m[HTTP]&amp#27;[0m &amp#27;[90m{"value":"com.fivemobile.thescore:id/view_progress","using":"id"}&amp#27;[39m
&amp#27;[38;5;32m[AndroidUiautomator2Driver@cb04 (a84025fa)]&amp#27;[0m Calling AppiumDriver.findElements() with args: ["id","com.fivemobile.thescore:id/view_progress","a84025fa-87fd-4432-a89c-6e57f823ae73"]
&amp#27;[38;5;32m[AndroidUiautomator2Driver@cb04 (a84025fa)]&amp#27;[0m Valid locator strategies for this request: xpath, id, class name, accessibility id, css selector, -android uiautomator
&amp#27;[38;5;32m[AndroidUiautomator2Driver@cb04 (a84025fa)]&amp#27;[0m Waiting up to 10000 ms for condition
&amp#27;[38;5;32m[AndroidUiautomator2Driver@cb04 (a84025fa)]&amp#27;[0m Matched '/elements' to command name 'findElements'
&amp#27;[38;5;32m[AndroidUiautomator2Driver@cb04 (a84025fa)]&amp#27;[0m Proxying [POST /elements] to [POST http://127.0.0.1:8209/session/e13e9c10-6759-487b-84e8-6054836a870e/elements] with body: {"strategy":"id","selector":"com.fivemobile.thescore:id/view_progress","context":"","multiple":true}
&amp#27;[38;5;32m[AndroidUiautomator2Driver@cb04 (a84025fa)]&amp#27;[0m Got response with status 200: {"sessionId":"e13e9c10-6759-487b-84e8-6054836a870e","value":[{"ELEMENT":"00000000-0000-0464-ffff-ffff000006f2","element-6066-11e4-a52e-4f735466cecf":"00000000-0000-0464-ffff-ffff000006f2"},{"ELEMENT":"00000000-0000-0464-ffff-ffff000006f8","element-6066-11e4-a52e-4f735466cecf":"00000000-0000-0464-ffff-ffff000006f8"},{"ELEMENT":"00000000-0000-0464-ffff-ffff000006fe","element-6066-11e4-a52e-4f735466cecf":"00000000-0000-0464-ffff-ffff000006fe"},{"ELEMENT":"00000000-0000-0464-ffff-ffff00000704","element-6066-11e4-a52e-4f735466cecf":"00000000-0000-0464-ffff-ffff00000704"},{"ELEMENT":"00000000-0000-0464-ffff-ffff0000070a","element-6066-11e4-a52e-4f735466cecf":"00000000-0000-0464-ffff-ffff0000070a"},{"ELEMENT":"00000000-0000-0464-ffff-ffff00000714","element-6066-11e4-a52e-4f735466cecf":"00000000-0000-0464-ffff-ffff00000714"},{"ELEMENT":"00000000-0000-0464-ffff-ffff0000071a","element-6066-11e4-a52e-4f735466cecf":"00000000-0000-0464-ffff-ffff0000071a"},{"ELEMENT":"00000000-0000-0464-ffff-ffff00000720","element-6066-...
&amp#27;[38;5;32m[AndroidUiautomator2Driver@cb04 (a84025fa)]&amp#27;[0m Responding to client with driver.findElements() result: [{"element-6066-11e4-a52e-4f735466cecf":"00000000-0000-0464-ffff-ffff000006f2","ELEMENT":"00000000-0000-0464-ffff-ffff000006f2"},{"element-6066-11e4-a52e-4f735466cecf":"00000000-0000-0464-ffff-ffff000006f8","ELEMENT":"00000000-0000-0464-ffff-ffff000006f8"},{"element-6066-11e4-a52e-4f735466cecf":"00000000-0000-0464-ffff-ffff000006fe","ELEMENT":"00000000-0000-0464-ffff-ffff000006fe"},{"element-6066-11e4-a52e-4f735466cecf":"00000000-0000-0464-ffff-ffff00000704","ELEMENT":"00000000-0000-0464-ffff-ffff00000704"},{"element-6066-11e4-a52e-4f735466cecf":"00000000-0000-0464-ffff-ffff0000070a","ELEMENT":"00000000-0000-0464-ffff-ffff0000070a"},{"element-6066-11e4-a52e-4f735466cecf":"00000000-0000-0464-ffff-ffff00000714","ELEMENT":"00000000-0000-0464-ffff-ffff00000714"},{"element-6066-11e4-a52e-4f735466cecf":"00000000-0000-0464-ffff-ffff0000071a","ELEMENT":"00000000-0000-0464-ffff-ffff0000071a"},{"element-6066-11e4-a52e-4f735466cecf":"00000000-0000-0464-ffff-ffff00000720","ELEMENT":"00000000-0000-0464-ffff-ffff0000072...
&amp#27;[38;5;0m[HTTP]&amp#27;[0m &amp#27;[37m<-- POST /session/a84025fa-87fd-4432-a89c-6e57f823ae73/elements &amp#27;[39m&amp#27;[32m200&amp#27;[39m &amp#27;[90m213 ms - 1291&amp#27;[39m
&amp#27;[38;5;0m[HTTP]&amp#27;[0m &amp#27;[90m&amp#27;[39m
&amp#27;[38;5;0m[HTTP]&amp#27;[0m &amp#27;[37m-->&amp#27;[39m &amp#27;[37mGET&amp#27;[39m &amp#27;[37m/session/a84025fa-87fd-4432-a89c-6e57f823ae73/context&amp#27;[39m
&amp#27;[38;5;0m[HTTP]&amp#27;[0m &amp#27;[90m{}&amp#27;[39m
&amp#27;[38;5;32m[AndroidUiautomator2Driver@cb04 (a84025fa)]&amp#27;[0m Calling AppiumDriver.getCurrentContext() with args: ["a84025fa-87fd-4432-a89c-6e57f823ae73"]
&amp#27;[38;5;32m[AndroidUiautomator2Driver@cb04 (a84025fa)]&amp#27;[0m Responding to client with driver.getCurrentContext() result: "NATIVE_APP"
&amp#27;[38;5;0m[HTTP]&amp#27;[0m &amp#27;[37m<-- GET /session/a84025fa-87fd-4432-a89c-6e57f823ae73/context &amp#27;[39m&amp#27;[32m200&amp#27;[39m &amp#27;[90m1 ms - 22&amp#27;[39m
&amp#27;[38;5;0m[HTTP]&amp#27;[0m &amp#27;[90m&amp#27;[39m
&amp#27;[38;5;0m[HTTP]&amp#27;[0m &amp#27;[37m-->&amp#27;[39m &amp#27;[37mPOST&amp#27;[39m &amp#27;[37m/session/a84025fa-87fd-4432-a89c-6e57f823ae73/elements&amp#27;[39m
&amp#27;[38;5;0m[HTTP]&amp#27;[0m &amp#27;[90m{"value":"com.fivemobile.thescore:id/view_progress","using":"id"}&amp#27;[39m
&amp#27;[38;5;32m[AndroidUiautomator2Driver@cb04 (a84025fa)]&amp#27;[0m Calling AppiumDriver.findElements() with args: ["id","com.fivemobile.thescore:id/view_progress","a84025fa-87fd-4432-a89c-6e57f823ae73"]
&amp#27;[38;5;32m[AndroidUiautomator2Driver@cb04 (a84025fa)]&amp#27;[0m Valid locator strategies for this request: xpath, id, class name, accessibility id, css selector, -android uiautomator
&amp#27;[38;5;32m[AndroidUiautomator2Driver@cb04 (a84025fa)]&amp#27;[0m Waiting up to 10000 ms for condition
&amp#27;[38;5;32m[AndroidUiautomator2Driver@cb04 (a84025fa)]&amp#27;[0m Matched '/elements' to command name 'findElements'
&amp#27;[38;5;32m[AndroidUiautomator2Driver@cb04 (a84025fa)]&amp#27;[0m Proxying [POST /elements] to [POST http://127.0.0.1:8209/session/e13e9c10-6759-487b-84e8-6054836a870e/elements] with body: {"strategy":"id","selector":"com.fivemobile.thescore:id/view_progress","context":"","multiple":true}
&amp#27;[38;5;32m[AndroidUiautomator2Driver@cb04 (a84025fa)]&amp#27;[0m Got response with status 200: {"sessionId":"e13e9c10-6759-487b-84e8-6054836a870e","value":[{"ELEMENT":"00000000-0000-0464-ffff-ffff000006f2","element-6066-11e4-a52e-4f735466cecf":"00000000-0000-0464-ffff-ffff000006f2"},{"ELEMENT":"00000000-0000-0464-ffff-ffff000006f8","element-6066-11e4-a52e-4f735466cecf":"00000000-0000-0464-ffff-ffff000006f8"},{"ELEMENT":"00000000-0000-0464-ffff-ffff000006fe","element-6066-11e4-a52e-4f735466cecf":"00000000-0000-0464-ffff-ffff000006fe"},{"ELEMENT":"00000000-0000-0464-ffff-ffff00000704","element-6066-11e4-a52e-4f735466cecf":"00000000-0000-0464-ffff-ffff00000704"},{"ELEMENT":"00000000-0000-0464-ffff-ffff0000070a","element-6066-11e4-a52e-4f735466cecf":"00000000-0000-0464-ffff-ffff0000070a"},{"ELEMENT":"00000000-0000-0464-ffff-ffff00000714","element-6066-11e4-a52e-4f735466cecf":"00000000-0000-0464-ffff-ffff00000714"},{"ELEMENT":"00000000-0000-0464-ffff-ffff0000071a","element-6066-11e4-a52e-4f735466cecf":"00000000-0000-0464-ffff-ffff0000071a"},{"ELEMENT":"00000000-0000-0464-ffff-ffff00000720","element-6066-...
&amp#27;[38;5;32m[AndroidUiautomator2Driver@cb04 (a84025fa)]&amp#27;[0m Responding to client with driver.findElements() result: [{"element-6066-11e4-a52e-4f735466cecf":"00000000-0000-0464-ffff-ffff000006f2","ELEMENT":"00000000-0000-0464-ffff-ffff000006f2"},{"element-6066-11e4-a52e-4f735466cecf":"00000000-0000-0464-ffff-ffff000006f8","ELEMENT":"00000000-0000-0464-ffff-ffff000006f8"},{"element-6066-11e4-a52e-4f735466cecf":"00000000-0000-0464-ffff-ffff000006fe","ELEMENT":"00000000-0000-0464-ffff-ffff000006fe"},{"element-6066-11e4-a52e-4f735466cecf":"00000000-0000-0464-ffff-ffff00000704","ELEMENT":"00000000-0000-0464-ffff-ffff00000704"},{"element-6066-11e4-a52e-4f735466cecf":"00000000-0000-0464-ffff-ffff0000070a","ELEMENT":"00000000-0000-0464-ffff-ffff0000070a"},{"element-6066-11e4-a52e-4f735466cecf":"00000000-0000-0464-ffff-ffff00000714","ELEMENT":"00000000-0000-0464-ffff-ffff00000714"},{"element-6066-11e4-a52e-4f735466cecf":"00000000-0000-0464-ffff-ffff0000071a","ELEMENT":"00000000-0000-0464-ffff-ffff0000071a"},{"element-6066-11e4-a52e-4f735466cecf":"00000000-0000-0464-ffff-ffff00000720","ELEMENT":"00000000-0000-0464-ffff-ffff0000072...
&amp#27;[38;5;0m[HTTP]&amp#27;[0m &amp#27;[37m<-- POST /session/a84025fa-87fd-4432-a89c-6e57f823ae73/elements &amp#27;[39m&amp#27;[32m200&amp#27;[39m &amp#27;[90m204 ms - 1291&amp#27;[39m
&amp#27;[38;5;0m[HTTP]&amp#27;[0m &amp#27;[90m&amp#27;[39m
&amp#27;[38;5;0m[HTTP]&amp#27;[0m &amp#27;[37m-->&amp#27;[39m &amp#27;[37mGET&amp#27;[39m &amp#27;[37m/session/a84025fa-87fd-4432-a89c-6e57f823ae73/element/00000000-0000-0464-ffff-ffff000006fe/displayed&amp#27;[39m
&amp#27;[38;5;0m[HTTP]&amp#27;[0m &amp#27;[90m{}&amp#27;[39m
&amp#27;[38;5;32m[AndroidUiautomator2Driver@cb04 (a84025fa)]&amp#27;[0m Calling AppiumDriver.elementDisplayed() with args: ["00000000-0000-0464-ffff-ffff000006fe","a84025fa-87fd-4432-a89c-6e57f823ae73"]
&amp#27;[38;5;32m[AndroidUiautomator2Driver@cb04 (a84025fa)]&amp#27;[0m Matched '/element/00000000-0000-0464-ffff-ffff000006fe/attribute/displayed' to command name 'getAttribute'
&amp#27;[38;5;32m[AndroidUiautomator2Driver@cb04 (a84025fa)]&amp#27;[0m Proxying [GET /element/00000000-0000-0464-ffff-ffff000006fe/attribute/displayed] to [GET http://127.0.0.1:8209/session/e13e9c10-6759-487b-84e8-6054836a870e/element/00000000-0000-0464-ffff-ffff000006fe/attribute/displayed] with no body
&amp#27;[38;5;32m[AndroidUiautomator2Driver@cb04 (a84025fa)]&amp#27;[0m Got response with status 200: {"sessionId":"e13e9c10-6759-487b-84e8-6054836a870e","value":"true"}
&amp#27;[38;5;32m[AndroidUiautomator2Driver@cb04 (a84025fa)]&amp#27;[0m Responding to client with driver.elementDisplayed() result: true
&amp#27;[38;5;0m[HTTP]&amp#27;[0m &amp#27;[37m<-- GET /session/a84025fa-87fd-4432-a89c-6e57f823ae73/element/00000000-0000-0464-ffff-ffff000006fe/displayed &amp#27;[39m&amp#27;[32m200&amp#27;[39m &amp#27;[90m22 ms - 14&amp#27;[39m
&amp#27;[38;5;0m[HTTP]&amp#27;[0m &amp#27;[90m&amp#27;[39m
&amp#27;[38;5;0m[HTTP]&amp#27;[0m &amp#27;[37m-->&amp#27;[39m &amp#27;[37mGET&amp#27;[39m &amp#27;[37m/session/a84025fa-87fd-4432-a89c-6e57f823ae73/context&amp#27;[39m
&amp#27;[38;5;0m[HTTP]&amp#27;[0m &amp#27;[90m{}&amp#27;[39m
&amp#27;[38;5;32m[AndroidUiautomator2Driver@cb04 (a84025fa)]&amp#27;[0m Calling AppiumDriver.getCurrentContext() with args: ["a84025fa-87fd-4432-a89c-6e57f823ae73"]
&amp#27;[38;5;32m[AndroidUiautomator2Driver@cb04 (a84025fa)]&amp#27;[0m Responding to client with driver.getCurrentContext() result: "NATIVE_APP"
&amp#27;[38;5;0m[HTTP]&amp#27;[0m &amp#27;[37m<-- GET /session/a84025fa-87fd-4432-a89c-6e57f823ae73/context &amp#27;[39m&amp#27;[32m200&amp#27;[39m &amp#27;[90m1 ms - 22&amp#27;[39m
&amp#27;[38;5;0m[HTTP]&amp#27;[0m &amp#27;[90m&amp#27;[39m
&amp#27;[38;5;0m[HTTP]&amp#27;[0m &amp#27;[37m-->&amp#27;[39m &amp#27;[37mPOST&amp#27;[39m &amp#27;[37m/session/a84025fa-87fd-4432-a89c-6e57f823ae73/elements&amp#27;[39m
&amp#27;[38;5;0m[HTTP]&amp#27;[0m &amp#27;[90m{"value":"com.fivemobile.thescore:id/view_progress","using":"id"}&amp#27;[39m
&amp#27;[38;5;32m[AndroidUiautomator2Driver@cb04 (a84025fa)]&amp#27;[0m Calling AppiumDriver.findElements() with args: ["id","com.fivemobile.thescore:id/view_progress","a84025fa-87fd-4432-a89c-6e57f823ae73"]
&amp#27;[38;5;32m[AndroidUiautomator2Driver@cb04 (a84025fa)]&amp#27;[0m Valid locator strategies for this request: xpath, id, class name, accessibility id, css selector, -android uiautomator
&amp#27;[38;5;32m[AndroidUiautomator2Driver@cb04 (a84025fa)]&amp#27;[0m Waiting up to 10000 ms for condition
&amp#27;[38;5;32m[AndroidUiautomator2Driver@cb04 (a84025fa)]&amp#27;[0m Matched '/elements' to command name 'findElements'
&amp#27;[38;5;32m[AndroidUiautomator2Driver@cb04 (a84025fa)]&amp#27;[0m Proxying [POST /elements] to [POST http://127.0.0.1:8209/session/e13e9c10-6759-487b-84e8-6054836a870e/elements] with body: {"strategy":"id","selector":"com.fivemobile.thescore:id/view_progress","context":"","multiple":true}
&amp#27;[38;5;32m[AndroidUiautomator2Driver@cb04 (a84025fa)]&amp#27;[0m Got response with status 200: {"sessionId":"e13e9c10-6759-487b-84e8-6054836a870e","value":[{"ELEMENT":"00000000-0000-0464-ffff-ffff000006f2","element-6066-11e4-a52e-4f735466cecf":"00000000-0000-0464-ffff-ffff000006f2"},{"ELEMENT":"00000000-0000-0464-ffff-ffff000006f8","element-6066-11e4-a52e-4f735466cecf":"00000000-0000-0464-ffff-ffff000006f8"},{"ELEMENT":"00000000-0000-0464-ffff-ffff000006fe","element-6066-11e4-a52e-4f735466cecf":"00000000-0000-0464-ffff-ffff000006fe"},{"ELEMENT":"00000000-0000-0464-ffff-ffff00000704","element-6066-11e4-a52e-4f735466cecf":"00000000-0000-0464-ffff-ffff00000704"},{"ELEMENT":"00000000-0000-0464-ffff-ffff0000070a","element-6066-11e4-a52e-4f735466cecf":"00000000-0000-0464-ffff-ffff0000070a"},{"ELEMENT":"00000000-0000-0464-ffff-ffff00000714","element-6066-11e4-a52e-4f735466cecf":"00000000-0000-0464-ffff-ffff00000714"},{"ELEMENT":"00000000-0000-0464-ffff-ffff0000071a","element-6066-11e4-a52e-4f735466cecf":"00000000-0000-0464-ffff-ffff0000071a"},{"ELEMENT":"00000000-0000-0464-ffff-ffff00000720","element-6066-...
&amp#27;[38;5;32m[AndroidUiautomator2Driver@cb04 (a84025fa)]&amp#27;[0m Responding to client with driver.findElements() result: [{"element-6066-11e4-a52e-4f735466cecf":"00000000-0000-0464-ffff-ffff000006f2","ELEMENT":"00000000-0000-0464-ffff-ffff000006f2"},{"element-6066-11e4-a52e-4f735466cecf":"00000000-0000-0464-ffff-ffff000006f8","ELEMENT":"00000000-0000-0464-ffff-ffff000006f8"},{"element-6066-11e4-a52e-4f735466cecf":"00000000-0000-0464-ffff-ffff000006fe","ELEMENT":"00000000-0000-0464-ffff-ffff000006fe"},{"element-6066-11e4-a52e-4f735466cecf":"00000000-0000-0464-ffff-ffff00000704","ELEMENT":"00000000-0000-0464-ffff-ffff00000704"},{"element-6066-11e4-a52e-4f735466cecf":"00000000-0000-0464-ffff-ffff0000070a","ELEMENT":"00000000-0000-0464-ffff-ffff0000070a"},{"element-6066-11e4-a52e-4f735466cecf":"00000000-0000-0464-ffff-ffff00000714","ELEMENT":"00000000-0000-0464-ffff-ffff00000714"},{"element-6066-11e4-a52e-4f735466cecf":"00000000-0000-0464-ffff-ffff0000071a","ELEMENT":"00000000-0000-0464-ffff-ffff0000071a"},{"element-6066-11e4-a52e-4f735466cecf":"00000000-0000-0464-ffff-ffff00000720","ELEMENT":"00000000-0000-0464-ffff-ffff0000072...
&amp#27;[38;5;0m[HTTP]&amp#27;[0m &amp#27;[37m<-- POST /session/a84025fa-87fd-4432-a89c-6e57f823ae73/elements &amp#27;[39m&amp#27;[32m200&amp#27;[39m &amp#27;[90m223 ms - 1291&amp#27;[39m
&amp#27;[38;5;0m[HTTP]&amp#27;[0m &amp#27;[90m&amp#27;[39m
&amp#27;[38;5;0m[HTTP]&amp#27;[0m &amp#27;[37m-->&amp#27;[39m &amp#27;[37mGET&amp#27;[39m &amp#27;[37m/session/a84025fa-87fd-4432-a89c-6e57f823ae73/context&amp#27;[39m
&amp#27;[38;5;0m[HTTP]&amp#27;[0m &amp#27;[90m{}&amp#27;[39m
&amp#27;[38;5;32m[AndroidUiautomator2Driver@cb04 (a84025fa)]&amp#27;[0m Calling AppiumDriver.getCurrentContext() with args: ["a84025fa-87fd-4432-a89c-6e57f823ae73"]
&amp#27;[38;5;32m[AndroidUiautomator2Driver@cb04 (a84025fa)]&amp#27;[0m Responding to client with driver.getCurrentContext() result: "NATIVE_APP"
&amp#27;[38;5;0m[HTTP]&amp#27;[0m &amp#27;[37m<-- GET /session/a84025fa-87fd-4432-a89c-6e57f823ae73/context &amp#27;[39m&amp#27;[32m200&amp#27;[39m &amp#27;[90m1 ms - 22&amp#27;[39m
&amp#27;[38;5;0m[HTTP]&amp#27;[0m &amp#27;[90m&amp#27;[39m
&amp#27;[38;5;0m[HTTP]&amp#27;[0m &amp#27;[37m-->&amp#27;[39m &amp#27;[37mPOST&amp#27;[39m &amp#27;[37m/session/a84025fa-87fd-4432-a89c-6e57f823ae73/elements&amp#27;[39m
&amp#27;[38;5;0m[HTTP]&amp#27;[0m &amp#27;[90m{"value":"com.fivemobile.thescore:id/view_progress","using":"id"}&amp#27;[39m
&amp#27;[38;5;32m[AndroidUiautomator2Driver@cb04 (a84025fa)]&amp#27;[0m Calling AppiumDriver.findElements() with args: ["id","com.fivemobile.thescore:id/view_progress","a84025fa-87fd-4432-a89c-6e57f823ae73"]
&amp#27;[38;5;32m[AndroidUiautomator2Driver@cb04 (a84025fa)]&amp#27;[0m Valid locator strategies for this request: xpath, id, class name, accessibility id, css selector, -android uiautomator
&amp#27;[38;5;32m[AndroidUiautomator2Driver@cb04 (a84025fa)]&amp#27;[0m Waiting up to 10000 ms for condition
&amp#27;[38;5;32m[AndroidUiautomator2Driver@cb04 (a84025fa)]&amp#27;[0m Matched '/elements' to command name 'findElements'
&amp#27;[38;5;32m[AndroidUiautomator2Driver@cb04 (a84025fa)]&amp#27;[0m Proxying [POST /elements] to [POST http://127.0.0.1:8209/session/e13e9c10-6759-487b-84e8-6054836a870e/elements] with body: {"strategy":"id","selector":"com.fivemobile.thescore:id/view_progress","context":"","multiple":true}
&amp#27;[38;5;32m[AndroidUiautomator2Driver@cb04 (a84025fa)]&amp#27;[0m Got response with status 200: {"sessionId":"e13e9c10-6759-487b-84e8-6054836a870e","value":[{"ELEMENT":"00000000-0000-0464-ffff-ffff000006f2","element-6066-11e4-a52e-4f735466cecf":"00000000-0000-0464-ffff-ffff000006f2"},{"ELEMENT":"00000000-0000-0464-ffff-ffff000006f8","element-6066-11e4-a52e-4f735466cecf":"00000000-0000-0464-ffff-ffff000006f8"},{"ELEMENT":"00000000-0000-0464-ffff-ffff000006fe","element-6066-11e4-a52e-4f735466cecf":"00000000-0000-0464-ffff-ffff000006fe"},{"ELEMENT":"00000000-0000-0464-ffff-ffff00000704","element-6066-11e4-a52e-4f735466cecf":"00000000-0000-0464-ffff-ffff00000704"},{"ELEMENT":"00000000-0000-0464-ffff-ffff0000070a","element-6066-11e4-a52e-4f735466cecf":"00000000-0000-0464-ffff-ffff0000070a"},{"ELEMENT":"00000000-0000-0464-ffff-ffff00000714","element-6066-11e4-a52e-4f735466cecf":"00000000-0000-0464-ffff-ffff00000714"},{"ELEMENT":"00000000-0000-0464-ffff-ffff0000071a","element-6066-11e4-a52e-4f735466cecf":"00000000-0000-0464-ffff-ffff0000071a"},{"ELEMENT":"00000000-0000-0464-ffff-ffff00000720","element-6066-...
&amp#27;[38;5;32m[AndroidUiautomator2Driver@cb04 (a84025fa)]&amp#27;[0m Responding to client with driver.findElements() result: [{"element-6066-11e4-a52e-4f735466cecf":"00000000-0000-0464-ffff-ffff000006f2","ELEMENT":"00000000-0000-0464-ffff-ffff000006f2"},{"element-6066-11e4-a52e-4f735466cecf":"00000000-0000-0464-ffff-ffff000006f8","ELEMENT":"00000000-0000-0464-ffff-ffff000006f8"},{"element-6066-11e4-a52e-4f735466cecf":"00000000-0000-0464-ffff-ffff000006fe","ELEMENT":"00000000-0000-0464-ffff-ffff000006fe"},{"element-6066-11e4-a52e-4f735466cecf":"00000000-0000-0464-ffff-ffff00000704","ELEMENT":"00000000-0000-0464-ffff-ffff00000704"},{"element-6066-11e4-a52e-4f735466cecf":"00000000-0000-0464-ffff-ffff0000070a","ELEMENT":"00000000-0000-0464-ffff-ffff0000070a"},{"element-6066-11e4-a52e-4f735466cecf":"00000000-0000-0464-ffff-ffff00000714","ELEMENT":"00000000-0000-0464-ffff-ffff00000714"},{"element-6066-11e4-a52e-4f735466cecf":"00000000-0000-0464-ffff-ffff0000071a","ELEMENT":"00000000-0000-0464-ffff-ffff0000071a"},{"element-6066-11e4-a52e-4f735466cecf":"00000000-0000-0464-ffff-ffff00000720","ELEMENT":"00000000-0000-0464-ffff-ffff0000072...
&amp#27;[38;5;0m[HTTP]&amp#27;[0m &amp#27;[37m<-- POST /session/a84025fa-87fd-4432-a89c-6e57f823ae73/elements &amp#27;[39m&amp#27;[32m200&amp#27;[39m &amp#27;[90m185 ms - 1291&amp#27;[39m
&amp#27;[38;5;0m[HTTP]&amp#27;[0m &amp#27;[90m&amp#27;[39m
&amp#27;[38;5;0m[HTTP]&amp#27;[0m &amp#27;[37m-->&amp#27;[39m &amp#27;[37mGET&amp#27;[39m &amp#27;[37m/session/a84025fa-87fd-4432-a89c-6e57f823ae73/element/00000000-0000-0464-ffff-ffff00000704/displayed&amp#27;[39m
&amp#27;[38;5;0m[HTTP]&amp#27;[0m &amp#27;[90m{}&amp#27;[39m
&amp#27;[38;5;32m[AndroidUiautomator2Driver@cb04 (a84025fa)]&amp#27;[0m Calling AppiumDriver.elementDisplayed() with args: ["00000000-0000-0464-ffff-ffff00000704","a84025fa-87fd-4432-a89c-6e57f823ae73"]
&amp#27;[38;5;32m[AndroidUiautomator2Driver@cb04 (a84025fa)]&amp#27;[0m Matched '/element/00000000-0000-0464-ffff-ffff00000704/attribute/displayed' to command name 'getAttribute'
&amp#27;[38;5;32m[AndroidUiautomator2Driver@cb04 (a84025fa)]&amp#27;[0m Proxying [GET /element/00000000-0000-0464-ffff-ffff00000704/attribute/displayed] to [GET http://127.0.0.1:8209/session/e13e9c10-6759-487b-84e8-6054836a870e/element/00000000-0000-0464-ffff-ffff00000704/attribute/displayed] with no body
&amp#27;[38;5;32m[AndroidUiautomator2Driver@cb04 (a84025fa)]&amp#27;[0m Got response with status 200: {"sessionId":"e13e9c10-6759-487b-84e8-6054836a870e","value":"true"}
&amp#27;[38;5;32m[AndroidUiautomator2Driver@cb04 (a84025fa)]&amp#27;[0m Responding to client with driver.elementDisplayed() result: true
&amp#27;[38;5;0m[HTTP]&amp#27;[0m &amp#27;[37m<-- GET /session/a84025fa-87fd-4432-a89c-6e57f823ae73/element/00000000-0000-0464-ffff-ffff00000704/displayed &amp#27;[39m&amp#27;[32m200&amp#27;[39m &amp#27;[90m16 ms - 14&amp#27;[39m
&amp#27;[38;5;0m[HTTP]&amp#27;[0m &amp#27;[90m&amp#27;[39m
&amp#27;[38;5;0m[HTTP]&amp#27;[0m &amp#27;[37m-->&amp#27;[39m &amp#27;[37mGET&amp#27;[39m &amp#27;[37m/session/a84025fa-87fd-4432-a89c-6e57f823ae73/context&amp#27;[39m
&amp#27;[38;5;0m[HTTP]&amp#27;[0m &amp#27;[90m{}&amp#27;[39m
&amp#27;[38;5;32m[AndroidUiautomator2Driver@cb04 (a84025fa)]&amp#27;[0m Calling AppiumDriver.getCurrentContext() with args: ["a84025fa-87fd-4432-a89c-6e57f823ae73"]
&amp#27;[38;5;32m[AndroidUiautomator2Driver@cb04 (a84025fa)]&amp#27;[0m Responding to client with driver.getCurrentContext() result: "NATIVE_APP"
&amp#27;[38;5;0m[HTTP]&amp#27;[0m &amp#27;[37m<-- GET /session/a84025fa-87fd-4432-a89c-6e57f823ae73/context &amp#27;[39m&amp#27;[32m200&amp#27;[39m &amp#27;[90m1 ms - 22&amp#27;[39m
&amp#27;[38;5;0m[HTTP]&amp#27;[0m &amp#27;[90m&amp#27;[39m
&amp#27;[38;5;0m[HTTP]&amp#27;[0m &amp#27;[37m-->&amp#27;[39m &amp#27;[37mPOST&amp#27;[39m &amp#27;[37m/session/a84025fa-87fd-4432-a89c-6e57f823ae73/elements&amp#27;[39m
&amp#27;[38;5;0m[HTTP]&amp#27;[0m &amp#27;[90m{"value":"com.fivemobile.thescore:id/view_progress","using":"id"}&amp#27;[39m
&amp#27;[38;5;32m[AndroidUiautomator2Driver@cb04 (a84025fa)]&amp#27;[0m Calling AppiumDriver.findElements() with args: ["id","com.fivemobile.thescore:id/view_progress","a84025fa-87fd-4432-a89c-6e57f823ae73"]
&amp#27;[38;5;32m[AndroidUiautomator2Driver@cb04 (a84025fa)]&amp#27;[0m Valid locator strategies for this request: xpath, id, class name, accessibility id, css selector, -android uiautomator
&amp#27;[38;5;32m[AndroidUiautomator2Driver@cb04 (a84025fa)]&amp#27;[0m Waiting up to 10000 ms for condition
&amp#27;[38;5;32m[AndroidUiautomator2Driver@cb04 (a84025fa)]&amp#27;[0m Matched '/elements' to command name 'findElements'
&amp#27;[38;5;32m[AndroidUiautomator2Driver@cb04 (a84025fa)]&amp#27;[0m Proxying [POST /elements] to [POST http://127.0.0.1:8209/session/e13e9c10-6759-487b-84e8-6054836a870e/elements] with body: {"strategy":"id","selector":"com.fivemobile.thescore:id/view_progress","context":"","multiple":true}
&amp#27;[38;5;32m[AndroidUiautomator2Driver@cb04 (a84025fa)]&amp#27;[0m Got response with status 200: {"sessionId":"e13e9c10-6759-487b-84e8-6054836a870e","value":[{"ELEMENT":"00000000-0000-0464-ffff-ffff000006f2","element-6066-11e4-a52e-4f735466cecf":"00000000-0000-0464-ffff-ffff000006f2"},{"ELEMENT":"00000000-0000-0464-ffff-ffff000006f8","element-6066-11e4-a52e-4f735466cecf":"00000000-0000-0464-ffff-ffff000006f8"},{"ELEMENT":"00000000-0000-0464-ffff-ffff000006fe","element-6066-11e4-a52e-4f735466cecf":"00000000-0000-0464-ffff-ffff000006fe"},{"ELEMENT":"00000000-0000-0464-ffff-ffff00000704","element-6066-11e4-a52e-4f735466cecf":"00000000-0000-0464-ffff-ffff00000704"},{"ELEMENT":"00000000-0000-0464-ffff-ffff0000070a","element-6066-11e4-a52e-4f735466cecf":"00000000-0000-0464-ffff-ffff0000070a"},{"ELEMENT":"00000000-0000-0464-ffff-ffff00000714","element-6066-11e4-a52e-4f735466cecf":"00000000-0000-0464-ffff-ffff00000714"},{"ELEMENT":"00000000-0000-0464-ffff-ffff0000071a","element-6066-11e4-a52e-4f735466cecf":"00000000-0000-0464-ffff-ffff0000071a"},{"ELEMENT":"00000000-0000-0464-ffff-ffff00000720","element-6066-...
&amp#27;[38;5;32m[AndroidUiautomator2Driver@cb04 (a84025fa)]&amp#27;[0m Responding to client with driver.findElements() result: [{"element-6066-11e4-a52e-4f735466cecf":"00000000-0000-0464-ffff-ffff000006f2","ELEMENT":"00000000-0000-0464-ffff-ffff000006f2"},{"element-6066-11e4-a52e-4f735466cecf":"00000000-0000-0464-ffff-ffff000006f8","ELEMENT":"00000000-0000-0464-ffff-ffff000006f8"},{"element-6066-11e4-a52e-4f735466cecf":"00000000-0000-0464-ffff-ffff000006fe","ELEMENT":"00000000-0000-0464-ffff-ffff000006fe"},{"element-6066-11e4-a52e-4f735466cecf":"00000000-0000-0464-ffff-ffff00000704","ELEMENT":"00000000-0000-0464-ffff-ffff00000704"},{"element-6066-11e4-a52e-4f735466cecf":"00000000-0000-0464-ffff-ffff0000070a","ELEMENT":"00000000-0000-0464-ffff-ffff0000070a"},{"element-6066-11e4-a52e-4f735466cecf":"00000000-0000-0464-ffff-ffff00000714","ELEMENT":"00000000-0000-0464-ffff-ffff00000714"},{"element-6066-11e4-a52e-4f735466cecf":"00000000-0000-0464-ffff-ffff0000071a","ELEMENT":"00000000-0000-0464-ffff-ffff0000071a"},{"element-6066-11e4-a52e-4f735466cecf":"00000000-0000-0464-ffff-ffff00000720","ELEMENT":"00000000-0000-0464-ffff-ffff0000072...
&amp#27;[38;5;0m[HTTP]&amp#27;[0m &amp#27;[37m<-- POST /session/a84025fa-87fd-4432-a89c-6e57f823ae73/elements &amp#27;[39m&amp#27;[32m200&amp#27;[39m &amp#27;[90m224 ms - 1291&amp#27;[39m
&amp#27;[38;5;0m[HTTP]&amp#27;[0m &amp#27;[90m&amp#27;[39m
&amp#27;[38;5;0m[HTTP]&amp#27;[0m &amp#27;[37m-->&amp#27;[39m &amp#27;[37mGET&amp#27;[39m &amp#27;[37m/session/a84025fa-87fd-4432-a89c-6e57f823ae73/context&amp#27;[39m
&amp#27;[38;5;0m[HTTP]&amp#27;[0m &amp#27;[90m{}&amp#27;[39m
&amp#27;[38;5;32m[AndroidUiautomator2Driver@cb04 (a84025fa)]&amp#27;[0m Calling AppiumDriver.getCurrentContext() with args: ["a84025fa-87fd-4432-a89c-6e57f823ae73"]
&amp#27;[38;5;32m[AndroidUiautomator2Driver@cb04 (a84025fa)]&amp#27;[0m Responding to client with driver.getCurrentContext() result: "NATIVE_APP"
&amp#27;[38;5;0m[HTTP]&amp#27;[0m &amp#27;[37m<-- GET /session/a84025fa-87fd-4432-a89c-6e57f823ae73/context &amp#27;[39m&amp#27;[32m200&amp#27;[39m &amp#27;[90m1 ms - 22&amp#27;[39m
&amp#27;[38;5;0m[HTTP]&amp#27;[0m &amp#27;[90m&amp#27;[39m
&amp#27;[38;5;0m[HTTP]&amp#27;[0m &amp#27;[37m-->&amp#27;[39m &amp#27;[37mPOST&amp#27;[39m &amp#27;[37m/session/a84025fa-87fd-4432-a89c-6e57f823ae73/elements&amp#27;[39m
&amp#27;[38;5;0m[HTTP]&amp#27;[0m &amp#27;[90m{"value":"com.fivemobile.thescore:id/view_progress","using":"id"}&amp#27;[39m
&amp#27;[38;5;32m[AndroidUiautomator2Driver@cb04 (a84025fa)]&amp#27;[0m Calling AppiumDriver.findElements() with args: ["id","com.fivemobile.thescore:id/view_progress","a84025fa-87fd-4432-a89c-6e57f823ae73"]
&amp#27;[38;5;32m[AndroidUiautomator2Driver@cb04 (a84025fa)]&amp#27;[0m Valid locator strategies for this request: xpath, id, class name, accessibility id, css selector, -android uiautomator
&amp#27;[38;5;32m[AndroidUiautomator2Driver@cb04 (a84025fa)]&amp#27;[0m Waiting up to 10000 ms for condition
&amp#27;[38;5;32m[AndroidUiautomator2Driver@cb04 (a84025fa)]&amp#27;[0m Matched '/elements' to command name 'findElements'
&amp#27;[38;5;32m[AndroidUiautomator2Driver@cb04 (a84025fa)]&amp#27;[0m Proxying [POST /elements] to [POST http://127.0.0.1:8209/session/e13e9c10-6759-487b-84e8-6054836a870e/elements] with body: {"strategy":"id","selector":"com.fivemobile.thescore:id/view_progress","context":"","multiple":true}
&amp#27;[38;5;32m[AndroidUiautomator2Driver@cb04 (a84025fa)]&amp#27;[0m Got response with status 200: {"sessionId":"e13e9c10-6759-487b-84e8-6054836a870e","value":[{"ELEMENT":"00000000-0000-0464-ffff-ffff000006f2","element-6066-11e4-a52e-4f735466cecf":"00000000-0000-0464-ffff-ffff000006f2"},{"ELEMENT":"00000000-0000-0464-ffff-ffff000006f8","element-6066-11e4-a52e-4f735466cecf":"00000000-0000-0464-ffff-ffff000006f8"},{"ELEMENT":"00000000-0000-0464-ffff-ffff000006fe","element-6066-11e4-a52e-4f735466cecf":"00000000-0000-0464-ffff-ffff000006fe"},{"ELEMENT":"00000000-0000-0464-ffff-ffff00000704","element-6066-11e4-a52e-4f735466cecf":"00000000-0000-0464-ffff-ffff00000704"},{"ELEMENT":"00000000-0000-0464-ffff-ffff0000070a","element-6066-11e4-a52e-4f735466cecf":"00000000-0000-0464-ffff-ffff0000070a"},{"ELEMENT":"00000000-0000-0464-ffff-ffff00000714","element-6066-11e4-a52e-4f735466cecf":"00000000-0000-0464-ffff-ffff00000714"},{"ELEMENT":"00000000-0000-0464-ffff-ffff0000071a","element-6066-11e4-a52e-4f735466cecf":"00000000-0000-0464-ffff-ffff0000071a"},{"ELEMENT":"00000000-0000-0464-ffff-ffff00000720","element-6066-...
&amp#27;[38;5;32m[AndroidUiautomator2Driver@cb04 (a84025fa)]&amp#27;[0m Responding to client with driver.findElements() result: [{"element-6066-11e4-a52e-4f735466cecf":"00000000-0000-0464-ffff-ffff000006f2","ELEMENT":"00000000-0000-0464-ffff-ffff000006f2"},{"element-6066-11e4-a52e-4f735466cecf":"00000000-0000-0464-ffff-ffff000006f8","ELEMENT":"00000000-0000-0464-ffff-ffff000006f8"},{"element-6066-11e4-a52e-4f735466cecf":"00000000-0000-0464-ffff-ffff000006fe","ELEMENT":"00000000-0000-0464-ffff-ffff000006fe"},{"element-6066-11e4-a52e-4f735466cecf":"00000000-0000-0464-ffff-ffff00000704","ELEMENT":"00000000-0000-0464-ffff-ffff00000704"},{"element-6066-11e4-a52e-4f735466cecf":"00000000-0000-0464-ffff-ffff0000070a","ELEMENT":"00000000-0000-0464-ffff-ffff0000070a"},{"element-6066-11e4-a52e-4f735466cecf":"00000000-0000-0464-ffff-ffff00000714","ELEMENT":"00000000-0000-0464-ffff-ffff00000714"},{"element-6066-11e4-a52e-4f735466cecf":"00000000-0000-0464-ffff-ffff0000071a","ELEMENT":"00000000-0000-0464-ffff-ffff0000071a"},{"element-6066-11e4-a52e-4f735466cecf":"00000000-0000-0464-ffff-ffff00000720","ELEMENT":"00000000-0000-0464-ffff-ffff0000072...
&amp#27;[38;5;0m[HTTP]&amp#27;[0m &amp#27;[37m<-- POST /session/a84025fa-87fd-4432-a89c-6e57f823ae73/elements &amp#27;[39m&amp#27;[32m200&amp#27;[39m &amp#27;[90m705 ms - 1291&amp#27;[39m
&amp#27;[38;5;0m[HTTP]&amp#27;[0m &amp#27;[90m&amp#27;[39m
&amp#27;[38;5;0m[HTTP]&amp#27;[0m &amp#27;[37m-->&amp#27;[39m &amp#27;[37mGET&amp#27;[39m &amp#27;[37m/session/a84025fa-87fd-4432-a89c-6e57f823ae73/element/00000000-0000-0464-ffff-ffff0000070a/displayed&amp#27;[39m
&amp#27;[38;5;0m[HTTP]&amp#27;[0m &amp#27;[90m{}&amp#27;[39m
&amp#27;[38;5;32m[AndroidUiautomator2Driver@cb04 (a84025fa)]&amp#27;[0m Calling AppiumDriver.elementDisplayed() with args: ["00000000-0000-0464-ffff-ffff0000070a","a84025fa-87fd-4432-a89c-6e57f823ae73"]
&amp#27;[38;5;32m[AndroidUiautomator2Driver@cb04 (a84025fa)]&amp#27;[0m Matched '/element/00000000-0000-0464-ffff-ffff0000070a/attribute/displayed' to command name 'getAttribute'
&amp#27;[38;5;32m[AndroidUiautomator2Driver@cb04 (a84025fa)]&amp#27;[0m Proxying [GET /element/00000000-0000-0464-ffff-ffff0000070a/attribute/displayed] to [GET http://127.0.0.1:8209/session/e13e9c10-6759-487b-84e8-6054836a870e/element/00000000-0000-0464-ffff-ffff0000070a/attribute/displayed] with no body
&amp#27;[38;5;32m[AndroidUiautomator2Driver@cb04 (a84025fa)]&amp#27;[0m Got response with status 200: {"sessionId":"e13e9c10-6759-487b-84e8-6054836a870e","value":"true"}
&amp#27;[38;5;32m[AndroidUiautomator2Driver@cb04 (a84025fa)]&amp#27;[0m Responding to client with driver.elementDisplayed() result: true
&amp#27;[38;5;0m[HTTP]&amp#27;[0m &amp#27;[37m<-- GET /session/a84025fa-87fd-4432-a89c-6e57f823ae73/element/00000000-0000-0464-ffff-ffff0000070a/displayed &amp#27;[39m&amp#27;[32m200&amp#27;[39m &amp#27;[90m10 ms - 14&amp#27;[39m
&amp#27;[38;5;0m[HTTP]&amp#27;[0m &amp#27;[90m&amp#27;[39m
&amp#27;[38;5;0m[HTTP]&amp#27;[0m &amp#27;[37m-->&amp#27;[39m &amp#27;[37mGET&amp#27;[39m &amp#27;[37m/session/a84025fa-87fd-4432-a89c-6e57f823ae73/context&amp#27;[39m
&amp#27;[38;5;0m[HTTP]&amp#27;[0m &amp#27;[90m{}&amp#27;[39m
&amp#27;[38;5;32m[AndroidUiautomator2Driver@cb04 (a84025fa)]&amp#27;[0m Calling AppiumDriver.getCurrentContext() with args: ["a84025fa-87fd-4432-a89c-6e57f823ae73"]
&amp#27;[38;5;32m[AndroidUiautomator2Driver@cb04 (a84025fa)]&amp#27;[0m Responding to client with driver.getCurrentContext() result: "NATIVE_APP"
&amp#27;[38;5;0m[HTTP]&amp#27;[0m &amp#27;[37m<-- GET /session/a84025fa-87fd-4432-a89c-6e57f823ae73/context &amp#27;[39m&amp#27;[32m200&amp#27;[39m &amp#27;[90m1 ms - 22&amp#27;[39m
&amp#27;[38;5;0m[HTTP]&amp#27;[0m &amp#27;[90m&amp#27;[39m
&amp#27;[38;5;0m[HTTP]&amp#27;[0m &amp#27;[37m-->&amp#27;[39m &amp#27;[37mPOST&amp#27;[39m &amp#27;[37m/session/a84025fa-87fd-4432-a89c-6e57f823ae73/elements&amp#27;[39m
&amp#27;[38;5;0m[HTTP]&amp#27;[0m &amp#27;[90m{"value":"com.fivemobile.thescore:id/view_progress","using":"id"}&amp#27;[39m
&amp#27;[38;5;32m[AndroidUiautomator2Driver@cb04 (a84025fa)]&amp#27;[0m Calling AppiumDriver.findElements() with args: ["id","com.fivemobile.thescore:id/view_progress","a84025fa-87fd-4432-a89c-6e57f823ae73"]
&amp#27;[38;5;32m[AndroidUiautomator2Driver@cb04 (a84025fa)]&amp#27;[0m Valid locator strategies for this request: xpath, id, class name, accessibility id, css selector, -android uiautomator
&amp#27;[38;5;32m[AndroidUiautomator2Driver@cb04 (a84025fa)]&amp#27;[0m Waiting up to 10000 ms for condition
&amp#27;[38;5;32m[AndroidUiautomator2Driver@cb04 (a84025fa)]&amp#27;[0m Matched '/elements' to command name 'findElements'
&amp#27;[38;5;32m[AndroidUiautomator2Driver@cb04 (a84025fa)]&amp#27;[0m Proxying [POST /elements] to [POST http://127.0.0.1:8209/session/e13e9c10-6759-487b-84e8-6054836a870e/elements] with body: {"strategy":"id","selector":"com.fivemobile.thescore:id/view_progress","context":"","multiple":true}
&amp#27;[38;5;32m[AndroidUiautomator2Driver@cb04 (a84025fa)]&amp#27;[0m Got response with status 200: {"sessionId":"e13e9c10-6759-487b-84e8-6054836a870e","value":[{"ELEMENT":"00000000-0000-0464-ffff-ffff000006f2","element-6066-11e4-a52e-4f735466cecf":"00000000-0000-0464-ffff-ffff000006f2"},{"ELEMENT":"00000000-0000-0464-ffff-ffff000006f8","element-6066-11e4-a52e-4f735466cecf":"00000000-0000-0464-ffff-ffff000006f8"},{"ELEMENT":"00000000-0000-0464-ffff-ffff000006fe","element-6066-11e4-a52e-4f735466cecf":"00000000-0000-0464-ffff-ffff000006fe"},{"ELEMENT":"00000000-0000-0464-ffff-ffff00000704","element-6066-11e4-a52e-4f735466cecf":"00000000-0000-0464-ffff-ffff00000704"},{"ELEMENT":"00000000-0000-0464-ffff-ffff0000070a","element-6066-11e4-a52e-4f735466cecf":"00000000-0000-0464-ffff-ffff0000070a"},{"ELEMENT":"00000000-0000-0464-ffff-ffff00000714","element-6066-11e4-a52e-4f735466cecf":"00000000-0000-0464-ffff-ffff00000714"},{"ELEMENT":"00000000-0000-0464-ffff-ffff0000071a","element-6066-11e4-a52e-4f735466cecf":"00000000-0000-0464-ffff-ffff0000071a"},{"ELEMENT":"00000000-0000-0464-ffff-ffff00000720","element-6066-...
&amp#27;[38;5;32m[AndroidUiautomator2Driver@cb04 (a84025fa)]&amp#27;[0m Responding to client with driver.findElements() result: [{"element-6066-11e4-a52e-4f735466cecf":"00000000-0000-0464-ffff-ffff000006f2","ELEMENT":"00000000-0000-0464-ffff-ffff000006f2"},{"element-6066-11e4-a52e-4f735466cecf":"00000000-0000-0464-ffff-ffff000006f8","ELEMENT":"00000000-0000-0464-ffff-ffff000006f8"},{"element-6066-11e4-a52e-4f735466cecf":"00000000-0000-0464-ffff-ffff000006fe","ELEMENT":"00000000-0000-0464-ffff-ffff000006fe"},{"element-6066-11e4-a52e-4f735466cecf":"00000000-0000-0464-ffff-ffff00000704","ELEMENT":"00000000-0000-0464-ffff-ffff00000704"},{"element-6066-11e4-a52e-4f735466cecf":"00000000-0000-0464-ffff-ffff0000070a","ELEMENT":"00000000-0000-0464-ffff-ffff0000070a"},{"element-6066-11e4-a52e-4f735466cecf":"00000000-0000-0464-ffff-ffff00000714","ELEMENT":"00000000-0000-0464-ffff-ffff00000714"},{"element-6066-11e4-a52e-4f735466cecf":"00000000-0000-0464-ffff-ffff0000071a","ELEMENT":"00000000-0000-0464-ffff-ffff0000071a"},{"element-6066-11e4-a52e-4f735466cecf":"00000000-0000-0464-ffff-ffff00000720","ELEMENT":"00000000-0000-0464-ffff-ffff0000072...
&amp#27;[38;5;0m[HTTP]&amp#27;[0m &amp#27;[37m<-- POST /session/a84025fa-87fd-4432-a89c-6e57f823ae73/elements &amp#27;[39m&amp#27;[32m200&amp#27;[39m &amp#27;[90m105 ms - 1291&amp#27;[39m
&amp#27;[38;5;0m[HTTP]&amp#27;[0m &amp#27;[90m&amp#27;[39m
&amp#27;[38;5;0m[HTTP]&amp#27;[0m &amp#27;[37m-->&amp#27;[39m &amp#27;[37mGET&amp#27;[39m &amp#27;[37m/session/a84025fa-87fd-4432-a89c-6e57f823ae73/context&amp#27;[39m
&amp#27;[38;5;0m[HTTP]&amp#27;[0m &amp#27;[90m{}&amp#27;[39m
&amp#27;[38;5;32m[AndroidUiautomator2Driver@cb04 (a84025fa)]&amp#27;[0m Calling AppiumDriver.getCurrentContext() with args: ["a84025fa-87fd-4432-a89c-6e57f823ae73"]
&amp#27;[38;5;32m[AndroidUiautomator2Driver@cb04 (a84025fa)]&amp#27;[0m Responding to client with driver.getCurrentContext() result: "NATIVE_APP"
&amp#27;[38;5;0m[HTTP]&amp#27;[0m &amp#27;[37m<-- GET /session/a84025fa-87fd-4432-a89c-6e57f823ae73/context &amp#27;[39m&amp#27;[32m200&amp#27;[39m &amp#27;[90m1 ms - 22&amp#27;[39m
&amp#27;[38;5;0m[HTTP]&amp#27;[0m &amp#27;[90m&amp#27;[39m
&amp#27;[38;5;0m[HTTP]&amp#27;[0m &amp#27;[37m-->&amp#27;[39m &amp#27;[37mPOST&amp#27;[39m &amp#27;[37m/session/a84025fa-87fd-4432-a89c-6e57f823ae73/elements&amp#27;[39m
&amp#27;[38;5;0m[HTTP]&amp#27;[0m &amp#27;[90m{"value":"com.fivemobile.thescore:id/view_progress","using":"id"}&amp#27;[39m
&amp#27;[38;5;32m[AndroidUiautomator2Driver@cb04 (a84025fa)]&amp#27;[0m Calling AppiumDriver.findElements() with args: ["id","com.fivemobile.thescore:id/view_progress","a84025fa-87fd-4432-a89c-6e57f823ae73"]
&amp#27;[38;5;32m[AndroidUiautomator2Driver@cb04 (a84025fa)]&amp#27;[0m Valid locator strategies for this request: xpath, id, class name, accessibility id, css selector, -android uiautomator
&amp#27;[38;5;32m[AndroidUiautomator2Driver@cb04 (a84025fa)]&amp#27;[0m Waiting up to 10000 ms for condition
&amp#27;[38;5;32m[AndroidUiautomator2Driver@cb04 (a84025fa)]&amp#27;[0m Matched '/elements' to command name 'findElements'
&amp#27;[38;5;32m[AndroidUiautomator2Driver@cb04 (a84025fa)]&amp#27;[0m Proxying [POST /elements] to [POST http://127.0.0.1:8209/session/e13e9c10-6759-487b-84e8-6054836a870e/elements] with body: {"strategy":"id","selector":"com.fivemobile.thescore:id/view_progress","context":"","multiple":true}
&amp#27;[38;5;32m[AndroidUiautomator2Driver@cb04 (a84025fa)]&amp#27;[0m Got response with status 200: {"sessionId":"e13e9c10-6759-487b-84e8-6054836a870e","value":[{"ELEMENT":"00000000-0000-0464-ffff-ffff000006f2","element-6066-11e4-a52e-4f735466cecf":"00000000-0000-0464-ffff-ffff000006f2"},{"ELEMENT":"00000000-0000-0464-ffff-ffff000006f8","element-6066-11e4-a52e-4f735466cecf":"00000000-0000-0464-ffff-ffff000006f8"},{"ELEMENT":"00000000-0000-0464-ffff-ffff000006fe","element-6066-11e4-a52e-4f735466cecf":"00000000-0000-0464-ffff-ffff000006fe"},{"ELEMENT":"00000000-0000-0464-ffff-ffff00000704","element-6066-11e4-a52e-4f735466cecf":"00000000-0000-0464-ffff-ffff00000704"},{"ELEMENT":"00000000-0000-0464-ffff-ffff0000070a","element-6066-11e4-a52e-4f735466cecf":"00000000-0000-0464-ffff-ffff0000070a"},{"ELEMENT":"00000000-0000-0464-ffff-ffff00000714","element-6066-11e4-a52e-4f735466cecf":"00000000-0000-0464-ffff-ffff00000714"},{"ELEMENT":"00000000-0000-0464-ffff-ffff0000071a","element-6066-11e4-a52e-4f735466cecf":"00000000-0000-0464-ffff-ffff0000071a"},{"ELEMENT":"00000000-0000-0464-ffff-ffff00000720","element-6066-...
&amp#27;[38;5;32m[AndroidUiautomator2Driver@cb04 (a84025fa)]&amp#27;[0m Responding to client with driver.findElements() result: [{"element-6066-11e4-a52e-4f735466cecf":"00000000-0000-0464-ffff-ffff000006f2","ELEMENT":"00000000-0000-0464-ffff-ffff000006f2"},{"element-6066-11e4-a52e-4f735466cecf":"00000000-0000-0464-ffff-ffff000006f8","ELEMENT":"00000000-0000-0464-ffff-ffff000006f8"},{"element-6066-11e4-a52e-4f735466cecf":"00000000-0000-0464-ffff-ffff000006fe","ELEMENT":"00000000-0000-0464-ffff-ffff000006fe"},{"element-6066-11e4-a52e-4f735466cecf":"00000000-0000-0464-ffff-ffff00000704","ELEMENT":"00000000-0000-0464-ffff-ffff00000704"},{"element-6066-11e4-a52e-4f735466cecf":"00000000-0000-0464-ffff-ffff0000070a","ELEMENT":"00000000-0000-0464-ffff-ffff0000070a"},{"element-6066-11e4-a52e-4f735466cecf":"00000000-0000-0464-ffff-ffff00000714","ELEMENT":"00000000-0000-0464-ffff-ffff00000714"},{"element-6066-11e4-a52e-4f735466cecf":"00000000-0000-0464-ffff-ffff0000071a","ELEMENT":"00000000-0000-0464-ffff-ffff0000071a"},{"element-6066-11e4-a52e-4f735466cecf":"00000000-0000-0464-ffff-ffff00000720","ELEMENT":"00000000-0000-0464-ffff-ffff0000072...
&amp#27;[38;5;0m[HTTP]&amp#27;[0m &amp#27;[37m<-- POST /session/a84025fa-87fd-4432-a89c-6e57f823ae73/elements &amp#27;[39m&amp#27;[32m200&amp#27;[39m &amp#27;[90m111 ms - 1291&amp#27;[39m
&amp#27;[38;5;0m[HTTP]&amp#27;[0m &amp#27;[90m&amp#27;[39m
&amp#27;[38;5;0m[HTTP]&amp#27;[0m &amp#27;[37m-->&amp#27;[39m &amp#27;[37mGET&amp#27;[39m &amp#27;[37m/session/a84025fa-87fd-4432-a89c-6e57f823ae73/element/00000000-0000-0464-ffff-ffff00000714/displayed&amp#27;[39m
&amp#27;[38;5;0m[HTTP]&amp#27;[0m &amp#27;[90m{}&amp#27;[39m
&amp#27;[38;5;32m[AndroidUiautomator2Driver@cb04 (a84025fa)]&amp#27;[0m Calling AppiumDriver.elementDisplayed() with args: ["00000000-0000-0464-ffff-ffff00000714","a84025fa-87fd-4432-a89c-6e57f823ae73"]
&amp#27;[38;5;32m[AndroidUiautomator2Driver@cb04 (a84025fa)]&amp#27;[0m Matched '/element/00000000-0000-0464-ffff-ffff00000714/attribute/displayed' to command name 'getAttribute'
&amp#27;[38;5;32m[AndroidUiautomator2Driver@cb04 (a84025fa)]&amp#27;[0m Proxying [GET /element/00000000-0000-0464-ffff-ffff00000714/attribute/displayed] to [GET http://127.0.0.1:8209/session/e13e9c10-6759-487b-84e8-6054836a870e/element/00000000-0000-0464-ffff-ffff00000714/attribute/displayed] with no body
&amp#27;[38;5;32m[AndroidUiautomator2Driver@cb04 (a84025fa)]&amp#27;[0m Got response with status 200: {"sessionId":"e13e9c10-6759-487b-84e8-6054836a870e","value":"true"}
&amp#27;[38;5;32m[AndroidUiautomator2Driver@cb04 (a84025fa)]&amp#27;[0m Responding to client with driver.elementDisplayed() result: true
&amp#27;[38;5;0m[HTTP]&amp#27;[0m &amp#27;[37m<-- GET /session/a84025fa-87fd-4432-a89c-6e57f823ae73/element/00000000-0000-0464-ffff-ffff00000714/displayed &amp#27;[39m&amp#27;[32m200&amp#27;[39m &amp#27;[90m14 ms - 14&amp#27;[39m
&amp#27;[38;5;0m[HTTP]&amp#27;[0m &amp#27;[90m&amp#27;[39m
&amp#27;[38;5;0m[HTTP]&amp#27;[0m &amp#27;[37m-->&amp#27;[39m &amp#27;[37mGET&amp#27;[39m &amp#27;[37m/session/a84025fa-87fd-4432-a89c-6e57f823ae73/context&amp#27;[39m
&amp#27;[38;5;0m[HTTP]&amp#27;[0m &amp#27;[90m{}&amp#27;[39m
&amp#27;[38;5;32m[AndroidUiautomator2Driver@cb04 (a84025fa)]&amp#27;[0m Calling AppiumDriver.getCurrentContext() with args: ["a84025fa-87fd-4432-a89c-6e57f823ae73"]
&amp#27;[38;5;32m[AndroidUiautomator2Driver@cb04 (a84025fa)]&amp#27;[0m Responding to client with driver.getCurrentContext() result: "NATIVE_APP"
&amp#27;[38;5;0m[HTTP]&amp#27;[0m &amp#27;[37m<-- GET /session/a84025fa-87fd-4432-a89c-6e57f823ae73/context &amp#27;[39m&amp#27;[32m200&amp#27;[39m &amp#27;[90m1 ms - 22&amp#27;[39m
&amp#27;[38;5;0m[HTTP]&amp#27;[0m &amp#27;[90m&amp#27;[39m
&amp#27;[38;5;0m[HTTP]&amp#27;[0m &amp#27;[37m-->&amp#27;[39m &amp#27;[37mPOST&amp#27;[39m &amp#27;[37m/session/a84025fa-87fd-4432-a89c-6e57f823ae73/elements&amp#27;[39m
&amp#27;[38;5;0m[HTTP]&amp#27;[0m &amp#27;[90m{"value":"com.fivemobile.thescore:id/view_progress","using":"id"}&amp#27;[39m
&amp#27;[38;5;32m[AndroidUiautomator2Driver@cb04 (a84025fa)]&amp#27;[0m Calling AppiumDriver.findElements() with args: ["id","com.fivemobile.thescore:id/view_progress","a84025fa-87fd-4432-a89c-6e57f823ae73"]
&amp#27;[38;5;32m[AndroidUiautomator2Driver@cb04 (a84025fa)]&amp#27;[0m Valid locator strategies for this request: xpath, id, class name, accessibility id, css selector, -android uiautomator
&amp#27;[38;5;32m[AndroidUiautomator2Driver@cb04 (a84025fa)]&amp#27;[0m Waiting up to 10000 ms for condition
&amp#27;[38;5;32m[AndroidUiautomator2Driver@cb04 (a84025fa)]&amp#27;[0m Matched '/elements' to command name 'findElements'
&amp#27;[38;5;32m[AndroidUiautomator2Driver@cb04 (a84025fa)]&amp#27;[0m Proxying [POST /elements] to [POST http://127.0.0.1:8209/session/e13e9c10-6759-487b-84e8-6054836a870e/elements] with body: {"strategy":"id","selector":"com.fivemobile.thescore:id/view_progress","context":"","multiple":true}
&amp#27;[38;5;32m[AndroidUiautomator2Driver@cb04 (a84025fa)]&amp#27;[0m Got response with status 200: {"sessionId":"e13e9c10-6759-487b-84e8-6054836a870e","value":[{"ELEMENT":"00000000-0000-0464-ffff-ffff000006f2","element-6066-11e4-a52e-4f735466cecf":"00000000-0000-0464-ffff-ffff000006f2"},{"ELEMENT":"00000000-0000-0464-ffff-ffff000006f8","element-6066-11e4-a52e-4f735466cecf":"00000000-0000-0464-ffff-ffff000006f8"},{"ELEMENT":"00000000-0000-0464-ffff-ffff000006fe","element-6066-11e4-a52e-4f735466cecf":"00000000-0000-0464-ffff-ffff000006fe"},{"ELEMENT":"00000000-0000-0464-ffff-ffff00000704","element-6066-11e4-a52e-4f735466cecf":"00000000-0000-0464-ffff-ffff00000704"},{"ELEMENT":"00000000-0000-0464-ffff-ffff0000070a","element-6066-11e4-a52e-4f735466cecf":"00000000-0000-0464-ffff-ffff0000070a"},{"ELEMENT":"00000000-0000-0464-ffff-ffff00000714","element-6066-11e4-a52e-4f735466cecf":"00000000-0000-0464-ffff-ffff00000714"},{"ELEMENT":"00000000-0000-0464-ffff-ffff0000071a","element-6066-11e4-a52e-4f735466cecf":"00000000-0000-0464-ffff-ffff0000071a"},{"ELEMENT":"00000000-0000-0464-ffff-ffff00000720","element-6066-...
&amp#27;[38;5;32m[AndroidUiautomator2Driver@cb04 (a84025fa)]&amp#27;[0m Responding to client with driver.findElements() result: [{"element-6066-11e4-a52e-4f735466cecf":"00000000-0000-0464-ffff-ffff000006f2","ELEMENT":"00000000-0000-0464-ffff-ffff000006f2"},{"element-6066-11e4-a52e-4f735466cecf":"00000000-0000-0464-ffff-ffff000006f8","ELEMENT":"00000000-0000-0464-ffff-ffff000006f8"},{"element-6066-11e4-a52e-4f735466cecf":"00000000-0000-0464-ffff-ffff000006fe","ELEMENT":"00000000-0000-0464-ffff-ffff000006fe"},{"element-6066-11e4-a52e-4f735466cecf":"00000000-0000-0464-ffff-ffff00000704","ELEMENT":"00000000-0000-0464-ffff-ffff00000704"},{"element-6066-11e4-a52e-4f735466cecf":"00000000-0000-0464-ffff-ffff0000070a","ELEMENT":"00000000-0000-0464-ffff-ffff0000070a"},{"element-6066-11e4-a52e-4f735466cecf":"00000000-0000-0464-ffff-ffff00000714","ELEMENT":"00000000-0000-0464-ffff-ffff00000714"},{"element-6066-11e4-a52e-4f735466cecf":"00000000-0000-0464-ffff-ffff0000071a","ELEMENT":"00000000-0000-0464-ffff-ffff0000071a"},{"element-6066-11e4-a52e-4f735466cecf":"00000000-0000-0464-ffff-ffff00000720","ELEMENT":"00000000-0000-0464-ffff-ffff0000072...
&amp#27;[38;5;0m[HTTP]&amp#27;[0m &amp#27;[37m<-- POST /session/a84025fa-87fd-4432-a89c-6e57f823ae73/elements &amp#27;[39m&amp#27;[32m200&amp#27;[39m &amp#27;[90m102 ms - 1291&amp#27;[39m
&amp#27;[38;5;0m[HTTP]&amp#27;[0m &amp#27;[90m&amp#27;[39m
&amp#27;[38;5;0m[HTTP]&amp#27;[0m &amp#27;[37m-->&amp#27;[39m &amp#27;[37mGET&amp#27;[39m &amp#27;[37m/session/a84025fa-87fd-4432-a89c-6e57f823ae73/context&amp#27;[39m
&amp#27;[38;5;0m[HTTP]&amp#27;[0m &amp#27;[90m{}&amp#27;[39m
&amp#27;[38;5;32m[AndroidUiautomator2Driver@cb04 (a84025fa)]&amp#27;[0m Calling AppiumDriver.getCurrentContext() with args: ["a84025fa-87fd-4432-a89c-6e57f823ae73"]
&amp#27;[38;5;32m[AndroidUiautomator2Driver@cb04 (a84025fa)]&amp#27;[0m Responding to client with driver.getCurrentContext() result: "NATIVE_APP"
&amp#27;[38;5;0m[HTTP]&amp#27;[0m &amp#27;[37m<-- GET /session/a84025fa-87fd-4432-a89c-6e57f823ae73/context &amp#27;[39m&amp#27;[32m200&amp#27;[39m &amp#27;[90m1 ms - 22&amp#27;[39m
&amp#27;[38;5;0m[HTTP]&amp#27;[0m &amp#27;[90m&amp#27;[39m
&amp#27;[38;5;0m[HTTP]&amp#27;[0m &amp#27;[37m-->&amp#27;[39m &amp#27;[37mPOST&amp#27;[39m &amp#27;[37m/session/a84025fa-87fd-4432-a89c-6e57f823ae73/elements&amp#27;[39m
&amp#27;[38;5;0m[HTTP]&amp#27;[0m &amp#27;[90m{"value":"com.fivemobile.thescore:id/view_progress","using":"id"}&amp#27;[39m
&amp#27;[38;5;32m[AndroidUiautomator2Driver@cb04 (a84025fa)]&amp#27;[0m Calling AppiumDriver.findElements() with args: ["id","com.fivemobile.thescore:id/view_progress","a84025fa-87fd-4432-a89c-6e57f823ae73"]
&amp#27;[38;5;32m[AndroidUiautomator2Driver@cb04 (a84025fa)]&amp#27;[0m Valid locator strategies for this request: xpath, id, class name, accessibility id, css selector, -android uiautomator
&amp#27;[38;5;32m[AndroidUiautomator2Driver@cb04 (a84025fa)]&amp#27;[0m Waiting up to 10000 ms for condition
&amp#27;[38;5;32m[AndroidUiautomator2Driver@cb04 (a84025fa)]&amp#27;[0m Matched '/elements' to command name 'findElements'
&amp#27;[38;5;32m[AndroidUiautomator2Driver@cb04 (a84025fa)]&amp#27;[0m Proxying [POST /elements] to [POST http://127.0.0.1:8209/session/e13e9c10-6759-487b-84e8-6054836a870e/elements] with body: {"strategy":"id","selector":"com.fivemobile.thescore:id/view_progress","context":"","multiple":true}
&amp#27;[38;5;32m[AndroidUiautomator2Driver@cb04 (a84025fa)]&amp#27;[0m Got response with status 200: {"sessionId":"e13e9c10-6759-487b-84e8-6054836a870e","value":[{"ELEMENT":"00000000-0000-0464-ffff-ffff000006f2","element-6066-11e4-a52e-4f735466cecf":"00000000-0000-0464-ffff-ffff000006f2"},{"ELEMENT":"00000000-0000-0464-ffff-ffff000006f8","element-6066-11e4-a52e-4f735466cecf":"00000000-0000-0464-ffff-ffff000006f8"},{"ELEMENT":"00000000-0000-0464-ffff-ffff000006fe","element-6066-11e4-a52e-4f735466cecf":"00000000-0000-0464-ffff-ffff000006fe"},{"ELEMENT":"00000000-0000-0464-ffff-ffff00000704","element-6066-11e4-a52e-4f735466cecf":"00000000-0000-0464-ffff-ffff00000704"},{"ELEMENT":"00000000-0000-0464-ffff-ffff0000070a","element-6066-11e4-a52e-4f735466cecf":"00000000-0000-0464-ffff-ffff0000070a"},{"ELEMENT":"00000000-0000-0464-ffff-ffff00000714","element-6066-11e4-a52e-4f735466cecf":"00000000-0000-0464-ffff-ffff00000714"},{"ELEMENT":"00000000-0000-0464-ffff-ffff0000071a","element-6066-11e4-a52e-4f735466cecf":"00000000-0000-0464-ffff-ffff0000071a"},{"ELEMENT":"00000000-0000-0464-ffff-ffff00000720","element-6066-...
&amp#27;[38;5;32m[AndroidUiautomator2Driver@cb04 (a84025fa)]&amp#27;[0m Responding to client with driver.findElements() result: [{"element-6066-11e4-a52e-4f735466cecf":"00000000-0000-0464-ffff-ffff000006f2","ELEMENT":"00000000-0000-0464-ffff-ffff000006f2"},{"element-6066-11e4-a52e-4f735466cecf":"00000000-0000-0464-ffff-ffff000006f8","ELEMENT":"00000000-0000-0464-ffff-ffff000006f8"},{"element-6066-11e4-a52e-4f735466cecf":"00000000-0000-0464-ffff-ffff000006fe","ELEMENT":"00000000-0000-0464-ffff-ffff000006fe"},{"element-6066-11e4-a52e-4f735466cecf":"00000000-0000-0464-ffff-ffff00000704","ELEMENT":"00000000-0000-0464-ffff-ffff00000704"},{"element-6066-11e4-a52e-4f735466cecf":"00000000-0000-0464-ffff-ffff0000070a","ELEMENT":"00000000-0000-0464-ffff-ffff0000070a"},{"element-6066-11e4-a52e-4f735466cecf":"00000000-0000-0464-ffff-ffff00000714","ELEMENT":"00000000-0000-0464-ffff-ffff00000714"},{"element-6066-11e4-a52e-4f735466cecf":"00000000-0000-0464-ffff-ffff0000071a","ELEMENT":"00000000-0000-0464-ffff-ffff0000071a"},{"element-6066-11e4-a52e-4f735466cecf":"00000000-0000-0464-ffff-ffff00000720","ELEMENT":"00000000-0000-0464-ffff-ffff0000072...
&amp#27;[38;5;0m[HTTP]&amp#27;[0m &amp#27;[37m<-- POST /session/a84025fa-87fd-4432-a89c-6e57f823ae73/elements &amp#27;[39m&amp#27;[32m200&amp#27;[39m &amp#27;[90m107 ms - 1291&amp#27;[39m
&amp#27;[38;5;0m[HTTP]&amp#27;[0m &amp#27;[90m&amp#27;[39m
&amp#27;[38;5;0m[HTTP]&amp#27;[0m &amp#27;[37m-->&amp#27;[39m &amp#27;[37mGET&amp#27;[39m &amp#27;[37m/session/a84025fa-87fd-4432-a89c-6e57f823ae73/element/00000000-0000-0464-ffff-ffff0000071a/displayed&amp#27;[39m
&amp#27;[38;5;0m[HTTP]&amp#27;[0m &amp#27;[90m{}&amp#27;[39m
&amp#27;[38;5;32m[AndroidUiautomator2Driver@cb04 (a84025fa)]&amp#27;[0m Calling AppiumDriver.elementDisplayed() with args: ["00000000-0000-0464-ffff-ffff0000071a","a84025fa-87fd-4432-a89c-6e57f823ae73"]
&amp#27;[38;5;32m[AndroidUiautomator2Driver@cb04 (a84025fa)]&amp#27;[0m Matched '/element/00000000-0000-0464-ffff-ffff0000071a/attribute/displayed' to command name 'getAttribute'
&amp#27;[38;5;32m[AndroidUiautomator2Driver@cb04 (a84025fa)]&amp#27;[0m Proxying [GET /element/00000000-0000-0464-ffff-ffff0000071a/attribute/displayed] to [GET http://127.0.0.1:8209/session/e13e9c10-6759-487b-84e8-6054836a870e/element/00000000-0000-0464-ffff-ffff0000071a/attribute/displayed] with no body
&amp#27;[38;5;32m[AndroidUiautomator2Driver@cb04 (a84025fa)]&amp#27;[0m Got response with status 200: {"sessionId":"e13e9c10-6759-487b-84e8-6054836a870e","value":"true"}
&amp#27;[38;5;32m[AndroidUiautomator2Driver@cb04 (a84025fa)]&amp#27;[0m Responding to client with driver.elementDisplayed() result: true
&amp#27;[38;5;0m[HTTP]&amp#27;[0m &amp#27;[37m<-- GET /session/a84025fa-87fd-4432-a89c-6e57f823ae73/element/00000000-0000-0464-ffff-ffff0000071a/displayed &amp#27;[39m&amp#27;[32m200&amp#27;[39m &amp#27;[90m12 ms - 14&amp#27;[39m
&amp#27;[38;5;0m[HTTP]&amp#27;[0m &amp#27;[90m&amp#27;[39m
&amp#27;[38;5;0m[HTTP]&amp#27;[0m &amp#27;[37m-->&amp#27;[39m &amp#27;[37mGET&amp#27;[39m &amp#27;[37m/session/a84025fa-87fd-4432-a89c-6e57f823ae73/context&amp#27;[39m
&amp#27;[38;5;0m[HTTP]&amp#27;[0m &amp#27;[90m{}&amp#27;[39m
&amp#27;[38;5;32m[AndroidUiautomator2Driver@cb04 (a84025fa)]&amp#27;[0m Calling AppiumDriver.getCurrentContext() with args: ["a84025fa-87fd-4432-a89c-6e57f823ae73"]
&amp#27;[38;5;32m[AndroidUiautomator2Driver@cb04 (a84025fa)]&amp#27;[0m Responding to client with driver.getCurrentContext() result: "NATIVE_APP"
&amp#27;[38;5;0m[HTTP]&amp#27;[0m &amp#27;[37m<-- GET /session/a84025fa-87fd-4432-a89c-6e57f823ae73/context &amp#27;[39m&amp#27;[32m200&amp#27;[39m &amp#27;[90m1 ms - 22&amp#27;[39m
&amp#27;[38;5;0m[HTTP]&amp#27;[0m &amp#27;[90m&amp#27;[39m
&amp#27;[38;5;0m[HTTP]&amp#27;[0m &amp#27;[37m-->&amp#27;[39m &amp#27;[37mPOST&amp#27;[39m &amp#27;[37m/session/a84025fa-87fd-4432-a89c-6e57f823ae73/elements&amp#27;[39m
&amp#27;[38;5;0m[HTTP]&amp#27;[0m &amp#27;[90m{"value":"com.fivemobile.thescore:id/view_progress","using":"id"}&amp#27;[39m
&amp#27;[38;5;32m[AndroidUiautomator2Driver@cb04 (a84025fa)]&amp#27;[0m Calling AppiumDriver.findElements() with args: ["id","com.fivemobile.thescore:id/view_progress","a84025fa-87fd-4432-a89c-6e57f823ae73"]
&amp#27;[38;5;32m[AndroidUiautomator2Driver@cb04 (a84025fa)]&amp#27;[0m Valid locator strategies for this request: xpath, id, class name, accessibility id, css selector, -android uiautomator
&amp#27;[38;5;32m[AndroidUiautomator2Driver@cb04 (a84025fa)]&amp#27;[0m Waiting up to 10000 ms for condition
&amp#27;[38;5;32m[AndroidUiautomator2Driver@cb04 (a84025fa)]&amp#27;[0m Matched '/elements' to command name 'findElements'
&amp#27;[38;5;32m[AndroidUiautomator2Driver@cb04 (a84025fa)]&amp#27;[0m Proxying [POST /elements] to [POST http://127.0.0.1:8209/session/e13e9c10-6759-487b-84e8-6054836a870e/elements] with body: {"strategy":"id","selector":"com.fivemobile.thescore:id/view_progress","context":"","multiple":true}
&amp#27;[38;5;32m[AndroidUiautomator2Driver@cb04 (a84025fa)]&amp#27;[0m Got response with status 200: {"sessionId":"e13e9c10-6759-487b-84e8-6054836a870e","value":[{"ELEMENT":"00000000-0000-0464-ffff-ffff000006f2","element-6066-11e4-a52e-4f735466cecf":"00000000-0000-0464-ffff-ffff000006f2"},{"ELEMENT":"00000000-0000-0464-ffff-ffff000006f8","element-6066-11e4-a52e-4f735466cecf":"00000000-0000-0464-ffff-ffff000006f8"},{"ELEMENT":"00000000-0000-0464-ffff-ffff000006fe","element-6066-11e4-a52e-4f735466cecf":"00000000-0000-0464-ffff-ffff000006fe"},{"ELEMENT":"00000000-0000-0464-ffff-ffff00000704","element-6066-11e4-a52e-4f735466cecf":"00000000-0000-0464-ffff-ffff00000704"},{"ELEMENT":"00000000-0000-0464-ffff-ffff0000070a","element-6066-11e4-a52e-4f735466cecf":"00000000-0000-0464-ffff-ffff0000070a"},{"ELEMENT":"00000000-0000-0464-ffff-ffff00000714","element-6066-11e4-a52e-4f735466cecf":"00000000-0000-0464-ffff-ffff00000714"},{"ELEMENT":"00000000-0000-0464-ffff-ffff0000071a","element-6066-11e4-a52e-4f735466cecf":"00000000-0000-0464-ffff-ffff0000071a"},{"ELEMENT":"00000000-0000-0464-ffff-ffff00000720","element-6066-...
&amp#27;[38;5;32m[AndroidUiautomator2Driver@cb04 (a84025fa)]&amp#27;[0m Responding to client with driver.findElements() result: [{"element-6066-11e4-a52e-4f735466cecf":"00000000-0000-0464-ffff-ffff000006f2","ELEMENT":"00000000-0000-0464-ffff-ffff000006f2"},{"element-6066-11e4-a52e-4f735466cecf":"00000000-0000-0464-ffff-ffff000006f8","ELEMENT":"00000000-0000-0464-ffff-ffff000006f8"},{"element-6066-11e4-a52e-4f735466cecf":"00000000-0000-0464-ffff-ffff000006fe","ELEMENT":"00000000-0000-0464-ffff-ffff000006fe"},{"element-6066-11e4-a52e-4f735466cecf":"00000000-0000-0464-ffff-ffff00000704","ELEMENT":"00000000-0000-0464-ffff-ffff00000704"},{"element-6066-11e4-a52e-4f735466cecf":"00000000-0000-0464-ffff-ffff0000070a","ELEMENT":"00000000-0000-0464-ffff-ffff0000070a"},{"element-6066-11e4-a52e-4f735466cecf":"00000000-0000-0464-ffff-ffff00000714","ELEMENT":"00000000-0000-0464-ffff-ffff00000714"},{"element-6066-11e4-a52e-4f735466cecf":"00000000-0000-0464-ffff-ffff0000071a","ELEMENT":"00000000-0000-0464-ffff-ffff0000071a"},{"element-6066-11e4-a52e-4f735466cecf":"00000000-0000-0464-ffff-ffff00000720","ELEMENT":"00000000-0000-0464-ffff-ffff0000072...
&amp#27;[38;5;0m[HTTP]&amp#27;[0m &amp#27;[37m<-- POST /session/a84025fa-87fd-4432-a89c-6e57f823ae73/elements &amp#27;[39m&amp#27;[32m200&amp#27;[39m &amp#27;[90m125 ms - 1291&amp#27;[39m
&amp#27;[38;5;0m[HTTP]&amp#27;[0m &amp#27;[90m&amp#27;[39m
&amp#27;[38;5;0m[HTTP]&amp#27;[0m &amp#27;[37m-->&amp#27;[39m &amp#27;[37mGET&amp#27;[39m &amp#27;[37m/session/a84025fa-87fd-4432-a89c-6e57f823ae73/context&amp#27;[39m
&amp#27;[38;5;0m[HTTP]&amp#27;[0m &amp#27;[90m{}&amp#27;[39m
&amp#27;[38;5;32m[AndroidUiautomator2Driver@cb04 (a84025fa)]&amp#27;[0m Calling AppiumDriver.getCurrentContext() with args: ["a84025fa-87fd-4432-a89c-6e57f823ae73"]
&amp#27;[38;5;32m[AndroidUiautomator2Driver@cb04 (a84025fa)]&amp#27;[0m Responding to client with driver.getCurrentContext() result: "NATIVE_APP"
&amp#27;[38;5;0m[HTTP]&amp#27;[0m &amp#27;[37m<-- GET /session/a84025fa-87fd-4432-a89c-6e57f823ae73/context &amp#27;[39m&amp#27;[32m200&amp#27;[39m &amp#27;[90m1 ms - 22&amp#27;[39m
&amp#27;[38;5;0m[HTTP]&amp#27;[0m &amp#27;[90m&amp#27;[39m
&amp#27;[38;5;0m[HTTP]&amp#27;[0m &amp#27;[37m-->&amp#27;[39m &amp#27;[37mPOST&amp#27;[39m &amp#27;[37m/session/a84025fa-87fd-4432-a89c-6e57f823ae73/elements&amp#27;[39m
&amp#27;[38;5;0m[HTTP]&amp#27;[0m &amp#27;[90m{"value":"com.fivemobile.thescore:id/view_progress","using":"id"}&amp#27;[39m
&amp#27;[38;5;32m[AndroidUiautomator2Driver@cb04 (a84025fa)]&amp#27;[0m Calling AppiumDriver.findElements() with args: ["id","com.fivemobile.thescore:id/view_progress","a84025fa-87fd-4432-a89c-6e57f823ae73"]
&amp#27;[38;5;32m[AndroidUiautomator2Driver@cb04 (a84025fa)]&amp#27;[0m Valid locator strategies for this request: xpath, id, class name, accessibility id, css selector, -android uiautomator
&amp#27;[38;5;32m[AndroidUiautomator2Driver@cb04 (a84025fa)]&amp#27;[0m Waiting up to 10000 ms for condition
&amp#27;[38;5;32m[AndroidUiautomator2Driver@cb04 (a84025fa)]&amp#27;[0m Matched '/elements' to command name 'findElements'
&amp#27;[38;5;32m[AndroidUiautomator2Driver@cb04 (a84025fa)]&amp#27;[0m Proxying [POST /elements] to [POST http://127.0.0.1:8209/session/e13e9c10-6759-487b-84e8-6054836a870e/elements] with body: {"strategy":"id","selector":"com.fivemobile.thescore:id/view_progress","context":"","multiple":true}
&amp#27;[38;5;32m[AndroidUiautomator2Driver@cb04 (a84025fa)]&amp#27;[0m Got response with status 200: {"sessionId":"e13e9c10-6759-487b-84e8-6054836a870e","value":[{"ELEMENT":"00000000-0000-0464-ffff-ffff000006f2","element-6066-11e4-a52e-4f735466cecf":"00000000-0000-0464-ffff-ffff000006f2"},{"ELEMENT":"00000000-0000-0464-ffff-ffff000006f8","element-6066-11e4-a52e-4f735466cecf":"00000000-0000-0464-ffff-ffff000006f8"},{"ELEMENT":"00000000-0000-0464-ffff-ffff000006fe","element-6066-11e4-a52e-4f735466cecf":"00000000-0000-0464-ffff-ffff000006fe"},{"ELEMENT":"00000000-0000-0464-ffff-ffff00000704","element-6066-11e4-a52e-4f735466cecf":"00000000-0000-0464-ffff-ffff00000704"},{"ELEMENT":"00000000-0000-0464-ffff-ffff0000070a","element-6066-11e4-a52e-4f735466cecf":"00000000-0000-0464-ffff-ffff0000070a"},{"ELEMENT":"00000000-0000-0464-ffff-ffff00000714","element-6066-11e4-a52e-4f735466cecf":"00000000-0000-0464-ffff-ffff00000714"},{"ELEMENT":"00000000-0000-0464-ffff-ffff0000071a","element-6066-11e4-a52e-4f735466cecf":"00000000-0000-0464-ffff-ffff0000071a"},{"ELEMENT":"00000000-0000-0464-ffff-ffff00000720","element-6066-...
&amp#27;[38;5;32m[AndroidUiautomator2Driver@cb04 (a84025fa)]&amp#27;[0m Responding to client with driver.findElements() result: [{"element-6066-11e4-a52e-4f735466cecf":"00000000-0000-0464-ffff-ffff000006f2","ELEMENT":"00000000-0000-0464-ffff-ffff000006f2"},{"element-6066-11e4-a52e-4f735466cecf":"00000000-0000-0464-ffff-ffff000006f8","ELEMENT":"00000000-0000-0464-ffff-ffff000006f8"},{"element-6066-11e4-a52e-4f735466cecf":"00000000-0000-0464-ffff-ffff000006fe","ELEMENT":"00000000-0000-0464-ffff-ffff000006fe"},{"element-6066-11e4-a52e-4f735466cecf":"00000000-0000-0464-ffff-ffff00000704","ELEMENT":"00000000-0000-0464-ffff-ffff00000704"},{"element-6066-11e4-a52e-4f735466cecf":"00000000-0000-0464-ffff-ffff0000070a","ELEMENT":"00000000-0000-0464-ffff-ffff0000070a"},{"element-6066-11e4-a52e-4f735466cecf":"00000000-0000-0464-ffff-ffff00000714","ELEMENT":"00000000-0000-0464-ffff-ffff00000714"},{"element-6066-11e4-a52e-4f735466cecf":"00000000-0000-0464-ffff-ffff0000071a","ELEMENT":"00000000-0000-0464-ffff-ffff0000071a"},{"element-6066-11e4-a52e-4f735466cecf":"00000000-0000-0464-ffff-ffff00000720","ELEMENT":"00000000-0000-0464-ffff-ffff0000072...
&amp#27;[38;5;0m[HTTP]&amp#27;[0m &amp#27;[37m<-- POST /session/a84025fa-87fd-4432-a89c-6e57f823ae73/elements &amp#27;[39m&amp#27;[32m200&amp#27;[39m &amp#27;[90m111 ms - 1291&amp#27;[39m
&amp#27;[38;5;0m[HTTP]&amp#27;[0m &amp#27;[90m&amp#27;[39m
&amp#27;[38;5;0m[HTTP]&amp#27;[0m &amp#27;[37m-->&amp#27;[39m &amp#27;[37mGET&amp#27;[39m &amp#27;[37m/session/a84025fa-87fd-4432-a89c-6e57f823ae73/element/00000000-0000-0464-ffff-ffff00000720/displayed&amp#27;[39m
&amp#27;[38;5;0m[HTTP]&amp#27;[0m &amp#27;[90m{}&amp#27;[39m
&amp#27;[38;5;32m[AndroidUiautomator2Driver@cb04 (a84025fa)]&amp#27;[0m Calling AppiumDriver.elementDisplayed() with args: ["00000000-0000-0464-ffff-ffff00000720","a84025fa-87fd-4432-a89c-6e57f823ae73"]
&amp#27;[38;5;32m[AndroidUiautomator2Driver@cb04 (a84025fa)]&amp#27;[0m Matched '/element/00000000-0000-0464-ffff-ffff00000720/attribute/displayed' to command name 'getAttribute'
&amp#27;[38;5;32m[AndroidUiautomator2Driver@cb04 (a84025fa)]&amp#27;[0m Proxying [GET /element/00000000-0000-0464-ffff-ffff00000720/attribute/displayed] to [GET http://127.0.0.1:8209/session/e13e9c10-6759-487b-84e8-6054836a870e/element/00000000-0000-0464-ffff-ffff00000720/attribute/displayed] with no body
&amp#27;[38;5;32m[AndroidUiautomator2Driver@cb04 (a84025fa)]&amp#27;[0m Got response with status 200: {"sessionId":"e13e9c10-6759-487b-84e8-6054836a870e","value":"true"}
&amp#27;[38;5;32m[AndroidUiautomator2Driver@cb04 (a84025fa)]&amp#27;[0m Responding to client with driver.elementDisplayed() result: true
&amp#27;[38;5;0m[HTTP]&amp#27;[0m &amp#27;[37m<-- GET /session/a84025fa-87fd-4432-a89c-6e57f823ae73/element/00000000-0000-0464-ffff-ffff00000720/displayed &amp#27;[39m&amp#27;[32m200&amp#27;[39m &amp#27;[90m12 ms - 14&amp#27;[39m
&amp#27;[38;5;0m[HTTP]&amp#27;[0m &amp#27;[90m&amp#27;[39m
&amp#27;[38;5;0m[HTTP]&amp#27;[0m &amp#27;[37m-->&amp#27;[39m &amp#27;[37mGET&amp#27;[39m &amp#27;[37m/session/a84025fa-87fd-4432-a89c-6e57f823ae73/context&amp#27;[39m
&amp#27;[38;5;0m[HTTP]&amp#27;[0m &amp#27;[90m{}&amp#27;[39m
&amp#27;[38;5;32m[AndroidUiautomator2Driver@cb04 (a84025fa)]&amp#27;[0m Calling AppiumDriver.getCurrentContext() with args: ["a84025fa-87fd-4432-a89c-6e57f823ae73"]
&amp#27;[38;5;32m[AndroidUiautomator2Driver@cb04 (a84025fa)]&amp#27;[0m Responding to client with driver.getCurrentContext() result: "NATIVE_APP"
&amp#27;[38;5;0m[HTTP]&amp#27;[0m &amp#27;[37m<-- GET /session/a84025fa-87fd-4432-a89c-6e57f823ae73/context &amp#27;[39m&amp#27;[32m200&amp#27;[39m &amp#27;[90m1 ms - 22&amp#27;[39m
&amp#27;[38;5;0m[HTTP]&amp#27;[0m &amp#27;[90m&amp#27;[39m
&amp#27;[38;5;0m[HTTP]&amp#27;[0m &amp#27;[37m-->&amp#27;[39m &amp#27;[37mPOST&amp#27;[39m &amp#27;[37m/session/a84025fa-87fd-4432-a89c-6e57f823ae73/elements&amp#27;[39m
&amp#27;[38;5;0m[HTTP]&amp#27;[0m &amp#27;[90m{"value":"com.fivemobile.thescore:id/view_progress","using":"id"}&amp#27;[39m
&amp#27;[38;5;32m[AndroidUiautomator2Driver@cb04 (a84025fa)]&amp#27;[0m Calling AppiumDriver.findElements() with args: ["id","com.fivemobile.thescore:id/view_progress","a84025fa-87fd-4432-a89c-6e57f823ae73"]
&amp#27;[38;5;32m[AndroidUiautomator2Driver@cb04 (a84025fa)]&amp#27;[0m Valid locator strategies for this request: xpath, id, class name, accessibility id, css selector, -android uiautomator
&amp#27;[38;5;32m[AndroidUiautomator2Driver@cb04 (a84025fa)]&amp#27;[0m Waiting up to 10000 ms for condition
&amp#27;[38;5;32m[AndroidUiautomator2Driver@cb04 (a84025fa)]&amp#27;[0m Matched '/elements' to command name 'findElements'
&amp#27;[38;5;32m[AndroidUiautomator2Driver@cb04 (a84025fa)]&amp#27;[0m Proxying [POST /elements] to [POST http://127.0.0.1:8209/session/e13e9c10-6759-487b-84e8-6054836a870e/elements] with body: {"strategy":"id","selector":"com.fivemobile.thescore:id/view_progress","context":"","multiple":true}
&amp#27;[38;5;32m[AndroidUiautomator2Driver@cb04 (a84025fa)]&amp#27;[0m Got response with status 200: {"sessionId":"e13e9c10-6759-487b-84e8-6054836a870e","value":[{"ELEMENT":"00000000-0000-0464-ffff-ffff000006f2","element-6066-11e4-a52e-4f735466cecf":"00000000-0000-0464-ffff-ffff000006f2"},{"ELEMENT":"00000000-0000-0464-ffff-ffff000006f8","element-6066-11e4-a52e-4f735466cecf":"00000000-0000-0464-ffff-ffff000006f8"},{"ELEMENT":"00000000-0000-0464-ffff-ffff000006fe","element-6066-11e4-a52e-4f735466cecf":"00000000-0000-0464-ffff-ffff000006fe"},{"ELEMENT":"00000000-0000-0464-ffff-ffff00000704","element-6066-11e4-a52e-4f735466cecf":"00000000-0000-0464-ffff-ffff00000704"},{"ELEMENT":"00000000-0000-0464-ffff-ffff0000070a","element-6066-11e4-a52e-4f735466cecf":"00000000-0000-0464-ffff-ffff0000070a"},{"ELEMENT":"00000000-0000-0464-ffff-ffff00000714","element-6066-11e4-a52e-4f735466cecf":"00000000-0000-0464-ffff-ffff00000714"},{"ELEMENT":"00000000-0000-0464-ffff-ffff0000071a","element-6066-11e4-a52e-4f735466cecf":"00000000-0000-0464-ffff-ffff0000071a"},{"ELEMENT":"00000000-0000-0464-ffff-ffff00000720","element-6066-...
&amp#27;[38;5;32m[AndroidUiautomator2Driver@cb04 (a84025fa)]&amp#27;[0m Responding to client with driver.findElements() result: [{"element-6066-11e4-a52e-4f735466cecf":"00000000-0000-0464-ffff-ffff000006f2","ELEMENT":"00000000-0000-0464-ffff-ffff000006f2"},{"element-6066-11e4-a52e-4f735466cecf":"00000000-0000-0464-ffff-ffff000006f8","ELEMENT":"00000000-0000-0464-ffff-ffff000006f8"},{"element-6066-11e4-a52e-4f735466cecf":"00000000-0000-0464-ffff-ffff000006fe","ELEMENT":"00000000-0000-0464-ffff-ffff000006fe"},{"element-6066-11e4-a52e-4f735466cecf":"00000000-0000-0464-ffff-ffff00000704","ELEMENT":"00000000-0000-0464-ffff-ffff00000704"},{"element-6066-11e4-a52e-4f735466cecf":"00000000-0000-0464-ffff-ffff0000070a","ELEMENT":"00000000-0000-0464-ffff-ffff0000070a"},{"element-6066-11e4-a52e-4f735466cecf":"00000000-0000-0464-ffff-ffff00000714","ELEMENT":"00000000-0000-0464-ffff-ffff00000714"},{"element-6066-11e4-a52e-4f735466cecf":"00000000-0000-0464-ffff-ffff0000071a","ELEMENT":"00000000-0000-0464-ffff-ffff0000071a"},{"element-6066-11e4-a52e-4f735466cecf":"00000000-0000-0464-ffff-ffff00000720","ELEMENT":"00000000-0000-0464-ffff-ffff0000072...
&amp#27;[38;5;0m[HTTP]&amp#27;[0m &amp#27;[37m<-- POST /session/a84025fa-87fd-4432-a89c-6e57f823ae73/elements &amp#27;[39m&amp#27;[32m200&amp#27;[39m &amp#27;[90m103 ms - 1291&amp#27;[39m
&amp#27;[38;5;0m[HTTP]&amp#27;[0m &amp#27;[90m&amp#27;[39m
&amp#27;[38;5;0m[HTTP]&amp#27;[0m &amp#27;[37m-->&amp#27;[39m &amp#27;[37mGET&amp#27;[39m &amp#27;[37m/session/a84025fa-87fd-4432-a89c-6e57f823ae73/context&amp#27;[39m
&amp#27;[38;5;0m[HTTP]&amp#27;[0m &amp#27;[90m{}&amp#27;[39m
&amp#27;[38;5;32m[AndroidUiautomator2Driver@cb04 (a84025fa)]&amp#27;[0m Calling AppiumDriver.getCurrentContext() with args: ["a84025fa-87fd-4432-a89c-6e57f823ae73"]
&amp#27;[38;5;32m[AndroidUiautomator2Driver@cb04 (a84025fa)]&amp#27;[0m Responding to client with driver.getCurrentContext() result: "NATIVE_APP"
&amp#27;[38;5;0m[HTTP]&amp#27;[0m &amp#27;[37m<-- GET /session/a84025fa-87fd-4432-a89c-6e57f823ae73/context &amp#27;[39m&amp#27;[32m200&amp#27;[39m &amp#27;[90m1 ms - 22&amp#27;[39m
&amp#27;[38;5;0m[HTTP]&amp#27;[0m &amp#27;[90m&amp#27;[39m
&amp#27;[38;5;0m[HTTP]&amp#27;[0m &amp#27;[37m-->&amp#27;[39m &amp#27;[37mPOST&amp#27;[39m &amp#27;[37m/session/a84025fa-87fd-4432-a89c-6e57f823ae73/elements&amp#27;[39m
&amp#27;[38;5;0m[HTTP]&amp#27;[0m &amp#27;[90m{"value":"com.fivemobile.thescore:id/view_progress","using":"id"}&amp#27;[39m
&amp#27;[38;5;32m[AndroidUiautomator2Driver@cb04 (a84025fa)]&amp#27;[0m Calling AppiumDriver.findElements() with args: ["id","com.fivemobile.thescore:id/view_progress","a84025fa-87fd-4432-a89c-6e57f823ae73"]
&amp#27;[38;5;32m[AndroidUiautomator2Driver@cb04 (a84025fa)]&amp#27;[0m Valid locator strategies for this request: xpath, id, class name, accessibility id, css selector, -android uiautomator
&amp#27;[38;5;32m[AndroidUiautomator2Driver@cb04 (a84025fa)]&amp#27;[0m Waiting up to 10000 ms for condition
&amp#27;[38;5;32m[AndroidUiautomator2Driver@cb04 (a84025fa)]&amp#27;[0m Matched '/elements' to command name 'findElements'
&amp#27;[38;5;32m[AndroidUiautomator2Driver@cb04 (a84025fa)]&amp#27;[0m Proxying [POST /elements] to [POST http://127.0.0.1:8209/session/e13e9c10-6759-487b-84e8-6054836a870e/elements] with body: {"strategy":"id","selector":"com.fivemobile.thescore:id/view_progress","context":"","multiple":true}
&amp#27;[38;5;32m[AndroidUiautomator2Driver@cb04 (a84025fa)]&amp#27;[0m Got response with status 200: {"sessionId":"e13e9c10-6759-487b-84e8-6054836a870e","value":[{"ELEMENT":"00000000-0000-0464-ffff-ffff000006f2","element-6066-11e4-a52e-4f735466cecf":"00000000-0000-0464-ffff-ffff000006f2"},{"ELEMENT":"00000000-0000-0464-ffff-ffff000006f8","element-6066-11e4-a52e-4f735466cecf":"00000000-0000-0464-ffff-ffff000006f8"},{"ELEMENT":"00000000-0000-0464-ffff-ffff000006fe","element-6066-11e4-a52e-4f735466cecf":"00000000-0000-0464-ffff-ffff000006fe"},{"ELEMENT":"00000000-0000-0464-ffff-ffff00000704","element-6066-11e4-a52e-4f735466cecf":"00000000-0000-0464-ffff-ffff00000704"},{"ELEMENT":"00000000-0000-0464-ffff-ffff0000070a","element-6066-11e4-a52e-4f735466cecf":"00000000-0000-0464-ffff-ffff0000070a"},{"ELEMENT":"00000000-0000-0464-ffff-ffff00000714","element-6066-11e4-a52e-4f735466cecf":"00000000-0000-0464-ffff-ffff00000714"},{"ELEMENT":"00000000-0000-0464-ffff-ffff0000071a","element-6066-11e4-a52e-4f735466cecf":"00000000-0000-0464-ffff-ffff0000071a"},{"ELEMENT":"00000000-0000-0464-ffff-ffff00000720","element-6066-...
&amp#27;[38;5;32m[AndroidUiautomator2Driver@cb04 (a84025fa)]&amp#27;[0m Responding to client with driver.findElements() result: [{"element-6066-11e4-a52e-4f735466cecf":"00000000-0000-0464-ffff-ffff000006f2","ELEMENT":"00000000-0000-0464-ffff-ffff000006f2"},{"element-6066-11e4-a52e-4f735466cecf":"00000000-0000-0464-ffff-ffff000006f8","ELEMENT":"00000000-0000-0464-ffff-ffff000006f8"},{"element-6066-11e4-a52e-4f735466cecf":"00000000-0000-0464-ffff-ffff000006fe","ELEMENT":"00000000-0000-0464-ffff-ffff000006fe"},{"element-6066-11e4-a52e-4f735466cecf":"00000000-0000-0464-ffff-ffff00000704","ELEMENT":"00000000-0000-0464-ffff-ffff00000704"},{"element-6066-11e4-a52e-4f735466cecf":"00000000-0000-0464-ffff-ffff0000070a","ELEMENT":"00000000-0000-0464-ffff-ffff0000070a"},{"element-6066-11e4-a52e-4f735466cecf":"00000000-0000-0464-ffff-ffff00000714","ELEMENT":"00000000-0000-0464-ffff-ffff00000714"},{"element-6066-11e4-a52e-4f735466cecf":"00000000-0000-0464-ffff-ffff0000071a","ELEMENT":"00000000-0000-0464-ffff-ffff0000071a"},{"element-6066-11e4-a52e-4f735466cecf":"00000000-0000-0464-ffff-ffff00000720","ELEMENT":"00000000-0000-0464-ffff-ffff0000072...
&amp#27;[38;5;0m[HTTP]&amp#27;[0m &amp#27;[37m<-- POST /session/a84025fa-87fd-4432-a89c-6e57f823ae73/elements &amp#27;[39m&amp#27;[32m200&amp#27;[39m &amp#27;[90m97 ms - 1291&amp#27;[39m
&amp#27;[38;5;0m[HTTP]&amp#27;[0m &amp#27;[90m&amp#27;[39m
&amp#27;[38;5;0m[HTTP]&amp#27;[0m &amp#27;[37m-->&amp#27;[39m &amp#27;[37mGET&amp#27;[39m &amp#27;[37m/session/a84025fa-87fd-4432-a89c-6e57f823ae73/element/00000000-0000-0464-ffff-ffff00000726/displayed&amp#27;[39m
&amp#27;[38;5;0m[HTTP]&amp#27;[0m &amp#27;[90m{}&amp#27;[39m
&amp#27;[38;5;32m[AndroidUiautomator2Driver@cb04 (a84025fa)]&amp#27;[0m Calling AppiumDriver.elementDisplayed() with args: ["00000000-0000-0464-ffff-ffff00000726","a84025fa-87fd-4432-a89c-6e57f823ae73"]
&amp#27;[38;5;32m[AndroidUiautomator2Driver@cb04 (a84025fa)]&amp#27;[0m Matched '/element/00000000-0000-0464-ffff-ffff00000726/attribute/displayed' to command name 'getAttribute'
&amp#27;[38;5;32m[AndroidUiautomator2Driver@cb04 (a84025fa)]&amp#27;[0m Proxying [GET /element/00000000-0000-0464-ffff-ffff00000726/attribute/displayed] to [GET http://127.0.0.1:8209/session/e13e9c10-6759-487b-84e8-6054836a870e/element/00000000-0000-0464-ffff-ffff00000726/attribute/displayed] with no body
&amp#27;[38;5;32m[AndroidUiautomator2Driver@cb04 (a84025fa)]&amp#27;[0m Got response with status 200: {"sessionId":"e13e9c10-6759-487b-84e8-6054836a870e","value":"true"}
&amp#27;[38;5;32m[AndroidUiautomator2Driver@cb04 (a84025fa)]&amp#27;[0m Responding to client with driver.elementDisplayed() result: true
&amp#27;[38;5;0m[HTTP]&amp#27;[0m &amp#27;[37m<-- GET /session/a84025fa-87fd-4432-a89c-6e57f823ae73/element/00000000-0000-0464-ffff-ffff00000726/displayed &amp#27;[39m&amp#27;[32m200&amp#27;[39m &amp#27;[90m10 ms - 14&amp#27;[39m
&amp#27;[38;5;0m[HTTP]&amp#27;[0m &amp#27;[90m&amp#27;[39m
&amp#27;[38;5;0m[HTTP]&amp#27;[0m &amp#27;[37m-->&amp#27;[39m &amp#27;[37mGET&amp#27;[39m &amp#27;[37m/session/a84025fa-87fd-4432-a89c-6e57f823ae73/context&amp#27;[39m
&amp#27;[38;5;0m[HTTP]&amp#27;[0m &amp#27;[90m{}&amp#27;[39m
&amp#27;[38;5;32m[AndroidUiautomator2Driver@cb04 (a84025fa)]&amp#27;[0m Calling AppiumDriver.getCurrentContext() with args: ["a84025fa-87fd-4432-a89c-6e57f823ae73"]
&amp#27;[38;5;32m[AndroidUiautomator2Driver@cb04 (a84025fa)]&amp#27;[0m Responding to client with driver.getCurrentContext() result: "NATIVE_APP"
&amp#27;[38;5;0m[HTTP]&amp#27;[0m &amp#27;[37m<-- GET /session/a84025fa-87fd-4432-a89c-6e57f823ae73/context &amp#27;[39m&amp#27;[32m200&amp#27;[39m &amp#27;[90m1 ms - 22&amp#27;[39m
&amp#27;[38;5;0m[HTTP]&amp#27;[0m &amp#27;[90m&amp#27;[39m
&amp#27;[38;5;0m[HTTP]&amp#27;[0m &amp#27;[37m-->&amp#27;[39m &amp#27;[37mPOST&amp#27;[39m &amp#27;[37m/session/a84025fa-87fd-4432-a89c-6e57f823ae73/elements&amp#27;[39m
&amp#27;[38;5;0m[HTTP]&amp#27;[0m &amp#27;[90m{"value":"com.fivemobile.thescore:id/view_progress","using":"id"}&amp#27;[39m
&amp#27;[38;5;32m[AndroidUiautomator2Driver@cb04 (a84025fa)]&amp#27;[0m Calling AppiumDriver.findElements() with args: ["id","com.fivemobile.thescore:id/view_progress","a84025fa-87fd-4432-a89c-6e57f823ae73"]
&amp#27;[38;5;32m[AndroidUiautomator2Driver@cb04 (a84025fa)]&amp#27;[0m Valid locator strategies for this request: xpath, id, class name, accessibility id, css selector, -android uiautomator
&amp#27;[38;5;32m[AndroidUiautomator2Driver@cb04 (a84025fa)]&amp#27;[0m Waiting up to 10000 ms for condition
&amp#27;[38;5;32m[AndroidUiautomator2Driver@cb04 (a84025fa)]&amp#27;[0m Matched '/elements' to command name 'findElements'
&amp#27;[38;5;32m[AndroidUiautomator2Driver@cb04 (a84025fa)]&amp#27;[0m Proxying [POST /elements] to [POST http://127.0.0.1:8209/session/e13e9c10-6759-487b-84e8-6054836a870e/elements] with body: {"strategy":"id","selector":"com.fivemobile.thescore:id/view_progress","context":"","multiple":true}
&amp#27;[38;5;32m[AndroidUiautomator2Driver@cb04 (a84025fa)]&amp#27;[0m Got response with status 200: {"sessionId":"e13e9c10-6759-487b-84e8-6054836a870e","value":[{"ELEMENT":"00000000-0000-0464-ffff-ffff000006f2","element-6066-11e4-a52e-4f735466cecf":"00000000-0000-0464-ffff-ffff000006f2"},{"ELEMENT":"00000000-0000-0464-ffff-ffff000006f8","element-6066-11e4-a52e-4f735466cecf":"00000000-0000-0464-ffff-ffff000006f8"},{"ELEMENT":"00000000-0000-0464-ffff-ffff000006fe","element-6066-11e4-a52e-4f735466cecf":"00000000-0000-0464-ffff-ffff000006fe"},{"ELEMENT":"00000000-0000-0464-ffff-ffff00000704","element-6066-11e4-a52e-4f735466cecf":"00000000-0000-0464-ffff-ffff00000704"},{"ELEMENT":"00000000-0000-0464-ffff-ffff0000070a","element-6066-11e4-a52e-4f735466cecf":"00000000-0000-0464-ffff-ffff0000070a"},{"ELEMENT":"00000000-0000-0464-ffff-ffff00000714","element-6066-11e4-a52e-4f735466cecf":"00000000-0000-0464-ffff-ffff00000714"},{"ELEMENT":"00000000-0000-0464-ffff-ffff0000071a","element-6066-11e4-a52e-4f735466cecf":"00000000-0000-0464-ffff-ffff0000071a"},{"ELEMENT":"00000000-0000-0464-ffff-ffff00000720","element-6066-...
&amp#27;[38;5;32m[AndroidUiautomator2Driver@cb04 (a84025fa)]&amp#27;[0m Responding to client with driver.findElements() result: [{"element-6066-11e4-a52e-4f735466cecf":"00000000-0000-0464-ffff-ffff000006f2","ELEMENT":"00000000-0000-0464-ffff-ffff000006f2"},{"element-6066-11e4-a52e-4f735466cecf":"00000000-0000-0464-ffff-ffff000006f8","ELEMENT":"00000000-0000-0464-ffff-ffff000006f8"},{"element-6066-11e4-a52e-4f735466cecf":"00000000-0000-0464-ffff-ffff000006fe","ELEMENT":"00000000-0000-0464-ffff-ffff000006fe"},{"element-6066-11e4-a52e-4f735466cecf":"00000000-0000-0464-ffff-ffff00000704","ELEMENT":"00000000-0000-0464-ffff-ffff00000704"},{"element-6066-11e4-a52e-4f735466cecf":"00000000-0000-0464-ffff-ffff0000070a","ELEMENT":"00000000-0000-0464-ffff-ffff0000070a"},{"element-6066-11e4-a52e-4f735466cecf":"00000000-0000-0464-ffff-ffff00000714","ELEMENT":"00000000-0000-0464-ffff-ffff00000714"},{"element-6066-11e4-a52e-4f735466cecf":"00000000-0000-0464-ffff-ffff0000071a","ELEMENT":"00000000-0000-0464-ffff-ffff0000071a"},{"element-6066-11e4-a52e-4f735466cecf":"00000000-0000-0464-ffff-ffff00000720","ELEMENT":"00000000-0000-0464-ffff-ffff0000072...
&amp#27;[38;5;0m[HTTP]&amp#27;[0m &amp#27;[37m<-- POST /session/a84025fa-87fd-4432-a89c-6e57f823ae73/elements &amp#27;[39m&amp#27;[32m200&amp#27;[39m &amp#27;[90m95 ms - 1291&amp#27;[39m
&amp#27;[38;5;0m[HTTP]&amp#27;[0m &amp#27;[90m&amp#27;[39m
&amp#27;[38;5;0m[HTTP]&amp#27;[0m &amp#27;[37m-->&amp#27;[39m &amp#27;[37mGET&amp#27;[39m &amp#27;[37m/session/a84025fa-87fd-4432-a89c-6e57f823ae73/context&amp#27;[39m
&amp#27;[38;5;0m[HTTP]&amp#27;[0m &amp#27;[90m{}&amp#27;[39m
&amp#27;[38;5;32m[AndroidUiautomator2Driver@cb04 (a84025fa)]&amp#27;[0m Calling AppiumDriver.getCurrentContext() with args: ["a84025fa-87fd-4432-a89c-6e57f823ae73"]
&amp#27;[38;5;32m[AndroidUiautomator2Driver@cb04 (a84025fa)]&amp#27;[0m Responding to client with driver.getCurrentContext() result: "NATIVE_APP"
&amp#27;[38;5;0m[HTTP]&amp#27;[0m &amp#27;[37m<-- GET /session/a84025fa-87fd-4432-a89c-6e57f823ae73/context &amp#27;[39m&amp#27;[32m200&amp#27;[39m &amp#27;[90m0 ms - 22&amp#27;[39m
&amp#27;[38;5;0m[HTTP]&amp#27;[0m &amp#27;[90m&amp#27;[39m
&amp#27;[38;5;0m[HTTP]&amp#27;[0m &amp#27;[37m-->&amp#27;[39m &amp#27;[37mPOST&amp#27;[39m &amp#27;[37m/session/a84025fa-87fd-4432-a89c-6e57f823ae73/elements&amp#27;[39m
&amp#27;[38;5;0m[HTTP]&amp#27;[0m &amp#27;[90m{"value":"com.fivemobile.thescore:id/view_progress","using":"id"}&amp#27;[39m
&amp#27;[38;5;32m[AndroidUiautomator2Driver@cb04 (a84025fa)]&amp#27;[0m Calling AppiumDriver.findElements() with args: ["id","com.fivemobile.thescore:id/view_progress","a84025fa-87fd-4432-a89c-6e57f823ae73"]
&amp#27;[38;5;32m[AndroidUiautomator2Driver@cb04 (a84025fa)]&amp#27;[0m Valid locator strategies for this request: xpath, id, class name, accessibility id, css selector, -android uiautomator
&amp#27;[38;5;32m[AndroidUiautomator2Driver@cb04 (a84025fa)]&amp#27;[0m Waiting up to 10000 ms for condition
&amp#27;[38;5;32m[AndroidUiautomator2Driver@cb04 (a84025fa)]&amp#27;[0m Matched '/elements' to command name 'findElements'
&amp#27;[38;5;32m[AndroidUiautomator2Driver@cb04 (a84025fa)]&amp#27;[0m Proxying [POST /elements] to [POST http://127.0.0.1:8209/session/e13e9c10-6759-487b-84e8-6054836a870e/elements] with body: {"strategy":"id","selector":"com.fivemobile.thescore:id/view_progress","context":"","multiple":true}
&amp#27;[38;5;32m[AndroidUiautomator2Driver@cb04 (a84025fa)]&amp#27;[0m Got response with status 200: {"sessionId":"e13e9c10-6759-487b-84e8-6054836a870e","value":[{"ELEMENT":"00000000-0000-0464-ffff-ffff000006f2","element-6066-11e4-a52e-4f735466cecf":"00000000-0000-0464-ffff-ffff000006f2"},{"ELEMENT":"00000000-0000-0464-ffff-ffff000006f8","element-6066-11e4-a52e-4f735466cecf":"00000000-0000-0464-ffff-ffff000006f8"},{"ELEMENT":"00000000-0000-0464-ffff-ffff000006fe","element-6066-11e4-a52e-4f735466cecf":"00000000-0000-0464-ffff-ffff000006fe"},{"ELEMENT":"00000000-0000-0464-ffff-ffff00000704","element-6066-11e4-a52e-4f735466cecf":"00000000-0000-0464-ffff-ffff00000704"},{"ELEMENT":"00000000-0000-0464-ffff-ffff0000070a","element-6066-11e4-a52e-4f735466cecf":"00000000-0000-0464-ffff-ffff0000070a"},{"ELEMENT":"00000000-0000-0464-ffff-ffff00000714","element-6066-11e4-a52e-4f735466cecf":"00000000-0000-0464-ffff-ffff00000714"},{"ELEMENT":"00000000-0000-0464-ffff-ffff0000071a","element-6066-11e4-a52e-4f735466cecf":"00000000-0000-0464-ffff-ffff0000071a"},{"ELEMENT":"00000000-0000-0464-ffff-ffff00000720","element-6066-...
&amp#27;[38;5;32m[AndroidUiautomator2Driver@cb04 (a84025fa)]&amp#27;[0m Responding to client with driver.findElements() result: [{"element-6066-11e4-a52e-4f735466cecf":"00000000-0000-0464-ffff-ffff000006f2","ELEMENT":"00000000-0000-0464-ffff-ffff000006f2"},{"element-6066-11e4-a52e-4f735466cecf":"00000000-0000-0464-ffff-ffff000006f8","ELEMENT":"00000000-0000-0464-ffff-ffff000006f8"},{"element-6066-11e4-a52e-4f735466cecf":"00000000-0000-0464-ffff-ffff000006fe","ELEMENT":"00000000-0000-0464-ffff-ffff000006fe"},{"element-6066-11e4-a52e-4f735466cecf":"00000000-0000-0464-ffff-ffff00000704","ELEMENT":"00000000-0000-0464-ffff-ffff00000704"},{"element-6066-11e4-a52e-4f735466cecf":"00000000-0000-0464-ffff-ffff0000070a","ELEMENT":"00000000-0000-0464-ffff-ffff0000070a"},{"element-6066-11e4-a52e-4f735466cecf":"00000000-0000-0464-ffff-ffff00000714","ELEMENT":"00000000-0000-0464-ffff-ffff00000714"},{"element-6066-11e4-a52e-4f735466cecf":"00000000-0000-0464-ffff-ffff0000071a","ELEMENT":"00000000-0000-0464-ffff-ffff0000071a"},{"element-6066-11e4-a52e-4f735466cecf":"00000000-0000-0464-ffff-ffff00000720","ELEMENT":"00000000-0000-0464-ffff-ffff0000072...
&amp#27;[38;5;0m[HTTP]&amp#27;[0m &amp#27;[37m<-- POST /session/a84025fa-87fd-4432-a89c-6e57f823ae73/elements &amp#27;[39m&amp#27;[32m200&amp#27;[39m &amp#27;[90m109 ms - 1291&amp#27;[39m
&amp#27;[38;5;0m[HTTP]&amp#27;[0m &amp#27;[90m&amp#27;[39m
&amp#27;[38;5;0m[HTTP]&amp#27;[0m &amp#27;[37m-->&amp#27;[39m &amp#27;[37mGET&amp#27;[39m &amp#27;[37m/session/a84025fa-87fd-4432-a89c-6e57f823ae73/element/00000000-0000-0464-ffff-ffff0000072c/displayed&amp#27;[39m
&amp#27;[38;5;0m[HTTP]&amp#27;[0m &amp#27;[90m{}&amp#27;[39m
&amp#27;[38;5;32m[AndroidUiautomator2Driver@cb04 (a84025fa)]&amp#27;[0m Calling AppiumDriver.elementDisplayed() with args: ["00000000-0000-0464-ffff-ffff0000072c","a84025fa-87fd-4432-a89c-6e57f823ae73"]
&amp#27;[38;5;32m[AndroidUiautomator2Driver@cb04 (a84025fa)]&amp#27;[0m Matched '/element/00000000-0000-0464-ffff-ffff0000072c/attribute/displayed' to command name 'getAttribute'
&amp#27;[38;5;32m[AndroidUiautomator2Driver@cb04 (a84025fa)]&amp#27;[0m Proxying [GET /element/00000000-0000-0464-ffff-ffff0000072c/attribute/displayed] to [GET http://127.0.0.1:8209/session/e13e9c10-6759-487b-84e8-6054836a870e/element/00000000-0000-0464-ffff-ffff0000072c/attribute/displayed] with no body
&amp#27;[38;5;32m[AndroidUiautomator2Driver@cb04 (a84025fa)]&amp#27;[0m Got response with status 200: {"sessionId":"e13e9c10-6759-487b-84e8-6054836a870e","value":"true"}
&amp#27;[38;5;32m[AndroidUiautomator2Driver@cb04 (a84025fa)]&amp#27;[0m Responding to client with driver.elementDisplayed() result: true
&amp#27;[38;5;0m[HTTP]&amp#27;[0m &amp#27;[37m<-- GET /session/a84025fa-87fd-4432-a89c-6e57f823ae73/element/00000000-0000-0464-ffff-ffff0000072c/displayed &amp#27;[39m&amp#27;[32m200&amp#27;[39m &amp#27;[90m13 ms - 14&amp#27;[39m
&amp#27;[38;5;0m[HTTP]&amp#27;[0m &amp#27;[90m&amp#27;[39m
&amp#27;[38;5;0m[HTTP]&amp#27;[0m &amp#27;[37m-->&amp#27;[39m &amp#27;[37mGET&amp#27;[39m &amp#27;[37m/session/a84025fa-87fd-4432-a89c-6e57f823ae73/context&amp#27;[39m
&amp#27;[38;5;0m[HTTP]&amp#27;[0m &amp#27;[90m{}&amp#27;[39m
&amp#27;[38;5;32m[AndroidUiautomator2Driver@cb04 (a84025fa)]&amp#27;[0m Calling AppiumDriver.getCurrentContext() with args: ["a84025fa-87fd-4432-a89c-6e57f823ae73"]
&amp#27;[38;5;32m[AndroidUiautomator2Driver@cb04 (a84025fa)]&amp#27;[0m Responding to client with driver.getCurrentContext() result: "NATIVE_APP"
&amp#27;[38;5;0m[HTTP]&amp#27;[0m &amp#27;[37m<-- GET /session/a84025fa-87fd-4432-a89c-6e57f823ae73/context &amp#27;[39m&amp#27;[32m200&amp#27;[39m &amp#27;[90m1 ms - 22&amp#27;[39m
&amp#27;[38;5;0m[HTTP]&amp#27;[0m &amp#27;[90m&amp#27;[39m
&amp#27;[38;5;0m[HTTP]&amp#27;[0m &amp#27;[37m-->&amp#27;[39m &amp#27;[37mPOST&amp#27;[39m &amp#27;[37m/session/a84025fa-87fd-4432-a89c-6e57f823ae73/elements&amp#27;[39m
&amp#27;[38;5;0m[HTTP]&amp#27;[0m &amp#27;[90m{"value":"com.fivemobile.thescore:id/view_progress","using":"id"}&amp#27;[39m
&amp#27;[38;5;32m[AndroidUiautomator2Driver@cb04 (a84025fa)]&amp#27;[0m Calling AppiumDriver.findElements() with args: ["id","com.fivemobile.thescore:id/view_progress","a84025fa-87fd-4432-a89c-6e57f823ae73"]
&amp#27;[38;5;32m[AndroidUiautomator2Driver@cb04 (a84025fa)]&amp#27;[0m Valid locator strategies for this request: xpath, id, class name, accessibility id, css selector, -android uiautomator
&amp#27;[38;5;32m[AndroidUiautomator2Driver@cb04 (a84025fa)]&amp#27;[0m Waiting up to 10000 ms for condition
&amp#27;[38;5;32m[AndroidUiautomator2Driver@cb04 (a84025fa)]&amp#27;[0m Matched '/elements' to command name 'findElements'
&amp#27;[38;5;32m[AndroidUiautomator2Driver@cb04 (a84025fa)]&amp#27;[0m Proxying [POST /elements] to [POST http://127.0.0.1:8209/session/e13e9c10-6759-487b-84e8-6054836a870e/elements] with body: {"strategy":"id","selector":"com.fivemobile.thescore:id/view_progress","context":"","multiple":true}
&amp#27;[38;5;32m[AndroidUiautomator2Driver@cb04 (a84025fa)]&amp#27;[0m Got response with status 200: {"sessionId":"e13e9c10-6759-487b-84e8-6054836a870e","value":[{"ELEMENT":"00000000-0000-0464-ffff-ffff000006f2","element-6066-11e4-a52e-4f735466cecf":"00000000-0000-0464-ffff-ffff000006f2"},{"ELEMENT":"00000000-0000-0464-ffff-ffff000006f8","element-6066-11e4-a52e-4f735466cecf":"00000000-0000-0464-ffff-ffff000006f8"},{"ELEMENT":"00000000-0000-0464-ffff-ffff000006fe","element-6066-11e4-a52e-4f735466cecf":"00000000-0000-0464-ffff-ffff000006fe"},{"ELEMENT":"00000000-0000-0464-ffff-ffff00000704","element-6066-11e4-a52e-4f735466cecf":"00000000-0000-0464-ffff-ffff00000704"},{"ELEMENT":"00000000-0000-0464-ffff-ffff0000070a","element-6066-11e4-a52e-4f735466cecf":"00000000-0000-0464-ffff-ffff0000070a"},{"ELEMENT":"00000000-0000-0464-ffff-ffff00000714","element-6066-11e4-a52e-4f735466cecf":"00000000-0000-0464-ffff-ffff00000714"},{"ELEMENT":"00000000-0000-0464-ffff-ffff0000071a","element-6066-11e4-a52e-4f735466cecf":"00000000-0000-0464-ffff-ffff0000071a"},{"ELEMENT":"00000000-0000-0464-ffff-ffff00000720","element-6066-...
&amp#27;[38;5;32m[AndroidUiautomator2Driver@cb04 (a84025fa)]&amp#27;[0m Responding to client with driver.findElements() result: [{"element-6066-11e4-a52e-4f735466cecf":"00000000-0000-0464-ffff-ffff000006f2","ELEMENT":"00000000-0000-0464-ffff-ffff000006f2"},{"element-6066-11e4-a52e-4f735466cecf":"00000000-0000-0464-ffff-ffff000006f8","ELEMENT":"00000000-0000-0464-ffff-ffff000006f8"},{"element-6066-11e4-a52e-4f735466cecf":"00000000-0000-0464-ffff-ffff000006fe","ELEMENT":"00000000-0000-0464-ffff-ffff000006fe"},{"element-6066-11e4-a52e-4f735466cecf":"00000000-0000-0464-ffff-ffff00000704","ELEMENT":"00000000-0000-0464-ffff-ffff00000704"},{"element-6066-11e4-a52e-4f735466cecf":"00000000-0000-0464-ffff-ffff0000070a","ELEMENT":"00000000-0000-0464-ffff-ffff0000070a"},{"element-6066-11e4-a52e-4f735466cecf":"00000000-0000-0464-ffff-ffff00000714","ELEMENT":"00000000-0000-0464-ffff-ffff00000714"},{"element-6066-11e4-a52e-4f735466cecf":"00000000-0000-0464-ffff-ffff0000071a","ELEMENT":"00000000-0000-0464-ffff-ffff0000071a"},{"element-6066-11e4-a52e-4f735466cecf":"00000000-0000-0464-ffff-ffff00000720","ELEMENT":"00000000-0000-0464-ffff-ffff0000072...
&amp#27;[38;5;0m[HTTP]&amp#27;[0m &amp#27;[37m<-- POST /session/a84025fa-87fd-4432-a89c-6e57f823ae73/elements &amp#27;[39m&amp#27;[32m200&amp#27;[39m &amp#27;[90m109 ms - 1291&amp#27;[39m
&amp#27;[38;5;0m[HTTP]&amp#27;[0m &amp#27;[90m&amp#27;[39m
&amp#27;[38;5;0m[HTTP]&amp#27;[0m &amp#27;[37m-->&amp#27;[39m &amp#27;[37mGET&amp#27;[39m &amp#27;[37m/session/a84025fa-87fd-4432-a89c-6e57f823ae73/context&amp#27;[39m
&amp#27;[38;5;0m[HTTP]&amp#27;[0m &amp#27;[90m{}&amp#27;[39m
&amp#27;[38;5;32m[AndroidUiautomator2Driver@cb04 (a84025fa)]&amp#27;[0m Calling AppiumDriver.getCurrentContext() with args: ["a84025fa-87fd-4432-a89c-6e57f823ae73"]
&amp#27;[38;5;32m[AndroidUiautomator2Driver@cb04 (a84025fa)]&amp#27;[0m Responding to client with driver.getCurrentContext() result: "NATIVE_APP"
&amp#27;[38;5;0m[HTTP]&amp#27;[0m &amp#27;[37m<-- GET /session/a84025fa-87fd-4432-a89c-6e57f823ae73/context &amp#27;[39m&amp#27;[32m200&amp#27;[39m &amp#27;[90m1 ms - 22&amp#27;[39m
&amp#27;[38;5;0m[HTTP]&amp#27;[0m &amp#27;[90m&amp#27;[39m
&amp#27;[38;5;0m[HTTP]&amp#27;[0m &amp#27;[37m-->&amp#27;[39m &amp#27;[37mPOST&amp#27;[39m &amp#27;[37m/session/a84025fa-87fd-4432-a89c-6e57f823ae73/elements&amp#27;[39m
&amp#27;[38;5;0m[HTTP]&amp#27;[0m &amp#27;[90m{"value":"com.fivemobile.thescore:id/view_inverse","using":"id"}&amp#27;[39m
&amp#27;[38;5;32m[AndroidUiautomator2Driver@cb04 (a84025fa)]&amp#27;[0m Calling AppiumDriver.findElements() with args: ["id","com.fivemobile.thescore:id/view_inverse","a84025fa-87fd-4432-a89c-6e57f823ae73"]
&amp#27;[38;5;32m[AndroidUiautomator2Driver@cb04 (a84025fa)]&amp#27;[0m Valid locator strategies for this request: xpath, id, class name, accessibility id, css selector, -android uiautomator
&amp#27;[38;5;32m[AndroidUiautomator2Driver@cb04 (a84025fa)]&amp#27;[0m Waiting up to 10000 ms for condition
&amp#27;[38;5;32m[AndroidUiautomator2Driver@cb04 (a84025fa)]&amp#27;[0m Matched '/elements' to command name 'findElements'
&amp#27;[38;5;32m[AndroidUiautomator2Driver@cb04 (a84025fa)]&amp#27;[0m Proxying [POST /elements] to [POST http://127.0.0.1:8209/session/e13e9c10-6759-487b-84e8-6054836a870e/elements] with body: {"strategy":"id","selector":"com.fivemobile.thescore:id/view_inverse","context":"","multiple":true}
&amp#27;[38;5;32m[AndroidUiautomator2Driver@cb04 (a84025fa)]&amp#27;[0m Got response with status 200: {"sessionId":"e13e9c10-6759-487b-84e8-6054836a870e","value":[{"ELEMENT":"00000000-0000-0464-ffff-ffff000006f3","element-6066-11e4-a52e-4f735466cecf":"00000000-0000-0464-ffff-ffff000006f3"},{"ELEMENT":"00000000-0000-0464-ffff-ffff000006f9","element-6066-11e4-a52e-4f735466cecf":"00000000-0000-0464-ffff-ffff000006f9"},{"ELEMENT":"00000000-0000-0464-ffff-ffff000006ff","element-6066-11e4-a52e-4f735466cecf":"00000000-0000-0464-ffff-ffff000006ff"},{"ELEMENT":"00000000-0000-0464-ffff-ffff00000705","element-6066-11e4-a52e-4f735466cecf":"00000000-0000-0464-ffff-ffff00000705"},{"ELEMENT":"00000000-0000-0464-ffff-ffff0000070b","element-6066-11e4-a52e-4f735466cecf":"00000000-0000-0464-ffff-ffff0000070b"},{"ELEMENT":"00000000-0000-0464-ffff-ffff00000715","element-6066-11e4-a52e-4f735466cecf":"00000000-0000-0464-ffff-ffff00000715"},{"ELEMENT":"00000000-0000-0464-ffff-ffff0000071b","element-6066-11e4-a52e-4f735466cecf":"00000000-0000-0464-ffff-ffff0000071b"},{"ELEMENT":"00000000-0000-0464-ffff-ffff00000721","element-6066-...
&amp#27;[38;5;32m[AndroidUiautomator2Driver@cb04 (a84025fa)]&amp#27;[0m Responding to client with driver.findElements() result: [{"element-6066-11e4-a52e-4f735466cecf":"00000000-0000-0464-ffff-ffff000006f3","ELEMENT":"00000000-0000-0464-ffff-ffff000006f3"},{"element-6066-11e4-a52e-4f735466cecf":"00000000-0000-0464-ffff-ffff000006f9","ELEMENT":"00000000-0000-0464-ffff-ffff000006f9"},{"element-6066-11e4-a52e-4f735466cecf":"00000000-0000-0464-ffff-ffff000006ff","ELEMENT":"00000000-0000-0464-ffff-ffff000006ff"},{"element-6066-11e4-a52e-4f735466cecf":"00000000-0000-0464-ffff-ffff00000705","ELEMENT":"00000000-0000-0464-ffff-ffff00000705"},{"element-6066-11e4-a52e-4f735466cecf":"00000000-0000-0464-ffff-ffff0000070b","ELEMENT":"00000000-0000-0464-ffff-ffff0000070b"},{"element-6066-11e4-a52e-4f735466cecf":"00000000-0000-0464-ffff-ffff00000715","ELEMENT":"00000000-0000-0464-ffff-ffff00000715"},{"element-6066-11e4-a52e-4f735466cecf":"00000000-0000-0464-ffff-ffff0000071b","ELEMENT":"00000000-0000-0464-ffff-ffff0000071b"},{"element-6066-11e4-a52e-4f735466cecf":"00000000-0000-0464-ffff-ffff00000721","ELEMENT":"00000000-0000-0464-ffff-ffff0000072...
&amp#27;[38;5;0m[HTTP]&amp#27;[0m &amp#27;[37m<-- POST /session/a84025fa-87fd-4432-a89c-6e57f823ae73/elements &amp#27;[39m&amp#27;[32m200&amp#27;[39m &amp#27;[90m106 ms - 1291&amp#27;[39m
&amp#27;[38;5;0m[HTTP]&amp#27;[0m &amp#27;[90m&amp#27;[39m
&amp#27;[38;5;0m[HTTP]&amp#27;[0m &amp#27;[37m-->&amp#27;[39m &amp#27;[37mGET&amp#27;[39m &amp#27;[37m/session/a84025fa-87fd-4432-a89c-6e57f823ae73/context&amp#27;[39m
&amp#27;[38;5;0m[HTTP]&amp#27;[0m &amp#27;[90m{}&amp#27;[39m
&amp#27;[38;5;32m[AndroidUiautomator2Driver@cb04 (a84025fa)]&amp#27;[0m Calling AppiumDriver.getCurrentContext() with args: ["a84025fa-87fd-4432-a89c-6e57f823ae73"]
&amp#27;[38;5;32m[AndroidUiautomator2Driver@cb04 (a84025fa)]&amp#27;[0m Responding to client with driver.getCurrentContext() result: "NATIVE_APP"
&amp#27;[38;5;0m[HTTP]&amp#27;[0m &amp#27;[37m<-- GET /session/a84025fa-87fd-4432-a89c-6e57f823ae73/context &amp#27;[39m&amp#27;[32m200&amp#27;[39m &amp#27;[90m1 ms - 22&amp#27;[39m
&amp#27;[38;5;0m[HTTP]&amp#27;[0m &amp#27;[90m&amp#27;[39m
&amp#27;[38;5;0m[HTTP]&amp#27;[0m &amp#27;[37m-->&amp#27;[39m &amp#27;[37mPOST&amp#27;[39m &amp#27;[37m/session/a84025fa-87fd-4432-a89c-6e57f823ae73/elements&amp#27;[39m
&amp#27;[38;5;0m[HTTP]&amp#27;[0m &amp#27;[90m{"value":"com.fivemobile.thescore:id/view_inverse","using":"id"}&amp#27;[39m
&amp#27;[38;5;32m[AndroidUiautomator2Driver@cb04 (a84025fa)]&amp#27;[0m Calling AppiumDriver.findElements() with args: ["id","com.fivemobile.thescore:id/view_inverse","a84025fa-87fd-4432-a89c-6e57f823ae73"]
&amp#27;[38;5;32m[AndroidUiautomator2Driver@cb04 (a84025fa)]&amp#27;[0m Valid locator strategies for this request: xpath, id, class name, accessibility id, css selector, -android uiautomator
&amp#27;[38;5;32m[AndroidUiautomator2Driver@cb04 (a84025fa)]&amp#27;[0m Waiting up to 10000 ms for condition
&amp#27;[38;5;32m[AndroidUiautomator2Driver@cb04 (a84025fa)]&amp#27;[0m Matched '/elements' to command name 'findElements'
&amp#27;[38;5;32m[AndroidUiautomator2Driver@cb04 (a84025fa)]&amp#27;[0m Proxying [POST /elements] to [POST http://127.0.0.1:8209/session/e13e9c10-6759-487b-84e8-6054836a870e/elements] with body: {"strategy":"id","selector":"com.fivemobile.thescore:id/view_inverse","context":"","multiple":true}
&amp#27;[38;5;32m[AndroidUiautomator2Driver@cb04 (a84025fa)]&amp#27;[0m Got response with status 200: {"sessionId":"e13e9c10-6759-487b-84e8-6054836a870e","value":[{"ELEMENT":"00000000-0000-0464-ffff-ffff000006f3","element-6066-11e4-a52e-4f735466cecf":"00000000-0000-0464-ffff-ffff000006f3"},{"ELEMENT":"00000000-0000-0464-ffff-ffff000006f9","element-6066-11e4-a52e-4f735466cecf":"00000000-0000-0464-ffff-ffff000006f9"},{"ELEMENT":"00000000-0000-0464-ffff-ffff000006ff","element-6066-11e4-a52e-4f735466cecf":"00000000-0000-0464-ffff-ffff000006ff"},{"ELEMENT":"00000000-0000-0464-ffff-ffff00000705","element-6066-11e4-a52e-4f735466cecf":"00000000-0000-0464-ffff-ffff00000705"},{"ELEMENT":"00000000-0000-0464-ffff-ffff0000070b","element-6066-11e4-a52e-4f735466cecf":"00000000-0000-0464-ffff-ffff0000070b"},{"ELEMENT":"00000000-0000-0464-ffff-ffff00000715","element-6066-11e4-a52e-4f735466cecf":"00000000-0000-0464-ffff-ffff00000715"},{"ELEMENT":"00000000-0000-0464-ffff-ffff0000071b","element-6066-11e4-a52e-4f735466cecf":"00000000-0000-0464-ffff-ffff0000071b"},{"ELEMENT":"00000000-0000-0464-ffff-ffff00000721","element-6066-...
&amp#27;[38;5;32m[AndroidUiautomator2Driver@cb04 (a84025fa)]&amp#27;[0m Responding to client with driver.findElements() result: [{"element-6066-11e4-a52e-4f735466cecf":"00000000-0000-0464-ffff-ffff000006f3","ELEMENT":"00000000-0000-0464-ffff-ffff000006f3"},{"element-6066-11e4-a52e-4f735466cecf":"00000000-0000-0464-ffff-ffff000006f9","ELEMENT":"00000000-0000-0464-ffff-ffff000006f9"},{"element-6066-11e4-a52e-4f735466cecf":"00000000-0000-0464-ffff-ffff000006ff","ELEMENT":"00000000-0000-0464-ffff-ffff000006ff"},{"element-6066-11e4-a52e-4f735466cecf":"00000000-0000-0464-ffff-ffff00000705","ELEMENT":"00000000-0000-0464-ffff-ffff00000705"},{"element-6066-11e4-a52e-4f735466cecf":"00000000-0000-0464-ffff-ffff0000070b","ELEMENT":"00000000-0000-0464-ffff-ffff0000070b"},{"element-6066-11e4-a52e-4f735466cecf":"00000000-0000-0464-ffff-ffff00000715","ELEMENT":"00000000-0000-0464-ffff-ffff00000715"},{"element-6066-11e4-a52e-4f735466cecf":"00000000-0000-0464-ffff-ffff0000071b","ELEMENT":"00000000-0000-0464-ffff-ffff0000071b"},{"element-6066-11e4-a52e-4f735466cecf":"00000000-0000-0464-ffff-ffff00000721","ELEMENT":"00000000-0000-0464-ffff-ffff0000072...
&amp#27;[38;5;0m[HTTP]&amp#27;[0m &amp#27;[37m<-- POST /session/a84025fa-87fd-4432-a89c-6e57f823ae73/elements &amp#27;[39m&amp#27;[32m200&amp#27;[39m &amp#27;[90m132 ms - 1291&amp#27;[39m
&amp#27;[38;5;0m[HTTP]&amp#27;[0m &amp#27;[90m&amp#27;[39m
&amp#27;[38;5;0m[HTTP]&amp#27;[0m &amp#27;[37m-->&amp#27;[39m &amp#27;[37mGET&amp#27;[39m &amp#27;[37m/session/a84025fa-87fd-4432-a89c-6e57f823ae73/element/00000000-0000-0464-ffff-ffff000006f3/displayed&amp#27;[39m
&amp#27;[38;5;0m[HTTP]&amp#27;[0m &amp#27;[90m{}&amp#27;[39m
&amp#27;[38;5;32m[AndroidUiautomator2Driver@cb04 (a84025fa)]&amp#27;[0m Calling AppiumDriver.elementDisplayed() with args: ["00000000-0000-0464-ffff-ffff000006f3","a84025fa-87fd-4432-a89c-6e57f823ae73"]
&amp#27;[38;5;32m[AndroidUiautomator2Driver@cb04 (a84025fa)]&amp#27;[0m Matched '/element/00000000-0000-0464-ffff-ffff000006f3/attribute/displayed' to command name 'getAttribute'
&amp#27;[38;5;32m[AndroidUiautomator2Driver@cb04 (a84025fa)]&amp#27;[0m Proxying [GET /element/00000000-0000-0464-ffff-ffff000006f3/attribute/displayed] to [GET http://127.0.0.1:8209/session/e13e9c10-6759-487b-84e8-6054836a870e/element/00000000-0000-0464-ffff-ffff000006f3/attribute/displayed] with no body
&amp#27;[38;5;32m[AndroidUiautomator2Driver@cb04 (a84025fa)]&amp#27;[0m Got response with status 200: {"sessionId":"e13e9c10-6759-487b-84e8-6054836a870e","value":"true"}
&amp#27;[38;5;32m[AndroidUiautomator2Driver@cb04 (a84025fa)]&amp#27;[0m Responding to client with driver.elementDisplayed() result: true
&amp#27;[38;5;0m[HTTP]&amp#27;[0m &amp#27;[37m<-- GET /session/a84025fa-87fd-4432-a89c-6e57f823ae73/element/00000000-0000-0464-ffff-ffff000006f3/displayed &amp#27;[39m&amp#27;[32m200&amp#27;[39m &amp#27;[90m11 ms - 14&amp#27;[39m
&amp#27;[38;5;0m[HTTP]&amp#27;[0m &amp#27;[90m&amp#27;[39m
&amp#27;[38;5;0m[HTTP]&amp#27;[0m &amp#27;[37m-->&amp#27;[39m &amp#27;[37mGET&amp#27;[39m &amp#27;[37m/session/a84025fa-87fd-4432-a89c-6e57f823ae73/context&amp#27;[39m
&amp#27;[38;5;0m[HTTP]&amp#27;[0m &amp#27;[90m{}&amp#27;[39m
&amp#27;[38;5;32m[AndroidUiautomator2Driver@cb04 (a84025fa)]&amp#27;[0m Calling AppiumDriver.getCurrentContext() with args: ["a84025fa-87fd-4432-a89c-6e57f823ae73"]
&amp#27;[38;5;32m[AndroidUiautomator2Driver@cb04 (a84025fa)]&amp#27;[0m Responding to client with driver.getCurrentContext() result: "NATIVE_APP"
&amp#27;[38;5;0m[HTTP]&amp#27;[0m &amp#27;[37m<-- GET /session/a84025fa-87fd-4432-a89c-6e57f823ae73/context &amp#27;[39m&amp#27;[32m200&amp#27;[39m &amp#27;[90m1 ms - 22&amp#27;[39m
&amp#27;[38;5;0m[HTTP]&amp#27;[0m &amp#27;[90m&amp#27;[39m
&amp#27;[38;5;0m[HTTP]&amp#27;[0m &amp#27;[37m-->&amp#27;[39m &amp#27;[37mPOST&amp#27;[39m &amp#27;[37m/session/a84025fa-87fd-4432-a89c-6e57f823ae73/elements&amp#27;[39m
&amp#27;[38;5;0m[HTTP]&amp#27;[0m &amp#27;[90m{"value":"com.fivemobile.thescore:id/view_inverse","using":"id"}&amp#27;[39m
&amp#27;[38;5;32m[AndroidUiautomator2Driver@cb04 (a84025fa)]&amp#27;[0m Calling AppiumDriver.findElements() with args: ["id","com.fivemobile.thescore:id/view_inverse","a84025fa-87fd-4432-a89c-6e57f823ae73"]
&amp#27;[38;5;32m[AndroidUiautomator2Driver@cb04 (a84025fa)]&amp#27;[0m Valid locator strategies for this request: xpath, id, class name, accessibility id, css selector, -android uiautomator
&amp#27;[38;5;32m[AndroidUiautomator2Driver@cb04 (a84025fa)]&amp#27;[0m Waiting up to 10000 ms for condition
&amp#27;[38;5;32m[AndroidUiautomator2Driver@cb04 (a84025fa)]&amp#27;[0m Matched '/elements' to command name 'findElements'
&amp#27;[38;5;32m[AndroidUiautomator2Driver@cb04 (a84025fa)]&amp#27;[0m Proxying [POST /elements] to [POST http://127.0.0.1:8209/session/e13e9c10-6759-487b-84e8-6054836a870e/elements] with body: {"strategy":"id","selector":"com.fivemobile.thescore:id/view_inverse","context":"","multiple":true}
&amp#27;[38;5;32m[AndroidUiautomator2Driver@cb04 (a84025fa)]&amp#27;[0m Got response with status 200: {"sessionId":"e13e9c10-6759-487b-84e8-6054836a870e","value":[{"ELEMENT":"00000000-0000-0464-ffff-ffff000006f3","element-6066-11e4-a52e-4f735466cecf":"00000000-0000-0464-ffff-ffff000006f3"},{"ELEMENT":"00000000-0000-0464-ffff-ffff000006f9","element-6066-11e4-a52e-4f735466cecf":"00000000-0000-0464-ffff-ffff000006f9"},{"ELEMENT":"00000000-0000-0464-ffff-ffff000006ff","element-6066-11e4-a52e-4f735466cecf":"00000000-0000-0464-ffff-ffff000006ff"},{"ELEMENT":"00000000-0000-0464-ffff-ffff00000705","element-6066-11e4-a52e-4f735466cecf":"00000000-0000-0464-ffff-ffff00000705"},{"ELEMENT":"00000000-0000-0464-ffff-ffff0000070b","element-6066-11e4-a52e-4f735466cecf":"00000000-0000-0464-ffff-ffff0000070b"},{"ELEMENT":"00000000-0000-0464-ffff-ffff00000715","element-6066-11e4-a52e-4f735466cecf":"00000000-0000-0464-ffff-ffff00000715"},{"ELEMENT":"00000000-0000-0464-ffff-ffff0000071b","element-6066-11e4-a52e-4f735466cecf":"00000000-0000-0464-ffff-ffff0000071b"},{"ELEMENT":"00000000-0000-0464-ffff-ffff00000721","element-6066-...
&amp#27;[38;5;32m[AndroidUiautomator2Driver@cb04 (a84025fa)]&amp#27;[0m Responding to client with driver.findElements() result: [{"element-6066-11e4-a52e-4f735466cecf":"00000000-0000-0464-ffff-ffff000006f3","ELEMENT":"00000000-0000-0464-ffff-ffff000006f3"},{"element-6066-11e4-a52e-4f735466cecf":"00000000-0000-0464-ffff-ffff000006f9","ELEMENT":"00000000-0000-0464-ffff-ffff000006f9"},{"element-6066-11e4-a52e-4f735466cecf":"00000000-0000-0464-ffff-ffff000006ff","ELEMENT":"00000000-0000-0464-ffff-ffff000006ff"},{"element-6066-11e4-a52e-4f735466cecf":"00000000-0000-0464-ffff-ffff00000705","ELEMENT":"00000000-0000-0464-ffff-ffff00000705"},{"element-6066-11e4-a52e-4f735466cecf":"00000000-0000-0464-ffff-ffff0000070b","ELEMENT":"00000000-0000-0464-ffff-ffff0000070b"},{"element-6066-11e4-a52e-4f735466cecf":"00000000-0000-0464-ffff-ffff00000715","ELEMENT":"00000000-0000-0464-ffff-ffff00000715"},{"element-6066-11e4-a52e-4f735466cecf":"00000000-0000-0464-ffff-ffff0000071b","ELEMENT":"00000000-0000-0464-ffff-ffff0000071b"},{"element-6066-11e4-a52e-4f735466cecf":"00000000-0000-0464-ffff-ffff00000721","ELEMENT":"00000000-0000-0464-ffff-ffff0000072...
&amp#27;[38;5;0m[HTTP]&amp#27;[0m &amp#27;[37m<-- POST /session/a84025fa-87fd-4432-a89c-6e57f823ae73/elements &amp#27;[39m&amp#27;[32m200&amp#27;[39m &amp#27;[90m99 ms - 1291&amp#27;[39m
&amp#27;[38;5;0m[HTTP]&amp#27;[0m &amp#27;[90m&amp#27;[39m
&amp#27;[38;5;0m[HTTP]&amp#27;[0m &amp#27;[37m-->&amp#27;[39m &amp#27;[37mGET&amp#27;[39m &amp#27;[37m/session/a84025fa-87fd-4432-a89c-6e57f823ae73/context&amp#27;[39m
&amp#27;[38;5;0m[HTTP]&amp#27;[0m &amp#27;[90m{}&amp#27;[39m
&amp#27;[38;5;32m[AndroidUiautomator2Driver@cb04 (a84025fa)]&amp#27;[0m Calling AppiumDriver.getCurrentContext() with args: ["a84025fa-87fd-4432-a89c-6e57f823ae73"]
&amp#27;[38;5;32m[AndroidUiautomator2Driver@cb04 (a84025fa)]&amp#27;[0m Responding to client with driver.getCurrentContext() result: "NATIVE_APP"
&amp#27;[38;5;0m[HTTP]&amp#27;[0m &amp#27;[37m<-- GET /session/a84025fa-87fd-4432-a89c-6e57f823ae73/context &amp#27;[39m&amp#27;[32m200&amp#27;[39m &amp#27;[90m1 ms - 22&amp#27;[39m
&amp#27;[38;5;0m[HTTP]&amp#27;[0m &amp#27;[90m&amp#27;[39m
&amp#27;[38;5;0m[HTTP]&amp#27;[0m &amp#27;[37m-->&amp#27;[39m &amp#27;[37mPOST&amp#27;[39m &amp#27;[37m/session/a84025fa-87fd-4432-a89c-6e57f823ae73/elements&amp#27;[39m
&amp#27;[38;5;0m[HTTP]&amp#27;[0m &amp#27;[90m{"value":"com.fivemobile.thescore:id/view_inverse","using":"id"}&amp#27;[39m
&amp#27;[38;5;32m[AndroidUiautomator2Driver@cb04 (a84025fa)]&amp#27;[0m Calling AppiumDriver.findElements() with args: ["id","com.fivemobile.thescore:id/view_inverse","a84025fa-87fd-4432-a89c-6e57f823ae73"]
&amp#27;[38;5;32m[AndroidUiautomator2Driver@cb04 (a84025fa)]&amp#27;[0m Valid locator strategies for this request: xpath, id, class name, accessibility id, css selector, -android uiautomator
&amp#27;[38;5;32m[AndroidUiautomator2Driver@cb04 (a84025fa)]&amp#27;[0m Waiting up to 10000 ms for condition
&amp#27;[38;5;32m[AndroidUiautomator2Driver@cb04 (a84025fa)]&amp#27;[0m Matched '/elements' to command name 'findElements'
&amp#27;[38;5;32m[AndroidUiautomator2Driver@cb04 (a84025fa)]&amp#27;[0m Proxying [POST /elements] to [POST http://127.0.0.1:8209/session/e13e9c10-6759-487b-84e8-6054836a870e/elements] with body: {"strategy":"id","selector":"com.fivemobile.thescore:id/view_inverse","context":"","multiple":true}
&amp#27;[38;5;32m[AndroidUiautomator2Driver@cb04 (a84025fa)]&amp#27;[0m Got response with status 200: {"sessionId":"e13e9c10-6759-487b-84e8-6054836a870e","value":[{"ELEMENT":"00000000-0000-0464-ffff-ffff000006f3","element-6066-11e4-a52e-4f735466cecf":"00000000-0000-0464-ffff-ffff000006f3"},{"ELEMENT":"00000000-0000-0464-ffff-ffff000006f9","element-6066-11e4-a52e-4f735466cecf":"00000000-0000-0464-ffff-ffff000006f9"},{"ELEMENT":"00000000-0000-0464-ffff-ffff000006ff","element-6066-11e4-a52e-4f735466cecf":"00000000-0000-0464-ffff-ffff000006ff"},{"ELEMENT":"00000000-0000-0464-ffff-ffff00000705","element-6066-11e4-a52e-4f735466cecf":"00000000-0000-0464-ffff-ffff00000705"},{"ELEMENT":"00000000-0000-0464-ffff-ffff0000070b","element-6066-11e4-a52e-4f735466cecf":"00000000-0000-0464-ffff-ffff0000070b"},{"ELEMENT":"00000000-0000-0464-ffff-ffff00000715","element-6066-11e4-a52e-4f735466cecf":"00000000-0000-0464-ffff-ffff00000715"},{"ELEMENT":"00000000-0000-0464-ffff-ffff0000071b","element-6066-11e4-a52e-4f735466cecf":"00000000-0000-0464-ffff-ffff0000071b"},{"ELEMENT":"00000000-0000-0464-ffff-ffff00000721","element-6066-...
&amp#27;[38;5;32m[AndroidUiautomator2Driver@cb04 (a84025fa)]&amp#27;[0m Responding to client with driver.findElements() result: [{"element-6066-11e4-a52e-4f735466cecf":"00000000-0000-0464-ffff-ffff000006f3","ELEMENT":"00000000-0000-0464-ffff-ffff000006f3"},{"element-6066-11e4-a52e-4f735466cecf":"00000000-0000-0464-ffff-ffff000006f9","ELEMENT":"00000000-0000-0464-ffff-ffff000006f9"},{"element-6066-11e4-a52e-4f735466cecf":"00000000-0000-0464-ffff-ffff000006ff","ELEMENT":"00000000-0000-0464-ffff-ffff000006ff"},{"element-6066-11e4-a52e-4f735466cecf":"00000000-0000-0464-ffff-ffff00000705","ELEMENT":"00000000-0000-0464-ffff-ffff00000705"},{"element-6066-11e4-a52e-4f735466cecf":"00000000-0000-0464-ffff-ffff0000070b","ELEMENT":"00000000-0000-0464-ffff-ffff0000070b"},{"element-6066-11e4-a52e-4f735466cecf":"00000000-0000-0464-ffff-ffff00000715","ELEMENT":"00000000-0000-0464-ffff-ffff00000715"},{"element-6066-11e4-a52e-4f735466cecf":"00000000-0000-0464-ffff-ffff0000071b","ELEMENT":"00000000-0000-0464-ffff-ffff0000071b"},{"element-6066-11e4-a52e-4f735466cecf":"00000000-0000-0464-ffff-ffff00000721","ELEMENT":"00000000-0000-0464-ffff-ffff0000072...
&amp#27;[38;5;0m[HTTP]&amp#27;[0m &amp#27;[37m<-- POST /session/a84025fa-87fd-4432-a89c-6e57f823ae73/elements &amp#27;[39m&amp#27;[32m200&amp#27;[39m &amp#27;[90m92 ms - 1291&amp#27;[39m
&amp#27;[38;5;0m[HTTP]&amp#27;[0m &amp#27;[90m&amp#27;[39m
&amp#27;[38;5;0m[HTTP]&amp#27;[0m &amp#27;[37m-->&amp#27;[39m &amp#27;[37mGET&amp#27;[39m &amp#27;[37m/session/a84025fa-87fd-4432-a89c-6e57f823ae73/element/00000000-0000-0464-ffff-ffff000006f9/displayed&amp#27;[39m
&amp#27;[38;5;0m[HTTP]&amp#27;[0m &amp#27;[90m{}&amp#27;[39m
&amp#27;[38;5;32m[AndroidUiautomator2Driver@cb04 (a84025fa)]&amp#27;[0m Calling AppiumDriver.elementDisplayed() with args: ["00000000-0000-0464-ffff-ffff000006f9","a84025fa-87fd-4432-a89c-6e57f823ae73"]
&amp#27;[38;5;32m[AndroidUiautomator2Driver@cb04 (a84025fa)]&amp#27;[0m Matched '/element/00000000-0000-0464-ffff-ffff000006f9/attribute/displayed' to command name 'getAttribute'
&amp#27;[38;5;32m[AndroidUiautomator2Driver@cb04 (a84025fa)]&amp#27;[0m Proxying [GET /element/00000000-0000-0464-ffff-ffff000006f9/attribute/displayed] to [GET http://127.0.0.1:8209/session/e13e9c10-6759-487b-84e8-6054836a870e/element/00000000-0000-0464-ffff-ffff000006f9/attribute/displayed] with no body
&amp#27;[38;5;32m[AndroidUiautomator2Driver@cb04 (a84025fa)]&amp#27;[0m Got response with status 200: {"sessionId":"e13e9c10-6759-487b-84e8-6054836a870e","value":"true"}
&amp#27;[38;5;32m[AndroidUiautomator2Driver@cb04 (a84025fa)]&amp#27;[0m Responding to client with driver.elementDisplayed() result: true
&amp#27;[38;5;0m[HTTP]&amp#27;[0m &amp#27;[37m<-- GET /session/a84025fa-87fd-4432-a89c-6e57f823ae73/element/00000000-0000-0464-ffff-ffff000006f9/displayed &amp#27;[39m&amp#27;[32m200&amp#27;[39m &amp#27;[90m9 ms - 14&amp#27;[39m
&amp#27;[38;5;0m[HTTP]&amp#27;[0m &amp#27;[90m&amp#27;[39m
&amp#27;[38;5;0m[HTTP]&amp#27;[0m &amp#27;[37m-->&amp#27;[39m &amp#27;[37mGET&amp#27;[39m &amp#27;[37m/session/a84025fa-87fd-4432-a89c-6e57f823ae73/context&amp#27;[39m
&amp#27;[38;5;0m[HTTP]&amp#27;[0m &amp#27;[90m{}&amp#27;[39m
&amp#27;[38;5;32m[AndroidUiautomator2Driver@cb04 (a84025fa)]&amp#27;[0m Calling AppiumDriver.getCurrentContext() with args: ["a84025fa-87fd-4432-a89c-6e57f823ae73"]
&amp#27;[38;5;32m[AndroidUiautomator2Driver@cb04 (a84025fa)]&amp#27;[0m Responding to client with driver.getCurrentContext() result: "NATIVE_APP"
&amp#27;[38;5;0m[HTTP]&amp#27;[0m &amp#27;[37m<-- GET /session/a84025fa-87fd-4432-a89c-6e57f823ae73/context &amp#27;[39m&amp#27;[32m200&amp#27;[39m &amp#27;[90m1 ms - 22&amp#27;[39m
&amp#27;[38;5;0m[HTTP]&amp#27;[0m &amp#27;[90m&amp#27;[39m
&amp#27;[38;5;0m[HTTP]&amp#27;[0m &amp#27;[37m-->&amp#27;[39m &amp#27;[37mPOST&amp#27;[39m &amp#27;[37m/session/a84025fa-87fd-4432-a89c-6e57f823ae73/elements&amp#27;[39m
&amp#27;[38;5;0m[HTTP]&amp#27;[0m &amp#27;[90m{"value":"com.fivemobile.thescore:id/view_inverse","using":"id"}&amp#27;[39m
&amp#27;[38;5;32m[AndroidUiautomator2Driver@cb04 (a84025fa)]&amp#27;[0m Calling AppiumDriver.findElements() with args: ["id","com.fivemobile.thescore:id/view_inverse","a84025fa-87fd-4432-a89c-6e57f823ae73"]
&amp#27;[38;5;32m[AndroidUiautomator2Driver@cb04 (a84025fa)]&amp#27;[0m Valid locator strategies for this request: xpath, id, class name, accessibility id, css selector, -android uiautomator
&amp#27;[38;5;32m[AndroidUiautomator2Driver@cb04 (a84025fa)]&amp#27;[0m Waiting up to 10000 ms for condition
&amp#27;[38;5;32m[AndroidUiautomator2Driver@cb04 (a84025fa)]&amp#27;[0m Matched '/elements' to command name 'findElements'
&amp#27;[38;5;32m[AndroidUiautomator2Driver@cb04 (a84025fa)]&amp#27;[0m Proxying [POST /elements] to [POST http://127.0.0.1:8209/session/e13e9c10-6759-487b-84e8-6054836a870e/elements] with body: {"strategy":"id","selector":"com.fivemobile.thescore:id/view_inverse","context":"","multiple":true}
&amp#27;[38;5;32m[AndroidUiautomator2Driver@cb04 (a84025fa)]&amp#27;[0m Got response with status 200: {"sessionId":"e13e9c10-6759-487b-84e8-6054836a870e","value":[{"ELEMENT":"00000000-0000-0464-ffff-ffff000006f3","element-6066-11e4-a52e-4f735466cecf":"00000000-0000-0464-ffff-ffff000006f3"},{"ELEMENT":"00000000-0000-0464-ffff-ffff000006f9","element-6066-11e4-a52e-4f735466cecf":"00000000-0000-0464-ffff-ffff000006f9"},{"ELEMENT":"00000000-0000-0464-ffff-ffff000006ff","element-6066-11e4-a52e-4f735466cecf":"00000000-0000-0464-ffff-ffff000006ff"},{"ELEMENT":"00000000-0000-0464-ffff-ffff00000705","element-6066-11e4-a52e-4f735466cecf":"00000000-0000-0464-ffff-ffff00000705"},{"ELEMENT":"00000000-0000-0464-ffff-ffff0000070b","element-6066-11e4-a52e-4f735466cecf":"00000000-0000-0464-ffff-ffff0000070b"},{"ELEMENT":"00000000-0000-0464-ffff-ffff00000715","element-6066-11e4-a52e-4f735466cecf":"00000000-0000-0464-ffff-ffff00000715"},{"ELEMENT":"00000000-0000-0464-ffff-ffff0000071b","element-6066-11e4-a52e-4f735466cecf":"00000000-0000-0464-ffff-ffff0000071b"},{"ELEMENT":"00000000-0000-0464-ffff-ffff00000721","element-6066-...
&amp#27;[38;5;32m[AndroidUiautomator2Driver@cb04 (a84025fa)]&amp#27;[0m Responding to client with driver.findElements() result: [{"element-6066-11e4-a52e-4f735466cecf":"00000000-0000-0464-ffff-ffff000006f3","ELEMENT":"00000000-0000-0464-ffff-ffff000006f3"},{"element-6066-11e4-a52e-4f735466cecf":"00000000-0000-0464-ffff-ffff000006f9","ELEMENT":"00000000-0000-0464-ffff-ffff000006f9"},{"element-6066-11e4-a52e-4f735466cecf":"00000000-0000-0464-ffff-ffff000006ff","ELEMENT":"00000000-0000-0464-ffff-ffff000006ff"},{"element-6066-11e4-a52e-4f735466cecf":"00000000-0000-0464-ffff-ffff00000705","ELEMENT":"00000000-0000-0464-ffff-ffff00000705"},{"element-6066-11e4-a52e-4f735466cecf":"00000000-0000-0464-ffff-ffff0000070b","ELEMENT":"00000000-0000-0464-ffff-ffff0000070b"},{"element-6066-11e4-a52e-4f735466cecf":"00000000-0000-0464-ffff-ffff00000715","ELEMENT":"00000000-0000-0464-ffff-ffff00000715"},{"element-6066-11e4-a52e-4f735466cecf":"00000000-0000-0464-ffff-ffff0000071b","ELEMENT":"00000000-0000-0464-ffff-ffff0000071b"},{"element-6066-11e4-a52e-4f735466cecf":"00000000-0000-0464-ffff-ffff00000721","ELEMENT":"00000000-0000-0464-ffff-ffff0000072...
&amp#27;[38;5;0m[HTTP]&amp#27;[0m &amp#27;[37m<-- POST /session/a84025fa-87fd-4432-a89c-6e57f823ae73/elements &amp#27;[39m&amp#27;[32m200&amp#27;[39m &amp#27;[90m95 ms - 1291&amp#27;[39m
&amp#27;[38;5;0m[HTTP]&amp#27;[0m &amp#27;[90m&amp#27;[39m
&amp#27;[38;5;0m[HTTP]&amp#27;[0m &amp#27;[37m-->&amp#27;[39m &amp#27;[37mGET&amp#27;[39m &amp#27;[37m/session/a84025fa-87fd-4432-a89c-6e57f823ae73/context&amp#27;[39m
&amp#27;[38;5;0m[HTTP]&amp#27;[0m &amp#27;[90m{}&amp#27;[39m
&amp#27;[38;5;32m[AndroidUiautomator2Driver@cb04 (a84025fa)]&amp#27;[0m Calling AppiumDriver.getCurrentContext() with args: ["a84025fa-87fd-4432-a89c-6e57f823ae73"]
&amp#27;[38;5;32m[AndroidUiautomator2Driver@cb04 (a84025fa)]&amp#27;[0m Responding to client with driver.getCurrentContext() result: "NATIVE_APP"
&amp#27;[38;5;0m[HTTP]&amp#27;[0m &amp#27;[37m<-- GET /session/a84025fa-87fd-4432-a89c-6e57f823ae73/context &amp#27;[39m&amp#27;[32m200&amp#27;[39m &amp#27;[90m1 ms - 22&amp#27;[39m
&amp#27;[38;5;0m[HTTP]&amp#27;[0m &amp#27;[90m&amp#27;[39m
&amp#27;[38;5;0m[HTTP]&amp#27;[0m &amp#27;[37m-->&amp#27;[39m &amp#27;[37mPOST&amp#27;[39m &amp#27;[37m/session/a84025fa-87fd-4432-a89c-6e57f823ae73/elements&amp#27;[39m
&amp#27;[38;5;0m[HTTP]&amp#27;[0m &amp#27;[90m{"value":"com.fivemobile.thescore:id/view_inverse","using":"id"}&amp#27;[39m
&amp#27;[38;5;32m[AndroidUiautomator2Driver@cb04 (a84025fa)]&amp#27;[0m Calling AppiumDriver.findElements() with args: ["id","com.fivemobile.thescore:id/view_inverse","a84025fa-87fd-4432-a89c-6e57f823ae73"]
&amp#27;[38;5;32m[AndroidUiautomator2Driver@cb04 (a84025fa)]&amp#27;[0m Valid locator strategies for this request: xpath, id, class name, accessibility id, css selector, -android uiautomator
&amp#27;[38;5;32m[AndroidUiautomator2Driver@cb04 (a84025fa)]&amp#27;[0m Waiting up to 10000 ms for condition
&amp#27;[38;5;32m[AndroidUiautomator2Driver@cb04 (a84025fa)]&amp#27;[0m Matched '/elements' to command name 'findElements'
&amp#27;[38;5;32m[AndroidUiautomator2Driver@cb04 (a84025fa)]&amp#27;[0m Proxying [POST /elements] to [POST http://127.0.0.1:8209/session/e13e9c10-6759-487b-84e8-6054836a870e/elements] with body: {"strategy":"id","selector":"com.fivemobile.thescore:id/view_inverse","context":"","multiple":true}
&amp#27;[38;5;32m[AndroidUiautomator2Driver@cb04 (a84025fa)]&amp#27;[0m Got response with status 200: {"sessionId":"e13e9c10-6759-487b-84e8-6054836a870e","value":[{"ELEMENT":"00000000-0000-0464-ffff-ffff000006f3","element-6066-11e4-a52e-4f735466cecf":"00000000-0000-0464-ffff-ffff000006f3"},{"ELEMENT":"00000000-0000-0464-ffff-ffff000006f9","element-6066-11e4-a52e-4f735466cecf":"00000000-0000-0464-ffff-ffff000006f9"},{"ELEMENT":"00000000-0000-0464-ffff-ffff000006ff","element-6066-11e4-a52e-4f735466cecf":"00000000-0000-0464-ffff-ffff000006ff"},{"ELEMENT":"00000000-0000-0464-ffff-ffff00000705","element-6066-11e4-a52e-4f735466cecf":"00000000-0000-0464-ffff-ffff00000705"},{"ELEMENT":"00000000-0000-0464-ffff-ffff0000070b","element-6066-11e4-a52e-4f735466cecf":"00000000-0000-0464-ffff-ffff0000070b"},{"ELEMENT":"00000000-0000-0464-ffff-ffff00000715","element-6066-11e4-a52e-4f735466cecf":"00000000-0000-0464-ffff-ffff00000715"},{"ELEMENT":"00000000-0000-0464-ffff-ffff0000071b","element-6066-11e4-a52e-4f735466cecf":"00000000-0000-0464-ffff-ffff0000071b"},{"ELEMENT":"00000000-0000-0464-ffff-ffff00000721","element-6066-...
&amp#27;[38;5;32m[AndroidUiautomator2Driver@cb04 (a84025fa)]&amp#27;[0m Responding to client with driver.findElements() result: [{"element-6066-11e4-a52e-4f735466cecf":"00000000-0000-0464-ffff-ffff000006f3","ELEMENT":"00000000-0000-0464-ffff-ffff000006f3"},{"element-6066-11e4-a52e-4f735466cecf":"00000000-0000-0464-ffff-ffff000006f9","ELEMENT":"00000000-0000-0464-ffff-ffff000006f9"},{"element-6066-11e4-a52e-4f735466cecf":"00000000-0000-0464-ffff-ffff000006ff","ELEMENT":"00000000-0000-0464-ffff-ffff000006ff"},{"element-6066-11e4-a52e-4f735466cecf":"00000000-0000-0464-ffff-ffff00000705","ELEMENT":"00000000-0000-0464-ffff-ffff00000705"},{"element-6066-11e4-a52e-4f735466cecf":"00000000-0000-0464-ffff-ffff0000070b","ELEMENT":"00000000-0000-0464-ffff-ffff0000070b"},{"element-6066-11e4-a52e-4f735466cecf":"00000000-0000-0464-ffff-ffff00000715","ELEMENT":"00000000-0000-0464-ffff-ffff00000715"},{"element-6066-11e4-a52e-4f735466cecf":"00000000-0000-0464-ffff-ffff0000071b","ELEMENT":"00000000-0000-0464-ffff-ffff0000071b"},{"element-6066-11e4-a52e-4f735466cecf":"00000000-0000-0464-ffff-ffff00000721","ELEMENT":"00000000-0000-0464-ffff-ffff0000072...
&amp#27;[38;5;0m[HTTP]&amp#27;[0m &amp#27;[37m<-- POST /session/a84025fa-87fd-4432-a89c-6e57f823ae73/elements &amp#27;[39m&amp#27;[32m200&amp#27;[39m &amp#27;[90m105 ms - 1291&amp#27;[39m
&amp#27;[38;5;0m[HTTP]&amp#27;[0m &amp#27;[90m&amp#27;[39m
&amp#27;[38;5;0m[HTTP]&amp#27;[0m &amp#27;[37m-->&amp#27;[39m &amp#27;[37mGET&amp#27;[39m &amp#27;[37m/session/a84025fa-87fd-4432-a89c-6e57f823ae73/element/00000000-0000-0464-ffff-ffff000006ff/displayed&amp#27;[39m
&amp#27;[38;5;0m[HTTP]&amp#27;[0m &amp#27;[90m{}&amp#27;[39m
&amp#27;[38;5;32m[AndroidUiautomator2Driver@cb04 (a84025fa)]&amp#27;[0m Calling AppiumDriver.elementDisplayed() with args: ["00000000-0000-0464-ffff-ffff000006ff","a84025fa-87fd-4432-a89c-6e57f823ae73"]
&amp#27;[38;5;32m[AndroidUiautomator2Driver@cb04 (a84025fa)]&amp#27;[0m Matched '/element/00000000-0000-0464-ffff-ffff000006ff/attribute/displayed' to command name 'getAttribute'
&amp#27;[38;5;32m[AndroidUiautomator2Driver@cb04 (a84025fa)]&amp#27;[0m Proxying [GET /element/00000000-0000-0464-ffff-ffff000006ff/attribute/displayed] to [GET http://127.0.0.1:8209/session/e13e9c10-6759-487b-84e8-6054836a870e/element/00000000-0000-0464-ffff-ffff000006ff/attribute/displayed] with no body
&amp#27;[38;5;32m[AndroidUiautomator2Driver@cb04 (a84025fa)]&amp#27;[0m Got response with status 200: {"sessionId":"e13e9c10-6759-487b-84e8-6054836a870e","value":"true"}
&amp#27;[38;5;32m[AndroidUiautomator2Driver@cb04 (a84025fa)]&amp#27;[0m Responding to client with driver.elementDisplayed() result: true
&amp#27;[38;5;0m[HTTP]&amp#27;[0m &amp#27;[37m<-- GET /session/a84025fa-87fd-4432-a89c-6e57f823ae73/element/00000000-0000-0464-ffff-ffff000006ff/displayed &amp#27;[39m&amp#27;[32m200&amp#27;[39m &amp#27;[90m10 ms - 14&amp#27;[39m
&amp#27;[38;5;0m[HTTP]&amp#27;[0m &amp#27;[90m&amp#27;[39m
&amp#27;[38;5;0m[HTTP]&amp#27;[0m &amp#27;[37m-->&amp#27;[39m &amp#27;[37mGET&amp#27;[39m &amp#27;[37m/session/a84025fa-87fd-4432-a89c-6e57f823ae73/context&amp#27;[39m
&amp#27;[38;5;0m[HTTP]&amp#27;[0m &amp#27;[90m{}&amp#27;[39m
&amp#27;[38;5;32m[AndroidUiautomator2Driver@cb04 (a84025fa)]&amp#27;[0m Calling AppiumDriver.getCurrentContext() with args: ["a84025fa-87fd-4432-a89c-6e57f823ae73"]
&amp#27;[38;5;32m[AndroidUiautomator2Driver@cb04 (a84025fa)]&amp#27;[0m Responding to client with driver.getCurrentContext() result: "NATIVE_APP"
&amp#27;[38;5;0m[HTTP]&amp#27;[0m &amp#27;[37m<-- GET /session/a84025fa-87fd-4432-a89c-6e57f823ae73/context &amp#27;[39m&amp#27;[32m200&amp#27;[39m &amp#27;[90m1 ms - 22&amp#27;[39m
&amp#27;[38;5;0m[HTTP]&amp#27;[0m &amp#27;[90m&amp#27;[39m
&amp#27;[38;5;0m[HTTP]&amp#27;[0m &amp#27;[37m-->&amp#27;[39m &amp#27;[37mPOST&amp#27;[39m &amp#27;[37m/session/a84025fa-87fd-4432-a89c-6e57f823ae73/elements&amp#27;[39m
&amp#27;[38;5;0m[HTTP]&amp#27;[0m &amp#27;[90m{"value":"com.fivemobile.thescore:id/view_inverse","using":"id"}&amp#27;[39m
&amp#27;[38;5;32m[AndroidUiautomator2Driver@cb04 (a84025fa)]&amp#27;[0m Calling AppiumDriver.findElements() with args: ["id","com.fivemobile.thescore:id/view_inverse","a84025fa-87fd-4432-a89c-6e57f823ae73"]
&amp#27;[38;5;32m[AndroidUiautomator2Driver@cb04 (a84025fa)]&amp#27;[0m Valid locator strategies for this request: xpath, id, class name, accessibility id, css selector, -android uiautomator
&amp#27;[38;5;32m[AndroidUiautomator2Driver@cb04 (a84025fa)]&amp#27;[0m Waiting up to 10000 ms for condition
&amp#27;[38;5;32m[AndroidUiautomator2Driver@cb04 (a84025fa)]&amp#27;[0m Matched '/elements' to command name 'findElements'
&amp#27;[38;5;32m[AndroidUiautomator2Driver@cb04 (a84025fa)]&amp#27;[0m Proxying [POST /elements] to [POST http://127.0.0.1:8209/session/e13e9c10-6759-487b-84e8-6054836a870e/elements] with body: {"strategy":"id","selector":"com.fivemobile.thescore:id/view_inverse","context":"","multiple":true}
&amp#27;[38;5;32m[AndroidUiautomator2Driver@cb04 (a84025fa)]&amp#27;[0m Got response with status 200: {"sessionId":"e13e9c10-6759-487b-84e8-6054836a870e","value":[{"ELEMENT":"00000000-0000-0464-ffff-ffff000006f3","element-6066-11e4-a52e-4f735466cecf":"00000000-0000-0464-ffff-ffff000006f3"},{"ELEMENT":"00000000-0000-0464-ffff-ffff000006f9","element-6066-11e4-a52e-4f735466cecf":"00000000-0000-0464-ffff-ffff000006f9"},{"ELEMENT":"00000000-0000-0464-ffff-ffff000006ff","element-6066-11e4-a52e-4f735466cecf":"00000000-0000-0464-ffff-ffff000006ff"},{"ELEMENT":"00000000-0000-0464-ffff-ffff00000705","element-6066-11e4-a52e-4f735466cecf":"00000000-0000-0464-ffff-ffff00000705"},{"ELEMENT":"00000000-0000-0464-ffff-ffff0000070b","element-6066-11e4-a52e-4f735466cecf":"00000000-0000-0464-ffff-ffff0000070b"},{"ELEMENT":"00000000-0000-0464-ffff-ffff00000715","element-6066-11e4-a52e-4f735466cecf":"00000000-0000-0464-ffff-ffff00000715"},{"ELEMENT":"00000000-0000-0464-ffff-ffff0000071b","element-6066-11e4-a52e-4f735466cecf":"00000000-0000-0464-ffff-ffff0000071b"},{"ELEMENT":"00000000-0000-0464-ffff-ffff00000721","element-6066-...
&amp#27;[38;5;32m[AndroidUiautomator2Driver@cb04 (a84025fa)]&amp#27;[0m Responding to client with driver.findElements() result: [{"element-6066-11e4-a52e-4f735466cecf":"00000000-0000-0464-ffff-ffff000006f3","ELEMENT":"00000000-0000-0464-ffff-ffff000006f3"},{"element-6066-11e4-a52e-4f735466cecf":"00000000-0000-0464-ffff-ffff000006f9","ELEMENT":"00000000-0000-0464-ffff-ffff000006f9"},{"element-6066-11e4-a52e-4f735466cecf":"00000000-0000-0464-ffff-ffff000006ff","ELEMENT":"00000000-0000-0464-ffff-ffff000006ff"},{"element-6066-11e4-a52e-4f735466cecf":"00000000-0000-0464-ffff-ffff00000705","ELEMENT":"00000000-0000-0464-ffff-ffff00000705"},{"element-6066-11e4-a52e-4f735466cecf":"00000000-0000-0464-ffff-ffff0000070b","ELEMENT":"00000000-0000-0464-ffff-ffff0000070b"},{"element-6066-11e4-a52e-4f735466cecf":"00000000-0000-0464-ffff-ffff00000715","ELEMENT":"00000000-0000-0464-ffff-ffff00000715"},{"element-6066-11e4-a52e-4f735466cecf":"00000000-0000-0464-ffff-ffff0000071b","ELEMENT":"00000000-0000-0464-ffff-ffff0000071b"},{"element-6066-11e4-a52e-4f735466cecf":"00000000-0000-0464-ffff-ffff00000721","ELEMENT":"00000000-0000-0464-ffff-ffff0000072...
&amp#27;[38;5;0m[HTTP]&amp#27;[0m &amp#27;[37m<-- POST /session/a84025fa-87fd-4432-a89c-6e57f823ae73/elements &amp#27;[39m&amp#27;[32m200&amp#27;[39m &amp#27;[90m103 ms - 1291&amp#27;[39m
&amp#27;[38;5;0m[HTTP]&amp#27;[0m &amp#27;[90m&amp#27;[39m
&amp#27;[38;5;0m[HTTP]&amp#27;[0m &amp#27;[37m-->&amp#27;[39m &amp#27;[37mGET&amp#27;[39m &amp#27;[37m/session/a84025fa-87fd-4432-a89c-6e57f823ae73/context&amp#27;[39m
&amp#27;[38;5;0m[HTTP]&amp#27;[0m &amp#27;[90m{}&amp#27;[39m
&amp#27;[38;5;32m[AndroidUiautomator2Driver@cb04 (a84025fa)]&amp#27;[0m Calling AppiumDriver.getCurrentContext() with args: ["a84025fa-87fd-4432-a89c-6e57f823ae73"]
&amp#27;[38;5;32m[AndroidUiautomator2Driver@cb04 (a84025fa)]&amp#27;[0m Responding to client with driver.getCurrentContext() result: "NATIVE_APP"
&amp#27;[38;5;0m[HTTP]&amp#27;[0m &amp#27;[37m<-- GET /session/a84025fa-87fd-4432-a89c-6e57f823ae73/context &amp#27;[39m&amp#27;[32m200&amp#27;[39m &amp#27;[90m0 ms - 22&amp#27;[39m
&amp#27;[38;5;0m[HTTP]&amp#27;[0m &amp#27;[90m&amp#27;[39m
&amp#27;[38;5;0m[HTTP]&amp#27;[0m &amp#27;[37m-->&amp#27;[39m &amp#27;[37mPOST&amp#27;[39m &amp#27;[37m/session/a84025fa-87fd-4432-a89c-6e57f823ae73/elements&amp#27;[39m
&amp#27;[38;5;0m[HTTP]&amp#27;[0m &amp#27;[90m{"value":"com.fivemobile.thescore:id/view_inverse","using":"id"}&amp#27;[39m
&amp#27;[38;5;32m[AndroidUiautomator2Driver@cb04 (a84025fa)]&amp#27;[0m Calling AppiumDriver.findElements() with args: ["id","com.fivemobile.thescore:id/view_inverse","a84025fa-87fd-4432-a89c-6e57f823ae73"]
&amp#27;[38;5;32m[AndroidUiautomator2Driver@cb04 (a84025fa)]&amp#27;[0m Valid locator strategies for this request: xpath, id, class name, accessibility id, css selector, -android uiautomator
&amp#27;[38;5;32m[AndroidUiautomator2Driver@cb04 (a84025fa)]&amp#27;[0m Waiting up to 10000 ms for condition
&amp#27;[38;5;32m[AndroidUiautomator2Driver@cb04 (a84025fa)]&amp#27;[0m Matched '/elements' to command name 'findElements'
&amp#27;[38;5;32m[AndroidUiautomator2Driver@cb04 (a84025fa)]&amp#27;[0m Proxying [POST /elements] to [POST http://127.0.0.1:8209/session/e13e9c10-6759-487b-84e8-6054836a870e/elements] with body: {"strategy":"id","selector":"com.fivemobile.thescore:id/view_inverse","context":"","multiple":true}
&amp#27;[38;5;32m[AndroidUiautomator2Driver@cb04 (a84025fa)]&amp#27;[0m Got response with status 200: {"sessionId":"e13e9c10-6759-487b-84e8-6054836a870e","value":[{"ELEMENT":"00000000-0000-0464-ffff-ffff000006f3","element-6066-11e4-a52e-4f735466cecf":"00000000-0000-0464-ffff-ffff000006f3"},{"ELEMENT":"00000000-0000-0464-ffff-ffff000006f9","element-6066-11e4-a52e-4f735466cecf":"00000000-0000-0464-ffff-ffff000006f9"},{"ELEMENT":"00000000-0000-0464-ffff-ffff000006ff","element-6066-11e4-a52e-4f735466cecf":"00000000-0000-0464-ffff-ffff000006ff"},{"ELEMENT":"00000000-0000-0464-ffff-ffff00000705","element-6066-11e4-a52e-4f735466cecf":"00000000-0000-0464-ffff-ffff00000705"},{"ELEMENT":"00000000-0000-0464-ffff-ffff0000070b","element-6066-11e4-a52e-4f735466cecf":"00000000-0000-0464-ffff-ffff0000070b"},{"ELEMENT":"00000000-0000-0464-ffff-ffff00000715","element-6066-11e4-a52e-4f735466cecf":"00000000-0000-0464-ffff-ffff00000715"},{"ELEMENT":"00000000-0000-0464-ffff-ffff0000071b","element-6066-11e4-a52e-4f735466cecf":"00000000-0000-0464-ffff-ffff0000071b"},{"ELEMENT":"00000000-0000-0464-ffff-ffff00000721","element-6066-...
&amp#27;[38;5;32m[AndroidUiautomator2Driver@cb04 (a84025fa)]&amp#27;[0m Responding to client with driver.findElements() result: [{"element-6066-11e4-a52e-4f735466cecf":"00000000-0000-0464-ffff-ffff000006f3","ELEMENT":"00000000-0000-0464-ffff-ffff000006f3"},{"element-6066-11e4-a52e-4f735466cecf":"00000000-0000-0464-ffff-ffff000006f9","ELEMENT":"00000000-0000-0464-ffff-ffff000006f9"},{"element-6066-11e4-a52e-4f735466cecf":"00000000-0000-0464-ffff-ffff000006ff","ELEMENT":"00000000-0000-0464-ffff-ffff000006ff"},{"element-6066-11e4-a52e-4f735466cecf":"00000000-0000-0464-ffff-ffff00000705","ELEMENT":"00000000-0000-0464-ffff-ffff00000705"},{"element-6066-11e4-a52e-4f735466cecf":"00000000-0000-0464-ffff-ffff0000070b","ELEMENT":"00000000-0000-0464-ffff-ffff0000070b"},{"element-6066-11e4-a52e-4f735466cecf":"00000000-0000-0464-ffff-ffff00000715","ELEMENT":"00000000-0000-0464-ffff-ffff00000715"},{"element-6066-11e4-a52e-4f735466cecf":"00000000-0000-0464-ffff-ffff0000071b","ELEMENT":"00000000-0000-0464-ffff-ffff0000071b"},{"element-6066-11e4-a52e-4f735466cecf":"00000000-0000-0464-ffff-ffff00000721","ELEMENT":"00000000-0000-0464-ffff-ffff0000072...
&amp#27;[38;5;0m[HTTP]&amp#27;[0m &amp#27;[37m<-- POST /session/a84025fa-87fd-4432-a89c-6e57f823ae73/elements &amp#27;[39m&amp#27;[32m200&amp#27;[39m &amp#27;[90m102 ms - 1291&amp#27;[39m
&amp#27;[38;5;0m[HTTP]&amp#27;[0m &amp#27;[90m&amp#27;[39m
&amp#27;[38;5;0m[HTTP]&amp#27;[0m &amp#27;[37m-->&amp#27;[39m &amp#27;[37mGET&amp#27;[39m &amp#27;[37m/session/a84025fa-87fd-4432-a89c-6e57f823ae73/element/00000000-0000-0464-ffff-ffff00000705/displayed&amp#27;[39m
&amp#27;[38;5;0m[HTTP]&amp#27;[0m &amp#27;[90m{}&amp#27;[39m
&amp#27;[38;5;32m[AndroidUiautomator2Driver@cb04 (a84025fa)]&amp#27;[0m Calling AppiumDriver.elementDisplayed() with args: ["00000000-0000-0464-ffff-ffff00000705","a84025fa-87fd-4432-a89c-6e57f823ae73"]
&amp#27;[38;5;32m[AndroidUiautomator2Driver@cb04 (a84025fa)]&amp#27;[0m Matched '/element/00000000-0000-0464-ffff-ffff00000705/attribute/displayed' to command name 'getAttribute'
&amp#27;[38;5;32m[AndroidUiautomator2Driver@cb04 (a84025fa)]&amp#27;[0m Proxying [GET /element/00000000-0000-0464-ffff-ffff00000705/attribute/displayed] to [GET http://127.0.0.1:8209/session/e13e9c10-6759-487b-84e8-6054836a870e/element/00000000-0000-0464-ffff-ffff00000705/attribute/displayed] with no body
&amp#27;[38;5;32m[AndroidUiautomator2Driver@cb04 (a84025fa)]&amp#27;[0m Got response with status 200: {"sessionId":"e13e9c10-6759-487b-84e8-6054836a870e","value":"true"}
&amp#27;[38;5;32m[AndroidUiautomator2Driver@cb04 (a84025fa)]&amp#27;[0m Responding to client with driver.elementDisplayed() result: true
&amp#27;[38;5;0m[HTTP]&amp#27;[0m &amp#27;[37m<-- GET /session/a84025fa-87fd-4432-a89c-6e57f823ae73/element/00000000-0000-0464-ffff-ffff00000705/displayed &amp#27;[39m&amp#27;[32m200&amp#27;[39m &amp#27;[90m12 ms - 14&amp#27;[39m
&amp#27;[38;5;0m[HTTP]&amp#27;[0m &amp#27;[90m&amp#27;[39m
&amp#27;[38;5;0m[HTTP]&amp#27;[0m &amp#27;[37m-->&amp#27;[39m &amp#27;[37mGET&amp#27;[39m &amp#27;[37m/session/a84025fa-87fd-4432-a89c-6e57f823ae73/context&amp#27;[39m
&amp#27;[38;5;0m[HTTP]&amp#27;[0m &amp#27;[90m{}&amp#27;[39m
&amp#27;[38;5;32m[AndroidUiautomator2Driver@cb04 (a84025fa)]&amp#27;[0m Calling AppiumDriver.getCurrentContext() with args: ["a84025fa-87fd-4432-a89c-6e57f823ae73"]
&amp#27;[38;5;32m[AndroidUiautomator2Driver@cb04 (a84025fa)]&amp#27;[0m Responding to client with driver.getCurrentContext() result: "NATIVE_APP"
&amp#27;[38;5;0m[HTTP]&amp#27;[0m &amp#27;[37m<-- GET /session/a84025fa-87fd-4432-a89c-6e57f823ae73/context &amp#27;[39m&amp#27;[32m200&amp#27;[39m &amp#27;[90m1 ms - 22&amp#27;[39m
&amp#27;[38;5;0m[HTTP]&amp#27;[0m &amp#27;[90m&amp#27;[39m
&amp#27;[38;5;0m[HTTP]&amp#27;[0m &amp#27;[37m-->&amp#27;[39m &amp#27;[37mPOST&amp#27;[39m &amp#27;[37m/session/a84025fa-87fd-4432-a89c-6e57f823ae73/elements&amp#27;[39m
&amp#27;[38;5;0m[HTTP]&amp#27;[0m &amp#27;[90m{"value":"com.fivemobile.thescore:id/view_inverse","using":"id"}&amp#27;[39m
&amp#27;[38;5;32m[AndroidUiautomator2Driver@cb04 (a84025fa)]&amp#27;[0m Calling AppiumDriver.findElements() with args: ["id","com.fivemobile.thescore:id/view_inverse","a84025fa-87fd-4432-a89c-6e57f823ae73"]
&amp#27;[38;5;32m[AndroidUiautomator2Driver@cb04 (a84025fa)]&amp#27;[0m Valid locator strategies for this request: xpath, id, class name, accessibility id, css selector, -android uiautomator
&amp#27;[38;5;32m[AndroidUiautomator2Driver@cb04 (a84025fa)]&amp#27;[0m Waiting up to 10000 ms for condition
&amp#27;[38;5;32m[AndroidUiautomator2Driver@cb04 (a84025fa)]&amp#27;[0m Matched '/elements' to command name 'findElements'
&amp#27;[38;5;32m[AndroidUiautomator2Driver@cb04 (a84025fa)]&amp#27;[0m Proxying [POST /elements] to [POST http://127.0.0.1:8209/session/e13e9c10-6759-487b-84e8-6054836a870e/elements] with body: {"strategy":"id","selector":"com.fivemobile.thescore:id/view_inverse","context":"","multiple":true}
&amp#27;[38;5;32m[AndroidUiautomator2Driver@cb04 (a84025fa)]&amp#27;[0m Got response with status 200: {"sessionId":"e13e9c10-6759-487b-84e8-6054836a870e","value":[{"ELEMENT":"00000000-0000-0464-ffff-ffff000006f3","element-6066-11e4-a52e-4f735466cecf":"00000000-0000-0464-ffff-ffff000006f3"},{"ELEMENT":"00000000-0000-0464-ffff-ffff000006f9","element-6066-11e4-a52e-4f735466cecf":"00000000-0000-0464-ffff-ffff000006f9"},{"ELEMENT":"00000000-0000-0464-ffff-ffff000006ff","element-6066-11e4-a52e-4f735466cecf":"00000000-0000-0464-ffff-ffff000006ff"},{"ELEMENT":"00000000-0000-0464-ffff-ffff00000705","element-6066-11e4-a52e-4f735466cecf":"00000000-0000-0464-ffff-ffff00000705"},{"ELEMENT":"00000000-0000-0464-ffff-ffff0000070b","element-6066-11e4-a52e-4f735466cecf":"00000000-0000-0464-ffff-ffff0000070b"},{"ELEMENT":"00000000-0000-0464-ffff-ffff00000715","element-6066-11e4-a52e-4f735466cecf":"00000000-0000-0464-ffff-ffff00000715"},{"ELEMENT":"00000000-0000-0464-ffff-ffff0000071b","element-6066-11e4-a52e-4f735466cecf":"00000000-0000-0464-ffff-ffff0000071b"},{"ELEMENT":"00000000-0000-0464-ffff-ffff00000721","element-6066-...
&amp#27;[38;5;32m[AndroidUiautomator2Driver@cb04 (a84025fa)]&amp#27;[0m Responding to client with driver.findElements() result: [{"element-6066-11e4-a52e-4f735466cecf":"00000000-0000-0464-ffff-ffff000006f3","ELEMENT":"00000000-0000-0464-ffff-ffff000006f3"},{"element-6066-11e4-a52e-4f735466cecf":"00000000-0000-0464-ffff-ffff000006f9","ELEMENT":"00000000-0000-0464-ffff-ffff000006f9"},{"element-6066-11e4-a52e-4f735466cecf":"00000000-0000-0464-ffff-ffff000006ff","ELEMENT":"00000000-0000-0464-ffff-ffff000006ff"},{"element-6066-11e4-a52e-4f735466cecf":"00000000-0000-0464-ffff-ffff00000705","ELEMENT":"00000000-0000-0464-ffff-ffff00000705"},{"element-6066-11e4-a52e-4f735466cecf":"00000000-0000-0464-ffff-ffff0000070b","ELEMENT":"00000000-0000-0464-ffff-ffff0000070b"},{"element-6066-11e4-a52e-4f735466cecf":"00000000-0000-0464-ffff-ffff00000715","ELEMENT":"00000000-0000-0464-ffff-ffff00000715"},{"element-6066-11e4-a52e-4f735466cecf":"00000000-0000-0464-ffff-ffff0000071b","ELEMENT":"00000000-0000-0464-ffff-ffff0000071b"},{"element-6066-11e4-a52e-4f735466cecf":"00000000-0000-0464-ffff-ffff00000721","ELEMENT":"00000000-0000-0464-ffff-ffff0000072...
&amp#27;[38;5;0m[HTTP]&amp#27;[0m &amp#27;[37m<-- POST /session/a84025fa-87fd-4432-a89c-6e57f823ae73/elements &amp#27;[39m&amp#27;[32m200&amp#27;[39m &amp#27;[90m71 ms - 1291&amp#27;[39m
&amp#27;[38;5;0m[HTTP]&amp#27;[0m &amp#27;[90m&amp#27;[39m
&amp#27;[38;5;0m[HTTP]&amp#27;[0m &amp#27;[37m-->&amp#27;[39m &amp#27;[37mGET&amp#27;[39m &amp#27;[37m/session/a84025fa-87fd-4432-a89c-6e57f823ae73/context&amp#27;[39m
&amp#27;[38;5;0m[HTTP]&amp#27;[0m &amp#27;[90m{}&amp#27;[39m
&amp#27;[38;5;32m[AndroidUiautomator2Driver@cb04 (a84025fa)]&amp#27;[0m Calling AppiumDriver.getCurrentContext() with args: ["a84025fa-87fd-4432-a89c-6e57f823ae73"]
&amp#27;[38;5;32m[AndroidUiautomator2Driver@cb04 (a84025fa)]&amp#27;[0m Responding to client with driver.getCurrentContext() result: "NATIVE_APP"
&amp#27;[38;5;0m[HTTP]&amp#27;[0m &amp#27;[37m<-- GET /session/a84025fa-87fd-4432-a89c-6e57f823ae73/context &amp#27;[39m&amp#27;[32m200&amp#27;[39m &amp#27;[90m1 ms - 22&amp#27;[39m
&amp#27;[38;5;0m[HTTP]&amp#27;[0m &amp#27;[90m&amp#27;[39m
&amp#27;[38;5;0m[HTTP]&amp#27;[0m &amp#27;[37m-->&amp#27;[39m &amp#27;[37mPOST&amp#27;[39m &amp#27;[37m/session/a84025fa-87fd-4432-a89c-6e57f823ae73/elements&amp#27;[39m
&amp#27;[38;5;0m[HTTP]&amp#27;[0m &amp#27;[90m{"value":"com.fivemobile.thescore:id/view_inverse","using":"id"}&amp#27;[39m
&amp#27;[38;5;32m[AndroidUiautomator2Driver@cb04 (a84025fa)]&amp#27;[0m Calling AppiumDriver.findElements() with args: ["id","com.fivemobile.thescore:id/view_inverse","a84025fa-87fd-4432-a89c-6e57f823ae73"]
&amp#27;[38;5;32m[AndroidUiautomator2Driver@cb04 (a84025fa)]&amp#27;[0m Valid locator strategies for this request: xpath, id, class name, accessibility id, css selector, -android uiautomator
&amp#27;[38;5;32m[AndroidUiautomator2Driver@cb04 (a84025fa)]&amp#27;[0m Waiting up to 10000 ms for condition
&amp#27;[38;5;32m[AndroidUiautomator2Driver@cb04 (a84025fa)]&amp#27;[0m Matched '/elements' to command name 'findElements'
&amp#27;[38;5;32m[AndroidUiautomator2Driver@cb04 (a84025fa)]&amp#27;[0m Proxying [POST /elements] to [POST http://127.0.0.1:8209/session/e13e9c10-6759-487b-84e8-6054836a870e/elements] with body: {"strategy":"id","selector":"com.fivemobile.thescore:id/view_inverse","context":"","multiple":true}
&amp#27;[38;5;32m[AndroidUiautomator2Driver@cb04 (a84025fa)]&amp#27;[0m Got response with status 200: {"sessionId":"e13e9c10-6759-487b-84e8-6054836a870e","value":[{"ELEMENT":"00000000-0000-0464-ffff-ffff000006f3","element-6066-11e4-a52e-4f735466cecf":"00000000-0000-0464-ffff-ffff000006f3"},{"ELEMENT":"00000000-0000-0464-ffff-ffff000006f9","element-6066-11e4-a52e-4f735466cecf":"00000000-0000-0464-ffff-ffff000006f9"},{"ELEMENT":"00000000-0000-0464-ffff-ffff000006ff","element-6066-11e4-a52e-4f735466cecf":"00000000-0000-0464-ffff-ffff000006ff"},{"ELEMENT":"00000000-0000-0464-ffff-ffff00000705","element-6066-11e4-a52e-4f735466cecf":"00000000-0000-0464-ffff-ffff00000705"},{"ELEMENT":"00000000-0000-0464-ffff-ffff0000070b","element-6066-11e4-a52e-4f735466cecf":"00000000-0000-0464-ffff-ffff0000070b"},{"ELEMENT":"00000000-0000-0464-ffff-ffff00000715","element-6066-11e4-a52e-4f735466cecf":"00000000-0000-0464-ffff-ffff00000715"},{"ELEMENT":"00000000-0000-0464-ffff-ffff0000071b","element-6066-11e4-a52e-4f735466cecf":"00000000-0000-0464-ffff-ffff0000071b"},{"ELEMENT":"00000000-0000-0464-ffff-ffff00000721","element-6066-...
&amp#27;[38;5;32m[AndroidUiautomator2Driver@cb04 (a84025fa)]&amp#27;[0m Responding to client with driver.findElements() result: [{"element-6066-11e4-a52e-4f735466cecf":"00000000-0000-0464-ffff-ffff000006f3","ELEMENT":"00000000-0000-0464-ffff-ffff000006f3"},{"element-6066-11e4-a52e-4f735466cecf":"00000000-0000-0464-ffff-ffff000006f9","ELEMENT":"00000000-0000-0464-ffff-ffff000006f9"},{"element-6066-11e4-a52e-4f735466cecf":"00000000-0000-0464-ffff-ffff000006ff","ELEMENT":"00000000-0000-0464-ffff-ffff000006ff"},{"element-6066-11e4-a52e-4f735466cecf":"00000000-0000-0464-ffff-ffff00000705","ELEMENT":"00000000-0000-0464-ffff-ffff00000705"},{"element-6066-11e4-a52e-4f735466cecf":"00000000-0000-0464-ffff-ffff0000070b","ELEMENT":"00000000-0000-0464-ffff-ffff0000070b"},{"element-6066-11e4-a52e-4f735466cecf":"00000000-0000-0464-ffff-ffff00000715","ELEMENT":"00000000-0000-0464-ffff-ffff00000715"},{"element-6066-11e4-a52e-4f735466cecf":"00000000-0000-0464-ffff-ffff0000071b","ELEMENT":"00000000-0000-0464-ffff-ffff0000071b"},{"element-6066-11e4-a52e-4f735466cecf":"00000000-0000-0464-ffff-ffff00000721","ELEMENT":"00000000-0000-0464-ffff-ffff0000072...
&amp#27;[38;5;0m[HTTP]&amp#27;[0m &amp#27;[37m<-- POST /session/a84025fa-87fd-4432-a89c-6e57f823ae73/elements &amp#27;[39m&amp#27;[32m200&amp#27;[39m &amp#27;[90m96 ms - 1291&amp#27;[39m
&amp#27;[38;5;0m[HTTP]&amp#27;[0m &amp#27;[90m&amp#27;[39m
&amp#27;[38;5;0m[HTTP]&amp#27;[0m &amp#27;[37m-->&amp#27;[39m &amp#27;[37mGET&amp#27;[39m &amp#27;[37m/session/a84025fa-87fd-4432-a89c-6e57f823ae73/element/00000000-0000-0464-ffff-ffff0000070b/displayed&amp#27;[39m
&amp#27;[38;5;0m[HTTP]&amp#27;[0m &amp#27;[90m{}&amp#27;[39m
&amp#27;[38;5;32m[AndroidUiautomator2Driver@cb04 (a84025fa)]&amp#27;[0m Calling AppiumDriver.elementDisplayed() with args: ["00000000-0000-0464-ffff-ffff0000070b","a84025fa-87fd-4432-a89c-6e57f823ae73"]
&amp#27;[38;5;32m[AndroidUiautomator2Driver@cb04 (a84025fa)]&amp#27;[0m Matched '/element/00000000-0000-0464-ffff-ffff0000070b/attribute/displayed' to command name 'getAttribute'
&amp#27;[38;5;32m[AndroidUiautomator2Driver@cb04 (a84025fa)]&amp#27;[0m Proxying [GET /element/00000000-0000-0464-ffff-ffff0000070b/attribute/displayed] to [GET http://127.0.0.1:8209/session/e13e9c10-6759-487b-84e8-6054836a870e/element/00000000-0000-0464-ffff-ffff0000070b/attribute/displayed] with no body
&amp#27;[38;5;32m[AndroidUiautomator2Driver@cb04 (a84025fa)]&amp#27;[0m Got response with status 200: {"sessionId":"e13e9c10-6759-487b-84e8-6054836a870e","value":"true"}
&amp#27;[38;5;32m[AndroidUiautomator2Driver@cb04 (a84025fa)]&amp#27;[0m Responding to client with driver.elementDisplayed() result: true
&amp#27;[38;5;0m[HTTP]&amp#27;[0m &amp#27;[37m<-- GET /session/a84025fa-87fd-4432-a89c-6e57f823ae73/element/00000000-0000-0464-ffff-ffff0000070b/displayed &amp#27;[39m&amp#27;[32m200&amp#27;[39m &amp#27;[90m11 ms - 14&amp#27;[39m
&amp#27;[38;5;0m[HTTP]&amp#27;[0m &amp#27;[90m&amp#27;[39m
&amp#27;[38;5;0m[HTTP]&amp#27;[0m &amp#27;[37m-->&amp#27;[39m &amp#27;[37mGET&amp#27;[39m &amp#27;[37m/session/a84025fa-87fd-4432-a89c-6e57f823ae73/context&amp#27;[39m
&amp#27;[38;5;0m[HTTP]&amp#27;[0m &amp#27;[90m{}&amp#27;[39m
&amp#27;[38;5;32m[AndroidUiautomator2Driver@cb04 (a84025fa)]&amp#27;[0m Calling AppiumDriver.getCurrentContext() with args: ["a84025fa-87fd-4432-a89c-6e57f823ae73"]
&amp#27;[38;5;32m[AndroidUiautomator2Driver@cb04 (a84025fa)]&amp#27;[0m Responding to client with driver.getCurrentContext() result: "NATIVE_APP"
&amp#27;[38;5;0m[HTTP]&amp#27;[0m &amp#27;[37m<-- GET /session/a84025fa-87fd-4432-a89c-6e57f823ae73/context &amp#27;[39m&amp#27;[32m200&amp#27;[39m &amp#27;[90m1 ms - 22&amp#27;[39m
&amp#27;[38;5;0m[HTTP]&amp#27;[0m &amp#27;[90m&amp#27;[39m
&amp#27;[38;5;0m[HTTP]&amp#27;[0m &amp#27;[37m-->&amp#27;[39m &amp#27;[37mPOST&amp#27;[39m &amp#27;[37m/session/a84025fa-87fd-4432-a89c-6e57f823ae73/elements&amp#27;[39m
&amp#27;[38;5;0m[HTTP]&amp#27;[0m &amp#27;[90m{"value":"com.fivemobile.thescore:id/view_inverse","using":"id"}&amp#27;[39m
&amp#27;[38;5;32m[AndroidUiautomator2Driver@cb04 (a84025fa)]&amp#27;[0m Calling AppiumDriver.findElements() with args: ["id","com.fivemobile.thescore:id/view_inverse","a84025fa-87fd-4432-a89c-6e57f823ae73"]
&amp#27;[38;5;32m[AndroidUiautomator2Driver@cb04 (a84025fa)]&amp#27;[0m Valid locator strategies for this request: xpath, id, class name, accessibility id, css selector, -android uiautomator
&amp#27;[38;5;32m[AndroidUiautomator2Driver@cb04 (a84025fa)]&amp#27;[0m Waiting up to 10000 ms for condition
&amp#27;[38;5;32m[AndroidUiautomator2Driver@cb04 (a84025fa)]&amp#27;[0m Matched '/elements' to command name 'findElements'
&amp#27;[38;5;32m[AndroidUiautomator2Driver@cb04 (a84025fa)]&amp#27;[0m Proxying [POST /elements] to [POST http://127.0.0.1:8209/session/e13e9c10-6759-487b-84e8-6054836a870e/elements] with body: {"strategy":"id","selector":"com.fivemobile.thescore:id/view_inverse","context":"","multiple":true}
&amp#27;[38;5;32m[AndroidUiautomator2Driver@cb04 (a84025fa)]&amp#27;[0m Got response with status 200: {"sessionId":"e13e9c10-6759-487b-84e8-6054836a870e","value":[{"ELEMENT":"00000000-0000-0464-ffff-ffff000006f3","element-6066-11e4-a52e-4f735466cecf":"00000000-0000-0464-ffff-ffff000006f3"},{"ELEMENT":"00000000-0000-0464-ffff-ffff000006f9","element-6066-11e4-a52e-4f735466cecf":"00000000-0000-0464-ffff-ffff000006f9"},{"ELEMENT":"00000000-0000-0464-ffff-ffff000006ff","element-6066-11e4-a52e-4f735466cecf":"00000000-0000-0464-ffff-ffff000006ff"},{"ELEMENT":"00000000-0000-0464-ffff-ffff00000705","element-6066-11e4-a52e-4f735466cecf":"00000000-0000-0464-ffff-ffff00000705"},{"ELEMENT":"00000000-0000-0464-ffff-ffff0000070b","element-6066-11e4-a52e-4f735466cecf":"00000000-0000-0464-ffff-ffff0000070b"},{"ELEMENT":"00000000-0000-0464-ffff-ffff00000715","element-6066-11e4-a52e-4f735466cecf":"00000000-0000-0464-ffff-ffff00000715"},{"ELEMENT":"00000000-0000-0464-ffff-ffff0000071b","element-6066-11e4-a52e-4f735466cecf":"00000000-0000-0464-ffff-ffff0000071b"},{"ELEMENT":"00000000-0000-0464-ffff-ffff00000721","element-6066-...
&amp#27;[38;5;32m[AndroidUiautomator2Driver@cb04 (a84025fa)]&amp#27;[0m Responding to client with driver.findElements() result: [{"element-6066-11e4-a52e-4f735466cecf":"00000000-0000-0464-ffff-ffff000006f3","ELEMENT":"00000000-0000-0464-ffff-ffff000006f3"},{"element-6066-11e4-a52e-4f735466cecf":"00000000-0000-0464-ffff-ffff000006f9","ELEMENT":"00000000-0000-0464-ffff-ffff000006f9"},{"element-6066-11e4-a52e-4f735466cecf":"00000000-0000-0464-ffff-ffff000006ff","ELEMENT":"00000000-0000-0464-ffff-ffff000006ff"},{"element-6066-11e4-a52e-4f735466cecf":"00000000-0000-0464-ffff-ffff00000705","ELEMENT":"00000000-0000-0464-ffff-ffff00000705"},{"element-6066-11e4-a52e-4f735466cecf":"00000000-0000-0464-ffff-ffff0000070b","ELEMENT":"00000000-0000-0464-ffff-ffff0000070b"},{"element-6066-11e4-a52e-4f735466cecf":"00000000-0000-0464-ffff-ffff00000715","ELEMENT":"00000000-0000-0464-ffff-ffff00000715"},{"element-6066-11e4-a52e-4f735466cecf":"00000000-0000-0464-ffff-ffff0000071b","ELEMENT":"00000000-0000-0464-ffff-ffff0000071b"},{"element-6066-11e4-a52e-4f735466cecf":"00000000-0000-0464-ffff-ffff00000721","ELEMENT":"00000000-0000-0464-ffff-ffff0000072...
&amp#27;[38;5;0m[HTTP]&amp#27;[0m &amp#27;[37m<-- POST /session/a84025fa-87fd-4432-a89c-6e57f823ae73/elements &amp#27;[39m&amp#27;[32m200&amp#27;[39m &amp#27;[90m97 ms - 1291&amp#27;[39m
&amp#27;[38;5;0m[HTTP]&amp#27;[0m &amp#27;[90m&amp#27;[39m
&amp#27;[38;5;0m[HTTP]&amp#27;[0m &amp#27;[37m-->&amp#27;[39m &amp#27;[37mGET&amp#27;[39m &amp#27;[37m/session/a84025fa-87fd-4432-a89c-6e57f823ae73/context&amp#27;[39m
&amp#27;[38;5;0m[HTTP]&amp#27;[0m &amp#27;[90m{}&amp#27;[39m
&amp#27;[38;5;32m[AndroidUiautomator2Driver@cb04 (a84025fa)]&amp#27;[0m Calling AppiumDriver.getCurrentContext() with args: ["a84025fa-87fd-4432-a89c-6e57f823ae73"]
&amp#27;[38;5;32m[AndroidUiautomator2Driver@cb04 (a84025fa)]&amp#27;[0m Responding to client with driver.getCurrentContext() result: "NATIVE_APP"
&amp#27;[38;5;0m[HTTP]&amp#27;[0m &amp#27;[37m<-- GET /session/a84025fa-87fd-4432-a89c-6e57f823ae73/context &amp#27;[39m&amp#27;[32m200&amp#27;[39m &amp#27;[90m1 ms - 22&amp#27;[39m
&amp#27;[38;5;0m[HTTP]&amp#27;[0m &amp#27;[90m&amp#27;[39m
&amp#27;[38;5;0m[HTTP]&amp#27;[0m &amp#27;[37m-->&amp#27;[39m &amp#27;[37mPOST&amp#27;[39m &amp#27;[37m/session/a84025fa-87fd-4432-a89c-6e57f823ae73/elements&amp#27;[39m
&amp#27;[38;5;0m[HTTP]&amp#27;[0m &amp#27;[90m{"value":"com.fivemobile.thescore:id/view_inverse","using":"id"}&amp#27;[39m
&amp#27;[38;5;32m[AndroidUiautomator2Driver@cb04 (a84025fa)]&amp#27;[0m Calling AppiumDriver.findElements() with args: ["id","com.fivemobile.thescore:id/view_inverse","a84025fa-87fd-4432-a89c-6e57f823ae73"]
&amp#27;[38;5;32m[AndroidUiautomator2Driver@cb04 (a84025fa)]&amp#27;[0m Valid locator strategies for this request: xpath, id, class name, accessibility id, css selector, -android uiautomator
&amp#27;[38;5;32m[AndroidUiautomator2Driver@cb04 (a84025fa)]&amp#27;[0m Waiting up to 10000 ms for condition
&amp#27;[38;5;32m[AndroidUiautomator2Driver@cb04 (a84025fa)]&amp#27;[0m Matched '/elements' to command name 'findElements'
&amp#27;[38;5;32m[AndroidUiautomator2Driver@cb04 (a84025fa)]&amp#27;[0m Proxying [POST /elements] to [POST http://127.0.0.1:8209/session/e13e9c10-6759-487b-84e8-6054836a870e/elements] with body: {"strategy":"id","selector":"com.fivemobile.thescore:id/view_inverse","context":"","multiple":true}
&amp#27;[38;5;32m[AndroidUiautomator2Driver@cb04 (a84025fa)]&amp#27;[0m Got response with status 200: {"sessionId":"e13e9c10-6759-487b-84e8-6054836a870e","value":[{"ELEMENT":"00000000-0000-0464-ffff-ffff000006f3","element-6066-11e4-a52e-4f735466cecf":"00000000-0000-0464-ffff-ffff000006f3"},{"ELEMENT":"00000000-0000-0464-ffff-ffff000006f9","element-6066-11e4-a52e-4f735466cecf":"00000000-0000-0464-ffff-ffff000006f9"},{"ELEMENT":"00000000-0000-0464-ffff-ffff000006ff","element-6066-11e4-a52e-4f735466cecf":"00000000-0000-0464-ffff-ffff000006ff"},{"ELEMENT":"00000000-0000-0464-ffff-ffff00000705","element-6066-11e4-a52e-4f735466cecf":"00000000-0000-0464-ffff-ffff00000705"},{"ELEMENT":"00000000-0000-0464-ffff-ffff0000070b","element-6066-11e4-a52e-4f735466cecf":"00000000-0000-0464-ffff-ffff0000070b"},{"ELEMENT":"00000000-0000-0464-ffff-ffff00000715","element-6066-11e4-a52e-4f735466cecf":"00000000-0000-0464-ffff-ffff00000715"},{"ELEMENT":"00000000-0000-0464-ffff-ffff0000071b","element-6066-11e4-a52e-4f735466cecf":"00000000-0000-0464-ffff-ffff0000071b"},{"ELEMENT":"00000000-0000-0464-ffff-ffff00000721","element-6066-...
&amp#27;[38;5;32m[AndroidUiautomator2Driver@cb04 (a84025fa)]&amp#27;[0m Responding to client with driver.findElements() result: [{"element-6066-11e4-a52e-4f735466cecf":"00000000-0000-0464-ffff-ffff000006f3","ELEMENT":"00000000-0000-0464-ffff-ffff000006f3"},{"element-6066-11e4-a52e-4f735466cecf":"00000000-0000-0464-ffff-ffff000006f9","ELEMENT":"00000000-0000-0464-ffff-ffff000006f9"},{"element-6066-11e4-a52e-4f735466cecf":"00000000-0000-0464-ffff-ffff000006ff","ELEMENT":"00000000-0000-0464-ffff-ffff000006ff"},{"element-6066-11e4-a52e-4f735466cecf":"00000000-0000-0464-ffff-ffff00000705","ELEMENT":"00000000-0000-0464-ffff-ffff00000705"},{"element-6066-11e4-a52e-4f735466cecf":"00000000-0000-0464-ffff-ffff0000070b","ELEMENT":"00000000-0000-0464-ffff-ffff0000070b"},{"element-6066-11e4-a52e-4f735466cecf":"00000000-0000-0464-ffff-ffff00000715","ELEMENT":"00000000-0000-0464-ffff-ffff00000715"},{"element-6066-11e4-a52e-4f735466cecf":"00000000-0000-0464-ffff-ffff0000071b","ELEMENT":"00000000-0000-0464-ffff-ffff0000071b"},{"element-6066-11e4-a52e-4f735466cecf":"00000000-0000-0464-ffff-ffff00000721","ELEMENT":"00000000-0000-0464-ffff-ffff0000072...
&amp#27;[38;5;0m[HTTP]&amp#27;[0m &amp#27;[37m<-- POST /session/a84025fa-87fd-4432-a89c-6e57f823ae73/elements &amp#27;[39m&amp#27;[32m200&amp#27;[39m &amp#27;[90m96 ms - 1291&amp#27;[39m
&amp#27;[38;5;0m[HTTP]&amp#27;[0m &amp#27;[90m&amp#27;[39m
&amp#27;[38;5;0m[HTTP]&amp#27;[0m &amp#27;[37m-->&amp#27;[39m &amp#27;[37mGET&amp#27;[39m &amp#27;[37m/session/a84025fa-87fd-4432-a89c-6e57f823ae73/element/00000000-0000-0464-ffff-ffff00000715/displayed&amp#27;[39m
&amp#27;[38;5;0m[HTTP]&amp#27;[0m &amp#27;[90m{}&amp#27;[39m
&amp#27;[38;5;32m[AndroidUiautomator2Driver@cb04 (a84025fa)]&amp#27;[0m Calling AppiumDriver.elementDisplayed() with args: ["00000000-0000-0464-ffff-ffff00000715","a84025fa-87fd-4432-a89c-6e57f823ae73"]
&amp#27;[38;5;32m[AndroidUiautomator2Driver@cb04 (a84025fa)]&amp#27;[0m Matched '/element/00000000-0000-0464-ffff-ffff00000715/attribute/displayed' to command name 'getAttribute'
&amp#27;[38;5;32m[AndroidUiautomator2Driver@cb04 (a84025fa)]&amp#27;[0m Proxying [GET /element/00000000-0000-0464-ffff-ffff00000715/attribute/displayed] to [GET http://127.0.0.1:8209/session/e13e9c10-6759-487b-84e8-6054836a870e/element/00000000-0000-0464-ffff-ffff00000715/attribute/displayed] with no body
&amp#27;[38;5;32m[AndroidUiautomator2Driver@cb04 (a84025fa)]&amp#27;[0m Got response with status 200: {"sessionId":"e13e9c10-6759-487b-84e8-6054836a870e","value":"true"}
&amp#27;[38;5;32m[AndroidUiautomator2Driver@cb04 (a84025fa)]&amp#27;[0m Responding to client with driver.elementDisplayed() result: true
&amp#27;[38;5;0m[HTTP]&amp#27;[0m &amp#27;[37m<-- GET /session/a84025fa-87fd-4432-a89c-6e57f823ae73/element/00000000-0000-0464-ffff-ffff00000715/displayed &amp#27;[39m&amp#27;[32m200&amp#27;[39m &amp#27;[90m10 ms - 14&amp#27;[39m
&amp#27;[38;5;0m[HTTP]&amp#27;[0m &amp#27;[90m&amp#27;[39m
&amp#27;[38;5;0m[HTTP]&amp#27;[0m &amp#27;[37m-->&amp#27;[39m &amp#27;[37mGET&amp#27;[39m &amp#27;[37m/session/a84025fa-87fd-4432-a89c-6e57f823ae73/context&amp#27;[39m
&amp#27;[38;5;0m[HTTP]&amp#27;[0m &amp#27;[90m{}&amp#27;[39m
&amp#27;[38;5;32m[AndroidUiautomator2Driver@cb04 (a84025fa)]&amp#27;[0m Calling AppiumDriver.getCurrentContext() with args: ["a84025fa-87fd-4432-a89c-6e57f823ae73"]
&amp#27;[38;5;32m[AndroidUiautomator2Driver@cb04 (a84025fa)]&amp#27;[0m Responding to client with driver.getCurrentContext() result: "NATIVE_APP"
&amp#27;[38;5;0m[HTTP]&amp#27;[0m &amp#27;[37m<-- GET /session/a84025fa-87fd-4432-a89c-6e57f823ae73/context &amp#27;[39m&amp#27;[32m200&amp#27;[39m &amp#27;[90m0 ms - 22&amp#27;[39m
&amp#27;[38;5;0m[HTTP]&amp#27;[0m &amp#27;[90m&amp#27;[39m
&amp#27;[38;5;0m[HTTP]&amp#27;[0m &amp#27;[37m-->&amp#27;[39m &amp#27;[37mPOST&amp#27;[39m &amp#27;[37m/session/a84025fa-87fd-4432-a89c-6e57f823ae73/elements&amp#27;[39m
&amp#27;[38;5;0m[HTTP]&amp#27;[0m &amp#27;[90m{"value":"com.fivemobile.thescore:id/view_inverse","using":"id"}&amp#27;[39m
&amp#27;[38;5;32m[AndroidUiautomator2Driver@cb04 (a84025fa)]&amp#27;[0m Calling AppiumDriver.findElements() with args: ["id","com.fivemobile.thescore:id/view_inverse","a84025fa-87fd-4432-a89c-6e57f823ae73"]
&amp#27;[38;5;32m[AndroidUiautomator2Driver@cb04 (a84025fa)]&amp#27;[0m Valid locator strategies for this request: xpath, id, class name, accessibility id, css selector, -android uiautomator
&amp#27;[38;5;32m[AndroidUiautomator2Driver@cb04 (a84025fa)]&amp#27;[0m Waiting up to 10000 ms for condition
&amp#27;[38;5;32m[AndroidUiautomator2Driver@cb04 (a84025fa)]&amp#27;[0m Matched '/elements' to command name 'findElements'
&amp#27;[38;5;32m[AndroidUiautomator2Driver@cb04 (a84025fa)]&amp#27;[0m Proxying [POST /elements] to [POST http://127.0.0.1:8209/session/e13e9c10-6759-487b-84e8-6054836a870e/elements] with body: {"strategy":"id","selector":"com.fivemobile.thescore:id/view_inverse","context":"","multiple":true}
&amp#27;[38;5;32m[AndroidUiautomator2Driver@cb04 (a84025fa)]&amp#27;[0m Got response with status 200: {"sessionId":"e13e9c10-6759-487b-84e8-6054836a870e","value":[{"ELEMENT":"00000000-0000-0464-ffff-ffff000006f3","element-6066-11e4-a52e-4f735466cecf":"00000000-0000-0464-ffff-ffff000006f3"},{"ELEMENT":"00000000-0000-0464-ffff-ffff000006f9","element-6066-11e4-a52e-4f735466cecf":"00000000-0000-0464-ffff-ffff000006f9"},{"ELEMENT":"00000000-0000-0464-ffff-ffff000006ff","element-6066-11e4-a52e-4f735466cecf":"00000000-0000-0464-ffff-ffff000006ff"},{"ELEMENT":"00000000-0000-0464-ffff-ffff00000705","element-6066-11e4-a52e-4f735466cecf":"00000000-0000-0464-ffff-ffff00000705"},{"ELEMENT":"00000000-0000-0464-ffff-ffff0000070b","element-6066-11e4-a52e-4f735466cecf":"00000000-0000-0464-ffff-ffff0000070b"},{"ELEMENT":"00000000-0000-0464-ffff-ffff00000715","element-6066-11e4-a52e-4f735466cecf":"00000000-0000-0464-ffff-ffff00000715"},{"ELEMENT":"00000000-0000-0464-ffff-ffff0000071b","element-6066-11e4-a52e-4f735466cecf":"00000000-0000-0464-ffff-ffff0000071b"},{"ELEMENT":"00000000-0000-0464-ffff-ffff00000721","element-6066-...
&amp#27;[38;5;32m[AndroidUiautomator2Driver@cb04 (a84025fa)]&amp#27;[0m Responding to client with driver.findElements() result: [{"element-6066-11e4-a52e-4f735466cecf":"00000000-0000-0464-ffff-ffff000006f3","ELEMENT":"00000000-0000-0464-ffff-ffff000006f3"},{"element-6066-11e4-a52e-4f735466cecf":"00000000-0000-0464-ffff-ffff000006f9","ELEMENT":"00000000-0000-0464-ffff-ffff000006f9"},{"element-6066-11e4-a52e-4f735466cecf":"00000000-0000-0464-ffff-ffff000006ff","ELEMENT":"00000000-0000-0464-ffff-ffff000006ff"},{"element-6066-11e4-a52e-4f735466cecf":"00000000-0000-0464-ffff-ffff00000705","ELEMENT":"00000000-0000-0464-ffff-ffff00000705"},{"element-6066-11e4-a52e-4f735466cecf":"00000000-0000-0464-ffff-ffff0000070b","ELEMENT":"00000000-0000-0464-ffff-ffff0000070b"},{"element-6066-11e4-a52e-4f735466cecf":"00000000-0000-0464-ffff-ffff00000715","ELEMENT":"00000000-0000-0464-ffff-ffff00000715"},{"element-6066-11e4-a52e-4f735466cecf":"00000000-0000-0464-ffff-ffff0000071b","ELEMENT":"00000000-0000-0464-ffff-ffff0000071b"},{"element-6066-11e4-a52e-4f735466cecf":"00000000-0000-0464-ffff-ffff00000721","ELEMENT":"00000000-0000-0464-ffff-ffff0000072...
&amp#27;[38;5;0m[HTTP]&amp#27;[0m &amp#27;[37m<-- POST /session/a84025fa-87fd-4432-a89c-6e57f823ae73/elements &amp#27;[39m&amp#27;[32m200&amp#27;[39m &amp#27;[90m95 ms - 1291&amp#27;[39m
&amp#27;[38;5;0m[HTTP]&amp#27;[0m &amp#27;[90m&amp#27;[39m
&amp#27;[38;5;0m[HTTP]&amp#27;[0m &amp#27;[37m-->&amp#27;[39m &amp#27;[37mGET&amp#27;[39m &amp#27;[37m/session/a84025fa-87fd-4432-a89c-6e57f823ae73/context&amp#27;[39m
&amp#27;[38;5;0m[HTTP]&amp#27;[0m &amp#27;[90m{}&amp#27;[39m
&amp#27;[38;5;32m[AndroidUiautomator2Driver@cb04 (a84025fa)]&amp#27;[0m Calling AppiumDriver.getCurrentContext() with args: ["a84025fa-87fd-4432-a89c-6e57f823ae73"]
&amp#27;[38;5;32m[AndroidUiautomator2Driver@cb04 (a84025fa)]&amp#27;[0m Responding to client with driver.getCurrentContext() result: "NATIVE_APP"
&amp#27;[38;5;0m[HTTP]&amp#27;[0m &amp#27;[37m<-- GET /session/a84025fa-87fd-4432-a89c-6e57f823ae73/context &amp#27;[39m&amp#27;[32m200&amp#27;[39m &amp#27;[90m0 ms - 22&amp#27;[39m
&amp#27;[38;5;0m[HTTP]&amp#27;[0m &amp#27;[90m&amp#27;[39m
&amp#27;[38;5;0m[HTTP]&amp#27;[0m &amp#27;[37m-->&amp#27;[39m &amp#27;[37mPOST&amp#27;[39m &amp#27;[37m/session/a84025fa-87fd-4432-a89c-6e57f823ae73/elements&amp#27;[39m
&amp#27;[38;5;0m[HTTP]&amp#27;[0m &amp#27;[90m{"value":"com.fivemobile.thescore:id/view_inverse","using":"id"}&amp#27;[39m
&amp#27;[38;5;32m[AndroidUiautomator2Driver@cb04 (a84025fa)]&amp#27;[0m Calling AppiumDriver.findElements() with args: ["id","com.fivemobile.thescore:id/view_inverse","a84025fa-87fd-4432-a89c-6e57f823ae73"]
&amp#27;[38;5;32m[AndroidUiautomator2Driver@cb04 (a84025fa)]&amp#27;[0m Valid locator strategies for this request: xpath, id, class name, accessibility id, css selector, -android uiautomator
&amp#27;[38;5;32m[AndroidUiautomator2Driver@cb04 (a84025fa)]&amp#27;[0m Waiting up to 10000 ms for condition
&amp#27;[38;5;32m[AndroidUiautomator2Driver@cb04 (a84025fa)]&amp#27;[0m Matched '/elements' to command name 'findElements'
&amp#27;[38;5;32m[AndroidUiautomator2Driver@cb04 (a84025fa)]&amp#27;[0m Proxying [POST /elements] to [POST http://127.0.0.1:8209/session/e13e9c10-6759-487b-84e8-6054836a870e/elements] with body: {"strategy":"id","selector":"com.fivemobile.thescore:id/view_inverse","context":"","multiple":true}
&amp#27;[38;5;32m[AndroidUiautomator2Driver@cb04 (a84025fa)]&amp#27;[0m Got response with status 200: {"sessionId":"e13e9c10-6759-487b-84e8-6054836a870e","value":[{"ELEMENT":"00000000-0000-0464-ffff-ffff000006f3","element-6066-11e4-a52e-4f735466cecf":"00000000-0000-0464-ffff-ffff000006f3"},{"ELEMENT":"00000000-0000-0464-ffff-ffff000006f9","element-6066-11e4-a52e-4f735466cecf":"00000000-0000-0464-ffff-ffff000006f9"},{"ELEMENT":"00000000-0000-0464-ffff-ffff000006ff","element-6066-11e4-a52e-4f735466cecf":"00000000-0000-0464-ffff-ffff000006ff"},{"ELEMENT":"00000000-0000-0464-ffff-ffff00000705","element-6066-11e4-a52e-4f735466cecf":"00000000-0000-0464-ffff-ffff00000705"},{"ELEMENT":"00000000-0000-0464-ffff-ffff0000070b","element-6066-11e4-a52e-4f735466cecf":"00000000-0000-0464-ffff-ffff0000070b"},{"ELEMENT":"00000000-0000-0464-ffff-ffff00000715","element-6066-11e4-a52e-4f735466cecf":"00000000-0000-0464-ffff-ffff00000715"},{"ELEMENT":"00000000-0000-0464-ffff-ffff0000071b","element-6066-11e4-a52e-4f735466cecf":"00000000-0000-0464-ffff-ffff0000071b"},{"ELEMENT":"00000000-0000-0464-ffff-ffff00000721","element-6066-...
&amp#27;[38;5;32m[AndroidUiautomator2Driver@cb04 (a84025fa)]&amp#27;[0m Responding to client with driver.findElements() result: [{"element-6066-11e4-a52e-4f735466cecf":"00000000-0000-0464-ffff-ffff000006f3","ELEMENT":"00000000-0000-0464-ffff-ffff000006f3"},{"element-6066-11e4-a52e-4f735466cecf":"00000000-0000-0464-ffff-ffff000006f9","ELEMENT":"00000000-0000-0464-ffff-ffff000006f9"},{"element-6066-11e4-a52e-4f735466cecf":"00000000-0000-0464-ffff-ffff000006ff","ELEMENT":"00000000-0000-0464-ffff-ffff000006ff"},{"element-6066-11e4-a52e-4f735466cecf":"00000000-0000-0464-ffff-ffff00000705","ELEMENT":"00000000-0000-0464-ffff-ffff00000705"},{"element-6066-11e4-a52e-4f735466cecf":"00000000-0000-0464-ffff-ffff0000070b","ELEMENT":"00000000-0000-0464-ffff-ffff0000070b"},{"element-6066-11e4-a52e-4f735466cecf":"00000000-0000-0464-ffff-ffff00000715","ELEMENT":"00000000-0000-0464-ffff-ffff00000715"},{"element-6066-11e4-a52e-4f735466cecf":"00000000-0000-0464-ffff-ffff0000071b","ELEMENT":"00000000-0000-0464-ffff-ffff0000071b"},{"element-6066-11e4-a52e-4f735466cecf":"00000000-0000-0464-ffff-ffff00000721","ELEMENT":"00000000-0000-0464-ffff-ffff0000072...
&amp#27;[38;5;0m[HTTP]&amp#27;[0m &amp#27;[37m<-- POST /session/a84025fa-87fd-4432-a89c-6e57f823ae73/elements &amp#27;[39m&amp#27;[32m200&amp#27;[39m &amp#27;[90m95 ms - 1291&amp#27;[39m
&amp#27;[38;5;0m[HTTP]&amp#27;[0m &amp#27;[90m&amp#27;[39m
&amp#27;[38;5;0m[HTTP]&amp#27;[0m &amp#27;[37m-->&amp#27;[39m &amp#27;[37mGET&amp#27;[39m &amp#27;[37m/session/a84025fa-87fd-4432-a89c-6e57f823ae73/element/00000000-0000-0464-ffff-ffff0000071b/displayed&amp#27;[39m
&amp#27;[38;5;0m[HTTP]&amp#27;[0m &amp#27;[90m{}&amp#27;[39m
&amp#27;[38;5;32m[AndroidUiautomator2Driver@cb04 (a84025fa)]&amp#27;[0m Calling AppiumDriver.elementDisplayed() with args: ["00000000-0000-0464-ffff-ffff0000071b","a84025fa-87fd-4432-a89c-6e57f823ae73"]
&amp#27;[38;5;32m[AndroidUiautomator2Driver@cb04 (a84025fa)]&amp#27;[0m Matched '/element/00000000-0000-0464-ffff-ffff0000071b/attribute/displayed' to command name 'getAttribute'
&amp#27;[38;5;32m[AndroidUiautomator2Driver@cb04 (a84025fa)]&amp#27;[0m Proxying [GET /element/00000000-0000-0464-ffff-ffff0000071b/attribute/displayed] to [GET http://127.0.0.1:8209/session/e13e9c10-6759-487b-84e8-6054836a870e/element/00000000-0000-0464-ffff-ffff0000071b/attribute/displayed] with no body
&amp#27;[38;5;32m[AndroidUiautomator2Driver@cb04 (a84025fa)]&amp#27;[0m Got response with status 200: {"sessionId":"e13e9c10-6759-487b-84e8-6054836a870e","value":"true"}
&amp#27;[38;5;32m[AndroidUiautomator2Driver@cb04 (a84025fa)]&amp#27;[0m Responding to client with driver.elementDisplayed() result: true
&amp#27;[38;5;0m[HTTP]&amp#27;[0m &amp#27;[37m<-- GET /session/a84025fa-87fd-4432-a89c-6e57f823ae73/element/00000000-0000-0464-ffff-ffff0000071b/displayed &amp#27;[39m&amp#27;[32m200&amp#27;[39m &amp#27;[90m10 ms - 14&amp#27;[39m
&amp#27;[38;5;0m[HTTP]&amp#27;[0m &amp#27;[90m&amp#27;[39m
&amp#27;[38;5;0m[HTTP]&amp#27;[0m &amp#27;[37m-->&amp#27;[39m &amp#27;[37mGET&amp#27;[39m &amp#27;[37m/session/a84025fa-87fd-4432-a89c-6e57f823ae73/context&amp#27;[39m
&amp#27;[38;5;0m[HTTP]&amp#27;[0m &amp#27;[90m{}&amp#27;[39m
&amp#27;[38;5;32m[AndroidUiautomator2Driver@cb04 (a84025fa)]&amp#27;[0m Calling AppiumDriver.getCurrentContext() with args: ["a84025fa-87fd-4432-a89c-6e57f823ae73"]
&amp#27;[38;5;32m[AndroidUiautomator2Driver@cb04 (a84025fa)]&amp#27;[0m Responding to client with driver.getCurrentContext() result: "NATIVE_APP"
&amp#27;[38;5;0m[HTTP]&amp#27;[0m &amp#27;[37m<-- GET /session/a84025fa-87fd-4432-a89c-6e57f823ae73/context &amp#27;[39m&amp#27;[32m200&amp#27;[39m &amp#27;[90m1 ms - 22&amp#27;[39m
&amp#27;[38;5;0m[HTTP]&amp#27;[0m &amp#27;[90m&amp#27;[39m
&amp#27;[38;5;0m[HTTP]&amp#27;[0m &amp#27;[37m-->&amp#27;[39m &amp#27;[37mPOST&amp#27;[39m &amp#27;[37m/session/a84025fa-87fd-4432-a89c-6e57f823ae73/elements&amp#27;[39m
&amp#27;[38;5;0m[HTTP]&amp#27;[0m &amp#27;[90m{"value":"com.fivemobile.thescore:id/view_inverse","using":"id"}&amp#27;[39m
&amp#27;[38;5;32m[AndroidUiautomator2Driver@cb04 (a84025fa)]&amp#27;[0m Calling AppiumDriver.findElements() with args: ["id","com.fivemobile.thescore:id/view_inverse","a84025fa-87fd-4432-a89c-6e57f823ae73"]
&amp#27;[38;5;32m[AndroidUiautomator2Driver@cb04 (a84025fa)]&amp#27;[0m Valid locator strategies for this request: xpath, id, class name, accessibility id, css selector, -android uiautomator
&amp#27;[38;5;32m[AndroidUiautomator2Driver@cb04 (a84025fa)]&amp#27;[0m Waiting up to 10000 ms for condition
&amp#27;[38;5;32m[AndroidUiautomator2Driver@cb04 (a84025fa)]&amp#27;[0m Matched '/elements' to command name 'findElements'
&amp#27;[38;5;32m[AndroidUiautomator2Driver@cb04 (a84025fa)]&amp#27;[0m Proxying [POST /elements] to [POST http://127.0.0.1:8209/session/e13e9c10-6759-487b-84e8-6054836a870e/elements] with body: {"strategy":"id","selector":"com.fivemobile.thescore:id/view_inverse","context":"","multiple":true}
&amp#27;[38;5;32m[AndroidUiautomator2Driver@cb04 (a84025fa)]&amp#27;[0m Got response with status 200: {"sessionId":"e13e9c10-6759-487b-84e8-6054836a870e","value":[{"ELEMENT":"00000000-0000-0464-ffff-ffff000006f3","element-6066-11e4-a52e-4f735466cecf":"00000000-0000-0464-ffff-ffff000006f3"},{"ELEMENT":"00000000-0000-0464-ffff-ffff000006f9","element-6066-11e4-a52e-4f735466cecf":"00000000-0000-0464-ffff-ffff000006f9"},{"ELEMENT":"00000000-0000-0464-ffff-ffff000006ff","element-6066-11e4-a52e-4f735466cecf":"00000000-0000-0464-ffff-ffff000006ff"},{"ELEMENT":"00000000-0000-0464-ffff-ffff00000705","element-6066-11e4-a52e-4f735466cecf":"00000000-0000-0464-ffff-ffff00000705"},{"ELEMENT":"00000000-0000-0464-ffff-ffff0000070b","element-6066-11e4-a52e-4f735466cecf":"00000000-0000-0464-ffff-ffff0000070b"},{"ELEMENT":"00000000-0000-0464-ffff-ffff00000715","element-6066-11e4-a52e-4f735466cecf":"00000000-0000-0464-ffff-ffff00000715"},{"ELEMENT":"00000000-0000-0464-ffff-ffff0000071b","element-6066-11e4-a52e-4f735466cecf":"00000000-0000-0464-ffff-ffff0000071b"},{"ELEMENT":"00000000-0000-0464-ffff-ffff00000721","element-6066-...
&amp#27;[38;5;32m[AndroidUiautomator2Driver@cb04 (a84025fa)]&amp#27;[0m Responding to client with driver.findElements() result: [{"element-6066-11e4-a52e-4f735466cecf":"00000000-0000-0464-ffff-ffff000006f3","ELEMENT":"00000000-0000-0464-ffff-ffff000006f3"},{"element-6066-11e4-a52e-4f735466cecf":"00000000-0000-0464-ffff-ffff000006f9","ELEMENT":"00000000-0000-0464-ffff-ffff000006f9"},{"element-6066-11e4-a52e-4f735466cecf":"00000000-0000-0464-ffff-ffff000006ff","ELEMENT":"00000000-0000-0464-ffff-ffff000006ff"},{"element-6066-11e4-a52e-4f735466cecf":"00000000-0000-0464-ffff-ffff00000705","ELEMENT":"00000000-0000-0464-ffff-ffff00000705"},{"element-6066-11e4-a52e-4f735466cecf":"00000000-0000-0464-ffff-ffff0000070b","ELEMENT":"00000000-0000-0464-ffff-ffff0000070b"},{"element-6066-11e4-a52e-4f735466cecf":"00000000-0000-0464-ffff-ffff00000715","ELEMENT":"00000000-0000-0464-ffff-ffff00000715"},{"element-6066-11e4-a52e-4f735466cecf":"00000000-0000-0464-ffff-ffff0000071b","ELEMENT":"00000000-0000-0464-ffff-ffff0000071b"},{"element-6066-11e4-a52e-4f735466cecf":"00000000-0000-0464-ffff-ffff00000721","ELEMENT":"00000000-0000-0464-ffff-ffff0000072...
&amp#27;[38;5;0m[HTTP]&amp#27;[0m &amp#27;[37m<-- POST /session/a84025fa-87fd-4432-a89c-6e57f823ae73/elements &amp#27;[39m&amp#27;[32m200&amp#27;[39m &amp#27;[90m95 ms - 1291&amp#27;[39m
&amp#27;[38;5;0m[HTTP]&amp#27;[0m &amp#27;[90m&amp#27;[39m
&amp#27;[38;5;0m[HTTP]&amp#27;[0m &amp#27;[37m-->&amp#27;[39m &amp#27;[37mGET&amp#27;[39m &amp#27;[37m/session/a84025fa-87fd-4432-a89c-6e57f823ae73/context&amp#27;[39m
&amp#27;[38;5;0m[HTTP]&amp#27;[0m &amp#27;[90m{}&amp#27;[39m
&amp#27;[38;5;32m[AndroidUiautomator2Driver@cb04 (a84025fa)]&amp#27;[0m Calling AppiumDriver.getCurrentContext() with args: ["a84025fa-87fd-4432-a89c-6e57f823ae73"]
&amp#27;[38;5;32m[AndroidUiautomator2Driver@cb04 (a84025fa)]&amp#27;[0m Responding to client with driver.getCurrentContext() result: "NATIVE_APP"
&amp#27;[38;5;0m[HTTP]&amp#27;[0m &amp#27;[37m<-- GET /session/a84025fa-87fd-4432-a89c-6e57f823ae73/context &amp#27;[39m&amp#27;[32m200&amp#27;[39m &amp#27;[90m1 ms - 22&amp#27;[39m
&amp#27;[38;5;0m[HTTP]&amp#27;[0m &amp#27;[90m&amp#27;[39m
&amp#27;[38;5;0m[HTTP]&amp#27;[0m &amp#27;[37m-->&amp#27;[39m &amp#27;[37mPOST&amp#27;[39m &amp#27;[37m/session/a84025fa-87fd-4432-a89c-6e57f823ae73/elements&amp#27;[39m
&amp#27;[38;5;0m[HTTP]&amp#27;[0m &amp#27;[90m{"value":"com.fivemobile.thescore:id/view_inverse","using":"id"}&amp#27;[39m
&amp#27;[38;5;32m[AndroidUiautomator2Driver@cb04 (a84025fa)]&amp#27;[0m Calling AppiumDriver.findElements() with args: ["id","com.fivemobile.thescore:id/view_inverse","a84025fa-87fd-4432-a89c-6e57f823ae73"]
&amp#27;[38;5;32m[AndroidUiautomator2Driver@cb04 (a84025fa)]&amp#27;[0m Valid locator strategies for this request: xpath, id, class name, accessibility id, css selector, -android uiautomator
&amp#27;[38;5;32m[AndroidUiautomator2Driver@cb04 (a84025fa)]&amp#27;[0m Waiting up to 10000 ms for condition
&amp#27;[38;5;32m[AndroidUiautomator2Driver@cb04 (a84025fa)]&amp#27;[0m Matched '/elements' to command name 'findElements'
&amp#27;[38;5;32m[AndroidUiautomator2Driver@cb04 (a84025fa)]&amp#27;[0m Proxying [POST /elements] to [POST http://127.0.0.1:8209/session/e13e9c10-6759-487b-84e8-6054836a870e/elements] with body: {"strategy":"id","selector":"com.fivemobile.thescore:id/view_inverse","context":"","multiple":true}
&amp#27;[38;5;32m[AndroidUiautomator2Driver@cb04 (a84025fa)]&amp#27;[0m Got response with status 200: {"sessionId":"e13e9c10-6759-487b-84e8-6054836a870e","value":[{"ELEMENT":"00000000-0000-0464-ffff-ffff000006f3","element-6066-11e4-a52e-4f735466cecf":"00000000-0000-0464-ffff-ffff000006f3"},{"ELEMENT":"00000000-0000-0464-ffff-ffff000006f9","element-6066-11e4-a52e-4f735466cecf":"00000000-0000-0464-ffff-ffff000006f9"},{"ELEMENT":"00000000-0000-0464-ffff-ffff000006ff","element-6066-11e4-a52e-4f735466cecf":"00000000-0000-0464-ffff-ffff000006ff"},{"ELEMENT":"00000000-0000-0464-ffff-ffff00000705","element-6066-11e4-a52e-4f735466cecf":"00000000-0000-0464-ffff-ffff00000705"},{"ELEMENT":"00000000-0000-0464-ffff-ffff0000070b","element-6066-11e4-a52e-4f735466cecf":"00000000-0000-0464-ffff-ffff0000070b"},{"ELEMENT":"00000000-0000-0464-ffff-ffff00000715","element-6066-11e4-a52e-4f735466cecf":"00000000-0000-0464-ffff-ffff00000715"},{"ELEMENT":"00000000-0000-0464-ffff-ffff0000071b","element-6066-11e4-a52e-4f735466cecf":"00000000-0000-0464-ffff-ffff0000071b"},{"ELEMENT":"00000000-0000-0464-ffff-ffff00000721","element-6066-...
&amp#27;[38;5;32m[AndroidUiautomator2Driver@cb04 (a84025fa)]&amp#27;[0m Responding to client with driver.findElements() result: [{"element-6066-11e4-a52e-4f735466cecf":"00000000-0000-0464-ffff-ffff000006f3","ELEMENT":"00000000-0000-0464-ffff-ffff000006f3"},{"element-6066-11e4-a52e-4f735466cecf":"00000000-0000-0464-ffff-ffff000006f9","ELEMENT":"00000000-0000-0464-ffff-ffff000006f9"},{"element-6066-11e4-a52e-4f735466cecf":"00000000-0000-0464-ffff-ffff000006ff","ELEMENT":"00000000-0000-0464-ffff-ffff000006ff"},{"element-6066-11e4-a52e-4f735466cecf":"00000000-0000-0464-ffff-ffff00000705","ELEMENT":"00000000-0000-0464-ffff-ffff00000705"},{"element-6066-11e4-a52e-4f735466cecf":"00000000-0000-0464-ffff-ffff0000070b","ELEMENT":"00000000-0000-0464-ffff-ffff0000070b"},{"element-6066-11e4-a52e-4f735466cecf":"00000000-0000-0464-ffff-ffff00000715","ELEMENT":"00000000-0000-0464-ffff-ffff00000715"},{"element-6066-11e4-a52e-4f735466cecf":"00000000-0000-0464-ffff-ffff0000071b","ELEMENT":"00000000-0000-0464-ffff-ffff0000071b"},{"element-6066-11e4-a52e-4f735466cecf":"00000000-0000-0464-ffff-ffff00000721","ELEMENT":"00000000-0000-0464-ffff-ffff0000072...
&amp#27;[38;5;0m[HTTP]&amp#27;[0m &amp#27;[37m<-- POST /session/a84025fa-87fd-4432-a89c-6e57f823ae73/elements &amp#27;[39m&amp#27;[32m200&amp#27;[39m &amp#27;[90m102 ms - 1291&amp#27;[39m
&amp#27;[38;5;0m[HTTP]&amp#27;[0m &amp#27;[90m&amp#27;[39m
&amp#27;[38;5;0m[HTTP]&amp#27;[0m &amp#27;[37m-->&amp#27;[39m &amp#27;[37mGET&amp#27;[39m &amp#27;[37m/session/a84025fa-87fd-4432-a89c-6e57f823ae73/element/00000000-0000-0464-ffff-ffff00000721/displayed&amp#27;[39m
&amp#27;[38;5;0m[HTTP]&amp#27;[0m &amp#27;[90m{}&amp#27;[39m
&amp#27;[38;5;32m[AndroidUiautomator2Driver@cb04 (a84025fa)]&amp#27;[0m Calling AppiumDriver.elementDisplayed() with args: ["00000000-0000-0464-ffff-ffff00000721","a84025fa-87fd-4432-a89c-6e57f823ae73"]
&amp#27;[38;5;32m[AndroidUiautomator2Driver@cb04 (a84025fa)]&amp#27;[0m Matched '/element/00000000-0000-0464-ffff-ffff00000721/attribute/displayed' to command name 'getAttribute'
&amp#27;[38;5;32m[AndroidUiautomator2Driver@cb04 (a84025fa)]&amp#27;[0m Proxying [GET /element/00000000-0000-0464-ffff-ffff00000721/attribute/displayed] to [GET http://127.0.0.1:8209/session/e13e9c10-6759-487b-84e8-6054836a870e/element/00000000-0000-0464-ffff-ffff00000721/attribute/displayed] with no body
&amp#27;[38;5;32m[AndroidUiautomator2Driver@cb04 (a84025fa)]&amp#27;[0m Got response with status 200: {"sessionId":"e13e9c10-6759-487b-84e8-6054836a870e","value":"true"}
&amp#27;[38;5;32m[AndroidUiautomator2Driver@cb04 (a84025fa)]&amp#27;[0m Responding to client with driver.elementDisplayed() result: true
&amp#27;[38;5;0m[HTTP]&amp#27;[0m &amp#27;[37m<-- GET /session/a84025fa-87fd-4432-a89c-6e57f823ae73/element/00000000-0000-0464-ffff-ffff00000721/displayed &amp#27;[39m&amp#27;[32m200&amp#27;[39m &amp#27;[90m8 ms - 14&amp#27;[39m
&amp#27;[38;5;0m[HTTP]&amp#27;[0m &amp#27;[90m&amp#27;[39m
&amp#27;[38;5;0m[HTTP]&amp#27;[0m &amp#27;[37m-->&amp#27;[39m &amp#27;[37mGET&amp#27;[39m &amp#27;[37m/session/a84025fa-87fd-4432-a89c-6e57f823ae73/context&amp#27;[39m
&amp#27;[38;5;0m[HTTP]&amp#27;[0m &amp#27;[90m{}&amp#27;[39m
&amp#27;[38;5;32m[AndroidUiautomator2Driver@cb04 (a84025fa)]&amp#27;[0m Calling AppiumDriver.getCurrentContext() with args: ["a84025fa-87fd-4432-a89c-6e57f823ae73"]
&amp#27;[38;5;32m[AndroidUiautomator2Driver@cb04 (a84025fa)]&amp#27;[0m Responding to client with driver.getCurrentContext() result: "NATIVE_APP"
&amp#27;[38;5;0m[HTTP]&amp#27;[0m &amp#27;[37m<-- GET /session/a84025fa-87fd-4432-a89c-6e57f823ae73/context &amp#27;[39m&amp#27;[32m200&amp#27;[39m &amp#27;[90m1 ms - 22&amp#27;[39m
&amp#27;[38;5;0m[HTTP]&amp#27;[0m &amp#27;[90m&amp#27;[39m
&amp#27;[38;5;0m[HTTP]&amp#27;[0m &amp#27;[37m-->&amp#27;[39m &amp#27;[37mPOST&amp#27;[39m &amp#27;[37m/session/a84025fa-87fd-4432-a89c-6e57f823ae73/elements&amp#27;[39m
&amp#27;[38;5;0m[HTTP]&amp#27;[0m &amp#27;[90m{"value":"com.fivemobile.thescore:id/view_inverse","using":"id"}&amp#27;[39m
&amp#27;[38;5;32m[AndroidUiautomator2Driver@cb04 (a84025fa)]&amp#27;[0m Calling AppiumDriver.findElements() with args: ["id","com.fivemobile.thescore:id/view_inverse","a84025fa-87fd-4432-a89c-6e57f823ae73"]
&amp#27;[38;5;32m[AndroidUiautomator2Driver@cb04 (a84025fa)]&amp#27;[0m Valid locator strategies for this request: xpath, id, class name, accessibility id, css selector, -android uiautomator
&amp#27;[38;5;32m[AndroidUiautomator2Driver@cb04 (a84025fa)]&amp#27;[0m Waiting up to 10000 ms for condition
&amp#27;[38;5;32m[AndroidUiautomator2Driver@cb04 (a84025fa)]&amp#27;[0m Matched '/elements' to command name 'findElements'
&amp#27;[38;5;32m[AndroidUiautomator2Driver@cb04 (a84025fa)]&amp#27;[0m Proxying [POST /elements] to [POST http://127.0.0.1:8209/session/e13e9c10-6759-487b-84e8-6054836a870e/elements] with body: {"strategy":"id","selector":"com.fivemobile.thescore:id/view_inverse","context":"","multiple":true}
&amp#27;[38;5;32m[AndroidUiautomator2Driver@cb04 (a84025fa)]&amp#27;[0m Got response with status 200: {"sessionId":"e13e9c10-6759-487b-84e8-6054836a870e","value":[{"ELEMENT":"00000000-0000-0464-ffff-ffff000006f3","element-6066-11e4-a52e-4f735466cecf":"00000000-0000-0464-ffff-ffff000006f3"},{"ELEMENT":"00000000-0000-0464-ffff-ffff000006f9","element-6066-11e4-a52e-4f735466cecf":"00000000-0000-0464-ffff-ffff000006f9"},{"ELEMENT":"00000000-0000-0464-ffff-ffff000006ff","element-6066-11e4-a52e-4f735466cecf":"00000000-0000-0464-ffff-ffff000006ff"},{"ELEMENT":"00000000-0000-0464-ffff-ffff00000705","element-6066-11e4-a52e-4f735466cecf":"00000000-0000-0464-ffff-ffff00000705"},{"ELEMENT":"00000000-0000-0464-ffff-ffff0000070b","element-6066-11e4-a52e-4f735466cecf":"00000000-0000-0464-ffff-ffff0000070b"},{"ELEMENT":"00000000-0000-0464-ffff-ffff00000715","element-6066-11e4-a52e-4f735466cecf":"00000000-0000-0464-ffff-ffff00000715"},{"ELEMENT":"00000000-0000-0464-ffff-ffff0000071b","element-6066-11e4-a52e-4f735466cecf":"00000000-0000-0464-ffff-ffff0000071b"},{"ELEMENT":"00000000-0000-0464-ffff-ffff00000721","element-6066-...
&amp#27;[38;5;32m[AndroidUiautomator2Driver@cb04 (a84025fa)]&amp#27;[0m Responding to client with driver.findElements() result: [{"element-6066-11e4-a52e-4f735466cecf":"00000000-0000-0464-ffff-ffff000006f3","ELEMENT":"00000000-0000-0464-ffff-ffff000006f3"},{"element-6066-11e4-a52e-4f735466cecf":"00000000-0000-0464-ffff-ffff000006f9","ELEMENT":"00000000-0000-0464-ffff-ffff000006f9"},{"element-6066-11e4-a52e-4f735466cecf":"00000000-0000-0464-ffff-ffff000006ff","ELEMENT":"00000000-0000-0464-ffff-ffff000006ff"},{"element-6066-11e4-a52e-4f735466cecf":"00000000-0000-0464-ffff-ffff00000705","ELEMENT":"00000000-0000-0464-ffff-ffff00000705"},{"element-6066-11e4-a52e-4f735466cecf":"00000000-0000-0464-ffff-ffff0000070b","ELEMENT":"00000000-0000-0464-ffff-ffff0000070b"},{"element-6066-11e4-a52e-4f735466cecf":"00000000-0000-0464-ffff-ffff00000715","ELEMENT":"00000000-0000-0464-ffff-ffff00000715"},{"element-6066-11e4-a52e-4f735466cecf":"00000000-0000-0464-ffff-ffff0000071b","ELEMENT":"00000000-0000-0464-ffff-ffff0000071b"},{"element-6066-11e4-a52e-4f735466cecf":"00000000-0000-0464-ffff-ffff00000721","ELEMENT":"00000000-0000-0464-ffff-ffff0000072...
&amp#27;[38;5;0m[HTTP]&amp#27;[0m &amp#27;[37m<-- POST /session/a84025fa-87fd-4432-a89c-6e57f823ae73/elements &amp#27;[39m&amp#27;[32m200&amp#27;[39m &amp#27;[90m99 ms - 1291&amp#27;[39m
&amp#27;[38;5;0m[HTTP]&amp#27;[0m &amp#27;[90m&amp#27;[39m
&amp#27;[38;5;0m[HTTP]&amp#27;[0m &amp#27;[37m-->&amp#27;[39m &amp#27;[37mGET&amp#27;[39m &amp#27;[37m/session/a84025fa-87fd-4432-a89c-6e57f823ae73/context&amp#27;[39m
&amp#27;[38;5;0m[HTTP]&amp#27;[0m &amp#27;[90m{}&amp#27;[39m
&amp#27;[38;5;32m[AndroidUiautomator2Driver@cb04 (a84025fa)]&amp#27;[0m Calling AppiumDriver.getCurrentContext() with args: ["a84025fa-87fd-4432-a89c-6e57f823ae73"]
&amp#27;[38;5;32m[AndroidUiautomator2Driver@cb04 (a84025fa)]&amp#27;[0m Responding to client with driver.getCurrentContext() result: "NATIVE_APP"
&amp#27;[38;5;0m[HTTP]&amp#27;[0m &amp#27;[37m<-- GET /session/a84025fa-87fd-4432-a89c-6e57f823ae73/context &amp#27;[39m&amp#27;[32m200&amp#27;[39m &amp#27;[90m0 ms - 22&amp#27;[39m
&amp#27;[38;5;0m[HTTP]&amp#27;[0m &amp#27;[90m&amp#27;[39m
&amp#27;[38;5;0m[HTTP]&amp#27;[0m &amp#27;[37m-->&amp#27;[39m &amp#27;[37mPOST&amp#27;[39m &amp#27;[37m/session/a84025fa-87fd-4432-a89c-6e57f823ae73/elements&amp#27;[39m
&amp#27;[38;5;0m[HTTP]&amp#27;[0m &amp#27;[90m{"value":"com.fivemobile.thescore:id/view_inverse","using":"id"}&amp#27;[39m
&amp#27;[38;5;32m[AndroidUiautomator2Driver@cb04 (a84025fa)]&amp#27;[0m Calling AppiumDriver.findElements() with args: ["id","com.fivemobile.thescore:id/view_inverse","a84025fa-87fd-4432-a89c-6e57f823ae73"]
&amp#27;[38;5;32m[AndroidUiautomator2Driver@cb04 (a84025fa)]&amp#27;[0m Valid locator strategies for this request: xpath, id, class name, accessibility id, css selector, -android uiautomator
&amp#27;[38;5;32m[AndroidUiautomator2Driver@cb04 (a84025fa)]&amp#27;[0m Waiting up to 10000 ms for condition
&amp#27;[38;5;32m[AndroidUiautomator2Driver@cb04 (a84025fa)]&amp#27;[0m Matched '/elements' to command name 'findElements'
&amp#27;[38;5;32m[AndroidUiautomator2Driver@cb04 (a84025fa)]&amp#27;[0m Proxying [POST /elements] to [POST http://127.0.0.1:8209/session/e13e9c10-6759-487b-84e8-6054836a870e/elements] with body: {"strategy":"id","selector":"com.fivemobile.thescore:id/view_inverse","context":"","multiple":true}
&amp#27;[38;5;32m[AndroidUiautomator2Driver@cb04 (a84025fa)]&amp#27;[0m Got response with status 200: {"sessionId":"e13e9c10-6759-487b-84e8-6054836a870e","value":[{"ELEMENT":"00000000-0000-0464-ffff-ffff000006f3","element-6066-11e4-a52e-4f735466cecf":"00000000-0000-0464-ffff-ffff000006f3"},{"ELEMENT":"00000000-0000-0464-ffff-ffff000006f9","element-6066-11e4-a52e-4f735466cecf":"00000000-0000-0464-ffff-ffff000006f9"},{"ELEMENT":"00000000-0000-0464-ffff-ffff000006ff","element-6066-11e4-a52e-4f735466cecf":"00000000-0000-0464-ffff-ffff000006ff"},{"ELEMENT":"00000000-0000-0464-ffff-ffff00000705","element-6066-11e4-a52e-4f735466cecf":"00000000-0000-0464-ffff-ffff00000705"},{"ELEMENT":"00000000-0000-0464-ffff-ffff0000070b","element-6066-11e4-a52e-4f735466cecf":"00000000-0000-0464-ffff-ffff0000070b"},{"ELEMENT":"00000000-0000-0464-ffff-ffff00000715","element-6066-11e4-a52e-4f735466cecf":"00000000-0000-0464-ffff-ffff00000715"},{"ELEMENT":"00000000-0000-0464-ffff-ffff0000071b","element-6066-11e4-a52e-4f735466cecf":"00000000-0000-0464-ffff-ffff0000071b"},{"ELEMENT":"00000000-0000-0464-ffff-ffff00000721","element-6066-...
&amp#27;[38;5;32m[AndroidUiautomator2Driver@cb04 (a84025fa)]&amp#27;[0m Responding to client with driver.findElements() result: [{"element-6066-11e4-a52e-4f735466cecf":"00000000-0000-0464-ffff-ffff000006f3","ELEMENT":"00000000-0000-0464-ffff-ffff000006f3"},{"element-6066-11e4-a52e-4f735466cecf":"00000000-0000-0464-ffff-ffff000006f9","ELEMENT":"00000000-0000-0464-ffff-ffff000006f9"},{"element-6066-11e4-a52e-4f735466cecf":"00000000-0000-0464-ffff-ffff000006ff","ELEMENT":"00000000-0000-0464-ffff-ffff000006ff"},{"element-6066-11e4-a52e-4f735466cecf":"00000000-0000-0464-ffff-ffff00000705","ELEMENT":"00000000-0000-0464-ffff-ffff00000705"},{"element-6066-11e4-a52e-4f735466cecf":"00000000-0000-0464-ffff-ffff0000070b","ELEMENT":"00000000-0000-0464-ffff-ffff0000070b"},{"element-6066-11e4-a52e-4f735466cecf":"00000000-0000-0464-ffff-ffff00000715","ELEMENT":"00000000-0000-0464-ffff-ffff00000715"},{"element-6066-11e4-a52e-4f735466cecf":"00000000-0000-0464-ffff-ffff0000071b","ELEMENT":"00000000-0000-0464-ffff-ffff0000071b"},{"element-6066-11e4-a52e-4f735466cecf":"00000000-0000-0464-ffff-ffff00000721","ELEMENT":"00000000-0000-0464-ffff-ffff0000072...
&amp#27;[38;5;0m[HTTP]&amp#27;[0m &amp#27;[37m<-- POST /session/a84025fa-87fd-4432-a89c-6e57f823ae73/elements &amp#27;[39m&amp#27;[32m200&amp#27;[39m &amp#27;[90m100 ms - 1291&amp#27;[39m
&amp#27;[38;5;0m[HTTP]&amp#27;[0m &amp#27;[90m&amp#27;[39m
&amp#27;[38;5;0m[HTTP]&amp#27;[0m &amp#27;[37m-->&amp#27;[39m &amp#27;[37mGET&amp#27;[39m &amp#27;[37m/session/a84025fa-87fd-4432-a89c-6e57f823ae73/element/00000000-0000-0464-ffff-ffff00000727/displayed&amp#27;[39m
&amp#27;[38;5;0m[HTTP]&amp#27;[0m &amp#27;[90m{}&amp#27;[39m
&amp#27;[38;5;32m[AndroidUiautomator2Driver@cb04 (a84025fa)]&amp#27;[0m Calling AppiumDriver.elementDisplayed() with args: ["00000000-0000-0464-ffff-ffff00000727","a84025fa-87fd-4432-a89c-6e57f823ae73"]
&amp#27;[38;5;32m[AndroidUiautomator2Driver@cb04 (a84025fa)]&amp#27;[0m Matched '/element/00000000-0000-0464-ffff-ffff00000727/attribute/displayed' to command name 'getAttribute'
&amp#27;[38;5;32m[AndroidUiautomator2Driver@cb04 (a84025fa)]&amp#27;[0m Proxying [GET /element/00000000-0000-0464-ffff-ffff00000727/attribute/displayed] to [GET http://127.0.0.1:8209/session/e13e9c10-6759-487b-84e8-6054836a870e/element/00000000-0000-0464-ffff-ffff00000727/attribute/displayed] with no body
&amp#27;[38;5;32m[AndroidUiautomator2Driver@cb04 (a84025fa)]&amp#27;[0m Got response with status 200: {"sessionId":"e13e9c10-6759-487b-84e8-6054836a870e","value":"true"}
&amp#27;[38;5;32m[AndroidUiautomator2Driver@cb04 (a84025fa)]&amp#27;[0m Responding to client with driver.elementDisplayed() result: true
&amp#27;[38;5;0m[HTTP]&amp#27;[0m &amp#27;[37m<-- GET /session/a84025fa-87fd-4432-a89c-6e57f823ae73/element/00000000-0000-0464-ffff-ffff00000727/displayed &amp#27;[39m&amp#27;[32m200&amp#27;[39m &amp#27;[90m10 ms - 14&amp#27;[39m
&amp#27;[38;5;0m[HTTP]&amp#27;[0m &amp#27;[90m&amp#27;[39m
&amp#27;[38;5;0m[HTTP]&amp#27;[0m &amp#27;[37m-->&amp#27;[39m &amp#27;[37mGET&amp#27;[39m &amp#27;[37m/session/a84025fa-87fd-4432-a89c-6e57f823ae73/context&amp#27;[39m
&amp#27;[38;5;0m[HTTP]&amp#27;[0m &amp#27;[90m{}&amp#27;[39m
&amp#27;[38;5;32m[AndroidUiautomator2Driver@cb04 (a84025fa)]&amp#27;[0m Calling AppiumDriver.getCurrentContext() with args: ["a84025fa-87fd-4432-a89c-6e57f823ae73"]
&amp#27;[38;5;32m[AndroidUiautomator2Driver@cb04 (a84025fa)]&amp#27;[0m Responding to client with driver.getCurrentContext() result: "NATIVE_APP"
&amp#27;[38;5;0m[HTTP]&amp#27;[0m &amp#27;[37m<-- GET /session/a84025fa-87fd-4432-a89c-6e57f823ae73/context &amp#27;[39m&amp#27;[32m200&amp#27;[39m &amp#27;[90m1 ms - 22&amp#27;[39m
&amp#27;[38;5;0m[HTTP]&amp#27;[0m &amp#27;[90m&amp#27;[39m
&amp#27;[38;5;0m[HTTP]&amp#27;[0m &amp#27;[37m-->&amp#27;[39m &amp#27;[37mPOST&amp#27;[39m &amp#27;[37m/session/a84025fa-87fd-4432-a89c-6e57f823ae73/elements&amp#27;[39m
&amp#27;[38;5;0m[HTTP]&amp#27;[0m &amp#27;[90m{"value":"com.fivemobile.thescore:id/view_inverse","using":"id"}&amp#27;[39m
&amp#27;[38;5;32m[AndroidUiautomator2Driver@cb04 (a84025fa)]&amp#27;[0m Calling AppiumDriver.findElements() with args: ["id","com.fivemobile.thescore:id/view_inverse","a84025fa-87fd-4432-a89c-6e57f823ae73"]
&amp#27;[38;5;32m[AndroidUiautomator2Driver@cb04 (a84025fa)]&amp#27;[0m Valid locator strategies for this request: xpath, id, class name, accessibility id, css selector, -android uiautomator
&amp#27;[38;5;32m[AndroidUiautomator2Driver@cb04 (a84025fa)]&amp#27;[0m Waiting up to 10000 ms for condition
&amp#27;[38;5;32m[AndroidUiautomator2Driver@cb04 (a84025fa)]&amp#27;[0m Matched '/elements' to command name 'findElements'
&amp#27;[38;5;32m[AndroidUiautomator2Driver@cb04 (a84025fa)]&amp#27;[0m Proxying [POST /elements] to [POST http://127.0.0.1:8209/session/e13e9c10-6759-487b-84e8-6054836a870e/elements] with body: {"strategy":"id","selector":"com.fivemobile.thescore:id/view_inverse","context":"","multiple":true}
&amp#27;[38;5;32m[AndroidUiautomator2Driver@cb04 (a84025fa)]&amp#27;[0m Got response with status 200: {"sessionId":"e13e9c10-6759-487b-84e8-6054836a870e","value":[{"ELEMENT":"00000000-0000-0464-ffff-ffff000006f3","element-6066-11e4-a52e-4f735466cecf":"00000000-0000-0464-ffff-ffff000006f3"},{"ELEMENT":"00000000-0000-0464-ffff-ffff000006f9","element-6066-11e4-a52e-4f735466cecf":"00000000-0000-0464-ffff-ffff000006f9"},{"ELEMENT":"00000000-0000-0464-ffff-ffff000006ff","element-6066-11e4-a52e-4f735466cecf":"00000000-0000-0464-ffff-ffff000006ff"},{"ELEMENT":"00000000-0000-0464-ffff-ffff00000705","element-6066-11e4-a52e-4f735466cecf":"00000000-0000-0464-ffff-ffff00000705"},{"ELEMENT":"00000000-0000-0464-ffff-ffff0000070b","element-6066-11e4-a52e-4f735466cecf":"00000000-0000-0464-ffff-ffff0000070b"},{"ELEMENT":"00000000-0000-0464-ffff-ffff00000715","element-6066-11e4-a52e-4f735466cecf":"00000000-0000-0464-ffff-ffff00000715"},{"ELEMENT":"00000000-0000-0464-ffff-ffff0000071b","element-6066-11e4-a52e-4f735466cecf":"00000000-0000-0464-ffff-ffff0000071b"},{"ELEMENT":"00000000-0000-0464-ffff-ffff00000721","element-6066-...
&amp#27;[38;5;32m[AndroidUiautomator2Driver@cb04 (a84025fa)]&amp#27;[0m Responding to client with driver.findElements() result: [{"element-6066-11e4-a52e-4f735466cecf":"00000000-0000-0464-ffff-ffff000006f3","ELEMENT":"00000000-0000-0464-ffff-ffff000006f3"},{"element-6066-11e4-a52e-4f735466cecf":"00000000-0000-0464-ffff-ffff000006f9","ELEMENT":"00000000-0000-0464-ffff-ffff000006f9"},{"element-6066-11e4-a52e-4f735466cecf":"00000000-0000-0464-ffff-ffff000006ff","ELEMENT":"00000000-0000-0464-ffff-ffff000006ff"},{"element-6066-11e4-a52e-4f735466cecf":"00000000-0000-0464-ffff-ffff00000705","ELEMENT":"00000000-0000-0464-ffff-ffff00000705"},{"element-6066-11e4-a52e-4f735466cecf":"00000000-0000-0464-ffff-ffff0000070b","ELEMENT":"00000000-0000-0464-ffff-ffff0000070b"},{"element-6066-11e4-a52e-4f735466cecf":"00000000-0000-0464-ffff-ffff00000715","ELEMENT":"00000000-0000-0464-ffff-ffff00000715"},{"element-6066-11e4-a52e-4f735466cecf":"00000000-0000-0464-ffff-ffff0000071b","ELEMENT":"00000000-0000-0464-ffff-ffff0000071b"},{"element-6066-11e4-a52e-4f735466cecf":"00000000-0000-0464-ffff-ffff00000721","ELEMENT":"00000000-0000-0464-ffff-ffff0000072...
&amp#27;[38;5;0m[HTTP]&amp#27;[0m &amp#27;[37m<-- POST /session/a84025fa-87fd-4432-a89c-6e57f823ae73/elements &amp#27;[39m&amp#27;[32m200&amp#27;[39m &amp#27;[90m96 ms - 1291&amp#27;[39m
&amp#27;[38;5;0m[HTTP]&amp#27;[0m &amp#27;[90m&amp#27;[39m
&amp#27;[38;5;0m[HTTP]&amp#27;[0m &amp#27;[37m-->&amp#27;[39m &amp#27;[37mGET&amp#27;[39m &amp#27;[37m/session/a84025fa-87fd-4432-a89c-6e57f823ae73/context&amp#27;[39m
&amp#27;[38;5;0m[HTTP]&amp#27;[0m &amp#27;[90m{}&amp#27;[39m
&amp#27;[38;5;32m[AndroidUiautomator2Driver@cb04 (a84025fa)]&amp#27;[0m Calling AppiumDriver.getCurrentContext() with args: ["a84025fa-87fd-4432-a89c-6e57f823ae73"]
&amp#27;[38;5;32m[AndroidUiautomator2Driver@cb04 (a84025fa)]&amp#27;[0m Responding to client with driver.getCurrentContext() result: "NATIVE_APP"
&amp#27;[38;5;0m[HTTP]&amp#27;[0m &amp#27;[37m<-- GET /session/a84025fa-87fd-4432-a89c-6e57f823ae73/context &amp#27;[39m&amp#27;[32m200&amp#27;[39m &amp#27;[90m0 ms - 22&amp#27;[39m
&amp#27;[38;5;0m[HTTP]&amp#27;[0m &amp#27;[90m&amp#27;[39m
&amp#27;[38;5;0m[HTTP]&amp#27;[0m &amp#27;[37m-->&amp#27;[39m &amp#27;[37mPOST&amp#27;[39m &amp#27;[37m/session/a84025fa-87fd-4432-a89c-6e57f823ae73/elements&amp#27;[39m
&amp#27;[38;5;0m[HTTP]&amp#27;[0m &amp#27;[90m{"value":"com.fivemobile.thescore:id/view_inverse","using":"id"}&amp#27;[39m
&amp#27;[38;5;32m[AndroidUiautomator2Driver@cb04 (a84025fa)]&amp#27;[0m Calling AppiumDriver.findElements() with args: ["id","com.fivemobile.thescore:id/view_inverse","a84025fa-87fd-4432-a89c-6e57f823ae73"]
&amp#27;[38;5;32m[AndroidUiautomator2Driver@cb04 (a84025fa)]&amp#27;[0m Valid locator strategies for this request: xpath, id, class name, accessibility id, css selector, -android uiautomator
&amp#27;[38;5;32m[AndroidUiautomator2Driver@cb04 (a84025fa)]&amp#27;[0m Waiting up to 10000 ms for condition
&amp#27;[38;5;32m[AndroidUiautomator2Driver@cb04 (a84025fa)]&amp#27;[0m Matched '/elements' to command name 'findElements'
&amp#27;[38;5;32m[AndroidUiautomator2Driver@cb04 (a84025fa)]&amp#27;[0m Proxying [POST /elements] to [POST http://127.0.0.1:8209/session/e13e9c10-6759-487b-84e8-6054836a870e/elements] with body: {"strategy":"id","selector":"com.fivemobile.thescore:id/view_inverse","context":"","multiple":true}
&amp#27;[38;5;32m[AndroidUiautomator2Driver@cb04 (a84025fa)]&amp#27;[0m Got response with status 200: {"sessionId":"e13e9c10-6759-487b-84e8-6054836a870e","value":[{"ELEMENT":"00000000-0000-0464-ffff-ffff000006f3","element-6066-11e4-a52e-4f735466cecf":"00000000-0000-0464-ffff-ffff000006f3"},{"ELEMENT":"00000000-0000-0464-ffff-ffff000006f9","element-6066-11e4-a52e-4f735466cecf":"00000000-0000-0464-ffff-ffff000006f9"},{"ELEMENT":"00000000-0000-0464-ffff-ffff000006ff","element-6066-11e4-a52e-4f735466cecf":"00000000-0000-0464-ffff-ffff000006ff"},{"ELEMENT":"00000000-0000-0464-ffff-ffff00000705","element-6066-11e4-a52e-4f735466cecf":"00000000-0000-0464-ffff-ffff00000705"},{"ELEMENT":"00000000-0000-0464-ffff-ffff0000070b","element-6066-11e4-a52e-4f735466cecf":"00000000-0000-0464-ffff-ffff0000070b"},{"ELEMENT":"00000000-0000-0464-ffff-ffff00000715","element-6066-11e4-a52e-4f735466cecf":"00000000-0000-0464-ffff-ffff00000715"},{"ELEMENT":"00000000-0000-0464-ffff-ffff0000071b","element-6066-11e4-a52e-4f735466cecf":"00000000-0000-0464-ffff-ffff0000071b"},{"ELEMENT":"00000000-0000-0464-ffff-ffff00000721","element-6066-...
&amp#27;[38;5;32m[AndroidUiautomator2Driver@cb04 (a84025fa)]&amp#27;[0m Responding to client with driver.findElements() result: [{"element-6066-11e4-a52e-4f735466cecf":"00000000-0000-0464-ffff-ffff000006f3","ELEMENT":"00000000-0000-0464-ffff-ffff000006f3"},{"element-6066-11e4-a52e-4f735466cecf":"00000000-0000-0464-ffff-ffff000006f9","ELEMENT":"00000000-0000-0464-ffff-ffff000006f9"},{"element-6066-11e4-a52e-4f735466cecf":"00000000-0000-0464-ffff-ffff000006ff","ELEMENT":"00000000-0000-0464-ffff-ffff000006ff"},{"element-6066-11e4-a52e-4f735466cecf":"00000000-0000-0464-ffff-ffff00000705","ELEMENT":"00000000-0000-0464-ffff-ffff00000705"},{"element-6066-11e4-a52e-4f735466cecf":"00000000-0000-0464-ffff-ffff0000070b","ELEMENT":"00000000-0000-0464-ffff-ffff0000070b"},{"element-6066-11e4-a52e-4f735466cecf":"00000000-0000-0464-ffff-ffff00000715","ELEMENT":"00000000-0000-0464-ffff-ffff00000715"},{"element-6066-11e4-a52e-4f735466cecf":"00000000-0000-0464-ffff-ffff0000071b","ELEMENT":"00000000-0000-0464-ffff-ffff0000071b"},{"element-6066-11e4-a52e-4f735466cecf":"00000000-0000-0464-ffff-ffff00000721","ELEMENT":"00000000-0000-0464-ffff-ffff0000072...
&amp#27;[38;5;0m[HTTP]&amp#27;[0m &amp#27;[37m<-- POST /session/a84025fa-87fd-4432-a89c-6e57f823ae73/elements &amp#27;[39m&amp#27;[32m200&amp#27;[39m &amp#27;[90m96 ms - 1291&amp#27;[39m
&amp#27;[38;5;0m[HTTP]&amp#27;[0m &amp#27;[90m&amp#27;[39m
&amp#27;[38;5;0m[HTTP]&amp#27;[0m &amp#27;[37m-->&amp#27;[39m &amp#27;[37mGET&amp#27;[39m &amp#27;[37m/session/a84025fa-87fd-4432-a89c-6e57f823ae73/element/00000000-0000-0464-ffff-ffff0000072d/displayed&amp#27;[39m
&amp#27;[38;5;0m[HTTP]&amp#27;[0m &amp#27;[90m{}&amp#27;[39m
&amp#27;[38;5;32m[AndroidUiautomator2Driver@cb04 (a84025fa)]&amp#27;[0m Calling AppiumDriver.elementDisplayed() with args: ["00000000-0000-0464-ffff-ffff0000072d","a84025fa-87fd-4432-a89c-6e57f823ae73"]
&amp#27;[38;5;32m[AndroidUiautomator2Driver@cb04 (a84025fa)]&amp#27;[0m Matched '/element/00000000-0000-0464-ffff-ffff0000072d/attribute/displayed' to command name 'getAttribute'
&amp#27;[38;5;32m[AndroidUiautomator2Driver@cb04 (a84025fa)]&amp#27;[0m Proxying [GET /element/00000000-0000-0464-ffff-ffff0000072d/attribute/displayed] to [GET http://127.0.0.1:8209/session/e13e9c10-6759-487b-84e8-6054836a870e/element/00000000-0000-0464-ffff-ffff0000072d/attribute/displayed] with no body
&amp#27;[38;5;32m[AndroidUiautomator2Driver@cb04 (a84025fa)]&amp#27;[0m Got response with status 200: {"sessionId":"e13e9c10-6759-487b-84e8-6054836a870e","value":"true"}
&amp#27;[38;5;32m[AndroidUiautomator2Driver@cb04 (a84025fa)]&amp#27;[0m Responding to client with driver.elementDisplayed() result: true
&amp#27;[38;5;0m[HTTP]&amp#27;[0m &amp#27;[37m<-- GET /session/a84025fa-87fd-4432-a89c-6e57f823ae73/element/00000000-0000-0464-ffff-ffff0000072d/displayed &amp#27;[39m&amp#27;[32m200&amp#27;[39m &amp#27;[90m10 ms - 14&amp#27;[39m
&amp#27;[38;5;0m[HTTP]&amp#27;[0m &amp#27;[90m&amp#27;[39m
&amp#27;[38;5;0m[HTTP]&amp#27;[0m &amp#27;[37m-->&amp#27;[39m &amp#27;[37mGET&amp#27;[39m &amp#27;[37m/session/a84025fa-87fd-4432-a89c-6e57f823ae73/context&amp#27;[39m
&amp#27;[38;5;0m[HTTP]&amp#27;[0m &amp#27;[90m{}&amp#27;[39m
&amp#27;[38;5;32m[AndroidUiautomator2Driver@cb04 (a84025fa)]&amp#27;[0m Calling AppiumDriver.getCurrentContext() with args: ["a84025fa-87fd-4432-a89c-6e57f823ae73"]
&amp#27;[38;5;32m[AndroidUiautomator2Driver@cb04 (a84025fa)]&amp#27;[0m Responding to client with driver.getCurrentContext() result: "NATIVE_APP"
&amp#27;[38;5;0m[HTTP]&amp#27;[0m &amp#27;[37m<-- GET /session/a84025fa-87fd-4432-a89c-6e57f823ae73/context &amp#27;[39m&amp#27;[32m200&amp#27;[39m &amp#27;[90m1 ms - 22&amp#27;[39m
&amp#27;[38;5;0m[HTTP]&amp#27;[0m &amp#27;[90m&amp#27;[39m
&amp#27;[38;5;0m[HTTP]&amp#27;[0m &amp#27;[37m-->&amp#27;[39m &amp#27;[37mPOST&amp#27;[39m &amp#27;[37m/session/a84025fa-87fd-4432-a89c-6e57f823ae73/elements&amp#27;[39m
&amp#27;[38;5;0m[HTTP]&amp#27;[0m &amp#27;[90m{"value":"com.fivemobile.thescore:id/view_inverse","using":"id"}&amp#27;[39m
&amp#27;[38;5;32m[AndroidUiautomator2Driver@cb04 (a84025fa)]&amp#27;[0m Calling AppiumDriver.findElements() with args: ["id","com.fivemobile.thescore:id/view_inverse","a84025fa-87fd-4432-a89c-6e57f823ae73"]
&amp#27;[38;5;32m[AndroidUiautomator2Driver@cb04 (a84025fa)]&amp#27;[0m Valid locator strategies for this request: xpath, id, class name, accessibility id, css selector, -android uiautomator
&amp#27;[38;5;32m[AndroidUiautomator2Driver@cb04 (a84025fa)]&amp#27;[0m Waiting up to 10000 ms for condition
&amp#27;[38;5;32m[AndroidUiautomator2Driver@cb04 (a84025fa)]&amp#27;[0m Matched '/elements' to command name 'findElements'
&amp#27;[38;5;32m[AndroidUiautomator2Driver@cb04 (a84025fa)]&amp#27;[0m Proxying [POST /elements] to [POST http://127.0.0.1:8209/session/e13e9c10-6759-487b-84e8-6054836a870e/elements] with body: {"strategy":"id","selector":"com.fivemobile.thescore:id/view_inverse","context":"","multiple":true}
&amp#27;[38;5;32m[AndroidUiautomator2Driver@cb04 (a84025fa)]&amp#27;[0m Got response with status 200: {"sessionId":"e13e9c10-6759-487b-84e8-6054836a870e","value":[{"ELEMENT":"00000000-0000-0464-ffff-ffff000006f3","element-6066-11e4-a52e-4f735466cecf":"00000000-0000-0464-ffff-ffff000006f3"},{"ELEMENT":"00000000-0000-0464-ffff-ffff000006f9","element-6066-11e4-a52e-4f735466cecf":"00000000-0000-0464-ffff-ffff000006f9"},{"ELEMENT":"00000000-0000-0464-ffff-ffff000006ff","element-6066-11e4-a52e-4f735466cecf":"00000000-0000-0464-ffff-ffff000006ff"},{"ELEMENT":"00000000-0000-0464-ffff-ffff00000705","element-6066-11e4-a52e-4f735466cecf":"00000000-0000-0464-ffff-ffff00000705"},{"ELEMENT":"00000000-0000-0464-ffff-ffff0000070b","element-6066-11e4-a52e-4f735466cecf":"00000000-0000-0464-ffff-ffff0000070b"},{"ELEMENT":"00000000-0000-0464-ffff-ffff00000715","element-6066-11e4-a52e-4f735466cecf":"00000000-0000-0464-ffff-ffff00000715"},{"ELEMENT":"00000000-0000-0464-ffff-ffff0000071b","element-6066-11e4-a52e-4f735466cecf":"00000000-0000-0464-ffff-ffff0000071b"},{"ELEMENT":"00000000-0000-0464-ffff-ffff00000721","element-6066-...
&amp#27;[38;5;32m[AndroidUiautomator2Driver@cb04 (a84025fa)]&amp#27;[0m Responding to client with driver.findElements() result: [{"element-6066-11e4-a52e-4f735466cecf":"00000000-0000-0464-ffff-ffff000006f3","ELEMENT":"00000000-0000-0464-ffff-ffff000006f3"},{"element-6066-11e4-a52e-4f735466cecf":"00000000-0000-0464-ffff-ffff000006f9","ELEMENT":"00000000-0000-0464-ffff-ffff000006f9"},{"element-6066-11e4-a52e-4f735466cecf":"00000000-0000-0464-ffff-ffff000006ff","ELEMENT":"00000000-0000-0464-ffff-ffff000006ff"},{"element-6066-11e4-a52e-4f735466cecf":"00000000-0000-0464-ffff-ffff00000705","ELEMENT":"00000000-0000-0464-ffff-ffff00000705"},{"element-6066-11e4-a52e-4f735466cecf":"00000000-0000-0464-ffff-ffff0000070b","ELEMENT":"00000000-0000-0464-ffff-ffff0000070b"},{"element-6066-11e4-a52e-4f735466cecf":"00000000-0000-0464-ffff-ffff00000715","ELEMENT":"00000000-0000-0464-ffff-ffff00000715"},{"element-6066-11e4-a52e-4f735466cecf":"00000000-0000-0464-ffff-ffff0000071b","ELEMENT":"00000000-0000-0464-ffff-ffff0000071b"},{"element-6066-11e4-a52e-4f735466cecf":"00000000-0000-0464-ffff-ffff00000721","ELEMENT":"00000000-0000-0464-ffff-ffff0000072...
&amp#27;[38;5;0m[HTTP]&amp#27;[0m &amp#27;[37m<-- POST /session/a84025fa-87fd-4432-a89c-6e57f823ae73/elements &amp#27;[39m&amp#27;[32m200&amp#27;[39m &amp#27;[90m93 ms - 1291&amp#27;[39m
&amp#27;[38;5;0m[HTTP]&amp#27;[0m &amp#27;[90m&amp#27;[39m
&amp#27;[38;5;0m[HTTP]&amp#27;[0m &amp#27;[37m-->&amp#27;[39m &amp#27;[37mGET&amp#27;[39m &amp#27;[37m/session/a84025fa-87fd-4432-a89c-6e57f823ae73/context&amp#27;[39m
&amp#27;[38;5;0m[HTTP]&amp#27;[0m &amp#27;[90m{}&amp#27;[39m
&amp#27;[38;5;32m[AndroidUiautomator2Driver@cb04 (a84025fa)]&amp#27;[0m Calling AppiumDriver.getCurrentContext() with args: ["a84025fa-87fd-4432-a89c-6e57f823ae73"]
&amp#27;[38;5;32m[AndroidUiautomator2Driver@cb04 (a84025fa)]&amp#27;[0m Responding to client with driver.getCurrentContext() result: "NATIVE_APP"
&amp#27;[38;5;0m[HTTP]&amp#27;[0m &amp#27;[37m<-- GET /session/a84025fa-87fd-4432-a89c-6e57f823ae73/context &amp#27;[39m&amp#27;[32m200&amp#27;[39m &amp#27;[90m1 ms - 22&amp#27;[39m
&amp#27;[38;5;0m[HTTP]&amp#27;[0m &amp#27;[90m&amp#27;[39m
&amp#27;[38;5;0m[HTTP]&amp#27;[0m &amp#27;[37m-->&amp#27;[39m &amp#27;[37mPOST&amp#27;[39m &amp#27;[37m/session/a84025fa-87fd-4432-a89c-6e57f823ae73/element&amp#27;[39m
&amp#27;[38;5;0m[HTTP]&amp#27;[0m &amp#27;[90m{"value":"Navigate up","using":"accessibility id"}&amp#27;[39m
&amp#27;[38;5;32m[AndroidUiautomator2Driver@cb04 (a84025fa)]&amp#27;[0m Calling AppiumDriver.findElement() with args: ["accessibility id","Navigate up","a84025fa-87fd-4432-a89c-6e57f823ae73"]
&amp#27;[38;5;32m[AndroidUiautomator2Driver@cb04 (a84025fa)]&amp#27;[0m Valid locator strategies for this request: xpath, id, class name, accessibility id, css selector, -android uiautomator
&amp#27;[38;5;32m[AndroidUiautomator2Driver@cb04 (a84025fa)]&amp#27;[0m Waiting up to 10000 ms for condition
&amp#27;[38;5;32m[AndroidUiautomator2Driver@cb04 (a84025fa)]&amp#27;[0m Matched '/element' to command name 'findElement'
&amp#27;[38;5;32m[AndroidUiautomator2Driver@cb04 (a84025fa)]&amp#27;[0m Proxying [POST /element] to [POST http://127.0.0.1:8209/session/e13e9c10-6759-487b-84e8-6054836a870e/element] with body: {"strategy":"accessibility id","selector":"Navigate up","context":"","multiple":false}
&amp#27;[38;5;32m[AndroidUiautomator2Driver@cb04 (a84025fa)]&amp#27;[0m Got response with status 200: {"sessionId":"e13e9c10-6759-487b-84e8-6054836a870e","value":{"ELEMENT":"00000000-0000-0464-ffff-ffff000004f2","element-6066-11e4-a52e-4f735466cecf":"00000000-0000-0464-ffff-ffff000004f2"}}
&amp#27;[38;5;32m[AndroidUiautomator2Driver@cb04 (a84025fa)]&amp#27;[0m Responding to client with driver.findElement() result: {"element-6066-11e4-a52e-4f735466cecf":"00000000-0000-0464-ffff-ffff000004f2","ELEMENT":"00000000-0000-0464-ffff-ffff000004f2"}
&amp#27;[38;5;0m[HTTP]&amp#27;[0m &amp#27;[37m<-- POST /session/a84025fa-87fd-4432-a89c-6e57f823ae73/element &amp#27;[39m&amp#27;[32m200&amp#27;[39m &amp#27;[90m19 ms - 137&amp#27;[39m
&amp#27;[38;5;0m[HTTP]&amp#27;[0m &amp#27;[90m&amp#27;[39m
&amp#27;[38;5;0m[HTTP]&amp#27;[0m &amp#27;[37m-->&amp#27;[39m &amp#27;[37mPOST&amp#27;[39m &amp#27;[37m/session/a84025fa-87fd-4432-a89c-6e57f823ae73/element/00000000-0000-0464-ffff-ffff000004f2/click&amp#27;[39m
&amp#27;[38;5;0m[HTTP]&amp#27;[0m &amp#27;[90m{"id":"00000000-0000-0464-ffff-ffff000004f2"}&amp#27;[39m
&amp#27;[38;5;32m[AndroidUiautomator2Driver@cb04 (a84025fa)]&amp#27;[0m Calling AppiumDriver.click() with args: ["00000000-0000-0464-ffff-ffff000004f2","a84025fa-87fd-4432-a89c-6e57f823ae73"]
&amp#27;[38;5;32m[AndroidUiautomator2Driver@cb04 (a84025fa)]&amp#27;[0m Matched '/element/00000000-0000-0464-ffff-ffff000004f2/click' to command name 'click'
&amp#27;[38;5;32m[AndroidUiautomator2Driver@cb04 (a84025fa)]&amp#27;[0m Proxying [POST /element/00000000-0000-0464-ffff-ffff000004f2/click] to [POST http://127.0.0.1:8209/session/e13e9c10-6759-487b-84e8-6054836a870e/element/00000000-0000-0464-ffff-ffff000004f2/click] with body: {"element":"00000000-0000-0464-ffff-ffff000004f2"}
&amp#27;[38;5;32m[AndroidUiautomator2Driver@cb04 (a84025fa)]&amp#27;[0m Got response with status 200: {"sessionId":"e13e9c10-6759-487b-84e8-6054836a870e","value":null}
&amp#27;[38;5;32m[AndroidUiautomator2Driver@cb04 (a84025fa)]&amp#27;[0m Responding to client with driver.click() result: null
&amp#27;[38;5;0m[HTTP]&amp#27;[0m &amp#27;[37m<-- POST /session/a84025fa-87fd-4432-a89c-6e57f823ae73/element/00000000-0000-0464-ffff-ffff000004f2/click &amp#27;[39m&amp#27;[32m200&amp#27;[39m &amp#27;[90m144 ms - 14&amp#27;[39m
&amp#27;[38;5;0m[HTTP]&amp#27;[0m &amp#27;[90m&amp#27;[39m
&amp#27;[38;5;0m[HTTP]&amp#27;[0m &amp#27;[37m-->&amp#27;[39m &amp#27;[37mGET&amp#27;[39m &amp#27;[37m/session/a84025fa-87fd-4432-a89c-6e57f823ae73/context&amp#27;[39m
&amp#27;[38;5;0m[HTTP]&amp#27;[0m &amp#27;[90m{}&amp#27;[39m
&amp#27;[38;5;32m[AndroidUiautomator2Driver@cb04 (a84025fa)]&amp#27;[0m Calling AppiumDriver.getCurrentContext() with args: ["a84025fa-87fd-4432-a89c-6e57f823ae73"]
&amp#27;[38;5;32m[AndroidUiautomator2Driver@cb04 (a84025fa)]&amp#27;[0m Responding to client with driver.getCurrentContext() result: "NATIVE_APP"
&amp#27;[38;5;0m[HTTP]&amp#27;[0m &amp#27;[37m<-- GET /session/a84025fa-87fd-4432-a89c-6e57f823ae73/context &amp#27;[39m&amp#27;[32m200&amp#27;[39m &amp#27;[90m1 ms - 22&amp#27;[39m
&amp#27;[38;5;0m[HTTP]&amp#27;[0m &amp#27;[90m&amp#27;[39m
&amp#27;[38;5;0m[HTTP]&amp#27;[0m &amp#27;[37m-->&amp#27;[39m &amp#27;[37mPOST&amp#27;[39m &amp#27;[37m/session/a84025fa-87fd-4432-a89c-6e57f823ae73/element&amp#27;[39m
&amp#27;[38;5;0m[HTTP]&amp#27;[0m &amp#27;[90m{"value":"com.fivemobile.thescore:id/search_src_text","using":"id"}&amp#27;[39m
&amp#27;[38;5;32m[AndroidUiautomator2Driver@cb04 (a84025fa)]&amp#27;[0m Calling AppiumDriver.findElement() with args: ["id","com.fivemobile.thescore:id/search_src_text","a84025fa-87fd-4432-a89c-6e57f823ae73"]
&amp#27;[38;5;32m[AndroidUiautomator2Driver@cb04 (a84025fa)]&amp#27;[0m Valid locator strategies for this request: xpath, id, class name, accessibility id, css selector, -android uiautomator
&amp#27;[38;5;32m[AndroidUiautomator2Driver@cb04 (a84025fa)]&amp#27;[0m Waiting up to 10000 ms for condition
&amp#27;[38;5;32m[AndroidUiautomator2Driver@cb04 (a84025fa)]&amp#27;[0m Matched '/element' to command name 'findElement'
&amp#27;[38;5;32m[AndroidUiautomator2Driver@cb04 (a84025fa)]&amp#27;[0m Proxying [POST /element] to [POST http://127.0.0.1:8209/session/e13e9c10-6759-487b-84e8-6054836a870e/element] with body: {"strategy":"id","selector":"com.fivemobile.thescore:id/search_src_text","context":"","multiple":false}
&amp#27;[38;5;32m[AndroidUiautomator2Driver@cb04 (a84025fa)]&amp#27;[0m Got response with status 200: {"sessionId":"e13e9c10-6759-487b-84e8-6054836a870e","value":{"ELEMENT":"00000000-0000-0464-ffff-ffff0000078a","element-6066-11e4-a52e-4f735466cecf":"00000000-0000-0464-ffff-ffff0000078a"}}
&amp#27;[38;5;32m[AndroidUiautomator2Driver@cb04 (a84025fa)]&amp#27;[0m Responding to client with driver.findElement() result: {"element-6066-11e4-a52e-4f735466cecf":"00000000-0000-0464-ffff-ffff0000078a","ELEMENT":"00000000-0000-0464-ffff-ffff0000078a"}
&amp#27;[38;5;0m[HTTP]&amp#27;[0m &amp#27;[37m<-- POST /session/a84025fa-87fd-4432-a89c-6e57f823ae73/element &amp#27;[39m&amp#27;[32m200&amp#27;[39m &amp#27;[90m956 ms - 137&amp#27;[39m
&amp#27;[38;5;0m[HTTP]&amp#27;[0m &amp#27;[90m&amp#27;[39m
&amp#27;[38;5;0m[HTTP]&amp#27;[0m &amp#27;[37m-->&amp#27;[39m &amp#27;[37mGET&amp#27;[39m &amp#27;[37m/session/a84025fa-87fd-4432-a89c-6e57f823ae73/element/00000000-0000-0464-ffff-ffff0000078a/displayed&amp#27;[39m
&amp#27;[38;5;0m[HTTP]&amp#27;[0m &amp#27;[90m{}&amp#27;[39m
&amp#27;[38;5;32m[AndroidUiautomator2Driver@cb04 (a84025fa)]&amp#27;[0m Calling AppiumDriver.elementDisplayed() with args: ["00000000-0000-0464-ffff-ffff0000078a","a84025fa-87fd-4432-a89c-6e57f823ae73"]
&amp#27;[38;5;32m[AndroidUiautomator2Driver@cb04 (a84025fa)]&amp#27;[0m Matched '/element/00000000-0000-0464-ffff-ffff0000078a/attribute/displayed' to command name 'getAttribute'
&amp#27;[38;5;32m[AndroidUiautomator2Driver@cb04 (a84025fa)]&amp#27;[0m Proxying [GET /element/00000000-0000-0464-ffff-ffff0000078a/attribute/displayed] to [GET http://127.0.0.1:8209/session/e13e9c10-6759-487b-84e8-6054836a870e/element/00000000-0000-0464-ffff-ffff0000078a/attribute/displayed] with no body
&amp#27;[38;5;32m[AndroidUiautomator2Driver@cb04 (a84025fa)]&amp#27;[0m Got response with status 200: {"sessionId":"e13e9c10-6759-487b-84e8-6054836a870e","value":"true"}
&amp#27;[38;5;32m[AndroidUiautomator2Driver@cb04 (a84025fa)]&amp#27;[0m Responding to client with driver.elementDisplayed() result: true
&amp#27;[38;5;0m[HTTP]&amp#27;[0m &amp#27;[37m<-- GET /session/a84025fa-87fd-4432-a89c-6e57f823ae73/element/00000000-0000-0464-ffff-ffff0000078a/displayed &amp#27;[39m&amp#27;[32m200&amp#27;[39m &amp#27;[90m13 ms - 14&amp#27;[39m
&amp#27;[38;5;0m[HTTP]&amp#27;[0m &amp#27;[90m&amp#27;[39m
&amp#27;[38;5;0m[HTTP]&amp#27;[0m &amp#27;[37m-->&amp#27;[39m &amp#27;[37mGET&amp#27;[39m &amp#27;[37m/session/a84025fa-87fd-4432-a89c-6e57f823ae73/context&amp#27;[39m
&amp#27;[38;5;0m[HTTP]&amp#27;[0m &amp#27;[90m{}&amp#27;[39m
&amp#27;[38;5;32m[AndroidUiautomator2Driver@cb04 (a84025fa)]&amp#27;[0m Calling AppiumDriver.getCurrentContext() with args: ["a84025fa-87fd-4432-a89c-6e57f823ae73"]
&amp#27;[38;5;32m[AndroidUiautomator2Driver@cb04 (a84025fa)]&amp#27;[0m Responding to client with driver.getCurrentContext() result: "NATIVE_APP"
&amp#27;[38;5;0m[HTTP]&amp#27;[0m &amp#27;[37m<-- GET /session/a84025fa-87fd-4432-a89c-6e57f823ae73/context &amp#27;[39m&amp#27;[32m200&amp#27;[39m &amp#27;[90m1 ms - 22&amp#27;[39m
&amp#27;[38;5;0m[HTTP]&amp#27;[0m &amp#27;[90m&amp#27;[39m
&amp#27;[38;5;0m[HTTP]&amp#27;[0m &amp#27;[37m-->&amp#27;[39m &amp#27;[37mPOST&amp#27;[39m &amp#27;[37m/session/a84025fa-87fd-4432-a89c-6e57f823ae73/element&amp#27;[39m
&amp#27;[38;5;0m[HTTP]&amp#27;[0m &amp#27;[90m{"value":"All","using":"accessibility id"}&amp#27;[39m
&amp#27;[38;5;32m[AndroidUiautomator2Driver@cb04 (a84025fa)]&amp#27;[0m Calling AppiumDriver.findElement() with args: ["accessibility id","All","a84025fa-87fd-4432-a89c-6e57f823ae73"]
&amp#27;[38;5;32m[AndroidUiautomator2Driver@cb04 (a84025fa)]&amp#27;[0m Valid locator strategies for this request: xpath, id, class name, accessibility id, css selector, -android uiautomator
&amp#27;[38;5;32m[AndroidUiautomator2Driver@cb04 (a84025fa)]&amp#27;[0m Waiting up to 10000 ms for condition
&amp#27;[38;5;32m[AndroidUiautomator2Driver@cb04 (a84025fa)]&amp#27;[0m Matched '/element' to command name 'findElement'
&amp#27;[38;5;32m[AndroidUiautomator2Driver@cb04 (a84025fa)]&amp#27;[0m Proxying [POST /element] to [POST http://127.0.0.1:8209/session/e13e9c10-6759-487b-84e8-6054836a870e/element] with body: {"strategy":"accessibility id","selector":"All","context":"","multiple":false}
&amp#27;[38;5;32m[AndroidUiautomator2Driver@cb04 (a84025fa)]&amp#27;[0m Got response with status 200: {"sessionId":"e13e9c10-6759-487b-84e8-6054836a870e","value":{"ELEMENT":"00000000-0000-0464-ffff-ffff00000776","element-6066-11e4-a52e-4f735466cecf":"00000000-0000-0464-ffff-ffff00000776"}}
&amp#27;[38;5;32m[AndroidUiautomator2Driver@cb04 (a84025fa)]&amp#27;[0m Responding to client with driver.findElement() result: {"element-6066-11e4-a52e-4f735466cecf":"00000000-0000-0464-ffff-ffff00000776","ELEMENT":"00000000-0000-0464-ffff-ffff00000776"}
&amp#27;[38;5;0m[HTTP]&amp#27;[0m &amp#27;[37m<-- POST /session/a84025fa-87fd-4432-a89c-6e57f823ae73/element &amp#27;[39m&amp#27;[32m200&amp#27;[39m &amp#27;[90m25 ms - 137&amp#27;[39m
&amp#27;[38;5;0m[HTTP]&amp#27;[0m &amp#27;[90m&amp#27;[39m
&amp#27;[38;5;0m[HTTP]&amp#27;[0m &amp#27;[37m-->&amp#27;[39m &amp#27;[37mGET&amp#27;[39m &amp#27;[37m/session/a84025fa-87fd-4432-a89c-6e57f823ae73/element/00000000-0000-0464-ffff-ffff00000776/displayed&amp#27;[39m
&amp#27;[38;5;0m[HTTP]&amp#27;[0m &amp#27;[90m{}&amp#27;[39m
&amp#27;[38;5;32m[AndroidUiautomator2Driver@cb04 (a84025fa)]&amp#27;[0m Calling AppiumDriver.elementDisplayed() with args: ["00000000-0000-0464-ffff-ffff00000776","a84025fa-87fd-4432-a89c-6e57f823ae73"]
&amp#27;[38;5;32m[AndroidUiautomator2Driver@cb04 (a84025fa)]&amp#27;[0m Matched '/element/00000000-0000-0464-ffff-ffff00000776/attribute/displayed' to command name 'getAttribute'
&amp#27;[38;5;32m[AndroidUiautomator2Driver@cb04 (a84025fa)]&amp#27;[0m Proxying [GET /element/00000000-0000-0464-ffff-ffff00000776/attribute/displayed] to [GET http://127.0.0.1:8209/session/e13e9c10-6759-487b-84e8-6054836a870e/element/00000000-0000-0464-ffff-ffff00000776/attribute/displayed] with no body
&amp#27;[38;5;32m[AndroidUiautomator2Driver@cb04 (a84025fa)]&amp#27;[0m Got response with status 200: {"sessionId":"e13e9c10-6759-487b-84e8-6054836a870e","value":"true"}
&amp#27;[38;5;32m[AndroidUiautomator2Driver@cb04 (a84025fa)]&amp#27;[0m Responding to client with driver.elementDisplayed() result: true
&amp#27;[38;5;0m[HTTP]&amp#27;[0m &amp#27;[37m<-- GET /session/a84025fa-87fd-4432-a89c-6e57f823ae73/element/00000000-0000-0464-ffff-ffff00000776/displayed &amp#27;[39m&amp#27;[32m200&amp#27;[39m &amp#27;[90m11 ms - 14&amp#27;[39m
&amp#27;[38;5;0m[HTTP]&amp#27;[0m &amp#27;[90m&amp#27;[39m
&amp#27;[38;5;0m[HTTP]&amp#27;[0m &amp#27;[37m-->&amp#27;[39m &amp#27;[37mGET&amp#27;[39m &amp#27;[37m/session/a84025fa-87fd-4432-a89c-6e57f823ae73/context&amp#27;[39m
&amp#27;[38;5;0m[HTTP]&amp#27;[0m &amp#27;[90m{}&amp#27;[39m
&amp#27;[38;5;32m[AndroidUiautomator2Driver@cb04 (a84025fa)]&amp#27;[0m Calling AppiumDriver.getCurrentContext() with args: ["a84025fa-87fd-4432-a89c-6e57f823ae73"]
&amp#27;[38;5;32m[AndroidUiautomator2Driver@cb04 (a84025fa)]&amp#27;[0m Responding to client with driver.getCurrentContext() result: "NATIVE_APP"
&amp#27;[38;5;0m[HTTP]&amp#27;[0m &amp#27;[37m<-- GET /session/a84025fa-87fd-4432-a89c-6e57f823ae73/context &amp#27;[39m&amp#27;[32m200&amp#27;[39m &amp#27;[90m1 ms - 22&amp#27;[39m
&amp#27;[38;5;0m[HTTP]&amp#27;[0m &amp#27;[90m&amp#27;[39m
&amp#27;[38;5;0m[HTTP]&amp#27;[0m &amp#27;[37m-->&amp#27;[39m &amp#27;[37mPOST&amp#27;[39m &amp#27;[37m/session/a84025fa-87fd-4432-a89c-6e57f823ae73/element&amp#27;[39m
&amp#27;[38;5;0m[HTTP]&amp#27;[0m &amp#27;[90m{"value":"Teams","using":"accessibility id"}&amp#27;[39m
&amp#27;[38;5;32m[AndroidUiautomator2Driver@cb04 (a84025fa)]&amp#27;[0m Calling AppiumDriver.findElement() with args: ["accessibility id","Teams","a84025fa-87fd-4432-a89c-6e57f823ae73"]
&amp#27;[38;5;32m[AndroidUiautomator2Driver@cb04 (a84025fa)]&amp#27;[0m Valid locator strategies for this request: xpath, id, class name, accessibility id, css selector, -android uiautomator
&amp#27;[38;5;32m[AndroidUiautomator2Driver@cb04 (a84025fa)]&amp#27;[0m Waiting up to 10000 ms for condition
&amp#27;[38;5;32m[AndroidUiautomator2Driver@cb04 (a84025fa)]&amp#27;[0m Matched '/element' to command name 'findElement'
&amp#27;[38;5;32m[AndroidUiautomator2Driver@cb04 (a84025fa)]&amp#27;[0m Proxying [POST /element] to [POST http://127.0.0.1:8209/session/e13e9c10-6759-487b-84e8-6054836a870e/element] with body: {"strategy":"accessibility id","selector":"Teams","context":"","multiple":false}
&amp#27;[38;5;32m[AndroidUiautomator2Driver@cb04 (a84025fa)]&amp#27;[0m Got response with status 200: {"sessionId":"e13e9c10-6759-487b-84e8-6054836a870e","value":{"ELEMENT":"00000000-0000-0464-ffff-ffff00000779","element-6066-11e4-a52e-4f735466cecf":"00000000-0000-0464-ffff-ffff00000779"}}
&amp#27;[38;5;32m[AndroidUiautomator2Driver@cb04 (a84025fa)]&amp#27;[0m Responding to client with driver.findElement() result: {"element-6066-11e4-a52e-4f735466cecf":"00000000-0000-0464-ffff-ffff00000779","ELEMENT":"00000000-0000-0464-ffff-ffff00000779"}
&amp#27;[38;5;0m[HTTP]&amp#27;[0m &amp#27;[37m<-- POST /session/a84025fa-87fd-4432-a89c-6e57f823ae73/element &amp#27;[39m&amp#27;[32m200&amp#27;[39m &amp#27;[90m22 ms - 137&amp#27;[39m
&amp#27;[38;5;0m[HTTP]&amp#27;[0m &amp#27;[90m&amp#27;[39m
&amp#27;[38;5;0m[HTTP]&amp#27;[0m &amp#27;[37m-->&amp#27;[39m &amp#27;[37mGET&amp#27;[39m &amp#27;[37m/session/a84025fa-87fd-4432-a89c-6e57f823ae73/element/00000000-0000-0464-ffff-ffff00000779/displayed&amp#27;[39m
&amp#27;[38;5;0m[HTTP]&amp#27;[0m &amp#27;[90m{}&amp#27;[39m
&amp#27;[38;5;32m[AndroidUiautomator2Driver@cb04 (a84025fa)]&amp#27;[0m Calling AppiumDriver.elementDisplayed() with args: ["00000000-0000-0464-ffff-ffff00000779","a84025fa-87fd-4432-a89c-6e57f823ae73"]
&amp#27;[38;5;32m[AndroidUiautomator2Driver@cb04 (a84025fa)]&amp#27;[0m Matched '/element/00000000-0000-0464-ffff-ffff00000779/attribute/displayed' to command name 'getAttribute'
&amp#27;[38;5;32m[AndroidUiautomator2Driver@cb04 (a84025fa)]&amp#27;[0m Proxying [GET /element/00000000-0000-0464-ffff-ffff00000779/attribute/displayed] to [GET http://127.0.0.1:8209/session/e13e9c10-6759-487b-84e8-6054836a870e/element/00000000-0000-0464-ffff-ffff00000779/attribute/displayed] with no body
&amp#27;[38;5;32m[AndroidUiautomator2Driver@cb04 (a84025fa)]&amp#27;[0m Got response with status 200: {"sessionId":"e13e9c10-6759-487b-84e8-6054836a870e","value":"true"}
&amp#27;[38;5;32m[AndroidUiautomator2Driver@cb04 (a84025fa)]&amp#27;[0m Responding to client with driver.elementDisplayed() result: true
&amp#27;[38;5;0m[HTTP]&amp#27;[0m &amp#27;[37m<-- GET /session/a84025fa-87fd-4432-a89c-6e57f823ae73/element/00000000-0000-0464-ffff-ffff00000779/displayed &amp#27;[39m&amp#27;[32m200&amp#27;[39m &amp#27;[90m10 ms - 14&amp#27;[39m
&amp#27;[38;5;0m[HTTP]&amp#27;[0m &amp#27;[90m&amp#27;[39m
&amp#27;[38;5;0m[HTTP]&amp#27;[0m &amp#27;[37m-->&amp#27;[39m &amp#27;[37mGET&amp#27;[39m &amp#27;[37m/session/a84025fa-87fd-4432-a89c-6e57f823ae73/context&amp#27;[39m
&amp#27;[38;5;0m[HTTP]&amp#27;[0m &amp#27;[90m{}&amp#27;[39m
&amp#27;[38;5;32m[AndroidUiautomator2Driver@cb04 (a84025fa)]&amp#27;[0m Calling AppiumDriver.getCurrentContext() with args: ["a84025fa-87fd-4432-a89c-6e57f823ae73"]
&amp#27;[38;5;32m[AndroidUiautomator2Driver@cb04 (a84025fa)]&amp#27;[0m Responding to client with driver.getCurrentContext() result: "NATIVE_APP"
&amp#27;[38;5;0m[HTTP]&amp#27;[0m &amp#27;[37m<-- GET /session/a84025fa-87fd-4432-a89c-6e57f823ae73/context &amp#27;[39m&amp#27;[32m200&amp#27;[39m &amp#27;[90m1 ms - 22&amp#27;[39m
&amp#27;[38;5;0m[HTTP]&amp#27;[0m &amp#27;[90m&amp#27;[39m
&amp#27;[38;5;0m[HTTP]&amp#27;[0m &amp#27;[37m-->&amp#27;[39m &amp#27;[37mPOST&amp#27;[39m &amp#27;[37m/session/a84025fa-87fd-4432-a89c-6e57f823ae73/element&amp#27;[39m
&amp#27;[38;5;0m[HTTP]&amp#27;[0m &amp#27;[90m{"value":"Players","using":"accessibility id"}&amp#27;[39m
&amp#27;[38;5;32m[AndroidUiautomator2Driver@cb04 (a84025fa)]&amp#27;[0m Calling AppiumDriver.findElement() with args: ["accessibility id","Players","a84025fa-87fd-4432-a89c-6e57f823ae73"]
&amp#27;[38;5;32m[AndroidUiautomator2Driver@cb04 (a84025fa)]&amp#27;[0m Valid locator strategies for this request: xpath, id, class name, accessibility id, css selector, -android uiautomator
&amp#27;[38;5;32m[AndroidUiautomator2Driver@cb04 (a84025fa)]&amp#27;[0m Waiting up to 10000 ms for condition
&amp#27;[38;5;32m[AndroidUiautomator2Driver@cb04 (a84025fa)]&amp#27;[0m Matched '/element' to command name 'findElement'
&amp#27;[38;5;32m[AndroidUiautomator2Driver@cb04 (a84025fa)]&amp#27;[0m Proxying [POST /element] to [POST http://127.0.0.1:8209/session/e13e9c10-6759-487b-84e8-6054836a870e/element] with body: {"strategy":"accessibility id","selector":"Players","context":"","multiple":false}
&amp#27;[38;5;32m[AndroidUiautomator2Driver@cb04 (a84025fa)]&amp#27;[0m Got response with status 200: {"sessionId":"e13e9c10-6759-487b-84e8-6054836a870e","value":{"ELEMENT":"00000000-0000-0464-ffff-ffff0000077c","element-6066-11e4-a52e-4f735466cecf":"00000000-0000-0464-ffff-ffff0000077c"}}
&amp#27;[38;5;32m[AndroidUiautomator2Driver@cb04 (a84025fa)]&amp#27;[0m Responding to client with driver.findElement() result: {"element-6066-11e4-a52e-4f735466cecf":"00000000-0000-0464-ffff-ffff0000077c","ELEMENT":"00000000-0000-0464-ffff-ffff0000077c"}
&amp#27;[38;5;0m[HTTP]&amp#27;[0m &amp#27;[37m<-- POST /session/a84025fa-87fd-4432-a89c-6e57f823ae73/element &amp#27;[39m&amp#27;[32m200&amp#27;[39m &amp#27;[90m24 ms - 137&amp#27;[39m
&amp#27;[38;5;0m[HTTP]&amp#27;[0m &amp#27;[90m&amp#27;[39m
&amp#27;[38;5;0m[HTTP]&amp#27;[0m &amp#27;[37m-->&amp#27;[39m &amp#27;[37mGET&amp#27;[39m &amp#27;[37m/session/a84025fa-87fd-4432-a89c-6e57f823ae73/element/00000000-0000-0464-ffff-ffff0000077c/displayed&amp#27;[39m
&amp#27;[38;5;0m[HTTP]&amp#27;[0m &amp#27;[90m{}&amp#27;[39m
&amp#27;[38;5;32m[AndroidUiautomator2Driver@cb04 (a84025fa)]&amp#27;[0m Calling AppiumDriver.elementDisplayed() with args: ["00000000-0000-0464-ffff-ffff0000077c","a84025fa-87fd-4432-a89c-6e57f823ae73"]
&amp#27;[38;5;32m[AndroidUiautomator2Driver@cb04 (a84025fa)]&amp#27;[0m Matched '/element/00000000-0000-0464-ffff-ffff0000077c/attribute/displayed' to command name 'getAttribute'
&amp#27;[38;5;32m[AndroidUiautomator2Driver@cb04 (a84025fa)]&amp#27;[0m Proxying [GET /element/00000000-0000-0464-ffff-ffff0000077c/attribute/displayed] to [GET http://127.0.0.1:8209/session/e13e9c10-6759-487b-84e8-6054836a870e/element/00000000-0000-0464-ffff-ffff0000077c/attribute/displayed] with no body
&amp#27;[38;5;32m[AndroidUiautomator2Driver@cb04 (a84025fa)]&amp#27;[0m Got response with status 200: {"sessionId":"e13e9c10-6759-487b-84e8-6054836a870e","value":"true"}
&amp#27;[38;5;32m[AndroidUiautomator2Driver@cb04 (a84025fa)]&amp#27;[0m Responding to client with driver.elementDisplayed() result: true
&amp#27;[38;5;0m[HTTP]&amp#27;[0m &amp#27;[37m<-- GET /session/a84025fa-87fd-4432-a89c-6e57f823ae73/element/00000000-0000-0464-ffff-ffff0000077c/displayed &amp#27;[39m&amp#27;[32m200&amp#27;[39m &amp#27;[90m11 ms - 14&amp#27;[39m
&amp#27;[38;5;0m[HTTP]&amp#27;[0m &amp#27;[90m&amp#27;[39m
&amp#27;[38;5;0m[HTTP]&amp#27;[0m &amp#27;[37m-->&amp#27;[39m &amp#27;[37mGET&amp#27;[39m &amp#27;[37m/session/a84025fa-87fd-4432-a89c-6e57f823ae73/context&amp#27;[39m
&amp#27;[38;5;0m[HTTP]&amp#27;[0m &amp#27;[90m{}&amp#27;[39m
&amp#27;[38;5;32m[AndroidUiautomator2Driver@cb04 (a84025fa)]&amp#27;[0m Calling AppiumDriver.getCurrentContext() with args: ["a84025fa-87fd-4432-a89c-6e57f823ae73"]
&amp#27;[38;5;32m[AndroidUiautomator2Driver@cb04 (a84025fa)]&amp#27;[0m Responding to client with driver.getCurrentContext() result: "NATIVE_APP"
&amp#27;[38;5;0m[HTTP]&amp#27;[0m &amp#27;[37m<-- GET /session/a84025fa-87fd-4432-a89c-6e57f823ae73/context &amp#27;[39m&amp#27;[32m200&amp#27;[39m &amp#27;[90m1 ms - 22&amp#27;[39m
&amp#27;[38;5;0m[HTTP]&amp#27;[0m &amp#27;[90m&amp#27;[39m
&amp#27;[38;5;0m[HTTP]&amp#27;[0m &amp#27;[37m-->&amp#27;[39m &amp#27;[37mPOST&amp#27;[39m &amp#27;[37m/session/a84025fa-87fd-4432-a89c-6e57f823ae73/element&amp#27;[39m
&amp#27;[38;5;0m[HTTP]&amp#27;[0m &amp#27;[90m{"value":"News","using":"accessibility id"}&amp#27;[39m
&amp#27;[38;5;32m[AndroidUiautomator2Driver@cb04 (a84025fa)]&amp#27;[0m Calling AppiumDriver.findElement() with args: ["accessibility id","News","a84025fa-87fd-4432-a89c-6e57f823ae73"]
&amp#27;[38;5;32m[AndroidUiautomator2Driver@cb04 (a84025fa)]&amp#27;[0m Valid locator strategies for this request: xpath, id, class name, accessibility id, css selector, -android uiautomator
&amp#27;[38;5;32m[AndroidUiautomator2Driver@cb04 (a84025fa)]&amp#27;[0m Waiting up to 10000 ms for condition
&amp#27;[38;5;32m[AndroidUiautomator2Driver@cb04 (a84025fa)]&amp#27;[0m Matched '/element' to command name 'findElement'
&amp#27;[38;5;32m[AndroidUiautomator2Driver@cb04 (a84025fa)]&amp#27;[0m Proxying [POST /element] to [POST http://127.0.0.1:8209/session/e13e9c10-6759-487b-84e8-6054836a870e/element] with body: {"strategy":"accessibility id","selector":"News","context":"","multiple":false}
&amp#27;[38;5;32m[AndroidUiautomator2Driver@cb04 (a84025fa)]&amp#27;[0m Got response with status 200: {"sessionId":"e13e9c10-6759-487b-84e8-6054836a870e","value":{"ELEMENT":"00000000-0000-0464-ffff-ffff0000077f","element-6066-11e4-a52e-4f735466cecf":"00000000-0000-0464-ffff-ffff0000077f"}}
&amp#27;[38;5;32m[AndroidUiautomator2Driver@cb04 (a84025fa)]&amp#27;[0m Responding to client with driver.findElement() result: {"element-6066-11e4-a52e-4f735466cecf":"00000000-0000-0464-ffff-ffff0000077f","ELEMENT":"00000000-0000-0464-ffff-ffff0000077f"}
&amp#27;[38;5;0m[HTTP]&amp#27;[0m &amp#27;[37m<-- POST /session/a84025fa-87fd-4432-a89c-6e57f823ae73/element &amp#27;[39m&amp#27;[32m200&amp#27;[39m &amp#27;[90m22 ms - 137&amp#27;[39m
&amp#27;[38;5;0m[HTTP]&amp#27;[0m &amp#27;[90m&amp#27;[39m
&amp#27;[38;5;0m[HTTP]&amp#27;[0m &amp#27;[37m-->&amp#27;[39m &amp#27;[37mGET&amp#27;[39m &amp#27;[37m/session/a84025fa-87fd-4432-a89c-6e57f823ae73/element/00000000-0000-0464-ffff-ffff0000077f/displayed&amp#27;[39m
&amp#27;[38;5;0m[HTTP]&amp#27;[0m &amp#27;[90m{}&amp#27;[39m
&amp#27;[38;5;32m[AndroidUiautomator2Driver@cb04 (a84025fa)]&amp#27;[0m Calling AppiumDriver.elementDisplayed() with args: ["00000000-0000-0464-ffff-ffff0000077f","a84025fa-87fd-4432-a89c-6e57f823ae73"]
&amp#27;[38;5;32m[AndroidUiautomator2Driver@cb04 (a84025fa)]&amp#27;[0m Matched '/element/00000000-0000-0464-ffff-ffff0000077f/attribute/displayed' to command name 'getAttribute'
&amp#27;[38;5;32m[AndroidUiautomator2Driver@cb04 (a84025fa)]&amp#27;[0m Proxying [GET /element/00000000-0000-0464-ffff-ffff0000077f/attribute/displayed] to [GET http://127.0.0.1:8209/session/e13e9c10-6759-487b-84e8-6054836a870e/element/00000000-0000-0464-ffff-ffff0000077f/attribute/displayed] with no body
&amp#27;[38;5;32m[AndroidUiautomator2Driver@cb04 (a84025fa)]&amp#27;[0m Got response with status 200: {"sessionId":"e13e9c10-6759-487b-84e8-6054836a870e","value":"true"}
&amp#27;[38;5;32m[AndroidUiautomator2Driver@cb04 (a84025fa)]&amp#27;[0m Responding to client with driver.elementDisplayed() result: true
&amp#27;[38;5;0m[HTTP]&amp#27;[0m &amp#27;[37m<-- GET /session/a84025fa-87fd-4432-a89c-6e57f823ae73/element/00000000-0000-0464-ffff-ffff0000077f/displayed &amp#27;[39m&amp#27;[32m200&amp#27;[39m &amp#27;[90m11 ms - 14&amp#27;[39m
&amp#27;[38;5;0m[HTTP]&amp#27;[0m &amp#27;[90m&amp#27;[39m
]]></system-out>
    <system-err><![CDATA[SLF4J(W): No SLF4J providers were found.
SLF4J(W): Defaulting to no-operation (NOP) logger implementation
SLF4J(W): See https://www.slf4j.org/codes.html#noProviders for further details.
]]></system-err>
  </testcase>
</testsuite>