<?xml version="1.0" encoding="UTF-8"?>
<testsuite xmlns:xsi="http://www.w3.org/2001/XMLSchema-instance" xsi:noNamespaceSchemaLocation="https://maven.apache.org/surefire/maven-surefire-plugin/xsd/surefire-test-report-3.0.xsd" version="3.0" name="TestSuite" time="86.07" tests="1" errors="0" skipped="0" failures="0">
  <properties>
    <property name="gopherProxySet" value="false"/>
    <property name="awt.toolkit" value="sun.lwawt.macosx.LWCToolkit"/>
    <property name="java.specification.version" value="11"/>
    <property name="sun.cpu.isalist" value=""/>
    <property name="sun.jnu.encoding" value="UTF-8"/>
    <property name="java.class.path" value="/Users/minsung/eclipse-workspace/AppiumFramework/target/test-classes:/Users/minsung/eclipse-workspace/AppiumFramework/target/classes:/Users/minsung/.m2/repository/org/seleniumhq/selenium/selenium-java/4.20.0/selenium-java-4.20.0.jar:/Users/minsung/.m2/repository/org/seleniumhq/selenium/selenium-api/4.20.0/selenium-api-4.20.0.jar:/Users/minsung/.m2/repository/org/seleniumhq/selenium/selenium-chrome-driver/4.20.0/selenium-chrome-driver-4.20.0.jar:/Users/minsung/.m2/repository/com/google/auto/service/auto-service-annotations/1.1.1/auto-service-annotations-1.1.1.jar:/Users/minsung/.m2/repository/org/seleniumhq/selenium/selenium-chromium-driver/4.20.0/selenium-chromium-driver-4.20.0.jar:/Users/minsung/.m2/repository/org/seleniumhq/selenium/selenium-json/4.20.0/selenium-json-4.20.0.jar:/Users/minsung/.m2/repository/org/seleniumhq/selenium/selenium-manager/4.20.0/selenium-manager-4.20.0.jar:/Users/minsung/.m2/repository/org/seleniumhq/selenium/selenium-devtools-v122/4.20.0/selenium-devtools-v122-4.20.0.jar:/Users/minsung/.m2/repository/org/seleniumhq/selenium/selenium-devtools-v123/4.20.0/selenium-devtools-v123-4.20.0.jar:/Users/minsung/.m2/repository/org/seleniumhq/selenium/selenium-devtools-v124/4.20.0/selenium-devtools-v124-4.20.0.jar:/Users/minsung/.m2/repository/org/seleniumhq/selenium/selenium-devtools-v85/4.20.0/selenium-devtools-v85-4.20.0.jar:/Users/minsung/.m2/repository/org/seleniumhq/selenium/selenium-edge-driver/4.20.0/selenium-edge-driver-4.20.0.jar:/Users/minsung/.m2/repository/org/seleniumhq/selenium/selenium-firefox-driver/4.20.0/selenium-firefox-driver-4.20.0.jar:/Users/minsung/.m2/repository/org/seleniumhq/selenium/selenium-http/4.20.0/selenium-http-4.20.0.jar:/Users/minsung/.m2/repository/dev/failsafe/failsafe/3.3.2/failsafe-3.3.2.jar:/Users/minsung/.m2/repository/org/seleniumhq/selenium/selenium-ie-driver/4.20.0/selenium-ie-driver-4.20.0.jar:/Users/minsung/.m2/repository/org/seleniumhq/selenium/selenium-remote-driver/4.20.0/selenium-remote-driver-4.20.0.jar:/Users/minsung/.m2/repository/com/google/guava/guava/33.1.0-jre/guava-33.1.0-jre.jar:/Users/minsung/.m2/repository/com/google/guava/failureaccess/1.0.2/failureaccess-1.0.2.jar:/Users/minsung/.m2/repository/com/google/guava/listenablefuture/9999.0-empty-to-avoid-conflict-with-guava/listenablefuture-9999.0-empty-to-avoid-conflict-with-guava.jar:/Users/minsung/.m2/repository/com/google/code/findbugs/jsr305/3.0.2/jsr305-3.0.2.jar:/Users/minsung/.m2/repository/org/checkerframework/checker-qual/3.42.0/checker-qual-3.42.0.jar:/Users/minsung/.m2/repository/com/google/errorprone/error_prone_annotations/2.26.1/error_prone_annotations-2.26.1.jar:/Users/minsung/.m2/repository/com/google/j2objc/j2objc-annotations/3.0.0/j2objc-annotations-3.0.0.jar:/Users/minsung/.m2/repository/io/opentelemetry/semconv/opentelemetry-semconv/1.25.0-alpha/opentelemetry-semconv-1.25.0-alpha.jar:/Users/minsung/.m2/repository/io/opentelemetry/opentelemetry-api/1.37.0/opentelemetry-api-1.37.0.jar:/Users/minsung/.m2/repository/io/opentelemetry/opentelemetry-context/1.37.0/opentelemetry-context-1.37.0.jar:/Users/minsung/.m2/repository/io/opentelemetry/opentelemetry-exporter-logging/1.37.0/opentelemetry-exporter-logging-1.37.0.jar:/Users/minsung/.m2/repository/io/opentelemetry/opentelemetry-sdk-common/1.37.0/opentelemetry-sdk-common-1.37.0.jar:/Users/minsung/.m2/repository/io/opentelemetry/opentelemetry-sdk-extension-autoconfigure-spi/1.37.0/opentelemetry-sdk-extension-autoconfigure-spi-1.37.0.jar:/Users/minsung/.m2/repository/io/opentelemetry/opentelemetry-sdk-extension-autoconfigure/1.37.0/opentelemetry-sdk-extension-autoconfigure-1.37.0.jar:/Users/minsung/.m2/repository/io/opentelemetry/opentelemetry-api-incubator/1.37.0-alpha/opentelemetry-api-incubator-1.37.0-alpha.jar:/Users/minsung/.m2/repository/io/opentelemetry/opentelemetry-sdk-trace/1.37.0/opentelemetry-sdk-trace-1.37.0.jar:/Users/minsung/.m2/repository/io/opentelemetry/opentelemetry-sdk/1.37.0/opentelemetry-sdk-1.37.0.jar:/Users/minsung/.m2/repository/io/opentelemetry/opentelemetry-sdk-metrics/1.37.0/opentelemetry-sdk-metrics-1.37.0.jar:/Users/minsung/.m2/repository/io/opentelemetry/opentelemetry-sdk-logs/1.37.0/opentelemetry-sdk-logs-1.37.0.jar:/Users/minsung/.m2/repository/net/bytebuddy/byte-buddy/1.14.14/byte-buddy-1.14.14.jar:/Users/minsung/.m2/repository/org/seleniumhq/selenium/selenium-os/4.20.0/selenium-os-4.20.0.jar:/Users/minsung/.m2/repository/org/apache/commons/commons-exec/1.4.0/commons-exec-1.4.0.jar:/Users/minsung/.m2/repository/org/seleniumhq/selenium/selenium-safari-driver/4.20.0/selenium-safari-driver-4.20.0.jar:/Users/minsung/.m2/repository/org/seleniumhq/selenium/selenium-support/4.20.0/selenium-support-4.20.0.jar:/Users/minsung/.m2/repository/io/appium/java-client/9.2.2/java-client-9.2.2.jar:/Users/minsung/.m2/repository/com/google/code/gson/gson/2.10.1/gson-2.10.1.jar:/Users/minsung/.m2/repository/org/slf4j/slf4j-api/2.0.12/slf4j-api-2.0.12.jar:/Users/minsung/.m2/repository/org/testng/testng/7.10.2/testng-7.10.2.jar:/Users/minsung/.m2/repository/com/beust/jcommander/1.82/jcommander-1.82.jar:/Users/minsung/.m2/repository/org/webjars/jquery/3.7.1/jquery-3.7.1.jar:/Users/minsung/.m2/repository/com/aventstack/extentreports/5.1.1/extentreports-5.1.1.jar:/Users/minsung/.m2/repository/io/reactivex/rxjava3/rxjava/3.1.6/rxjava-3.1.6.jar:/Users/minsung/.m2/repository/org/reactivestreams/reactive-streams/1.0.4/reactive-streams-1.0.4.jar:/Users/minsung/.m2/repository/org/freemarker/freemarker/2.3.32/freemarker-2.3.32.jar:/Users/minsung/.m2/repository/org/projectlombok/lombok/1.18.26/lombok-1.18.26.jar:"/>
    <property name="java.vm.vendor" value="Oracle Corporation"/>
    <property name="sun.arch.data.model" value="64"/>
    <property name="java.vendor.url" value="https://openjdk.java.net/"/>
    <property name="user.timezone" value="America/Los_Angeles"/>
    <property name="java.vm.specification.version" value="11"/>
    <property name="os.name" value="Mac OS X"/>
    <property name="sun.java.launcher" value="SUN_STANDARD"/>
    <property name="user.country" value="US"/>
    <property name="sun.boot.library.path" value="/Library/Java/JavaVirtualMachines/jdk-11.jdk/Contents/Home/lib"/>
    <property name="sun.java.command" value="/Users/minsung/eclipse-workspace/AppiumFramework/target/surefire/surefirebooter-20240506170424831_3.jar /Users/minsung/eclipse-workspace/AppiumFramework/target/surefire 2024-05-06T17-04-24_748-jvmRun1 surefire-20240506170424831_1tmp surefire_0-20240506170424831_2tmp"/>
    <property name="http.nonProxyHosts" value="local|*.local|169.254/16|*.169.254/16"/>
    <property name="jdk.debug" value="release"/>
    <property name="surefire.test.class.path" value="/Users/minsung/eclipse-workspace/AppiumFramework/target/test-classes:/Users/minsung/eclipse-workspace/AppiumFramework/target/classes:/Users/minsung/.m2/repository/org/seleniumhq/selenium/selenium-java/4.20.0/selenium-java-4.20.0.jar:/Users/minsung/.m2/repository/org/seleniumhq/selenium/selenium-api/4.20.0/selenium-api-4.20.0.jar:/Users/minsung/.m2/repository/org/seleniumhq/selenium/selenium-chrome-driver/4.20.0/selenium-chrome-driver-4.20.0.jar:/Users/minsung/.m2/repository/com/google/auto/service/auto-service-annotations/1.1.1/auto-service-annotations-1.1.1.jar:/Users/minsung/.m2/repository/org/seleniumhq/selenium/selenium-chromium-driver/4.20.0/selenium-chromium-driver-4.20.0.jar:/Users/minsung/.m2/repository/org/seleniumhq/selenium/selenium-json/4.20.0/selenium-json-4.20.0.jar:/Users/minsung/.m2/repository/org/seleniumhq/selenium/selenium-manager/4.20.0/selenium-manager-4.20.0.jar:/Users/minsung/.m2/repository/org/seleniumhq/selenium/selenium-devtools-v122/4.20.0/selenium-devtools-v122-4.20.0.jar:/Users/minsung/.m2/repository/org/seleniumhq/selenium/selenium-devtools-v123/4.20.0/selenium-devtools-v123-4.20.0.jar:/Users/minsung/.m2/repository/org/seleniumhq/selenium/selenium-devtools-v124/4.20.0/selenium-devtools-v124-4.20.0.jar:/Users/minsung/.m2/repository/org/seleniumhq/selenium/selenium-devtools-v85/4.20.0/selenium-devtools-v85-4.20.0.jar:/Users/minsung/.m2/repository/org/seleniumhq/selenium/selenium-edge-driver/4.20.0/selenium-edge-driver-4.20.0.jar:/Users/minsung/.m2/repository/org/seleniumhq/selenium/selenium-firefox-driver/4.20.0/selenium-firefox-driver-4.20.0.jar:/Users/minsung/.m2/repository/org/seleniumhq/selenium/selenium-http/4.20.0/selenium-http-4.20.0.jar:/Users/minsung/.m2/repository/dev/failsafe/failsafe/3.3.2/failsafe-3.3.2.jar:/Users/minsung/.m2/repository/org/seleniumhq/selenium/selenium-ie-driver/4.20.0/selenium-ie-driver-4.20.0.jar:/Users/minsung/.m2/repository/org/seleniumhq/selenium/selenium-remote-driver/4.20.0/selenium-remote-driver-4.20.0.jar:/Users/minsung/.m2/repository/com/google/guava/guava/33.1.0-jre/guava-33.1.0-jre.jar:/Users/minsung/.m2/repository/com/google/guava/failureaccess/1.0.2/failureaccess-1.0.2.jar:/Users/minsung/.m2/repository/com/google/guava/listenablefuture/9999.0-empty-to-avoid-conflict-with-guava/listenablefuture-9999.0-empty-to-avoid-conflict-with-guava.jar:/Users/minsung/.m2/repository/com/google/code/findbugs/jsr305/3.0.2/jsr305-3.0.2.jar:/Users/minsung/.m2/repository/org/checkerframework/checker-qual/3.42.0/checker-qual-3.42.0.jar:/Users/minsung/.m2/repository/com/google/errorprone/error_prone_annotations/2.26.1/error_prone_annotations-2.26.1.jar:/Users/minsung/.m2/repository/com/google/j2objc/j2objc-annotations/3.0.0/j2objc-annotations-3.0.0.jar:/Users/minsung/.m2/repository/io/opentelemetry/semconv/opentelemetry-semconv/1.25.0-alpha/opentelemetry-semconv-1.25.0-alpha.jar:/Users/minsung/.m2/repository/io/opentelemetry/opentelemetry-api/1.37.0/opentelemetry-api-1.37.0.jar:/Users/minsung/.m2/repository/io/opentelemetry/opentelemetry-context/1.37.0/opentelemetry-context-1.37.0.jar:/Users/minsung/.m2/repository/io/opentelemetry/opentelemetry-exporter-logging/1.37.0/opentelemetry-exporter-logging-1.37.0.jar:/Users/minsung/.m2/repository/io/opentelemetry/opentelemetry-sdk-common/1.37.0/opentelemetry-sdk-common-1.37.0.jar:/Users/minsung/.m2/repository/io/opentelemetry/opentelemetry-sdk-extension-autoconfigure-spi/1.37.0/opentelemetry-sdk-extension-autoconfigure-spi-1.37.0.jar:/Users/minsung/.m2/repository/io/opentelemetry/opentelemetry-sdk-extension-autoconfigure/1.37.0/opentelemetry-sdk-extension-autoconfigure-1.37.0.jar:/Users/minsung/.m2/repository/io/opentelemetry/opentelemetry-api-incubator/1.37.0-alpha/opentelemetry-api-incubator-1.37.0-alpha.jar:/Users/minsung/.m2/repository/io/opentelemetry/opentelemetry-sdk-trace/1.37.0/opentelemetry-sdk-trace-1.37.0.jar:/Users/minsung/.m2/repository/io/opentelemetry/opentelemetry-sdk/1.37.0/opentelemetry-sdk-1.37.0.jar:/Users/minsung/.m2/repository/io/opentelemetry/opentelemetry-sdk-metrics/1.37.0/opentelemetry-sdk-metrics-1.37.0.jar:/Users/minsung/.m2/repository/io/opentelemetry/opentelemetry-sdk-logs/1.37.0/opentelemetry-sdk-logs-1.37.0.jar:/Users/minsung/.m2/repository/net/bytebuddy/byte-buddy/1.14.14/byte-buddy-1.14.14.jar:/Users/minsung/.m2/repository/org/seleniumhq/selenium/selenium-os/4.20.0/selenium-os-4.20.0.jar:/Users/minsung/.m2/repository/org/apache/commons/commons-exec/1.4.0/commons-exec-1.4.0.jar:/Users/minsung/.m2/repository/org/seleniumhq/selenium/selenium-safari-driver/4.20.0/selenium-safari-driver-4.20.0.jar:/Users/minsung/.m2/repository/org/seleniumhq/selenium/selenium-support/4.20.0/selenium-support-4.20.0.jar:/Users/minsung/.m2/repository/io/appium/java-client/9.2.2/java-client-9.2.2.jar:/Users/minsung/.m2/repository/com/google/code/gson/gson/2.10.1/gson-2.10.1.jar:/Users/minsung/.m2/repository/org/slf4j/slf4j-api/2.0.12/slf4j-api-2.0.12.jar:/Users/minsung/.m2/repository/org/testng/testng/7.10.2/testng-7.10.2.jar:/Users/minsung/.m2/repository/com/beust/jcommander/1.82/jcommander-1.82.jar:/Users/minsung/.m2/repository/org/webjars/jquery/3.7.1/jquery-3.7.1.jar:/Users/minsung/.m2/repository/com/aventstack/extentreports/5.1.1/extentreports-5.1.1.jar:/Users/minsung/.m2/repository/io/reactivex/rxjava3/rxjava/3.1.6/rxjava-3.1.6.jar:/Users/minsung/.m2/repository/org/reactivestreams/reactive-streams/1.0.4/reactive-streams-1.0.4.jar:/Users/minsung/.m2/repository/org/freemarker/freemarker/2.3.32/freemarker-2.3.32.jar:/Users/minsung/.m2/repository/org/projectlombok/lombok/1.18.26/lombok-1.18.26.jar:"/>
    <property name="sun.cpu.endian" value="little"/>
    <property name="user.home" value="/Users/minsung"/>
    <property name="user.language" value="en"/>
    <property name="java.specification.vendor" value="Oracle Corporation"/>
    <property name="java.version.date" value="2024-04-16"/>
    <property name="java.home" value="/Library/Java/JavaVirtualMachines/jdk-11.jdk/Contents/Home"/>
    <property name="file.separator" value="/"/>
    <property name="basedir" value="/Users/minsung/eclipse-workspace/AppiumFramework"/>
    <property name="java.vm.compressedOopsMode" value="Zero based"/>
    <property name="line.separator" value="&#10;"/>
    <property name="java.specification.name" value="Java Platform API Specification"/>
    <property name="java.vm.specification.vendor" value="Oracle Corporation"/>
    <property name="java.awt.graphicsenv" value="sun.awt.CGraphicsEnvironment"/>
    <property name="surefire.real.class.path" value="/Users/minsung/eclipse-workspace/AppiumFramework/target/surefire/surefirebooter-20240506170424831_3.jar"/>
    <property name="sun.management.compiler" value="HotSpot 64-Bit Tiered Compilers"/>
    <property name="ftp.nonProxyHosts" value="local|*.local|169.254/16|*.169.254/16"/>
    <property name="java.runtime.version" value="11.0.23+7-LTS-222"/>
    <property name="user.name" value="minsung"/>
    <property name="path.separator" value=":"/>
    <property name="os.version" value="12.6"/>
    <property name="java.runtime.name" value="Java(TM) SE Runtime Environment"/>
    <property name="file.encoding" value="UTF-8"/>
    <property name="java.vm.name" value="Java HotSpot(TM) 64-Bit Server VM"/>
    <property name="java.vendor.version" value="18.9"/>
    <property name="localRepository" value="/Users/minsung/.m2/repository"/>
    <property name="java.vendor.url.bug" value="https://bugreport.java.com/bugreport/"/>
    <property name="java.io.tmpdir" value="/var/folders/4s/4dn2t99x4ynf231fk34n0r0h0000gn/T/"/>
    <property name="java.version" value="11.0.23"/>
    <property name="user.dir" value="/Users/minsung/eclipse-workspace/AppiumFramework"/>
    <property name="os.arch" value="x86_64"/>
    <property name="java.vm.specification.name" value="Java Virtual Machine Specification"/>
    <property name="java.awt.printerjob" value="sun.lwawt.macosx.CPrinterJob"/>
    <property name="sun.os.patch.level" value="unknown"/>
    <property name="java.library.path" value="/Users/minsung/Library/Java/Extensions:/Library/Java/Extensions:/Network/Library/Java/Extensions:/System/Library/Java/Extensions:/usr/lib/java:."/>
    <property name="java.vendor" value="Oracle Corporation"/>
    <property name="java.vm.info" value="mixed mode"/>
    <property name="java.vm.version" value="11.0.23+7-LTS-222"/>
    <property name="java.specification.maintenance.version" value="2"/>
    <property name="sun.io.unicode.encoding" value="UnicodeBig"/>
    <property name="java.class.version" value="55.0"/>
    <property name="socksNonProxyHosts" value="local|*.local|169.254/16|*.169.254/16"/>
  </properties>
  <testcase name="testTeamStats[49ers, San Francisco 49ers](1)" classname="theScore.Stats" time="57.797">
    <system-out><![CDATA[127.0.0.1
&amp#27;[35m[Appium]&amp#27;[39m Welcome to Appium v2.5.4
&amp#27;[35m[Appium]&amp#27;[39m Non-default server args:
&amp#27;[35m[Appium]&amp#27;[39m { address: &amp#27;[32m'127.0.0.1'&amp#27;[39m }
&amp#27;[35m[Appium]&amp#27;[39m The autodetected Appium home path: /Users/minsung
&amp#27;[35m[Appium]&amp#27;[39m Attempting to load driver uiautomator2...
&amp#27;[35m[Appium]&amp#27;[39m Attempting to load driver xcuitest...
&amp#27;[35m[Appium]&amp#27;[39m Requiring driver at /Users/minsung/node_modules/appium-uiautomator2-driver/build/index.js
&amp#27;[35m[Appium]&amp#27;[39m Requiring driver at /Users/minsung/node_modules/appium-xcuitest-driver/build/index.js
&amp#27;[35m[Appium]&amp#27;[39m AndroidUiautomator2Driver has been successfully loaded in 0.978s
&amp#27;[35m[Appium]&amp#27;[39m XCUITestDriver has been successfully loaded in 0.978s
&amp#27;[35m[Appium]&amp#27;[39m Appium REST http interface listener started on http://127.0.0.1:4723
&amp#27;[35m[Appium]&amp#27;[39m Available drivers:
&amp#27;[35m[Appium]&amp#27;[39m   - uiautomator2@3.1.0 (automationName 'UiAutomator2')
&amp#27;[35m[Appium]&amp#27;[39m   - xcuitest@7.15.1 (automationName 'XCUITest')
&amp#27;[35m[Appium]&amp#27;[39m No plugins have been installed. Use the "appium plugin" command to install the one(s) you want to use.
&amp#27;[38;5;0m[HTTP]&amp#27;[0m &amp#27;[37m-->&amp#27;[39m &amp#27;[37mGET&amp#27;[39m &amp#27;[37m/status&amp#27;[39m
&amp#27;[38;5;0m[HTTP]&amp#27;[0m &amp#27;[90m{}&amp#27;[39m
&amp#27;[38;5;16m[AppiumDriver@5fe6]&amp#27;[0m Calling AppiumDriver.getStatus() with args: []
&amp#27;[38;5;16m[AppiumDriver@5fe6]&amp#27;[0m Responding to client with driver.getStatus() result: {"ready":true,"message":"The server is ready to accept new connections","build":{"version":"2.5.4"}}
&amp#27;[38;5;0m[HTTP]&amp#27;[0m &amp#27;[37m<-- GET /status &amp#27;[39m&amp#27;[32m200&amp#27;[39m &amp#27;[90m3 ms - 110&amp#27;[39m
&amp#27;[38;5;0m[HTTP]&amp#27;[0m &amp#27;[90m&amp#27;[39m
&amp#27;[38;5;0m[HTTP]&amp#27;[0m Request idempotency key: ff42a82d-d856-49b0-b314-8900c79df311
&amp#27;[38;5;0m[HTTP]&amp#27;[0m &amp#27;[37m-->&amp#27;[39m &amp#27;[37mPOST&amp#27;[39m &amp#27;[37m/session&amp#27;[39m
&amp#27;[38;5;0m[HTTP]&amp#27;[0m &amp#27;[90m{"capabilities":{"firstMatch":[{}],"alwaysMatch":{"appium:app":"/Users/minsung/eclipse-workspace/AppiumFramework//src//test//java//theScore//apps//theScore_24.8.0.apk","platformName":"ANDROID","appium:automationName":"UIAutomator2","appium:deviceName":"Android Device"}}}&amp#27;[39m
&amp#27;[38;5;16m[AppiumDriver@5fe6]&amp#27;[0m Calling AppiumDriver.createSession() with args: [null,null,{"firstMatch":[{}],"alwaysMatch":{"appium:app":"/Users/minsung/eclipse-workspace/AppiumFramework//src//test//java//theScore//apps//theScore_24.8.0.apk","platformName":"ANDROID","appium:automationName":"UIAutomator2","appium:deviceName":"Android Device"}}]
&amp#27;[38;5;16m[AppiumDriver@5fe6]&amp#27;[0m Event 'newSessionRequested' logged at 1715040267687 (17:04:27 GMT-0700 (Pacific Daylight Time))
&amp#27;[35m[Appium]&amp#27;[39m Attempting to find matching driver for automationName 'UIAutomator2' and platformName 'ANDROID'
&amp#27;[35m[Appium]&amp#27;[39m The 'uiautomator2' driver was installed and matched caps.
&amp#27;[35m[Appium]&amp#27;[39m Will require it at /Users/minsung/node_modules/appium-uiautomator2-driver
&amp#27;[35m[Appium]&amp#27;[39m Requiring driver at /Users/minsung/node_modules/appium-uiautomator2-driver/build/index.js
&amp#27;[38;5;16m[AppiumDriver@5fe6]&amp#27;[0m Appium v2.5.4 creating new AndroidUiautomator2Driver (v3.1.0) session
&amp#27;[38;5;16m[AppiumDriver@5fe6]&amp#27;[0m Checking BaseDriver versions for Appium and AndroidUiautomator2Driver
&amp#27;[38;5;16m[AppiumDriver@5fe6]&amp#27;[0m Appium's BaseDriver version is 9.6.0
&amp#27;[38;5;16m[AppiumDriver@5fe6]&amp#27;[0m AndroidUiautomator2Driver's BaseDriver version is 9.5.3
&amp#27;[38;5;32m[AndroidUiautomator2Driver@6457]&amp#27;[0m Creating session with W3C capabilities: {
&amp#27;[38;5;32m[AndroidUiautomator2Driver@6457]&amp#27;[0m   "alwaysMatch": {
&amp#27;[38;5;32m[AndroidUiautomator2Driver@6457]&amp#27;[0m     "platformName": "ANDROID",
&amp#27;[38;5;32m[AndroidUiautomator2Driver@6457]&amp#27;[0m     "appium:app": "/Users/minsung/eclipse-workspace/AppiumFramework//src//test//java//theScore//apps//theScore_24.8.0.apk",
&amp#27;[38;5;32m[AndroidUiautomator2Driver@6457]&amp#27;[0m     "appium:automationName": "UIAutomator2",
&amp#27;[38;5;32m[AndroidUiautomator2Driver@6457]&amp#27;[0m     "appium:deviceName": "Android Device"
&amp#27;[38;5;32m[AndroidUiautomator2Driver@6457]&amp#27;[0m   },
&amp#27;[38;5;32m[AndroidUiautomator2Driver@6457]&amp#27;[0m   "firstMatch": [
&amp#27;[38;5;32m[AndroidUiautomator2Driver@6457]&amp#27;[0m     {}
&amp#27;[38;5;32m[AndroidUiautomator2Driver@6457]&amp#27;[0m   ]
&amp#27;[38;5;32m[AndroidUiautomator2Driver@6457]&amp#27;[0m }
&amp#27;[38;5;32m[AndroidUiautomator2Driver@6457 (32d2a80d)]&amp#27;[0m Session created with session id: 32d2a80d-dc78-4f3e-a636-c5413edf6ff7
&amp#27;[38;5;48m[ADB]&amp#27;[0m Found 2 'build-tools' folders under '/Users/minsung/Library/Android/sdk' (newest first):
&amp#27;[38;5;48m[ADB]&amp#27;[0m     /Users/minsung/Library/Android/sdk/build-tools/34.0.0
&amp#27;[38;5;48m[ADB]&amp#27;[0m     /Users/minsung/Library/Android/sdk/build-tools/33.0.1
&amp#27;[38;5;48m[ADB]&amp#27;[0m Using 'adb' from '/Users/minsung/Library/Android/sdk/platform-tools/adb'
&amp#27;[38;5;48m[ADB]&amp#27;[0m Running '/Users/minsung/Library/Android/sdk/platform-tools/adb -P 5037 start-server'
&amp#27;[38;5;32m[AndroidUiautomator2Driver@6457 (32d2a80d)]&amp#27;[0m Retrieving device list
&amp#27;[38;5;48m[ADB]&amp#27;[0m Trying to find connected Android devices
&amp#27;[38;5;48m[ADB]&amp#27;[0m Getting connected devices
&amp#27;[38;5;48m[ADB]&amp#27;[0m Connected devices: [{"udid":"emulator-5554","state":"device"}]
&amp#27;[38;5;32m[AndroidUiautomator2Driver@6457 (32d2a80d)]&amp#27;[0m Using device: emulator-5554
&amp#27;[38;5;48m[ADB]&amp#27;[0m Using 'adb' from '/Users/minsung/Library/Android/sdk/platform-tools/adb'
&amp#27;[38;5;48m[ADB]&amp#27;[0m Running '/Users/minsung/Library/Android/sdk/platform-tools/adb -P 5037 start-server'
&amp#27;[38;5;48m[ADB]&amp#27;[0m Setting device id to emulator-5554
&amp#27;[38;5;64m[BaseDriver]&amp#27;[0m Using local app '/Users/minsung/eclipse-workspace/AppiumFramework//src//test//java//theScore//apps//theScore_24.8.0.apk'
&amp#27;[38;5;32m[AndroidUiautomator2Driver@6457 (32d2a80d)]&amp#27;[0m Checking whether app is actually present
&amp#27;[38;5;48m[ADB]&amp#27;[0m Running '/Users/minsung/Library/Android/sdk/platform-tools/adb -P 5037 -s emulator-5554 shell getprop ro.build.version.sdk'
&amp#27;[38;5;48m[ADB]&amp#27;[0m Current device property 'ro.build.version.sdk': 34
&amp#27;[38;5;48m[ADB]&amp#27;[0m Getting device platform version
&amp#27;[38;5;48m[ADB]&amp#27;[0m Running '/Users/minsung/Library/Android/sdk/platform-tools/adb -P 5037 -s emulator-5554 shell getprop ro.build.version.release'
&amp#27;[38;5;48m[ADB]&amp#27;[0m Current device property 'ro.build.version.release': 14
&amp#27;[38;5;48m[ADB]&amp#27;[0m Device API level: 34
&amp#27;[38;5;32m[AndroidUiautomator2Driver@6457 (32d2a80d)]&amp#27;[0m Relaxing hidden api policy
&amp#27;[38;5;48m[ADB]&amp#27;[0m Running '/Users/minsung/Library/Android/sdk/platform-tools/adb -P 5037 -s emulator-5554 shell 'settings put global hidden_api_policy_pre_p_apps 1;settings put global hidden_api_policy_p_apps 1;settings put global hidden_api_policy 1''
&amp#27;[38;5;32m[AndroidUiautomator2Driver@6457 (32d2a80d)]&amp#27;[0m Parsing package and activity from app manifest
&amp#27;[38;5;48m[ADB]&amp#27;[0m Running '/Users/minsung/Library/Android/sdk/platform-tools/adb -P 5037 -s emulator-5554 wait-for-device'
&amp#27;[38;5;48m[ADB]&amp#27;[0m Package name: 'com.fivemobile.thescore'
&amp#27;[38;5;48m[ADB]&amp#27;[0m Main activity name: 'com.fivemobile.thescore.ui.MainActivity'
&amp#27;[38;5;32m[AndroidUiautomator2Driver@6457 (32d2a80d)]&amp#27;[0m Parsed package and activity are: com.fivemobile.thescore/com.fivemobile.thescore.ui.MainActivity
&amp#27;[38;5;48m[ADB]&amp#27;[0m Running '/Users/minsung/Library/Android/sdk/platform-tools/adb -P 5037 -s emulator-5554 shell echo ping'
&amp#27;[38;5;32m[AndroidUiautomator2Driver@6457 (32d2a80d)]&amp#27;[0m Pushing settings apk to the device...
&amp#27;[38;5;48m[ADB]&amp#27;[0m Getting package info for 'io.appium.settings'
&amp#27;[38;5;48m[ADB]&amp#27;[0m Running '/Users/minsung/Library/Android/sdk/platform-tools/adb -P 5037 -s emulator-5554 shell dumpsys package io.appium.settings'
&amp#27;[38;5;48m[ADB]&amp#27;[0m The version name of the installed 'io.appium.settings' is greater or equal to the application version name ('5.7.9' >= '5.7.9')
&amp#27;[38;5;48m[ADB]&amp#27;[0m There is no need to install/upgrade '/Users/minsung/node_modules/appium-uiautomator2-driver/node_modules/io.appium.settings/apks/settings_apk-debug.apk'
&amp#27;[38;5;48m[ADB]&amp#27;[0m Running '/Users/minsung/Library/Android/sdk/platform-tools/adb -P 5037 -s emulator-5554 shell dumpsys activity services io.appium.settings'
&amp#27;[38;5;48m[ADB]&amp#27;[0m Running '/Users/minsung/Library/Android/sdk/platform-tools/adb -P 5037 -s emulator-5554 shell cmd notification allow_listener io.appium.settings/.NLService'
&amp#27;[38;5;48m[ADB]&amp#27;[0m Running '/Users/minsung/Library/Android/sdk/platform-tools/adb -P 5037 -s emulator-5554 shell appops set io.appium.settings PROJECT_MEDIA allow'
&amp#27;[38;5;48m[ADB]&amp#27;[0m Running '/Users/minsung/Library/Android/sdk/platform-tools/adb -P 5037 -s emulator-5554 shell dumpsys activity services io.appium.settings'
&amp#27;[38;5;80m[SettingsApp]&amp#27;[0m Starting Appium Settings app
&amp#27;[38;5;48m[ADB]&amp#27;[0m Running '/Users/minsung/Library/Android/sdk/platform-tools/adb -P 5037 -s emulator-5554 shell am start -n io.appium.settings/.Settings -a android.intent.action.MAIN -c android.intent.category.LAUNCHER'
&amp#27;[38;5;48m[ADB]&amp#27;[0m Running '/Users/minsung/Library/Android/sdk/platform-tools/adb -P 5037 -s emulator-5554 shell dumpsys activity services io.appium.settings'
&amp#27;[38;5;48m[ADB]&amp#27;[0m Running '/Users/minsung/Library/Android/sdk/platform-tools/adb -P 5037 -s emulator-5554 shell dumpsys activity services io.appium.settings'
&amp#27;[38;5;48m[ADB]&amp#27;[0m Running '/Users/minsung/Library/Android/sdk/platform-tools/adb -P 5037 -s emulator-5554 shell dumpsys activity services io.appium.settings'
&amp#27;[38;5;96m[Logcat]&amp#27;[0m Starting logs capture with command: /Users/minsung/Library/Android/sdk/platform-tools/adb -P 5037 -s emulator-5554 logcat -v threadtime
&amp#27;[38;5;32m[AndroidUiautomator2Driver@6457 (32d2a80d)]&amp#27;[0m Forwarding UiAutomator2 Server port 6790 to local port 8200
&amp#27;[38;5;48m[ADB]&amp#27;[0m Forwarding system: 8200 to device: 6790
&amp#27;[38;5;48m[ADB]&amp#27;[0m Running '/Users/minsung/Library/Android/sdk/platform-tools/adb -P 5037 -s emulator-5554 forward tcp:8200 tcp:6790'
&amp#27;[38;5;48m[ADB]&amp#27;[0m Getting package info for 'io.appium.uiautomator2.server'
&amp#27;[38;5;48m[ADB]&amp#27;[0m Running '/Users/minsung/Library/Android/sdk/platform-tools/adb -P 5037 -s emulator-5554 shell dumpsys package io.appium.uiautomator2.server'
&amp#27;[38;5;48m[ADB]&amp#27;[0m Getting install status for io.appium.uiautomator2.server.test
&amp#27;[38;5;48m[ADB]&amp#27;[0m Checking app cert for /Users/minsung/eclipse-workspace/AppiumFramework//src//test//java//theScore//apps//theScore_24.8.0.apk
&amp#27;[38;5;48m[ADB]&amp#27;[0m Running '/Users/minsung/Library/Android/sdk/platform-tools/adb -P 5037 -s emulator-5554 shell cmd package list packages'
&amp#27;[38;5;48m[ADB]&amp#27;[0m Using 'apksigner.jar' from '/Users/minsung/Library/Android/sdk/build-tools/34.0.0/lib/apksigner.jar'
&amp#27;[38;5;48m[ADB]&amp#27;[0m Starting apksigner: /Library/Java/JavaVirtualMachines/jdk-11.jdk/Contents/Home/bin/java -Xmx1024M -Xss1m -jar /Users/minsung/Library/Android/sdk/build-tools/34.0.0/lib/apksigner.jar verify --print-certs /Users/minsung/eclipse-workspace/AppiumFramework//src//test//java//theScore//apps//theScore_24.8.0.apk
&amp#27;[38;5;48m[ADB]&amp#27;[0m 'io.appium.uiautomator2.server.test' is installed
&amp#27;[38;5;48m[ADB]&amp#27;[0m The version name of the installed 'io.appium.uiautomator2.server' is greater or equal to the application version name ('7.0.5' >= '7.0.5')
&amp#27;[38;5;32m[AndroidUiautomator2Driver@6457 (32d2a80d)]&amp#27;[0m Server packages status: [{"installState":"sameVersionInstalled","appPath":"/Users/minsung/node_modules/appium-uiautomator2-driver/node_modules/appium-uiautomator2-server/apks/appium-uiautomator2-server-v7.0.5.apk","appId":"io.appium.uiautomator2.server"},{"installState":"sameVersionInstalled","appPath":"/Users/minsung/node_modules/appium-uiautomator2-driver/node_modules/appium-uiautomator2-server/apks/appium-uiautomator2-server-debug-androidTest.apk","appId":"io.appium.uiautomator2.server.test"}]
&amp#27;[38;5;32m[AndroidUiautomator2Driver@6457 (32d2a80d)]&amp#27;[0m Server packages are not going to be (re)installed
&amp#27;[38;5;32m[AndroidUiautomator2Driver@6457 (32d2a80d)]&amp#27;[0m Waiting up to 30000ms for services to be available
&amp#27;[38;5;48m[ADB]&amp#27;[0m Running '/Users/minsung/Library/Android/sdk/platform-tools/adb -P 5037 -s emulator-5554 shell pm list instrumentation'
&amp#27;[38;5;48m[ADB]&amp#27;[0m apksigner stdout: Signer #1 certificate DN: CN=ScoreMobile, OU=ScoreMobile, O=Score, L=Toronto, ST=Ontario, C=CA
&amp#27;[38;5;48m[ADB]&amp#27;[0m Signer #1 certificate SHA-256 digest: 63a9d0d23a8c11b3828bbb9b208ccc893473385be13c1cd8b6d135c8cc0cb88e
&amp#27;[38;5;48m[ADB]&amp#27;[0m Signer #1 certificate SHA-1 digest: d22331e99824521955c733da11b15daabbb7b2d5
&amp#27;[38;5;48m[ADB]&amp#27;[0m Signer #1 certificate MD5 digest: a5556680c4c0d968c21888f672406656
&amp#27;[38;5;48m[ADB]&amp#27;[0m Source Stamp Signer certificate DN: CN=Android, OU=Android, O=Google Inc., L=Mountain View, ST=California, C=US
&amp#27;[38;5;48m[ADB]&amp#27;[0m Source Stamp Signer certificate SHA-256 digest: 3257d599a49d2c961a471ca9843f59d341a405884583fc087df4237b733bbd6d
&amp#27;[38;5;48m[ADB]&amp#27;[0m Source Stamp Signer certificate SHA-1 digest: b1af3a0bf998aeede1a8716a539e5a59da1d86d6
&amp#27;[38;5;48m[ADB]&amp#27;[0m Source Stamp Signer certificate MD5 digest: 577b8a9fbc7e308321aec6411169d2fb
&amp#27;[38;5;48m[ADB]&amp#27;[0m 
&amp#27;[38;5;48m[ADB]&amp#27;[0m '/Users/minsung/eclipse-workspace/AppiumFramework//src//test//java//theScore//apps//theScore_24.8.0.apk' is signed with a non-default certificate
&amp#27;[38;5;48m[ADB]&amp#27;[0m Getting package info for 'com.fivemobile.thescore'
&amp#27;[38;5;48m[ADB]&amp#27;[0m Running '/Users/minsung/Library/Android/sdk/platform-tools/adb -P 5037 -s emulator-5554 shell dumpsys package com.fivemobile.thescore'
&amp#27;[38;5;48m[ADB]&amp#27;[0m App '/Users/minsung/eclipse-workspace/AppiumFramework//src//test//java//theScore//apps//theScore_24.8.0.apk' is not installed
&amp#27;[38;5;48m[ADB]&amp#27;[0m Installing '/Users/minsung/eclipse-workspace/AppiumFramework//src//test//java//theScore//apps//theScore_24.8.0.apk'
&amp#27;[38;5;48m[ADB]&amp#27;[0m Running '/Users/minsung/Library/Android/sdk/platform-tools/adb -P 5037 -s emulator-5554 help'
&amp#27;[38;5;48m[ADB]&amp#27;[0m Running '/Users/minsung/Library/Android/sdk/platform-tools/adb -P 5037 -s emulator-5554 features'
&amp#27;[38;5;48m[ADB]&amp#27;[0m The application at '/Users/minsung/eclipse-workspace/AppiumFramework//src//test//java//theScore//apps//theScore_24.8.0.apk' will not be cached, because the device under test has confirmed the support of streamed installs
&amp#27;[38;5;48m[ADB]&amp#27;[0m Running '/Users/minsung/Library/Android/sdk/platform-tools/adb -P 5037 -s emulator-5554 install /Users/minsung/eclipse-workspace/AppiumFramework//src//test//java//theScore//apps//theScore_24.8.0.apk'
&amp#27;[38;5;32m[AndroidUiautomator2Driver@6457 (32d2a80d)]&amp#27;[0m Instrumentation target 'io.appium.uiautomator2.server.test/androidx.test.runner.AndroidJUnitRunner' is available
&amp#27;[38;5;48m[ADB]&amp#27;[0m Adding packages ["io.appium.settings","io.appium.uiautomator2.server","io.appium.uiautomator2.server.test"] to Doze whitelist
&amp#27;[38;5;48m[ADB]&amp#27;[0m Got the following command chunks to execute: [["dumpsys","deviceidle","whitelist","+io.appium.settings",";","dumpsys","deviceidle","whitelist","+io.appium.uiautomator2.server",";","dumpsys","deviceidle","whitelist","+io.appium.uiautomator2.server.test",";"]]
&amp#27;[38;5;48m[ADB]&amp#27;[0m Running '/Users/minsung/Library/Android/sdk/platform-tools/adb -P 5037 -s emulator-5554 shell dumpsys deviceidle whitelist +io.appium.settings ; dumpsys deviceidle whitelist +io.appium.uiautomator2.server ; dumpsys deviceidle whitelist +io.appium.uiautomator2.server.test ;'
&amp#27;[38;5;48m[ADB]&amp#27;[0m The installation of 'theScore_24.8.0.apk' took 4376ms
&amp#27;[38;5;48m[ADB]&amp#27;[0m Install command stdout: Performing Streamed Install
&amp#27;[38;5;48m[ADB]&amp#27;[0m Success
&amp#27;[38;5;32m[AndroidUiautomator2Driver@6457 (32d2a80d)]&amp#27;[0m Performing shallow cleanup of automation leftovers
&amp#27;[38;5;32m[AndroidUiautomator2Driver@6457 (32d2a80d)]&amp#27;[0m No obsolete sessions have been detected (socket hang up)
&amp#27;[38;5;48m[ADB]&amp#27;[0m Running '/Users/minsung/Library/Android/sdk/platform-tools/adb -P 5037 -s emulator-5554 shell am force-stop io.appium.uiautomator2.server.test'
&amp#27;[38;5;32m[AndroidUiautomator2Driver@6457 (32d2a80d)]&amp#27;[0m Starting UIAutomator2 server 7.0.5
&amp#27;[38;5;32m[AndroidUiautomator2Driver@6457 (32d2a80d)]&amp#27;[0m Using UIAutomator2 server from '/Users/minsung/node_modules/appium-uiautomator2-driver/node_modules/appium-uiautomator2-server/apks/appium-uiautomator2-server-v7.0.5.apk' and test from '/Users/minsung/node_modules/appium-uiautomator2-driver/node_modules/appium-uiautomator2-server/apks/appium-uiautomator2-server-debug-androidTest.apk'
&amp#27;[38;5;32m[AndroidUiautomator2Driver@6457 (32d2a80d)]&amp#27;[0m Waiting up to 30000ms for UiAutomator2 to be online...
&amp#27;[38;5;48m[ADB]&amp#27;[0m Creating ADB subprocess with args: ["-P","5037","-s","emulator-5554","shell","am","instrument","-w","-e","disableAnalytics","true","io.appium.uiautomator2.server.test/androidx.test.runner.AndroidJUnitRunner"]
&amp#27;[38;5;32m[AndroidUiautomator2Driver@6457 (32d2a80d)]&amp#27;[0m Matched '/status' to command name 'getStatus'
&amp#27;[38;5;32m[AndroidUiautomator2Driver@6457 (32d2a80d)]&amp#27;[0m Proxying [GET /status] to [GET http://127.0.0.1:8200/status] with no body
&amp#27;[38;5;32m[AndroidUiautomator2Driver@6457 (32d2a80d)]&amp#27;[0m socket hang up
&amp#27;[38;5;32m[AndroidUiautomator2Driver@6457 (32d2a80d)]&amp#27;[0m Matched '/status' to command name 'getStatus'
&amp#27;[38;5;32m[AndroidUiautomator2Driver@6457 (32d2a80d)]&amp#27;[0m Proxying [GET /status] to [GET http://127.0.0.1:8200/status] with no body
&amp#27;[38;5;32m[AndroidUiautomator2Driver@6457 (32d2a80d)]&amp#27;[0m socket hang up
&amp#27;[38;5;32m[AndroidUiautomator2Driver@6457 (32d2a80d)]&amp#27;[0m Matched '/status' to command name 'getStatus'
&amp#27;[38;5;32m[AndroidUiautomator2Driver@6457 (32d2a80d)]&amp#27;[0m Proxying [GET /status] to [GET http://127.0.0.1:8200/status] with no body
&amp#27;[38;5;32m[AndroidUiautomator2Driver@6457 (32d2a80d)]&amp#27;[0m socket hang up
&amp#27;[38;5;112m[Instrumentation]&amp#27;[0m io.appium.uiautomator2.server.test.AppiumUiAutomator2Server:
&amp#27;[38;5;32m[AndroidUiautomator2Driver@6457 (32d2a80d)]&amp#27;[0m Matched '/status' to command name 'getStatus'
&amp#27;[38;5;32m[AndroidUiautomator2Driver@6457 (32d2a80d)]&amp#27;[0m Proxying [GET /status] to [GET http://127.0.0.1:8200/status] with no body
&amp#27;[38;5;32m[AndroidUiautomator2Driver@6457 (32d2a80d)]&amp#27;[0m socket hang up
&amp#27;[38;5;32m[AndroidUiautomator2Driver@6457 (32d2a80d)]&amp#27;[0m Matched '/status' to command name 'getStatus'
&amp#27;[38;5;32m[AndroidUiautomator2Driver@6457 (32d2a80d)]&amp#27;[0m Proxying [GET /status] to [GET http://127.0.0.1:8200/status] with no body
&amp#27;[38;5;32m[AndroidUiautomator2Driver@6457 (32d2a80d)]&amp#27;[0m socket hang up
&amp#27;[38;5;32m[AndroidUiautomator2Driver@6457 (32d2a80d)]&amp#27;[0m Matched '/status' to command name 'getStatus'
&amp#27;[38;5;32m[AndroidUiautomator2Driver@6457 (32d2a80d)]&amp#27;[0m Proxying [GET /status] to [GET http://127.0.0.1:8200/status] with no body
&amp#27;[38;5;32m[AndroidUiautomator2Driver@6457 (32d2a80d)]&amp#27;[0m Got response with status 200: {"sessionId":"None","value":{"message":"UiAutomator2 Server is ready to accept commands","ready":true}}
&amp#27;[38;5;32m[AndroidUiautomator2Driver@6457 (32d2a80d)]&amp#27;[0m The initialization of the instrumentation process took 5094ms
&amp#27;[38;5;32m[AndroidUiautomator2Driver@6457 (32d2a80d)]&amp#27;[0m Matched '/session' to command name 'createSession'
&amp#27;[38;5;32m[AndroidUiautomator2Driver@6457 (32d2a80d)]&amp#27;[0m Proxying [POST /session] to [POST http://127.0.0.1:8200/session] with body: {"capabilities":{"firstMatch":[{"platformName":"ANDROID","app":"/Users/minsung/eclipse-workspace/AppiumFramework//src//test//java//theScore//apps//theScore_24.8.0.apk","automationName":"UIAutomator2","deviceName":"emulator-5554","platform":"LINUX","webStorageEnabled":false,"takesScreenshot":true,"javascriptEnabled":true,"databaseEnabled":false,"networkConnectionEnabled":true,"locationContextEnabled":false,"warnings":{},"desired":{"platformName":"ANDROID","app":"/Users/minsung/eclipse-workspace/AppiumFramework//src//test//java//theScore//apps//theScore_24.8.0.apk","automationName":"UIAutomator2","deviceName":"Android Device"},"deviceUDID":"emulator-5554","appPackage":"com.fivemobile.thescore"}],"alwaysMatch":{}}}
&amp#27;[38;5;32m[AndroidUiautomator2Driver@6457 (32d2a80d)]&amp#27;[0m Got response with status 200: {"sessionId":"f5e84c71-f4f7-4f8e-aec7-33a82bd27fec","value":{"capabilities":{"firstMatch":[{"platformName":"ANDROID","app":"/Users/minsung/eclipse-workspace/AppiumFramework//src//test//java//theScore//apps//theScore_24.8.0.apk","automationName":"UIAutomator2","deviceName":"emulator-5554","platform":"LINUX","webStorageEnabled":false,"takesScreenshot":true,"javascriptEnabled":true,"databaseEnabled":false,"networkConnectionEnabled":true,"locationContextEnabled":false,"warnings":{},"desired":{"platformName":"ANDROID","app":"/Users/minsung/eclipse-workspace/AppiumFramework//src//test//java//theScore//apps//theScore_24.8.0.apk","automationName":"UIAutomator2","deviceName":"Android Device"},"deviceUDID":"emulator-5554","appPackage":"com.fivemobile.thescore"}],"alwaysMatch":{}},"sessionId":"f5e84c71-f4f7-4f8e-aec7-33a82bd27fec"}}
&amp#27;[38;5;32m[AndroidUiautomator2Driver@6457 (32d2a80d)]&amp#27;[0m Determined the downstream protocol as 'W3C'
&amp#27;[38;5;32m[AndroidUiautomator2Driver@6457 (32d2a80d)]&amp#27;[0m Proxying [GET /appium/device/pixel_ratio] to [GET http://127.0.0.1:8200/session/f5e84c71-f4f7-4f8e-aec7-33a82bd27fec/appium/device/pixel_ratio] with no body
&amp#27;[38;5;32m[AndroidUiautomator2Driver@6457 (32d2a80d)]&amp#27;[0m Matched '/appium/device/system_bars' to command name 'getSystemBars'
&amp#27;[38;5;32m[AndroidUiautomator2Driver@6457 (32d2a80d)]&amp#27;[0m Proxying [GET /appium/device/system_bars] to [GET http://127.0.0.1:8200/session/f5e84c71-f4f7-4f8e-aec7-33a82bd27fec/appium/device/system_bars] with no body
&amp#27;[38;5;32m[AndroidUiautomator2Driver@6457 (32d2a80d)]&amp#27;[0m Matched '/window/current/size' to command name 'getWindowSize'
&amp#27;[38;5;32m[AndroidUiautomator2Driver@6457 (32d2a80d)]&amp#27;[0m Proxying [GET /window/current/size] to [GET http://127.0.0.1:8200/session/f5e84c71-f4f7-4f8e-aec7-33a82bd27fec/window/current/size] with no body
&amp#27;[38;5;32m[AndroidUiautomator2Driver@6457 (32d2a80d)]&amp#27;[0m Proxying [GET /appium/device/info] to [GET http://127.0.0.1:8200/session/f5e84c71-f4f7-4f8e-aec7-33a82bd27fec/appium/device/info] with no body
&amp#27;[38;5;48m[ADB]&amp#27;[0m Running '/Users/minsung/Library/Android/sdk/platform-tools/adb -P 5037 -s emulator-5554 shell dumpsys window'
&amp#27;[38;5;32m[AndroidUiautomator2Driver@6457 (32d2a80d)]&amp#27;[0m Got response with status 200: {"sessionId":"f5e84c71-f4f7-4f8e-aec7-33a82bd27fec","value":3.5}
&amp#27;[38;5;32m[AndroidUiautomator2Driver@6457 (32d2a80d)]&amp#27;[0m Got response with status 200: {"sessionId":"f5e84c71-f4f7-4f8e-aec7-33a82bd27fec","value":{"statusBar":84}}
&amp#27;[38;5;32m[AndroidUiautomator2Driver@6457 (32d2a80d)]&amp#27;[0m Got response with status 200: {"sessionId":"f5e84c71-f4f7-4f8e-aec7-33a82bd27fec","value":{"height":3120,"width":1440}}
&amp#27;[38;5;32m[AndroidUiautomator2Driver@6457 (32d2a80d)]&amp#27;[0m Got response with status 200: {"sessionId":"f5e84c71-f4f7-4f8e-aec7-33a82bd27fec","value":{"androidId":"cf3cd289be43b2d3","apiVersion":"34","bluetooth":{"state":"ON"},"brand":"google","carrierName":"T-Mobile","displayDensity":560,"locale":"en_US","manufacturer":"Google","model":"sdk_gphone64_x86_64","networks":[{"capabilities":{"SSID":null,"linkDownBandwidthKbps":4300,"linkUpstreamBandwidthKbps":1800,"networkCapabilities":"NET_CAPABILITY_MMS,NET_CAPABILITY_SUPL,NET_CAPABILITY_DUN,NET_CAPABILITY_FOTA,NET_CAPABILITY_IMS,NET_CAPABILITY_CBS,NET_CAPABILITY_INTERNET,NET_CAPABILITY_NOT_RESTRICTED,NET_CAPABILITY_TRUSTED,NET_CAPABILITY_NOT_VPN,NET_CAPABILITY_VALIDATED,NET_CAPABILITY_NOT_ROAMING,NET_CAPABILITY_FOREGROUND,NET_CAPABILITY_NOT_CONGESTED,NET_CAPABILITY_NOT_SUSPENDED","signalStrength":-2147483648,"transportTypes":"TRANSPORT_CELLULAR"},"detailedState":"CONNECTED","extraInfo":"epc.tmobile.com","isAvailable":true,"isConnected":true,"isFailover":false,"isRoaming":false,"state":"CONNECTED","subtype":10,"subtypeName":"HSPA","type":0,"typeNa...
&amp#27;[38;5;32m[AndroidUiautomator2Driver@6457 (32d2a80d)]&amp#27;[0m Screen already unlocked, doing nothing
&amp#27;[38;5;32m[AndroidUiautomator2Driver@6457 (32d2a80d)]&amp#27;[0m Starting 'com.fivemobile.thescore/com.fivemobile.thescore.ui.MainActivity and waiting for 'com.fivemobile.thescore/com.fivemobile.thescore.ui.MainActivity'
&amp#27;[38;5;48m[ADB]&amp#27;[0m Running '/Users/minsung/Library/Android/sdk/platform-tools/adb -P 5037 -s emulator-5554 shell am start -W -n com.fivemobile.thescore/com.fivemobile.thescore.ui.MainActivity -S -a android.intent.action.MAIN -c android.intent.category.LAUNCHER -f 0x10200000'
&amp#27;[38;5;48m[ADB]&amp#27;[0m Waiting up to 20000ms for activity matching pkg: 'com.fivemobile.thescore' and activity: 'com.fivemobile.thescore.ui.MainActivity' to be focused
&amp#27;[38;5;48m[ADB]&amp#27;[0m Possible activities, to be checked: 'com.fivemobile.thescore.ui.MainActivity', 'com.fivemobile.thescore.com.fivemobile.thescore.ui.MainActivity'
&amp#27;[38;5;48m[ADB]&amp#27;[0m Getting focused package and activity
&amp#27;[38;5;48m[ADB]&amp#27;[0m Running '/Users/minsung/Library/Android/sdk/platform-tools/adb -P 5037 -s emulator-5554 shell dumpsys window displays'
&amp#27;[38;5;48m[ADB]&amp#27;[0m Found package: 'com.fivemobile.thescore' and fully qualified activity name : 'com.fivemobile.thescore.ui.MainActivity'
&amp#27;[38;5;16m[AppiumDriver@5fe6]&amp#27;[0m New AndroidUiautomator2Driver session created successfully, session 32d2a80d-dc78-4f3e-a636-c5413edf6ff7 added to master session list
&amp#27;[38;5;16m[AppiumDriver@5fe6]&amp#27;[0m Event 'newSessionStarted' logged at 1715040286675 (17:04:46 GMT-0700 (Pacific Daylight Time))
&amp#27;[38;5;32m[AndroidUiautomator2Driver@6457 (32d2a80d)]&amp#27;[0m Cached the protocol value 'W3C' for the new session 32d2a80d-dc78-4f3e-a636-c5413edf6ff7
&amp#27;[38;5;32m[AndroidUiautomator2Driver@6457 (32d2a80d)]&amp#27;[0m Responding to client with driver.createSession() result: {"capabilities":{"platformName":"ANDROID","app":"/Users/minsung/eclipse-workspace/AppiumFramework//src//test//java//theScore//apps//theScore_24.8.0.apk","automationName":"UIAutomator2","deviceName":"emulator-5554","platform":"LINUX","webStorageEnabled":false,"takesScreenshot":true,"javascriptEnabled":true,"databaseEnabled":false,"networkConnectionEnabled":true,"locationContextEnabled":false,"warnings":{},"desired":{"platformName":"ANDROID","app":"/Users/minsung/eclipse-workspace/AppiumFramework//src//test//java//theScore//apps//theScore_24.8.0.apk","automationName":"UIAutomator2","deviceName":"Android Device"},"deviceUDID":"emulator-5554","appPackage":"com.fivemobile.thescore","pixelRatio":"3.5","statBarHeight":84,"viewportRect":{"left":0,"top":84,"width":1440,"height":3036},"deviceApiLevel":34,"platformVersion":"14","deviceManufacturer":"Google","deviceModel":"sdk_gphone64_x86_64","deviceScreenSize":"1440x3120","deviceScreenDensity":560}}
&amp#27;[38;5;0m[HTTP]&amp#27;[0m &amp#27;[37m<-- POST /session &amp#27;[39m&amp#27;[32m200&amp#27;[39m &amp#27;[90m18989 ms - 1014&amp#27;[39m
&amp#27;[38;5;0m[HTTP]&amp#27;[0m &amp#27;[90m&amp#27;[39m
&amp#27;[38;5;0m[HTTP]&amp#27;[0m &amp#27;[37m-->&amp#27;[39m &amp#27;[37mPOST&amp#27;[39m &amp#27;[37m/session/32d2a80d-dc78-4f3e-a636-c5413edf6ff7/timeouts&amp#27;[39m
&amp#27;[38;5;0m[HTTP]&amp#27;[0m &amp#27;[90m{"implicit":10000}&amp#27;[39m
&amp#27;[38;5;32m[AndroidUiautomator2Driver@6457 (32d2a80d)]&amp#27;[0m Calling AppiumDriver.timeouts() with args: [null,null,null,null,10000,"32d2a80d-dc78-4f3e-a636-c5413edf6ff7"]
&amp#27;[38;5;32m[AndroidUiautomator2Driver@6457 (32d2a80d)]&amp#27;[0m W3C timeout argument: {"implicit":10000}}
&amp#27;[38;5;32m[AndroidUiautomator2Driver@6457 (32d2a80d)]&amp#27;[0m Set implicit wait to 10000ms
&amp#27;[38;5;32m[AndroidUiautomator2Driver@6457 (32d2a80d)]&amp#27;[0m Responding to client with driver.timeouts() result: null
&amp#27;[38;5;0m[HTTP]&amp#27;[0m &amp#27;[37m<-- POST /session/32d2a80d-dc78-4f3e-a636-c5413edf6ff7/timeouts &amp#27;[39m&amp#27;[32m200&amp#27;[39m &amp#27;[90m3 ms - 14&amp#27;[39m
&amp#27;[38;5;0m[HTTP]&amp#27;[0m &amp#27;[90m&amp#27;[39m
&amp#27;[38;5;0m[HTTP]&amp#27;[0m &amp#27;[37m-->&amp#27;[39m &amp#27;[37mGET&amp#27;[39m &amp#27;[37m/session/32d2a80d-dc78-4f3e-a636-c5413edf6ff7/context&amp#27;[39m
&amp#27;[38;5;0m[HTTP]&amp#27;[0m &amp#27;[90m{}&amp#27;[39m
&amp#27;[38;5;32m[AndroidUiautomator2Driver@6457 (32d2a80d)]&amp#27;[0m Calling AppiumDriver.getCurrentContext() with args: ["32d2a80d-dc78-4f3e-a636-c5413edf6ff7"]
&amp#27;[38;5;32m[AndroidUiautomator2Driver@6457 (32d2a80d)]&amp#27;[0m Responding to client with driver.getCurrentContext() result: "NATIVE_APP"
&amp#27;[38;5;0m[HTTP]&amp#27;[0m &amp#27;[37m<-- GET /session/32d2a80d-dc78-4f3e-a636-c5413edf6ff7/context &amp#27;[39m&amp#27;[32m200&amp#27;[39m &amp#27;[90m4 ms - 22&amp#27;[39m
&amp#27;[38;5;0m[HTTP]&amp#27;[0m &amp#27;[90m&amp#27;[39m
&amp#27;[38;5;0m[HTTP]&amp#27;[0m &amp#27;[37m-->&amp#27;[39m &amp#27;[37mPOST&amp#27;[39m &amp#27;[37m/session/32d2a80d-dc78-4f3e-a636-c5413edf6ff7/element&amp#27;[39m
&amp#27;[38;5;0m[HTTP]&amp#27;[0m &amp#27;[90m{"value":"com.fivemobile.thescore:id/btn_primary","using":"id"}&amp#27;[39m
&amp#27;[38;5;32m[AndroidUiautomator2Driver@6457 (32d2a80d)]&amp#27;[0m Calling AppiumDriver.findElement() with args: ["id","com.fivemobile.thescore:id/btn_primary","32d2a80d-dc78-4f3e-a636-c5413edf6ff7"]
&amp#27;[38;5;32m[AndroidUiautomator2Driver@6457 (32d2a80d)]&amp#27;[0m Valid locator strategies for this request: xpath, id, class name, accessibility id, css selector, -android uiautomator
&amp#27;[38;5;32m[AndroidUiautomator2Driver@6457 (32d2a80d)]&amp#27;[0m Waiting up to 10000 ms for condition
&amp#27;[38;5;32m[AndroidUiautomator2Driver@6457 (32d2a80d)]&amp#27;[0m Matched '/element' to command name 'findElement'
&amp#27;[38;5;32m[AndroidUiautomator2Driver@6457 (32d2a80d)]&amp#27;[0m Proxying [POST /element] to [POST http://127.0.0.1:8200/session/f5e84c71-f4f7-4f8e-aec7-33a82bd27fec/element] with body: {"strategy":"id","selector":"com.fivemobile.thescore:id/btn_primary","context":"","multiple":false}
&amp#27;[38;5;32m[AndroidUiautomator2Driver@6457 (32d2a80d)]&amp#27;[0m Got response with status 200: {"sessionId":"f5e84c71-f4f7-4f8e-aec7-33a82bd27fec","value":{"ELEMENT":"00000000-0000-000c-ffff-ffff00000087","element-6066-11e4-a52e-4f735466cecf":"00000000-0000-000c-ffff-ffff00000087"}}
&amp#27;[38;5;32m[AndroidUiautomator2Driver@6457 (32d2a80d)]&amp#27;[0m Responding to client with driver.findElement() result: {"element-6066-11e4-a52e-4f735466cecf":"00000000-0000-000c-ffff-ffff00000087","ELEMENT":"00000000-0000-000c-ffff-ffff00000087"}
&amp#27;[38;5;0m[HTTP]&amp#27;[0m &amp#27;[37m<-- POST /session/32d2a80d-dc78-4f3e-a636-c5413edf6ff7/element &amp#27;[39m&amp#27;[32m200&amp#27;[39m &amp#27;[90m1197 ms - 137&amp#27;[39m
&amp#27;[38;5;0m[HTTP]&amp#27;[0m &amp#27;[90m&amp#27;[39m
&amp#27;[38;5;0m[HTTP]&amp#27;[0m &amp#27;[37m-->&amp#27;[39m &amp#27;[37mPOST&amp#27;[39m &amp#27;[37m/session/32d2a80d-dc78-4f3e-a636-c5413edf6ff7/element/00000000-0000-000c-ffff-ffff00000087/click&amp#27;[39m
&amp#27;[38;5;0m[HTTP]&amp#27;[0m &amp#27;[90m{"id":"00000000-0000-000c-ffff-ffff00000087"}&amp#27;[39m
&amp#27;[38;5;32m[AndroidUiautomator2Driver@6457 (32d2a80d)]&amp#27;[0m Calling AppiumDriver.click() with args: ["00000000-0000-000c-ffff-ffff00000087","32d2a80d-dc78-4f3e-a636-c5413edf6ff7"]
&amp#27;[38;5;32m[AndroidUiautomator2Driver@6457 (32d2a80d)]&amp#27;[0m Matched '/element/00000000-0000-000c-ffff-ffff00000087/click' to command name 'click'
&amp#27;[38;5;32m[AndroidUiautomator2Driver@6457 (32d2a80d)]&amp#27;[0m Proxying [POST /element/00000000-0000-000c-ffff-ffff00000087/click] to [POST http://127.0.0.1:8200/session/f5e84c71-f4f7-4f8e-aec7-33a82bd27fec/element/00000000-0000-000c-ffff-ffff00000087/click] with body: {"element":"00000000-0000-000c-ffff-ffff00000087"}
&amp#27;[38;5;32m[AndroidUiautomator2Driver@6457 (32d2a80d)]&amp#27;[0m Got response with status 200: {"sessionId":"f5e84c71-f4f7-4f8e-aec7-33a82bd27fec","value":null}
&amp#27;[38;5;32m[AndroidUiautomator2Driver@6457 (32d2a80d)]&amp#27;[0m Responding to client with driver.click() result: null
&amp#27;[38;5;0m[HTTP]&amp#27;[0m &amp#27;[37m<-- POST /session/32d2a80d-dc78-4f3e-a636-c5413edf6ff7/element/00000000-0000-000c-ffff-ffff00000087/click &amp#27;[39m&amp#27;[32m200&amp#27;[39m &amp#27;[90m775 ms - 14&amp#27;[39m
&amp#27;[38;5;0m[HTTP]&amp#27;[0m &amp#27;[90m&amp#27;[39m
&amp#27;[38;5;0m[HTTP]&amp#27;[0m &amp#27;[37m-->&amp#27;[39m &amp#27;[37mGET&amp#27;[39m &amp#27;[37m/session/32d2a80d-dc78-4f3e-a636-c5413edf6ff7/context&amp#27;[39m
&amp#27;[38;5;0m[HTTP]&amp#27;[0m &amp#27;[90m{}&amp#27;[39m
&amp#27;[38;5;32m[AndroidUiautomator2Driver@6457 (32d2a80d)]&amp#27;[0m Calling AppiumDriver.getCurrentContext() with args: ["32d2a80d-dc78-4f3e-a636-c5413edf6ff7"]
&amp#27;[38;5;32m[AndroidUiautomator2Driver@6457 (32d2a80d)]&amp#27;[0m Responding to client with driver.getCurrentContext() result: "NATIVE_APP"
&amp#27;[38;5;0m[HTTP]&amp#27;[0m &amp#27;[37m<-- GET /session/32d2a80d-dc78-4f3e-a636-c5413edf6ff7/context &amp#27;[39m&amp#27;[32m200&amp#27;[39m &amp#27;[90m2 ms - 22&amp#27;[39m
&amp#27;[38;5;0m[HTTP]&amp#27;[0m &amp#27;[90m&amp#27;[39m
&amp#27;[38;5;0m[HTTP]&amp#27;[0m &amp#27;[37m-->&amp#27;[39m &amp#27;[37mPOST&amp#27;[39m &amp#27;[37m/session/32d2a80d-dc78-4f3e-a636-c5413edf6ff7/element&amp#27;[39m
&amp#27;[38;5;0m[HTTP]&amp#27;[0m &amp#27;[90m{"value":"com.fivemobile.thescore:id/accept_button","using":"id"}&amp#27;[39m
&amp#27;[38;5;32m[AndroidUiautomator2Driver@6457 (32d2a80d)]&amp#27;[0m Calling AppiumDriver.findElement() with args: ["id","com.fivemobile.thescore:id/accept_button","32d2a80d-dc78-4f3e-a636-c5413edf6ff7"]
&amp#27;[38;5;32m[AndroidUiautomator2Driver@6457 (32d2a80d)]&amp#27;[0m Valid locator strategies for this request: xpath, id, class name, accessibility id, css selector, -android uiautomator
&amp#27;[38;5;32m[AndroidUiautomator2Driver@6457 (32d2a80d)]&amp#27;[0m Waiting up to 10000 ms for condition
&amp#27;[38;5;32m[AndroidUiautomator2Driver@6457 (32d2a80d)]&amp#27;[0m Matched '/element' to command name 'findElement'
&amp#27;[38;5;32m[AndroidUiautomator2Driver@6457 (32d2a80d)]&amp#27;[0m Proxying [POST /element] to [POST http://127.0.0.1:8200/session/f5e84c71-f4f7-4f8e-aec7-33a82bd27fec/element] with body: {"strategy":"id","selector":"com.fivemobile.thescore:id/accept_button","context":"","multiple":false}
&amp#27;[38;5;32m[AndroidUiautomator2Driver@6457 (32d2a80d)]&amp#27;[0m Got response with status 200: {"sessionId":"f5e84c71-f4f7-4f8e-aec7-33a82bd27fec","value":{"ELEMENT":"00000000-0000-000c-ffff-ffff0000010a","element-6066-11e4-a52e-4f735466cecf":"00000000-0000-000c-ffff-ffff0000010a"}}
&amp#27;[38;5;32m[AndroidUiautomator2Driver@6457 (32d2a80d)]&amp#27;[0m Responding to client with driver.findElement() result: {"element-6066-11e4-a52e-4f735466cecf":"00000000-0000-000c-ffff-ffff0000010a","ELEMENT":"00000000-0000-000c-ffff-ffff0000010a"}
&amp#27;[38;5;0m[HTTP]&amp#27;[0m &amp#27;[37m<-- POST /session/32d2a80d-dc78-4f3e-a636-c5413edf6ff7/element &amp#27;[39m&amp#27;[32m200&amp#27;[39m &amp#27;[90m1894 ms - 137&amp#27;[39m
&amp#27;[38;5;0m[HTTP]&amp#27;[0m &amp#27;[90m&amp#27;[39m
&amp#27;[38;5;0m[HTTP]&amp#27;[0m &amp#27;[37m-->&amp#27;[39m &amp#27;[37mPOST&amp#27;[39m &amp#27;[37m/session/32d2a80d-dc78-4f3e-a636-c5413edf6ff7/element/00000000-0000-000c-ffff-ffff0000010a/click&amp#27;[39m
&amp#27;[38;5;0m[HTTP]&amp#27;[0m &amp#27;[90m{"id":"00000000-0000-000c-ffff-ffff0000010a"}&amp#27;[39m
&amp#27;[38;5;32m[AndroidUiautomator2Driver@6457 (32d2a80d)]&amp#27;[0m Calling AppiumDriver.click() with args: ["00000000-0000-000c-ffff-ffff0000010a","32d2a80d-dc78-4f3e-a636-c5413edf6ff7"]
&amp#27;[38;5;32m[AndroidUiautomator2Driver@6457 (32d2a80d)]&amp#27;[0m Matched '/element/00000000-0000-000c-ffff-ffff0000010a/click' to command name 'click'
&amp#27;[38;5;32m[AndroidUiautomator2Driver@6457 (32d2a80d)]&amp#27;[0m Proxying [POST /element/00000000-0000-000c-ffff-ffff0000010a/click] to [POST http://127.0.0.1:8200/session/f5e84c71-f4f7-4f8e-aec7-33a82bd27fec/element/00000000-0000-000c-ffff-ffff0000010a/click] with body: {"element":"00000000-0000-000c-ffff-ffff0000010a"}
&amp#27;[38;5;32m[AndroidUiautomator2Driver@6457 (32d2a80d)]&amp#27;[0m Got response with status 200: {"sessionId":"f5e84c71-f4f7-4f8e-aec7-33a82bd27fec","value":null}
&amp#27;[38;5;32m[AndroidUiautomator2Driver@6457 (32d2a80d)]&amp#27;[0m Responding to client with driver.click() result: null
&amp#27;[38;5;0m[HTTP]&amp#27;[0m &amp#27;[37m<-- POST /session/32d2a80d-dc78-4f3e-a636-c5413edf6ff7/element/00000000-0000-000c-ffff-ffff0000010a/click &amp#27;[39m&amp#27;[32m200&amp#27;[39m &amp#27;[90m1678 ms - 14&amp#27;[39m
&amp#27;[38;5;0m[HTTP]&amp#27;[0m &amp#27;[90m&amp#27;[39m
&amp#27;[38;5;0m[HTTP]&amp#27;[0m &amp#27;[37m-->&amp#27;[39m &amp#27;[37mGET&amp#27;[39m &amp#27;[37m/session/32d2a80d-dc78-4f3e-a636-c5413edf6ff7/context&amp#27;[39m
&amp#27;[38;5;0m[HTTP]&amp#27;[0m &amp#27;[90m{}&amp#27;[39m
&amp#27;[38;5;32m[AndroidUiautomator2Driver@6457 (32d2a80d)]&amp#27;[0m Calling AppiumDriver.getCurrentContext() with args: ["32d2a80d-dc78-4f3e-a636-c5413edf6ff7"]
&amp#27;[38;5;32m[AndroidUiautomator2Driver@6457 (32d2a80d)]&amp#27;[0m Responding to client with driver.getCurrentContext() result: "NATIVE_APP"
&amp#27;[38;5;0m[HTTP]&amp#27;[0m &amp#27;[37m<-- GET /session/32d2a80d-dc78-4f3e-a636-c5413edf6ff7/context &amp#27;[39m&amp#27;[32m200&amp#27;[39m &amp#27;[90m1 ms - 22&amp#27;[39m
&amp#27;[38;5;0m[HTTP]&amp#27;[0m &amp#27;[90m&amp#27;[39m
&amp#27;[38;5;0m[HTTP]&amp#27;[0m &amp#27;[37m-->&amp#27;[39m &amp#27;[37mPOST&amp#27;[39m &amp#27;[37m/session/32d2a80d-dc78-4f3e-a636-c5413edf6ff7/element&amp#27;[39m
&amp#27;[38;5;0m[HTTP]&amp#27;[0m &amp#27;[90m{"value":"com.fivemobile.thescore:id/btn_primary","using":"id"}&amp#27;[39m
&amp#27;[38;5;32m[AndroidUiautomator2Driver@6457 (32d2a80d)]&amp#27;[0m Calling AppiumDriver.findElement() with args: ["id","com.fivemobile.thescore:id/btn_primary","32d2a80d-dc78-4f3e-a636-c5413edf6ff7"]
&amp#27;[38;5;32m[AndroidUiautomator2Driver@6457 (32d2a80d)]&amp#27;[0m Valid locator strategies for this request: xpath, id, class name, accessibility id, css selector, -android uiautomator
&amp#27;[38;5;32m[AndroidUiautomator2Driver@6457 (32d2a80d)]&amp#27;[0m Waiting up to 10000 ms for condition
&amp#27;[38;5;32m[AndroidUiautomator2Driver@6457 (32d2a80d)]&amp#27;[0m Matched '/element' to command name 'findElement'
&amp#27;[38;5;32m[AndroidUiautomator2Driver@6457 (32d2a80d)]&amp#27;[0m Proxying [POST /element] to [POST http://127.0.0.1:8200/session/f5e84c71-f4f7-4f8e-aec7-33a82bd27fec/element] with body: {"strategy":"id","selector":"com.fivemobile.thescore:id/btn_primary","context":"","multiple":false}
&amp#27;[38;5;32m[AndroidUiautomator2Driver@6457 (32d2a80d)]&amp#27;[0m Got response with status 200: {"sessionId":"f5e84c71-f4f7-4f8e-aec7-33a82bd27fec","value":{"ELEMENT":"00000000-0000-000c-ffff-ffff0000014d","element-6066-11e4-a52e-4f735466cecf":"00000000-0000-000c-ffff-ffff0000014d"}}
&amp#27;[38;5;32m[AndroidUiautomator2Driver@6457 (32d2a80d)]&amp#27;[0m Responding to client with driver.findElement() result: {"element-6066-11e4-a52e-4f735466cecf":"00000000-0000-000c-ffff-ffff0000014d","ELEMENT":"00000000-0000-000c-ffff-ffff0000014d"}
&amp#27;[38;5;0m[HTTP]&amp#27;[0m &amp#27;[37m<-- POST /session/32d2a80d-dc78-4f3e-a636-c5413edf6ff7/element &amp#27;[39m&amp#27;[32m200&amp#27;[39m &amp#27;[90m186 ms - 137&amp#27;[39m
&amp#27;[38;5;0m[HTTP]&amp#27;[0m &amp#27;[90m&amp#27;[39m
&amp#27;[38;5;0m[HTTP]&amp#27;[0m &amp#27;[37m-->&amp#27;[39m &amp#27;[37mPOST&amp#27;[39m &amp#27;[37m/session/32d2a80d-dc78-4f3e-a636-c5413edf6ff7/element/00000000-0000-000c-ffff-ffff0000014d/click&amp#27;[39m
&amp#27;[38;5;0m[HTTP]&amp#27;[0m &amp#27;[90m{"id":"00000000-0000-000c-ffff-ffff0000014d"}&amp#27;[39m
&amp#27;[38;5;32m[AndroidUiautomator2Driver@6457 (32d2a80d)]&amp#27;[0m Calling AppiumDriver.click() with args: ["00000000-0000-000c-ffff-ffff0000014d","32d2a80d-dc78-4f3e-a636-c5413edf6ff7"]
&amp#27;[38;5;32m[AndroidUiautomator2Driver@6457 (32d2a80d)]&amp#27;[0m Matched '/element/00000000-0000-000c-ffff-ffff0000014d/click' to command name 'click'
&amp#27;[38;5;32m[AndroidUiautomator2Driver@6457 (32d2a80d)]&amp#27;[0m Proxying [POST /element/00000000-0000-000c-ffff-ffff0000014d/click] to [POST http://127.0.0.1:8200/session/f5e84c71-f4f7-4f8e-aec7-33a82bd27fec/element/00000000-0000-000c-ffff-ffff0000014d/click] with body: {"element":"00000000-0000-000c-ffff-ffff0000014d"}
&amp#27;[38;5;32m[AndroidUiautomator2Driver@6457 (32d2a80d)]&amp#27;[0m Got response with status 200: {"sessionId":"f5e84c71-f4f7-4f8e-aec7-33a82bd27fec","value":null}
&amp#27;[38;5;32m[AndroidUiautomator2Driver@6457 (32d2a80d)]&amp#27;[0m Responding to client with driver.click() result: null
&amp#27;[38;5;0m[HTTP]&amp#27;[0m &amp#27;[37m<-- POST /session/32d2a80d-dc78-4f3e-a636-c5413edf6ff7/element/00000000-0000-000c-ffff-ffff0000014d/click &amp#27;[39m&amp#27;[32m200&amp#27;[39m &amp#27;[90m636 ms - 14&amp#27;[39m
&amp#27;[38;5;0m[HTTP]&amp#27;[0m &amp#27;[90m&amp#27;[39m
&amp#27;[38;5;0m[HTTP]&amp#27;[0m &amp#27;[37m-->&amp#27;[39m &amp#27;[37mGET&amp#27;[39m &amp#27;[37m/session/32d2a80d-dc78-4f3e-a636-c5413edf6ff7/context&amp#27;[39m
&amp#27;[38;5;0m[HTTP]&amp#27;[0m &amp#27;[90m{}&amp#27;[39m
&amp#27;[38;5;32m[AndroidUiautomator2Driver@6457 (32d2a80d)]&amp#27;[0m Calling AppiumDriver.getCurrentContext() with args: ["32d2a80d-dc78-4f3e-a636-c5413edf6ff7"]
&amp#27;[38;5;32m[AndroidUiautomator2Driver@6457 (32d2a80d)]&amp#27;[0m Responding to client with driver.getCurrentContext() result: "NATIVE_APP"
&amp#27;[38;5;0m[HTTP]&amp#27;[0m &amp#27;[37m<-- GET /session/32d2a80d-dc78-4f3e-a636-c5413edf6ff7/context &amp#27;[39m&amp#27;[32m200&amp#27;[39m &amp#27;[90m1 ms - 22&amp#27;[39m
&amp#27;[38;5;0m[HTTP]&amp#27;[0m &amp#27;[90m&amp#27;[39m
&amp#27;[38;5;0m[HTTP]&amp#27;[0m &amp#27;[37m-->&amp#27;[39m &amp#27;[37mPOST&amp#27;[39m &amp#27;[37m/session/32d2a80d-dc78-4f3e-a636-c5413edf6ff7/element&amp#27;[39m
&amp#27;[38;5;0m[HTTP]&amp#27;[0m &amp#27;[90m{"value":"com.fivemobile.thescore:id/action_button_text","using":"id"}&amp#27;[39m
&amp#27;[38;5;32m[AndroidUiautomator2Driver@6457 (32d2a80d)]&amp#27;[0m Calling AppiumDriver.findElement() with args: ["id","com.fivemobile.thescore:id/action_button_text","32d2a80d-dc78-4f3e-a636-c5413edf6ff7"]
&amp#27;[38;5;32m[AndroidUiautomator2Driver@6457 (32d2a80d)]&amp#27;[0m Valid locator strategies for this request: xpath, id, class name, accessibility id, css selector, -android uiautomator
&amp#27;[38;5;32m[AndroidUiautomator2Driver@6457 (32d2a80d)]&amp#27;[0m Waiting up to 10000 ms for condition
&amp#27;[38;5;32m[AndroidUiautomator2Driver@6457 (32d2a80d)]&amp#27;[0m Matched '/element' to command name 'findElement'
&amp#27;[38;5;32m[AndroidUiautomator2Driver@6457 (32d2a80d)]&amp#27;[0m Proxying [POST /element] to [POST http://127.0.0.1:8200/session/f5e84c71-f4f7-4f8e-aec7-33a82bd27fec/element] with body: {"strategy":"id","selector":"com.fivemobile.thescore:id/action_button_text","context":"","multiple":false}
&amp#27;[38;5;32m[AndroidUiautomator2Driver@6457 (32d2a80d)]&amp#27;[0m Got response with status 200: {"sessionId":"f5e84c71-f4f7-4f8e-aec7-33a82bd27fec","value":{"ELEMENT":"00000000-0000-000c-ffff-ffff0000014e","element-6066-11e4-a52e-4f735466cecf":"00000000-0000-000c-ffff-ffff0000014e"}}
&amp#27;[38;5;32m[AndroidUiautomator2Driver@6457 (32d2a80d)]&amp#27;[0m Responding to client with driver.findElement() result: {"element-6066-11e4-a52e-4f735466cecf":"00000000-0000-000c-ffff-ffff0000014e","ELEMENT":"00000000-0000-000c-ffff-ffff0000014e"}
&amp#27;[38;5;0m[HTTP]&amp#27;[0m &amp#27;[37m<-- POST /session/32d2a80d-dc78-4f3e-a636-c5413edf6ff7/element &amp#27;[39m&amp#27;[32m200&amp#27;[39m &amp#27;[90m2000 ms - 137&amp#27;[39m
&amp#27;[38;5;0m[HTTP]&amp#27;[0m &amp#27;[90m&amp#27;[39m
&amp#27;[38;5;0m[HTTP]&amp#27;[0m &amp#27;[37m-->&amp#27;[39m &amp#27;[37mPOST&amp#27;[39m &amp#27;[37m/session/32d2a80d-dc78-4f3e-a636-c5413edf6ff7/element/00000000-0000-000c-ffff-ffff0000014e/click&amp#27;[39m
&amp#27;[38;5;0m[HTTP]&amp#27;[0m &amp#27;[90m{"id":"00000000-0000-000c-ffff-ffff0000014e"}&amp#27;[39m
&amp#27;[38;5;32m[AndroidUiautomator2Driver@6457 (32d2a80d)]&amp#27;[0m Calling AppiumDriver.click() with args: ["00000000-0000-000c-ffff-ffff0000014e","32d2a80d-dc78-4f3e-a636-c5413edf6ff7"]
&amp#27;[38;5;32m[AndroidUiautomator2Driver@6457 (32d2a80d)]&amp#27;[0m Matched '/element/00000000-0000-000c-ffff-ffff0000014e/click' to command name 'click'
&amp#27;[38;5;32m[AndroidUiautomator2Driver@6457 (32d2a80d)]&amp#27;[0m Proxying [POST /element/00000000-0000-000c-ffff-ffff0000014e/click] to [POST http://127.0.0.1:8200/session/f5e84c71-f4f7-4f8e-aec7-33a82bd27fec/element/00000000-0000-000c-ffff-ffff0000014e/click] with body: {"element":"00000000-0000-000c-ffff-ffff0000014e"}
&amp#27;[38;5;32m[AndroidUiautomator2Driver@6457 (32d2a80d)]&amp#27;[0m Got response with status 200: {"sessionId":"f5e84c71-f4f7-4f8e-aec7-33a82bd27fec","value":null}
&amp#27;[38;5;32m[AndroidUiautomator2Driver@6457 (32d2a80d)]&amp#27;[0m Responding to client with driver.click() result: null
&amp#27;[38;5;0m[HTTP]&amp#27;[0m &amp#27;[37m<-- POST /session/32d2a80d-dc78-4f3e-a636-c5413edf6ff7/element/00000000-0000-000c-ffff-ffff0000014e/click &amp#27;[39m&amp#27;[32m200&amp#27;[39m &amp#27;[90m1317 ms - 14&amp#27;[39m
&amp#27;[38;5;0m[HTTP]&amp#27;[0m &amp#27;[90m&amp#27;[39m
&amp#27;[38;5;0m[HTTP]&amp#27;[0m &amp#27;[37m-->&amp#27;[39m &amp#27;[37mGET&amp#27;[39m &amp#27;[37m/session/32d2a80d-dc78-4f3e-a636-c5413edf6ff7/context&amp#27;[39m
&amp#27;[38;5;0m[HTTP]&amp#27;[0m &amp#27;[90m{}&amp#27;[39m
&amp#27;[38;5;32m[AndroidUiautomator2Driver@6457 (32d2a80d)]&amp#27;[0m Calling AppiumDriver.getCurrentContext() with args: ["32d2a80d-dc78-4f3e-a636-c5413edf6ff7"]
&amp#27;[38;5;32m[AndroidUiautomator2Driver@6457 (32d2a80d)]&amp#27;[0m Responding to client with driver.getCurrentContext() result: "NATIVE_APP"
&amp#27;[38;5;0m[HTTP]&amp#27;[0m &amp#27;[37m<-- GET /session/32d2a80d-dc78-4f3e-a636-c5413edf6ff7/context &amp#27;[39m&amp#27;[32m200&amp#27;[39m &amp#27;[90m1 ms - 22&amp#27;[39m
&amp#27;[38;5;0m[HTTP]&amp#27;[0m &amp#27;[90m&amp#27;[39m
&amp#27;[38;5;0m[HTTP]&amp#27;[0m &amp#27;[37m-->&amp#27;[39m &amp#27;[37mPOST&amp#27;[39m &amp#27;[37m/session/32d2a80d-dc78-4f3e-a636-c5413edf6ff7/element&amp#27;[39m
&amp#27;[38;5;0m[HTTP]&amp#27;[0m &amp#27;[90m{"value":"com.fivemobile.thescore:id/btn_disallow","using":"id"}&amp#27;[39m
&amp#27;[38;5;32m[AndroidUiautomator2Driver@6457 (32d2a80d)]&amp#27;[0m Calling AppiumDriver.findElement() with args: ["id","com.fivemobile.thescore:id/btn_disallow","32d2a80d-dc78-4f3e-a636-c5413edf6ff7"]
&amp#27;[38;5;32m[AndroidUiautomator2Driver@6457 (32d2a80d)]&amp#27;[0m Valid locator strategies for this request: xpath, id, class name, accessibility id, css selector, -android uiautomator
&amp#27;[38;5;32m[AndroidUiautomator2Driver@6457 (32d2a80d)]&amp#27;[0m Waiting up to 10000 ms for condition
&amp#27;[38;5;32m[AndroidUiautomator2Driver@6457 (32d2a80d)]&amp#27;[0m Matched '/element' to command name 'findElement'
&amp#27;[38;5;32m[AndroidUiautomator2Driver@6457 (32d2a80d)]&amp#27;[0m Proxying [POST /element] to [POST http://127.0.0.1:8200/session/f5e84c71-f4f7-4f8e-aec7-33a82bd27fec/element] with body: {"strategy":"id","selector":"com.fivemobile.thescore:id/btn_disallow","context":"","multiple":false}
&amp#27;[38;5;32m[AndroidUiautomator2Driver@6457 (32d2a80d)]&amp#27;[0m Got response with status 200: {"sessionId":"f5e84c71-f4f7-4f8e-aec7-33a82bd27fec","value":{"ELEMENT":"00000000-0000-000d-ffff-ffff000002cf","element-6066-11e4-a52e-4f735466cecf":"00000000-0000-000d-ffff-ffff000002cf"}}
&amp#27;[38;5;32m[AndroidUiautomator2Driver@6457 (32d2a80d)]&amp#27;[0m Responding to client with driver.findElement() result: {"element-6066-11e4-a52e-4f735466cecf":"00000000-0000-000d-ffff-ffff000002cf","ELEMENT":"00000000-0000-000d-ffff-ffff000002cf"}
&amp#27;[38;5;0m[HTTP]&amp#27;[0m &amp#27;[37m<-- POST /session/32d2a80d-dc78-4f3e-a636-c5413edf6ff7/element &amp#27;[39m&amp#27;[32m200&amp#27;[39m &amp#27;[90m36 ms - 137&amp#27;[39m
&amp#27;[38;5;0m[HTTP]&amp#27;[0m &amp#27;[90m&amp#27;[39m
&amp#27;[38;5;0m[HTTP]&amp#27;[0m &amp#27;[37m-->&amp#27;[39m &amp#27;[37mPOST&amp#27;[39m &amp#27;[37m/session/32d2a80d-dc78-4f3e-a636-c5413edf6ff7/element/00000000-0000-000d-ffff-ffff000002cf/click&amp#27;[39m
&amp#27;[38;5;0m[HTTP]&amp#27;[0m &amp#27;[90m{"id":"00000000-0000-000d-ffff-ffff000002cf"}&amp#27;[39m
&amp#27;[38;5;32m[AndroidUiautomator2Driver@6457 (32d2a80d)]&amp#27;[0m Calling AppiumDriver.click() with args: ["00000000-0000-000d-ffff-ffff000002cf","32d2a80d-dc78-4f3e-a636-c5413edf6ff7"]
&amp#27;[38;5;32m[AndroidUiautomator2Driver@6457 (32d2a80d)]&amp#27;[0m Matched '/element/00000000-0000-000d-ffff-ffff000002cf/click' to command name 'click'
&amp#27;[38;5;32m[AndroidUiautomator2Driver@6457 (32d2a80d)]&amp#27;[0m Proxying [POST /element/00000000-0000-000d-ffff-ffff000002cf/click] to [POST http://127.0.0.1:8200/session/f5e84c71-f4f7-4f8e-aec7-33a82bd27fec/element/00000000-0000-000d-ffff-ffff000002cf/click] with body: {"element":"00000000-0000-000d-ffff-ffff000002cf"}
&amp#27;[38;5;32m[AndroidUiautomator2Driver@6457 (32d2a80d)]&amp#27;[0m Got response with status 200: {"sessionId":"f5e84c71-f4f7-4f8e-aec7-33a82bd27fec","value":null}
&amp#27;[38;5;32m[AndroidUiautomator2Driver@6457 (32d2a80d)]&amp#27;[0m Responding to client with driver.click() result: null
&amp#27;[38;5;0m[HTTP]&amp#27;[0m &amp#27;[37m<-- POST /session/32d2a80d-dc78-4f3e-a636-c5413edf6ff7/element/00000000-0000-000d-ffff-ffff000002cf/click &amp#27;[39m&amp#27;[32m200&amp#27;[39m &amp#27;[90m110 ms - 14&amp#27;[39m
&amp#27;[38;5;0m[HTTP]&amp#27;[0m &amp#27;[90m&amp#27;[39m
&amp#27;[38;5;0m[HTTP]&amp#27;[0m &amp#27;[37m-->&amp#27;[39m &amp#27;[37mGET&amp#27;[39m &amp#27;[37m/session/32d2a80d-dc78-4f3e-a636-c5413edf6ff7/context&amp#27;[39m
&amp#27;[38;5;0m[HTTP]&amp#27;[0m &amp#27;[90m{}&amp#27;[39m
&amp#27;[38;5;32m[AndroidUiautomator2Driver@6457 (32d2a80d)]&amp#27;[0m Calling AppiumDriver.getCurrentContext() with args: ["32d2a80d-dc78-4f3e-a636-c5413edf6ff7"]
&amp#27;[38;5;32m[AndroidUiautomator2Driver@6457 (32d2a80d)]&amp#27;[0m Responding to client with driver.getCurrentContext() result: "NATIVE_APP"
&amp#27;[38;5;0m[HTTP]&amp#27;[0m &amp#27;[37m<-- GET /session/32d2a80d-dc78-4f3e-a636-c5413edf6ff7/context &amp#27;[39m&amp#27;[32m200&amp#27;[39m &amp#27;[90m1 ms - 22&amp#27;[39m
&amp#27;[38;5;0m[HTTP]&amp#27;[0m &amp#27;[90m&amp#27;[39m
&amp#27;[38;5;0m[HTTP]&amp#27;[0m &amp#27;[37m-->&amp#27;[39m &amp#27;[37mPOST&amp#27;[39m &amp#27;[37m/session/32d2a80d-dc78-4f3e-a636-c5413edf6ff7/elements&amp#27;[39m
&amp#27;[38;5;0m[HTTP]&amp#27;[0m &amp#27;[90m{"value":"com.fivemobile.thescore:id/img_logo","using":"id"}&amp#27;[39m
&amp#27;[38;5;32m[AndroidUiautomator2Driver@6457 (32d2a80d)]&amp#27;[0m Calling AppiumDriver.findElements() with args: ["id","com.fivemobile.thescore:id/img_logo","32d2a80d-dc78-4f3e-a636-c5413edf6ff7"]
&amp#27;[38;5;32m[AndroidUiautomator2Driver@6457 (32d2a80d)]&amp#27;[0m Valid locator strategies for this request: xpath, id, class name, accessibility id, css selector, -android uiautomator
&amp#27;[38;5;32m[AndroidUiautomator2Driver@6457 (32d2a80d)]&amp#27;[0m Waiting up to 10000 ms for condition
&amp#27;[38;5;32m[AndroidUiautomator2Driver@6457 (32d2a80d)]&amp#27;[0m Matched '/elements' to command name 'findElements'
&amp#27;[38;5;32m[AndroidUiautomator2Driver@6457 (32d2a80d)]&amp#27;[0m Proxying [POST /elements] to [POST http://127.0.0.1:8200/session/f5e84c71-f4f7-4f8e-aec7-33a82bd27fec/elements] with body: {"strategy":"id","selector":"com.fivemobile.thescore:id/img_logo","context":"","multiple":true}
&amp#27;[38;5;32m[AndroidUiautomator2Driver@6457 (32d2a80d)]&amp#27;[0m Got response with status 200: {"sessionId":"f5e84c71-f4f7-4f8e-aec7-33a82bd27fec","value":[{"ELEMENT":"00000000-0000-000c-ffff-ffff00000288","element-6066-11e4-a52e-4f735466cecf":"00000000-0000-000c-ffff-ffff00000288"},{"ELEMENT":"00000000-0000-000c-ffff-ffff0000028e","element-6066-11e4-a52e-4f735466cecf":"00000000-0000-000c-ffff-ffff0000028e"},{"ELEMENT":"00000000-0000-000c-ffff-ffff00000294","element-6066-11e4-a52e-4f735466cecf":"00000000-0000-000c-ffff-ffff00000294"},{"ELEMENT":"00000000-0000-000c-ffff-ffff0000029a","element-6066-11e4-a52e-4f735466cecf":"00000000-0000-000c-ffff-ffff0000029a"},{"ELEMENT":"00000000-0000-000c-ffff-ffff000002a0","element-6066-11e4-a52e-4f735466cecf":"00000000-0000-000c-ffff-ffff000002a0"},{"ELEMENT":"00000000-0000-000c-ffff-ffff000002a6","element-6066-11e4-a52e-4f735466cecf":"00000000-0000-000c-ffff-ffff000002a6"},{"ELEMENT":"00000000-0000-000c-ffff-ffff000002ac","element-6066-11e4-a52e-4f735466cecf":"00000000-0000-000c-ffff-ffff000002ac"}]}
&amp#27;[38;5;32m[AndroidUiautomator2Driver@6457 (32d2a80d)]&amp#27;[0m Responding to client with driver.findElements() result: [{"element-6066-11e4-a52e-4f735466cecf":"00000000-0000-000c-ffff-ffff00000288","ELEMENT":"00000000-0000-000c-ffff-ffff00000288"},{"element-6066-11e4-a52e-4f735466cecf":"00000000-0000-000c-ffff-ffff0000028e","ELEMENT":"00000000-0000-000c-ffff-ffff0000028e"},{"element-6066-11e4-a52e-4f735466cecf":"00000000-0000-000c-ffff-ffff00000294","ELEMENT":"00000000-0000-000c-ffff-ffff00000294"},{"element-6066-11e4-a52e-4f735466cecf":"00000000-0000-000c-ffff-ffff0000029a","ELEMENT":"00000000-0000-000c-ffff-ffff0000029a"},{"element-6066-11e4-a52e-4f735466cecf":"00000000-0000-000c-ffff-ffff000002a0","ELEMENT":"00000000-0000-000c-ffff-ffff000002a0"},{"element-6066-11e4-a52e-4f735466cecf":"00000000-0000-000c-ffff-ffff000002a6","ELEMENT":"00000000-0000-000c-ffff-ffff000002a6"},{"element-6066-11e4-a52e-4f735466cecf":"00000000-0000-000c-ffff-ffff000002ac","ELEMENT":"00000000-0000-000c-ffff-ffff000002ac"}]
&amp#27;[38;5;0m[HTTP]&amp#27;[0m &amp#27;[37m<-- POST /session/32d2a80d-dc78-4f3e-a636-c5413edf6ff7/elements &amp#27;[39m&amp#27;[32m200&amp#27;[39m &amp#27;[90m1158 ms - 907&amp#27;[39m
&amp#27;[38;5;0m[HTTP]&amp#27;[0m &amp#27;[90m&amp#27;[39m
&amp#27;[38;5;0m[HTTP]&amp#27;[0m &amp#27;[37m-->&amp#27;[39m &amp#27;[37mPOST&amp#27;[39m &amp#27;[37m/session/32d2a80d-dc78-4f3e-a636-c5413edf6ff7/element/00000000-0000-000c-ffff-ffff00000288/click&amp#27;[39m
&amp#27;[38;5;0m[HTTP]&amp#27;[0m &amp#27;[90m{"id":"00000000-0000-000c-ffff-ffff00000288"}&amp#27;[39m
&amp#27;[38;5;32m[AndroidUiautomator2Driver@6457 (32d2a80d)]&amp#27;[0m Calling AppiumDriver.click() with args: ["00000000-0000-000c-ffff-ffff00000288","32d2a80d-dc78-4f3e-a636-c5413edf6ff7"]
&amp#27;[38;5;32m[AndroidUiautomator2Driver@6457 (32d2a80d)]&amp#27;[0m Matched '/element/00000000-0000-000c-ffff-ffff00000288/click' to command name 'click'
&amp#27;[38;5;32m[AndroidUiautomator2Driver@6457 (32d2a80d)]&amp#27;[0m Proxying [POST /element/00000000-0000-000c-ffff-ffff00000288/click] to [POST http://127.0.0.1:8200/session/f5e84c71-f4f7-4f8e-aec7-33a82bd27fec/element/00000000-0000-000c-ffff-ffff00000288/click] with body: {"element":"00000000-0000-000c-ffff-ffff00000288"}
&amp#27;[38;5;32m[AndroidUiautomator2Driver@6457 (32d2a80d)]&amp#27;[0m Got response with status 200: {"sessionId":"f5e84c71-f4f7-4f8e-aec7-33a82bd27fec","value":null}
&amp#27;[38;5;32m[AndroidUiautomator2Driver@6457 (32d2a80d)]&amp#27;[0m Responding to client with driver.click() result: null
&amp#27;[38;5;0m[HTTP]&amp#27;[0m &amp#27;[37m<-- POST /session/32d2a80d-dc78-4f3e-a636-c5413edf6ff7/element/00000000-0000-000c-ffff-ffff00000288/click &amp#27;[39m&amp#27;[32m200&amp#27;[39m &amp#27;[90m240 ms - 14&amp#27;[39m
&amp#27;[38;5;0m[HTTP]&amp#27;[0m &amp#27;[90m&amp#27;[39m
&amp#27;[38;5;0m[HTTP]&amp#27;[0m &amp#27;[37m-->&amp#27;[39m &amp#27;[37mGET&amp#27;[39m &amp#27;[37m/session/32d2a80d-dc78-4f3e-a636-c5413edf6ff7/context&amp#27;[39m
&amp#27;[38;5;0m[HTTP]&amp#27;[0m &amp#27;[90m{}&amp#27;[39m
&amp#27;[38;5;32m[AndroidUiautomator2Driver@6457 (32d2a80d)]&amp#27;[0m Calling AppiumDriver.getCurrentContext() with args: ["32d2a80d-dc78-4f3e-a636-c5413edf6ff7"]
&amp#27;[38;5;32m[AndroidUiautomator2Driver@6457 (32d2a80d)]&amp#27;[0m Responding to client with driver.getCurrentContext() result: "NATIVE_APP"
&amp#27;[38;5;0m[HTTP]&amp#27;[0m &amp#27;[37m<-- GET /session/32d2a80d-dc78-4f3e-a636-c5413edf6ff7/context &amp#27;[39m&amp#27;[32m200&amp#27;[39m &amp#27;[90m1 ms - 22&amp#27;[39m
&amp#27;[38;5;0m[HTTP]&amp#27;[0m &amp#27;[90m&amp#27;[39m
&amp#27;[38;5;0m[HTTP]&amp#27;[0m &amp#27;[37m-->&amp#27;[39m &amp#27;[37mPOST&amp#27;[39m &amp#27;[37m/session/32d2a80d-dc78-4f3e-a636-c5413edf6ff7/element&amp#27;[39m
&amp#27;[38;5;0m[HTTP]&amp#27;[0m &amp#27;[90m{"value":"com.fivemobile.thescore:id/btn_primary","using":"id"}&amp#27;[39m
&amp#27;[38;5;32m[AndroidUiautomator2Driver@6457 (32d2a80d)]&amp#27;[0m Calling AppiumDriver.findElement() with args: ["id","com.fivemobile.thescore:id/btn_primary","32d2a80d-dc78-4f3e-a636-c5413edf6ff7"]
&amp#27;[38;5;32m[AndroidUiautomator2Driver@6457 (32d2a80d)]&amp#27;[0m Valid locator strategies for this request: xpath, id, class name, accessibility id, css selector, -android uiautomator
&amp#27;[38;5;32m[AndroidUiautomator2Driver@6457 (32d2a80d)]&amp#27;[0m Waiting up to 10000 ms for condition
&amp#27;[38;5;32m[AndroidUiautomator2Driver@6457 (32d2a80d)]&amp#27;[0m Matched '/element' to command name 'findElement'
&amp#27;[38;5;32m[AndroidUiautomator2Driver@6457 (32d2a80d)]&amp#27;[0m Proxying [POST /element] to [POST http://127.0.0.1:8200/session/f5e84c71-f4f7-4f8e-aec7-33a82bd27fec/element] with body: {"strategy":"id","selector":"com.fivemobile.thescore:id/btn_primary","context":"","multiple":false}
&amp#27;[38;5;32m[AndroidUiautomator2Driver@6457 (32d2a80d)]&amp#27;[0m Got response with status 200: {"sessionId":"f5e84c71-f4f7-4f8e-aec7-33a82bd27fec","value":{"ELEMENT":"00000000-0000-000c-ffff-ffff0000014d","element-6066-11e4-a52e-4f735466cecf":"00000000-0000-000c-ffff-ffff0000014d"}}
&amp#27;[38;5;32m[AndroidUiautomator2Driver@6457 (32d2a80d)]&amp#27;[0m Responding to client with driver.findElement() result: {"element-6066-11e4-a52e-4f735466cecf":"00000000-0000-000c-ffff-ffff0000014d","ELEMENT":"00000000-0000-000c-ffff-ffff0000014d"}
&amp#27;[38;5;0m[HTTP]&amp#27;[0m &amp#27;[37m<-- POST /session/32d2a80d-dc78-4f3e-a636-c5413edf6ff7/element &amp#27;[39m&amp#27;[32m200&amp#27;[39m &amp#27;[90m2479 ms - 137&amp#27;[39m
&amp#27;[38;5;0m[HTTP]&amp#27;[0m &amp#27;[90m&amp#27;[39m
&amp#27;[38;5;0m[HTTP]&amp#27;[0m &amp#27;[37m-->&amp#27;[39m &amp#27;[37mPOST&amp#27;[39m &amp#27;[37m/session/32d2a80d-dc78-4f3e-a636-c5413edf6ff7/element/00000000-0000-000c-ffff-ffff0000014d/click&amp#27;[39m
&amp#27;[38;5;0m[HTTP]&amp#27;[0m &amp#27;[90m{"id":"00000000-0000-000c-ffff-ffff0000014d"}&amp#27;[39m
&amp#27;[38;5;32m[AndroidUiautomator2Driver@6457 (32d2a80d)]&amp#27;[0m Calling AppiumDriver.click() with args: ["00000000-0000-000c-ffff-ffff0000014d","32d2a80d-dc78-4f3e-a636-c5413edf6ff7"]
&amp#27;[38;5;32m[AndroidUiautomator2Driver@6457 (32d2a80d)]&amp#27;[0m Matched '/element/00000000-0000-000c-ffff-ffff0000014d/click' to command name 'click'
&amp#27;[38;5;32m[AndroidUiautomator2Driver@6457 (32d2a80d)]&amp#27;[0m Proxying [POST /element/00000000-0000-000c-ffff-ffff0000014d/click] to [POST http://127.0.0.1:8200/session/f5e84c71-f4f7-4f8e-aec7-33a82bd27fec/element/00000000-0000-000c-ffff-ffff0000014d/click] with body: {"element":"00000000-0000-000c-ffff-ffff0000014d"}
&amp#27;[38;5;32m[AndroidUiautomator2Driver@6457 (32d2a80d)]&amp#27;[0m Got response with status 200: {"sessionId":"f5e84c71-f4f7-4f8e-aec7-33a82bd27fec","value":null}
&amp#27;[38;5;32m[AndroidUiautomator2Driver@6457 (32d2a80d)]&amp#27;[0m Responding to client with driver.click() result: null
&amp#27;[38;5;0m[HTTP]&amp#27;[0m &amp#27;[37m<-- POST /session/32d2a80d-dc78-4f3e-a636-c5413edf6ff7/element/00000000-0000-000c-ffff-ffff0000014d/click &amp#27;[39m&amp#27;[32m200&amp#27;[39m &amp#27;[90m256 ms - 14&amp#27;[39m
&amp#27;[38;5;0m[HTTP]&amp#27;[0m &amp#27;[90m&amp#27;[39m
&amp#27;[38;5;0m[HTTP]&amp#27;[0m &amp#27;[37m-->&amp#27;[39m &amp#27;[37mGET&amp#27;[39m &amp#27;[37m/session/32d2a80d-dc78-4f3e-a636-c5413edf6ff7/context&amp#27;[39m
&amp#27;[38;5;0m[HTTP]&amp#27;[0m &amp#27;[90m{}&amp#27;[39m
&amp#27;[38;5;32m[AndroidUiautomator2Driver@6457 (32d2a80d)]&amp#27;[0m Calling AppiumDriver.getCurrentContext() with args: ["32d2a80d-dc78-4f3e-a636-c5413edf6ff7"]
&amp#27;[38;5;32m[AndroidUiautomator2Driver@6457 (32d2a80d)]&amp#27;[0m Responding to client with driver.getCurrentContext() result: "NATIVE_APP"
&amp#27;[38;5;0m[HTTP]&amp#27;[0m &amp#27;[37m<-- GET /session/32d2a80d-dc78-4f3e-a636-c5413edf6ff7/context &amp#27;[39m&amp#27;[32m200&amp#27;[39m &amp#27;[90m1 ms - 22&amp#27;[39m
&amp#27;[38;5;0m[HTTP]&amp#27;[0m &amp#27;[90m&amp#27;[39m
&amp#27;[38;5;0m[HTTP]&amp#27;[0m &amp#27;[37m-->&amp#27;[39m &amp#27;[37mPOST&amp#27;[39m &amp#27;[37m/session/32d2a80d-dc78-4f3e-a636-c5413edf6ff7/element&amp#27;[39m
&amp#27;[38;5;0m[HTTP]&amp#27;[0m &amp#27;[90m{"value":"com.fivemobile.thescore:id/btn_primary","using":"id"}&amp#27;[39m
&amp#27;[38;5;32m[AndroidUiautomator2Driver@6457 (32d2a80d)]&amp#27;[0m Calling AppiumDriver.findElement() with args: ["id","com.fivemobile.thescore:id/btn_primary","32d2a80d-dc78-4f3e-a636-c5413edf6ff7"]
&amp#27;[38;5;32m[AndroidUiautomator2Driver@6457 (32d2a80d)]&amp#27;[0m Valid locator strategies for this request: xpath, id, class name, accessibility id, css selector, -android uiautomator
&amp#27;[38;5;32m[AndroidUiautomator2Driver@6457 (32d2a80d)]&amp#27;[0m Waiting up to 10000 ms for condition
&amp#27;[38;5;32m[AndroidUiautomator2Driver@6457 (32d2a80d)]&amp#27;[0m Matched '/element' to command name 'findElement'
&amp#27;[38;5;32m[AndroidUiautomator2Driver@6457 (32d2a80d)]&amp#27;[0m Proxying [POST /element] to [POST http://127.0.0.1:8200/session/f5e84c71-f4f7-4f8e-aec7-33a82bd27fec/element] with body: {"strategy":"id","selector":"com.fivemobile.thescore:id/btn_primary","context":"","multiple":false}
&amp#27;[38;5;32m[AndroidUiautomator2Driver@6457 (32d2a80d)]&amp#27;[0m Got response with status 200: {"sessionId":"f5e84c71-f4f7-4f8e-aec7-33a82bd27fec","value":{"ELEMENT":"00000000-0000-000c-ffff-ffff0000014d","element-6066-11e4-a52e-4f735466cecf":"00000000-0000-000c-ffff-ffff0000014d"}}
&amp#27;[38;5;32m[AndroidUiautomator2Driver@6457 (32d2a80d)]&amp#27;[0m Responding to client with driver.findElement() result: {"element-6066-11e4-a52e-4f735466cecf":"00000000-0000-000c-ffff-ffff0000014d","ELEMENT":"00000000-0000-000c-ffff-ffff0000014d"}
&amp#27;[38;5;0m[HTTP]&amp#27;[0m &amp#27;[37m<-- POST /session/32d2a80d-dc78-4f3e-a636-c5413edf6ff7/element &amp#27;[39m&amp#27;[32m200&amp#27;[39m &amp#27;[90m1438 ms - 137&amp#27;[39m
&amp#27;[38;5;0m[HTTP]&amp#27;[0m &amp#27;[90m&amp#27;[39m
&amp#27;[38;5;0m[HTTP]&amp#27;[0m &amp#27;[37m-->&amp#27;[39m &amp#27;[37mPOST&amp#27;[39m &amp#27;[37m/session/32d2a80d-dc78-4f3e-a636-c5413edf6ff7/element/00000000-0000-000c-ffff-ffff0000014d/click&amp#27;[39m
&amp#27;[38;5;0m[HTTP]&amp#27;[0m &amp#27;[90m{"id":"00000000-0000-000c-ffff-ffff0000014d"}&amp#27;[39m
&amp#27;[38;5;32m[AndroidUiautomator2Driver@6457 (32d2a80d)]&amp#27;[0m Calling AppiumDriver.click() with args: ["00000000-0000-000c-ffff-ffff0000014d","32d2a80d-dc78-4f3e-a636-c5413edf6ff7"]
&amp#27;[38;5;32m[AndroidUiautomator2Driver@6457 (32d2a80d)]&amp#27;[0m Matched '/element/00000000-0000-000c-ffff-ffff0000014d/click' to command name 'click'
&amp#27;[38;5;32m[AndroidUiautomator2Driver@6457 (32d2a80d)]&amp#27;[0m Proxying [POST /element/00000000-0000-000c-ffff-ffff0000014d/click] to [POST http://127.0.0.1:8200/session/f5e84c71-f4f7-4f8e-aec7-33a82bd27fec/element/00000000-0000-000c-ffff-ffff0000014d/click] with body: {"element":"00000000-0000-000c-ffff-ffff0000014d"}
&amp#27;[38;5;32m[AndroidUiautomator2Driver@6457 (32d2a80d)]&amp#27;[0m Got response with status 200: {"sessionId":"f5e84c71-f4f7-4f8e-aec7-33a82bd27fec","value":null}
&amp#27;[38;5;32m[AndroidUiautomator2Driver@6457 (32d2a80d)]&amp#27;[0m Responding to client with driver.click() result: null
&amp#27;[38;5;0m[HTTP]&amp#27;[0m &amp#27;[37m<-- POST /session/32d2a80d-dc78-4f3e-a636-c5413edf6ff7/element/00000000-0000-000c-ffff-ffff0000014d/click &amp#27;[39m&amp#27;[32m200&amp#27;[39m &amp#27;[90m1124 ms - 14&amp#27;[39m
&amp#27;[38;5;0m[HTTP]&amp#27;[0m &amp#27;[90m&amp#27;[39m
&amp#27;[38;5;0m[HTTP]&amp#27;[0m &amp#27;[37m-->&amp#27;[39m &amp#27;[37mGET&amp#27;[39m &amp#27;[37m/session/32d2a80d-dc78-4f3e-a636-c5413edf6ff7/context&amp#27;[39m
&amp#27;[38;5;0m[HTTP]&amp#27;[0m &amp#27;[90m{}&amp#27;[39m
&amp#27;[38;5;32m[AndroidUiautomator2Driver@6457 (32d2a80d)]&amp#27;[0m Calling AppiumDriver.getCurrentContext() with args: ["32d2a80d-dc78-4f3e-a636-c5413edf6ff7"]
&amp#27;[38;5;32m[AndroidUiautomator2Driver@6457 (32d2a80d)]&amp#27;[0m Responding to client with driver.getCurrentContext() result: "NATIVE_APP"
&amp#27;[38;5;0m[HTTP]&amp#27;[0m &amp#27;[37m<-- GET /session/32d2a80d-dc78-4f3e-a636-c5413edf6ff7/context &amp#27;[39m&amp#27;[32m200&amp#27;[39m &amp#27;[90m1 ms - 22&amp#27;[39m
&amp#27;[38;5;0m[HTTP]&amp#27;[0m &amp#27;[90m&amp#27;[39m
&amp#27;[38;5;0m[HTTP]&amp#27;[0m &amp#27;[37m-->&amp#27;[39m &amp#27;[37mPOST&amp#27;[39m &amp#27;[37m/session/32d2a80d-dc78-4f3e-a636-c5413edf6ff7/element&amp#27;[39m
&amp#27;[38;5;0m[HTTP]&amp#27;[0m &amp#27;[90m{"value":"com.fivemobile.thescore:id/btn_secondary","using":"id"}&amp#27;[39m
&amp#27;[38;5;32m[AndroidUiautomator2Driver@6457 (32d2a80d)]&amp#27;[0m Calling AppiumDriver.findElement() with args: ["id","com.fivemobile.thescore:id/btn_secondary","32d2a80d-dc78-4f3e-a636-c5413edf6ff7"]
&amp#27;[38;5;32m[AndroidUiautomator2Driver@6457 (32d2a80d)]&amp#27;[0m Valid locator strategies for this request: xpath, id, class name, accessibility id, css selector, -android uiautomator
&amp#27;[38;5;32m[AndroidUiautomator2Driver@6457 (32d2a80d)]&amp#27;[0m Waiting up to 10000 ms for condition
&amp#27;[38;5;32m[AndroidUiautomator2Driver@6457 (32d2a80d)]&amp#27;[0m Matched '/element' to command name 'findElement'
&amp#27;[38;5;32m[AndroidUiautomator2Driver@6457 (32d2a80d)]&amp#27;[0m Proxying [POST /element] to [POST http://127.0.0.1:8200/session/f5e84c71-f4f7-4f8e-aec7-33a82bd27fec/element] with body: {"strategy":"id","selector":"com.fivemobile.thescore:id/btn_secondary","context":"","multiple":false}
&amp#27;[38;5;32m[AndroidUiautomator2Driver@6457 (32d2a80d)]&amp#27;[0m Got response with status 200: {"sessionId":"f5e84c71-f4f7-4f8e-aec7-33a82bd27fec","value":{"ELEMENT":"00000000-0000-000c-ffff-ffff00000150","element-6066-11e4-a52e-4f735466cecf":"00000000-0000-000c-ffff-ffff00000150"}}
&amp#27;[38;5;32m[AndroidUiautomator2Driver@6457 (32d2a80d)]&amp#27;[0m Responding to client with driver.findElement() result: {"element-6066-11e4-a52e-4f735466cecf":"00000000-0000-000c-ffff-ffff00000150","ELEMENT":"00000000-0000-000c-ffff-ffff00000150"}
&amp#27;[38;5;0m[HTTP]&amp#27;[0m &amp#27;[37m<-- POST /session/32d2a80d-dc78-4f3e-a636-c5413edf6ff7/element &amp#27;[39m&amp#27;[32m200&amp#27;[39m &amp#27;[90m22 ms - 137&amp#27;[39m
&amp#27;[38;5;0m[HTTP]&amp#27;[0m &amp#27;[90m&amp#27;[39m
&amp#27;[38;5;0m[HTTP]&amp#27;[0m &amp#27;[37m-->&amp#27;[39m &amp#27;[37mPOST&amp#27;[39m &amp#27;[37m/session/32d2a80d-dc78-4f3e-a636-c5413edf6ff7/element/00000000-0000-000c-ffff-ffff00000150/click&amp#27;[39m
&amp#27;[38;5;0m[HTTP]&amp#27;[0m &amp#27;[90m{"id":"00000000-0000-000c-ffff-ffff00000150"}&amp#27;[39m
&amp#27;[38;5;32m[AndroidUiautomator2Driver@6457 (32d2a80d)]&amp#27;[0m Calling AppiumDriver.click() with args: ["00000000-0000-000c-ffff-ffff00000150","32d2a80d-dc78-4f3e-a636-c5413edf6ff7"]
&amp#27;[38;5;32m[AndroidUiautomator2Driver@6457 (32d2a80d)]&amp#27;[0m Matched '/element/00000000-0000-000c-ffff-ffff00000150/click' to command name 'click'
&amp#27;[38;5;32m[AndroidUiautomator2Driver@6457 (32d2a80d)]&amp#27;[0m Proxying [POST /element/00000000-0000-000c-ffff-ffff00000150/click] to [POST http://127.0.0.1:8200/session/f5e84c71-f4f7-4f8e-aec7-33a82bd27fec/element/00000000-0000-000c-ffff-ffff00000150/click] with body: {"element":"00000000-0000-000c-ffff-ffff00000150"}
&amp#27;[38;5;32m[AndroidUiautomator2Driver@6457 (32d2a80d)]&amp#27;[0m Got response with status 200: {"sessionId":"f5e84c71-f4f7-4f8e-aec7-33a82bd27fec","value":null}
&amp#27;[38;5;32m[AndroidUiautomator2Driver@6457 (32d2a80d)]&amp#27;[0m Responding to client with driver.click() result: null
&amp#27;[38;5;0m[HTTP]&amp#27;[0m &amp#27;[37m<-- POST /session/32d2a80d-dc78-4f3e-a636-c5413edf6ff7/element/00000000-0000-000c-ffff-ffff00000150/click &amp#27;[39m&amp#27;[32m200&amp#27;[39m &amp#27;[90m2352 ms - 14&amp#27;[39m
&amp#27;[38;5;0m[HTTP]&amp#27;[0m &amp#27;[90m&amp#27;[39m
&amp#27;[38;5;0m[HTTP]&amp#27;[0m &amp#27;[37m-->&amp#27;[39m &amp#27;[37mGET&amp#27;[39m &amp#27;[37m/session/32d2a80d-dc78-4f3e-a636-c5413edf6ff7/context&amp#27;[39m
&amp#27;[38;5;0m[HTTP]&amp#27;[0m &amp#27;[90m{}&amp#27;[39m
&amp#27;[38;5;32m[AndroidUiautomator2Driver@6457 (32d2a80d)]&amp#27;[0m Calling AppiumDriver.getCurrentContext() with args: ["32d2a80d-dc78-4f3e-a636-c5413edf6ff7"]
&amp#27;[38;5;32m[AndroidUiautomator2Driver@6457 (32d2a80d)]&amp#27;[0m Responding to client with driver.getCurrentContext() result: "NATIVE_APP"
&amp#27;[38;5;0m[HTTP]&amp#27;[0m &amp#27;[37m<-- GET /session/32d2a80d-dc78-4f3e-a636-c5413edf6ff7/context &amp#27;[39m&amp#27;[32m200&amp#27;[39m &amp#27;[90m1 ms - 22&amp#27;[39m
&amp#27;[38;5;0m[HTTP]&amp#27;[0m &amp#27;[90m&amp#27;[39m
&amp#27;[38;5;0m[HTTP]&amp#27;[0m &amp#27;[37m-->&amp#27;[39m &amp#27;[37mPOST&amp#27;[39m &amp#27;[37m/session/32d2a80d-dc78-4f3e-a636-c5413edf6ff7/element&amp#27;[39m
&amp#27;[38;5;0m[HTTP]&amp#27;[0m &amp#27;[90m{"value":"com.android.permissioncontroller:id/permission_allow_button","using":"id"}&amp#27;[39m
&amp#27;[38;5;32m[AndroidUiautomator2Driver@6457 (32d2a80d)]&amp#27;[0m Calling AppiumDriver.findElement() with args: ["id","com.android.permissioncontroller:id/permission_allow_button","32d2a80d-dc78-4f3e-a636-c5413edf6ff7"]
&amp#27;[38;5;32m[AndroidUiautomator2Driver@6457 (32d2a80d)]&amp#27;[0m Valid locator strategies for this request: xpath, id, class name, accessibility id, css selector, -android uiautomator
&amp#27;[38;5;32m[AndroidUiautomator2Driver@6457 (32d2a80d)]&amp#27;[0m Waiting up to 10000 ms for condition
&amp#27;[38;5;32m[AndroidUiautomator2Driver@6457 (32d2a80d)]&amp#27;[0m Matched '/element' to command name 'findElement'
&amp#27;[38;5;32m[AndroidUiautomator2Driver@6457 (32d2a80d)]&amp#27;[0m Proxying [POST /element] to [POST http://127.0.0.1:8200/session/f5e84c71-f4f7-4f8e-aec7-33a82bd27fec/element] with body: {"strategy":"id","selector":"com.android.permissioncontroller:id/permission_allow_button","context":"","multiple":false}
&amp#27;[38;5;32m[AndroidUiautomator2Driver@6457 (32d2a80d)]&amp#27;[0m Got response with status 200: {"sessionId":"f5e84c71-f4f7-4f8e-aec7-33a82bd27fec","value":{"ELEMENT":"00000000-0000-000f-ffff-ffff00000016","element-6066-11e4-a52e-4f735466cecf":"00000000-0000-000f-ffff-ffff00000016"}}
&amp#27;[38;5;32m[AndroidUiautomator2Driver@6457 (32d2a80d)]&amp#27;[0m Responding to client with driver.findElement() result: {"element-6066-11e4-a52e-4f735466cecf":"00000000-0000-000f-ffff-ffff00000016","ELEMENT":"00000000-0000-000f-ffff-ffff00000016"}
&amp#27;[38;5;0m[HTTP]&amp#27;[0m &amp#27;[37m<-- POST /session/32d2a80d-dc78-4f3e-a636-c5413edf6ff7/element &amp#27;[39m&amp#27;[32m200&amp#27;[39m &amp#27;[90m94 ms - 137&amp#27;[39m
&amp#27;[38;5;0m[HTTP]&amp#27;[0m &amp#27;[90m&amp#27;[39m
&amp#27;[38;5;0m[HTTP]&amp#27;[0m &amp#27;[37m-->&amp#27;[39m &amp#27;[37mPOST&amp#27;[39m &amp#27;[37m/session/32d2a80d-dc78-4f3e-a636-c5413edf6ff7/element/00000000-0000-000f-ffff-ffff00000016/click&amp#27;[39m
&amp#27;[38;5;0m[HTTP]&amp#27;[0m &amp#27;[90m{"id":"00000000-0000-000f-ffff-ffff00000016"}&amp#27;[39m
&amp#27;[38;5;32m[AndroidUiautomator2Driver@6457 (32d2a80d)]&amp#27;[0m Calling AppiumDriver.click() with args: ["00000000-0000-000f-ffff-ffff00000016","32d2a80d-dc78-4f3e-a636-c5413edf6ff7"]
&amp#27;[38;5;32m[AndroidUiautomator2Driver@6457 (32d2a80d)]&amp#27;[0m Matched '/element/00000000-0000-000f-ffff-ffff00000016/click' to command name 'click'
&amp#27;[38;5;32m[AndroidUiautomator2Driver@6457 (32d2a80d)]&amp#27;[0m Proxying [POST /element/00000000-0000-000f-ffff-ffff00000016/click] to [POST http://127.0.0.1:8200/session/f5e84c71-f4f7-4f8e-aec7-33a82bd27fec/element/00000000-0000-000f-ffff-ffff00000016/click] with body: {"element":"00000000-0000-000f-ffff-ffff00000016"}
&amp#27;[38;5;32m[AndroidUiautomator2Driver@6457 (32d2a80d)]&amp#27;[0m Got response with status 200: {"sessionId":"f5e84c71-f4f7-4f8e-aec7-33a82bd27fec","value":null}
&amp#27;[38;5;32m[AndroidUiautomator2Driver@6457 (32d2a80d)]&amp#27;[0m Responding to client with driver.click() result: null
&amp#27;[38;5;0m[HTTP]&amp#27;[0m &amp#27;[37m<-- POST /session/32d2a80d-dc78-4f3e-a636-c5413edf6ff7/element/00000000-0000-000f-ffff-ffff00000016/click &amp#27;[39m&amp#27;[32m200&amp#27;[39m &amp#27;[90m116 ms - 14&amp#27;[39m
&amp#27;[38;5;0m[HTTP]&amp#27;[0m &amp#27;[90m&amp#27;[39m
&amp#27;[38;5;0m[HTTP]&amp#27;[0m &amp#27;[37m-->&amp#27;[39m &amp#27;[37mGET&amp#27;[39m &amp#27;[37m/session/32d2a80d-dc78-4f3e-a636-c5413edf6ff7/context&amp#27;[39m
&amp#27;[38;5;0m[HTTP]&amp#27;[0m &amp#27;[90m{}&amp#27;[39m
&amp#27;[38;5;32m[AndroidUiautomator2Driver@6457 (32d2a80d)]&amp#27;[0m Calling AppiumDriver.getCurrentContext() with args: ["32d2a80d-dc78-4f3e-a636-c5413edf6ff7"]
&amp#27;[38;5;32m[AndroidUiautomator2Driver@6457 (32d2a80d)]&amp#27;[0m Responding to client with driver.getCurrentContext() result: "NATIVE_APP"
&amp#27;[38;5;0m[HTTP]&amp#27;[0m &amp#27;[37m<-- GET /session/32d2a80d-dc78-4f3e-a636-c5413edf6ff7/context &amp#27;[39m&amp#27;[32m200&amp#27;[39m &amp#27;[90m1 ms - 22&amp#27;[39m
&amp#27;[38;5;0m[HTTP]&amp#27;[0m &amp#27;[90m&amp#27;[39m
&amp#27;[38;5;0m[HTTP]&amp#27;[0m &amp#27;[37m-->&amp#27;[39m &amp#27;[37mPOST&amp#27;[39m &amp#27;[37m/session/32d2a80d-dc78-4f3e-a636-c5413edf6ff7/element&amp#27;[39m
&amp#27;[38;5;0m[HTTP]&amp#27;[0m &amp#27;[90m{"value":"Ok, Got It","using":"accessibility id"}&amp#27;[39m
&amp#27;[38;5;32m[AndroidUiautomator2Driver@6457 (32d2a80d)]&amp#27;[0m Calling AppiumDriver.findElement() with args: ["accessibility id","Ok, Got It","32d2a80d-dc78-4f3e-a636-c5413edf6ff7"]
&amp#27;[38;5;32m[AndroidUiautomator2Driver@6457 (32d2a80d)]&amp#27;[0m Valid locator strategies for this request: xpath, id, class name, accessibility id, css selector, -android uiautomator
&amp#27;[38;5;32m[AndroidUiautomator2Driver@6457 (32d2a80d)]&amp#27;[0m Waiting up to 10000 ms for condition
&amp#27;[38;5;32m[AndroidUiautomator2Driver@6457 (32d2a80d)]&amp#27;[0m Matched '/element' to command name 'findElement'
&amp#27;[38;5;32m[AndroidUiautomator2Driver@6457 (32d2a80d)]&amp#27;[0m Proxying [POST /element] to [POST http://127.0.0.1:8200/session/f5e84c71-f4f7-4f8e-aec7-33a82bd27fec/element] with body: {"strategy":"accessibility id","selector":"Ok, Got It","context":"","multiple":false}
&amp#27;[38;5;32m[AndroidUiautomator2Driver@6457 (32d2a80d)]&amp#27;[0m Got response with status 404: {"sessionId":"f5e84c71-f4f7-4f8e-aec7-33a82bd27fec","value":{"error":"no such element","message":"An element could not be located on the page using the given search parameters","stacktrace":"io.appium.uiautomator2.common.exceptions.ElementNotFoundException: An element could not be located on the page using the given search parameters\n\tat io.appium.uiautomator2.handler.FindElement.safeHandle(FindElement.java:63)\n\tat io.appium.uiautomator2.handler.request.SafeRequestHandler.handle(SafeRequestHandler.java:59)\n\tat io.appium.uiautomator2.server.AppiumServlet.handleRequest(AppiumServlet.java:259)\n\tat io.appium.uiautomator2.server.AppiumServlet.handleHttpRequest(AppiumServlet.java:253)\n\tat io.appium.uiautomator2.http.ServerHandler.channelRead(ServerHandler.java:77)\n\tat io.netty.channel.AbstractChannelHandlerContext.invokeChannelRead(AbstractChannelHandlerContext.java:366)\n\tat io.netty.channel.AbstractChannelHandlerContext.invokeChannelRead(AbstractChannelHandlerContext.java:352)\n\tat io.netty.chann...
&amp#27;[38;5;128m[W3C]&amp#27;[0m Matched W3C error code 'no such element' to NoSuchElementError
&amp#27;[38;5;32m[AndroidUiautomator2Driver@6457 (32d2a80d)]&amp#27;[0m Waited for 235 ms so far
&amp#27;[38;5;32m[AndroidUiautomator2Driver@6457 (32d2a80d)]&amp#27;[0m Matched '/element' to command name 'findElement'
&amp#27;[38;5;32m[AndroidUiautomator2Driver@6457 (32d2a80d)]&amp#27;[0m Proxying [POST /element] to [POST http://127.0.0.1:8200/session/f5e84c71-f4f7-4f8e-aec7-33a82bd27fec/element] with body: {"strategy":"accessibility id","selector":"Ok, Got It","context":"","multiple":false}
&amp#27;[38;5;32m[AndroidUiautomator2Driver@6457 (32d2a80d)]&amp#27;[0m Got response with status 200: {"sessionId":"f5e84c71-f4f7-4f8e-aec7-33a82bd27fec","value":{"ELEMENT":"00000000-0000-0010-0000-0028000003aa","element-6066-11e4-a52e-4f735466cecf":"00000000-0000-0010-0000-0028000003aa"}}
&amp#27;[38;5;32m[AndroidUiautomator2Driver@6457 (32d2a80d)]&amp#27;[0m Responding to client with driver.findElement() result: {"element-6066-11e4-a52e-4f735466cecf":"00000000-0000-0010-0000-0028000003aa","ELEMENT":"00000000-0000-0010-0000-0028000003aa"}
&amp#27;[38;5;0m[HTTP]&amp#27;[0m &amp#27;[37m<-- POST /session/32d2a80d-dc78-4f3e-a636-c5413edf6ff7/element &amp#27;[39m&amp#27;[32m200&amp#27;[39m &amp#27;[90m1931 ms - 137&amp#27;[39m
&amp#27;[38;5;0m[HTTP]&amp#27;[0m &amp#27;[90m&amp#27;[39m
&amp#27;[38;5;0m[HTTP]&amp#27;[0m &amp#27;[37m-->&amp#27;[39m &amp#27;[37mPOST&amp#27;[39m &amp#27;[37m/session/32d2a80d-dc78-4f3e-a636-c5413edf6ff7/element/00000000-0000-0010-0000-0028000003aa/click&amp#27;[39m
&amp#27;[38;5;0m[HTTP]&amp#27;[0m &amp#27;[90m{"id":"00000000-0000-0010-0000-0028000003aa"}&amp#27;[39m
&amp#27;[38;5;32m[AndroidUiautomator2Driver@6457 (32d2a80d)]&amp#27;[0m Calling AppiumDriver.click() with args: ["00000000-0000-0010-0000-0028000003aa","32d2a80d-dc78-4f3e-a636-c5413edf6ff7"]
&amp#27;[38;5;32m[AndroidUiautomator2Driver@6457 (32d2a80d)]&amp#27;[0m Matched '/element/00000000-0000-0010-0000-0028000003aa/click' to command name 'click'
&amp#27;[38;5;32m[AndroidUiautomator2Driver@6457 (32d2a80d)]&amp#27;[0m Proxying [POST /element/00000000-0000-0010-0000-0028000003aa/click] to [POST http://127.0.0.1:8200/session/f5e84c71-f4f7-4f8e-aec7-33a82bd27fec/element/00000000-0000-0010-0000-0028000003aa/click] with body: {"element":"00000000-0000-0010-0000-0028000003aa"}
&amp#27;[38;5;32m[AndroidUiautomator2Driver@6457 (32d2a80d)]&amp#27;[0m Got response with status 200: {"sessionId":"f5e84c71-f4f7-4f8e-aec7-33a82bd27fec","value":null}
&amp#27;[38;5;32m[AndroidUiautomator2Driver@6457 (32d2a80d)]&amp#27;[0m Responding to client with driver.click() result: null
&amp#27;[38;5;0m[HTTP]&amp#27;[0m &amp#27;[37m<-- POST /session/32d2a80d-dc78-4f3e-a636-c5413edf6ff7/element/00000000-0000-0010-0000-0028000003aa/click &amp#27;[39m&amp#27;[32m200&amp#27;[39m &amp#27;[90m599 ms - 14&amp#27;[39m
&amp#27;[38;5;0m[HTTP]&amp#27;[0m &amp#27;[90m&amp#27;[39m
&amp#27;[38;5;0m[HTTP]&amp#27;[0m &amp#27;[37m-->&amp#27;[39m &amp#27;[37mGET&amp#27;[39m &amp#27;[37m/session/32d2a80d-dc78-4f3e-a636-c5413edf6ff7/context&amp#27;[39m
&amp#27;[38;5;0m[HTTP]&amp#27;[0m &amp#27;[90m{}&amp#27;[39m
&amp#27;[38;5;32m[AndroidUiautomator2Driver@6457 (32d2a80d)]&amp#27;[0m Calling AppiumDriver.getCurrentContext() with args: ["32d2a80d-dc78-4f3e-a636-c5413edf6ff7"]
&amp#27;[38;5;32m[AndroidUiautomator2Driver@6457 (32d2a80d)]&amp#27;[0m Responding to client with driver.getCurrentContext() result: "NATIVE_APP"
&amp#27;[38;5;0m[HTTP]&amp#27;[0m &amp#27;[37m<-- GET /session/32d2a80d-dc78-4f3e-a636-c5413edf6ff7/context &amp#27;[39m&amp#27;[32m200&amp#27;[39m &amp#27;[90m1 ms - 22&amp#27;[39m
&amp#27;[38;5;0m[HTTP]&amp#27;[0m &amp#27;[90m&amp#27;[39m
&amp#27;[38;5;0m[HTTP]&amp#27;[0m &amp#27;[37m-->&amp#27;[39m &amp#27;[37mPOST&amp#27;[39m &amp#27;[37m/session/32d2a80d-dc78-4f3e-a636-c5413edf6ff7/element&amp#27;[39m
&amp#27;[38;5;0m[HTTP]&amp#27;[0m &amp#27;[90m{"value":"com.fivemobile.thescore:id/search_bar_text_view","using":"id"}&amp#27;[39m
&amp#27;[38;5;32m[AndroidUiautomator2Driver@6457 (32d2a80d)]&amp#27;[0m Calling AppiumDriver.findElement() with args: ["id","com.fivemobile.thescore:id/search_bar_text_view","32d2a80d-dc78-4f3e-a636-c5413edf6ff7"]
&amp#27;[38;5;32m[AndroidUiautomator2Driver@6457 (32d2a80d)]&amp#27;[0m Valid locator strategies for this request: xpath, id, class name, accessibility id, css selector, -android uiautomator
&amp#27;[38;5;32m[AndroidUiautomator2Driver@6457 (32d2a80d)]&amp#27;[0m Waiting up to 10000 ms for condition
&amp#27;[38;5;32m[AndroidUiautomator2Driver@6457 (32d2a80d)]&amp#27;[0m Matched '/element' to command name 'findElement'
&amp#27;[38;5;32m[AndroidUiautomator2Driver@6457 (32d2a80d)]&amp#27;[0m Proxying [POST /element] to [POST http://127.0.0.1:8200/session/f5e84c71-f4f7-4f8e-aec7-33a82bd27fec/element] with body: {"strategy":"id","selector":"com.fivemobile.thescore:id/search_bar_text_view","context":"","multiple":false}
&amp#27;[38;5;32m[AndroidUiautomator2Driver@6457 (32d2a80d)]&amp#27;[0m Got response with status 404: {"sessionId":"f5e84c71-f4f7-4f8e-aec7-33a82bd27fec","value":{"error":"no such element","message":"An element could not be located on the page using the given search parameters","stacktrace":"io.appium.uiautomator2.common.exceptions.ElementNotFoundException: An element could not be located on the page using the given search parameters\n\tat io.appium.uiautomator2.handler.FindElement.safeHandle(FindElement.java:63)\n\tat io.appium.uiautomator2.handler.request.SafeRequestHandler.handle(SafeRequestHandler.java:59)\n\tat io.appium.uiautomator2.server.AppiumServlet.handleRequest(AppiumServlet.java:259)\n\tat io.appium.uiautomator2.server.AppiumServlet.handleHttpRequest(AppiumServlet.java:253)\n\tat io.appium.uiautomator2.http.ServerHandler.channelRead(ServerHandler.java:77)\n\tat io.netty.channel.AbstractChannelHandlerContext.invokeChannelRead(AbstractChannelHandlerContext.java:366)\n\tat io.netty.channel.AbstractChannelHandlerContext.invokeChannelRead(AbstractChannelHandlerContext.java:352)\n\tat io.netty.chann...
&amp#27;[38;5;128m[W3C]&amp#27;[0m Matched W3C error code 'no such element' to NoSuchElementError
&amp#27;[38;5;32m[AndroidUiautomator2Driver@6457 (32d2a80d)]&amp#27;[0m Waited for 140 ms so far
&amp#27;[38;5;32m[AndroidUiautomator2Driver@6457 (32d2a80d)]&amp#27;[0m Matched '/element' to command name 'findElement'
&amp#27;[38;5;32m[AndroidUiautomator2Driver@6457 (32d2a80d)]&amp#27;[0m Proxying [POST /element] to [POST http://127.0.0.1:8200/session/f5e84c71-f4f7-4f8e-aec7-33a82bd27fec/element] with body: {"strategy":"id","selector":"com.fivemobile.thescore:id/search_bar_text_view","context":"","multiple":false}
&amp#27;[38;5;32m[AndroidUiautomator2Driver@6457 (32d2a80d)]&amp#27;[0m Got response with status 200: {"sessionId":"f5e84c71-f4f7-4f8e-aec7-33a82bd27fec","value":{"ELEMENT":"00000000-0000-000c-ffff-ffff0000035b","element-6066-11e4-a52e-4f735466cecf":"00000000-0000-000c-ffff-ffff0000035b"}}
&amp#27;[38;5;32m[AndroidUiautomator2Driver@6457 (32d2a80d)]&amp#27;[0m Responding to client with driver.findElement() result: {"element-6066-11e4-a52e-4f735466cecf":"00000000-0000-000c-ffff-ffff0000035b","ELEMENT":"00000000-0000-000c-ffff-ffff0000035b"}
&amp#27;[38;5;0m[HTTP]&amp#27;[0m &amp#27;[37m<-- POST /session/32d2a80d-dc78-4f3e-a636-c5413edf6ff7/element &amp#27;[39m&amp#27;[32m200&amp#27;[39m &amp#27;[90m667 ms - 137&amp#27;[39m
&amp#27;[38;5;0m[HTTP]&amp#27;[0m &amp#27;[90m&amp#27;[39m
&amp#27;[38;5;0m[HTTP]&amp#27;[0m &amp#27;[37m-->&amp#27;[39m &amp#27;[37mPOST&amp#27;[39m &amp#27;[37m/session/32d2a80d-dc78-4f3e-a636-c5413edf6ff7/element/00000000-0000-000c-ffff-ffff0000035b/click&amp#27;[39m
&amp#27;[38;5;0m[HTTP]&amp#27;[0m &amp#27;[90m{"id":"00000000-0000-000c-ffff-ffff0000035b"}&amp#27;[39m
&amp#27;[38;5;32m[AndroidUiautomator2Driver@6457 (32d2a80d)]&amp#27;[0m Calling AppiumDriver.click() with args: ["00000000-0000-000c-ffff-ffff0000035b","32d2a80d-dc78-4f3e-a636-c5413edf6ff7"]
&amp#27;[38;5;32m[AndroidUiautomator2Driver@6457 (32d2a80d)]&amp#27;[0m Matched '/element/00000000-0000-000c-ffff-ffff0000035b/click' to command name 'click'
&amp#27;[38;5;32m[AndroidUiautomator2Driver@6457 (32d2a80d)]&amp#27;[0m Proxying [POST /element/00000000-0000-000c-ffff-ffff0000035b/click] to [POST http://127.0.0.1:8200/session/f5e84c71-f4f7-4f8e-aec7-33a82bd27fec/element/00000000-0000-000c-ffff-ffff0000035b/click] with body: {"element":"00000000-0000-000c-ffff-ffff0000035b"}
&amp#27;[38;5;32m[AndroidUiautomator2Driver@6457 (32d2a80d)]&amp#27;[0m Got response with status 200: {"sessionId":"f5e84c71-f4f7-4f8e-aec7-33a82bd27fec","value":null}
&amp#27;[38;5;32m[AndroidUiautomator2Driver@6457 (32d2a80d)]&amp#27;[0m Responding to client with driver.click() result: null
&amp#27;[38;5;0m[HTTP]&amp#27;[0m &amp#27;[37m<-- POST /session/32d2a80d-dc78-4f3e-a636-c5413edf6ff7/element/00000000-0000-000c-ffff-ffff0000035b/click &amp#27;[39m&amp#27;[32m200&amp#27;[39m &amp#27;[90m136 ms - 14&amp#27;[39m
&amp#27;[38;5;0m[HTTP]&amp#27;[0m &amp#27;[90m&amp#27;[39m
&amp#27;[38;5;0m[HTTP]&amp#27;[0m &amp#27;[37m-->&amp#27;[39m &amp#27;[37mGET&amp#27;[39m &amp#27;[37m/session/32d2a80d-dc78-4f3e-a636-c5413edf6ff7/context&amp#27;[39m
&amp#27;[38;5;0m[HTTP]&amp#27;[0m &amp#27;[90m{}&amp#27;[39m
&amp#27;[38;5;32m[AndroidUiautomator2Driver@6457 (32d2a80d)]&amp#27;[0m Calling AppiumDriver.getCurrentContext() with args: ["32d2a80d-dc78-4f3e-a636-c5413edf6ff7"]
&amp#27;[38;5;32m[AndroidUiautomator2Driver@6457 (32d2a80d)]&amp#27;[0m Responding to client with driver.getCurrentContext() result: "NATIVE_APP"
&amp#27;[38;5;0m[HTTP]&amp#27;[0m &amp#27;[37m<-- GET /session/32d2a80d-dc78-4f3e-a636-c5413edf6ff7/context &amp#27;[39m&amp#27;[32m200&amp#27;[39m &amp#27;[90m1 ms - 22&amp#27;[39m
&amp#27;[38;5;0m[HTTP]&amp#27;[0m &amp#27;[90m&amp#27;[39m
&amp#27;[38;5;0m[HTTP]&amp#27;[0m &amp#27;[37m-->&amp#27;[39m &amp#27;[37mPOST&amp#27;[39m &amp#27;[37m/session/32d2a80d-dc78-4f3e-a636-c5413edf6ff7/element&amp#27;[39m
&amp#27;[38;5;0m[HTTP]&amp#27;[0m &amp#27;[90m{"value":"com.fivemobile.thescore:id/search_src_text","using":"id"}&amp#27;[39m
&amp#27;[38;5;32m[AndroidUiautomator2Driver@6457 (32d2a80d)]&amp#27;[0m Calling AppiumDriver.findElement() with args: ["id","com.fivemobile.thescore:id/search_src_text","32d2a80d-dc78-4f3e-a636-c5413edf6ff7"]
&amp#27;[38;5;32m[AndroidUiautomator2Driver@6457 (32d2a80d)]&amp#27;[0m Valid locator strategies for this request: xpath, id, class name, accessibility id, css selector, -android uiautomator
&amp#27;[38;5;32m[AndroidUiautomator2Driver@6457 (32d2a80d)]&amp#27;[0m Waiting up to 10000 ms for condition
&amp#27;[38;5;32m[AndroidUiautomator2Driver@6457 (32d2a80d)]&amp#27;[0m Matched '/element' to command name 'findElement'
&amp#27;[38;5;32m[AndroidUiautomator2Driver@6457 (32d2a80d)]&amp#27;[0m Proxying [POST /element] to [POST http://127.0.0.1:8200/session/f5e84c71-f4f7-4f8e-aec7-33a82bd27fec/element] with body: {"strategy":"id","selector":"com.fivemobile.thescore:id/search_src_text","context":"","multiple":false}
&amp#27;[38;5;32m[AndroidUiautomator2Driver@6457 (32d2a80d)]&amp#27;[0m Got response with status 200: {"sessionId":"f5e84c71-f4f7-4f8e-aec7-33a82bd27fec","value":{"ELEMENT":"00000000-0000-000c-ffff-ffff000003f0","element-6066-11e4-a52e-4f735466cecf":"00000000-0000-000c-ffff-ffff000003f0"}}
&amp#27;[38;5;32m[AndroidUiautomator2Driver@6457 (32d2a80d)]&amp#27;[0m Responding to client with driver.findElement() result: {"element-6066-11e4-a52e-4f735466cecf":"00000000-0000-000c-ffff-ffff000003f0","ELEMENT":"00000000-0000-000c-ffff-ffff000003f0"}
&amp#27;[38;5;0m[HTTP]&amp#27;[0m &amp#27;[37m<-- POST /session/32d2a80d-dc78-4f3e-a636-c5413edf6ff7/element &amp#27;[39m&amp#27;[32m200&amp#27;[39m &amp#27;[90m309 ms - 137&amp#27;[39m
&amp#27;[38;5;0m[HTTP]&amp#27;[0m &amp#27;[90m&amp#27;[39m
&amp#27;[38;5;0m[HTTP]&amp#27;[0m &amp#27;[37m-->&amp#27;[39m &amp#27;[37mPOST&amp#27;[39m &amp#27;[37m/session/32d2a80d-dc78-4f3e-a636-c5413edf6ff7/element/00000000-0000-000c-ffff-ffff000003f0/value&amp#27;[39m
&amp#27;[38;5;0m[HTTP]&amp#27;[0m &amp#27;[90m{"text":"49ers","value":["4","9","e","r","s"],"id":"00000000-0000-000c-ffff-ffff000003f0"}&amp#27;[39m
&amp#27;[38;5;32m[AndroidUiautomator2Driver@6457 (32d2a80d)]&amp#27;[0m Calling AppiumDriver.setValue() with args: [["4","9","e","r","s"],"00000000-0000-000c-ffff-ffff000003f0","32d2a80d-dc78-4f3e-a636-c5413edf6ff7"]
&amp#27;[38;5;32m[AndroidUiautomator2Driver@6457 (32d2a80d)]&amp#27;[0m Matched '/element/00000000-0000-000c-ffff-ffff000003f0/value' to command name 'setValue'
&amp#27;[38;5;32m[AndroidUiautomator2Driver@6457 (32d2a80d)]&amp#27;[0m Added 'value' property ["4","9","e","r","s"] to 'setValue' request body
&amp#27;[38;5;32m[AndroidUiautomator2Driver@6457 (32d2a80d)]&amp#27;[0m Proxying [POST /element/00000000-0000-000c-ffff-ffff000003f0/value] to [POST http://127.0.0.1:8200/session/f5e84c71-f4f7-4f8e-aec7-33a82bd27fec/element/00000000-0000-000c-ffff-ffff000003f0/value] with body: {"elementId":"00000000-0000-000c-ffff-ffff000003f0","text":"49ers","replace":false,"value":["4","9","e","r","s"]}
&amp#27;[38;5;32m[AndroidUiautomator2Driver@6457 (32d2a80d)]&amp#27;[0m Got response with status 200: {"sessionId":"f5e84c71-f4f7-4f8e-aec7-33a82bd27fec","value":null}
&amp#27;[38;5;32m[AndroidUiautomator2Driver@6457 (32d2a80d)]&amp#27;[0m Responding to client with driver.setValue() result: null
&amp#27;[38;5;0m[HTTP]&amp#27;[0m &amp#27;[37m<-- POST /session/32d2a80d-dc78-4f3e-a636-c5413edf6ff7/element/00000000-0000-000c-ffff-ffff000003f0/value &amp#27;[39m&amp#27;[32m200&amp#27;[39m &amp#27;[90m2950 ms - 14&amp#27;[39m
&amp#27;[38;5;0m[HTTP]&amp#27;[0m &amp#27;[90m&amp#27;[39m
&amp#27;[38;5;0m[HTTP]&amp#27;[0m &amp#27;[37m-->&amp#27;[39m &amp#27;[37mGET&amp#27;[39m &amp#27;[37m/session/32d2a80d-dc78-4f3e-a636-c5413edf6ff7/context&amp#27;[39m
&amp#27;[38;5;0m[HTTP]&amp#27;[0m &amp#27;[90m{}&amp#27;[39m
&amp#27;[38;5;32m[AndroidUiautomator2Driver@6457 (32d2a80d)]&amp#27;[0m Calling AppiumDriver.getCurrentContext() with args: ["32d2a80d-dc78-4f3e-a636-c5413edf6ff7"]
&amp#27;[38;5;32m[AndroidUiautomator2Driver@6457 (32d2a80d)]&amp#27;[0m Responding to client with driver.getCurrentContext() result: "NATIVE_APP"
&amp#27;[38;5;0m[HTTP]&amp#27;[0m &amp#27;[37m<-- GET /session/32d2a80d-dc78-4f3e-a636-c5413edf6ff7/context &amp#27;[39m&amp#27;[32m200&amp#27;[39m &amp#27;[90m1 ms - 22&amp#27;[39m
&amp#27;[38;5;0m[HTTP]&amp#27;[0m &amp#27;[90m&amp#27;[39m
&amp#27;[38;5;0m[HTTP]&amp#27;[0m &amp#27;[37m-->&amp#27;[39m &amp#27;[37mPOST&amp#27;[39m &amp#27;[37m/session/32d2a80d-dc78-4f3e-a636-c5413edf6ff7/elements&amp#27;[39m
&amp#27;[38;5;0m[HTTP]&amp#27;[0m &amp#27;[90m{"value":"com.fivemobile.thescore:id/txt_name","using":"id"}&amp#27;[39m
&amp#27;[38;5;32m[AndroidUiautomator2Driver@6457 (32d2a80d)]&amp#27;[0m Calling AppiumDriver.findElements() with args: ["id","com.fivemobile.thescore:id/txt_name","32d2a80d-dc78-4f3e-a636-c5413edf6ff7"]
&amp#27;[38;5;32m[AndroidUiautomator2Driver@6457 (32d2a80d)]&amp#27;[0m Valid locator strategies for this request: xpath, id, class name, accessibility id, css selector, -android uiautomator
&amp#27;[38;5;32m[AndroidUiautomator2Driver@6457 (32d2a80d)]&amp#27;[0m Waiting up to 10000 ms for condition
&amp#27;[38;5;32m[AndroidUiautomator2Driver@6457 (32d2a80d)]&amp#27;[0m Matched '/elements' to command name 'findElements'
&amp#27;[38;5;32m[AndroidUiautomator2Driver@6457 (32d2a80d)]&amp#27;[0m Proxying [POST /elements] to [POST http://127.0.0.1:8200/session/f5e84c71-f4f7-4f8e-aec7-33a82bd27fec/elements] with body: {"strategy":"id","selector":"com.fivemobile.thescore:id/txt_name","context":"","multiple":true}
&amp#27;[38;5;32m[AndroidUiautomator2Driver@6457 (32d2a80d)]&amp#27;[0m Got response with status 200: {"sessionId":"f5e84c71-f4f7-4f8e-aec7-33a82bd27fec","value":[{"ELEMENT":"00000000-0000-000c-ffff-ffff0000046a","element-6066-11e4-a52e-4f735466cecf":"00000000-0000-000c-ffff-ffff0000046a"},{"ELEMENT":"00000000-0000-000c-ffff-ffff00000470","element-6066-11e4-a52e-4f735466cecf":"00000000-0000-000c-ffff-ffff00000470"},{"ELEMENT":"00000000-0000-000c-ffff-ffff00000476","element-6066-11e4-a52e-4f735466cecf":"00000000-0000-000c-ffff-ffff00000476"},{"ELEMENT":"00000000-0000-000c-ffff-ffff0000047c","element-6066-11e4-a52e-4f735466cecf":"00000000-0000-000c-ffff-ffff0000047c"},{"ELEMENT":"00000000-0000-000c-ffff-ffff00000482","element-6066-11e4-a52e-4f735466cecf":"00000000-0000-000c-ffff-ffff00000482"},{"ELEMENT":"00000000-0000-000c-ffff-ffff00000488","element-6066-11e4-a52e-4f735466cecf":"00000000-0000-000c-ffff-ffff00000488"},{"ELEMENT":"00000000-0000-000c-ffff-ffff00000491","element-6066-11e4-a52e-4f735466cecf":"00000000-0000-000c-ffff-ffff00000491"}]}
&amp#27;[38;5;32m[AndroidUiautomator2Driver@6457 (32d2a80d)]&amp#27;[0m Responding to client with driver.findElements() result: [{"element-6066-11e4-a52e-4f735466cecf":"00000000-0000-000c-ffff-ffff0000046a","ELEMENT":"00000000-0000-000c-ffff-ffff0000046a"},{"element-6066-11e4-a52e-4f735466cecf":"00000000-0000-000c-ffff-ffff00000470","ELEMENT":"00000000-0000-000c-ffff-ffff00000470"},{"element-6066-11e4-a52e-4f735466cecf":"00000000-0000-000c-ffff-ffff00000476","ELEMENT":"00000000-0000-000c-ffff-ffff00000476"},{"element-6066-11e4-a52e-4f735466cecf":"00000000-0000-000c-ffff-ffff0000047c","ELEMENT":"00000000-0000-000c-ffff-ffff0000047c"},{"element-6066-11e4-a52e-4f735466cecf":"00000000-0000-000c-ffff-ffff00000482","ELEMENT":"00000000-0000-000c-ffff-ffff00000482"},{"element-6066-11e4-a52e-4f735466cecf":"00000000-0000-000c-ffff-ffff00000488","ELEMENT":"00000000-0000-000c-ffff-ffff00000488"},{"element-6066-11e4-a52e-4f735466cecf":"00000000-0000-000c-ffff-ffff00000491","ELEMENT":"00000000-0000-000c-ffff-ffff00000491"}]
&amp#27;[38;5;0m[HTTP]&amp#27;[0m &amp#27;[37m<-- POST /session/32d2a80d-dc78-4f3e-a636-c5413edf6ff7/elements &amp#27;[39m&amp#27;[32m200&amp#27;[39m &amp#27;[90m2025 ms - 907&amp#27;[39m
&amp#27;[38;5;0m[HTTP]&amp#27;[0m &amp#27;[90m&amp#27;[39m
&amp#27;[38;5;0m[HTTP]&amp#27;[0m &amp#27;[37m-->&amp#27;[39m &amp#27;[37mGET&amp#27;[39m &amp#27;[37m/session/32d2a80d-dc78-4f3e-a636-c5413edf6ff7/element/00000000-0000-000c-ffff-ffff0000046a/text&amp#27;[39m
&amp#27;[38;5;0m[HTTP]&amp#27;[0m &amp#27;[90m{}&amp#27;[39m
&amp#27;[38;5;32m[AndroidUiautomator2Driver@6457 (32d2a80d)]&amp#27;[0m Driver proxy active, passing request on via HTTP proxy
&amp#27;[38;5;32m[AndroidUiautomator2Driver@6457 (32d2a80d)]&amp#27;[0m Matched '/session/32d2a80d-dc78-4f3e-a636-c5413edf6ff7/element/00000000-0000-000c-ffff-ffff0000046a/text' to command name 'getText'
&amp#27;[38;5;32m[AndroidUiautomator2Driver@6457 (32d2a80d)]&amp#27;[0m Proxying [GET /session/32d2a80d-dc78-4f3e-a636-c5413edf6ff7/element/00000000-0000-000c-ffff-ffff0000046a/text] to [GET http://127.0.0.1:8200/session/f5e84c71-f4f7-4f8e-aec7-33a82bd27fec/element/00000000-0000-000c-ffff-ffff0000046a/text] with no body
&amp#27;[38;5;32m[AndroidUiautomator2Driver@6457 (32d2a80d)]&amp#27;[0m Got response with status 200: {"sessionId":"f5e84c71-f4f7-4f8e-aec7-33a82bd27fec","value":"San Francisco 49ers"}
&amp#27;[38;5;32m[AndroidUiautomator2Driver@6457 (32d2a80d)]&amp#27;[0m Replacing sessionId f5e84c71-f4f7-4f8e-aec7-33a82bd27fec with 32d2a80d-dc78-4f3e-a636-c5413edf6ff7
&amp#27;[38;5;0m[HTTP]&amp#27;[0m &amp#27;[37m<-- GET /session/32d2a80d-dc78-4f3e-a636-c5413edf6ff7/element/00000000-0000-000c-ffff-ffff0000046a/text &amp#27;[39m&amp#27;[32m200&amp#27;[39m &amp#27;[90m16 ms - 82&amp#27;[39m
&amp#27;[38;5;0m[HTTP]&amp#27;[0m &amp#27;[90m&amp#27;[39m
&amp#27;[38;5;0m[HTTP]&amp#27;[0m &amp#27;[37m-->&amp#27;[39m &amp#27;[37mPOST&amp#27;[39m &amp#27;[37m/session/32d2a80d-dc78-4f3e-a636-c5413edf6ff7/element/00000000-0000-000c-ffff-ffff0000046a/click&amp#27;[39m
&amp#27;[38;5;0m[HTTP]&amp#27;[0m &amp#27;[90m{"id":"00000000-0000-000c-ffff-ffff0000046a"}&amp#27;[39m
&amp#27;[38;5;32m[AndroidUiautomator2Driver@6457 (32d2a80d)]&amp#27;[0m Calling AppiumDriver.click() with args: ["00000000-0000-000c-ffff-ffff0000046a","32d2a80d-dc78-4f3e-a636-c5413edf6ff7"]
&amp#27;[38;5;32m[AndroidUiautomator2Driver@6457 (32d2a80d)]&amp#27;[0m Matched '/element/00000000-0000-000c-ffff-ffff0000046a/click' to command name 'click'
&amp#27;[38;5;32m[AndroidUiautomator2Driver@6457 (32d2a80d)]&amp#27;[0m Proxying [POST /element/00000000-0000-000c-ffff-ffff0000046a/click] to [POST http://127.0.0.1:8200/session/f5e84c71-f4f7-4f8e-aec7-33a82bd27fec/element/00000000-0000-000c-ffff-ffff0000046a/click] with body: {"element":"00000000-0000-000c-ffff-ffff0000046a"}
&amp#27;[38;5;32m[AndroidUiautomator2Driver@6457 (32d2a80d)]&amp#27;[0m Got response with status 200: {"sessionId":"f5e84c71-f4f7-4f8e-aec7-33a82bd27fec","value":null}
&amp#27;[38;5;32m[AndroidUiautomator2Driver@6457 (32d2a80d)]&amp#27;[0m Responding to client with driver.click() result: null
&amp#27;[38;5;0m[HTTP]&amp#27;[0m &amp#27;[37m<-- POST /session/32d2a80d-dc78-4f3e-a636-c5413edf6ff7/element/00000000-0000-000c-ffff-ffff0000046a/click &amp#27;[39m&amp#27;[32m200&amp#27;[39m &amp#27;[90m3180 ms - 14&amp#27;[39m
&amp#27;[38;5;0m[HTTP]&amp#27;[0m &amp#27;[90m&amp#27;[39m
&amp#27;[38;5;0m[HTTP]&amp#27;[0m &amp#27;[37m-->&amp#27;[39m &amp#27;[37mGET&amp#27;[39m &amp#27;[37m/session/32d2a80d-dc78-4f3e-a636-c5413edf6ff7/context&amp#27;[39m
&amp#27;[38;5;0m[HTTP]&amp#27;[0m &amp#27;[90m{}&amp#27;[39m
&amp#27;[38;5;32m[AndroidUiautomator2Driver@6457 (32d2a80d)]&amp#27;[0m Calling AppiumDriver.getCurrentContext() with args: ["32d2a80d-dc78-4f3e-a636-c5413edf6ff7"]
&amp#27;[38;5;32m[AndroidUiautomator2Driver@6457 (32d2a80d)]&amp#27;[0m Responding to client with driver.getCurrentContext() result: "NATIVE_APP"
&amp#27;[38;5;0m[HTTP]&amp#27;[0m &amp#27;[37m<-- GET /session/32d2a80d-dc78-4f3e-a636-c5413edf6ff7/context &amp#27;[39m&amp#27;[32m200&amp#27;[39m &amp#27;[90m1 ms - 22&amp#27;[39m
&amp#27;[38;5;0m[HTTP]&amp#27;[0m &amp#27;[90m&amp#27;[39m
&amp#27;[38;5;0m[HTTP]&amp#27;[0m &amp#27;[37m-->&amp#27;[39m &amp#27;[37mPOST&amp#27;[39m &amp#27;[37m/session/32d2a80d-dc78-4f3e-a636-c5413edf6ff7/element&amp#27;[39m
&amp#27;[38;5;0m[HTTP]&amp#27;[0m &amp#27;[90m{"value":"com.fivemobile.thescore:id/team_name","using":"id"}&amp#27;[39m
&amp#27;[38;5;32m[AndroidUiautomator2Driver@6457 (32d2a80d)]&amp#27;[0m Calling AppiumDriver.findElement() with args: ["id","com.fivemobile.thescore:id/team_name","32d2a80d-dc78-4f3e-a636-c5413edf6ff7"]
&amp#27;[38;5;32m[AndroidUiautomator2Driver@6457 (32d2a80d)]&amp#27;[0m Valid locator strategies for this request: xpath, id, class name, accessibility id, css selector, -android uiautomator
&amp#27;[38;5;32m[AndroidUiautomator2Driver@6457 (32d2a80d)]&amp#27;[0m Waiting up to 10000 ms for condition
&amp#27;[38;5;32m[AndroidUiautomator2Driver@6457 (32d2a80d)]&amp#27;[0m Matched '/element' to command name 'findElement'
&amp#27;[38;5;32m[AndroidUiautomator2Driver@6457 (32d2a80d)]&amp#27;[0m Proxying [POST /element] to [POST http://127.0.0.1:8200/session/f5e84c71-f4f7-4f8e-aec7-33a82bd27fec/element] with body: {"strategy":"id","selector":"com.fivemobile.thescore:id/team_name","context":"","multiple":false}
&amp#27;[38;5;32m[AndroidUiautomator2Driver@6457 (32d2a80d)]&amp#27;[0m Got response with status 200: {"sessionId":"f5e84c71-f4f7-4f8e-aec7-33a82bd27fec","value":{"ELEMENT":"00000000-0000-000c-ffff-ffff000004f7","element-6066-11e4-a52e-4f735466cecf":"00000000-0000-000c-ffff-ffff000004f7"}}
&amp#27;[38;5;32m[AndroidUiautomator2Driver@6457 (32d2a80d)]&amp#27;[0m Responding to client with driver.findElement() result: {"element-6066-11e4-a52e-4f735466cecf":"00000000-0000-000c-ffff-ffff000004f7","ELEMENT":"00000000-0000-000c-ffff-ffff000004f7"}
&amp#27;[38;5;0m[HTTP]&amp#27;[0m &amp#27;[37m<-- POST /session/32d2a80d-dc78-4f3e-a636-c5413edf6ff7/element &amp#27;[39m&amp#27;[32m200&amp#27;[39m &amp#27;[90m44 ms - 137&amp#27;[39m
&amp#27;[38;5;0m[HTTP]&amp#27;[0m &amp#27;[90m&amp#27;[39m
&amp#27;[38;5;0m[HTTP]&amp#27;[0m &amp#27;[37m-->&amp#27;[39m &amp#27;[37mGET&amp#27;[39m &amp#27;[37m/session/32d2a80d-dc78-4f3e-a636-c5413edf6ff7/element/00000000-0000-000c-ffff-ffff000004f7/text&amp#27;[39m
&amp#27;[38;5;0m[HTTP]&amp#27;[0m &amp#27;[90m{}&amp#27;[39m
&amp#27;[38;5;32m[AndroidUiautomator2Driver@6457 (32d2a80d)]&amp#27;[0m Driver proxy active, passing request on via HTTP proxy
&amp#27;[38;5;32m[AndroidUiautomator2Driver@6457 (32d2a80d)]&amp#27;[0m Matched '/session/32d2a80d-dc78-4f3e-a636-c5413edf6ff7/element/00000000-0000-000c-ffff-ffff000004f7/text' to command name 'getText'
&amp#27;[38;5;32m[AndroidUiautomator2Driver@6457 (32d2a80d)]&amp#27;[0m Proxying [GET /session/32d2a80d-dc78-4f3e-a636-c5413edf6ff7/element/00000000-0000-000c-ffff-ffff000004f7/text] to [GET http://127.0.0.1:8200/session/f5e84c71-f4f7-4f8e-aec7-33a82bd27fec/element/00000000-0000-000c-ffff-ffff000004f7/text] with no body
&amp#27;[38;5;32m[AndroidUiautomator2Driver@6457 (32d2a80d)]&amp#27;[0m Got response with status 200: {"sessionId":"f5e84c71-f4f7-4f8e-aec7-33a82bd27fec","value":"San Francisco 49ers"}
&amp#27;[38;5;32m[AndroidUiautomator2Driver@6457 (32d2a80d)]&amp#27;[0m Replacing sessionId f5e84c71-f4f7-4f8e-aec7-33a82bd27fec with 32d2a80d-dc78-4f3e-a636-c5413edf6ff7
&amp#27;[38;5;0m[HTTP]&amp#27;[0m &amp#27;[37m<-- GET /session/32d2a80d-dc78-4f3e-a636-c5413edf6ff7/element/00000000-0000-000c-ffff-ffff000004f7/text &amp#27;[39m&amp#27;[32m200&amp#27;[39m &amp#27;[90m22 ms - 82&amp#27;[39m
&amp#27;[38;5;0m[HTTP]&amp#27;[0m &amp#27;[90m&amp#27;[39m
&amp#27;[38;5;0m[HTTP]&amp#27;[0m &amp#27;[37m-->&amp#27;[39m &amp#27;[37mGET&amp#27;[39m &amp#27;[37m/session/32d2a80d-dc78-4f3e-a636-c5413edf6ff7/context&amp#27;[39m
&amp#27;[38;5;0m[HTTP]&amp#27;[0m &amp#27;[90m{}&amp#27;[39m
&amp#27;[38;5;32m[AndroidUiautomator2Driver@6457 (32d2a80d)]&amp#27;[0m Calling AppiumDriver.getCurrentContext() with args: ["32d2a80d-dc78-4f3e-a636-c5413edf6ff7"]
&amp#27;[38;5;32m[AndroidUiautomator2Driver@6457 (32d2a80d)]&amp#27;[0m Responding to client with driver.getCurrentContext() result: "NATIVE_APP"
&amp#27;[38;5;0m[HTTP]&amp#27;[0m &amp#27;[37m<-- GET /session/32d2a80d-dc78-4f3e-a636-c5413edf6ff7/context &amp#27;[39m&amp#27;[32m200&amp#27;[39m &amp#27;[90m1 ms - 22&amp#27;[39m
&amp#27;[38;5;0m[HTTP]&amp#27;[0m &amp#27;[90m&amp#27;[39m
&amp#27;[38;5;0m[HTTP]&amp#27;[0m &amp#27;[37m-->&amp#27;[39m &amp#27;[37mPOST&amp#27;[39m &amp#27;[37m/session/32d2a80d-dc78-4f3e-a636-c5413edf6ff7/element&amp#27;[39m
&amp#27;[38;5;0m[HTTP]&amp#27;[0m &amp#27;[90m{"value":"Team Stats","using":"accessibility id"}&amp#27;[39m
&amp#27;[38;5;32m[AndroidUiautomator2Driver@6457 (32d2a80d)]&amp#27;[0m Calling AppiumDriver.findElement() with args: ["accessibility id","Team Stats","32d2a80d-dc78-4f3e-a636-c5413edf6ff7"]
&amp#27;[38;5;32m[AndroidUiautomator2Driver@6457 (32d2a80d)]&amp#27;[0m Valid locator strategies for this request: xpath, id, class name, accessibility id, css selector, -android uiautomator
&amp#27;[38;5;32m[AndroidUiautomator2Driver@6457 (32d2a80d)]&amp#27;[0m Waiting up to 10000 ms for condition
&amp#27;[38;5;32m[AndroidUiautomator2Driver@6457 (32d2a80d)]&amp#27;[0m Matched '/element' to command name 'findElement'
&amp#27;[38;5;32m[AndroidUiautomator2Driver@6457 (32d2a80d)]&amp#27;[0m Proxying [POST /element] to [POST http://127.0.0.1:8200/session/f5e84c71-f4f7-4f8e-aec7-33a82bd27fec/element] with body: {"strategy":"accessibility id","selector":"Team Stats","context":"","multiple":false}
&amp#27;[38;5;32m[AndroidUiautomator2Driver@6457 (32d2a80d)]&amp#27;[0m Got response with status 200: {"sessionId":"f5e84c71-f4f7-4f8e-aec7-33a82bd27fec","value":{"ELEMENT":"00000000-0000-000c-ffff-ffff0000054f","element-6066-11e4-a52e-4f735466cecf":"00000000-0000-000c-ffff-ffff0000054f"}}
&amp#27;[38;5;32m[AndroidUiautomator2Driver@6457 (32d2a80d)]&amp#27;[0m Responding to client with driver.findElement() result: {"element-6066-11e4-a52e-4f735466cecf":"00000000-0000-000c-ffff-ffff0000054f","ELEMENT":"00000000-0000-000c-ffff-ffff0000054f"}
&amp#27;[38;5;0m[HTTP]&amp#27;[0m &amp#27;[37m<-- POST /session/32d2a80d-dc78-4f3e-a636-c5413edf6ff7/element &amp#27;[39m&amp#27;[32m200&amp#27;[39m &amp#27;[90m73 ms - 137&amp#27;[39m
&amp#27;[38;5;0m[HTTP]&amp#27;[0m &amp#27;[90m&amp#27;[39m
&amp#27;[38;5;0m[HTTP]&amp#27;[0m &amp#27;[37m-->&amp#27;[39m &amp#27;[37mPOST&amp#27;[39m &amp#27;[37m/session/32d2a80d-dc78-4f3e-a636-c5413edf6ff7/element/00000000-0000-000c-ffff-ffff0000054f/click&amp#27;[39m
&amp#27;[38;5;0m[HTTP]&amp#27;[0m &amp#27;[90m{"id":"00000000-0000-000c-ffff-ffff0000054f"}&amp#27;[39m
&amp#27;[38;5;32m[AndroidUiautomator2Driver@6457 (32d2a80d)]&amp#27;[0m Calling AppiumDriver.click() with args: ["00000000-0000-000c-ffff-ffff0000054f","32d2a80d-dc78-4f3e-a636-c5413edf6ff7"]
&amp#27;[38;5;32m[AndroidUiautomator2Driver@6457 (32d2a80d)]&amp#27;[0m Matched '/element/00000000-0000-000c-ffff-ffff0000054f/click' to command name 'click'
&amp#27;[38;5;32m[AndroidUiautomator2Driver@6457 (32d2a80d)]&amp#27;[0m Proxying [POST /element/00000000-0000-000c-ffff-ffff0000054f/click] to [POST http://127.0.0.1:8200/session/f5e84c71-f4f7-4f8e-aec7-33a82bd27fec/element/00000000-0000-000c-ffff-ffff0000054f/click] with body: {"element":"00000000-0000-000c-ffff-ffff0000054f"}
&amp#27;[38;5;32m[AndroidUiautomator2Driver@6457 (32d2a80d)]&amp#27;[0m Got response with status 200: {"sessionId":"f5e84c71-f4f7-4f8e-aec7-33a82bd27fec","value":null}
&amp#27;[38;5;32m[AndroidUiautomator2Driver@6457 (32d2a80d)]&amp#27;[0m Responding to client with driver.click() result: null
&amp#27;[38;5;0m[HTTP]&amp#27;[0m &amp#27;[37m<-- POST /session/32d2a80d-dc78-4f3e-a636-c5413edf6ff7/element/00000000-0000-000c-ffff-ffff0000054f/click &amp#27;[39m&amp#27;[32m200&amp#27;[39m &amp#27;[90m78 ms - 14&amp#27;[39m
&amp#27;[38;5;0m[HTTP]&amp#27;[0m &amp#27;[90m&amp#27;[39m
&amp#27;[38;5;0m[HTTP]&amp#27;[0m &amp#27;[37m-->&amp#27;[39m &amp#27;[37mGET&amp#27;[39m &amp#27;[37m/session/32d2a80d-dc78-4f3e-a636-c5413edf6ff7/context&amp#27;[39m
&amp#27;[38;5;0m[HTTP]&amp#27;[0m &amp#27;[90m{}&amp#27;[39m
&amp#27;[38;5;32m[AndroidUiautomator2Driver@6457 (32d2a80d)]&amp#27;[0m Calling AppiumDriver.getCurrentContext() with args: ["32d2a80d-dc78-4f3e-a636-c5413edf6ff7"]
&amp#27;[38;5;32m[AndroidUiautomator2Driver@6457 (32d2a80d)]&amp#27;[0m Responding to client with driver.getCurrentContext() result: "NATIVE_APP"
&amp#27;[38;5;0m[HTTP]&amp#27;[0m &amp#27;[37m<-- GET /session/32d2a80d-dc78-4f3e-a636-c5413edf6ff7/context &amp#27;[39m&amp#27;[32m200&amp#27;[39m &amp#27;[90m1 ms - 22&amp#27;[39m
&amp#27;[38;5;0m[HTTP]&amp#27;[0m &amp#27;[90m&amp#27;[39m
&amp#27;[38;5;0m[HTTP]&amp#27;[0m &amp#27;[37m-->&amp#27;[39m &amp#27;[37mPOST&amp#27;[39m &amp#27;[37m/session/32d2a80d-dc78-4f3e-a636-c5413edf6ff7/element&amp#27;[39m
&amp#27;[38;5;0m[HTTP]&amp#27;[0m &amp#27;[90m{"value":"Team Stats","using":"accessibility id"}&amp#27;[39m
&amp#27;[38;5;32m[AndroidUiautomator2Driver@6457 (32d2a80d)]&amp#27;[0m Calling AppiumDriver.findElement() with args: ["accessibility id","Team Stats","32d2a80d-dc78-4f3e-a636-c5413edf6ff7"]
&amp#27;[38;5;32m[AndroidUiautomator2Driver@6457 (32d2a80d)]&amp#27;[0m Valid locator strategies for this request: xpath, id, class name, accessibility id, css selector, -android uiautomator
&amp#27;[38;5;32m[AndroidUiautomator2Driver@6457 (32d2a80d)]&amp#27;[0m Waiting up to 10000 ms for condition
&amp#27;[38;5;32m[AndroidUiautomator2Driver@6457 (32d2a80d)]&amp#27;[0m Matched '/element' to command name 'findElement'
&amp#27;[38;5;32m[AndroidUiautomator2Driver@6457 (32d2a80d)]&amp#27;[0m Proxying [POST /element] to [POST http://127.0.0.1:8200/session/f5e84c71-f4f7-4f8e-aec7-33a82bd27fec/element] with body: {"strategy":"accessibility id","selector":"Team Stats","context":"","multiple":false}
&amp#27;[38;5;32m[AndroidUiautomator2Driver@6457 (32d2a80d)]&amp#27;[0m Got response with status 200: {"sessionId":"f5e84c71-f4f7-4f8e-aec7-33a82bd27fec","value":{"ELEMENT":"00000000-0000-000c-ffff-ffff0000054f","element-6066-11e4-a52e-4f735466cecf":"00000000-0000-000c-ffff-ffff0000054f"}}
&amp#27;[38;5;32m[AndroidUiautomator2Driver@6457 (32d2a80d)]&amp#27;[0m Responding to client with driver.findElement() result: {"element-6066-11e4-a52e-4f735466cecf":"00000000-0000-000c-ffff-ffff0000054f","ELEMENT":"00000000-0000-000c-ffff-ffff0000054f"}
&amp#27;[38;5;0m[HTTP]&amp#27;[0m &amp#27;[37m<-- POST /session/32d2a80d-dc78-4f3e-a636-c5413edf6ff7/element &amp#27;[39m&amp#27;[32m200&amp#27;[39m &amp#27;[90m1150 ms - 137&amp#27;[39m
&amp#27;[38;5;0m[HTTP]&amp#27;[0m &amp#27;[90m&amp#27;[39m
&amp#27;[38;5;0m[HTTP]&amp#27;[0m &amp#27;[37m-->&amp#27;[39m &amp#27;[37mGET&amp#27;[39m &amp#27;[37m/session/32d2a80d-dc78-4f3e-a636-c5413edf6ff7/element/00000000-0000-000c-ffff-ffff0000054f/attribute/selected&amp#27;[39m
&amp#27;[38;5;0m[HTTP]&amp#27;[0m &amp#27;[90m{}&amp#27;[39m
&amp#27;[38;5;32m[AndroidUiautomator2Driver@6457 (32d2a80d)]&amp#27;[0m Calling AppiumDriver.getAttribute() with args: ["selected","00000000-0000-000c-ffff-ffff0000054f","32d2a80d-dc78-4f3e-a636-c5413edf6ff7"]
&amp#27;[38;5;32m[AndroidUiautomator2Driver@6457 (32d2a80d)]&amp#27;[0m Matched '/element/00000000-0000-000c-ffff-ffff0000054f/attribute/selected' to command name 'getAttribute'
&amp#27;[38;5;32m[AndroidUiautomator2Driver@6457 (32d2a80d)]&amp#27;[0m Proxying [GET /element/00000000-0000-000c-ffff-ffff0000054f/attribute/selected] to [GET http://127.0.0.1:8200/session/f5e84c71-f4f7-4f8e-aec7-33a82bd27fec/element/00000000-0000-000c-ffff-ffff0000054f/attribute/selected] with no body
&amp#27;[38;5;32m[AndroidUiautomator2Driver@6457 (32d2a80d)]&amp#27;[0m Got response with status 200: {"sessionId":"f5e84c71-f4f7-4f8e-aec7-33a82bd27fec","value":"true"}
&amp#27;[38;5;32m[AndroidUiautomator2Driver@6457 (32d2a80d)]&amp#27;[0m Responding to client with driver.getAttribute() result: "true"
&amp#27;[38;5;0m[HTTP]&amp#27;[0m &amp#27;[37m<-- GET /session/32d2a80d-dc78-4f3e-a636-c5413edf6ff7/element/00000000-0000-000c-ffff-ffff0000054f/attribute/selected &amp#27;[39m&amp#27;[32m200&amp#27;[39m &amp#27;[90m713 ms - 16&amp#27;[39m
&amp#27;[38;5;0m[HTTP]&amp#27;[0m &amp#27;[90m&amp#27;[39m
&amp#27;[38;5;0m[HTTP]&amp#27;[0m &amp#27;[37m-->&amp#27;[39m &amp#27;[37mGET&amp#27;[39m &amp#27;[37m/session/32d2a80d-dc78-4f3e-a636-c5413edf6ff7/context&amp#27;[39m
&amp#27;[38;5;0m[HTTP]&amp#27;[0m &amp#27;[90m{}&amp#27;[39m
&amp#27;[38;5;32m[AndroidUiautomator2Driver@6457 (32d2a80d)]&amp#27;[0m Calling AppiumDriver.getCurrentContext() with args: ["32d2a80d-dc78-4f3e-a636-c5413edf6ff7"]
&amp#27;[38;5;32m[AndroidUiautomator2Driver@6457 (32d2a80d)]&amp#27;[0m Responding to client with driver.getCurrentContext() result: "NATIVE_APP"
&amp#27;[38;5;0m[HTTP]&amp#27;[0m &amp#27;[37m<-- GET /session/32d2a80d-dc78-4f3e-a636-c5413edf6ff7/context &amp#27;[39m&amp#27;[32m200&amp#27;[39m &amp#27;[90m1 ms - 22&amp#27;[39m
&amp#27;[38;5;0m[HTTP]&amp#27;[0m &amp#27;[90m&amp#27;[39m
&amp#27;[38;5;0m[HTTP]&amp#27;[0m &amp#27;[37m-->&amp#27;[39m &amp#27;[37mPOST&amp#27;[39m &amp#27;[37m/session/32d2a80d-dc78-4f3e-a636-c5413edf6ff7/element&amp#27;[39m
&amp#27;[38;5;0m[HTTP]&amp#27;[0m &amp#27;[90m{"value":"//android.widget.TextView[@text='TEAM STATS']","using":"xpath"}&amp#27;[39m
&amp#27;[38;5;32m[AndroidUiautomator2Driver@6457 (32d2a80d)]&amp#27;[0m Calling AppiumDriver.findElement() with args: ["xpath","//android.widget.TextView[@text='TEAM STATS']","32d2a80d-dc78-4f3e-a636-c5413edf6ff7"]
&amp#27;[38;5;32m[AndroidUiautomator2Driver@6457 (32d2a80d)]&amp#27;[0m Valid locator strategies for this request: xpath, id, class name, accessibility id, css selector, -android uiautomator
&amp#27;[38;5;32m[AndroidUiautomator2Driver@6457 (32d2a80d)]&amp#27;[0m Waiting up to 10000 ms for condition
&amp#27;[38;5;32m[AndroidUiautomator2Driver@6457 (32d2a80d)]&amp#27;[0m Matched '/element' to command name 'findElement'
&amp#27;[38;5;32m[AndroidUiautomator2Driver@6457 (32d2a80d)]&amp#27;[0m Proxying [POST /element] to [POST http://127.0.0.1:8200/session/f5e84c71-f4f7-4f8e-aec7-33a82bd27fec/element] with body: {"strategy":"xpath","selector":"//android.widget.TextView[@text='TEAM STATS']","context":"","multiple":false}
&amp#27;[38;5;32m[AndroidUiautomator2Driver@6457 (32d2a80d)]&amp#27;[0m Got response with status 200: {"sessionId":"f5e84c71-f4f7-4f8e-aec7-33a82bd27fec","value":{"ELEMENT":"00000000-0000-000c-ffff-ffff00000551","element-6066-11e4-a52e-4f735466cecf":"00000000-0000-000c-ffff-ffff00000551"}}
&amp#27;[38;5;32m[AndroidUiautomator2Driver@6457 (32d2a80d)]&amp#27;[0m Responding to client with driver.findElement() result: {"element-6066-11e4-a52e-4f735466cecf":"00000000-0000-000c-ffff-ffff00000551","ELEMENT":"00000000-0000-000c-ffff-ffff00000551"}
&amp#27;[38;5;0m[HTTP]&amp#27;[0m &amp#27;[37m<-- POST /session/32d2a80d-dc78-4f3e-a636-c5413edf6ff7/element &amp#27;[39m&amp#27;[32m200&amp#27;[39m &amp#27;[90m1443 ms - 137&amp#27;[39m
&amp#27;[38;5;0m[HTTP]&amp#27;[0m &amp#27;[90m&amp#27;[39m
&amp#27;[38;5;0m[HTTP]&amp#27;[0m &amp#27;[37m-->&amp#27;[39m &amp#27;[37mGET&amp#27;[39m &amp#27;[37m/session/32d2a80d-dc78-4f3e-a636-c5413edf6ff7/element/00000000-0000-000c-ffff-ffff00000551/text&amp#27;[39m
&amp#27;[38;5;0m[HTTP]&amp#27;[0m &amp#27;[90m{}&amp#27;[39m
&amp#27;[38;5;32m[AndroidUiautomator2Driver@6457 (32d2a80d)]&amp#27;[0m Driver proxy active, passing request on via HTTP proxy
&amp#27;[38;5;32m[AndroidUiautomator2Driver@6457 (32d2a80d)]&amp#27;[0m Matched '/session/32d2a80d-dc78-4f3e-a636-c5413edf6ff7/element/00000000-0000-000c-ffff-ffff00000551/text' to command name 'getText'
&amp#27;[38;5;32m[AndroidUiautomator2Driver@6457 (32d2a80d)]&amp#27;[0m Proxying [GET /session/32d2a80d-dc78-4f3e-a636-c5413edf6ff7/element/00000000-0000-000c-ffff-ffff00000551/text] to [GET http://127.0.0.1:8200/session/f5e84c71-f4f7-4f8e-aec7-33a82bd27fec/element/00000000-0000-000c-ffff-ffff00000551/text] with no body
&amp#27;[38;5;32m[AndroidUiautomator2Driver@6457 (32d2a80d)]&amp#27;[0m Got response with status 200: {"sessionId":"f5e84c71-f4f7-4f8e-aec7-33a82bd27fec","value":"TEAM STATS"}
&amp#27;[38;5;32m[AndroidUiautomator2Driver@6457 (32d2a80d)]&amp#27;[0m Replacing sessionId f5e84c71-f4f7-4f8e-aec7-33a82bd27fec with 32d2a80d-dc78-4f3e-a636-c5413edf6ff7
&amp#27;[38;5;0m[HTTP]&amp#27;[0m &amp#27;[37m<-- GET /session/32d2a80d-dc78-4f3e-a636-c5413edf6ff7/element/00000000-0000-000c-ffff-ffff00000551/text &amp#27;[39m&amp#27;[32m200&amp#27;[39m &amp#27;[90m14 ms - 73&amp#27;[39m
&amp#27;[38;5;0m[HTTP]&amp#27;[0m &amp#27;[90m&amp#27;[39m
&amp#27;[38;5;0m[HTTP]&amp#27;[0m &amp#27;[37m-->&amp#27;[39m &amp#27;[37mGET&amp#27;[39m &amp#27;[37m/session/32d2a80d-dc78-4f3e-a636-c5413edf6ff7/context&amp#27;[39m
&amp#27;[38;5;0m[HTTP]&amp#27;[0m &amp#27;[90m{}&amp#27;[39m
&amp#27;[38;5;32m[AndroidUiautomator2Driver@6457 (32d2a80d)]&amp#27;[0m Calling AppiumDriver.getCurrentContext() with args: ["32d2a80d-dc78-4f3e-a636-c5413edf6ff7"]
&amp#27;[38;5;32m[AndroidUiautomator2Driver@6457 (32d2a80d)]&amp#27;[0m Responding to client with driver.getCurrentContext() result: "NATIVE_APP"
&amp#27;[38;5;0m[HTTP]&amp#27;[0m &amp#27;[37m<-- GET /session/32d2a80d-dc78-4f3e-a636-c5413edf6ff7/context &amp#27;[39m&amp#27;[32m200&amp#27;[39m &amp#27;[90m1 ms - 22&amp#27;[39m
&amp#27;[38;5;0m[HTTP]&amp#27;[0m &amp#27;[90m&amp#27;[39m
&amp#27;[38;5;0m[HTTP]&amp#27;[0m &amp#27;[37m-->&amp#27;[39m &amp#27;[37mPOST&amp#27;[39m &amp#27;[37m/session/32d2a80d-dc78-4f3e-a636-c5413edf6ff7/element&amp#27;[39m
&amp#27;[38;5;0m[HTTP]&amp#27;[0m &amp#27;[90m{"value":"com.fivemobile.thescore:id/team_name","using":"id"}&amp#27;[39m
&amp#27;[38;5;32m[AndroidUiautomator2Driver@6457 (32d2a80d)]&amp#27;[0m Calling AppiumDriver.findElement() with args: ["id","com.fivemobile.thescore:id/team_name","32d2a80d-dc78-4f3e-a636-c5413edf6ff7"]
&amp#27;[38;5;32m[AndroidUiautomator2Driver@6457 (32d2a80d)]&amp#27;[0m Valid locator strategies for this request: xpath, id, class name, accessibility id, css selector, -android uiautomator
&amp#27;[38;5;32m[AndroidUiautomator2Driver@6457 (32d2a80d)]&amp#27;[0m Waiting up to 10000 ms for condition
&amp#27;[38;5;32m[AndroidUiautomator2Driver@6457 (32d2a80d)]&amp#27;[0m Matched '/element' to command name 'findElement'
&amp#27;[38;5;32m[AndroidUiautomator2Driver@6457 (32d2a80d)]&amp#27;[0m Proxying [POST /element] to [POST http://127.0.0.1:8200/session/f5e84c71-f4f7-4f8e-aec7-33a82bd27fec/element] with body: {"strategy":"id","selector":"com.fivemobile.thescore:id/team_name","context":"","multiple":false}
&amp#27;[38;5;32m[AndroidUiautomator2Driver@6457 (32d2a80d)]&amp#27;[0m Got response with status 200: {"sessionId":"f5e84c71-f4f7-4f8e-aec7-33a82bd27fec","value":{"ELEMENT":"00000000-0000-000c-ffff-ffff000004f7","element-6066-11e4-a52e-4f735466cecf":"00000000-0000-000c-ffff-ffff000004f7"}}
&amp#27;[38;5;32m[AndroidUiautomator2Driver@6457 (32d2a80d)]&amp#27;[0m Responding to client with driver.findElement() result: {"element-6066-11e4-a52e-4f735466cecf":"00000000-0000-000c-ffff-ffff000004f7","ELEMENT":"00000000-0000-000c-ffff-ffff000004f7"}
&amp#27;[38;5;0m[HTTP]&amp#27;[0m &amp#27;[37m<-- POST /session/32d2a80d-dc78-4f3e-a636-c5413edf6ff7/element &amp#27;[39m&amp#27;[32m200&amp#27;[39m &amp#27;[90m24 ms - 137&amp#27;[39m
&amp#27;[38;5;0m[HTTP]&amp#27;[0m &amp#27;[90m&amp#27;[39m
&amp#27;[38;5;0m[HTTP]&amp#27;[0m &amp#27;[37m-->&amp#27;[39m &amp#27;[37mGET&amp#27;[39m &amp#27;[37m/session/32d2a80d-dc78-4f3e-a636-c5413edf6ff7/element/00000000-0000-000c-ffff-ffff000004f7/text&amp#27;[39m
&amp#27;[38;5;0m[HTTP]&amp#27;[0m &amp#27;[90m{}&amp#27;[39m
&amp#27;[38;5;32m[AndroidUiautomator2Driver@6457 (32d2a80d)]&amp#27;[0m Driver proxy active, passing request on via HTTP proxy
&amp#27;[38;5;32m[AndroidUiautomator2Driver@6457 (32d2a80d)]&amp#27;[0m Matched '/session/32d2a80d-dc78-4f3e-a636-c5413edf6ff7/element/00000000-0000-000c-ffff-ffff000004f7/text' to command name 'getText'
&amp#27;[38;5;32m[AndroidUiautomator2Driver@6457 (32d2a80d)]&amp#27;[0m Proxying [GET /session/32d2a80d-dc78-4f3e-a636-c5413edf6ff7/element/00000000-0000-000c-ffff-ffff000004f7/text] to [GET http://127.0.0.1:8200/session/f5e84c71-f4f7-4f8e-aec7-33a82bd27fec/element/00000000-0000-000c-ffff-ffff000004f7/text] with no body
&amp#27;[38;5;32m[AndroidUiautomator2Driver@6457 (32d2a80d)]&amp#27;[0m Got response with status 200: {"sessionId":"f5e84c71-f4f7-4f8e-aec7-33a82bd27fec","value":"San Francisco 49ers"}
&amp#27;[38;5;32m[AndroidUiautomator2Driver@6457 (32d2a80d)]&amp#27;[0m Replacing sessionId f5e84c71-f4f7-4f8e-aec7-33a82bd27fec with 32d2a80d-dc78-4f3e-a636-c5413edf6ff7
&amp#27;[38;5;0m[HTTP]&amp#27;[0m &amp#27;[37m<-- GET /session/32d2a80d-dc78-4f3e-a636-c5413edf6ff7/element/00000000-0000-000c-ffff-ffff000004f7/text &amp#27;[39m&amp#27;[32m200&amp#27;[39m &amp#27;[90m12 ms - 82&amp#27;[39m
&amp#27;[38;5;0m[HTTP]&amp#27;[0m &amp#27;[90m&amp#27;[39m
&amp#27;[38;5;0m[HTTP]&amp#27;[0m &amp#27;[37m-->&amp#27;[39m &amp#27;[37mGET&amp#27;[39m &amp#27;[37m/session/32d2a80d-dc78-4f3e-a636-c5413edf6ff7/context&amp#27;[39m
&amp#27;[38;5;0m[HTTP]&amp#27;[0m &amp#27;[90m{}&amp#27;[39m
&amp#27;[38;5;32m[AndroidUiautomator2Driver@6457 (32d2a80d)]&amp#27;[0m Calling AppiumDriver.getCurrentContext() with args: ["32d2a80d-dc78-4f3e-a636-c5413edf6ff7"]
&amp#27;[38;5;32m[AndroidUiautomator2Driver@6457 (32d2a80d)]&amp#27;[0m Responding to client with driver.getCurrentContext() result: "NATIVE_APP"
&amp#27;[38;5;0m[HTTP]&amp#27;[0m &amp#27;[37m<-- GET /session/32d2a80d-dc78-4f3e-a636-c5413edf6ff7/context &amp#27;[39m&amp#27;[32m200&amp#27;[39m &amp#27;[90m1 ms - 22&amp#27;[39m
&amp#27;[38;5;0m[HTTP]&amp#27;[0m &amp#27;[90m&amp#27;[39m
&amp#27;[38;5;0m[HTTP]&amp#27;[0m &amp#27;[37m-->&amp#27;[39m &amp#27;[37mPOST&amp#27;[39m &amp#27;[37m/session/32d2a80d-dc78-4f3e-a636-c5413edf6ff7/elements&amp#27;[39m
&amp#27;[38;5;0m[HTTP]&amp#27;[0m &amp#27;[90m{"value":"com.fivemobile.thescore:id/header_text","using":"id"}&amp#27;[39m
&amp#27;[38;5;32m[AndroidUiautomator2Driver@6457 (32d2a80d)]&amp#27;[0m Calling AppiumDriver.findElements() with args: ["id","com.fivemobile.thescore:id/header_text","32d2a80d-dc78-4f3e-a636-c5413edf6ff7"]
&amp#27;[38;5;32m[AndroidUiautomator2Driver@6457 (32d2a80d)]&amp#27;[0m Valid locator strategies for this request: xpath, id, class name, accessibility id, css selector, -android uiautomator
&amp#27;[38;5;32m[AndroidUiautomator2Driver@6457 (32d2a80d)]&amp#27;[0m Waiting up to 10000 ms for condition
&amp#27;[38;5;32m[AndroidUiautomator2Driver@6457 (32d2a80d)]&amp#27;[0m Matched '/elements' to command name 'findElements'
&amp#27;[38;5;32m[AndroidUiautomator2Driver@6457 (32d2a80d)]&amp#27;[0m Proxying [POST /elements] to [POST http://127.0.0.1:8200/session/f5e84c71-f4f7-4f8e-aec7-33a82bd27fec/elements] with body: {"strategy":"id","selector":"com.fivemobile.thescore:id/header_text","context":"","multiple":true}
&amp#27;[38;5;32m[AndroidUiautomator2Driver@6457 (32d2a80d)]&amp#27;[0m Got response with status 200: {"sessionId":"f5e84c71-f4f7-4f8e-aec7-33a82bd27fec","value":[{"ELEMENT":"00000000-0000-000c-ffff-ffff00000621","element-6066-11e4-a52e-4f735466cecf":"00000000-0000-000c-ffff-ffff00000621"},{"ELEMENT":"00000000-0000-000c-ffff-ffff00000643","element-6066-11e4-a52e-4f735466cecf":"00000000-0000-000c-ffff-ffff00000643"}]}
&amp#27;[38;5;32m[AndroidUiautomator2Driver@6457 (32d2a80d)]&amp#27;[0m Responding to client with driver.findElements() result: [{"element-6066-11e4-a52e-4f735466cecf":"00000000-0000-000c-ffff-ffff00000621","ELEMENT":"00000000-0000-000c-ffff-ffff00000621"},{"element-6066-11e4-a52e-4f735466cecf":"00000000-0000-000c-ffff-ffff00000643","ELEMENT":"00000000-0000-000c-ffff-ffff00000643"}]
&amp#27;[38;5;0m[HTTP]&amp#27;[0m &amp#27;[37m<-- POST /session/32d2a80d-dc78-4f3e-a636-c5413edf6ff7/elements &amp#27;[39m&amp#27;[32m200&amp#27;[39m &amp#27;[90m487 ms - 267&amp#27;[39m
&amp#27;[38;5;0m[HTTP]&amp#27;[0m &amp#27;[90m&amp#27;[39m
&amp#27;[38;5;0m[HTTP]&amp#27;[0m &amp#27;[37m-->&amp#27;[39m &amp#27;[37mGET&amp#27;[39m &amp#27;[37m/session/32d2a80d-dc78-4f3e-a636-c5413edf6ff7/element/00000000-0000-000c-ffff-ffff00000621/text&amp#27;[39m
&amp#27;[38;5;0m[HTTP]&amp#27;[0m &amp#27;[90m{}&amp#27;[39m
&amp#27;[38;5;32m[AndroidUiautomator2Driver@6457 (32d2a80d)]&amp#27;[0m Driver proxy active, passing request on via HTTP proxy
&amp#27;[38;5;32m[AndroidUiautomator2Driver@6457 (32d2a80d)]&amp#27;[0m Matched '/session/32d2a80d-dc78-4f3e-a636-c5413edf6ff7/element/00000000-0000-000c-ffff-ffff00000621/text' to command name 'getText'
&amp#27;[38;5;32m[AndroidUiautomator2Driver@6457 (32d2a80d)]&amp#27;[0m Proxying [GET /session/32d2a80d-dc78-4f3e-a636-c5413edf6ff7/element/00000000-0000-000c-ffff-ffff00000621/text] to [GET http://127.0.0.1:8200/session/f5e84c71-f4f7-4f8e-aec7-33a82bd27fec/element/00000000-0000-000c-ffff-ffff00000621/text] with no body
&amp#27;[38;5;32m[AndroidUiautomator2Driver@6457 (32d2a80d)]&amp#27;[0m Got response with status 200: {"sessionId":"f5e84c71-f4f7-4f8e-aec7-33a82bd27fec","value":"OFFENSE STATS"}
&amp#27;[38;5;32m[AndroidUiautomator2Driver@6457 (32d2a80d)]&amp#27;[0m Replacing sessionId f5e84c71-f4f7-4f8e-aec7-33a82bd27fec with 32d2a80d-dc78-4f3e-a636-c5413edf6ff7
&amp#27;[38;5;0m[HTTP]&amp#27;[0m &amp#27;[37m<-- GET /session/32d2a80d-dc78-4f3e-a636-c5413edf6ff7/element/00000000-0000-000c-ffff-ffff00000621/text &amp#27;[39m&amp#27;[32m200&amp#27;[39m &amp#27;[90m713 ms - 76&amp#27;[39m
&amp#27;[38;5;0m[HTTP]&amp#27;[0m &amp#27;[90m&amp#27;[39m
&amp#27;[38;5;0m[HTTP]&amp#27;[0m &amp#27;[37m-->&amp#27;[39m &amp#27;[37mGET&amp#27;[39m &amp#27;[37m/session/32d2a80d-dc78-4f3e-a636-c5413edf6ff7/context&amp#27;[39m
&amp#27;[38;5;0m[HTTP]&amp#27;[0m &amp#27;[90m{}&amp#27;[39m
&amp#27;[38;5;32m[AndroidUiautomator2Driver@6457 (32d2a80d)]&amp#27;[0m Calling AppiumDriver.getCurrentContext() with args: ["32d2a80d-dc78-4f3e-a636-c5413edf6ff7"]
&amp#27;[38;5;32m[AndroidUiautomator2Driver@6457 (32d2a80d)]&amp#27;[0m Responding to client with driver.getCurrentContext() result: "NATIVE_APP"
&amp#27;[38;5;0m[HTTP]&amp#27;[0m &amp#27;[37m<-- GET /session/32d2a80d-dc78-4f3e-a636-c5413edf6ff7/context &amp#27;[39m&amp#27;[32m200&amp#27;[39m &amp#27;[90m1 ms - 22&amp#27;[39m
&amp#27;[38;5;0m[HTTP]&amp#27;[0m &amp#27;[90m&amp#27;[39m
&amp#27;[38;5;0m[HTTP]&amp#27;[0m &amp#27;[37m-->&amp#27;[39m &amp#27;[37mPOST&amp#27;[39m &amp#27;[37m/session/32d2a80d-dc78-4f3e-a636-c5413edf6ff7/elements&amp#27;[39m
&amp#27;[38;5;0m[HTTP]&amp#27;[0m &amp#27;[90m{"value":"com.fivemobile.thescore:id/header_secondary_text","using":"id"}&amp#27;[39m
&amp#27;[38;5;32m[AndroidUiautomator2Driver@6457 (32d2a80d)]&amp#27;[0m Calling AppiumDriver.findElements() with args: ["id","com.fivemobile.thescore:id/header_secondary_text","32d2a80d-dc78-4f3e-a636-c5413edf6ff7"]
&amp#27;[38;5;32m[AndroidUiautomator2Driver@6457 (32d2a80d)]&amp#27;[0m Valid locator strategies for this request: xpath, id, class name, accessibility id, css selector, -android uiautomator
&amp#27;[38;5;32m[AndroidUiautomator2Driver@6457 (32d2a80d)]&amp#27;[0m Waiting up to 10000 ms for condition
&amp#27;[38;5;32m[AndroidUiautomator2Driver@6457 (32d2a80d)]&amp#27;[0m Matched '/elements' to command name 'findElements'
&amp#27;[38;5;32m[AndroidUiautomator2Driver@6457 (32d2a80d)]&amp#27;[0m Proxying [POST /elements] to [POST http://127.0.0.1:8200/session/f5e84c71-f4f7-4f8e-aec7-33a82bd27fec/elements] with body: {"strategy":"id","selector":"com.fivemobile.thescore:id/header_secondary_text","context":"","multiple":true}
&amp#27;[38;5;32m[AndroidUiautomator2Driver@6457 (32d2a80d)]&amp#27;[0m Got response with status 200: {"sessionId":"f5e84c71-f4f7-4f8e-aec7-33a82bd27fec","value":[{"ELEMENT":"00000000-0000-000c-ffff-ffff00000622","element-6066-11e4-a52e-4f735466cecf":"00000000-0000-000c-ffff-ffff00000622"},{"ELEMENT":"00000000-0000-000c-ffff-ffff00000644","element-6066-11e4-a52e-4f735466cecf":"00000000-0000-000c-ffff-ffff00000644"}]}
&amp#27;[38;5;32m[AndroidUiautomator2Driver@6457 (32d2a80d)]&amp#27;[0m Responding to client with driver.findElements() result: [{"element-6066-11e4-a52e-4f735466cecf":"00000000-0000-000c-ffff-ffff00000622","ELEMENT":"00000000-0000-000c-ffff-ffff00000622"},{"element-6066-11e4-a52e-4f735466cecf":"00000000-0000-000c-ffff-ffff00000644","ELEMENT":"00000000-0000-000c-ffff-ffff00000644"}]
&amp#27;[38;5;0m[HTTP]&amp#27;[0m &amp#27;[37m<-- POST /session/32d2a80d-dc78-4f3e-a636-c5413edf6ff7/elements &amp#27;[39m&amp#27;[32m200&amp#27;[39m &amp#27;[90m125 ms - 267&amp#27;[39m
&amp#27;[38;5;0m[HTTP]&amp#27;[0m &amp#27;[90m&amp#27;[39m
&amp#27;[38;5;0m[HTTP]&amp#27;[0m &amp#27;[37m-->&amp#27;[39m &amp#27;[37mGET&amp#27;[39m &amp#27;[37m/session/32d2a80d-dc78-4f3e-a636-c5413edf6ff7/element/00000000-0000-000c-ffff-ffff00000622/text&amp#27;[39m
&amp#27;[38;5;0m[HTTP]&amp#27;[0m &amp#27;[90m{}&amp#27;[39m
&amp#27;[38;5;32m[AndroidUiautomator2Driver@6457 (32d2a80d)]&amp#27;[0m Driver proxy active, passing request on via HTTP proxy
&amp#27;[38;5;32m[AndroidUiautomator2Driver@6457 (32d2a80d)]&amp#27;[0m Matched '/session/32d2a80d-dc78-4f3e-a636-c5413edf6ff7/element/00000000-0000-000c-ffff-ffff00000622/text' to command name 'getText'
&amp#27;[38;5;32m[AndroidUiautomator2Driver@6457 (32d2a80d)]&amp#27;[0m Proxying [GET /session/32d2a80d-dc78-4f3e-a636-c5413edf6ff7/element/00000000-0000-000c-ffff-ffff00000622/text] to [GET http://127.0.0.1:8200/session/f5e84c71-f4f7-4f8e-aec7-33a82bd27fec/element/00000000-0000-000c-ffff-ffff00000622/text] with no body
&amp#27;[38;5;32m[AndroidUiautomator2Driver@6457 (32d2a80d)]&amp#27;[0m Got response with status 200: {"sessionId":"f5e84c71-f4f7-4f8e-aec7-33a82bd27fec","value":"(RANK)"}
&amp#27;[38;5;32m[AndroidUiautomator2Driver@6457 (32d2a80d)]&amp#27;[0m Replacing sessionId f5e84c71-f4f7-4f8e-aec7-33a82bd27fec with 32d2a80d-dc78-4f3e-a636-c5413edf6ff7
&amp#27;[38;5;0m[HTTP]&amp#27;[0m &amp#27;[37m<-- GET /session/32d2a80d-dc78-4f3e-a636-c5413edf6ff7/element/00000000-0000-000c-ffff-ffff00000622/text &amp#27;[39m&amp#27;[32m200&amp#27;[39m &amp#27;[90m12 ms - 69&amp#27;[39m
&amp#27;[38;5;0m[HTTP]&amp#27;[0m &amp#27;[90m&amp#27;[39m
&amp#27;[38;5;0m[HTTP]&amp#27;[0m &amp#27;[37m-->&amp#27;[39m &amp#27;[37mGET&amp#27;[39m &amp#27;[37m/session/32d2a80d-dc78-4f3e-a636-c5413edf6ff7/context&amp#27;[39m
&amp#27;[38;5;0m[HTTP]&amp#27;[0m &amp#27;[90m{}&amp#27;[39m
&amp#27;[38;5;32m[AndroidUiautomator2Driver@6457 (32d2a80d)]&amp#27;[0m Calling AppiumDriver.getCurrentContext() with args: ["32d2a80d-dc78-4f3e-a636-c5413edf6ff7"]
&amp#27;[38;5;32m[AndroidUiautomator2Driver@6457 (32d2a80d)]&amp#27;[0m Responding to client with driver.getCurrentContext() result: "NATIVE_APP"
&amp#27;[38;5;0m[HTTP]&amp#27;[0m &amp#27;[37m<-- GET /session/32d2a80d-dc78-4f3e-a636-c5413edf6ff7/context &amp#27;[39m&amp#27;[32m200&amp#27;[39m &amp#27;[90m1 ms - 22&amp#27;[39m
&amp#27;[38;5;0m[HTTP]&amp#27;[0m &amp#27;[90m&amp#27;[39m
&amp#27;[38;5;0m[HTTP]&amp#27;[0m &amp#27;[37m-->&amp#27;[39m &amp#27;[37mPOST&amp#27;[39m &amp#27;[37m/session/32d2a80d-dc78-4f3e-a636-c5413edf6ff7/elements&amp#27;[39m
&amp#27;[38;5;0m[HTTP]&amp#27;[0m &amp#27;[90m{"value":"com.fivemobile.thescore:id/header_text","using":"id"}&amp#27;[39m
&amp#27;[38;5;32m[AndroidUiautomator2Driver@6457 (32d2a80d)]&amp#27;[0m Calling AppiumDriver.findElements() with args: ["id","com.fivemobile.thescore:id/header_text","32d2a80d-dc78-4f3e-a636-c5413edf6ff7"]
&amp#27;[38;5;32m[AndroidUiautomator2Driver@6457 (32d2a80d)]&amp#27;[0m Valid locator strategies for this request: xpath, id, class name, accessibility id, css selector, -android uiautomator
&amp#27;[38;5;32m[AndroidUiautomator2Driver@6457 (32d2a80d)]&amp#27;[0m Waiting up to 10000 ms for condition
&amp#27;[38;5;32m[AndroidUiautomator2Driver@6457 (32d2a80d)]&amp#27;[0m Matched '/elements' to command name 'findElements'
&amp#27;[38;5;32m[AndroidUiautomator2Driver@6457 (32d2a80d)]&amp#27;[0m Proxying [POST /elements] to [POST http://127.0.0.1:8200/session/f5e84c71-f4f7-4f8e-aec7-33a82bd27fec/elements] with body: {"strategy":"id","selector":"com.fivemobile.thescore:id/header_text","context":"","multiple":true}
&amp#27;[38;5;32m[AndroidUiautomator2Driver@6457 (32d2a80d)]&amp#27;[0m Got response with status 200: {"sessionId":"f5e84c71-f4f7-4f8e-aec7-33a82bd27fec","value":[{"ELEMENT":"00000000-0000-000c-ffff-ffff00000621","element-6066-11e4-a52e-4f735466cecf":"00000000-0000-000c-ffff-ffff00000621"},{"ELEMENT":"00000000-0000-000c-ffff-ffff00000643","element-6066-11e4-a52e-4f735466cecf":"00000000-0000-000c-ffff-ffff00000643"}]}
&amp#27;[38;5;32m[AndroidUiautomator2Driver@6457 (32d2a80d)]&amp#27;[0m Responding to client with driver.findElements() result: [{"element-6066-11e4-a52e-4f735466cecf":"00000000-0000-000c-ffff-ffff00000621","ELEMENT":"00000000-0000-000c-ffff-ffff00000621"},{"element-6066-11e4-a52e-4f735466cecf":"00000000-0000-000c-ffff-ffff00000643","ELEMENT":"00000000-0000-000c-ffff-ffff00000643"}]
&amp#27;[38;5;0m[HTTP]&amp#27;[0m &amp#27;[37m<-- POST /session/32d2a80d-dc78-4f3e-a636-c5413edf6ff7/elements &amp#27;[39m&amp#27;[32m200&amp#27;[39m &amp#27;[90m119 ms - 267&amp#27;[39m
&amp#27;[38;5;0m[HTTP]&amp#27;[0m &amp#27;[90m&amp#27;[39m
&amp#27;[38;5;0m[HTTP]&amp#27;[0m &amp#27;[37m-->&amp#27;[39m &amp#27;[37mGET&amp#27;[39m &amp#27;[37m/session/32d2a80d-dc78-4f3e-a636-c5413edf6ff7/element/00000000-0000-000c-ffff-ffff00000643/text&amp#27;[39m
&amp#27;[38;5;0m[HTTP]&amp#27;[0m &amp#27;[90m{}&amp#27;[39m
&amp#27;[38;5;32m[AndroidUiautomator2Driver@6457 (32d2a80d)]&amp#27;[0m Driver proxy active, passing request on via HTTP proxy
&amp#27;[38;5;32m[AndroidUiautomator2Driver@6457 (32d2a80d)]&amp#27;[0m Matched '/session/32d2a80d-dc78-4f3e-a636-c5413edf6ff7/element/00000000-0000-000c-ffff-ffff00000643/text' to command name 'getText'
&amp#27;[38;5;32m[AndroidUiautomator2Driver@6457 (32d2a80d)]&amp#27;[0m Proxying [GET /session/32d2a80d-dc78-4f3e-a636-c5413edf6ff7/element/00000000-0000-000c-ffff-ffff00000643/text] to [GET http://127.0.0.1:8200/session/f5e84c71-f4f7-4f8e-aec7-33a82bd27fec/element/00000000-0000-000c-ffff-ffff00000643/text] with no body
&amp#27;[38;5;32m[AndroidUiautomator2Driver@6457 (32d2a80d)]&amp#27;[0m Got response with status 200: {"sessionId":"f5e84c71-f4f7-4f8e-aec7-33a82bd27fec","value":"DEFENSE STATS"}
&amp#27;[38;5;32m[AndroidUiautomator2Driver@6457 (32d2a80d)]&amp#27;[0m Replacing sessionId f5e84c71-f4f7-4f8e-aec7-33a82bd27fec with 32d2a80d-dc78-4f3e-a636-c5413edf6ff7
&amp#27;[38;5;0m[HTTP]&amp#27;[0m &amp#27;[37m<-- GET /session/32d2a80d-dc78-4f3e-a636-c5413edf6ff7/element/00000000-0000-000c-ffff-ffff00000643/text &amp#27;[39m&amp#27;[32m200&amp#27;[39m &amp#27;[90m11 ms - 76&amp#27;[39m
&amp#27;[38;5;0m[HTTP]&amp#27;[0m &amp#27;[90m&amp#27;[39m
&amp#27;[38;5;0m[HTTP]&amp#27;[0m &amp#27;[37m-->&amp#27;[39m &amp#27;[37mGET&amp#27;[39m &amp#27;[37m/session/32d2a80d-dc78-4f3e-a636-c5413edf6ff7/context&amp#27;[39m
&amp#27;[38;5;0m[HTTP]&amp#27;[0m &amp#27;[90m{}&amp#27;[39m
&amp#27;[38;5;32m[AndroidUiautomator2Driver@6457 (32d2a80d)]&amp#27;[0m Calling AppiumDriver.getCurrentContext() with args: ["32d2a80d-dc78-4f3e-a636-c5413edf6ff7"]
&amp#27;[38;5;32m[AndroidUiautomator2Driver@6457 (32d2a80d)]&amp#27;[0m Responding to client with driver.getCurrentContext() result: "NATIVE_APP"
&amp#27;[38;5;0m[HTTP]&amp#27;[0m &amp#27;[37m<-- GET /session/32d2a80d-dc78-4f3e-a636-c5413edf6ff7/context &amp#27;[39m&amp#27;[32m200&amp#27;[39m &amp#27;[90m1 ms - 22&amp#27;[39m
&amp#27;[38;5;0m[HTTP]&amp#27;[0m &amp#27;[90m&amp#27;[39m
&amp#27;[38;5;0m[HTTP]&amp#27;[0m &amp#27;[37m-->&amp#27;[39m &amp#27;[37mPOST&amp#27;[39m &amp#27;[37m/session/32d2a80d-dc78-4f3e-a636-c5413edf6ff7/elements&amp#27;[39m
&amp#27;[38;5;0m[HTTP]&amp#27;[0m &amp#27;[90m{"value":"com.fivemobile.thescore:id/header_secondary_text","using":"id"}&amp#27;[39m
&amp#27;[38;5;32m[AndroidUiautomator2Driver@6457 (32d2a80d)]&amp#27;[0m Calling AppiumDriver.findElements() with args: ["id","com.fivemobile.thescore:id/header_secondary_text","32d2a80d-dc78-4f3e-a636-c5413edf6ff7"]
&amp#27;[38;5;32m[AndroidUiautomator2Driver@6457 (32d2a80d)]&amp#27;[0m Valid locator strategies for this request: xpath, id, class name, accessibility id, css selector, -android uiautomator
&amp#27;[38;5;32m[AndroidUiautomator2Driver@6457 (32d2a80d)]&amp#27;[0m Waiting up to 10000 ms for condition
&amp#27;[38;5;32m[AndroidUiautomator2Driver@6457 (32d2a80d)]&amp#27;[0m Matched '/elements' to command name 'findElements'
&amp#27;[38;5;32m[AndroidUiautomator2Driver@6457 (32d2a80d)]&amp#27;[0m Proxying [POST /elements] to [POST http://127.0.0.1:8200/session/f5e84c71-f4f7-4f8e-aec7-33a82bd27fec/elements] with body: {"strategy":"id","selector":"com.fivemobile.thescore:id/header_secondary_text","context":"","multiple":true}
&amp#27;[38;5;32m[AndroidUiautomator2Driver@6457 (32d2a80d)]&amp#27;[0m Got response with status 200: {"sessionId":"f5e84c71-f4f7-4f8e-aec7-33a82bd27fec","value":[{"ELEMENT":"00000000-0000-000c-ffff-ffff00000622","element-6066-11e4-a52e-4f735466cecf":"00000000-0000-000c-ffff-ffff00000622"},{"ELEMENT":"00000000-0000-000c-ffff-ffff00000644","element-6066-11e4-a52e-4f735466cecf":"00000000-0000-000c-ffff-ffff00000644"}]}
&amp#27;[38;5;32m[AndroidUiautomator2Driver@6457 (32d2a80d)]&amp#27;[0m Responding to client with driver.findElements() result: [{"element-6066-11e4-a52e-4f735466cecf":"00000000-0000-000c-ffff-ffff00000622","ELEMENT":"00000000-0000-000c-ffff-ffff00000622"},{"element-6066-11e4-a52e-4f735466cecf":"00000000-0000-000c-ffff-ffff00000644","ELEMENT":"00000000-0000-000c-ffff-ffff00000644"}]
&amp#27;[38;5;0m[HTTP]&amp#27;[0m &amp#27;[37m<-- POST /session/32d2a80d-dc78-4f3e-a636-c5413edf6ff7/elements &amp#27;[39m&amp#27;[32m200&amp#27;[39m &amp#27;[90m135 ms - 267&amp#27;[39m
&amp#27;[38;5;0m[HTTP]&amp#27;[0m &amp#27;[90m&amp#27;[39m
&amp#27;[38;5;0m[HTTP]&amp#27;[0m &amp#27;[37m-->&amp#27;[39m &amp#27;[37mGET&amp#27;[39m &amp#27;[37m/session/32d2a80d-dc78-4f3e-a636-c5413edf6ff7/element/00000000-0000-000c-ffff-ffff00000644/text&amp#27;[39m
&amp#27;[38;5;0m[HTTP]&amp#27;[0m &amp#27;[90m{}&amp#27;[39m
&amp#27;[38;5;32m[AndroidUiautomator2Driver@6457 (32d2a80d)]&amp#27;[0m Driver proxy active, passing request on via HTTP proxy
&amp#27;[38;5;32m[AndroidUiautomator2Driver@6457 (32d2a80d)]&amp#27;[0m Matched '/session/32d2a80d-dc78-4f3e-a636-c5413edf6ff7/element/00000000-0000-000c-ffff-ffff00000644/text' to command name 'getText'
&amp#27;[38;5;32m[AndroidUiautomator2Driver@6457 (32d2a80d)]&amp#27;[0m Proxying [GET /session/32d2a80d-dc78-4f3e-a636-c5413edf6ff7/element/00000000-0000-000c-ffff-ffff00000644/text] to [GET http://127.0.0.1:8200/session/f5e84c71-f4f7-4f8e-aec7-33a82bd27fec/element/00000000-0000-000c-ffff-ffff00000644/text] with no body
&amp#27;[38;5;32m[AndroidUiautomator2Driver@6457 (32d2a80d)]&amp#27;[0m Got response with status 200: {"sessionId":"f5e84c71-f4f7-4f8e-aec7-33a82bd27fec","value":"(RANK)"}
&amp#27;[38;5;32m[AndroidUiautomator2Driver@6457 (32d2a80d)]&amp#27;[0m Replacing sessionId f5e84c71-f4f7-4f8e-aec7-33a82bd27fec with 32d2a80d-dc78-4f3e-a636-c5413edf6ff7
&amp#27;[38;5;0m[HTTP]&amp#27;[0m &amp#27;[37m<-- GET /session/32d2a80d-dc78-4f3e-a636-c5413edf6ff7/element/00000000-0000-000c-ffff-ffff00000644/text &amp#27;[39m&amp#27;[32m200&amp#27;[39m &amp#27;[90m81 ms - 69&amp#27;[39m
&amp#27;[38;5;0m[HTTP]&amp#27;[0m &amp#27;[90m&amp#27;[39m
&amp#27;[38;5;0m[HTTP]&amp#27;[0m &amp#27;[37m-->&amp#27;[39m &amp#27;[37mPOST&amp#27;[39m &amp#27;[37m/session/32d2a80d-dc78-4f3e-a636-c5413edf6ff7/execute/sync&amp#27;[39m
&amp#27;[38;5;0m[HTTP]&amp#27;[0m &amp#27;[90m{"args":[{"width":600,"top":500,"left":500,"percent":25,"height":600,"direction":"down"}],"script":"mobile: scrollGesture"}&amp#27;[39m
&amp#27;[38;5;32m[AndroidUiautomator2Driver@6457 (32d2a80d)]&amp#27;[0m Calling AppiumDriver.execute() with args: ["mobile: scrollGesture",[{"width":600,"top":500,"left":500,"percent":25,"height":600,"direction":"down"}],"32d2a80d-dc78-4f3e-a636-c5413edf6ff7"]
&amp#27;[38;5;32m[AndroidUiautomator2Driver@6457 (32d2a80d)]&amp#27;[0m Executing method 'mobile: scrollGesture'
&amp#27;[38;5;32m[AndroidUiautomator2Driver@6457 (32d2a80d)]&amp#27;[0m Proxying [POST /appium/gestures/scroll] to [POST http://127.0.0.1:8200/session/f5e84c71-f4f7-4f8e-aec7-33a82bd27fec/appium/gestures/scroll] with body: {"area":{"left":500,"top":500,"width":600,"height":600},"direction":"down","percent":25}
&amp#27;[38;5;32m[AndroidUiautomator2Driver@6457 (32d2a80d)]&amp#27;[0m Got response with status 200: {"sessionId":"f5e84c71-f4f7-4f8e-aec7-33a82bd27fec","value":false}
&amp#27;[38;5;32m[AndroidUiautomator2Driver@6457 (32d2a80d)]&amp#27;[0m Responding to client with driver.execute() result: false
&amp#27;[38;5;0m[HTTP]&amp#27;[0m &amp#27;[37m<-- POST /session/32d2a80d-dc78-4f3e-a636-c5413edf6ff7/execute/sync &amp#27;[39m&amp#27;[32m200&amp#27;[39m &amp#27;[90m568 ms - 15&amp#27;[39m
&amp#27;[38;5;0m[HTTP]&amp#27;[0m &amp#27;[90m&amp#27;[39m
&amp#27;[38;5;0m[HTTP]&amp#27;[0m &amp#27;[37m-->&amp#27;[39m &amp#27;[37mGET&amp#27;[39m &amp#27;[37m/session/32d2a80d-dc78-4f3e-a636-c5413edf6ff7/context&amp#27;[39m
&amp#27;[38;5;0m[HTTP]&amp#27;[0m &amp#27;[90m{}&amp#27;[39m
&amp#27;[38;5;32m[AndroidUiautomator2Driver@6457 (32d2a80d)]&amp#27;[0m Calling AppiumDriver.getCurrentContext() with args: ["32d2a80d-dc78-4f3e-a636-c5413edf6ff7"]
&amp#27;[38;5;32m[AndroidUiautomator2Driver@6457 (32d2a80d)]&amp#27;[0m Responding to client with driver.getCurrentContext() result: "NATIVE_APP"
&amp#27;[38;5;0m[HTTP]&amp#27;[0m &amp#27;[37m<-- GET /session/32d2a80d-dc78-4f3e-a636-c5413edf6ff7/context &amp#27;[39m&amp#27;[32m200&amp#27;[39m &amp#27;[90m1 ms - 22&amp#27;[39m
&amp#27;[38;5;0m[HTTP]&amp#27;[0m &amp#27;[90m&amp#27;[39m
&amp#27;[38;5;0m[HTTP]&amp#27;[0m &amp#27;[37m-->&amp#27;[39m &amp#27;[37mPOST&amp#27;[39m &amp#27;[37m/session/32d2a80d-dc78-4f3e-a636-c5413edf6ff7/elements&amp#27;[39m
&amp#27;[38;5;0m[HTTP]&amp#27;[0m &amp#27;[90m{"value":"com.fivemobile.thescore:id/text_category_name","using":"id"}&amp#27;[39m
&amp#27;[38;5;32m[AndroidUiautomator2Driver@6457 (32d2a80d)]&amp#27;[0m Calling AppiumDriver.findElements() with args: ["id","com.fivemobile.thescore:id/text_category_name","32d2a80d-dc78-4f3e-a636-c5413edf6ff7"]
&amp#27;[38;5;32m[AndroidUiautomator2Driver@6457 (32d2a80d)]&amp#27;[0m Valid locator strategies for this request: xpath, id, class name, accessibility id, css selector, -android uiautomator
&amp#27;[38;5;32m[AndroidUiautomator2Driver@6457 (32d2a80d)]&amp#27;[0m Waiting up to 10000 ms for condition
&amp#27;[38;5;32m[AndroidUiautomator2Driver@6457 (32d2a80d)]&amp#27;[0m Matched '/elements' to command name 'findElements'
&amp#27;[38;5;32m[AndroidUiautomator2Driver@6457 (32d2a80d)]&amp#27;[0m Proxying [POST /elements] to [POST http://127.0.0.1:8200/session/f5e84c71-f4f7-4f8e-aec7-33a82bd27fec/elements] with body: {"strategy":"id","selector":"com.fivemobile.thescore:id/text_category_name","context":"","multiple":true}
&amp#27;[38;5;32m[AndroidUiautomator2Driver@6457 (32d2a80d)]&amp#27;[0m Got response with status 200: {"sessionId":"f5e84c71-f4f7-4f8e-aec7-33a82bd27fec","value":[{"ELEMENT":"00000000-0000-000c-ffff-ffff00000625","element-6066-11e4-a52e-4f735466cecf":"00000000-0000-000c-ffff-ffff00000625"},{"ELEMENT":"00000000-0000-000c-ffff-ffff0000062b","element-6066-11e4-a52e-4f735466cecf":"00000000-0000-000c-ffff-ffff0000062b"},{"ELEMENT":"00000000-0000-000c-ffff-ffff00000631","element-6066-11e4-a52e-4f735466cecf":"00000000-0000-000c-ffff-ffff00000631"},{"ELEMENT":"00000000-0000-000c-ffff-ffff00000637","element-6066-11e4-a52e-4f735466cecf":"00000000-0000-000c-ffff-ffff00000637"},{"ELEMENT":"00000000-0000-000c-ffff-ffff0000063d","element-6066-11e4-a52e-4f735466cecf":"00000000-0000-000c-ffff-ffff0000063d"},{"ELEMENT":"00000000-0000-000c-ffff-ffff00000647","element-6066-11e4-a52e-4f735466cecf":"00000000-0000-000c-ffff-ffff00000647"},{"ELEMENT":"00000000-0000-000c-ffff-ffff0000064d","element-6066-11e4-a52e-4f735466cecf":"00000000-0000-000c-ffff-ffff0000064d"},{"ELEMENT":"00000000-0000-000c-ffff-ffff00000653","element-6066-...
&amp#27;[38;5;32m[AndroidUiautomator2Driver@6457 (32d2a80d)]&amp#27;[0m Responding to client with driver.findElements() result: [{"element-6066-11e4-a52e-4f735466cecf":"00000000-0000-000c-ffff-ffff00000625","ELEMENT":"00000000-0000-000c-ffff-ffff00000625"},{"element-6066-11e4-a52e-4f735466cecf":"00000000-0000-000c-ffff-ffff0000062b","ELEMENT":"00000000-0000-000c-ffff-ffff0000062b"},{"element-6066-11e4-a52e-4f735466cecf":"00000000-0000-000c-ffff-ffff00000631","ELEMENT":"00000000-0000-000c-ffff-ffff00000631"},{"element-6066-11e4-a52e-4f735466cecf":"00000000-0000-000c-ffff-ffff00000637","ELEMENT":"00000000-0000-000c-ffff-ffff00000637"},{"element-6066-11e4-a52e-4f735466cecf":"00000000-0000-000c-ffff-ffff0000063d","ELEMENT":"00000000-0000-000c-ffff-ffff0000063d"},{"element-6066-11e4-a52e-4f735466cecf":"00000000-0000-000c-ffff-ffff00000647","ELEMENT":"00000000-0000-000c-ffff-ffff00000647"},{"element-6066-11e4-a52e-4f735466cecf":"00000000-0000-000c-ffff-ffff0000064d","ELEMENT":"00000000-0000-000c-ffff-ffff0000064d"},{"element-6066-11e4-a52e-4f735466cecf":"00000000-0000-000c-ffff-ffff00000653","ELEMENT":"00000000-0000-000c-ffff-ffff0000065...
&amp#27;[38;5;0m[HTTP]&amp#27;[0m &amp#27;[37m<-- POST /session/32d2a80d-dc78-4f3e-a636-c5413edf6ff7/elements &amp#27;[39m&amp#27;[32m200&amp#27;[39m &amp#27;[90m361 ms - 1291&amp#27;[39m
&amp#27;[38;5;0m[HTTP]&amp#27;[0m &amp#27;[90m&amp#27;[39m
&amp#27;[38;5;0m[HTTP]&amp#27;[0m &amp#27;[37m-->&amp#27;[39m &amp#27;[37mGET&amp#27;[39m &amp#27;[37m/session/32d2a80d-dc78-4f3e-a636-c5413edf6ff7/context&amp#27;[39m
&amp#27;[38;5;0m[HTTP]&amp#27;[0m &amp#27;[90m{}&amp#27;[39m
&amp#27;[38;5;32m[AndroidUiautomator2Driver@6457 (32d2a80d)]&amp#27;[0m Calling AppiumDriver.getCurrentContext() with args: ["32d2a80d-dc78-4f3e-a636-c5413edf6ff7"]
&amp#27;[38;5;32m[AndroidUiautomator2Driver@6457 (32d2a80d)]&amp#27;[0m Responding to client with driver.getCurrentContext() result: "NATIVE_APP"
&amp#27;[38;5;0m[HTTP]&amp#27;[0m &amp#27;[37m<-- GET /session/32d2a80d-dc78-4f3e-a636-c5413edf6ff7/context &amp#27;[39m&amp#27;[32m200&amp#27;[39m &amp#27;[90m1 ms - 22&amp#27;[39m
&amp#27;[38;5;0m[HTTP]&amp#27;[0m &amp#27;[90m&amp#27;[39m
&amp#27;[38;5;0m[HTTP]&amp#27;[0m &amp#27;[37m-->&amp#27;[39m &amp#27;[37mPOST&amp#27;[39m &amp#27;[37m/session/32d2a80d-dc78-4f3e-a636-c5413edf6ff7/elements&amp#27;[39m
&amp#27;[38;5;0m[HTTP]&amp#27;[0m &amp#27;[90m{"value":"com.fivemobile.thescore:id/text_category_name","using":"id"}&amp#27;[39m
&amp#27;[38;5;32m[AndroidUiautomator2Driver@6457 (32d2a80d)]&amp#27;[0m Calling AppiumDriver.findElements() with args: ["id","com.fivemobile.thescore:id/text_category_name","32d2a80d-dc78-4f3e-a636-c5413edf6ff7"]
&amp#27;[38;5;32m[AndroidUiautomator2Driver@6457 (32d2a80d)]&amp#27;[0m Valid locator strategies for this request: xpath, id, class name, accessibility id, css selector, -android uiautomator
&amp#27;[38;5;32m[AndroidUiautomator2Driver@6457 (32d2a80d)]&amp#27;[0m Waiting up to 10000 ms for condition
&amp#27;[38;5;32m[AndroidUiautomator2Driver@6457 (32d2a80d)]&amp#27;[0m Matched '/elements' to command name 'findElements'
&amp#27;[38;5;32m[AndroidUiautomator2Driver@6457 (32d2a80d)]&amp#27;[0m Proxying [POST /elements] to [POST http://127.0.0.1:8200/session/f5e84c71-f4f7-4f8e-aec7-33a82bd27fec/elements] with body: {"strategy":"id","selector":"com.fivemobile.thescore:id/text_category_name","context":"","multiple":true}
&amp#27;[38;5;32m[AndroidUiautomator2Driver@6457 (32d2a80d)]&amp#27;[0m Got response with status 200: {"sessionId":"f5e84c71-f4f7-4f8e-aec7-33a82bd27fec","value":[{"ELEMENT":"00000000-0000-000c-ffff-ffff00000625","element-6066-11e4-a52e-4f735466cecf":"00000000-0000-000c-ffff-ffff00000625"},{"ELEMENT":"00000000-0000-000c-ffff-ffff0000062b","element-6066-11e4-a52e-4f735466cecf":"00000000-0000-000c-ffff-ffff0000062b"},{"ELEMENT":"00000000-0000-000c-ffff-ffff00000631","element-6066-11e4-a52e-4f735466cecf":"00000000-0000-000c-ffff-ffff00000631"},{"ELEMENT":"00000000-0000-000c-ffff-ffff00000637","element-6066-11e4-a52e-4f735466cecf":"00000000-0000-000c-ffff-ffff00000637"},{"ELEMENT":"00000000-0000-000c-ffff-ffff0000063d","element-6066-11e4-a52e-4f735466cecf":"00000000-0000-000c-ffff-ffff0000063d"},{"ELEMENT":"00000000-0000-000c-ffff-ffff00000647","element-6066-11e4-a52e-4f735466cecf":"00000000-0000-000c-ffff-ffff00000647"},{"ELEMENT":"00000000-0000-000c-ffff-ffff0000064d","element-6066-11e4-a52e-4f735466cecf":"00000000-0000-000c-ffff-ffff0000064d"},{"ELEMENT":"00000000-0000-000c-ffff-ffff00000653","element-6066-...
&amp#27;[38;5;32m[AndroidUiautomator2Driver@6457 (32d2a80d)]&amp#27;[0m Responding to client with driver.findElements() result: [{"element-6066-11e4-a52e-4f735466cecf":"00000000-0000-000c-ffff-ffff00000625","ELEMENT":"00000000-0000-000c-ffff-ffff00000625"},{"element-6066-11e4-a52e-4f735466cecf":"00000000-0000-000c-ffff-ffff0000062b","ELEMENT":"00000000-0000-000c-ffff-ffff0000062b"},{"element-6066-11e4-a52e-4f735466cecf":"00000000-0000-000c-ffff-ffff00000631","ELEMENT":"00000000-0000-000c-ffff-ffff00000631"},{"element-6066-11e4-a52e-4f735466cecf":"00000000-0000-000c-ffff-ffff00000637","ELEMENT":"00000000-0000-000c-ffff-ffff00000637"},{"element-6066-11e4-a52e-4f735466cecf":"00000000-0000-000c-ffff-ffff0000063d","ELEMENT":"00000000-0000-000c-ffff-ffff0000063d"},{"element-6066-11e4-a52e-4f735466cecf":"00000000-0000-000c-ffff-ffff00000647","ELEMENT":"00000000-0000-000c-ffff-ffff00000647"},{"element-6066-11e4-a52e-4f735466cecf":"00000000-0000-000c-ffff-ffff0000064d","ELEMENT":"00000000-0000-000c-ffff-ffff0000064d"},{"element-6066-11e4-a52e-4f735466cecf":"00000000-0000-000c-ffff-ffff00000653","ELEMENT":"00000000-0000-000c-ffff-ffff0000065...
&amp#27;[38;5;0m[HTTP]&amp#27;[0m &amp#27;[37m<-- POST /session/32d2a80d-dc78-4f3e-a636-c5413edf6ff7/elements &amp#27;[39m&amp#27;[32m200&amp#27;[39m &amp#27;[90m192 ms - 1291&amp#27;[39m
&amp#27;[38;5;0m[HTTP]&amp#27;[0m &amp#27;[90m&amp#27;[39m
&amp#27;[38;5;0m[HTTP]&amp#27;[0m &amp#27;[37m-->&amp#27;[39m &amp#27;[37mGET&amp#27;[39m &amp#27;[37m/session/32d2a80d-dc78-4f3e-a636-c5413edf6ff7/element/00000000-0000-000c-ffff-ffff00000625/text&amp#27;[39m
&amp#27;[38;5;0m[HTTP]&amp#27;[0m &amp#27;[90m{}&amp#27;[39m
&amp#27;[38;5;32m[AndroidUiautomator2Driver@6457 (32d2a80d)]&amp#27;[0m Driver proxy active, passing request on via HTTP proxy
&amp#27;[38;5;32m[AndroidUiautomator2Driver@6457 (32d2a80d)]&amp#27;[0m Matched '/session/32d2a80d-dc78-4f3e-a636-c5413edf6ff7/element/00000000-0000-000c-ffff-ffff00000625/text' to command name 'getText'
&amp#27;[38;5;32m[AndroidUiautomator2Driver@6457 (32d2a80d)]&amp#27;[0m Proxying [GET /session/32d2a80d-dc78-4f3e-a636-c5413edf6ff7/element/00000000-0000-000c-ffff-ffff00000625/text] to [GET http://127.0.0.1:8200/session/f5e84c71-f4f7-4f8e-aec7-33a82bd27fec/element/00000000-0000-000c-ffff-ffff00000625/text] with no body
&amp#27;[38;5;32m[AndroidUiautomator2Driver@6457 (32d2a80d)]&amp#27;[0m Got response with status 200: {"sessionId":"f5e84c71-f4f7-4f8e-aec7-33a82bd27fec","value":"Total Yards"}
&amp#27;[38;5;32m[AndroidUiautomator2Driver@6457 (32d2a80d)]&amp#27;[0m Replacing sessionId f5e84c71-f4f7-4f8e-aec7-33a82bd27fec with 32d2a80d-dc78-4f3e-a636-c5413edf6ff7
&amp#27;[38;5;0m[HTTP]&amp#27;[0m &amp#27;[37m<-- GET /session/32d2a80d-dc78-4f3e-a636-c5413edf6ff7/element/00000000-0000-000c-ffff-ffff00000625/text &amp#27;[39m&amp#27;[32m200&amp#27;[39m &amp#27;[90m15 ms - 74&amp#27;[39m
&amp#27;[38;5;0m[HTTP]&amp#27;[0m &amp#27;[90m&amp#27;[39m
&amp#27;[38;5;0m[HTTP]&amp#27;[0m &amp#27;[37m-->&amp#27;[39m &amp#27;[37mGET&amp#27;[39m &amp#27;[37m/session/32d2a80d-dc78-4f3e-a636-c5413edf6ff7/context&amp#27;[39m
&amp#27;[38;5;0m[HTTP]&amp#27;[0m &amp#27;[90m{}&amp#27;[39m
&amp#27;[38;5;32m[AndroidUiautomator2Driver@6457 (32d2a80d)]&amp#27;[0m Calling AppiumDriver.getCurrentContext() with args: ["32d2a80d-dc78-4f3e-a636-c5413edf6ff7"]
&amp#27;[38;5;32m[AndroidUiautomator2Driver@6457 (32d2a80d)]&amp#27;[0m Responding to client with driver.getCurrentContext() result: "NATIVE_APP"
&amp#27;[38;5;0m[HTTP]&amp#27;[0m &amp#27;[37m<-- GET /session/32d2a80d-dc78-4f3e-a636-c5413edf6ff7/context &amp#27;[39m&amp#27;[32m200&amp#27;[39m &amp#27;[90m1 ms - 22&amp#27;[39m
&amp#27;[38;5;0m[HTTP]&amp#27;[0m &amp#27;[90m&amp#27;[39m
&amp#27;[38;5;0m[HTTP]&amp#27;[0m &amp#27;[37m-->&amp#27;[39m &amp#27;[37mPOST&amp#27;[39m &amp#27;[37m/session/32d2a80d-dc78-4f3e-a636-c5413edf6ff7/elements&amp#27;[39m
&amp#27;[38;5;0m[HTTP]&amp#27;[0m &amp#27;[90m{"value":"com.fivemobile.thescore:id/text_category_name","using":"id"}&amp#27;[39m
&amp#27;[38;5;32m[AndroidUiautomator2Driver@6457 (32d2a80d)]&amp#27;[0m Calling AppiumDriver.findElements() with args: ["id","com.fivemobile.thescore:id/text_category_name","32d2a80d-dc78-4f3e-a636-c5413edf6ff7"]
&amp#27;[38;5;32m[AndroidUiautomator2Driver@6457 (32d2a80d)]&amp#27;[0m Valid locator strategies for this request: xpath, id, class name, accessibility id, css selector, -android uiautomator
&amp#27;[38;5;32m[AndroidUiautomator2Driver@6457 (32d2a80d)]&amp#27;[0m Waiting up to 10000 ms for condition
&amp#27;[38;5;32m[AndroidUiautomator2Driver@6457 (32d2a80d)]&amp#27;[0m Matched '/elements' to command name 'findElements'
&amp#27;[38;5;32m[AndroidUiautomator2Driver@6457 (32d2a80d)]&amp#27;[0m Proxying [POST /elements] to [POST http://127.0.0.1:8200/session/f5e84c71-f4f7-4f8e-aec7-33a82bd27fec/elements] with body: {"strategy":"id","selector":"com.fivemobile.thescore:id/text_category_name","context":"","multiple":true}
&amp#27;[38;5;32m[AndroidUiautomator2Driver@6457 (32d2a80d)]&amp#27;[0m Got response with status 200: {"sessionId":"f5e84c71-f4f7-4f8e-aec7-33a82bd27fec","value":[{"ELEMENT":"00000000-0000-000c-ffff-ffff00000625","element-6066-11e4-a52e-4f735466cecf":"00000000-0000-000c-ffff-ffff00000625"},{"ELEMENT":"00000000-0000-000c-ffff-ffff0000062b","element-6066-11e4-a52e-4f735466cecf":"00000000-0000-000c-ffff-ffff0000062b"},{"ELEMENT":"00000000-0000-000c-ffff-ffff00000631","element-6066-11e4-a52e-4f735466cecf":"00000000-0000-000c-ffff-ffff00000631"},{"ELEMENT":"00000000-0000-000c-ffff-ffff00000637","element-6066-11e4-a52e-4f735466cecf":"00000000-0000-000c-ffff-ffff00000637"},{"ELEMENT":"00000000-0000-000c-ffff-ffff0000063d","element-6066-11e4-a52e-4f735466cecf":"00000000-0000-000c-ffff-ffff0000063d"},{"ELEMENT":"00000000-0000-000c-ffff-ffff00000647","element-6066-11e4-a52e-4f735466cecf":"00000000-0000-000c-ffff-ffff00000647"},{"ELEMENT":"00000000-0000-000c-ffff-ffff0000064d","element-6066-11e4-a52e-4f735466cecf":"00000000-0000-000c-ffff-ffff0000064d"},{"ELEMENT":"00000000-0000-000c-ffff-ffff00000653","element-6066-...
&amp#27;[38;5;32m[AndroidUiautomator2Driver@6457 (32d2a80d)]&amp#27;[0m Responding to client with driver.findElements() result: [{"element-6066-11e4-a52e-4f735466cecf":"00000000-0000-000c-ffff-ffff00000625","ELEMENT":"00000000-0000-000c-ffff-ffff00000625"},{"element-6066-11e4-a52e-4f735466cecf":"00000000-0000-000c-ffff-ffff0000062b","ELEMENT":"00000000-0000-000c-ffff-ffff0000062b"},{"element-6066-11e4-a52e-4f735466cecf":"00000000-0000-000c-ffff-ffff00000631","ELEMENT":"00000000-0000-000c-ffff-ffff00000631"},{"element-6066-11e4-a52e-4f735466cecf":"00000000-0000-000c-ffff-ffff00000637","ELEMENT":"00000000-0000-000c-ffff-ffff00000637"},{"element-6066-11e4-a52e-4f735466cecf":"00000000-0000-000c-ffff-ffff0000063d","ELEMENT":"00000000-0000-000c-ffff-ffff0000063d"},{"element-6066-11e4-a52e-4f735466cecf":"00000000-0000-000c-ffff-ffff00000647","ELEMENT":"00000000-0000-000c-ffff-ffff00000647"},{"element-6066-11e4-a52e-4f735466cecf":"00000000-0000-000c-ffff-ffff0000064d","ELEMENT":"00000000-0000-000c-ffff-ffff0000064d"},{"element-6066-11e4-a52e-4f735466cecf":"00000000-0000-000c-ffff-ffff00000653","ELEMENT":"00000000-0000-000c-ffff-ffff0000065...
&amp#27;[38;5;0m[HTTP]&amp#27;[0m &amp#27;[37m<-- POST /session/32d2a80d-dc78-4f3e-a636-c5413edf6ff7/elements &amp#27;[39m&amp#27;[32m200&amp#27;[39m &amp#27;[90m166 ms - 1291&amp#27;[39m
&amp#27;[38;5;0m[HTTP]&amp#27;[0m &amp#27;[90m&amp#27;[39m
&amp#27;[38;5;0m[HTTP]&amp#27;[0m &amp#27;[37m-->&amp#27;[39m &amp#27;[37mGET&amp#27;[39m &amp#27;[37m/session/32d2a80d-dc78-4f3e-a636-c5413edf6ff7/element/00000000-0000-000c-ffff-ffff00000625/text&amp#27;[39m
&amp#27;[38;5;0m[HTTP]&amp#27;[0m &amp#27;[90m{}&amp#27;[39m
&amp#27;[38;5;32m[AndroidUiautomator2Driver@6457 (32d2a80d)]&amp#27;[0m Driver proxy active, passing request on via HTTP proxy
&amp#27;[38;5;32m[AndroidUiautomator2Driver@6457 (32d2a80d)]&amp#27;[0m Matched '/session/32d2a80d-dc78-4f3e-a636-c5413edf6ff7/element/00000000-0000-000c-ffff-ffff00000625/text' to command name 'getText'
&amp#27;[38;5;32m[AndroidUiautomator2Driver@6457 (32d2a80d)]&amp#27;[0m Proxying [GET /session/32d2a80d-dc78-4f3e-a636-c5413edf6ff7/element/00000000-0000-000c-ffff-ffff00000625/text] to [GET http://127.0.0.1:8200/session/f5e84c71-f4f7-4f8e-aec7-33a82bd27fec/element/00000000-0000-000c-ffff-ffff00000625/text] with no body
&amp#27;[38;5;32m[AndroidUiautomator2Driver@6457 (32d2a80d)]&amp#27;[0m Got response with status 200: {"sessionId":"f5e84c71-f4f7-4f8e-aec7-33a82bd27fec","value":"Total Yards"}
&amp#27;[38;5;32m[AndroidUiautomator2Driver@6457 (32d2a80d)]&amp#27;[0m Replacing sessionId f5e84c71-f4f7-4f8e-aec7-33a82bd27fec with 32d2a80d-dc78-4f3e-a636-c5413edf6ff7
&amp#27;[38;5;0m[HTTP]&amp#27;[0m &amp#27;[37m<-- GET /session/32d2a80d-dc78-4f3e-a636-c5413edf6ff7/element/00000000-0000-000c-ffff-ffff00000625/text &amp#27;[39m&amp#27;[32m200&amp#27;[39m &amp#27;[90m16 ms - 74&amp#27;[39m
&amp#27;[38;5;0m[HTTP]&amp#27;[0m &amp#27;[90m&amp#27;[39m
Text displayed: Total Yards
&amp#27;[38;5;0m[HTTP]&amp#27;[0m &amp#27;[37m-->&amp#27;[39m &amp#27;[37mGET&amp#27;[39m &amp#27;[37m/session/32d2a80d-dc78-4f3e-a636-c5413edf6ff7/context&amp#27;[39m
&amp#27;[38;5;0m[HTTP]&amp#27;[0m &amp#27;[90m{}&amp#27;[39m
&amp#27;[38;5;32m[AndroidUiautomator2Driver@6457 (32d2a80d)]&amp#27;[0m Calling AppiumDriver.getCurrentContext() with args: ["32d2a80d-dc78-4f3e-a636-c5413edf6ff7"]
&amp#27;[38;5;32m[AndroidUiautomator2Driver@6457 (32d2a80d)]&amp#27;[0m Responding to client with driver.getCurrentContext() result: "NATIVE_APP"
&amp#27;[38;5;0m[HTTP]&amp#27;[0m &amp#27;[37m<-- GET /session/32d2a80d-dc78-4f3e-a636-c5413edf6ff7/context &amp#27;[39m&amp#27;[32m200&amp#27;[39m &amp#27;[90m1 ms - 22&amp#27;[39m
&amp#27;[38;5;0m[HTTP]&amp#27;[0m &amp#27;[90m&amp#27;[39m
&amp#27;[38;5;0m[HTTP]&amp#27;[0m &amp#27;[37m-->&amp#27;[39m &amp#27;[37mPOST&amp#27;[39m &amp#27;[37m/session/32d2a80d-dc78-4f3e-a636-c5413edf6ff7/elements&amp#27;[39m
&amp#27;[38;5;0m[HTTP]&amp#27;[0m &amp#27;[90m{"value":"com.fivemobile.thescore:id/text_category_name","using":"id"}&amp#27;[39m
&amp#27;[38;5;32m[AndroidUiautomator2Driver@6457 (32d2a80d)]&amp#27;[0m Calling AppiumDriver.findElements() with args: ["id","com.fivemobile.thescore:id/text_category_name","32d2a80d-dc78-4f3e-a636-c5413edf6ff7"]
&amp#27;[38;5;32m[AndroidUiautomator2Driver@6457 (32d2a80d)]&amp#27;[0m Valid locator strategies for this request: xpath, id, class name, accessibility id, css selector, -android uiautomator
&amp#27;[38;5;32m[AndroidUiautomator2Driver@6457 (32d2a80d)]&amp#27;[0m Waiting up to 10000 ms for condition
&amp#27;[38;5;32m[AndroidUiautomator2Driver@6457 (32d2a80d)]&amp#27;[0m Matched '/elements' to command name 'findElements'
&amp#27;[38;5;32m[AndroidUiautomator2Driver@6457 (32d2a80d)]&amp#27;[0m Proxying [POST /elements] to [POST http://127.0.0.1:8200/session/f5e84c71-f4f7-4f8e-aec7-33a82bd27fec/elements] with body: {"strategy":"id","selector":"com.fivemobile.thescore:id/text_category_name","context":"","multiple":true}
&amp#27;[38;5;32m[AndroidUiautomator2Driver@6457 (32d2a80d)]&amp#27;[0m Got response with status 200: {"sessionId":"f5e84c71-f4f7-4f8e-aec7-33a82bd27fec","value":[{"ELEMENT":"00000000-0000-000c-ffff-ffff00000625","element-6066-11e4-a52e-4f735466cecf":"00000000-0000-000c-ffff-ffff00000625"},{"ELEMENT":"00000000-0000-000c-ffff-ffff0000062b","element-6066-11e4-a52e-4f735466cecf":"00000000-0000-000c-ffff-ffff0000062b"},{"ELEMENT":"00000000-0000-000c-ffff-ffff00000631","element-6066-11e4-a52e-4f735466cecf":"00000000-0000-000c-ffff-ffff00000631"},{"ELEMENT":"00000000-0000-000c-ffff-ffff00000637","element-6066-11e4-a52e-4f735466cecf":"00000000-0000-000c-ffff-ffff00000637"},{"ELEMENT":"00000000-0000-000c-ffff-ffff0000063d","element-6066-11e4-a52e-4f735466cecf":"00000000-0000-000c-ffff-ffff0000063d"},{"ELEMENT":"00000000-0000-000c-ffff-ffff00000647","element-6066-11e4-a52e-4f735466cecf":"00000000-0000-000c-ffff-ffff00000647"},{"ELEMENT":"00000000-0000-000c-ffff-ffff0000064d","element-6066-11e4-a52e-4f735466cecf":"00000000-0000-000c-ffff-ffff0000064d"},{"ELEMENT":"00000000-0000-000c-ffff-ffff00000653","element-6066-...
&amp#27;[38;5;32m[AndroidUiautomator2Driver@6457 (32d2a80d)]&amp#27;[0m Responding to client with driver.findElements() result: [{"element-6066-11e4-a52e-4f735466cecf":"00000000-0000-000c-ffff-ffff00000625","ELEMENT":"00000000-0000-000c-ffff-ffff00000625"},{"element-6066-11e4-a52e-4f735466cecf":"00000000-0000-000c-ffff-ffff0000062b","ELEMENT":"00000000-0000-000c-ffff-ffff0000062b"},{"element-6066-11e4-a52e-4f735466cecf":"00000000-0000-000c-ffff-ffff00000631","ELEMENT":"00000000-0000-000c-ffff-ffff00000631"},{"element-6066-11e4-a52e-4f735466cecf":"00000000-0000-000c-ffff-ffff00000637","ELEMENT":"00000000-0000-000c-ffff-ffff00000637"},{"element-6066-11e4-a52e-4f735466cecf":"00000000-0000-000c-ffff-ffff0000063d","ELEMENT":"00000000-0000-000c-ffff-ffff0000063d"},{"element-6066-11e4-a52e-4f735466cecf":"00000000-0000-000c-ffff-ffff00000647","ELEMENT":"00000000-0000-000c-ffff-ffff00000647"},{"element-6066-11e4-a52e-4f735466cecf":"00000000-0000-000c-ffff-ffff0000064d","ELEMENT":"00000000-0000-000c-ffff-ffff0000064d"},{"element-6066-11e4-a52e-4f735466cecf":"00000000-0000-000c-ffff-ffff00000653","ELEMENT":"00000000-0000-000c-ffff-ffff0000065...
&amp#27;[38;5;0m[HTTP]&amp#27;[0m &amp#27;[37m<-- POST /session/32d2a80d-dc78-4f3e-a636-c5413edf6ff7/elements &amp#27;[39m&amp#27;[32m200&amp#27;[39m &amp#27;[90m248 ms - 1291&amp#27;[39m
&amp#27;[38;5;0m[HTTP]&amp#27;[0m &amp#27;[90m&amp#27;[39m
&amp#27;[38;5;0m[HTTP]&amp#27;[0m &amp#27;[37m-->&amp#27;[39m &amp#27;[37mGET&amp#27;[39m &amp#27;[37m/session/32d2a80d-dc78-4f3e-a636-c5413edf6ff7/context&amp#27;[39m
&amp#27;[38;5;0m[HTTP]&amp#27;[0m &amp#27;[90m{}&amp#27;[39m
&amp#27;[38;5;32m[AndroidUiautomator2Driver@6457 (32d2a80d)]&amp#27;[0m Calling AppiumDriver.getCurrentContext() with args: ["32d2a80d-dc78-4f3e-a636-c5413edf6ff7"]
&amp#27;[38;5;32m[AndroidUiautomator2Driver@6457 (32d2a80d)]&amp#27;[0m Responding to client with driver.getCurrentContext() result: "NATIVE_APP"
&amp#27;[38;5;0m[HTTP]&amp#27;[0m &amp#27;[37m<-- GET /session/32d2a80d-dc78-4f3e-a636-c5413edf6ff7/context &amp#27;[39m&amp#27;[32m200&amp#27;[39m &amp#27;[90m1 ms - 22&amp#27;[39m
&amp#27;[38;5;0m[HTTP]&amp#27;[0m &amp#27;[90m&amp#27;[39m
&amp#27;[38;5;0m[HTTP]&amp#27;[0m &amp#27;[37m-->&amp#27;[39m &amp#27;[37mPOST&amp#27;[39m &amp#27;[37m/session/32d2a80d-dc78-4f3e-a636-c5413edf6ff7/elements&amp#27;[39m
&amp#27;[38;5;0m[HTTP]&amp#27;[0m &amp#27;[90m{"value":"com.fivemobile.thescore:id/text_category_name","using":"id"}&amp#27;[39m
&amp#27;[38;5;32m[AndroidUiautomator2Driver@6457 (32d2a80d)]&amp#27;[0m Calling AppiumDriver.findElements() with args: ["id","com.fivemobile.thescore:id/text_category_name","32d2a80d-dc78-4f3e-a636-c5413edf6ff7"]
&amp#27;[38;5;32m[AndroidUiautomator2Driver@6457 (32d2a80d)]&amp#27;[0m Valid locator strategies for this request: xpath, id, class name, accessibility id, css selector, -android uiautomator
&amp#27;[38;5;32m[AndroidUiautomator2Driver@6457 (32d2a80d)]&amp#27;[0m Waiting up to 10000 ms for condition
&amp#27;[38;5;32m[AndroidUiautomator2Driver@6457 (32d2a80d)]&amp#27;[0m Matched '/elements' to command name 'findElements'
&amp#27;[38;5;32m[AndroidUiautomator2Driver@6457 (32d2a80d)]&amp#27;[0m Proxying [POST /elements] to [POST http://127.0.0.1:8200/session/f5e84c71-f4f7-4f8e-aec7-33a82bd27fec/elements] with body: {"strategy":"id","selector":"com.fivemobile.thescore:id/text_category_name","context":"","multiple":true}
&amp#27;[38;5;32m[AndroidUiautomator2Driver@6457 (32d2a80d)]&amp#27;[0m Got response with status 200: {"sessionId":"f5e84c71-f4f7-4f8e-aec7-33a82bd27fec","value":[{"ELEMENT":"00000000-0000-000c-ffff-ffff00000625","element-6066-11e4-a52e-4f735466cecf":"00000000-0000-000c-ffff-ffff00000625"},{"ELEMENT":"00000000-0000-000c-ffff-ffff0000062b","element-6066-11e4-a52e-4f735466cecf":"00000000-0000-000c-ffff-ffff0000062b"},{"ELEMENT":"00000000-0000-000c-ffff-ffff00000631","element-6066-11e4-a52e-4f735466cecf":"00000000-0000-000c-ffff-ffff00000631"},{"ELEMENT":"00000000-0000-000c-ffff-ffff00000637","element-6066-11e4-a52e-4f735466cecf":"00000000-0000-000c-ffff-ffff00000637"},{"ELEMENT":"00000000-0000-000c-ffff-ffff0000063d","element-6066-11e4-a52e-4f735466cecf":"00000000-0000-000c-ffff-ffff0000063d"},{"ELEMENT":"00000000-0000-000c-ffff-ffff00000647","element-6066-11e4-a52e-4f735466cecf":"00000000-0000-000c-ffff-ffff00000647"},{"ELEMENT":"00000000-0000-000c-ffff-ffff0000064d","element-6066-11e4-a52e-4f735466cecf":"00000000-0000-000c-ffff-ffff0000064d"},{"ELEMENT":"00000000-0000-000c-ffff-ffff00000653","element-6066-...
&amp#27;[38;5;32m[AndroidUiautomator2Driver@6457 (32d2a80d)]&amp#27;[0m Responding to client with driver.findElements() result: [{"element-6066-11e4-a52e-4f735466cecf":"00000000-0000-000c-ffff-ffff00000625","ELEMENT":"00000000-0000-000c-ffff-ffff00000625"},{"element-6066-11e4-a52e-4f735466cecf":"00000000-0000-000c-ffff-ffff0000062b","ELEMENT":"00000000-0000-000c-ffff-ffff0000062b"},{"element-6066-11e4-a52e-4f735466cecf":"00000000-0000-000c-ffff-ffff00000631","ELEMENT":"00000000-0000-000c-ffff-ffff00000631"},{"element-6066-11e4-a52e-4f735466cecf":"00000000-0000-000c-ffff-ffff00000637","ELEMENT":"00000000-0000-000c-ffff-ffff00000637"},{"element-6066-11e4-a52e-4f735466cecf":"00000000-0000-000c-ffff-ffff0000063d","ELEMENT":"00000000-0000-000c-ffff-ffff0000063d"},{"element-6066-11e4-a52e-4f735466cecf":"00000000-0000-000c-ffff-ffff00000647","ELEMENT":"00000000-0000-000c-ffff-ffff00000647"},{"element-6066-11e4-a52e-4f735466cecf":"00000000-0000-000c-ffff-ffff0000064d","ELEMENT":"00000000-0000-000c-ffff-ffff0000064d"},{"element-6066-11e4-a52e-4f735466cecf":"00000000-0000-000c-ffff-ffff00000653","ELEMENT":"00000000-0000-000c-ffff-ffff0000065...
&amp#27;[38;5;0m[HTTP]&amp#27;[0m &amp#27;[37m<-- POST /session/32d2a80d-dc78-4f3e-a636-c5413edf6ff7/elements &amp#27;[39m&amp#27;[32m200&amp#27;[39m &amp#27;[90m178 ms - 1291&amp#27;[39m
&amp#27;[38;5;0m[HTTP]&amp#27;[0m &amp#27;[90m&amp#27;[39m
&amp#27;[38;5;0m[HTTP]&amp#27;[0m &amp#27;[37m-->&amp#27;[39m &amp#27;[37mGET&amp#27;[39m &amp#27;[37m/session/32d2a80d-dc78-4f3e-a636-c5413edf6ff7/element/00000000-0000-000c-ffff-ffff0000062b/text&amp#27;[39m
&amp#27;[38;5;0m[HTTP]&amp#27;[0m &amp#27;[90m{}&amp#27;[39m
&amp#27;[38;5;32m[AndroidUiautomator2Driver@6457 (32d2a80d)]&amp#27;[0m Driver proxy active, passing request on via HTTP proxy
&amp#27;[38;5;32m[AndroidUiautomator2Driver@6457 (32d2a80d)]&amp#27;[0m Matched '/session/32d2a80d-dc78-4f3e-a636-c5413edf6ff7/element/00000000-0000-000c-ffff-ffff0000062b/text' to command name 'getText'
&amp#27;[38;5;32m[AndroidUiautomator2Driver@6457 (32d2a80d)]&amp#27;[0m Proxying [GET /session/32d2a80d-dc78-4f3e-a636-c5413edf6ff7/element/00000000-0000-000c-ffff-ffff0000062b/text] to [GET http://127.0.0.1:8200/session/f5e84c71-f4f7-4f8e-aec7-33a82bd27fec/element/00000000-0000-000c-ffff-ffff0000062b/text] with no body
&amp#27;[38;5;32m[AndroidUiautomator2Driver@6457 (32d2a80d)]&amp#27;[0m Got response with status 200: {"sessionId":"f5e84c71-f4f7-4f8e-aec7-33a82bd27fec","value":"Passing Yards"}
&amp#27;[38;5;32m[AndroidUiautomator2Driver@6457 (32d2a80d)]&amp#27;[0m Replacing sessionId f5e84c71-f4f7-4f8e-aec7-33a82bd27fec with 32d2a80d-dc78-4f3e-a636-c5413edf6ff7
&amp#27;[38;5;0m[HTTP]&amp#27;[0m &amp#27;[37m<-- GET /session/32d2a80d-dc78-4f3e-a636-c5413edf6ff7/element/00000000-0000-000c-ffff-ffff0000062b/text &amp#27;[39m&amp#27;[32m200&amp#27;[39m &amp#27;[90m12 ms - 76&amp#27;[39m
&amp#27;[38;5;0m[HTTP]&amp#27;[0m &amp#27;[90m&amp#27;[39m
&amp#27;[38;5;0m[HTTP]&amp#27;[0m &amp#27;[37m-->&amp#27;[39m &amp#27;[37mGET&amp#27;[39m &amp#27;[37m/session/32d2a80d-dc78-4f3e-a636-c5413edf6ff7/context&amp#27;[39m
&amp#27;[38;5;0m[HTTP]&amp#27;[0m &amp#27;[90m{}&amp#27;[39m
&amp#27;[38;5;32m[AndroidUiautomator2Driver@6457 (32d2a80d)]&amp#27;[0m Calling AppiumDriver.getCurrentContext() with args: ["32d2a80d-dc78-4f3e-a636-c5413edf6ff7"]
&amp#27;[38;5;32m[AndroidUiautomator2Driver@6457 (32d2a80d)]&amp#27;[0m Responding to client with driver.getCurrentContext() result: "NATIVE_APP"
&amp#27;[38;5;0m[HTTP]&amp#27;[0m &amp#27;[37m<-- GET /session/32d2a80d-dc78-4f3e-a636-c5413edf6ff7/context &amp#27;[39m&amp#27;[32m200&amp#27;[39m &amp#27;[90m1 ms - 22&amp#27;[39m
&amp#27;[38;5;0m[HTTP]&amp#27;[0m &amp#27;[90m&amp#27;[39m
&amp#27;[38;5;0m[HTTP]&amp#27;[0m &amp#27;[37m-->&amp#27;[39m &amp#27;[37mPOST&amp#27;[39m &amp#27;[37m/session/32d2a80d-dc78-4f3e-a636-c5413edf6ff7/elements&amp#27;[39m
&amp#27;[38;5;0m[HTTP]&amp#27;[0m &amp#27;[90m{"value":"com.fivemobile.thescore:id/text_category_name","using":"id"}&amp#27;[39m
&amp#27;[38;5;32m[AndroidUiautomator2Driver@6457 (32d2a80d)]&amp#27;[0m Calling AppiumDriver.findElements() with args: ["id","com.fivemobile.thescore:id/text_category_name","32d2a80d-dc78-4f3e-a636-c5413edf6ff7"]
&amp#27;[38;5;32m[AndroidUiautomator2Driver@6457 (32d2a80d)]&amp#27;[0m Valid locator strategies for this request: xpath, id, class name, accessibility id, css selector, -android uiautomator
&amp#27;[38;5;32m[AndroidUiautomator2Driver@6457 (32d2a80d)]&amp#27;[0m Waiting up to 10000 ms for condition
&amp#27;[38;5;32m[AndroidUiautomator2Driver@6457 (32d2a80d)]&amp#27;[0m Matched '/elements' to command name 'findElements'
&amp#27;[38;5;32m[AndroidUiautomator2Driver@6457 (32d2a80d)]&amp#27;[0m Proxying [POST /elements] to [POST http://127.0.0.1:8200/session/f5e84c71-f4f7-4f8e-aec7-33a82bd27fec/elements] with body: {"strategy":"id","selector":"com.fivemobile.thescore:id/text_category_name","context":"","multiple":true}
&amp#27;[38;5;32m[AndroidUiautomator2Driver@6457 (32d2a80d)]&amp#27;[0m Got response with status 200: {"sessionId":"f5e84c71-f4f7-4f8e-aec7-33a82bd27fec","value":[{"ELEMENT":"00000000-0000-000c-ffff-ffff00000625","element-6066-11e4-a52e-4f735466cecf":"00000000-0000-000c-ffff-ffff00000625"},{"ELEMENT":"00000000-0000-000c-ffff-ffff0000062b","element-6066-11e4-a52e-4f735466cecf":"00000000-0000-000c-ffff-ffff0000062b"},{"ELEMENT":"00000000-0000-000c-ffff-ffff00000631","element-6066-11e4-a52e-4f735466cecf":"00000000-0000-000c-ffff-ffff00000631"},{"ELEMENT":"00000000-0000-000c-ffff-ffff00000637","element-6066-11e4-a52e-4f735466cecf":"00000000-0000-000c-ffff-ffff00000637"},{"ELEMENT":"00000000-0000-000c-ffff-ffff0000063d","element-6066-11e4-a52e-4f735466cecf":"00000000-0000-000c-ffff-ffff0000063d"},{"ELEMENT":"00000000-0000-000c-ffff-ffff00000647","element-6066-11e4-a52e-4f735466cecf":"00000000-0000-000c-ffff-ffff00000647"},{"ELEMENT":"00000000-0000-000c-ffff-ffff0000064d","element-6066-11e4-a52e-4f735466cecf":"00000000-0000-000c-ffff-ffff0000064d"},{"ELEMENT":"00000000-0000-000c-ffff-ffff00000653","element-6066-...
&amp#27;[38;5;32m[AndroidUiautomator2Driver@6457 (32d2a80d)]&amp#27;[0m Responding to client with driver.findElements() result: [{"element-6066-11e4-a52e-4f735466cecf":"00000000-0000-000c-ffff-ffff00000625","ELEMENT":"00000000-0000-000c-ffff-ffff00000625"},{"element-6066-11e4-a52e-4f735466cecf":"00000000-0000-000c-ffff-ffff0000062b","ELEMENT":"00000000-0000-000c-ffff-ffff0000062b"},{"element-6066-11e4-a52e-4f735466cecf":"00000000-0000-000c-ffff-ffff00000631","ELEMENT":"00000000-0000-000c-ffff-ffff00000631"},{"element-6066-11e4-a52e-4f735466cecf":"00000000-0000-000c-ffff-ffff00000637","ELEMENT":"00000000-0000-000c-ffff-ffff00000637"},{"element-6066-11e4-a52e-4f735466cecf":"00000000-0000-000c-ffff-ffff0000063d","ELEMENT":"00000000-0000-000c-ffff-ffff0000063d"},{"element-6066-11e4-a52e-4f735466cecf":"00000000-0000-000c-ffff-ffff00000647","ELEMENT":"00000000-0000-000c-ffff-ffff00000647"},{"element-6066-11e4-a52e-4f735466cecf":"00000000-0000-000c-ffff-ffff0000064d","ELEMENT":"00000000-0000-000c-ffff-ffff0000064d"},{"element-6066-11e4-a52e-4f735466cecf":"00000000-0000-000c-ffff-ffff00000653","ELEMENT":"00000000-0000-000c-ffff-ffff0000065...
&amp#27;[38;5;0m[HTTP]&amp#27;[0m &amp#27;[37m<-- POST /session/32d2a80d-dc78-4f3e-a636-c5413edf6ff7/elements &amp#27;[39m&amp#27;[32m200&amp#27;[39m &amp#27;[90m153 ms - 1291&amp#27;[39m
&amp#27;[38;5;0m[HTTP]&amp#27;[0m &amp#27;[90m&amp#27;[39m
&amp#27;[38;5;0m[HTTP]&amp#27;[0m &amp#27;[37m-->&amp#27;[39m &amp#27;[37mGET&amp#27;[39m &amp#27;[37m/session/32d2a80d-dc78-4f3e-a636-c5413edf6ff7/element/00000000-0000-000c-ffff-ffff0000062b/text&amp#27;[39m
&amp#27;[38;5;0m[HTTP]&amp#27;[0m &amp#27;[90m{}&amp#27;[39m
&amp#27;[38;5;32m[AndroidUiautomator2Driver@6457 (32d2a80d)]&amp#27;[0m Driver proxy active, passing request on via HTTP proxy
&amp#27;[38;5;32m[AndroidUiautomator2Driver@6457 (32d2a80d)]&amp#27;[0m Matched '/session/32d2a80d-dc78-4f3e-a636-c5413edf6ff7/element/00000000-0000-000c-ffff-ffff0000062b/text' to command name 'getText'
&amp#27;[38;5;32m[AndroidUiautomator2Driver@6457 (32d2a80d)]&amp#27;[0m Proxying [GET /session/32d2a80d-dc78-4f3e-a636-c5413edf6ff7/element/00000000-0000-000c-ffff-ffff0000062b/text] to [GET http://127.0.0.1:8200/session/f5e84c71-f4f7-4f8e-aec7-33a82bd27fec/element/00000000-0000-000c-ffff-ffff0000062b/text] with no body
&amp#27;[38;5;32m[AndroidUiautomator2Driver@6457 (32d2a80d)]&amp#27;[0m Got response with status 200: {"sessionId":"f5e84c71-f4f7-4f8e-aec7-33a82bd27fec","value":"Passing Yards"}
&amp#27;[38;5;32m[AndroidUiautomator2Driver@6457 (32d2a80d)]&amp#27;[0m Replacing sessionId f5e84c71-f4f7-4f8e-aec7-33a82bd27fec with 32d2a80d-dc78-4f3e-a636-c5413edf6ff7
&amp#27;[38;5;0m[HTTP]&amp#27;[0m &amp#27;[37m<-- GET /session/32d2a80d-dc78-4f3e-a636-c5413edf6ff7/element/00000000-0000-000c-ffff-ffff0000062b/text &amp#27;[39m&amp#27;[32m200&amp#27;[39m &amp#27;[90m12 ms - 76&amp#27;[39m
&amp#27;[38;5;0m[HTTP]&amp#27;[0m &amp#27;[90m&amp#27;[39m
&amp#27;[38;5;0m[HTTP]&amp#27;[0m &amp#27;[37m-->&amp#27;[39m &amp#27;[37mGET&amp#27;[39m &amp#27;[37m/session/32d2a80d-dc78-4f3e-a636-c5413edf6ff7/context&amp#27;[39m
&amp#27;[38;5;0m[HTTP]&amp#27;[0m &amp#27;[90m{}&amp#27;[39m
&amp#27;[38;5;32m[AndroidUiautomator2Driver@6457 (32d2a80d)]&amp#27;[0m Calling AppiumDriver.getCurrentContext() with args: ["32d2a80d-dc78-4f3e-a636-c5413edf6ff7"]
&amp#27;[38;5;32m[AndroidUiautomator2Driver@6457 (32d2a80d)]&amp#27;[0m Responding to client with driver.getCurrentContext() result: "NATIVE_APP"
&amp#27;[38;5;0m[HTTP]&amp#27;[0m &amp#27;[37m<-- GET /session/32d2a80d-dc78-4f3e-a636-c5413edf6ff7/context &amp#27;[39m&amp#27;[32m200&amp#27;[39m &amp#27;[90m1 ms - 22&amp#27;[39m
&amp#27;[38;5;0m[HTTP]&amp#27;[0m &amp#27;[90m&amp#27;[39m
&amp#27;[38;5;0m[HTTP]&amp#27;[0m &amp#27;[37m-->&amp#27;[39m &amp#27;[37mPOST&amp#27;[39m &amp#27;[37m/session/32d2a80d-dc78-4f3e-a636-c5413edf6ff7/elements&amp#27;[39m
&amp#27;[38;5;0m[HTTP]&amp#27;[0m &amp#27;[90m{"value":"com.fivemobile.thescore:id/text_category_name","using":"id"}&amp#27;[39m
&amp#27;[38;5;32m[AndroidUiautomator2Driver@6457 (32d2a80d)]&amp#27;[0m Calling AppiumDriver.findElements() with args: ["id","com.fivemobile.thescore:id/text_category_name","32d2a80d-dc78-4f3e-a636-c5413edf6ff7"]
&amp#27;[38;5;32m[AndroidUiautomator2Driver@6457 (32d2a80d)]&amp#27;[0m Valid locator strategies for this request: xpath, id, class name, accessibility id, css selector, -android uiautomator
&amp#27;[38;5;32m[AndroidUiautomator2Driver@6457 (32d2a80d)]&amp#27;[0m Waiting up to 10000 ms for condition
&amp#27;[38;5;32m[AndroidUiautomator2Driver@6457 (32d2a80d)]&amp#27;[0m Matched '/elements' to command name 'findElements'
&amp#27;[38;5;32m[AndroidUiautomator2Driver@6457 (32d2a80d)]&amp#27;[0m Proxying [POST /elements] to [POST http://127.0.0.1:8200/session/f5e84c71-f4f7-4f8e-aec7-33a82bd27fec/elements] with body: {"strategy":"id","selector":"com.fivemobile.thescore:id/text_category_name","context":"","multiple":true}
&amp#27;[38;5;32m[AndroidUiautomator2Driver@6457 (32d2a80d)]&amp#27;[0m Got response with status 200: {"sessionId":"f5e84c71-f4f7-4f8e-aec7-33a82bd27fec","value":[{"ELEMENT":"00000000-0000-000c-ffff-ffff00000625","element-6066-11e4-a52e-4f735466cecf":"00000000-0000-000c-ffff-ffff00000625"},{"ELEMENT":"00000000-0000-000c-ffff-ffff0000062b","element-6066-11e4-a52e-4f735466cecf":"00000000-0000-000c-ffff-ffff0000062b"},{"ELEMENT":"00000000-0000-000c-ffff-ffff00000631","element-6066-11e4-a52e-4f735466cecf":"00000000-0000-000c-ffff-ffff00000631"},{"ELEMENT":"00000000-0000-000c-ffff-ffff00000637","element-6066-11e4-a52e-4f735466cecf":"00000000-0000-000c-ffff-ffff00000637"},{"ELEMENT":"00000000-0000-000c-ffff-ffff0000063d","element-6066-11e4-a52e-4f735466cecf":"00000000-0000-000c-ffff-ffff0000063d"},{"ELEMENT":"00000000-0000-000c-ffff-ffff00000647","element-6066-11e4-a52e-4f735466cecf":"00000000-0000-000c-ffff-ffff00000647"},{"ELEMENT":"00000000-0000-000c-ffff-ffff0000064d","element-6066-11e4-a52e-4f735466cecf":"00000000-0000-000c-ffff-ffff0000064d"},{"ELEMENT":"00000000-0000-000c-ffff-ffff00000653","element-6066-...
&amp#27;[38;5;32m[AndroidUiautomator2Driver@6457 (32d2a80d)]&amp#27;[0m Responding to client with driver.findElements() result: [{"element-6066-11e4-a52e-4f735466cecf":"00000000-0000-000c-ffff-ffff00000625","ELEMENT":"00000000-0000-000c-ffff-ffff00000625"},{"element-6066-11e4-a52e-4f735466cecf":"00000000-0000-000c-ffff-ffff0000062b","ELEMENT":"00000000-0000-000c-ffff-ffff0000062b"},{"element-6066-11e4-a52e-4f735466cecf":"00000000-0000-000c-ffff-ffff00000631","ELEMENT":"00000000-0000-000c-ffff-ffff00000631"},{"element-6066-11e4-a52e-4f735466cecf":"00000000-0000-000c-ffff-ffff00000637","ELEMENT":"00000000-0000-000c-ffff-ffff00000637"},{"element-6066-11e4-a52e-4f735466cecf":"00000000-0000-000c-ffff-ffff0000063d","ELEMENT":"00000000-0000-000c-ffff-ffff0000063d"},{"element-6066-11e4-a52e-4f735466cecf":"00000000-0000-000c-ffff-ffff00000647","ELEMENT":"00000000-0000-000c-ffff-ffff00000647"},{"element-6066-11e4-a52e-4f735466cecf":"00000000-0000-000c-ffff-ffff0000064d","ELEMENT":"00000000-0000-000c-ffff-ffff0000064d"},{"element-6066-11e4-a52e-4f735466cecf":"00000000-0000-000c-ffff-ffff00000653","ELEMENT":"00000000-0000-000c-ffff-ffff0000065...
&amp#27;[38;5;0m[HTTP]&amp#27;[0m &amp#27;[37m<-- POST /session/32d2a80d-dc78-4f3e-a636-c5413edf6ff7/elements &amp#27;[39m&amp#27;[32m200&amp#27;[39m &amp#27;[90m105 ms - 1291&amp#27;[39m
&amp#27;[38;5;0m[HTTP]&amp#27;[0m &amp#27;[90m&amp#27;[39m
&amp#27;[38;5;0m[HTTP]&amp#27;[0m &amp#27;[37m-->&amp#27;[39m &amp#27;[37mGET&amp#27;[39m &amp#27;[37m/session/32d2a80d-dc78-4f3e-a636-c5413edf6ff7/element/00000000-0000-000c-ffff-ffff0000062b/text&amp#27;[39m
&amp#27;[38;5;0m[HTTP]&amp#27;[0m &amp#27;[90m{}&amp#27;[39m
&amp#27;[38;5;32m[AndroidUiautomator2Driver@6457 (32d2a80d)]&amp#27;[0m Driver proxy active, passing request on via HTTP proxy
&amp#27;[38;5;32m[AndroidUiautomator2Driver@6457 (32d2a80d)]&amp#27;[0m Matched '/session/32d2a80d-dc78-4f3e-a636-c5413edf6ff7/element/00000000-0000-000c-ffff-ffff0000062b/text' to command name 'getText'
&amp#27;[38;5;32m[AndroidUiautomator2Driver@6457 (32d2a80d)]&amp#27;[0m Proxying [GET /session/32d2a80d-dc78-4f3e-a636-c5413edf6ff7/element/00000000-0000-000c-ffff-ffff0000062b/text] to [GET http://127.0.0.1:8200/session/f5e84c71-f4f7-4f8e-aec7-33a82bd27fec/element/00000000-0000-000c-ffff-ffff0000062b/text] with no body
&amp#27;[38;5;32m[AndroidUiautomator2Driver@6457 (32d2a80d)]&amp#27;[0m Got response with status 200: {"sessionId":"f5e84c71-f4f7-4f8e-aec7-33a82bd27fec","value":"Passing Yards"}
&amp#27;[38;5;32m[AndroidUiautomator2Driver@6457 (32d2a80d)]&amp#27;[0m Replacing sessionId f5e84c71-f4f7-4f8e-aec7-33a82bd27fec with 32d2a80d-dc78-4f3e-a636-c5413edf6ff7
&amp#27;[38;5;0m[HTTP]&amp#27;[0m &amp#27;[37m<-- GET /session/32d2a80d-dc78-4f3e-a636-c5413edf6ff7/element/00000000-0000-000c-ffff-ffff0000062b/text &amp#27;[39m&amp#27;[32m200&amp#27;[39m &amp#27;[90m10 ms - 76&amp#27;[39m
&amp#27;[38;5;0m[HTTP]&amp#27;[0m &amp#27;[90m&amp#27;[39m
Text displayed: Passing Yards
&amp#27;[38;5;0m[HTTP]&amp#27;[0m &amp#27;[37m-->&amp#27;[39m &amp#27;[37mGET&amp#27;[39m &amp#27;[37m/session/32d2a80d-dc78-4f3e-a636-c5413edf6ff7/context&amp#27;[39m
&amp#27;[38;5;0m[HTTP]&amp#27;[0m &amp#27;[90m{}&amp#27;[39m
&amp#27;[38;5;32m[AndroidUiautomator2Driver@6457 (32d2a80d)]&amp#27;[0m Calling AppiumDriver.getCurrentContext() with args: ["32d2a80d-dc78-4f3e-a636-c5413edf6ff7"]
&amp#27;[38;5;32m[AndroidUiautomator2Driver@6457 (32d2a80d)]&amp#27;[0m Responding to client with driver.getCurrentContext() result: "NATIVE_APP"
&amp#27;[38;5;0m[HTTP]&amp#27;[0m &amp#27;[37m<-- GET /session/32d2a80d-dc78-4f3e-a636-c5413edf6ff7/context &amp#27;[39m&amp#27;[32m200&amp#27;[39m &amp#27;[90m1 ms - 22&amp#27;[39m
&amp#27;[38;5;0m[HTTP]&amp#27;[0m &amp#27;[90m&amp#27;[39m
&amp#27;[38;5;0m[HTTP]&amp#27;[0m &amp#27;[37m-->&amp#27;[39m &amp#27;[37mPOST&amp#27;[39m &amp#27;[37m/session/32d2a80d-dc78-4f3e-a636-c5413edf6ff7/elements&amp#27;[39m
&amp#27;[38;5;0m[HTTP]&amp#27;[0m &amp#27;[90m{"value":"com.fivemobile.thescore:id/text_category_name","using":"id"}&amp#27;[39m
&amp#27;[38;5;32m[AndroidUiautomator2Driver@6457 (32d2a80d)]&amp#27;[0m Calling AppiumDriver.findElements() with args: ["id","com.fivemobile.thescore:id/text_category_name","32d2a80d-dc78-4f3e-a636-c5413edf6ff7"]
&amp#27;[38;5;32m[AndroidUiautomator2Driver@6457 (32d2a80d)]&amp#27;[0m Valid locator strategies for this request: xpath, id, class name, accessibility id, css selector, -android uiautomator
&amp#27;[38;5;32m[AndroidUiautomator2Driver@6457 (32d2a80d)]&amp#27;[0m Waiting up to 10000 ms for condition
&amp#27;[38;5;32m[AndroidUiautomator2Driver@6457 (32d2a80d)]&amp#27;[0m Matched '/elements' to command name 'findElements'
&amp#27;[38;5;32m[AndroidUiautomator2Driver@6457 (32d2a80d)]&amp#27;[0m Proxying [POST /elements] to [POST http://127.0.0.1:8200/session/f5e84c71-f4f7-4f8e-aec7-33a82bd27fec/elements] with body: {"strategy":"id","selector":"com.fivemobile.thescore:id/text_category_name","context":"","multiple":true}
&amp#27;[38;5;32m[AndroidUiautomator2Driver@6457 (32d2a80d)]&amp#27;[0m Got response with status 200: {"sessionId":"f5e84c71-f4f7-4f8e-aec7-33a82bd27fec","value":[{"ELEMENT":"00000000-0000-000c-ffff-ffff00000625","element-6066-11e4-a52e-4f735466cecf":"00000000-0000-000c-ffff-ffff00000625"},{"ELEMENT":"00000000-0000-000c-ffff-ffff0000062b","element-6066-11e4-a52e-4f735466cecf":"00000000-0000-000c-ffff-ffff0000062b"},{"ELEMENT":"00000000-0000-000c-ffff-ffff00000631","element-6066-11e4-a52e-4f735466cecf":"00000000-0000-000c-ffff-ffff00000631"},{"ELEMENT":"00000000-0000-000c-ffff-ffff00000637","element-6066-11e4-a52e-4f735466cecf":"00000000-0000-000c-ffff-ffff00000637"},{"ELEMENT":"00000000-0000-000c-ffff-ffff0000063d","element-6066-11e4-a52e-4f735466cecf":"00000000-0000-000c-ffff-ffff0000063d"},{"ELEMENT":"00000000-0000-000c-ffff-ffff00000647","element-6066-11e4-a52e-4f735466cecf":"00000000-0000-000c-ffff-ffff00000647"},{"ELEMENT":"00000000-0000-000c-ffff-ffff0000064d","element-6066-11e4-a52e-4f735466cecf":"00000000-0000-000c-ffff-ffff0000064d"},{"ELEMENT":"00000000-0000-000c-ffff-ffff00000653","element-6066-...
&amp#27;[38;5;32m[AndroidUiautomator2Driver@6457 (32d2a80d)]&amp#27;[0m Responding to client with driver.findElements() result: [{"element-6066-11e4-a52e-4f735466cecf":"00000000-0000-000c-ffff-ffff00000625","ELEMENT":"00000000-0000-000c-ffff-ffff00000625"},{"element-6066-11e4-a52e-4f735466cecf":"00000000-0000-000c-ffff-ffff0000062b","ELEMENT":"00000000-0000-000c-ffff-ffff0000062b"},{"element-6066-11e4-a52e-4f735466cecf":"00000000-0000-000c-ffff-ffff00000631","ELEMENT":"00000000-0000-000c-ffff-ffff00000631"},{"element-6066-11e4-a52e-4f735466cecf":"00000000-0000-000c-ffff-ffff00000637","ELEMENT":"00000000-0000-000c-ffff-ffff00000637"},{"element-6066-11e4-a52e-4f735466cecf":"00000000-0000-000c-ffff-ffff0000063d","ELEMENT":"00000000-0000-000c-ffff-ffff0000063d"},{"element-6066-11e4-a52e-4f735466cecf":"00000000-0000-000c-ffff-ffff00000647","ELEMENT":"00000000-0000-000c-ffff-ffff00000647"},{"element-6066-11e4-a52e-4f735466cecf":"00000000-0000-000c-ffff-ffff0000064d","ELEMENT":"00000000-0000-000c-ffff-ffff0000064d"},{"element-6066-11e4-a52e-4f735466cecf":"00000000-0000-000c-ffff-ffff00000653","ELEMENT":"00000000-0000-000c-ffff-ffff0000065...
&amp#27;[38;5;0m[HTTP]&amp#27;[0m &amp#27;[37m<-- POST /session/32d2a80d-dc78-4f3e-a636-c5413edf6ff7/elements &amp#27;[39m&amp#27;[32m200&amp#27;[39m &amp#27;[90m152 ms - 1291&amp#27;[39m
&amp#27;[38;5;0m[HTTP]&amp#27;[0m &amp#27;[90m&amp#27;[39m
&amp#27;[38;5;0m[HTTP]&amp#27;[0m &amp#27;[37m-->&amp#27;[39m &amp#27;[37mGET&amp#27;[39m &amp#27;[37m/session/32d2a80d-dc78-4f3e-a636-c5413edf6ff7/context&amp#27;[39m
&amp#27;[38;5;0m[HTTP]&amp#27;[0m &amp#27;[90m{}&amp#27;[39m
&amp#27;[38;5;32m[AndroidUiautomator2Driver@6457 (32d2a80d)]&amp#27;[0m Calling AppiumDriver.getCurrentContext() with args: ["32d2a80d-dc78-4f3e-a636-c5413edf6ff7"]
&amp#27;[38;5;32m[AndroidUiautomator2Driver@6457 (32d2a80d)]&amp#27;[0m Responding to client with driver.getCurrentContext() result: "NATIVE_APP"
&amp#27;[38;5;0m[HTTP]&amp#27;[0m &amp#27;[37m<-- GET /session/32d2a80d-dc78-4f3e-a636-c5413edf6ff7/context &amp#27;[39m&amp#27;[32m200&amp#27;[39m &amp#27;[90m1 ms - 22&amp#27;[39m
&amp#27;[38;5;0m[HTTP]&amp#27;[0m &amp#27;[90m&amp#27;[39m
&amp#27;[38;5;0m[HTTP]&amp#27;[0m &amp#27;[37m-->&amp#27;[39m &amp#27;[37mPOST&amp#27;[39m &amp#27;[37m/session/32d2a80d-dc78-4f3e-a636-c5413edf6ff7/elements&amp#27;[39m
&amp#27;[38;5;0m[HTTP]&amp#27;[0m &amp#27;[90m{"value":"com.fivemobile.thescore:id/text_category_name","using":"id"}&amp#27;[39m
&amp#27;[38;5;32m[AndroidUiautomator2Driver@6457 (32d2a80d)]&amp#27;[0m Calling AppiumDriver.findElements() with args: ["id","com.fivemobile.thescore:id/text_category_name","32d2a80d-dc78-4f3e-a636-c5413edf6ff7"]
&amp#27;[38;5;32m[AndroidUiautomator2Driver@6457 (32d2a80d)]&amp#27;[0m Valid locator strategies for this request: xpath, id, class name, accessibility id, css selector, -android uiautomator
&amp#27;[38;5;32m[AndroidUiautomator2Driver@6457 (32d2a80d)]&amp#27;[0m Waiting up to 10000 ms for condition
&amp#27;[38;5;32m[AndroidUiautomator2Driver@6457 (32d2a80d)]&amp#27;[0m Matched '/elements' to command name 'findElements'
&amp#27;[38;5;32m[AndroidUiautomator2Driver@6457 (32d2a80d)]&amp#27;[0m Proxying [POST /elements] to [POST http://127.0.0.1:8200/session/f5e84c71-f4f7-4f8e-aec7-33a82bd27fec/elements] with body: {"strategy":"id","selector":"com.fivemobile.thescore:id/text_category_name","context":"","multiple":true}
&amp#27;[38;5;32m[AndroidUiautomator2Driver@6457 (32d2a80d)]&amp#27;[0m Got response with status 200: {"sessionId":"f5e84c71-f4f7-4f8e-aec7-33a82bd27fec","value":[{"ELEMENT":"00000000-0000-000c-ffff-ffff00000625","element-6066-11e4-a52e-4f735466cecf":"00000000-0000-000c-ffff-ffff00000625"},{"ELEMENT":"00000000-0000-000c-ffff-ffff0000062b","element-6066-11e4-a52e-4f735466cecf":"00000000-0000-000c-ffff-ffff0000062b"},{"ELEMENT":"00000000-0000-000c-ffff-ffff00000631","element-6066-11e4-a52e-4f735466cecf":"00000000-0000-000c-ffff-ffff00000631"},{"ELEMENT":"00000000-0000-000c-ffff-ffff00000637","element-6066-11e4-a52e-4f735466cecf":"00000000-0000-000c-ffff-ffff00000637"},{"ELEMENT":"00000000-0000-000c-ffff-ffff0000063d","element-6066-11e4-a52e-4f735466cecf":"00000000-0000-000c-ffff-ffff0000063d"},{"ELEMENT":"00000000-0000-000c-ffff-ffff00000647","element-6066-11e4-a52e-4f735466cecf":"00000000-0000-000c-ffff-ffff00000647"},{"ELEMENT":"00000000-0000-000c-ffff-ffff0000064d","element-6066-11e4-a52e-4f735466cecf":"00000000-0000-000c-ffff-ffff0000064d"},{"ELEMENT":"00000000-0000-000c-ffff-ffff00000653","element-6066-...
&amp#27;[38;5;32m[AndroidUiautomator2Driver@6457 (32d2a80d)]&amp#27;[0m Responding to client with driver.findElements() result: [{"element-6066-11e4-a52e-4f735466cecf":"00000000-0000-000c-ffff-ffff00000625","ELEMENT":"00000000-0000-000c-ffff-ffff00000625"},{"element-6066-11e4-a52e-4f735466cecf":"00000000-0000-000c-ffff-ffff0000062b","ELEMENT":"00000000-0000-000c-ffff-ffff0000062b"},{"element-6066-11e4-a52e-4f735466cecf":"00000000-0000-000c-ffff-ffff00000631","ELEMENT":"00000000-0000-000c-ffff-ffff00000631"},{"element-6066-11e4-a52e-4f735466cecf":"00000000-0000-000c-ffff-ffff00000637","ELEMENT":"00000000-0000-000c-ffff-ffff00000637"},{"element-6066-11e4-a52e-4f735466cecf":"00000000-0000-000c-ffff-ffff0000063d","ELEMENT":"00000000-0000-000c-ffff-ffff0000063d"},{"element-6066-11e4-a52e-4f735466cecf":"00000000-0000-000c-ffff-ffff00000647","ELEMENT":"00000000-0000-000c-ffff-ffff00000647"},{"element-6066-11e4-a52e-4f735466cecf":"00000000-0000-000c-ffff-ffff0000064d","ELEMENT":"00000000-0000-000c-ffff-ffff0000064d"},{"element-6066-11e4-a52e-4f735466cecf":"00000000-0000-000c-ffff-ffff00000653","ELEMENT":"00000000-0000-000c-ffff-ffff0000065...
&amp#27;[38;5;0m[HTTP]&amp#27;[0m &amp#27;[37m<-- POST /session/32d2a80d-dc78-4f3e-a636-c5413edf6ff7/elements &amp#27;[39m&amp#27;[32m200&amp#27;[39m &amp#27;[90m119 ms - 1291&amp#27;[39m
&amp#27;[38;5;0m[HTTP]&amp#27;[0m &amp#27;[90m&amp#27;[39m
&amp#27;[38;5;0m[HTTP]&amp#27;[0m &amp#27;[37m-->&amp#27;[39m &amp#27;[37mGET&amp#27;[39m &amp#27;[37m/session/32d2a80d-dc78-4f3e-a636-c5413edf6ff7/element/00000000-0000-000c-ffff-ffff00000631/text&amp#27;[39m
&amp#27;[38;5;0m[HTTP]&amp#27;[0m &amp#27;[90m{}&amp#27;[39m
&amp#27;[38;5;32m[AndroidUiautomator2Driver@6457 (32d2a80d)]&amp#27;[0m Driver proxy active, passing request on via HTTP proxy
&amp#27;[38;5;32m[AndroidUiautomator2Driver@6457 (32d2a80d)]&amp#27;[0m Matched '/session/32d2a80d-dc78-4f3e-a636-c5413edf6ff7/element/00000000-0000-000c-ffff-ffff00000631/text' to command name 'getText'
&amp#27;[38;5;32m[AndroidUiautomator2Driver@6457 (32d2a80d)]&amp#27;[0m Proxying [GET /session/32d2a80d-dc78-4f3e-a636-c5413edf6ff7/element/00000000-0000-000c-ffff-ffff00000631/text] to [GET http://127.0.0.1:8200/session/f5e84c71-f4f7-4f8e-aec7-33a82bd27fec/element/00000000-0000-000c-ffff-ffff00000631/text] with no body
&amp#27;[38;5;32m[AndroidUiautomator2Driver@6457 (32d2a80d)]&amp#27;[0m Got response with status 200: {"sessionId":"f5e84c71-f4f7-4f8e-aec7-33a82bd27fec","value":"Rushing Yards"}
&amp#27;[38;5;32m[AndroidUiautomator2Driver@6457 (32d2a80d)]&amp#27;[0m Replacing sessionId f5e84c71-f4f7-4f8e-aec7-33a82bd27fec with 32d2a80d-dc78-4f3e-a636-c5413edf6ff7
&amp#27;[38;5;0m[HTTP]&amp#27;[0m &amp#27;[37m<-- GET /session/32d2a80d-dc78-4f3e-a636-c5413edf6ff7/element/00000000-0000-000c-ffff-ffff00000631/text &amp#27;[39m&amp#27;[32m200&amp#27;[39m &amp#27;[90m12 ms - 76&amp#27;[39m
&amp#27;[38;5;0m[HTTP]&amp#27;[0m &amp#27;[90m&amp#27;[39m
&amp#27;[38;5;0m[HTTP]&amp#27;[0m &amp#27;[37m-->&amp#27;[39m &amp#27;[37mGET&amp#27;[39m &amp#27;[37m/session/32d2a80d-dc78-4f3e-a636-c5413edf6ff7/context&amp#27;[39m
&amp#27;[38;5;0m[HTTP]&amp#27;[0m &amp#27;[90m{}&amp#27;[39m
&amp#27;[38;5;32m[AndroidUiautomator2Driver@6457 (32d2a80d)]&amp#27;[0m Calling AppiumDriver.getCurrentContext() with args: ["32d2a80d-dc78-4f3e-a636-c5413edf6ff7"]
&amp#27;[38;5;32m[AndroidUiautomator2Driver@6457 (32d2a80d)]&amp#27;[0m Responding to client with driver.getCurrentContext() result: "NATIVE_APP"
&amp#27;[38;5;0m[HTTP]&amp#27;[0m &amp#27;[37m<-- GET /session/32d2a80d-dc78-4f3e-a636-c5413edf6ff7/context &amp#27;[39m&amp#27;[32m200&amp#27;[39m &amp#27;[90m1 ms - 22&amp#27;[39m
&amp#27;[38;5;0m[HTTP]&amp#27;[0m &amp#27;[90m&amp#27;[39m
&amp#27;[38;5;0m[HTTP]&amp#27;[0m &amp#27;[37m-->&amp#27;[39m &amp#27;[37mPOST&amp#27;[39m &amp#27;[37m/session/32d2a80d-dc78-4f3e-a636-c5413edf6ff7/elements&amp#27;[39m
&amp#27;[38;5;0m[HTTP]&amp#27;[0m &amp#27;[90m{"value":"com.fivemobile.thescore:id/text_category_name","using":"id"}&amp#27;[39m
&amp#27;[38;5;32m[AndroidUiautomator2Driver@6457 (32d2a80d)]&amp#27;[0m Calling AppiumDriver.findElements() with args: ["id","com.fivemobile.thescore:id/text_category_name","32d2a80d-dc78-4f3e-a636-c5413edf6ff7"]
&amp#27;[38;5;32m[AndroidUiautomator2Driver@6457 (32d2a80d)]&amp#27;[0m Valid locator strategies for this request: xpath, id, class name, accessibility id, css selector, -android uiautomator
&amp#27;[38;5;32m[AndroidUiautomator2Driver@6457 (32d2a80d)]&amp#27;[0m Waiting up to 10000 ms for condition
&amp#27;[38;5;32m[AndroidUiautomator2Driver@6457 (32d2a80d)]&amp#27;[0m Matched '/elements' to command name 'findElements'
&amp#27;[38;5;32m[AndroidUiautomator2Driver@6457 (32d2a80d)]&amp#27;[0m Proxying [POST /elements] to [POST http://127.0.0.1:8200/session/f5e84c71-f4f7-4f8e-aec7-33a82bd27fec/elements] with body: {"strategy":"id","selector":"com.fivemobile.thescore:id/text_category_name","context":"","multiple":true}
&amp#27;[38;5;32m[AndroidUiautomator2Driver@6457 (32d2a80d)]&amp#27;[0m Got response with status 200: {"sessionId":"f5e84c71-f4f7-4f8e-aec7-33a82bd27fec","value":[{"ELEMENT":"00000000-0000-000c-ffff-ffff00000625","element-6066-11e4-a52e-4f735466cecf":"00000000-0000-000c-ffff-ffff00000625"},{"ELEMENT":"00000000-0000-000c-ffff-ffff0000062b","element-6066-11e4-a52e-4f735466cecf":"00000000-0000-000c-ffff-ffff0000062b"},{"ELEMENT":"00000000-0000-000c-ffff-ffff00000631","element-6066-11e4-a52e-4f735466cecf":"00000000-0000-000c-ffff-ffff00000631"},{"ELEMENT":"00000000-0000-000c-ffff-ffff00000637","element-6066-11e4-a52e-4f735466cecf":"00000000-0000-000c-ffff-ffff00000637"},{"ELEMENT":"00000000-0000-000c-ffff-ffff0000063d","element-6066-11e4-a52e-4f735466cecf":"00000000-0000-000c-ffff-ffff0000063d"},{"ELEMENT":"00000000-0000-000c-ffff-ffff00000647","element-6066-11e4-a52e-4f735466cecf":"00000000-0000-000c-ffff-ffff00000647"},{"ELEMENT":"00000000-0000-000c-ffff-ffff0000064d","element-6066-11e4-a52e-4f735466cecf":"00000000-0000-000c-ffff-ffff0000064d"},{"ELEMENT":"00000000-0000-000c-ffff-ffff00000653","element-6066-...
&amp#27;[38;5;32m[AndroidUiautomator2Driver@6457 (32d2a80d)]&amp#27;[0m Responding to client with driver.findElements() result: [{"element-6066-11e4-a52e-4f735466cecf":"00000000-0000-000c-ffff-ffff00000625","ELEMENT":"00000000-0000-000c-ffff-ffff00000625"},{"element-6066-11e4-a52e-4f735466cecf":"00000000-0000-000c-ffff-ffff0000062b","ELEMENT":"00000000-0000-000c-ffff-ffff0000062b"},{"element-6066-11e4-a52e-4f735466cecf":"00000000-0000-000c-ffff-ffff00000631","ELEMENT":"00000000-0000-000c-ffff-ffff00000631"},{"element-6066-11e4-a52e-4f735466cecf":"00000000-0000-000c-ffff-ffff00000637","ELEMENT":"00000000-0000-000c-ffff-ffff00000637"},{"element-6066-11e4-a52e-4f735466cecf":"00000000-0000-000c-ffff-ffff0000063d","ELEMENT":"00000000-0000-000c-ffff-ffff0000063d"},{"element-6066-11e4-a52e-4f735466cecf":"00000000-0000-000c-ffff-ffff00000647","ELEMENT":"00000000-0000-000c-ffff-ffff00000647"},{"element-6066-11e4-a52e-4f735466cecf":"00000000-0000-000c-ffff-ffff0000064d","ELEMENT":"00000000-0000-000c-ffff-ffff0000064d"},{"element-6066-11e4-a52e-4f735466cecf":"00000000-0000-000c-ffff-ffff00000653","ELEMENT":"00000000-0000-000c-ffff-ffff0000065...
&amp#27;[38;5;0m[HTTP]&amp#27;[0m &amp#27;[37m<-- POST /session/32d2a80d-dc78-4f3e-a636-c5413edf6ff7/elements &amp#27;[39m&amp#27;[32m200&amp#27;[39m &amp#27;[90m104 ms - 1291&amp#27;[39m
&amp#27;[38;5;0m[HTTP]&amp#27;[0m &amp#27;[90m&amp#27;[39m
&amp#27;[38;5;0m[HTTP]&amp#27;[0m &amp#27;[37m-->&amp#27;[39m &amp#27;[37mGET&amp#27;[39m &amp#27;[37m/session/32d2a80d-dc78-4f3e-a636-c5413edf6ff7/element/00000000-0000-000c-ffff-ffff00000631/text&amp#27;[39m
&amp#27;[38;5;0m[HTTP]&amp#27;[0m &amp#27;[90m{}&amp#27;[39m
&amp#27;[38;5;32m[AndroidUiautomator2Driver@6457 (32d2a80d)]&amp#27;[0m Driver proxy active, passing request on via HTTP proxy
&amp#27;[38;5;32m[AndroidUiautomator2Driver@6457 (32d2a80d)]&amp#27;[0m Matched '/session/32d2a80d-dc78-4f3e-a636-c5413edf6ff7/element/00000000-0000-000c-ffff-ffff00000631/text' to command name 'getText'
&amp#27;[38;5;32m[AndroidUiautomator2Driver@6457 (32d2a80d)]&amp#27;[0m Proxying [GET /session/32d2a80d-dc78-4f3e-a636-c5413edf6ff7/element/00000000-0000-000c-ffff-ffff00000631/text] to [GET http://127.0.0.1:8200/session/f5e84c71-f4f7-4f8e-aec7-33a82bd27fec/element/00000000-0000-000c-ffff-ffff00000631/text] with no body
&amp#27;[38;5;32m[AndroidUiautomator2Driver@6457 (32d2a80d)]&amp#27;[0m Got response with status 200: {"sessionId":"f5e84c71-f4f7-4f8e-aec7-33a82bd27fec","value":"Rushing Yards"}
&amp#27;[38;5;32m[AndroidUiautomator2Driver@6457 (32d2a80d)]&amp#27;[0m Replacing sessionId f5e84c71-f4f7-4f8e-aec7-33a82bd27fec with 32d2a80d-dc78-4f3e-a636-c5413edf6ff7
&amp#27;[38;5;0m[HTTP]&amp#27;[0m &amp#27;[37m<-- GET /session/32d2a80d-dc78-4f3e-a636-c5413edf6ff7/element/00000000-0000-000c-ffff-ffff00000631/text &amp#27;[39m&amp#27;[32m200&amp#27;[39m &amp#27;[90m12 ms - 76&amp#27;[39m
&amp#27;[38;5;0m[HTTP]&amp#27;[0m &amp#27;[90m&amp#27;[39m
&amp#27;[38;5;0m[HTTP]&amp#27;[0m &amp#27;[37m-->&amp#27;[39m &amp#27;[37mGET&amp#27;[39m &amp#27;[37m/session/32d2a80d-dc78-4f3e-a636-c5413edf6ff7/context&amp#27;[39m
&amp#27;[38;5;0m[HTTP]&amp#27;[0m &amp#27;[90m{}&amp#27;[39m
&amp#27;[38;5;32m[AndroidUiautomator2Driver@6457 (32d2a80d)]&amp#27;[0m Calling AppiumDriver.getCurrentContext() with args: ["32d2a80d-dc78-4f3e-a636-c5413edf6ff7"]
&amp#27;[38;5;32m[AndroidUiautomator2Driver@6457 (32d2a80d)]&amp#27;[0m Responding to client with driver.getCurrentContext() result: "NATIVE_APP"
&amp#27;[38;5;0m[HTTP]&amp#27;[0m &amp#27;[37m<-- GET /session/32d2a80d-dc78-4f3e-a636-c5413edf6ff7/context &amp#27;[39m&amp#27;[32m200&amp#27;[39m &amp#27;[90m1 ms - 22&amp#27;[39m
&amp#27;[38;5;0m[HTTP]&amp#27;[0m &amp#27;[90m&amp#27;[39m
&amp#27;[38;5;0m[HTTP]&amp#27;[0m &amp#27;[37m-->&amp#27;[39m &amp#27;[37mPOST&amp#27;[39m &amp#27;[37m/session/32d2a80d-dc78-4f3e-a636-c5413edf6ff7/elements&amp#27;[39m
&amp#27;[38;5;0m[HTTP]&amp#27;[0m &amp#27;[90m{"value":"com.fivemobile.thescore:id/text_category_name","using":"id"}&amp#27;[39m
&amp#27;[38;5;32m[AndroidUiautomator2Driver@6457 (32d2a80d)]&amp#27;[0m Calling AppiumDriver.findElements() with args: ["id","com.fivemobile.thescore:id/text_category_name","32d2a80d-dc78-4f3e-a636-c5413edf6ff7"]
&amp#27;[38;5;32m[AndroidUiautomator2Driver@6457 (32d2a80d)]&amp#27;[0m Valid locator strategies for this request: xpath, id, class name, accessibility id, css selector, -android uiautomator
&amp#27;[38;5;32m[AndroidUiautomator2Driver@6457 (32d2a80d)]&amp#27;[0m Waiting up to 10000 ms for condition
&amp#27;[38;5;32m[AndroidUiautomator2Driver@6457 (32d2a80d)]&amp#27;[0m Matched '/elements' to command name 'findElements'
&amp#27;[38;5;32m[AndroidUiautomator2Driver@6457 (32d2a80d)]&amp#27;[0m Proxying [POST /elements] to [POST http://127.0.0.1:8200/session/f5e84c71-f4f7-4f8e-aec7-33a82bd27fec/elements] with body: {"strategy":"id","selector":"com.fivemobile.thescore:id/text_category_name","context":"","multiple":true}
&amp#27;[38;5;32m[AndroidUiautomator2Driver@6457 (32d2a80d)]&amp#27;[0m Got response with status 200: {"sessionId":"f5e84c71-f4f7-4f8e-aec7-33a82bd27fec","value":[{"ELEMENT":"00000000-0000-000c-ffff-ffff00000625","element-6066-11e4-a52e-4f735466cecf":"00000000-0000-000c-ffff-ffff00000625"},{"ELEMENT":"00000000-0000-000c-ffff-ffff0000062b","element-6066-11e4-a52e-4f735466cecf":"00000000-0000-000c-ffff-ffff0000062b"},{"ELEMENT":"00000000-0000-000c-ffff-ffff00000631","element-6066-11e4-a52e-4f735466cecf":"00000000-0000-000c-ffff-ffff00000631"},{"ELEMENT":"00000000-0000-000c-ffff-ffff00000637","element-6066-11e4-a52e-4f735466cecf":"00000000-0000-000c-ffff-ffff00000637"},{"ELEMENT":"00000000-0000-000c-ffff-ffff0000063d","element-6066-11e4-a52e-4f735466cecf":"00000000-0000-000c-ffff-ffff0000063d"},{"ELEMENT":"00000000-0000-000c-ffff-ffff00000647","element-6066-11e4-a52e-4f735466cecf":"00000000-0000-000c-ffff-ffff00000647"},{"ELEMENT":"00000000-0000-000c-ffff-ffff0000064d","element-6066-11e4-a52e-4f735466cecf":"00000000-0000-000c-ffff-ffff0000064d"},{"ELEMENT":"00000000-0000-000c-ffff-ffff00000653","element-6066-...
&amp#27;[38;5;32m[AndroidUiautomator2Driver@6457 (32d2a80d)]&amp#27;[0m Responding to client with driver.findElements() result: [{"element-6066-11e4-a52e-4f735466cecf":"00000000-0000-000c-ffff-ffff00000625","ELEMENT":"00000000-0000-000c-ffff-ffff00000625"},{"element-6066-11e4-a52e-4f735466cecf":"00000000-0000-000c-ffff-ffff0000062b","ELEMENT":"00000000-0000-000c-ffff-ffff0000062b"},{"element-6066-11e4-a52e-4f735466cecf":"00000000-0000-000c-ffff-ffff00000631","ELEMENT":"00000000-0000-000c-ffff-ffff00000631"},{"element-6066-11e4-a52e-4f735466cecf":"00000000-0000-000c-ffff-ffff00000637","ELEMENT":"00000000-0000-000c-ffff-ffff00000637"},{"element-6066-11e4-a52e-4f735466cecf":"00000000-0000-000c-ffff-ffff0000063d","ELEMENT":"00000000-0000-000c-ffff-ffff0000063d"},{"element-6066-11e4-a52e-4f735466cecf":"00000000-0000-000c-ffff-ffff00000647","ELEMENT":"00000000-0000-000c-ffff-ffff00000647"},{"element-6066-11e4-a52e-4f735466cecf":"00000000-0000-000c-ffff-ffff0000064d","ELEMENT":"00000000-0000-000c-ffff-ffff0000064d"},{"element-6066-11e4-a52e-4f735466cecf":"00000000-0000-000c-ffff-ffff00000653","ELEMENT":"00000000-0000-000c-ffff-ffff0000065...
&amp#27;[38;5;0m[HTTP]&amp#27;[0m &amp#27;[37m<-- POST /session/32d2a80d-dc78-4f3e-a636-c5413edf6ff7/elements &amp#27;[39m&amp#27;[32m200&amp#27;[39m &amp#27;[90m128 ms - 1291&amp#27;[39m
&amp#27;[38;5;0m[HTTP]&amp#27;[0m &amp#27;[90m&amp#27;[39m
&amp#27;[38;5;0m[HTTP]&amp#27;[0m &amp#27;[37m-->&amp#27;[39m &amp#27;[37mGET&amp#27;[39m &amp#27;[37m/session/32d2a80d-dc78-4f3e-a636-c5413edf6ff7/element/00000000-0000-000c-ffff-ffff00000631/text&amp#27;[39m
&amp#27;[38;5;0m[HTTP]&amp#27;[0m &amp#27;[90m{}&amp#27;[39m
&amp#27;[38;5;32m[AndroidUiautomator2Driver@6457 (32d2a80d)]&amp#27;[0m Driver proxy active, passing request on via HTTP proxy
&amp#27;[38;5;32m[AndroidUiautomator2Driver@6457 (32d2a80d)]&amp#27;[0m Matched '/session/32d2a80d-dc78-4f3e-a636-c5413edf6ff7/element/00000000-0000-000c-ffff-ffff00000631/text' to command name 'getText'
&amp#27;[38;5;32m[AndroidUiautomator2Driver@6457 (32d2a80d)]&amp#27;[0m Proxying [GET /session/32d2a80d-dc78-4f3e-a636-c5413edf6ff7/element/00000000-0000-000c-ffff-ffff00000631/text] to [GET http://127.0.0.1:8200/session/f5e84c71-f4f7-4f8e-aec7-33a82bd27fec/element/00000000-0000-000c-ffff-ffff00000631/text] with no body
&amp#27;[38;5;32m[AndroidUiautomator2Driver@6457 (32d2a80d)]&amp#27;[0m Got response with status 200: {"sessionId":"f5e84c71-f4f7-4f8e-aec7-33a82bd27fec","value":"Rushing Yards"}
&amp#27;[38;5;32m[AndroidUiautomator2Driver@6457 (32d2a80d)]&amp#27;[0m Replacing sessionId f5e84c71-f4f7-4f8e-aec7-33a82bd27fec with 32d2a80d-dc78-4f3e-a636-c5413edf6ff7
&amp#27;[38;5;0m[HTTP]&amp#27;[0m &amp#27;[37m<-- GET /session/32d2a80d-dc78-4f3e-a636-c5413edf6ff7/element/00000000-0000-000c-ffff-ffff00000631/text &amp#27;[39m&amp#27;[32m200&amp#27;[39m &amp#27;[90m11 ms - 76&amp#27;[39m
&amp#27;[38;5;0m[HTTP]&amp#27;[0m &amp#27;[90m&amp#27;[39m
&amp#27;[38;5;0m[HTTP]&amp#27;[0m &amp#27;[37m-->&amp#27;[39m &amp#27;[37mGET&amp#27;[39m &amp#27;[37m/session/32d2a80d-dc78-4f3e-a636-c5413edf6ff7/context&amp#27;[39m
&amp#27;[38;5;0m[HTTP]&amp#27;[0m &amp#27;[90m{}&amp#27;[39m
&amp#27;[38;5;32m[AndroidUiautomator2Driver@6457 (32d2a80d)]&amp#27;[0m Calling AppiumDriver.getCurrentContext() with args: ["32d2a80d-dc78-4f3e-a636-c5413edf6ff7"]
&amp#27;[38;5;32m[AndroidUiautomator2Driver@6457 (32d2a80d)]&amp#27;[0m Responding to client with driver.getCurrentContext() result: "NATIVE_APP"
&amp#27;[38;5;0m[HTTP]&amp#27;[0m &amp#27;[37m<-- GET /session/32d2a80d-dc78-4f3e-a636-c5413edf6ff7/context &amp#27;[39m&amp#27;[32m200&amp#27;[39m &amp#27;[90m1 ms - 22&amp#27;[39m
&amp#27;[38;5;0m[HTTP]&amp#27;[0m &amp#27;[90m&amp#27;[39m
&amp#27;[38;5;0m[HTTP]&amp#27;[0m &amp#27;[37m-->&amp#27;[39m &amp#27;[37mPOST&amp#27;[39m &amp#27;[37m/session/32d2a80d-dc78-4f3e-a636-c5413edf6ff7/elements&amp#27;[39m
&amp#27;[38;5;0m[HTTP]&amp#27;[0m &amp#27;[90m{"value":"com.fivemobile.thescore:id/text_category_name","using":"id"}&amp#27;[39m
&amp#27;[38;5;32m[AndroidUiautomator2Driver@6457 (32d2a80d)]&amp#27;[0m Calling AppiumDriver.findElements() with args: ["id","com.fivemobile.thescore:id/text_category_name","32d2a80d-dc78-4f3e-a636-c5413edf6ff7"]
&amp#27;[38;5;32m[AndroidUiautomator2Driver@6457 (32d2a80d)]&amp#27;[0m Valid locator strategies for this request: xpath, id, class name, accessibility id, css selector, -android uiautomator
&amp#27;[38;5;32m[AndroidUiautomator2Driver@6457 (32d2a80d)]&amp#27;[0m Waiting up to 10000 ms for condition
&amp#27;[38;5;32m[AndroidUiautomator2Driver@6457 (32d2a80d)]&amp#27;[0m Matched '/elements' to command name 'findElements'
&amp#27;[38;5;32m[AndroidUiautomator2Driver@6457 (32d2a80d)]&amp#27;[0m Proxying [POST /elements] to [POST http://127.0.0.1:8200/session/f5e84c71-f4f7-4f8e-aec7-33a82bd27fec/elements] with body: {"strategy":"id","selector":"com.fivemobile.thescore:id/text_category_name","context":"","multiple":true}
&amp#27;[38;5;32m[AndroidUiautomator2Driver@6457 (32d2a80d)]&amp#27;[0m Got response with status 200: {"sessionId":"f5e84c71-f4f7-4f8e-aec7-33a82bd27fec","value":[{"ELEMENT":"00000000-0000-000c-ffff-ffff00000625","element-6066-11e4-a52e-4f735466cecf":"00000000-0000-000c-ffff-ffff00000625"},{"ELEMENT":"00000000-0000-000c-ffff-ffff0000062b","element-6066-11e4-a52e-4f735466cecf":"00000000-0000-000c-ffff-ffff0000062b"},{"ELEMENT":"00000000-0000-000c-ffff-ffff00000631","element-6066-11e4-a52e-4f735466cecf":"00000000-0000-000c-ffff-ffff00000631"},{"ELEMENT":"00000000-0000-000c-ffff-ffff00000637","element-6066-11e4-a52e-4f735466cecf":"00000000-0000-000c-ffff-ffff00000637"},{"ELEMENT":"00000000-0000-000c-ffff-ffff0000063d","element-6066-11e4-a52e-4f735466cecf":"00000000-0000-000c-ffff-ffff0000063d"},{"ELEMENT":"00000000-0000-000c-ffff-ffff00000647","element-6066-11e4-a52e-4f735466cecf":"00000000-0000-000c-ffff-ffff00000647"},{"ELEMENT":"00000000-0000-000c-ffff-ffff0000064d","element-6066-11e4-a52e-4f735466cecf":"00000000-0000-000c-ffff-ffff0000064d"},{"ELEMENT":"00000000-0000-000c-ffff-ffff00000653","element-6066-...
&amp#27;[38;5;32m[AndroidUiautomator2Driver@6457 (32d2a80d)]&amp#27;[0m Responding to client with driver.findElements() result: [{"element-6066-11e4-a52e-4f735466cecf":"00000000-0000-000c-ffff-ffff00000625","ELEMENT":"00000000-0000-000c-ffff-ffff00000625"},{"element-6066-11e4-a52e-4f735466cecf":"00000000-0000-000c-ffff-ffff0000062b","ELEMENT":"00000000-0000-000c-ffff-ffff0000062b"},{"element-6066-11e4-a52e-4f735466cecf":"00000000-0000-000c-ffff-ffff00000631","ELEMENT":"00000000-0000-000c-ffff-ffff00000631"},{"element-6066-11e4-a52e-4f735466cecf":"00000000-0000-000c-ffff-ffff00000637","ELEMENT":"00000000-0000-000c-ffff-ffff00000637"},{"element-6066-11e4-a52e-4f735466cecf":"00000000-0000-000c-ffff-ffff0000063d","ELEMENT":"00000000-0000-000c-ffff-ffff0000063d"},{"element-6066-11e4-a52e-4f735466cecf":"00000000-0000-000c-ffff-ffff00000647","ELEMENT":"00000000-0000-000c-ffff-ffff00000647"},{"element-6066-11e4-a52e-4f735466cecf":"00000000-0000-000c-ffff-ffff0000064d","ELEMENT":"00000000-0000-000c-ffff-ffff0000064d"},{"element-6066-11e4-a52e-4f735466cecf":"00000000-0000-000c-ffff-ffff00000653","ELEMENT":"00000000-0000-000c-ffff-ffff0000065...
&amp#27;[38;5;0m[HTTP]&amp#27;[0m &amp#27;[37m<-- POST /session/32d2a80d-dc78-4f3e-a636-c5413edf6ff7/elements &amp#27;[39m&amp#27;[32m200&amp#27;[39m &amp#27;[90m105 ms - 1291&amp#27;[39m
&amp#27;[38;5;0m[HTTP]&amp#27;[0m &amp#27;[90m&amp#27;[39m
&amp#27;[38;5;0m[HTTP]&amp#27;[0m &amp#27;[37m-->&amp#27;[39m &amp#27;[37mGET&amp#27;[39m &amp#27;[37m/session/32d2a80d-dc78-4f3e-a636-c5413edf6ff7/element/00000000-0000-000c-ffff-ffff00000631/text&amp#27;[39m
&amp#27;[38;5;0m[HTTP]&amp#27;[0m &amp#27;[90m{}&amp#27;[39m
&amp#27;[38;5;32m[AndroidUiautomator2Driver@6457 (32d2a80d)]&amp#27;[0m Driver proxy active, passing request on via HTTP proxy
&amp#27;[38;5;32m[AndroidUiautomator2Driver@6457 (32d2a80d)]&amp#27;[0m Matched '/session/32d2a80d-dc78-4f3e-a636-c5413edf6ff7/element/00000000-0000-000c-ffff-ffff00000631/text' to command name 'getText'
&amp#27;[38;5;32m[AndroidUiautomator2Driver@6457 (32d2a80d)]&amp#27;[0m Proxying [GET /session/32d2a80d-dc78-4f3e-a636-c5413edf6ff7/element/00000000-0000-000c-ffff-ffff00000631/text] to [GET http://127.0.0.1:8200/session/f5e84c71-f4f7-4f8e-aec7-33a82bd27fec/element/00000000-0000-000c-ffff-ffff00000631/text] with no body
&amp#27;[38;5;32m[AndroidUiautomator2Driver@6457 (32d2a80d)]&amp#27;[0m Got response with status 200: {"sessionId":"f5e84c71-f4f7-4f8e-aec7-33a82bd27fec","value":"Rushing Yards"}
&amp#27;[38;5;32m[AndroidUiautomator2Driver@6457 (32d2a80d)]&amp#27;[0m Replacing sessionId f5e84c71-f4f7-4f8e-aec7-33a82bd27fec with 32d2a80d-dc78-4f3e-a636-c5413edf6ff7
&amp#27;[38;5;0m[HTTP]&amp#27;[0m &amp#27;[37m<-- GET /session/32d2a80d-dc78-4f3e-a636-c5413edf6ff7/element/00000000-0000-000c-ffff-ffff00000631/text &amp#27;[39m&amp#27;[32m200&amp#27;[39m &amp#27;[90m10 ms - 76&amp#27;[39m
&amp#27;[38;5;0m[HTTP]&amp#27;[0m &amp#27;[90m&amp#27;[39m
Text displayed: Rushing Yards
&amp#27;[38;5;0m[HTTP]&amp#27;[0m &amp#27;[37m-->&amp#27;[39m &amp#27;[37mGET&amp#27;[39m &amp#27;[37m/session/32d2a80d-dc78-4f3e-a636-c5413edf6ff7/context&amp#27;[39m
&amp#27;[38;5;0m[HTTP]&amp#27;[0m &amp#27;[90m{}&amp#27;[39m
&amp#27;[38;5;32m[AndroidUiautomator2Driver@6457 (32d2a80d)]&amp#27;[0m Calling AppiumDriver.getCurrentContext() with args: ["32d2a80d-dc78-4f3e-a636-c5413edf6ff7"]
&amp#27;[38;5;32m[AndroidUiautomator2Driver@6457 (32d2a80d)]&amp#27;[0m Responding to client with driver.getCurrentContext() result: "NATIVE_APP"
&amp#27;[38;5;0m[HTTP]&amp#27;[0m &amp#27;[37m<-- GET /session/32d2a80d-dc78-4f3e-a636-c5413edf6ff7/context &amp#27;[39m&amp#27;[32m200&amp#27;[39m &amp#27;[90m1 ms - 22&amp#27;[39m
&amp#27;[38;5;0m[HTTP]&amp#27;[0m &amp#27;[90m&amp#27;[39m
&amp#27;[38;5;0m[HTTP]&amp#27;[0m &amp#27;[37m-->&amp#27;[39m &amp#27;[37mPOST&amp#27;[39m &amp#27;[37m/session/32d2a80d-dc78-4f3e-a636-c5413edf6ff7/elements&amp#27;[39m
&amp#27;[38;5;0m[HTTP]&amp#27;[0m &amp#27;[90m{"value":"com.fivemobile.thescore:id/text_category_name","using":"id"}&amp#27;[39m
&amp#27;[38;5;32m[AndroidUiautomator2Driver@6457 (32d2a80d)]&amp#27;[0m Calling AppiumDriver.findElements() with args: ["id","com.fivemobile.thescore:id/text_category_name","32d2a80d-dc78-4f3e-a636-c5413edf6ff7"]
&amp#27;[38;5;32m[AndroidUiautomator2Driver@6457 (32d2a80d)]&amp#27;[0m Valid locator strategies for this request: xpath, id, class name, accessibility id, css selector, -android uiautomator
&amp#27;[38;5;32m[AndroidUiautomator2Driver@6457 (32d2a80d)]&amp#27;[0m Waiting up to 10000 ms for condition
&amp#27;[38;5;32m[AndroidUiautomator2Driver@6457 (32d2a80d)]&amp#27;[0m Matched '/elements' to command name 'findElements'
&amp#27;[38;5;32m[AndroidUiautomator2Driver@6457 (32d2a80d)]&amp#27;[0m Proxying [POST /elements] to [POST http://127.0.0.1:8200/session/f5e84c71-f4f7-4f8e-aec7-33a82bd27fec/elements] with body: {"strategy":"id","selector":"com.fivemobile.thescore:id/text_category_name","context":"","multiple":true}
&amp#27;[38;5;32m[AndroidUiautomator2Driver@6457 (32d2a80d)]&amp#27;[0m Got response with status 200: {"sessionId":"f5e84c71-f4f7-4f8e-aec7-33a82bd27fec","value":[{"ELEMENT":"00000000-0000-000c-ffff-ffff00000625","element-6066-11e4-a52e-4f735466cecf":"00000000-0000-000c-ffff-ffff00000625"},{"ELEMENT":"00000000-0000-000c-ffff-ffff0000062b","element-6066-11e4-a52e-4f735466cecf":"00000000-0000-000c-ffff-ffff0000062b"},{"ELEMENT":"00000000-0000-000c-ffff-ffff00000631","element-6066-11e4-a52e-4f735466cecf":"00000000-0000-000c-ffff-ffff00000631"},{"ELEMENT":"00000000-0000-000c-ffff-ffff00000637","element-6066-11e4-a52e-4f735466cecf":"00000000-0000-000c-ffff-ffff00000637"},{"ELEMENT":"00000000-0000-000c-ffff-ffff0000063d","element-6066-11e4-a52e-4f735466cecf":"00000000-0000-000c-ffff-ffff0000063d"},{"ELEMENT":"00000000-0000-000c-ffff-ffff00000647","element-6066-11e4-a52e-4f735466cecf":"00000000-0000-000c-ffff-ffff00000647"},{"ELEMENT":"00000000-0000-000c-ffff-ffff0000064d","element-6066-11e4-a52e-4f735466cecf":"00000000-0000-000c-ffff-ffff0000064d"},{"ELEMENT":"00000000-0000-000c-ffff-ffff00000653","element-6066-...
&amp#27;[38;5;32m[AndroidUiautomator2Driver@6457 (32d2a80d)]&amp#27;[0m Responding to client with driver.findElements() result: [{"element-6066-11e4-a52e-4f735466cecf":"00000000-0000-000c-ffff-ffff00000625","ELEMENT":"00000000-0000-000c-ffff-ffff00000625"},{"element-6066-11e4-a52e-4f735466cecf":"00000000-0000-000c-ffff-ffff0000062b","ELEMENT":"00000000-0000-000c-ffff-ffff0000062b"},{"element-6066-11e4-a52e-4f735466cecf":"00000000-0000-000c-ffff-ffff00000631","ELEMENT":"00000000-0000-000c-ffff-ffff00000631"},{"element-6066-11e4-a52e-4f735466cecf":"00000000-0000-000c-ffff-ffff00000637","ELEMENT":"00000000-0000-000c-ffff-ffff00000637"},{"element-6066-11e4-a52e-4f735466cecf":"00000000-0000-000c-ffff-ffff0000063d","ELEMENT":"00000000-0000-000c-ffff-ffff0000063d"},{"element-6066-11e4-a52e-4f735466cecf":"00000000-0000-000c-ffff-ffff00000647","ELEMENT":"00000000-0000-000c-ffff-ffff00000647"},{"element-6066-11e4-a52e-4f735466cecf":"00000000-0000-000c-ffff-ffff0000064d","ELEMENT":"00000000-0000-000c-ffff-ffff0000064d"},{"element-6066-11e4-a52e-4f735466cecf":"00000000-0000-000c-ffff-ffff00000653","ELEMENT":"00000000-0000-000c-ffff-ffff0000065...
&amp#27;[38;5;0m[HTTP]&amp#27;[0m &amp#27;[37m<-- POST /session/32d2a80d-dc78-4f3e-a636-c5413edf6ff7/elements &amp#27;[39m&amp#27;[32m200&amp#27;[39m &amp#27;[90m116 ms - 1291&amp#27;[39m
&amp#27;[38;5;0m[HTTP]&amp#27;[0m &amp#27;[90m&amp#27;[39m
&amp#27;[38;5;0m[HTTP]&amp#27;[0m &amp#27;[37m-->&amp#27;[39m &amp#27;[37mGET&amp#27;[39m &amp#27;[37m/session/32d2a80d-dc78-4f3e-a636-c5413edf6ff7/context&amp#27;[39m
&amp#27;[38;5;0m[HTTP]&amp#27;[0m &amp#27;[90m{}&amp#27;[39m
&amp#27;[38;5;32m[AndroidUiautomator2Driver@6457 (32d2a80d)]&amp#27;[0m Calling AppiumDriver.getCurrentContext() with args: ["32d2a80d-dc78-4f3e-a636-c5413edf6ff7"]
&amp#27;[38;5;32m[AndroidUiautomator2Driver@6457 (32d2a80d)]&amp#27;[0m Responding to client with driver.getCurrentContext() result: "NATIVE_APP"
&amp#27;[38;5;0m[HTTP]&amp#27;[0m &amp#27;[37m<-- GET /session/32d2a80d-dc78-4f3e-a636-c5413edf6ff7/context &amp#27;[39m&amp#27;[32m200&amp#27;[39m &amp#27;[90m1 ms - 22&amp#27;[39m
&amp#27;[38;5;0m[HTTP]&amp#27;[0m &amp#27;[90m&amp#27;[39m
&amp#27;[38;5;0m[HTTP]&amp#27;[0m &amp#27;[37m-->&amp#27;[39m &amp#27;[37mPOST&amp#27;[39m &amp#27;[37m/session/32d2a80d-dc78-4f3e-a636-c5413edf6ff7/elements&amp#27;[39m
&amp#27;[38;5;0m[HTTP]&amp#27;[0m &amp#27;[90m{"value":"com.fivemobile.thescore:id/text_category_name","using":"id"}&amp#27;[39m
&amp#27;[38;5;32m[AndroidUiautomator2Driver@6457 (32d2a80d)]&amp#27;[0m Calling AppiumDriver.findElements() with args: ["id","com.fivemobile.thescore:id/text_category_name","32d2a80d-dc78-4f3e-a636-c5413edf6ff7"]
&amp#27;[38;5;32m[AndroidUiautomator2Driver@6457 (32d2a80d)]&amp#27;[0m Valid locator strategies for this request: xpath, id, class name, accessibility id, css selector, -android uiautomator
&amp#27;[38;5;32m[AndroidUiautomator2Driver@6457 (32d2a80d)]&amp#27;[0m Waiting up to 10000 ms for condition
&amp#27;[38;5;32m[AndroidUiautomator2Driver@6457 (32d2a80d)]&amp#27;[0m Matched '/elements' to command name 'findElements'
&amp#27;[38;5;32m[AndroidUiautomator2Driver@6457 (32d2a80d)]&amp#27;[0m Proxying [POST /elements] to [POST http://127.0.0.1:8200/session/f5e84c71-f4f7-4f8e-aec7-33a82bd27fec/elements] with body: {"strategy":"id","selector":"com.fivemobile.thescore:id/text_category_name","context":"","multiple":true}
&amp#27;[38;5;32m[AndroidUiautomator2Driver@6457 (32d2a80d)]&amp#27;[0m Got response with status 200: {"sessionId":"f5e84c71-f4f7-4f8e-aec7-33a82bd27fec","value":[{"ELEMENT":"00000000-0000-000c-ffff-ffff00000625","element-6066-11e4-a52e-4f735466cecf":"00000000-0000-000c-ffff-ffff00000625"},{"ELEMENT":"00000000-0000-000c-ffff-ffff0000062b","element-6066-11e4-a52e-4f735466cecf":"00000000-0000-000c-ffff-ffff0000062b"},{"ELEMENT":"00000000-0000-000c-ffff-ffff00000631","element-6066-11e4-a52e-4f735466cecf":"00000000-0000-000c-ffff-ffff00000631"},{"ELEMENT":"00000000-0000-000c-ffff-ffff00000637","element-6066-11e4-a52e-4f735466cecf":"00000000-0000-000c-ffff-ffff00000637"},{"ELEMENT":"00000000-0000-000c-ffff-ffff0000063d","element-6066-11e4-a52e-4f735466cecf":"00000000-0000-000c-ffff-ffff0000063d"},{"ELEMENT":"00000000-0000-000c-ffff-ffff00000647","element-6066-11e4-a52e-4f735466cecf":"00000000-0000-000c-ffff-ffff00000647"},{"ELEMENT":"00000000-0000-000c-ffff-ffff0000064d","element-6066-11e4-a52e-4f735466cecf":"00000000-0000-000c-ffff-ffff0000064d"},{"ELEMENT":"00000000-0000-000c-ffff-ffff00000653","element-6066-...
&amp#27;[38;5;32m[AndroidUiautomator2Driver@6457 (32d2a80d)]&amp#27;[0m Responding to client with driver.findElements() result: [{"element-6066-11e4-a52e-4f735466cecf":"00000000-0000-000c-ffff-ffff00000625","ELEMENT":"00000000-0000-000c-ffff-ffff00000625"},{"element-6066-11e4-a52e-4f735466cecf":"00000000-0000-000c-ffff-ffff0000062b","ELEMENT":"00000000-0000-000c-ffff-ffff0000062b"},{"element-6066-11e4-a52e-4f735466cecf":"00000000-0000-000c-ffff-ffff00000631","ELEMENT":"00000000-0000-000c-ffff-ffff00000631"},{"element-6066-11e4-a52e-4f735466cecf":"00000000-0000-000c-ffff-ffff00000637","ELEMENT":"00000000-0000-000c-ffff-ffff00000637"},{"element-6066-11e4-a52e-4f735466cecf":"00000000-0000-000c-ffff-ffff0000063d","ELEMENT":"00000000-0000-000c-ffff-ffff0000063d"},{"element-6066-11e4-a52e-4f735466cecf":"00000000-0000-000c-ffff-ffff00000647","ELEMENT":"00000000-0000-000c-ffff-ffff00000647"},{"element-6066-11e4-a52e-4f735466cecf":"00000000-0000-000c-ffff-ffff0000064d","ELEMENT":"00000000-0000-000c-ffff-ffff0000064d"},{"element-6066-11e4-a52e-4f735466cecf":"00000000-0000-000c-ffff-ffff00000653","ELEMENT":"00000000-0000-000c-ffff-ffff0000065...
&amp#27;[38;5;0m[HTTP]&amp#27;[0m &amp#27;[37m<-- POST /session/32d2a80d-dc78-4f3e-a636-c5413edf6ff7/elements &amp#27;[39m&amp#27;[32m200&amp#27;[39m &amp#27;[90m112 ms - 1291&amp#27;[39m
&amp#27;[38;5;0m[HTTP]&amp#27;[0m &amp#27;[90m&amp#27;[39m
&amp#27;[38;5;0m[HTTP]&amp#27;[0m &amp#27;[37m-->&amp#27;[39m &amp#27;[37mGET&amp#27;[39m &amp#27;[37m/session/32d2a80d-dc78-4f3e-a636-c5413edf6ff7/element/00000000-0000-000c-ffff-ffff00000637/text&amp#27;[39m
&amp#27;[38;5;0m[HTTP]&amp#27;[0m &amp#27;[90m{}&amp#27;[39m
&amp#27;[38;5;32m[AndroidUiautomator2Driver@6457 (32d2a80d)]&amp#27;[0m Driver proxy active, passing request on via HTTP proxy
&amp#27;[38;5;32m[AndroidUiautomator2Driver@6457 (32d2a80d)]&amp#27;[0m Matched '/session/32d2a80d-dc78-4f3e-a636-c5413edf6ff7/element/00000000-0000-000c-ffff-ffff00000637/text' to command name 'getText'
&amp#27;[38;5;32m[AndroidUiautomator2Driver@6457 (32d2a80d)]&amp#27;[0m Proxying [GET /session/32d2a80d-dc78-4f3e-a636-c5413edf6ff7/element/00000000-0000-000c-ffff-ffff00000637/text] to [GET http://127.0.0.1:8200/session/f5e84c71-f4f7-4f8e-aec7-33a82bd27fec/element/00000000-0000-000c-ffff-ffff00000637/text] with no body
&amp#27;[38;5;32m[AndroidUiautomator2Driver@6457 (32d2a80d)]&amp#27;[0m Got response with status 200: {"sessionId":"f5e84c71-f4f7-4f8e-aec7-33a82bd27fec","value":"Points"}
&amp#27;[38;5;32m[AndroidUiautomator2Driver@6457 (32d2a80d)]&amp#27;[0m Replacing sessionId f5e84c71-f4f7-4f8e-aec7-33a82bd27fec with 32d2a80d-dc78-4f3e-a636-c5413edf6ff7
&amp#27;[38;5;0m[HTTP]&amp#27;[0m &amp#27;[37m<-- GET /session/32d2a80d-dc78-4f3e-a636-c5413edf6ff7/element/00000000-0000-000c-ffff-ffff00000637/text &amp#27;[39m&amp#27;[32m200&amp#27;[39m &amp#27;[90m10 ms - 69&amp#27;[39m
&amp#27;[38;5;0m[HTTP]&amp#27;[0m &amp#27;[90m&amp#27;[39m
&amp#27;[38;5;0m[HTTP]&amp#27;[0m &amp#27;[37m-->&amp#27;[39m &amp#27;[37mGET&amp#27;[39m &amp#27;[37m/session/32d2a80d-dc78-4f3e-a636-c5413edf6ff7/context&amp#27;[39m
&amp#27;[38;5;0m[HTTP]&amp#27;[0m &amp#27;[90m{}&amp#27;[39m
&amp#27;[38;5;32m[AndroidUiautomator2Driver@6457 (32d2a80d)]&amp#27;[0m Calling AppiumDriver.getCurrentContext() with args: ["32d2a80d-dc78-4f3e-a636-c5413edf6ff7"]
&amp#27;[38;5;32m[AndroidUiautomator2Driver@6457 (32d2a80d)]&amp#27;[0m Responding to client with driver.getCurrentContext() result: "NATIVE_APP"
&amp#27;[38;5;0m[HTTP]&amp#27;[0m &amp#27;[37m<-- GET /session/32d2a80d-dc78-4f3e-a636-c5413edf6ff7/context &amp#27;[39m&amp#27;[32m200&amp#27;[39m &amp#27;[90m1 ms - 22&amp#27;[39m
&amp#27;[38;5;0m[HTTP]&amp#27;[0m &amp#27;[90m&amp#27;[39m
&amp#27;[38;5;0m[HTTP]&amp#27;[0m &amp#27;[37m-->&amp#27;[39m &amp#27;[37mPOST&amp#27;[39m &amp#27;[37m/session/32d2a80d-dc78-4f3e-a636-c5413edf6ff7/elements&amp#27;[39m
&amp#27;[38;5;0m[HTTP]&amp#27;[0m &amp#27;[90m{"value":"com.fivemobile.thescore:id/text_category_name","using":"id"}&amp#27;[39m
&amp#27;[38;5;32m[AndroidUiautomator2Driver@6457 (32d2a80d)]&amp#27;[0m Calling AppiumDriver.findElements() with args: ["id","com.fivemobile.thescore:id/text_category_name","32d2a80d-dc78-4f3e-a636-c5413edf6ff7"]
&amp#27;[38;5;32m[AndroidUiautomator2Driver@6457 (32d2a80d)]&amp#27;[0m Valid locator strategies for this request: xpath, id, class name, accessibility id, css selector, -android uiautomator
&amp#27;[38;5;32m[AndroidUiautomator2Driver@6457 (32d2a80d)]&amp#27;[0m Waiting up to 10000 ms for condition
&amp#27;[38;5;32m[AndroidUiautomator2Driver@6457 (32d2a80d)]&amp#27;[0m Matched '/elements' to command name 'findElements'
&amp#27;[38;5;32m[AndroidUiautomator2Driver@6457 (32d2a80d)]&amp#27;[0m Proxying [POST /elements] to [POST http://127.0.0.1:8200/session/f5e84c71-f4f7-4f8e-aec7-33a82bd27fec/elements] with body: {"strategy":"id","selector":"com.fivemobile.thescore:id/text_category_name","context":"","multiple":true}
&amp#27;[38;5;32m[AndroidUiautomator2Driver@6457 (32d2a80d)]&amp#27;[0m Got response with status 200: {"sessionId":"f5e84c71-f4f7-4f8e-aec7-33a82bd27fec","value":[{"ELEMENT":"00000000-0000-000c-ffff-ffff00000625","element-6066-11e4-a52e-4f735466cecf":"00000000-0000-000c-ffff-ffff00000625"},{"ELEMENT":"00000000-0000-000c-ffff-ffff0000062b","element-6066-11e4-a52e-4f735466cecf":"00000000-0000-000c-ffff-ffff0000062b"},{"ELEMENT":"00000000-0000-000c-ffff-ffff00000631","element-6066-11e4-a52e-4f735466cecf":"00000000-0000-000c-ffff-ffff00000631"},{"ELEMENT":"00000000-0000-000c-ffff-ffff00000637","element-6066-11e4-a52e-4f735466cecf":"00000000-0000-000c-ffff-ffff00000637"},{"ELEMENT":"00000000-0000-000c-ffff-ffff0000063d","element-6066-11e4-a52e-4f735466cecf":"00000000-0000-000c-ffff-ffff0000063d"},{"ELEMENT":"00000000-0000-000c-ffff-ffff00000647","element-6066-11e4-a52e-4f735466cecf":"00000000-0000-000c-ffff-ffff00000647"},{"ELEMENT":"00000000-0000-000c-ffff-ffff0000064d","element-6066-11e4-a52e-4f735466cecf":"00000000-0000-000c-ffff-ffff0000064d"},{"ELEMENT":"00000000-0000-000c-ffff-ffff00000653","element-6066-...
&amp#27;[38;5;32m[AndroidUiautomator2Driver@6457 (32d2a80d)]&amp#27;[0m Responding to client with driver.findElements() result: [{"element-6066-11e4-a52e-4f735466cecf":"00000000-0000-000c-ffff-ffff00000625","ELEMENT":"00000000-0000-000c-ffff-ffff00000625"},{"element-6066-11e4-a52e-4f735466cecf":"00000000-0000-000c-ffff-ffff0000062b","ELEMENT":"00000000-0000-000c-ffff-ffff0000062b"},{"element-6066-11e4-a52e-4f735466cecf":"00000000-0000-000c-ffff-ffff00000631","ELEMENT":"00000000-0000-000c-ffff-ffff00000631"},{"element-6066-11e4-a52e-4f735466cecf":"00000000-0000-000c-ffff-ffff00000637","ELEMENT":"00000000-0000-000c-ffff-ffff00000637"},{"element-6066-11e4-a52e-4f735466cecf":"00000000-0000-000c-ffff-ffff0000063d","ELEMENT":"00000000-0000-000c-ffff-ffff0000063d"},{"element-6066-11e4-a52e-4f735466cecf":"00000000-0000-000c-ffff-ffff00000647","ELEMENT":"00000000-0000-000c-ffff-ffff00000647"},{"element-6066-11e4-a52e-4f735466cecf":"00000000-0000-000c-ffff-ffff0000064d","ELEMENT":"00000000-0000-000c-ffff-ffff0000064d"},{"element-6066-11e4-a52e-4f735466cecf":"00000000-0000-000c-ffff-ffff00000653","ELEMENT":"00000000-0000-000c-ffff-ffff0000065...
&amp#27;[38;5;0m[HTTP]&amp#27;[0m &amp#27;[37m<-- POST /session/32d2a80d-dc78-4f3e-a636-c5413edf6ff7/elements &amp#27;[39m&amp#27;[32m200&amp#27;[39m &amp#27;[90m103 ms - 1291&amp#27;[39m
&amp#27;[38;5;0m[HTTP]&amp#27;[0m &amp#27;[90m&amp#27;[39m
&amp#27;[38;5;0m[HTTP]&amp#27;[0m &amp#27;[37m-->&amp#27;[39m &amp#27;[37mGET&amp#27;[39m &amp#27;[37m/session/32d2a80d-dc78-4f3e-a636-c5413edf6ff7/element/00000000-0000-000c-ffff-ffff00000637/text&amp#27;[39m
&amp#27;[38;5;0m[HTTP]&amp#27;[0m &amp#27;[90m{}&amp#27;[39m
&amp#27;[38;5;32m[AndroidUiautomator2Driver@6457 (32d2a80d)]&amp#27;[0m Driver proxy active, passing request on via HTTP proxy
&amp#27;[38;5;32m[AndroidUiautomator2Driver@6457 (32d2a80d)]&amp#27;[0m Matched '/session/32d2a80d-dc78-4f3e-a636-c5413edf6ff7/element/00000000-0000-000c-ffff-ffff00000637/text' to command name 'getText'
&amp#27;[38;5;32m[AndroidUiautomator2Driver@6457 (32d2a80d)]&amp#27;[0m Proxying [GET /session/32d2a80d-dc78-4f3e-a636-c5413edf6ff7/element/00000000-0000-000c-ffff-ffff00000637/text] to [GET http://127.0.0.1:8200/session/f5e84c71-f4f7-4f8e-aec7-33a82bd27fec/element/00000000-0000-000c-ffff-ffff00000637/text] with no body
&amp#27;[38;5;32m[AndroidUiautomator2Driver@6457 (32d2a80d)]&amp#27;[0m Got response with status 200: {"sessionId":"f5e84c71-f4f7-4f8e-aec7-33a82bd27fec","value":"Points"}
&amp#27;[38;5;32m[AndroidUiautomator2Driver@6457 (32d2a80d)]&amp#27;[0m Replacing sessionId f5e84c71-f4f7-4f8e-aec7-33a82bd27fec with 32d2a80d-dc78-4f3e-a636-c5413edf6ff7
&amp#27;[38;5;0m[HTTP]&amp#27;[0m &amp#27;[37m<-- GET /session/32d2a80d-dc78-4f3e-a636-c5413edf6ff7/element/00000000-0000-000c-ffff-ffff00000637/text &amp#27;[39m&amp#27;[32m200&amp#27;[39m &amp#27;[90m10 ms - 69&amp#27;[39m
&amp#27;[38;5;0m[HTTP]&amp#27;[0m &amp#27;[90m&amp#27;[39m
&amp#27;[38;5;0m[HTTP]&amp#27;[0m &amp#27;[37m-->&amp#27;[39m &amp#27;[37mGET&amp#27;[39m &amp#27;[37m/session/32d2a80d-dc78-4f3e-a636-c5413edf6ff7/context&amp#27;[39m
&amp#27;[38;5;0m[HTTP]&amp#27;[0m &amp#27;[90m{}&amp#27;[39m
&amp#27;[38;5;32m[AndroidUiautomator2Driver@6457 (32d2a80d)]&amp#27;[0m Calling AppiumDriver.getCurrentContext() with args: ["32d2a80d-dc78-4f3e-a636-c5413edf6ff7"]
&amp#27;[38;5;32m[AndroidUiautomator2Driver@6457 (32d2a80d)]&amp#27;[0m Responding to client with driver.getCurrentContext() result: "NATIVE_APP"
&amp#27;[38;5;0m[HTTP]&amp#27;[0m &amp#27;[37m<-- GET /session/32d2a80d-dc78-4f3e-a636-c5413edf6ff7/context &amp#27;[39m&amp#27;[32m200&amp#27;[39m &amp#27;[90m1 ms - 22&amp#27;[39m
&amp#27;[38;5;0m[HTTP]&amp#27;[0m &amp#27;[90m&amp#27;[39m
&amp#27;[38;5;0m[HTTP]&amp#27;[0m &amp#27;[37m-->&amp#27;[39m &amp#27;[37mPOST&amp#27;[39m &amp#27;[37m/session/32d2a80d-dc78-4f3e-a636-c5413edf6ff7/elements&amp#27;[39m
&amp#27;[38;5;0m[HTTP]&amp#27;[0m &amp#27;[90m{"value":"com.fivemobile.thescore:id/text_category_name","using":"id"}&amp#27;[39m
&amp#27;[38;5;32m[AndroidUiautomator2Driver@6457 (32d2a80d)]&amp#27;[0m Calling AppiumDriver.findElements() with args: ["id","com.fivemobile.thescore:id/text_category_name","32d2a80d-dc78-4f3e-a636-c5413edf6ff7"]
&amp#27;[38;5;32m[AndroidUiautomator2Driver@6457 (32d2a80d)]&amp#27;[0m Valid locator strategies for this request: xpath, id, class name, accessibility id, css selector, -android uiautomator
&amp#27;[38;5;32m[AndroidUiautomator2Driver@6457 (32d2a80d)]&amp#27;[0m Waiting up to 10000 ms for condition
&amp#27;[38;5;32m[AndroidUiautomator2Driver@6457 (32d2a80d)]&amp#27;[0m Matched '/elements' to command name 'findElements'
&amp#27;[38;5;32m[AndroidUiautomator2Driver@6457 (32d2a80d)]&amp#27;[0m Proxying [POST /elements] to [POST http://127.0.0.1:8200/session/f5e84c71-f4f7-4f8e-aec7-33a82bd27fec/elements] with body: {"strategy":"id","selector":"com.fivemobile.thescore:id/text_category_name","context":"","multiple":true}
&amp#27;[38;5;32m[AndroidUiautomator2Driver@6457 (32d2a80d)]&amp#27;[0m Got response with status 200: {"sessionId":"f5e84c71-f4f7-4f8e-aec7-33a82bd27fec","value":[{"ELEMENT":"00000000-0000-000c-ffff-ffff00000625","element-6066-11e4-a52e-4f735466cecf":"00000000-0000-000c-ffff-ffff00000625"},{"ELEMENT":"00000000-0000-000c-ffff-ffff0000062b","element-6066-11e4-a52e-4f735466cecf":"00000000-0000-000c-ffff-ffff0000062b"},{"ELEMENT":"00000000-0000-000c-ffff-ffff00000631","element-6066-11e4-a52e-4f735466cecf":"00000000-0000-000c-ffff-ffff00000631"},{"ELEMENT":"00000000-0000-000c-ffff-ffff00000637","element-6066-11e4-a52e-4f735466cecf":"00000000-0000-000c-ffff-ffff00000637"},{"ELEMENT":"00000000-0000-000c-ffff-ffff0000063d","element-6066-11e4-a52e-4f735466cecf":"00000000-0000-000c-ffff-ffff0000063d"},{"ELEMENT":"00000000-0000-000c-ffff-ffff00000647","element-6066-11e4-a52e-4f735466cecf":"00000000-0000-000c-ffff-ffff00000647"},{"ELEMENT":"00000000-0000-000c-ffff-ffff0000064d","element-6066-11e4-a52e-4f735466cecf":"00000000-0000-000c-ffff-ffff0000064d"},{"ELEMENT":"00000000-0000-000c-ffff-ffff00000653","element-6066-...
&amp#27;[38;5;32m[AndroidUiautomator2Driver@6457 (32d2a80d)]&amp#27;[0m Responding to client with driver.findElements() result: [{"element-6066-11e4-a52e-4f735466cecf":"00000000-0000-000c-ffff-ffff00000625","ELEMENT":"00000000-0000-000c-ffff-ffff00000625"},{"element-6066-11e4-a52e-4f735466cecf":"00000000-0000-000c-ffff-ffff0000062b","ELEMENT":"00000000-0000-000c-ffff-ffff0000062b"},{"element-6066-11e4-a52e-4f735466cecf":"00000000-0000-000c-ffff-ffff00000631","ELEMENT":"00000000-0000-000c-ffff-ffff00000631"},{"element-6066-11e4-a52e-4f735466cecf":"00000000-0000-000c-ffff-ffff00000637","ELEMENT":"00000000-0000-000c-ffff-ffff00000637"},{"element-6066-11e4-a52e-4f735466cecf":"00000000-0000-000c-ffff-ffff0000063d","ELEMENT":"00000000-0000-000c-ffff-ffff0000063d"},{"element-6066-11e4-a52e-4f735466cecf":"00000000-0000-000c-ffff-ffff00000647","ELEMENT":"00000000-0000-000c-ffff-ffff00000647"},{"element-6066-11e4-a52e-4f735466cecf":"00000000-0000-000c-ffff-ffff0000064d","ELEMENT":"00000000-0000-000c-ffff-ffff0000064d"},{"element-6066-11e4-a52e-4f735466cecf":"00000000-0000-000c-ffff-ffff00000653","ELEMENT":"00000000-0000-000c-ffff-ffff0000065...
&amp#27;[38;5;0m[HTTP]&amp#27;[0m &amp#27;[37m<-- POST /session/32d2a80d-dc78-4f3e-a636-c5413edf6ff7/elements &amp#27;[39m&amp#27;[32m200&amp#27;[39m &amp#27;[90m109 ms - 1291&amp#27;[39m
&amp#27;[38;5;0m[HTTP]&amp#27;[0m &amp#27;[90m&amp#27;[39m
&amp#27;[38;5;0m[HTTP]&amp#27;[0m &amp#27;[37m-->&amp#27;[39m &amp#27;[37mGET&amp#27;[39m &amp#27;[37m/session/32d2a80d-dc78-4f3e-a636-c5413edf6ff7/element/00000000-0000-000c-ffff-ffff00000637/text&amp#27;[39m
&amp#27;[38;5;0m[HTTP]&amp#27;[0m &amp#27;[90m{}&amp#27;[39m
&amp#27;[38;5;32m[AndroidUiautomator2Driver@6457 (32d2a80d)]&amp#27;[0m Driver proxy active, passing request on via HTTP proxy
&amp#27;[38;5;32m[AndroidUiautomator2Driver@6457 (32d2a80d)]&amp#27;[0m Matched '/session/32d2a80d-dc78-4f3e-a636-c5413edf6ff7/element/00000000-0000-000c-ffff-ffff00000637/text' to command name 'getText'
&amp#27;[38;5;32m[AndroidUiautomator2Driver@6457 (32d2a80d)]&amp#27;[0m Proxying [GET /session/32d2a80d-dc78-4f3e-a636-c5413edf6ff7/element/00000000-0000-000c-ffff-ffff00000637/text] to [GET http://127.0.0.1:8200/session/f5e84c71-f4f7-4f8e-aec7-33a82bd27fec/element/00000000-0000-000c-ffff-ffff00000637/text] with no body
&amp#27;[38;5;32m[AndroidUiautomator2Driver@6457 (32d2a80d)]&amp#27;[0m Got response with status 200: {"sessionId":"f5e84c71-f4f7-4f8e-aec7-33a82bd27fec","value":"Points"}
&amp#27;[38;5;32m[AndroidUiautomator2Driver@6457 (32d2a80d)]&amp#27;[0m Replacing sessionId f5e84c71-f4f7-4f8e-aec7-33a82bd27fec with 32d2a80d-dc78-4f3e-a636-c5413edf6ff7
&amp#27;[38;5;0m[HTTP]&amp#27;[0m &amp#27;[37m<-- GET /session/32d2a80d-dc78-4f3e-a636-c5413edf6ff7/element/00000000-0000-000c-ffff-ffff00000637/text &amp#27;[39m&amp#27;[32m200&amp#27;[39m &amp#27;[90m11 ms - 69&amp#27;[39m
&amp#27;[38;5;0m[HTTP]&amp#27;[0m &amp#27;[90m&amp#27;[39m
&amp#27;[38;5;0m[HTTP]&amp#27;[0m &amp#27;[37m-->&amp#27;[39m &amp#27;[37mGET&amp#27;[39m &amp#27;[37m/session/32d2a80d-dc78-4f3e-a636-c5413edf6ff7/context&amp#27;[39m
&amp#27;[38;5;0m[HTTP]&amp#27;[0m &amp#27;[90m{}&amp#27;[39m
&amp#27;[38;5;32m[AndroidUiautomator2Driver@6457 (32d2a80d)]&amp#27;[0m Calling AppiumDriver.getCurrentContext() with args: ["32d2a80d-dc78-4f3e-a636-c5413edf6ff7"]
&amp#27;[38;5;32m[AndroidUiautomator2Driver@6457 (32d2a80d)]&amp#27;[0m Responding to client with driver.getCurrentContext() result: "NATIVE_APP"
&amp#27;[38;5;0m[HTTP]&amp#27;[0m &amp#27;[37m<-- GET /session/32d2a80d-dc78-4f3e-a636-c5413edf6ff7/context &amp#27;[39m&amp#27;[32m200&amp#27;[39m &amp#27;[90m1 ms - 22&amp#27;[39m
&amp#27;[38;5;0m[HTTP]&amp#27;[0m &amp#27;[90m&amp#27;[39m
&amp#27;[38;5;0m[HTTP]&amp#27;[0m &amp#27;[37m-->&amp#27;[39m &amp#27;[37mPOST&amp#27;[39m &amp#27;[37m/session/32d2a80d-dc78-4f3e-a636-c5413edf6ff7/elements&amp#27;[39m
&amp#27;[38;5;0m[HTTP]&amp#27;[0m &amp#27;[90m{"value":"com.fivemobile.thescore:id/text_category_name","using":"id"}&amp#27;[39m
&amp#27;[38;5;32m[AndroidUiautomator2Driver@6457 (32d2a80d)]&amp#27;[0m Calling AppiumDriver.findElements() with args: ["id","com.fivemobile.thescore:id/text_category_name","32d2a80d-dc78-4f3e-a636-c5413edf6ff7"]
&amp#27;[38;5;32m[AndroidUiautomator2Driver@6457 (32d2a80d)]&amp#27;[0m Valid locator strategies for this request: xpath, id, class name, accessibility id, css selector, -android uiautomator
&amp#27;[38;5;32m[AndroidUiautomator2Driver@6457 (32d2a80d)]&amp#27;[0m Waiting up to 10000 ms for condition
&amp#27;[38;5;32m[AndroidUiautomator2Driver@6457 (32d2a80d)]&amp#27;[0m Matched '/elements' to command name 'findElements'
&amp#27;[38;5;32m[AndroidUiautomator2Driver@6457 (32d2a80d)]&amp#27;[0m Proxying [POST /elements] to [POST http://127.0.0.1:8200/session/f5e84c71-f4f7-4f8e-aec7-33a82bd27fec/elements] with body: {"strategy":"id","selector":"com.fivemobile.thescore:id/text_category_name","context":"","multiple":true}
&amp#27;[38;5;32m[AndroidUiautomator2Driver@6457 (32d2a80d)]&amp#27;[0m Got response with status 200: {"sessionId":"f5e84c71-f4f7-4f8e-aec7-33a82bd27fec","value":[{"ELEMENT":"00000000-0000-000c-ffff-ffff00000625","element-6066-11e4-a52e-4f735466cecf":"00000000-0000-000c-ffff-ffff00000625"},{"ELEMENT":"00000000-0000-000c-ffff-ffff0000062b","element-6066-11e4-a52e-4f735466cecf":"00000000-0000-000c-ffff-ffff0000062b"},{"ELEMENT":"00000000-0000-000c-ffff-ffff00000631","element-6066-11e4-a52e-4f735466cecf":"00000000-0000-000c-ffff-ffff00000631"},{"ELEMENT":"00000000-0000-000c-ffff-ffff00000637","element-6066-11e4-a52e-4f735466cecf":"00000000-0000-000c-ffff-ffff00000637"},{"ELEMENT":"00000000-0000-000c-ffff-ffff0000063d","element-6066-11e4-a52e-4f735466cecf":"00000000-0000-000c-ffff-ffff0000063d"},{"ELEMENT":"00000000-0000-000c-ffff-ffff00000647","element-6066-11e4-a52e-4f735466cecf":"00000000-0000-000c-ffff-ffff00000647"},{"ELEMENT":"00000000-0000-000c-ffff-ffff0000064d","element-6066-11e4-a52e-4f735466cecf":"00000000-0000-000c-ffff-ffff0000064d"},{"ELEMENT":"00000000-0000-000c-ffff-ffff00000653","element-6066-...
&amp#27;[38;5;32m[AndroidUiautomator2Driver@6457 (32d2a80d)]&amp#27;[0m Responding to client with driver.findElements() result: [{"element-6066-11e4-a52e-4f735466cecf":"00000000-0000-000c-ffff-ffff00000625","ELEMENT":"00000000-0000-000c-ffff-ffff00000625"},{"element-6066-11e4-a52e-4f735466cecf":"00000000-0000-000c-ffff-ffff0000062b","ELEMENT":"00000000-0000-000c-ffff-ffff0000062b"},{"element-6066-11e4-a52e-4f735466cecf":"00000000-0000-000c-ffff-ffff00000631","ELEMENT":"00000000-0000-000c-ffff-ffff00000631"},{"element-6066-11e4-a52e-4f735466cecf":"00000000-0000-000c-ffff-ffff00000637","ELEMENT":"00000000-0000-000c-ffff-ffff00000637"},{"element-6066-11e4-a52e-4f735466cecf":"00000000-0000-000c-ffff-ffff0000063d","ELEMENT":"00000000-0000-000c-ffff-ffff0000063d"},{"element-6066-11e4-a52e-4f735466cecf":"00000000-0000-000c-ffff-ffff00000647","ELEMENT":"00000000-0000-000c-ffff-ffff00000647"},{"element-6066-11e4-a52e-4f735466cecf":"00000000-0000-000c-ffff-ffff0000064d","ELEMENT":"00000000-0000-000c-ffff-ffff0000064d"},{"element-6066-11e4-a52e-4f735466cecf":"00000000-0000-000c-ffff-ffff00000653","ELEMENT":"00000000-0000-000c-ffff-ffff0000065...
&amp#27;[38;5;0m[HTTP]&amp#27;[0m &amp#27;[37m<-- POST /session/32d2a80d-dc78-4f3e-a636-c5413edf6ff7/elements &amp#27;[39m&amp#27;[32m200&amp#27;[39m &amp#27;[90m110 ms - 1291&amp#27;[39m
&amp#27;[38;5;0m[HTTP]&amp#27;[0m &amp#27;[90m&amp#27;[39m
&amp#27;[38;5;0m[HTTP]&amp#27;[0m &amp#27;[37m-->&amp#27;[39m &amp#27;[37mGET&amp#27;[39m &amp#27;[37m/session/32d2a80d-dc78-4f3e-a636-c5413edf6ff7/element/00000000-0000-000c-ffff-ffff00000637/text&amp#27;[39m
&amp#27;[38;5;0m[HTTP]&amp#27;[0m &amp#27;[90m{}&amp#27;[39m
&amp#27;[38;5;32m[AndroidUiautomator2Driver@6457 (32d2a80d)]&amp#27;[0m Driver proxy active, passing request on via HTTP proxy
&amp#27;[38;5;32m[AndroidUiautomator2Driver@6457 (32d2a80d)]&amp#27;[0m Matched '/session/32d2a80d-dc78-4f3e-a636-c5413edf6ff7/element/00000000-0000-000c-ffff-ffff00000637/text' to command name 'getText'
&amp#27;[38;5;32m[AndroidUiautomator2Driver@6457 (32d2a80d)]&amp#27;[0m Proxying [GET /session/32d2a80d-dc78-4f3e-a636-c5413edf6ff7/element/00000000-0000-000c-ffff-ffff00000637/text] to [GET http://127.0.0.1:8200/session/f5e84c71-f4f7-4f8e-aec7-33a82bd27fec/element/00000000-0000-000c-ffff-ffff00000637/text] with no body
&amp#27;[38;5;32m[AndroidUiautomator2Driver@6457 (32d2a80d)]&amp#27;[0m Got response with status 200: {"sessionId":"f5e84c71-f4f7-4f8e-aec7-33a82bd27fec","value":"Points"}
&amp#27;[38;5;32m[AndroidUiautomator2Driver@6457 (32d2a80d)]&amp#27;[0m Replacing sessionId f5e84c71-f4f7-4f8e-aec7-33a82bd27fec with 32d2a80d-dc78-4f3e-a636-c5413edf6ff7
&amp#27;[38;5;0m[HTTP]&amp#27;[0m &amp#27;[37m<-- GET /session/32d2a80d-dc78-4f3e-a636-c5413edf6ff7/element/00000000-0000-000c-ffff-ffff00000637/text &amp#27;[39m&amp#27;[32m200&amp#27;[39m &amp#27;[90m11 ms - 69&amp#27;[39m
&amp#27;[38;5;0m[HTTP]&amp#27;[0m &amp#27;[90m&amp#27;[39m
&amp#27;[38;5;0m[HTTP]&amp#27;[0m &amp#27;[37m-->&amp#27;[39m &amp#27;[37mGET&amp#27;[39m &amp#27;[37m/session/32d2a80d-dc78-4f3e-a636-c5413edf6ff7/context&amp#27;[39m
&amp#27;[38;5;0m[HTTP]&amp#27;[0m &amp#27;[90m{}&amp#27;[39m
&amp#27;[38;5;32m[AndroidUiautomator2Driver@6457 (32d2a80d)]&amp#27;[0m Calling AppiumDriver.getCurrentContext() with args: ["32d2a80d-dc78-4f3e-a636-c5413edf6ff7"]
&amp#27;[38;5;32m[AndroidUiautomator2Driver@6457 (32d2a80d)]&amp#27;[0m Responding to client with driver.getCurrentContext() result: "NATIVE_APP"
&amp#27;[38;5;0m[HTTP]&amp#27;[0m &amp#27;[37m<-- GET /session/32d2a80d-dc78-4f3e-a636-c5413edf6ff7/context &amp#27;[39m&amp#27;[32m200&amp#27;[39m &amp#27;[90m1 ms - 22&amp#27;[39m
&amp#27;[38;5;0m[HTTP]&amp#27;[0m &amp#27;[90m&amp#27;[39m
&amp#27;[38;5;0m[HTTP]&amp#27;[0m &amp#27;[37m-->&amp#27;[39m &amp#27;[37mPOST&amp#27;[39m &amp#27;[37m/session/32d2a80d-dc78-4f3e-a636-c5413edf6ff7/elements&amp#27;[39m
&amp#27;[38;5;0m[HTTP]&amp#27;[0m &amp#27;[90m{"value":"com.fivemobile.thescore:id/text_category_name","using":"id"}&amp#27;[39m
&amp#27;[38;5;32m[AndroidUiautomator2Driver@6457 (32d2a80d)]&amp#27;[0m Calling AppiumDriver.findElements() with args: ["id","com.fivemobile.thescore:id/text_category_name","32d2a80d-dc78-4f3e-a636-c5413edf6ff7"]
&amp#27;[38;5;32m[AndroidUiautomator2Driver@6457 (32d2a80d)]&amp#27;[0m Valid locator strategies for this request: xpath, id, class name, accessibility id, css selector, -android uiautomator
&amp#27;[38;5;32m[AndroidUiautomator2Driver@6457 (32d2a80d)]&amp#27;[0m Waiting up to 10000 ms for condition
&amp#27;[38;5;32m[AndroidUiautomator2Driver@6457 (32d2a80d)]&amp#27;[0m Matched '/elements' to command name 'findElements'
&amp#27;[38;5;32m[AndroidUiautomator2Driver@6457 (32d2a80d)]&amp#27;[0m Proxying [POST /elements] to [POST http://127.0.0.1:8200/session/f5e84c71-f4f7-4f8e-aec7-33a82bd27fec/elements] with body: {"strategy":"id","selector":"com.fivemobile.thescore:id/text_category_name","context":"","multiple":true}
&amp#27;[38;5;32m[AndroidUiautomator2Driver@6457 (32d2a80d)]&amp#27;[0m Got response with status 200: {"sessionId":"f5e84c71-f4f7-4f8e-aec7-33a82bd27fec","value":[{"ELEMENT":"00000000-0000-000c-ffff-ffff00000625","element-6066-11e4-a52e-4f735466cecf":"00000000-0000-000c-ffff-ffff00000625"},{"ELEMENT":"00000000-0000-000c-ffff-ffff0000062b","element-6066-11e4-a52e-4f735466cecf":"00000000-0000-000c-ffff-ffff0000062b"},{"ELEMENT":"00000000-0000-000c-ffff-ffff00000631","element-6066-11e4-a52e-4f735466cecf":"00000000-0000-000c-ffff-ffff00000631"},{"ELEMENT":"00000000-0000-000c-ffff-ffff00000637","element-6066-11e4-a52e-4f735466cecf":"00000000-0000-000c-ffff-ffff00000637"},{"ELEMENT":"00000000-0000-000c-ffff-ffff0000063d","element-6066-11e4-a52e-4f735466cecf":"00000000-0000-000c-ffff-ffff0000063d"},{"ELEMENT":"00000000-0000-000c-ffff-ffff00000647","element-6066-11e4-a52e-4f735466cecf":"00000000-0000-000c-ffff-ffff00000647"},{"ELEMENT":"00000000-0000-000c-ffff-ffff0000064d","element-6066-11e4-a52e-4f735466cecf":"00000000-0000-000c-ffff-ffff0000064d"},{"ELEMENT":"00000000-0000-000c-ffff-ffff00000653","element-6066-...
&amp#27;[38;5;32m[AndroidUiautomator2Driver@6457 (32d2a80d)]&amp#27;[0m Responding to client with driver.findElements() result: [{"element-6066-11e4-a52e-4f735466cecf":"00000000-0000-000c-ffff-ffff00000625","ELEMENT":"00000000-0000-000c-ffff-ffff00000625"},{"element-6066-11e4-a52e-4f735466cecf":"00000000-0000-000c-ffff-ffff0000062b","ELEMENT":"00000000-0000-000c-ffff-ffff0000062b"},{"element-6066-11e4-a52e-4f735466cecf":"00000000-0000-000c-ffff-ffff00000631","ELEMENT":"00000000-0000-000c-ffff-ffff00000631"},{"element-6066-11e4-a52e-4f735466cecf":"00000000-0000-000c-ffff-ffff00000637","ELEMENT":"00000000-0000-000c-ffff-ffff00000637"},{"element-6066-11e4-a52e-4f735466cecf":"00000000-0000-000c-ffff-ffff0000063d","ELEMENT":"00000000-0000-000c-ffff-ffff0000063d"},{"element-6066-11e4-a52e-4f735466cecf":"00000000-0000-000c-ffff-ffff00000647","ELEMENT":"00000000-0000-000c-ffff-ffff00000647"},{"element-6066-11e4-a52e-4f735466cecf":"00000000-0000-000c-ffff-ffff0000064d","ELEMENT":"00000000-0000-000c-ffff-ffff0000064d"},{"element-6066-11e4-a52e-4f735466cecf":"00000000-0000-000c-ffff-ffff00000653","ELEMENT":"00000000-0000-000c-ffff-ffff0000065...
&amp#27;[38;5;0m[HTTP]&amp#27;[0m &amp#27;[37m<-- POST /session/32d2a80d-dc78-4f3e-a636-c5413edf6ff7/elements &amp#27;[39m&amp#27;[32m200&amp#27;[39m &amp#27;[90m111 ms - 1291&amp#27;[39m
&amp#27;[38;5;0m[HTTP]&amp#27;[0m &amp#27;[90m&amp#27;[39m
&amp#27;[38;5;0m[HTTP]&amp#27;[0m &amp#27;[37m-->&amp#27;[39m &amp#27;[37mGET&amp#27;[39m &amp#27;[37m/session/32d2a80d-dc78-4f3e-a636-c5413edf6ff7/element/00000000-0000-000c-ffff-ffff00000637/text&amp#27;[39m
&amp#27;[38;5;0m[HTTP]&amp#27;[0m &amp#27;[90m{}&amp#27;[39m
&amp#27;[38;5;32m[AndroidUiautomator2Driver@6457 (32d2a80d)]&amp#27;[0m Driver proxy active, passing request on via HTTP proxy
&amp#27;[38;5;32m[AndroidUiautomator2Driver@6457 (32d2a80d)]&amp#27;[0m Matched '/session/32d2a80d-dc78-4f3e-a636-c5413edf6ff7/element/00000000-0000-000c-ffff-ffff00000637/text' to command name 'getText'
&amp#27;[38;5;32m[AndroidUiautomator2Driver@6457 (32d2a80d)]&amp#27;[0m Proxying [GET /session/32d2a80d-dc78-4f3e-a636-c5413edf6ff7/element/00000000-0000-000c-ffff-ffff00000637/text] to [GET http://127.0.0.1:8200/session/f5e84c71-f4f7-4f8e-aec7-33a82bd27fec/element/00000000-0000-000c-ffff-ffff00000637/text] with no body
&amp#27;[38;5;32m[AndroidUiautomator2Driver@6457 (32d2a80d)]&amp#27;[0m Got response with status 200: {"sessionId":"f5e84c71-f4f7-4f8e-aec7-33a82bd27fec","value":"Points"}
&amp#27;[38;5;32m[AndroidUiautomator2Driver@6457 (32d2a80d)]&amp#27;[0m Replacing sessionId f5e84c71-f4f7-4f8e-aec7-33a82bd27fec with 32d2a80d-dc78-4f3e-a636-c5413edf6ff7
&amp#27;[38;5;0m[HTTP]&amp#27;[0m &amp#27;[37m<-- GET /session/32d2a80d-dc78-4f3e-a636-c5413edf6ff7/element/00000000-0000-000c-ffff-ffff00000637/text &amp#27;[39m&amp#27;[32m200&amp#27;[39m &amp#27;[90m11 ms - 69&amp#27;[39m
&amp#27;[38;5;0m[HTTP]&amp#27;[0m &amp#27;[90m&amp#27;[39m
Text displayed: Points
&amp#27;[38;5;0m[HTTP]&amp#27;[0m &amp#27;[37m-->&amp#27;[39m &amp#27;[37mGET&amp#27;[39m &amp#27;[37m/session/32d2a80d-dc78-4f3e-a636-c5413edf6ff7/context&amp#27;[39m
&amp#27;[38;5;0m[HTTP]&amp#27;[0m &amp#27;[90m{}&amp#27;[39m
&amp#27;[38;5;32m[AndroidUiautomator2Driver@6457 (32d2a80d)]&amp#27;[0m Calling AppiumDriver.getCurrentContext() with args: ["32d2a80d-dc78-4f3e-a636-c5413edf6ff7"]
&amp#27;[38;5;32m[AndroidUiautomator2Driver@6457 (32d2a80d)]&amp#27;[0m Responding to client with driver.getCurrentContext() result: "NATIVE_APP"
&amp#27;[38;5;0m[HTTP]&amp#27;[0m &amp#27;[37m<-- GET /session/32d2a80d-dc78-4f3e-a636-c5413edf6ff7/context &amp#27;[39m&amp#27;[32m200&amp#27;[39m &amp#27;[90m1 ms - 22&amp#27;[39m
&amp#27;[38;5;0m[HTTP]&amp#27;[0m &amp#27;[90m&amp#27;[39m
&amp#27;[38;5;0m[HTTP]&amp#27;[0m &amp#27;[37m-->&amp#27;[39m &amp#27;[37mPOST&amp#27;[39m &amp#27;[37m/session/32d2a80d-dc78-4f3e-a636-c5413edf6ff7/elements&amp#27;[39m
&amp#27;[38;5;0m[HTTP]&amp#27;[0m &amp#27;[90m{"value":"com.fivemobile.thescore:id/text_category_name","using":"id"}&amp#27;[39m
&amp#27;[38;5;32m[AndroidUiautomator2Driver@6457 (32d2a80d)]&amp#27;[0m Calling AppiumDriver.findElements() with args: ["id","com.fivemobile.thescore:id/text_category_name","32d2a80d-dc78-4f3e-a636-c5413edf6ff7"]
&amp#27;[38;5;32m[AndroidUiautomator2Driver@6457 (32d2a80d)]&amp#27;[0m Valid locator strategies for this request: xpath, id, class name, accessibility id, css selector, -android uiautomator
&amp#27;[38;5;32m[AndroidUiautomator2Driver@6457 (32d2a80d)]&amp#27;[0m Waiting up to 10000 ms for condition
&amp#27;[38;5;32m[AndroidUiautomator2Driver@6457 (32d2a80d)]&amp#27;[0m Matched '/elements' to command name 'findElements'
&amp#27;[38;5;32m[AndroidUiautomator2Driver@6457 (32d2a80d)]&amp#27;[0m Proxying [POST /elements] to [POST http://127.0.0.1:8200/session/f5e84c71-f4f7-4f8e-aec7-33a82bd27fec/elements] with body: {"strategy":"id","selector":"com.fivemobile.thescore:id/text_category_name","context":"","multiple":true}
&amp#27;[38;5;32m[AndroidUiautomator2Driver@6457 (32d2a80d)]&amp#27;[0m Got response with status 200: {"sessionId":"f5e84c71-f4f7-4f8e-aec7-33a82bd27fec","value":[{"ELEMENT":"00000000-0000-000c-ffff-ffff00000625","element-6066-11e4-a52e-4f735466cecf":"00000000-0000-000c-ffff-ffff00000625"},{"ELEMENT":"00000000-0000-000c-ffff-ffff0000062b","element-6066-11e4-a52e-4f735466cecf":"00000000-0000-000c-ffff-ffff0000062b"},{"ELEMENT":"00000000-0000-000c-ffff-ffff00000631","element-6066-11e4-a52e-4f735466cecf":"00000000-0000-000c-ffff-ffff00000631"},{"ELEMENT":"00000000-0000-000c-ffff-ffff00000637","element-6066-11e4-a52e-4f735466cecf":"00000000-0000-000c-ffff-ffff00000637"},{"ELEMENT":"00000000-0000-000c-ffff-ffff0000063d","element-6066-11e4-a52e-4f735466cecf":"00000000-0000-000c-ffff-ffff0000063d"},{"ELEMENT":"00000000-0000-000c-ffff-ffff00000647","element-6066-11e4-a52e-4f735466cecf":"00000000-0000-000c-ffff-ffff00000647"},{"ELEMENT":"00000000-0000-000c-ffff-ffff0000064d","element-6066-11e4-a52e-4f735466cecf":"00000000-0000-000c-ffff-ffff0000064d"},{"ELEMENT":"00000000-0000-000c-ffff-ffff00000653","element-6066-...
&amp#27;[38;5;32m[AndroidUiautomator2Driver@6457 (32d2a80d)]&amp#27;[0m Responding to client with driver.findElements() result: [{"element-6066-11e4-a52e-4f735466cecf":"00000000-0000-000c-ffff-ffff00000625","ELEMENT":"00000000-0000-000c-ffff-ffff00000625"},{"element-6066-11e4-a52e-4f735466cecf":"00000000-0000-000c-ffff-ffff0000062b","ELEMENT":"00000000-0000-000c-ffff-ffff0000062b"},{"element-6066-11e4-a52e-4f735466cecf":"00000000-0000-000c-ffff-ffff00000631","ELEMENT":"00000000-0000-000c-ffff-ffff00000631"},{"element-6066-11e4-a52e-4f735466cecf":"00000000-0000-000c-ffff-ffff00000637","ELEMENT":"00000000-0000-000c-ffff-ffff00000637"},{"element-6066-11e4-a52e-4f735466cecf":"00000000-0000-000c-ffff-ffff0000063d","ELEMENT":"00000000-0000-000c-ffff-ffff0000063d"},{"element-6066-11e4-a52e-4f735466cecf":"00000000-0000-000c-ffff-ffff00000647","ELEMENT":"00000000-0000-000c-ffff-ffff00000647"},{"element-6066-11e4-a52e-4f735466cecf":"00000000-0000-000c-ffff-ffff0000064d","ELEMENT":"00000000-0000-000c-ffff-ffff0000064d"},{"element-6066-11e4-a52e-4f735466cecf":"00000000-0000-000c-ffff-ffff00000653","ELEMENT":"00000000-0000-000c-ffff-ffff0000065...
&amp#27;[38;5;0m[HTTP]&amp#27;[0m &amp#27;[37m<-- POST /session/32d2a80d-dc78-4f3e-a636-c5413edf6ff7/elements &amp#27;[39m&amp#27;[32m200&amp#27;[39m &amp#27;[90m113 ms - 1291&amp#27;[39m
&amp#27;[38;5;0m[HTTP]&amp#27;[0m &amp#27;[90m&amp#27;[39m
&amp#27;[38;5;0m[HTTP]&amp#27;[0m &amp#27;[37m-->&amp#27;[39m &amp#27;[37mGET&amp#27;[39m &amp#27;[37m/session/32d2a80d-dc78-4f3e-a636-c5413edf6ff7/context&amp#27;[39m
&amp#27;[38;5;0m[HTTP]&amp#27;[0m &amp#27;[90m{}&amp#27;[39m
&amp#27;[38;5;32m[AndroidUiautomator2Driver@6457 (32d2a80d)]&amp#27;[0m Calling AppiumDriver.getCurrentContext() with args: ["32d2a80d-dc78-4f3e-a636-c5413edf6ff7"]
&amp#27;[38;5;32m[AndroidUiautomator2Driver@6457 (32d2a80d)]&amp#27;[0m Responding to client with driver.getCurrentContext() result: "NATIVE_APP"
&amp#27;[38;5;0m[HTTP]&amp#27;[0m &amp#27;[37m<-- GET /session/32d2a80d-dc78-4f3e-a636-c5413edf6ff7/context &amp#27;[39m&amp#27;[32m200&amp#27;[39m &amp#27;[90m1 ms - 22&amp#27;[39m
&amp#27;[38;5;0m[HTTP]&amp#27;[0m &amp#27;[90m&amp#27;[39m
&amp#27;[38;5;0m[HTTP]&amp#27;[0m &amp#27;[37m-->&amp#27;[39m &amp#27;[37mPOST&amp#27;[39m &amp#27;[37m/session/32d2a80d-dc78-4f3e-a636-c5413edf6ff7/elements&amp#27;[39m
&amp#27;[38;5;0m[HTTP]&amp#27;[0m &amp#27;[90m{"value":"com.fivemobile.thescore:id/text_category_name","using":"id"}&amp#27;[39m
&amp#27;[38;5;32m[AndroidUiautomator2Driver@6457 (32d2a80d)]&amp#27;[0m Calling AppiumDriver.findElements() with args: ["id","com.fivemobile.thescore:id/text_category_name","32d2a80d-dc78-4f3e-a636-c5413edf6ff7"]
&amp#27;[38;5;32m[AndroidUiautomator2Driver@6457 (32d2a80d)]&amp#27;[0m Valid locator strategies for this request: xpath, id, class name, accessibility id, css selector, -android uiautomator
&amp#27;[38;5;32m[AndroidUiautomator2Driver@6457 (32d2a80d)]&amp#27;[0m Waiting up to 10000 ms for condition
&amp#27;[38;5;32m[AndroidUiautomator2Driver@6457 (32d2a80d)]&amp#27;[0m Matched '/elements' to command name 'findElements'
&amp#27;[38;5;32m[AndroidUiautomator2Driver@6457 (32d2a80d)]&amp#27;[0m Proxying [POST /elements] to [POST http://127.0.0.1:8200/session/f5e84c71-f4f7-4f8e-aec7-33a82bd27fec/elements] with body: {"strategy":"id","selector":"com.fivemobile.thescore:id/text_category_name","context":"","multiple":true}
&amp#27;[38;5;32m[AndroidUiautomator2Driver@6457 (32d2a80d)]&amp#27;[0m Got response with status 200: {"sessionId":"f5e84c71-f4f7-4f8e-aec7-33a82bd27fec","value":[{"ELEMENT":"00000000-0000-000c-ffff-ffff00000625","element-6066-11e4-a52e-4f735466cecf":"00000000-0000-000c-ffff-ffff00000625"},{"ELEMENT":"00000000-0000-000c-ffff-ffff0000062b","element-6066-11e4-a52e-4f735466cecf":"00000000-0000-000c-ffff-ffff0000062b"},{"ELEMENT":"00000000-0000-000c-ffff-ffff00000631","element-6066-11e4-a52e-4f735466cecf":"00000000-0000-000c-ffff-ffff00000631"},{"ELEMENT":"00000000-0000-000c-ffff-ffff00000637","element-6066-11e4-a52e-4f735466cecf":"00000000-0000-000c-ffff-ffff00000637"},{"ELEMENT":"00000000-0000-000c-ffff-ffff0000063d","element-6066-11e4-a52e-4f735466cecf":"00000000-0000-000c-ffff-ffff0000063d"},{"ELEMENT":"00000000-0000-000c-ffff-ffff00000647","element-6066-11e4-a52e-4f735466cecf":"00000000-0000-000c-ffff-ffff00000647"},{"ELEMENT":"00000000-0000-000c-ffff-ffff0000064d","element-6066-11e4-a52e-4f735466cecf":"00000000-0000-000c-ffff-ffff0000064d"},{"ELEMENT":"00000000-0000-000c-ffff-ffff00000653","element-6066-...
&amp#27;[38;5;32m[AndroidUiautomator2Driver@6457 (32d2a80d)]&amp#27;[0m Responding to client with driver.findElements() result: [{"element-6066-11e4-a52e-4f735466cecf":"00000000-0000-000c-ffff-ffff00000625","ELEMENT":"00000000-0000-000c-ffff-ffff00000625"},{"element-6066-11e4-a52e-4f735466cecf":"00000000-0000-000c-ffff-ffff0000062b","ELEMENT":"00000000-0000-000c-ffff-ffff0000062b"},{"element-6066-11e4-a52e-4f735466cecf":"00000000-0000-000c-ffff-ffff00000631","ELEMENT":"00000000-0000-000c-ffff-ffff00000631"},{"element-6066-11e4-a52e-4f735466cecf":"00000000-0000-000c-ffff-ffff00000637","ELEMENT":"00000000-0000-000c-ffff-ffff00000637"},{"element-6066-11e4-a52e-4f735466cecf":"00000000-0000-000c-ffff-ffff0000063d","ELEMENT":"00000000-0000-000c-ffff-ffff0000063d"},{"element-6066-11e4-a52e-4f735466cecf":"00000000-0000-000c-ffff-ffff00000647","ELEMENT":"00000000-0000-000c-ffff-ffff00000647"},{"element-6066-11e4-a52e-4f735466cecf":"00000000-0000-000c-ffff-ffff0000064d","ELEMENT":"00000000-0000-000c-ffff-ffff0000064d"},{"element-6066-11e4-a52e-4f735466cecf":"00000000-0000-000c-ffff-ffff00000653","ELEMENT":"00000000-0000-000c-ffff-ffff0000065...
&amp#27;[38;5;0m[HTTP]&amp#27;[0m &amp#27;[37m<-- POST /session/32d2a80d-dc78-4f3e-a636-c5413edf6ff7/elements &amp#27;[39m&amp#27;[32m200&amp#27;[39m &amp#27;[90m107 ms - 1291&amp#27;[39m
&amp#27;[38;5;0m[HTTP]&amp#27;[0m &amp#27;[90m&amp#27;[39m
&amp#27;[38;5;0m[HTTP]&amp#27;[0m &amp#27;[37m-->&amp#27;[39m &amp#27;[37mGET&amp#27;[39m &amp#27;[37m/session/32d2a80d-dc78-4f3e-a636-c5413edf6ff7/element/00000000-0000-000c-ffff-ffff0000063d/text&amp#27;[39m
&amp#27;[38;5;0m[HTTP]&amp#27;[0m &amp#27;[90m{}&amp#27;[39m
&amp#27;[38;5;32m[AndroidUiautomator2Driver@6457 (32d2a80d)]&amp#27;[0m Driver proxy active, passing request on via HTTP proxy
&amp#27;[38;5;32m[AndroidUiautomator2Driver@6457 (32d2a80d)]&amp#27;[0m Matched '/session/32d2a80d-dc78-4f3e-a636-c5413edf6ff7/element/00000000-0000-000c-ffff-ffff0000063d/text' to command name 'getText'
&amp#27;[38;5;32m[AndroidUiautomator2Driver@6457 (32d2a80d)]&amp#27;[0m Proxying [GET /session/32d2a80d-dc78-4f3e-a636-c5413edf6ff7/element/00000000-0000-000c-ffff-ffff0000063d/text] to [GET http://127.0.0.1:8200/session/f5e84c71-f4f7-4f8e-aec7-33a82bd27fec/element/00000000-0000-000c-ffff-ffff0000063d/text] with no body
&amp#27;[38;5;32m[AndroidUiautomator2Driver@6457 (32d2a80d)]&amp#27;[0m Got response with status 200: {"sessionId":"f5e84c71-f4f7-4f8e-aec7-33a82bd27fec","value":"3rd Down %"}
&amp#27;[38;5;32m[AndroidUiautomator2Driver@6457 (32d2a80d)]&amp#27;[0m Replacing sessionId f5e84c71-f4f7-4f8e-aec7-33a82bd27fec with 32d2a80d-dc78-4f3e-a636-c5413edf6ff7
&amp#27;[38;5;0m[HTTP]&amp#27;[0m &amp#27;[37m<-- GET /session/32d2a80d-dc78-4f3e-a636-c5413edf6ff7/element/00000000-0000-000c-ffff-ffff0000063d/text &amp#27;[39m&amp#27;[32m200&amp#27;[39m &amp#27;[90m16 ms - 73&amp#27;[39m
&amp#27;[38;5;0m[HTTP]&amp#27;[0m &amp#27;[90m&amp#27;[39m
&amp#27;[38;5;0m[HTTP]&amp#27;[0m &amp#27;[37m-->&amp#27;[39m &amp#27;[37mGET&amp#27;[39m &amp#27;[37m/session/32d2a80d-dc78-4f3e-a636-c5413edf6ff7/context&amp#27;[39m
&amp#27;[38;5;0m[HTTP]&amp#27;[0m &amp#27;[90m{}&amp#27;[39m
&amp#27;[38;5;32m[AndroidUiautomator2Driver@6457 (32d2a80d)]&amp#27;[0m Calling AppiumDriver.getCurrentContext() with args: ["32d2a80d-dc78-4f3e-a636-c5413edf6ff7"]
&amp#27;[38;5;32m[AndroidUiautomator2Driver@6457 (32d2a80d)]&amp#27;[0m Responding to client with driver.getCurrentContext() result: "NATIVE_APP"
&amp#27;[38;5;0m[HTTP]&amp#27;[0m &amp#27;[37m<-- GET /session/32d2a80d-dc78-4f3e-a636-c5413edf6ff7/context &amp#27;[39m&amp#27;[32m200&amp#27;[39m &amp#27;[90m1 ms - 22&amp#27;[39m
&amp#27;[38;5;0m[HTTP]&amp#27;[0m &amp#27;[90m&amp#27;[39m
&amp#27;[38;5;0m[HTTP]&amp#27;[0m &amp#27;[37m-->&amp#27;[39m &amp#27;[37mPOST&amp#27;[39m &amp#27;[37m/session/32d2a80d-dc78-4f3e-a636-c5413edf6ff7/elements&amp#27;[39m
&amp#27;[38;5;0m[HTTP]&amp#27;[0m &amp#27;[90m{"value":"com.fivemobile.thescore:id/text_category_name","using":"id"}&amp#27;[39m
&amp#27;[38;5;32m[AndroidUiautomator2Driver@6457 (32d2a80d)]&amp#27;[0m Calling AppiumDriver.findElements() with args: ["id","com.fivemobile.thescore:id/text_category_name","32d2a80d-dc78-4f3e-a636-c5413edf6ff7"]
&amp#27;[38;5;32m[AndroidUiautomator2Driver@6457 (32d2a80d)]&amp#27;[0m Valid locator strategies for this request: xpath, id, class name, accessibility id, css selector, -android uiautomator
&amp#27;[38;5;32m[AndroidUiautomator2Driver@6457 (32d2a80d)]&amp#27;[0m Waiting up to 10000 ms for condition
&amp#27;[38;5;32m[AndroidUiautomator2Driver@6457 (32d2a80d)]&amp#27;[0m Matched '/elements' to command name 'findElements'
&amp#27;[38;5;32m[AndroidUiautomator2Driver@6457 (32d2a80d)]&amp#27;[0m Proxying [POST /elements] to [POST http://127.0.0.1:8200/session/f5e84c71-f4f7-4f8e-aec7-33a82bd27fec/elements] with body: {"strategy":"id","selector":"com.fivemobile.thescore:id/text_category_name","context":"","multiple":true}
&amp#27;[38;5;32m[AndroidUiautomator2Driver@6457 (32d2a80d)]&amp#27;[0m Got response with status 200: {"sessionId":"f5e84c71-f4f7-4f8e-aec7-33a82bd27fec","value":[{"ELEMENT":"00000000-0000-000c-ffff-ffff00000625","element-6066-11e4-a52e-4f735466cecf":"00000000-0000-000c-ffff-ffff00000625"},{"ELEMENT":"00000000-0000-000c-ffff-ffff0000062b","element-6066-11e4-a52e-4f735466cecf":"00000000-0000-000c-ffff-ffff0000062b"},{"ELEMENT":"00000000-0000-000c-ffff-ffff00000631","element-6066-11e4-a52e-4f735466cecf":"00000000-0000-000c-ffff-ffff00000631"},{"ELEMENT":"00000000-0000-000c-ffff-ffff00000637","element-6066-11e4-a52e-4f735466cecf":"00000000-0000-000c-ffff-ffff00000637"},{"ELEMENT":"00000000-0000-000c-ffff-ffff0000063d","element-6066-11e4-a52e-4f735466cecf":"00000000-0000-000c-ffff-ffff0000063d"},{"ELEMENT":"00000000-0000-000c-ffff-ffff00000647","element-6066-11e4-a52e-4f735466cecf":"00000000-0000-000c-ffff-ffff00000647"},{"ELEMENT":"00000000-0000-000c-ffff-ffff0000064d","element-6066-11e4-a52e-4f735466cecf":"00000000-0000-000c-ffff-ffff0000064d"},{"ELEMENT":"00000000-0000-000c-ffff-ffff00000653","element-6066-...
&amp#27;[38;5;32m[AndroidUiautomator2Driver@6457 (32d2a80d)]&amp#27;[0m Responding to client with driver.findElements() result: [{"element-6066-11e4-a52e-4f735466cecf":"00000000-0000-000c-ffff-ffff00000625","ELEMENT":"00000000-0000-000c-ffff-ffff00000625"},{"element-6066-11e4-a52e-4f735466cecf":"00000000-0000-000c-ffff-ffff0000062b","ELEMENT":"00000000-0000-000c-ffff-ffff0000062b"},{"element-6066-11e4-a52e-4f735466cecf":"00000000-0000-000c-ffff-ffff00000631","ELEMENT":"00000000-0000-000c-ffff-ffff00000631"},{"element-6066-11e4-a52e-4f735466cecf":"00000000-0000-000c-ffff-ffff00000637","ELEMENT":"00000000-0000-000c-ffff-ffff00000637"},{"element-6066-11e4-a52e-4f735466cecf":"00000000-0000-000c-ffff-ffff0000063d","ELEMENT":"00000000-0000-000c-ffff-ffff0000063d"},{"element-6066-11e4-a52e-4f735466cecf":"00000000-0000-000c-ffff-ffff00000647","ELEMENT":"00000000-0000-000c-ffff-ffff00000647"},{"element-6066-11e4-a52e-4f735466cecf":"00000000-0000-000c-ffff-ffff0000064d","ELEMENT":"00000000-0000-000c-ffff-ffff0000064d"},{"element-6066-11e4-a52e-4f735466cecf":"00000000-0000-000c-ffff-ffff00000653","ELEMENT":"00000000-0000-000c-ffff-ffff0000065...
&amp#27;[38;5;0m[HTTP]&amp#27;[0m &amp#27;[37m<-- POST /session/32d2a80d-dc78-4f3e-a636-c5413edf6ff7/elements &amp#27;[39m&amp#27;[32m200&amp#27;[39m &amp#27;[90m660 ms - 1291&amp#27;[39m
&amp#27;[38;5;0m[HTTP]&amp#27;[0m &amp#27;[90m&amp#27;[39m
&amp#27;[38;5;0m[HTTP]&amp#27;[0m &amp#27;[37m-->&amp#27;[39m &amp#27;[37mGET&amp#27;[39m &amp#27;[37m/session/32d2a80d-dc78-4f3e-a636-c5413edf6ff7/element/00000000-0000-000c-ffff-ffff0000063d/text&amp#27;[39m
&amp#27;[38;5;0m[HTTP]&amp#27;[0m &amp#27;[90m{}&amp#27;[39m
&amp#27;[38;5;32m[AndroidUiautomator2Driver@6457 (32d2a80d)]&amp#27;[0m Driver proxy active, passing request on via HTTP proxy
&amp#27;[38;5;32m[AndroidUiautomator2Driver@6457 (32d2a80d)]&amp#27;[0m Matched '/session/32d2a80d-dc78-4f3e-a636-c5413edf6ff7/element/00000000-0000-000c-ffff-ffff0000063d/text' to command name 'getText'
&amp#27;[38;5;32m[AndroidUiautomator2Driver@6457 (32d2a80d)]&amp#27;[0m Proxying [GET /session/32d2a80d-dc78-4f3e-a636-c5413edf6ff7/element/00000000-0000-000c-ffff-ffff0000063d/text] to [GET http://127.0.0.1:8200/session/f5e84c71-f4f7-4f8e-aec7-33a82bd27fec/element/00000000-0000-000c-ffff-ffff0000063d/text] with no body
&amp#27;[38;5;32m[AndroidUiautomator2Driver@6457 (32d2a80d)]&amp#27;[0m Got response with status 200: {"sessionId":"f5e84c71-f4f7-4f8e-aec7-33a82bd27fec","value":"3rd Down %"}
&amp#27;[38;5;32m[AndroidUiautomator2Driver@6457 (32d2a80d)]&amp#27;[0m Replacing sessionId f5e84c71-f4f7-4f8e-aec7-33a82bd27fec with 32d2a80d-dc78-4f3e-a636-c5413edf6ff7
&amp#27;[38;5;0m[HTTP]&amp#27;[0m &amp#27;[37m<-- GET /session/32d2a80d-dc78-4f3e-a636-c5413edf6ff7/element/00000000-0000-000c-ffff-ffff0000063d/text &amp#27;[39m&amp#27;[32m200&amp#27;[39m &amp#27;[90m68 ms - 73&amp#27;[39m
&amp#27;[38;5;0m[HTTP]&amp#27;[0m &amp#27;[90m&amp#27;[39m
&amp#27;[38;5;0m[HTTP]&amp#27;[0m &amp#27;[37m-->&amp#27;[39m &amp#27;[37mGET&amp#27;[39m &amp#27;[37m/session/32d2a80d-dc78-4f3e-a636-c5413edf6ff7/context&amp#27;[39m
&amp#27;[38;5;0m[HTTP]&amp#27;[0m &amp#27;[90m{}&amp#27;[39m
&amp#27;[38;5;32m[AndroidUiautomator2Driver@6457 (32d2a80d)]&amp#27;[0m Calling AppiumDriver.getCurrentContext() with args: ["32d2a80d-dc78-4f3e-a636-c5413edf6ff7"]
&amp#27;[38;5;32m[AndroidUiautomator2Driver@6457 (32d2a80d)]&amp#27;[0m Responding to client with driver.getCurrentContext() result: "NATIVE_APP"
&amp#27;[38;5;0m[HTTP]&amp#27;[0m &amp#27;[37m<-- GET /session/32d2a80d-dc78-4f3e-a636-c5413edf6ff7/context &amp#27;[39m&amp#27;[32m200&amp#27;[39m &amp#27;[90m1 ms - 22&amp#27;[39m
&amp#27;[38;5;0m[HTTP]&amp#27;[0m &amp#27;[90m&amp#27;[39m
&amp#27;[38;5;0m[HTTP]&amp#27;[0m &amp#27;[37m-->&amp#27;[39m &amp#27;[37mPOST&amp#27;[39m &amp#27;[37m/session/32d2a80d-dc78-4f3e-a636-c5413edf6ff7/elements&amp#27;[39m
&amp#27;[38;5;0m[HTTP]&amp#27;[0m &amp#27;[90m{"value":"com.fivemobile.thescore:id/text_category_name","using":"id"}&amp#27;[39m
&amp#27;[38;5;32m[AndroidUiautomator2Driver@6457 (32d2a80d)]&amp#27;[0m Calling AppiumDriver.findElements() with args: ["id","com.fivemobile.thescore:id/text_category_name","32d2a80d-dc78-4f3e-a636-c5413edf6ff7"]
&amp#27;[38;5;32m[AndroidUiautomator2Driver@6457 (32d2a80d)]&amp#27;[0m Valid locator strategies for this request: xpath, id, class name, accessibility id, css selector, -android uiautomator
&amp#27;[38;5;32m[AndroidUiautomator2Driver@6457 (32d2a80d)]&amp#27;[0m Waiting up to 10000 ms for condition
&amp#27;[38;5;32m[AndroidUiautomator2Driver@6457 (32d2a80d)]&amp#27;[0m Matched '/elements' to command name 'findElements'
&amp#27;[38;5;32m[AndroidUiautomator2Driver@6457 (32d2a80d)]&amp#27;[0m Proxying [POST /elements] to [POST http://127.0.0.1:8200/session/f5e84c71-f4f7-4f8e-aec7-33a82bd27fec/elements] with body: {"strategy":"id","selector":"com.fivemobile.thescore:id/text_category_name","context":"","multiple":true}
&amp#27;[38;5;32m[AndroidUiautomator2Driver@6457 (32d2a80d)]&amp#27;[0m Got response with status 200: {"sessionId":"f5e84c71-f4f7-4f8e-aec7-33a82bd27fec","value":[{"ELEMENT":"00000000-0000-000c-ffff-ffff00000625","element-6066-11e4-a52e-4f735466cecf":"00000000-0000-000c-ffff-ffff00000625"},{"ELEMENT":"00000000-0000-000c-ffff-ffff0000062b","element-6066-11e4-a52e-4f735466cecf":"00000000-0000-000c-ffff-ffff0000062b"},{"ELEMENT":"00000000-0000-000c-ffff-ffff00000631","element-6066-11e4-a52e-4f735466cecf":"00000000-0000-000c-ffff-ffff00000631"},{"ELEMENT":"00000000-0000-000c-ffff-ffff00000637","element-6066-11e4-a52e-4f735466cecf":"00000000-0000-000c-ffff-ffff00000637"},{"ELEMENT":"00000000-0000-000c-ffff-ffff0000063d","element-6066-11e4-a52e-4f735466cecf":"00000000-0000-000c-ffff-ffff0000063d"},{"ELEMENT":"00000000-0000-000c-ffff-ffff00000647","element-6066-11e4-a52e-4f735466cecf":"00000000-0000-000c-ffff-ffff00000647"},{"ELEMENT":"00000000-0000-000c-ffff-ffff0000064d","element-6066-11e4-a52e-4f735466cecf":"00000000-0000-000c-ffff-ffff0000064d"},{"ELEMENT":"00000000-0000-000c-ffff-ffff00000653","element-6066-...
&amp#27;[38;5;32m[AndroidUiautomator2Driver@6457 (32d2a80d)]&amp#27;[0m Responding to client with driver.findElements() result: [{"element-6066-11e4-a52e-4f735466cecf":"00000000-0000-000c-ffff-ffff00000625","ELEMENT":"00000000-0000-000c-ffff-ffff00000625"},{"element-6066-11e4-a52e-4f735466cecf":"00000000-0000-000c-ffff-ffff0000062b","ELEMENT":"00000000-0000-000c-ffff-ffff0000062b"},{"element-6066-11e4-a52e-4f735466cecf":"00000000-0000-000c-ffff-ffff00000631","ELEMENT":"00000000-0000-000c-ffff-ffff00000631"},{"element-6066-11e4-a52e-4f735466cecf":"00000000-0000-000c-ffff-ffff00000637","ELEMENT":"00000000-0000-000c-ffff-ffff00000637"},{"element-6066-11e4-a52e-4f735466cecf":"00000000-0000-000c-ffff-ffff0000063d","ELEMENT":"00000000-0000-000c-ffff-ffff0000063d"},{"element-6066-11e4-a52e-4f735466cecf":"00000000-0000-000c-ffff-ffff00000647","ELEMENT":"00000000-0000-000c-ffff-ffff00000647"},{"element-6066-11e4-a52e-4f735466cecf":"00000000-0000-000c-ffff-ffff0000064d","ELEMENT":"00000000-0000-000c-ffff-ffff0000064d"},{"element-6066-11e4-a52e-4f735466cecf":"00000000-0000-000c-ffff-ffff00000653","ELEMENT":"00000000-0000-000c-ffff-ffff0000065...
&amp#27;[38;5;0m[HTTP]&amp#27;[0m &amp#27;[37m<-- POST /session/32d2a80d-dc78-4f3e-a636-c5413edf6ff7/elements &amp#27;[39m&amp#27;[32m200&amp#27;[39m &amp#27;[90m496 ms - 1291&amp#27;[39m
&amp#27;[38;5;0m[HTTP]&amp#27;[0m &amp#27;[90m&amp#27;[39m
&amp#27;[38;5;0m[HTTP]&amp#27;[0m &amp#27;[37m-->&amp#27;[39m &amp#27;[37mGET&amp#27;[39m &amp#27;[37m/session/32d2a80d-dc78-4f3e-a636-c5413edf6ff7/element/00000000-0000-000c-ffff-ffff0000063d/text&amp#27;[39m
&amp#27;[38;5;0m[HTTP]&amp#27;[0m &amp#27;[90m{}&amp#27;[39m
&amp#27;[38;5;32m[AndroidUiautomator2Driver@6457 (32d2a80d)]&amp#27;[0m Driver proxy active, passing request on via HTTP proxy
&amp#27;[38;5;32m[AndroidUiautomator2Driver@6457 (32d2a80d)]&amp#27;[0m Matched '/session/32d2a80d-dc78-4f3e-a636-c5413edf6ff7/element/00000000-0000-000c-ffff-ffff0000063d/text' to command name 'getText'
&amp#27;[38;5;32m[AndroidUiautomator2Driver@6457 (32d2a80d)]&amp#27;[0m Proxying [GET /session/32d2a80d-dc78-4f3e-a636-c5413edf6ff7/element/00000000-0000-000c-ffff-ffff0000063d/text] to [GET http://127.0.0.1:8200/session/f5e84c71-f4f7-4f8e-aec7-33a82bd27fec/element/00000000-0000-000c-ffff-ffff0000063d/text] with no body
&amp#27;[38;5;32m[AndroidUiautomator2Driver@6457 (32d2a80d)]&amp#27;[0m Got response with status 200: {"sessionId":"f5e84c71-f4f7-4f8e-aec7-33a82bd27fec","value":"3rd Down %"}
&amp#27;[38;5;32m[AndroidUiautomator2Driver@6457 (32d2a80d)]&amp#27;[0m Replacing sessionId f5e84c71-f4f7-4f8e-aec7-33a82bd27fec with 32d2a80d-dc78-4f3e-a636-c5413edf6ff7
&amp#27;[38;5;0m[HTTP]&amp#27;[0m &amp#27;[37m<-- GET /session/32d2a80d-dc78-4f3e-a636-c5413edf6ff7/element/00000000-0000-000c-ffff-ffff0000063d/text &amp#27;[39m&amp#27;[32m200&amp#27;[39m &amp#27;[90m39 ms - 73&amp#27;[39m
&amp#27;[38;5;0m[HTTP]&amp#27;[0m &amp#27;[90m&amp#27;[39m
&amp#27;[38;5;0m[HTTP]&amp#27;[0m &amp#27;[37m-->&amp#27;[39m &amp#27;[37mGET&amp#27;[39m &amp#27;[37m/session/32d2a80d-dc78-4f3e-a636-c5413edf6ff7/context&amp#27;[39m
&amp#27;[38;5;0m[HTTP]&amp#27;[0m &amp#27;[90m{}&amp#27;[39m
&amp#27;[38;5;32m[AndroidUiautomator2Driver@6457 (32d2a80d)]&amp#27;[0m Calling AppiumDriver.getCurrentContext() with args: ["32d2a80d-dc78-4f3e-a636-c5413edf6ff7"]
&amp#27;[38;5;32m[AndroidUiautomator2Driver@6457 (32d2a80d)]&amp#27;[0m Responding to client with driver.getCurrentContext() result: "NATIVE_APP"
&amp#27;[38;5;0m[HTTP]&amp#27;[0m &amp#27;[37m<-- GET /session/32d2a80d-dc78-4f3e-a636-c5413edf6ff7/context &amp#27;[39m&amp#27;[32m200&amp#27;[39m &amp#27;[90m1 ms - 22&amp#27;[39m
&amp#27;[38;5;0m[HTTP]&amp#27;[0m &amp#27;[90m&amp#27;[39m
&amp#27;[38;5;0m[HTTP]&amp#27;[0m &amp#27;[37m-->&amp#27;[39m &amp#27;[37mPOST&amp#27;[39m &amp#27;[37m/session/32d2a80d-dc78-4f3e-a636-c5413edf6ff7/elements&amp#27;[39m
&amp#27;[38;5;0m[HTTP]&amp#27;[0m &amp#27;[90m{"value":"com.fivemobile.thescore:id/text_category_name","using":"id"}&amp#27;[39m
&amp#27;[38;5;32m[AndroidUiautomator2Driver@6457 (32d2a80d)]&amp#27;[0m Calling AppiumDriver.findElements() with args: ["id","com.fivemobile.thescore:id/text_category_name","32d2a80d-dc78-4f3e-a636-c5413edf6ff7"]
&amp#27;[38;5;32m[AndroidUiautomator2Driver@6457 (32d2a80d)]&amp#27;[0m Valid locator strategies for this request: xpath, id, class name, accessibility id, css selector, -android uiautomator
&amp#27;[38;5;32m[AndroidUiautomator2Driver@6457 (32d2a80d)]&amp#27;[0m Waiting up to 10000 ms for condition
&amp#27;[38;5;32m[AndroidUiautomator2Driver@6457 (32d2a80d)]&amp#27;[0m Matched '/elements' to command name 'findElements'
&amp#27;[38;5;32m[AndroidUiautomator2Driver@6457 (32d2a80d)]&amp#27;[0m Proxying [POST /elements] to [POST http://127.0.0.1:8200/session/f5e84c71-f4f7-4f8e-aec7-33a82bd27fec/elements] with body: {"strategy":"id","selector":"com.fivemobile.thescore:id/text_category_name","context":"","multiple":true}
&amp#27;[38;5;32m[AndroidUiautomator2Driver@6457 (32d2a80d)]&amp#27;[0m Got response with status 200: {"sessionId":"f5e84c71-f4f7-4f8e-aec7-33a82bd27fec","value":[{"ELEMENT":"00000000-0000-000c-ffff-ffff00000625","element-6066-11e4-a52e-4f735466cecf":"00000000-0000-000c-ffff-ffff00000625"},{"ELEMENT":"00000000-0000-000c-ffff-ffff0000062b","element-6066-11e4-a52e-4f735466cecf":"00000000-0000-000c-ffff-ffff0000062b"},{"ELEMENT":"00000000-0000-000c-ffff-ffff00000631","element-6066-11e4-a52e-4f735466cecf":"00000000-0000-000c-ffff-ffff00000631"},{"ELEMENT":"00000000-0000-000c-ffff-ffff00000637","element-6066-11e4-a52e-4f735466cecf":"00000000-0000-000c-ffff-ffff00000637"},{"ELEMENT":"00000000-0000-000c-ffff-ffff0000063d","element-6066-11e4-a52e-4f735466cecf":"00000000-0000-000c-ffff-ffff0000063d"},{"ELEMENT":"00000000-0000-000c-ffff-ffff00000647","element-6066-11e4-a52e-4f735466cecf":"00000000-0000-000c-ffff-ffff00000647"},{"ELEMENT":"00000000-0000-000c-ffff-ffff0000064d","element-6066-11e4-a52e-4f735466cecf":"00000000-0000-000c-ffff-ffff0000064d"},{"ELEMENT":"00000000-0000-000c-ffff-ffff00000653","element-6066-...
&amp#27;[38;5;32m[AndroidUiautomator2Driver@6457 (32d2a80d)]&amp#27;[0m Responding to client with driver.findElements() result: [{"element-6066-11e4-a52e-4f735466cecf":"00000000-0000-000c-ffff-ffff00000625","ELEMENT":"00000000-0000-000c-ffff-ffff00000625"},{"element-6066-11e4-a52e-4f735466cecf":"00000000-0000-000c-ffff-ffff0000062b","ELEMENT":"00000000-0000-000c-ffff-ffff0000062b"},{"element-6066-11e4-a52e-4f735466cecf":"00000000-0000-000c-ffff-ffff00000631","ELEMENT":"00000000-0000-000c-ffff-ffff00000631"},{"element-6066-11e4-a52e-4f735466cecf":"00000000-0000-000c-ffff-ffff00000637","ELEMENT":"00000000-0000-000c-ffff-ffff00000637"},{"element-6066-11e4-a52e-4f735466cecf":"00000000-0000-000c-ffff-ffff0000063d","ELEMENT":"00000000-0000-000c-ffff-ffff0000063d"},{"element-6066-11e4-a52e-4f735466cecf":"00000000-0000-000c-ffff-ffff00000647","ELEMENT":"00000000-0000-000c-ffff-ffff00000647"},{"element-6066-11e4-a52e-4f735466cecf":"00000000-0000-000c-ffff-ffff0000064d","ELEMENT":"00000000-0000-000c-ffff-ffff0000064d"},{"element-6066-11e4-a52e-4f735466cecf":"00000000-0000-000c-ffff-ffff00000653","ELEMENT":"00000000-0000-000c-ffff-ffff0000065...
&amp#27;[38;5;0m[HTTP]&amp#27;[0m &amp#27;[37m<-- POST /session/32d2a80d-dc78-4f3e-a636-c5413edf6ff7/elements &amp#27;[39m&amp#27;[32m200&amp#27;[39m &amp#27;[90m478 ms - 1291&amp#27;[39m
&amp#27;[38;5;0m[HTTP]&amp#27;[0m &amp#27;[90m&amp#27;[39m
&amp#27;[38;5;0m[HTTP]&amp#27;[0m &amp#27;[37m-->&amp#27;[39m &amp#27;[37mGET&amp#27;[39m &amp#27;[37m/session/32d2a80d-dc78-4f3e-a636-c5413edf6ff7/element/00000000-0000-000c-ffff-ffff0000063d/text&amp#27;[39m
&amp#27;[38;5;0m[HTTP]&amp#27;[0m &amp#27;[90m{}&amp#27;[39m
&amp#27;[38;5;32m[AndroidUiautomator2Driver@6457 (32d2a80d)]&amp#27;[0m Driver proxy active, passing request on via HTTP proxy
&amp#27;[38;5;32m[AndroidUiautomator2Driver@6457 (32d2a80d)]&amp#27;[0m Matched '/session/32d2a80d-dc78-4f3e-a636-c5413edf6ff7/element/00000000-0000-000c-ffff-ffff0000063d/text' to command name 'getText'
&amp#27;[38;5;32m[AndroidUiautomator2Driver@6457 (32d2a80d)]&amp#27;[0m Proxying [GET /session/32d2a80d-dc78-4f3e-a636-c5413edf6ff7/element/00000000-0000-000c-ffff-ffff0000063d/text] to [GET http://127.0.0.1:8200/session/f5e84c71-f4f7-4f8e-aec7-33a82bd27fec/element/00000000-0000-000c-ffff-ffff0000063d/text] with no body
&amp#27;[38;5;32m[AndroidUiautomator2Driver@6457 (32d2a80d)]&amp#27;[0m Got response with status 200: {"sessionId":"f5e84c71-f4f7-4f8e-aec7-33a82bd27fec","value":"3rd Down %"}
&amp#27;[38;5;32m[AndroidUiautomator2Driver@6457 (32d2a80d)]&amp#27;[0m Replacing sessionId f5e84c71-f4f7-4f8e-aec7-33a82bd27fec with 32d2a80d-dc78-4f3e-a636-c5413edf6ff7
&amp#27;[38;5;0m[HTTP]&amp#27;[0m &amp#27;[37m<-- GET /session/32d2a80d-dc78-4f3e-a636-c5413edf6ff7/element/00000000-0000-000c-ffff-ffff0000063d/text &amp#27;[39m&amp#27;[32m200&amp#27;[39m &amp#27;[90m24 ms - 73&amp#27;[39m
&amp#27;[38;5;0m[HTTP]&amp#27;[0m &amp#27;[90m&amp#27;[39m
&amp#27;[38;5;0m[HTTP]&amp#27;[0m &amp#27;[37m-->&amp#27;[39m &amp#27;[37mGET&amp#27;[39m &amp#27;[37m/session/32d2a80d-dc78-4f3e-a636-c5413edf6ff7/context&amp#27;[39m
&amp#27;[38;5;0m[HTTP]&amp#27;[0m &amp#27;[90m{}&amp#27;[39m
&amp#27;[38;5;32m[AndroidUiautomator2Driver@6457 (32d2a80d)]&amp#27;[0m Calling AppiumDriver.getCurrentContext() with args: ["32d2a80d-dc78-4f3e-a636-c5413edf6ff7"]
&amp#27;[38;5;32m[AndroidUiautomator2Driver@6457 (32d2a80d)]&amp#27;[0m Responding to client with driver.getCurrentContext() result: "NATIVE_APP"
&amp#27;[38;5;0m[HTTP]&amp#27;[0m &amp#27;[37m<-- GET /session/32d2a80d-dc78-4f3e-a636-c5413edf6ff7/context &amp#27;[39m&amp#27;[32m200&amp#27;[39m &amp#27;[90m1 ms - 22&amp#27;[39m
&amp#27;[38;5;0m[HTTP]&amp#27;[0m &amp#27;[90m&amp#27;[39m
&amp#27;[38;5;0m[HTTP]&amp#27;[0m &amp#27;[37m-->&amp#27;[39m &amp#27;[37mPOST&amp#27;[39m &amp#27;[37m/session/32d2a80d-dc78-4f3e-a636-c5413edf6ff7/elements&amp#27;[39m
&amp#27;[38;5;0m[HTTP]&amp#27;[0m &amp#27;[90m{"value":"com.fivemobile.thescore:id/text_category_name","using":"id"}&amp#27;[39m
&amp#27;[38;5;32m[AndroidUiautomator2Driver@6457 (32d2a80d)]&amp#27;[0m Calling AppiumDriver.findElements() with args: ["id","com.fivemobile.thescore:id/text_category_name","32d2a80d-dc78-4f3e-a636-c5413edf6ff7"]
&amp#27;[38;5;32m[AndroidUiautomator2Driver@6457 (32d2a80d)]&amp#27;[0m Valid locator strategies for this request: xpath, id, class name, accessibility id, css selector, -android uiautomator
&amp#27;[38;5;32m[AndroidUiautomator2Driver@6457 (32d2a80d)]&amp#27;[0m Waiting up to 10000 ms for condition
&amp#27;[38;5;32m[AndroidUiautomator2Driver@6457 (32d2a80d)]&amp#27;[0m Matched '/elements' to command name 'findElements'
&amp#27;[38;5;32m[AndroidUiautomator2Driver@6457 (32d2a80d)]&amp#27;[0m Proxying [POST /elements] to [POST http://127.0.0.1:8200/session/f5e84c71-f4f7-4f8e-aec7-33a82bd27fec/elements] with body: {"strategy":"id","selector":"com.fivemobile.thescore:id/text_category_name","context":"","multiple":true}
&amp#27;[38;5;32m[AndroidUiautomator2Driver@6457 (32d2a80d)]&amp#27;[0m Got response with status 200: {"sessionId":"f5e84c71-f4f7-4f8e-aec7-33a82bd27fec","value":[{"ELEMENT":"00000000-0000-000c-ffff-ffff00000625","element-6066-11e4-a52e-4f735466cecf":"00000000-0000-000c-ffff-ffff00000625"},{"ELEMENT":"00000000-0000-000c-ffff-ffff0000062b","element-6066-11e4-a52e-4f735466cecf":"00000000-0000-000c-ffff-ffff0000062b"},{"ELEMENT":"00000000-0000-000c-ffff-ffff00000631","element-6066-11e4-a52e-4f735466cecf":"00000000-0000-000c-ffff-ffff00000631"},{"ELEMENT":"00000000-0000-000c-ffff-ffff00000637","element-6066-11e4-a52e-4f735466cecf":"00000000-0000-000c-ffff-ffff00000637"},{"ELEMENT":"00000000-0000-000c-ffff-ffff0000063d","element-6066-11e4-a52e-4f735466cecf":"00000000-0000-000c-ffff-ffff0000063d"},{"ELEMENT":"00000000-0000-000c-ffff-ffff00000647","element-6066-11e4-a52e-4f735466cecf":"00000000-0000-000c-ffff-ffff00000647"},{"ELEMENT":"00000000-0000-000c-ffff-ffff0000064d","element-6066-11e4-a52e-4f735466cecf":"00000000-0000-000c-ffff-ffff0000064d"},{"ELEMENT":"00000000-0000-000c-ffff-ffff00000653","element-6066-...
&amp#27;[38;5;32m[AndroidUiautomator2Driver@6457 (32d2a80d)]&amp#27;[0m Responding to client with driver.findElements() result: [{"element-6066-11e4-a52e-4f735466cecf":"00000000-0000-000c-ffff-ffff00000625","ELEMENT":"00000000-0000-000c-ffff-ffff00000625"},{"element-6066-11e4-a52e-4f735466cecf":"00000000-0000-000c-ffff-ffff0000062b","ELEMENT":"00000000-0000-000c-ffff-ffff0000062b"},{"element-6066-11e4-a52e-4f735466cecf":"00000000-0000-000c-ffff-ffff00000631","ELEMENT":"00000000-0000-000c-ffff-ffff00000631"},{"element-6066-11e4-a52e-4f735466cecf":"00000000-0000-000c-ffff-ffff00000637","ELEMENT":"00000000-0000-000c-ffff-ffff00000637"},{"element-6066-11e4-a52e-4f735466cecf":"00000000-0000-000c-ffff-ffff0000063d","ELEMENT":"00000000-0000-000c-ffff-ffff0000063d"},{"element-6066-11e4-a52e-4f735466cecf":"00000000-0000-000c-ffff-ffff00000647","ELEMENT":"00000000-0000-000c-ffff-ffff00000647"},{"element-6066-11e4-a52e-4f735466cecf":"00000000-0000-000c-ffff-ffff0000064d","ELEMENT":"00000000-0000-000c-ffff-ffff0000064d"},{"element-6066-11e4-a52e-4f735466cecf":"00000000-0000-000c-ffff-ffff00000653","ELEMENT":"00000000-0000-000c-ffff-ffff0000065...
&amp#27;[38;5;0m[HTTP]&amp#27;[0m &amp#27;[37m<-- POST /session/32d2a80d-dc78-4f3e-a636-c5413edf6ff7/elements &amp#27;[39m&amp#27;[32m200&amp#27;[39m &amp#27;[90m372 ms - 1291&amp#27;[39m
&amp#27;[38;5;0m[HTTP]&amp#27;[0m &amp#27;[90m&amp#27;[39m
&amp#27;[38;5;0m[HTTP]&amp#27;[0m &amp#27;[37m-->&amp#27;[39m &amp#27;[37mGET&amp#27;[39m &amp#27;[37m/session/32d2a80d-dc78-4f3e-a636-c5413edf6ff7/element/00000000-0000-000c-ffff-ffff0000063d/text&amp#27;[39m
&amp#27;[38;5;0m[HTTP]&amp#27;[0m &amp#27;[90m{}&amp#27;[39m
&amp#27;[38;5;32m[AndroidUiautomator2Driver@6457 (32d2a80d)]&amp#27;[0m Driver proxy active, passing request on via HTTP proxy
&amp#27;[38;5;32m[AndroidUiautomator2Driver@6457 (32d2a80d)]&amp#27;[0m Matched '/session/32d2a80d-dc78-4f3e-a636-c5413edf6ff7/element/00000000-0000-000c-ffff-ffff0000063d/text' to command name 'getText'
&amp#27;[38;5;32m[AndroidUiautomator2Driver@6457 (32d2a80d)]&amp#27;[0m Proxying [GET /session/32d2a80d-dc78-4f3e-a636-c5413edf6ff7/element/00000000-0000-000c-ffff-ffff0000063d/text] to [GET http://127.0.0.1:8200/session/f5e84c71-f4f7-4f8e-aec7-33a82bd27fec/element/00000000-0000-000c-ffff-ffff0000063d/text] with no body
&amp#27;[38;5;32m[AndroidUiautomator2Driver@6457 (32d2a80d)]&amp#27;[0m Got response with status 200: {"sessionId":"f5e84c71-f4f7-4f8e-aec7-33a82bd27fec","value":"3rd Down %"}
&amp#27;[38;5;32m[AndroidUiautomator2Driver@6457 (32d2a80d)]&amp#27;[0m Replacing sessionId f5e84c71-f4f7-4f8e-aec7-33a82bd27fec with 32d2a80d-dc78-4f3e-a636-c5413edf6ff7
&amp#27;[38;5;0m[HTTP]&amp#27;[0m &amp#27;[37m<-- GET /session/32d2a80d-dc78-4f3e-a636-c5413edf6ff7/element/00000000-0000-000c-ffff-ffff0000063d/text &amp#27;[39m&amp#27;[32m200&amp#27;[39m &amp#27;[90m152 ms - 73&amp#27;[39m
&amp#27;[38;5;0m[HTTP]&amp#27;[0m &amp#27;[90m&amp#27;[39m
&amp#27;[38;5;0m[HTTP]&amp#27;[0m &amp#27;[37m-->&amp#27;[39m &amp#27;[37mGET&amp#27;[39m &amp#27;[37m/session/32d2a80d-dc78-4f3e-a636-c5413edf6ff7/context&amp#27;[39m
&amp#27;[38;5;0m[HTTP]&amp#27;[0m &amp#27;[90m{}&amp#27;[39m
&amp#27;[38;5;32m[AndroidUiautomator2Driver@6457 (32d2a80d)]&amp#27;[0m Calling AppiumDriver.getCurrentContext() with args: ["32d2a80d-dc78-4f3e-a636-c5413edf6ff7"]
&amp#27;[38;5;32m[AndroidUiautomator2Driver@6457 (32d2a80d)]&amp#27;[0m Responding to client with driver.getCurrentContext() result: "NATIVE_APP"
&amp#27;[38;5;0m[HTTP]&amp#27;[0m &amp#27;[37m<-- GET /session/32d2a80d-dc78-4f3e-a636-c5413edf6ff7/context &amp#27;[39m&amp#27;[32m200&amp#27;[39m &amp#27;[90m1 ms - 22&amp#27;[39m
&amp#27;[38;5;0m[HTTP]&amp#27;[0m &amp#27;[90m&amp#27;[39m
&amp#27;[38;5;0m[HTTP]&amp#27;[0m &amp#27;[37m-->&amp#27;[39m &amp#27;[37mPOST&amp#27;[39m &amp#27;[37m/session/32d2a80d-dc78-4f3e-a636-c5413edf6ff7/elements&amp#27;[39m
&amp#27;[38;5;0m[HTTP]&amp#27;[0m &amp#27;[90m{"value":"com.fivemobile.thescore:id/text_category_name","using":"id"}&amp#27;[39m
&amp#27;[38;5;32m[AndroidUiautomator2Driver@6457 (32d2a80d)]&amp#27;[0m Calling AppiumDriver.findElements() with args: ["id","com.fivemobile.thescore:id/text_category_name","32d2a80d-dc78-4f3e-a636-c5413edf6ff7"]
&amp#27;[38;5;32m[AndroidUiautomator2Driver@6457 (32d2a80d)]&amp#27;[0m Valid locator strategies for this request: xpath, id, class name, accessibility id, css selector, -android uiautomator
&amp#27;[38;5;32m[AndroidUiautomator2Driver@6457 (32d2a80d)]&amp#27;[0m Waiting up to 10000 ms for condition
&amp#27;[38;5;32m[AndroidUiautomator2Driver@6457 (32d2a80d)]&amp#27;[0m Matched '/elements' to command name 'findElements'
&amp#27;[38;5;32m[AndroidUiautomator2Driver@6457 (32d2a80d)]&amp#27;[0m Proxying [POST /elements] to [POST http://127.0.0.1:8200/session/f5e84c71-f4f7-4f8e-aec7-33a82bd27fec/elements] with body: {"strategy":"id","selector":"com.fivemobile.thescore:id/text_category_name","context":"","multiple":true}
&amp#27;[38;5;32m[AndroidUiautomator2Driver@6457 (32d2a80d)]&amp#27;[0m Got response with status 200: {"sessionId":"f5e84c71-f4f7-4f8e-aec7-33a82bd27fec","value":[{"ELEMENT":"00000000-0000-000c-ffff-ffff00000625","element-6066-11e4-a52e-4f735466cecf":"00000000-0000-000c-ffff-ffff00000625"},{"ELEMENT":"00000000-0000-000c-ffff-ffff0000062b","element-6066-11e4-a52e-4f735466cecf":"00000000-0000-000c-ffff-ffff0000062b"},{"ELEMENT":"00000000-0000-000c-ffff-ffff00000631","element-6066-11e4-a52e-4f735466cecf":"00000000-0000-000c-ffff-ffff00000631"},{"ELEMENT":"00000000-0000-000c-ffff-ffff00000637","element-6066-11e4-a52e-4f735466cecf":"00000000-0000-000c-ffff-ffff00000637"},{"ELEMENT":"00000000-0000-000c-ffff-ffff0000063d","element-6066-11e4-a52e-4f735466cecf":"00000000-0000-000c-ffff-ffff0000063d"},{"ELEMENT":"00000000-0000-000c-ffff-ffff00000647","element-6066-11e4-a52e-4f735466cecf":"00000000-0000-000c-ffff-ffff00000647"},{"ELEMENT":"00000000-0000-000c-ffff-ffff0000064d","element-6066-11e4-a52e-4f735466cecf":"00000000-0000-000c-ffff-ffff0000064d"},{"ELEMENT":"00000000-0000-000c-ffff-ffff00000653","element-6066-...
&amp#27;[38;5;32m[AndroidUiautomator2Driver@6457 (32d2a80d)]&amp#27;[0m Responding to client with driver.findElements() result: [{"element-6066-11e4-a52e-4f735466cecf":"00000000-0000-000c-ffff-ffff00000625","ELEMENT":"00000000-0000-000c-ffff-ffff00000625"},{"element-6066-11e4-a52e-4f735466cecf":"00000000-0000-000c-ffff-ffff0000062b","ELEMENT":"00000000-0000-000c-ffff-ffff0000062b"},{"element-6066-11e4-a52e-4f735466cecf":"00000000-0000-000c-ffff-ffff00000631","ELEMENT":"00000000-0000-000c-ffff-ffff00000631"},{"element-6066-11e4-a52e-4f735466cecf":"00000000-0000-000c-ffff-ffff00000637","ELEMENT":"00000000-0000-000c-ffff-ffff00000637"},{"element-6066-11e4-a52e-4f735466cecf":"00000000-0000-000c-ffff-ffff0000063d","ELEMENT":"00000000-0000-000c-ffff-ffff0000063d"},{"element-6066-11e4-a52e-4f735466cecf":"00000000-0000-000c-ffff-ffff00000647","ELEMENT":"00000000-0000-000c-ffff-ffff00000647"},{"element-6066-11e4-a52e-4f735466cecf":"00000000-0000-000c-ffff-ffff0000064d","ELEMENT":"00000000-0000-000c-ffff-ffff0000064d"},{"element-6066-11e4-a52e-4f735466cecf":"00000000-0000-000c-ffff-ffff00000653","ELEMENT":"00000000-0000-000c-ffff-ffff0000065...
&amp#27;[38;5;0m[HTTP]&amp#27;[0m &amp#27;[37m<-- POST /session/32d2a80d-dc78-4f3e-a636-c5413edf6ff7/elements &amp#27;[39m&amp#27;[32m200&amp#27;[39m &amp#27;[90m357 ms - 1291&amp#27;[39m
&amp#27;[38;5;0m[HTTP]&amp#27;[0m &amp#27;[90m&amp#27;[39m
&amp#27;[38;5;0m[HTTP]&amp#27;[0m &amp#27;[37m-->&amp#27;[39m &amp#27;[37mGET&amp#27;[39m &amp#27;[37m/session/32d2a80d-dc78-4f3e-a636-c5413edf6ff7/element/00000000-0000-000c-ffff-ffff0000063d/text&amp#27;[39m
&amp#27;[38;5;0m[HTTP]&amp#27;[0m &amp#27;[90m{}&amp#27;[39m
&amp#27;[38;5;32m[AndroidUiautomator2Driver@6457 (32d2a80d)]&amp#27;[0m Driver proxy active, passing request on via HTTP proxy
&amp#27;[38;5;32m[AndroidUiautomator2Driver@6457 (32d2a80d)]&amp#27;[0m Matched '/session/32d2a80d-dc78-4f3e-a636-c5413edf6ff7/element/00000000-0000-000c-ffff-ffff0000063d/text' to command name 'getText'
&amp#27;[38;5;32m[AndroidUiautomator2Driver@6457 (32d2a80d)]&amp#27;[0m Proxying [GET /session/32d2a80d-dc78-4f3e-a636-c5413edf6ff7/element/00000000-0000-000c-ffff-ffff0000063d/text] to [GET http://127.0.0.1:8200/session/f5e84c71-f4f7-4f8e-aec7-33a82bd27fec/element/00000000-0000-000c-ffff-ffff0000063d/text] with no body
&amp#27;[38;5;32m[AndroidUiautomator2Driver@6457 (32d2a80d)]&amp#27;[0m Got response with status 200: {"sessionId":"f5e84c71-f4f7-4f8e-aec7-33a82bd27fec","value":"3rd Down %"}
&amp#27;[38;5;32m[AndroidUiautomator2Driver@6457 (32d2a80d)]&amp#27;[0m Replacing sessionId f5e84c71-f4f7-4f8e-aec7-33a82bd27fec with 32d2a80d-dc78-4f3e-a636-c5413edf6ff7
&amp#27;[38;5;0m[HTTP]&amp#27;[0m &amp#27;[37m<-- GET /session/32d2a80d-dc78-4f3e-a636-c5413edf6ff7/element/00000000-0000-000c-ffff-ffff0000063d/text &amp#27;[39m&amp#27;[32m200&amp#27;[39m &amp#27;[90m40 ms - 73&amp#27;[39m
&amp#27;[38;5;0m[HTTP]&amp#27;[0m &amp#27;[90m&amp#27;[39m
Text displayed: 3rd Down %
&amp#27;[38;5;0m[HTTP]&amp#27;[0m &amp#27;[37m-->&amp#27;[39m &amp#27;[37mGET&amp#27;[39m &amp#27;[37m/session/32d2a80d-dc78-4f3e-a636-c5413edf6ff7/context&amp#27;[39m
&amp#27;[38;5;0m[HTTP]&amp#27;[0m &amp#27;[90m{}&amp#27;[39m
&amp#27;[38;5;32m[AndroidUiautomator2Driver@6457 (32d2a80d)]&amp#27;[0m Calling AppiumDriver.getCurrentContext() with args: ["32d2a80d-dc78-4f3e-a636-c5413edf6ff7"]
&amp#27;[38;5;32m[AndroidUiautomator2Driver@6457 (32d2a80d)]&amp#27;[0m Responding to client with driver.getCurrentContext() result: "NATIVE_APP"
&amp#27;[38;5;0m[HTTP]&amp#27;[0m &amp#27;[37m<-- GET /session/32d2a80d-dc78-4f3e-a636-c5413edf6ff7/context &amp#27;[39m&amp#27;[32m200&amp#27;[39m &amp#27;[90m1 ms - 22&amp#27;[39m
&amp#27;[38;5;0m[HTTP]&amp#27;[0m &amp#27;[90m&amp#27;[39m
&amp#27;[38;5;0m[HTTP]&amp#27;[0m &amp#27;[37m-->&amp#27;[39m &amp#27;[37mPOST&amp#27;[39m &amp#27;[37m/session/32d2a80d-dc78-4f3e-a636-c5413edf6ff7/elements&amp#27;[39m
&amp#27;[38;5;0m[HTTP]&amp#27;[0m &amp#27;[90m{"value":"com.fivemobile.thescore:id/text_category_name","using":"id"}&amp#27;[39m
&amp#27;[38;5;32m[AndroidUiautomator2Driver@6457 (32d2a80d)]&amp#27;[0m Calling AppiumDriver.findElements() with args: ["id","com.fivemobile.thescore:id/text_category_name","32d2a80d-dc78-4f3e-a636-c5413edf6ff7"]
&amp#27;[38;5;32m[AndroidUiautomator2Driver@6457 (32d2a80d)]&amp#27;[0m Valid locator strategies for this request: xpath, id, class name, accessibility id, css selector, -android uiautomator
&amp#27;[38;5;32m[AndroidUiautomator2Driver@6457 (32d2a80d)]&amp#27;[0m Waiting up to 10000 ms for condition
&amp#27;[38;5;32m[AndroidUiautomator2Driver@6457 (32d2a80d)]&amp#27;[0m Matched '/elements' to command name 'findElements'
&amp#27;[38;5;32m[AndroidUiautomator2Driver@6457 (32d2a80d)]&amp#27;[0m Proxying [POST /elements] to [POST http://127.0.0.1:8200/session/f5e84c71-f4f7-4f8e-aec7-33a82bd27fec/elements] with body: {"strategy":"id","selector":"com.fivemobile.thescore:id/text_category_name","context":"","multiple":true}
&amp#27;[38;5;32m[AndroidUiautomator2Driver@6457 (32d2a80d)]&amp#27;[0m Got response with status 200: {"sessionId":"f5e84c71-f4f7-4f8e-aec7-33a82bd27fec","value":[{"ELEMENT":"00000000-0000-000c-ffff-ffff00000625","element-6066-11e4-a52e-4f735466cecf":"00000000-0000-000c-ffff-ffff00000625"},{"ELEMENT":"00000000-0000-000c-ffff-ffff0000062b","element-6066-11e4-a52e-4f735466cecf":"00000000-0000-000c-ffff-ffff0000062b"},{"ELEMENT":"00000000-0000-000c-ffff-ffff00000631","element-6066-11e4-a52e-4f735466cecf":"00000000-0000-000c-ffff-ffff00000631"},{"ELEMENT":"00000000-0000-000c-ffff-ffff00000637","element-6066-11e4-a52e-4f735466cecf":"00000000-0000-000c-ffff-ffff00000637"},{"ELEMENT":"00000000-0000-000c-ffff-ffff0000063d","element-6066-11e4-a52e-4f735466cecf":"00000000-0000-000c-ffff-ffff0000063d"},{"ELEMENT":"00000000-0000-000c-ffff-ffff00000647","element-6066-11e4-a52e-4f735466cecf":"00000000-0000-000c-ffff-ffff00000647"},{"ELEMENT":"00000000-0000-000c-ffff-ffff0000064d","element-6066-11e4-a52e-4f735466cecf":"00000000-0000-000c-ffff-ffff0000064d"},{"ELEMENT":"00000000-0000-000c-ffff-ffff00000653","element-6066-...
&amp#27;[38;5;32m[AndroidUiautomator2Driver@6457 (32d2a80d)]&amp#27;[0m Responding to client with driver.findElements() result: [{"element-6066-11e4-a52e-4f735466cecf":"00000000-0000-000c-ffff-ffff00000625","ELEMENT":"00000000-0000-000c-ffff-ffff00000625"},{"element-6066-11e4-a52e-4f735466cecf":"00000000-0000-000c-ffff-ffff0000062b","ELEMENT":"00000000-0000-000c-ffff-ffff0000062b"},{"element-6066-11e4-a52e-4f735466cecf":"00000000-0000-000c-ffff-ffff00000631","ELEMENT":"00000000-0000-000c-ffff-ffff00000631"},{"element-6066-11e4-a52e-4f735466cecf":"00000000-0000-000c-ffff-ffff00000637","ELEMENT":"00000000-0000-000c-ffff-ffff00000637"},{"element-6066-11e4-a52e-4f735466cecf":"00000000-0000-000c-ffff-ffff0000063d","ELEMENT":"00000000-0000-000c-ffff-ffff0000063d"},{"element-6066-11e4-a52e-4f735466cecf":"00000000-0000-000c-ffff-ffff00000647","ELEMENT":"00000000-0000-000c-ffff-ffff00000647"},{"element-6066-11e4-a52e-4f735466cecf":"00000000-0000-000c-ffff-ffff0000064d","ELEMENT":"00000000-0000-000c-ffff-ffff0000064d"},{"element-6066-11e4-a52e-4f735466cecf":"00000000-0000-000c-ffff-ffff00000653","ELEMENT":"00000000-0000-000c-ffff-ffff0000065...
&amp#27;[38;5;0m[HTTP]&amp#27;[0m &amp#27;[37m<-- POST /session/32d2a80d-dc78-4f3e-a636-c5413edf6ff7/elements &amp#27;[39m&amp#27;[32m200&amp#27;[39m &amp#27;[90m366 ms - 1291&amp#27;[39m
&amp#27;[38;5;0m[HTTP]&amp#27;[0m &amp#27;[90m&amp#27;[39m
&amp#27;[38;5;0m[HTTP]&amp#27;[0m &amp#27;[37m-->&amp#27;[39m &amp#27;[37mGET&amp#27;[39m &amp#27;[37m/session/32d2a80d-dc78-4f3e-a636-c5413edf6ff7/context&amp#27;[39m
&amp#27;[38;5;0m[HTTP]&amp#27;[0m &amp#27;[90m{}&amp#27;[39m
&amp#27;[38;5;32m[AndroidUiautomator2Driver@6457 (32d2a80d)]&amp#27;[0m Calling AppiumDriver.getCurrentContext() with args: ["32d2a80d-dc78-4f3e-a636-c5413edf6ff7"]
&amp#27;[38;5;32m[AndroidUiautomator2Driver@6457 (32d2a80d)]&amp#27;[0m Responding to client with driver.getCurrentContext() result: "NATIVE_APP"
&amp#27;[38;5;0m[HTTP]&amp#27;[0m &amp#27;[37m<-- GET /session/32d2a80d-dc78-4f3e-a636-c5413edf6ff7/context &amp#27;[39m&amp#27;[32m200&amp#27;[39m &amp#27;[90m1 ms - 22&amp#27;[39m
&amp#27;[38;5;0m[HTTP]&amp#27;[0m &amp#27;[90m&amp#27;[39m
&amp#27;[38;5;0m[HTTP]&amp#27;[0m &amp#27;[37m-->&amp#27;[39m &amp#27;[37mPOST&amp#27;[39m &amp#27;[37m/session/32d2a80d-dc78-4f3e-a636-c5413edf6ff7/elements&amp#27;[39m
&amp#27;[38;5;0m[HTTP]&amp#27;[0m &amp#27;[90m{"value":"com.fivemobile.thescore:id/text_category_name","using":"id"}&amp#27;[39m
&amp#27;[38;5;32m[AndroidUiautomator2Driver@6457 (32d2a80d)]&amp#27;[0m Calling AppiumDriver.findElements() with args: ["id","com.fivemobile.thescore:id/text_category_name","32d2a80d-dc78-4f3e-a636-c5413edf6ff7"]
&amp#27;[38;5;32m[AndroidUiautomator2Driver@6457 (32d2a80d)]&amp#27;[0m Valid locator strategies for this request: xpath, id, class name, accessibility id, css selector, -android uiautomator
&amp#27;[38;5;32m[AndroidUiautomator2Driver@6457 (32d2a80d)]&amp#27;[0m Waiting up to 10000 ms for condition
&amp#27;[38;5;32m[AndroidUiautomator2Driver@6457 (32d2a80d)]&amp#27;[0m Matched '/elements' to command name 'findElements'
&amp#27;[38;5;32m[AndroidUiautomator2Driver@6457 (32d2a80d)]&amp#27;[0m Proxying [POST /elements] to [POST http://127.0.0.1:8200/session/f5e84c71-f4f7-4f8e-aec7-33a82bd27fec/elements] with body: {"strategy":"id","selector":"com.fivemobile.thescore:id/text_category_name","context":"","multiple":true}
&amp#27;[38;5;32m[AndroidUiautomator2Driver@6457 (32d2a80d)]&amp#27;[0m Got response with status 200: {"sessionId":"f5e84c71-f4f7-4f8e-aec7-33a82bd27fec","value":[{"ELEMENT":"00000000-0000-000c-ffff-ffff00000625","element-6066-11e4-a52e-4f735466cecf":"00000000-0000-000c-ffff-ffff00000625"},{"ELEMENT":"00000000-0000-000c-ffff-ffff0000062b","element-6066-11e4-a52e-4f735466cecf":"00000000-0000-000c-ffff-ffff0000062b"},{"ELEMENT":"00000000-0000-000c-ffff-ffff00000631","element-6066-11e4-a52e-4f735466cecf":"00000000-0000-000c-ffff-ffff00000631"},{"ELEMENT":"00000000-0000-000c-ffff-ffff00000637","element-6066-11e4-a52e-4f735466cecf":"00000000-0000-000c-ffff-ffff00000637"},{"ELEMENT":"00000000-0000-000c-ffff-ffff0000063d","element-6066-11e4-a52e-4f735466cecf":"00000000-0000-000c-ffff-ffff0000063d"},{"ELEMENT":"00000000-0000-000c-ffff-ffff00000647","element-6066-11e4-a52e-4f735466cecf":"00000000-0000-000c-ffff-ffff00000647"},{"ELEMENT":"00000000-0000-000c-ffff-ffff0000064d","element-6066-11e4-a52e-4f735466cecf":"00000000-0000-000c-ffff-ffff0000064d"},{"ELEMENT":"00000000-0000-000c-ffff-ffff00000653","element-6066-...
&amp#27;[38;5;32m[AndroidUiautomator2Driver@6457 (32d2a80d)]&amp#27;[0m Responding to client with driver.findElements() result: [{"element-6066-11e4-a52e-4f735466cecf":"00000000-0000-000c-ffff-ffff00000625","ELEMENT":"00000000-0000-000c-ffff-ffff00000625"},{"element-6066-11e4-a52e-4f735466cecf":"00000000-0000-000c-ffff-ffff0000062b","ELEMENT":"00000000-0000-000c-ffff-ffff0000062b"},{"element-6066-11e4-a52e-4f735466cecf":"00000000-0000-000c-ffff-ffff00000631","ELEMENT":"00000000-0000-000c-ffff-ffff00000631"},{"element-6066-11e4-a52e-4f735466cecf":"00000000-0000-000c-ffff-ffff00000637","ELEMENT":"00000000-0000-000c-ffff-ffff00000637"},{"element-6066-11e4-a52e-4f735466cecf":"00000000-0000-000c-ffff-ffff0000063d","ELEMENT":"00000000-0000-000c-ffff-ffff0000063d"},{"element-6066-11e4-a52e-4f735466cecf":"00000000-0000-000c-ffff-ffff00000647","ELEMENT":"00000000-0000-000c-ffff-ffff00000647"},{"element-6066-11e4-a52e-4f735466cecf":"00000000-0000-000c-ffff-ffff0000064d","ELEMENT":"00000000-0000-000c-ffff-ffff0000064d"},{"element-6066-11e4-a52e-4f735466cecf":"00000000-0000-000c-ffff-ffff00000653","ELEMENT":"00000000-0000-000c-ffff-ffff0000065...
&amp#27;[38;5;0m[HTTP]&amp#27;[0m &amp#27;[37m<-- POST /session/32d2a80d-dc78-4f3e-a636-c5413edf6ff7/elements &amp#27;[39m&amp#27;[32m200&amp#27;[39m &amp#27;[90m304 ms - 1291&amp#27;[39m
&amp#27;[38;5;0m[HTTP]&amp#27;[0m &amp#27;[90m&amp#27;[39m
&amp#27;[38;5;0m[HTTP]&amp#27;[0m &amp#27;[37m-->&amp#27;[39m &amp#27;[37mGET&amp#27;[39m &amp#27;[37m/session/32d2a80d-dc78-4f3e-a636-c5413edf6ff7/element/00000000-0000-000c-ffff-ffff00000647/text&amp#27;[39m
&amp#27;[38;5;0m[HTTP]&amp#27;[0m &amp#27;[90m{}&amp#27;[39m
&amp#27;[38;5;32m[AndroidUiautomator2Driver@6457 (32d2a80d)]&amp#27;[0m Driver proxy active, passing request on via HTTP proxy
&amp#27;[38;5;32m[AndroidUiautomator2Driver@6457 (32d2a80d)]&amp#27;[0m Matched '/session/32d2a80d-dc78-4f3e-a636-c5413edf6ff7/element/00000000-0000-000c-ffff-ffff00000647/text' to command name 'getText'
&amp#27;[38;5;32m[AndroidUiautomator2Driver@6457 (32d2a80d)]&amp#27;[0m Proxying [GET /session/32d2a80d-dc78-4f3e-a636-c5413edf6ff7/element/00000000-0000-000c-ffff-ffff00000647/text] to [GET http://127.0.0.1:8200/session/f5e84c71-f4f7-4f8e-aec7-33a82bd27fec/element/00000000-0000-000c-ffff-ffff00000647/text] with no body
&amp#27;[38;5;32m[AndroidUiautomator2Driver@6457 (32d2a80d)]&amp#27;[0m Got response with status 200: {"sessionId":"f5e84c71-f4f7-4f8e-aec7-33a82bd27fec","value":"Total Yards"}
&amp#27;[38;5;32m[AndroidUiautomator2Driver@6457 (32d2a80d)]&amp#27;[0m Replacing sessionId f5e84c71-f4f7-4f8e-aec7-33a82bd27fec with 32d2a80d-dc78-4f3e-a636-c5413edf6ff7
&amp#27;[38;5;0m[HTTP]&amp#27;[0m &amp#27;[37m<-- GET /session/32d2a80d-dc78-4f3e-a636-c5413edf6ff7/element/00000000-0000-000c-ffff-ffff00000647/text &amp#27;[39m&amp#27;[32m200&amp#27;[39m &amp#27;[90m33 ms - 74&amp#27;[39m
&amp#27;[38;5;0m[HTTP]&amp#27;[0m &amp#27;[90m&amp#27;[39m
&amp#27;[38;5;0m[HTTP]&amp#27;[0m &amp#27;[37m-->&amp#27;[39m &amp#27;[37mGET&amp#27;[39m &amp#27;[37m/session/32d2a80d-dc78-4f3e-a636-c5413edf6ff7/context&amp#27;[39m
&amp#27;[38;5;0m[HTTP]&amp#27;[0m &amp#27;[90m{}&amp#27;[39m
&amp#27;[38;5;32m[AndroidUiautomator2Driver@6457 (32d2a80d)]&amp#27;[0m Calling AppiumDriver.getCurrentContext() with args: ["32d2a80d-dc78-4f3e-a636-c5413edf6ff7"]
&amp#27;[38;5;32m[AndroidUiautomator2Driver@6457 (32d2a80d)]&amp#27;[0m Responding to client with driver.getCurrentContext() result: "NATIVE_APP"
&amp#27;[38;5;0m[HTTP]&amp#27;[0m &amp#27;[37m<-- GET /session/32d2a80d-dc78-4f3e-a636-c5413edf6ff7/context &amp#27;[39m&amp#27;[32m200&amp#27;[39m &amp#27;[90m1 ms - 22&amp#27;[39m
&amp#27;[38;5;0m[HTTP]&amp#27;[0m &amp#27;[90m&amp#27;[39m
&amp#27;[38;5;0m[HTTP]&amp#27;[0m &amp#27;[37m-->&amp#27;[39m &amp#27;[37mPOST&amp#27;[39m &amp#27;[37m/session/32d2a80d-dc78-4f3e-a636-c5413edf6ff7/elements&amp#27;[39m
&amp#27;[38;5;0m[HTTP]&amp#27;[0m &amp#27;[90m{"value":"com.fivemobile.thescore:id/text_category_name","using":"id"}&amp#27;[39m
&amp#27;[38;5;32m[AndroidUiautomator2Driver@6457 (32d2a80d)]&amp#27;[0m Calling AppiumDriver.findElements() with args: ["id","com.fivemobile.thescore:id/text_category_name","32d2a80d-dc78-4f3e-a636-c5413edf6ff7"]
&amp#27;[38;5;32m[AndroidUiautomator2Driver@6457 (32d2a80d)]&amp#27;[0m Valid locator strategies for this request: xpath, id, class name, accessibility id, css selector, -android uiautomator
&amp#27;[38;5;32m[AndroidUiautomator2Driver@6457 (32d2a80d)]&amp#27;[0m Waiting up to 10000 ms for condition
&amp#27;[38;5;32m[AndroidUiautomator2Driver@6457 (32d2a80d)]&amp#27;[0m Matched '/elements' to command name 'findElements'
&amp#27;[38;5;32m[AndroidUiautomator2Driver@6457 (32d2a80d)]&amp#27;[0m Proxying [POST /elements] to [POST http://127.0.0.1:8200/session/f5e84c71-f4f7-4f8e-aec7-33a82bd27fec/elements] with body: {"strategy":"id","selector":"com.fivemobile.thescore:id/text_category_name","context":"","multiple":true}
&amp#27;[38;5;32m[AndroidUiautomator2Driver@6457 (32d2a80d)]&amp#27;[0m Got response with status 200: {"sessionId":"f5e84c71-f4f7-4f8e-aec7-33a82bd27fec","value":[{"ELEMENT":"00000000-0000-000c-ffff-ffff00000625","element-6066-11e4-a52e-4f735466cecf":"00000000-0000-000c-ffff-ffff00000625"},{"ELEMENT":"00000000-0000-000c-ffff-ffff0000062b","element-6066-11e4-a52e-4f735466cecf":"00000000-0000-000c-ffff-ffff0000062b"},{"ELEMENT":"00000000-0000-000c-ffff-ffff00000631","element-6066-11e4-a52e-4f735466cecf":"00000000-0000-000c-ffff-ffff00000631"},{"ELEMENT":"00000000-0000-000c-ffff-ffff00000637","element-6066-11e4-a52e-4f735466cecf":"00000000-0000-000c-ffff-ffff00000637"},{"ELEMENT":"00000000-0000-000c-ffff-ffff0000063d","element-6066-11e4-a52e-4f735466cecf":"00000000-0000-000c-ffff-ffff0000063d"},{"ELEMENT":"00000000-0000-000c-ffff-ffff00000647","element-6066-11e4-a52e-4f735466cecf":"00000000-0000-000c-ffff-ffff00000647"},{"ELEMENT":"00000000-0000-000c-ffff-ffff0000064d","element-6066-11e4-a52e-4f735466cecf":"00000000-0000-000c-ffff-ffff0000064d"},{"ELEMENT":"00000000-0000-000c-ffff-ffff00000653","element-6066-...
&amp#27;[38;5;32m[AndroidUiautomator2Driver@6457 (32d2a80d)]&amp#27;[0m Responding to client with driver.findElements() result: [{"element-6066-11e4-a52e-4f735466cecf":"00000000-0000-000c-ffff-ffff00000625","ELEMENT":"00000000-0000-000c-ffff-ffff00000625"},{"element-6066-11e4-a52e-4f735466cecf":"00000000-0000-000c-ffff-ffff0000062b","ELEMENT":"00000000-0000-000c-ffff-ffff0000062b"},{"element-6066-11e4-a52e-4f735466cecf":"00000000-0000-000c-ffff-ffff00000631","ELEMENT":"00000000-0000-000c-ffff-ffff00000631"},{"element-6066-11e4-a52e-4f735466cecf":"00000000-0000-000c-ffff-ffff00000637","ELEMENT":"00000000-0000-000c-ffff-ffff00000637"},{"element-6066-11e4-a52e-4f735466cecf":"00000000-0000-000c-ffff-ffff0000063d","ELEMENT":"00000000-0000-000c-ffff-ffff0000063d"},{"element-6066-11e4-a52e-4f735466cecf":"00000000-0000-000c-ffff-ffff00000647","ELEMENT":"00000000-0000-000c-ffff-ffff00000647"},{"element-6066-11e4-a52e-4f735466cecf":"00000000-0000-000c-ffff-ffff0000064d","ELEMENT":"00000000-0000-000c-ffff-ffff0000064d"},{"element-6066-11e4-a52e-4f735466cecf":"00000000-0000-000c-ffff-ffff00000653","ELEMENT":"00000000-0000-000c-ffff-ffff0000065...
&amp#27;[38;5;0m[HTTP]&amp#27;[0m &amp#27;[37m<-- POST /session/32d2a80d-dc78-4f3e-a636-c5413edf6ff7/elements &amp#27;[39m&amp#27;[32m200&amp#27;[39m &amp#27;[90m292 ms - 1291&amp#27;[39m
&amp#27;[38;5;0m[HTTP]&amp#27;[0m &amp#27;[90m&amp#27;[39m
&amp#27;[38;5;0m[HTTP]&amp#27;[0m &amp#27;[37m-->&amp#27;[39m &amp#27;[37mGET&amp#27;[39m &amp#27;[37m/session/32d2a80d-dc78-4f3e-a636-c5413edf6ff7/element/00000000-0000-000c-ffff-ffff00000647/text&amp#27;[39m
&amp#27;[38;5;0m[HTTP]&amp#27;[0m &amp#27;[90m{}&amp#27;[39m
&amp#27;[38;5;32m[AndroidUiautomator2Driver@6457 (32d2a80d)]&amp#27;[0m Driver proxy active, passing request on via HTTP proxy
&amp#27;[38;5;32m[AndroidUiautomator2Driver@6457 (32d2a80d)]&amp#27;[0m Matched '/session/32d2a80d-dc78-4f3e-a636-c5413edf6ff7/element/00000000-0000-000c-ffff-ffff00000647/text' to command name 'getText'
&amp#27;[38;5;32m[AndroidUiautomator2Driver@6457 (32d2a80d)]&amp#27;[0m Proxying [GET /session/32d2a80d-dc78-4f3e-a636-c5413edf6ff7/element/00000000-0000-000c-ffff-ffff00000647/text] to [GET http://127.0.0.1:8200/session/f5e84c71-f4f7-4f8e-aec7-33a82bd27fec/element/00000000-0000-000c-ffff-ffff00000647/text] with no body
&amp#27;[38;5;32m[AndroidUiautomator2Driver@6457 (32d2a80d)]&amp#27;[0m Got response with status 200: {"sessionId":"f5e84c71-f4f7-4f8e-aec7-33a82bd27fec","value":"Total Yards"}
&amp#27;[38;5;32m[AndroidUiautomator2Driver@6457 (32d2a80d)]&amp#27;[0m Replacing sessionId f5e84c71-f4f7-4f8e-aec7-33a82bd27fec with 32d2a80d-dc78-4f3e-a636-c5413edf6ff7
&amp#27;[38;5;0m[HTTP]&amp#27;[0m &amp#27;[37m<-- GET /session/32d2a80d-dc78-4f3e-a636-c5413edf6ff7/element/00000000-0000-000c-ffff-ffff00000647/text &amp#27;[39m&amp#27;[32m200&amp#27;[39m &amp#27;[90m26 ms - 74&amp#27;[39m
&amp#27;[38;5;0m[HTTP]&amp#27;[0m &amp#27;[90m&amp#27;[39m
Text displayed: Total Yards
&amp#27;[38;5;0m[HTTP]&amp#27;[0m &amp#27;[37m-->&amp#27;[39m &amp#27;[37mGET&amp#27;[39m &amp#27;[37m/session/32d2a80d-dc78-4f3e-a636-c5413edf6ff7/context&amp#27;[39m
&amp#27;[38;5;0m[HTTP]&amp#27;[0m &amp#27;[90m{}&amp#27;[39m
&amp#27;[38;5;32m[AndroidUiautomator2Driver@6457 (32d2a80d)]&amp#27;[0m Calling AppiumDriver.getCurrentContext() with args: ["32d2a80d-dc78-4f3e-a636-c5413edf6ff7"]
&amp#27;[38;5;32m[AndroidUiautomator2Driver@6457 (32d2a80d)]&amp#27;[0m Responding to client with driver.getCurrentContext() result: "NATIVE_APP"
&amp#27;[38;5;0m[HTTP]&amp#27;[0m &amp#27;[37m<-- GET /session/32d2a80d-dc78-4f3e-a636-c5413edf6ff7/context &amp#27;[39m&amp#27;[32m200&amp#27;[39m &amp#27;[90m1 ms - 22&amp#27;[39m
&amp#27;[38;5;0m[HTTP]&amp#27;[0m &amp#27;[90m&amp#27;[39m
&amp#27;[38;5;0m[HTTP]&amp#27;[0m &amp#27;[37m-->&amp#27;[39m &amp#27;[37mPOST&amp#27;[39m &amp#27;[37m/session/32d2a80d-dc78-4f3e-a636-c5413edf6ff7/elements&amp#27;[39m
&amp#27;[38;5;0m[HTTP]&amp#27;[0m &amp#27;[90m{"value":"com.fivemobile.thescore:id/text_category_name","using":"id"}&amp#27;[39m
&amp#27;[38;5;32m[AndroidUiautomator2Driver@6457 (32d2a80d)]&amp#27;[0m Calling AppiumDriver.findElements() with args: ["id","com.fivemobile.thescore:id/text_category_name","32d2a80d-dc78-4f3e-a636-c5413edf6ff7"]
&amp#27;[38;5;32m[AndroidUiautomator2Driver@6457 (32d2a80d)]&amp#27;[0m Valid locator strategies for this request: xpath, id, class name, accessibility id, css selector, -android uiautomator
&amp#27;[38;5;32m[AndroidUiautomator2Driver@6457 (32d2a80d)]&amp#27;[0m Waiting up to 10000 ms for condition
&amp#27;[38;5;32m[AndroidUiautomator2Driver@6457 (32d2a80d)]&amp#27;[0m Matched '/elements' to command name 'findElements'
&amp#27;[38;5;32m[AndroidUiautomator2Driver@6457 (32d2a80d)]&amp#27;[0m Proxying [POST /elements] to [POST http://127.0.0.1:8200/session/f5e84c71-f4f7-4f8e-aec7-33a82bd27fec/elements] with body: {"strategy":"id","selector":"com.fivemobile.thescore:id/text_category_name","context":"","multiple":true}
&amp#27;[38;5;32m[AndroidUiautomator2Driver@6457 (32d2a80d)]&amp#27;[0m Got response with status 200: {"sessionId":"f5e84c71-f4f7-4f8e-aec7-33a82bd27fec","value":[{"ELEMENT":"00000000-0000-000c-ffff-ffff00000625","element-6066-11e4-a52e-4f735466cecf":"00000000-0000-000c-ffff-ffff00000625"},{"ELEMENT":"00000000-0000-000c-ffff-ffff0000062b","element-6066-11e4-a52e-4f735466cecf":"00000000-0000-000c-ffff-ffff0000062b"},{"ELEMENT":"00000000-0000-000c-ffff-ffff00000631","element-6066-11e4-a52e-4f735466cecf":"00000000-0000-000c-ffff-ffff00000631"},{"ELEMENT":"00000000-0000-000c-ffff-ffff00000637","element-6066-11e4-a52e-4f735466cecf":"00000000-0000-000c-ffff-ffff00000637"},{"ELEMENT":"00000000-0000-000c-ffff-ffff0000063d","element-6066-11e4-a52e-4f735466cecf":"00000000-0000-000c-ffff-ffff0000063d"},{"ELEMENT":"00000000-0000-000c-ffff-ffff00000647","element-6066-11e4-a52e-4f735466cecf":"00000000-0000-000c-ffff-ffff00000647"},{"ELEMENT":"00000000-0000-000c-ffff-ffff0000064d","element-6066-11e4-a52e-4f735466cecf":"00000000-0000-000c-ffff-ffff0000064d"},{"ELEMENT":"00000000-0000-000c-ffff-ffff00000653","element-6066-...
&amp#27;[38;5;32m[AndroidUiautomator2Driver@6457 (32d2a80d)]&amp#27;[0m Responding to client with driver.findElements() result: [{"element-6066-11e4-a52e-4f735466cecf":"00000000-0000-000c-ffff-ffff00000625","ELEMENT":"00000000-0000-000c-ffff-ffff00000625"},{"element-6066-11e4-a52e-4f735466cecf":"00000000-0000-000c-ffff-ffff0000062b","ELEMENT":"00000000-0000-000c-ffff-ffff0000062b"},{"element-6066-11e4-a52e-4f735466cecf":"00000000-0000-000c-ffff-ffff00000631","ELEMENT":"00000000-0000-000c-ffff-ffff00000631"},{"element-6066-11e4-a52e-4f735466cecf":"00000000-0000-000c-ffff-ffff00000637","ELEMENT":"00000000-0000-000c-ffff-ffff00000637"},{"element-6066-11e4-a52e-4f735466cecf":"00000000-0000-000c-ffff-ffff0000063d","ELEMENT":"00000000-0000-000c-ffff-ffff0000063d"},{"element-6066-11e4-a52e-4f735466cecf":"00000000-0000-000c-ffff-ffff00000647","ELEMENT":"00000000-0000-000c-ffff-ffff00000647"},{"element-6066-11e4-a52e-4f735466cecf":"00000000-0000-000c-ffff-ffff0000064d","ELEMENT":"00000000-0000-000c-ffff-ffff0000064d"},{"element-6066-11e4-a52e-4f735466cecf":"00000000-0000-000c-ffff-ffff00000653","ELEMENT":"00000000-0000-000c-ffff-ffff0000065...
&amp#27;[38;5;0m[HTTP]&amp#27;[0m &amp#27;[37m<-- POST /session/32d2a80d-dc78-4f3e-a636-c5413edf6ff7/elements &amp#27;[39m&amp#27;[32m200&amp#27;[39m &amp#27;[90m207 ms - 1291&amp#27;[39m
&amp#27;[38;5;0m[HTTP]&amp#27;[0m &amp#27;[90m&amp#27;[39m
&amp#27;[38;5;0m[HTTP]&amp#27;[0m &amp#27;[37m-->&amp#27;[39m &amp#27;[37mGET&amp#27;[39m &amp#27;[37m/session/32d2a80d-dc78-4f3e-a636-c5413edf6ff7/context&amp#27;[39m
&amp#27;[38;5;0m[HTTP]&amp#27;[0m &amp#27;[90m{}&amp#27;[39m
&amp#27;[38;5;32m[AndroidUiautomator2Driver@6457 (32d2a80d)]&amp#27;[0m Calling AppiumDriver.getCurrentContext() with args: ["32d2a80d-dc78-4f3e-a636-c5413edf6ff7"]
&amp#27;[38;5;32m[AndroidUiautomator2Driver@6457 (32d2a80d)]&amp#27;[0m Responding to client with driver.getCurrentContext() result: "NATIVE_APP"
&amp#27;[38;5;0m[HTTP]&amp#27;[0m &amp#27;[37m<-- GET /session/32d2a80d-dc78-4f3e-a636-c5413edf6ff7/context &amp#27;[39m&amp#27;[32m200&amp#27;[39m &amp#27;[90m1 ms - 22&amp#27;[39m
&amp#27;[38;5;0m[HTTP]&amp#27;[0m &amp#27;[90m&amp#27;[39m
&amp#27;[38;5;0m[HTTP]&amp#27;[0m &amp#27;[37m-->&amp#27;[39m &amp#27;[37mPOST&amp#27;[39m &amp#27;[37m/session/32d2a80d-dc78-4f3e-a636-c5413edf6ff7/elements&amp#27;[39m
&amp#27;[38;5;0m[HTTP]&amp#27;[0m &amp#27;[90m{"value":"com.fivemobile.thescore:id/text_category_name","using":"id"}&amp#27;[39m
&amp#27;[38;5;32m[AndroidUiautomator2Driver@6457 (32d2a80d)]&amp#27;[0m Calling AppiumDriver.findElements() with args: ["id","com.fivemobile.thescore:id/text_category_name","32d2a80d-dc78-4f3e-a636-c5413edf6ff7"]
&amp#27;[38;5;32m[AndroidUiautomator2Driver@6457 (32d2a80d)]&amp#27;[0m Valid locator strategies for this request: xpath, id, class name, accessibility id, css selector, -android uiautomator
&amp#27;[38;5;32m[AndroidUiautomator2Driver@6457 (32d2a80d)]&amp#27;[0m Waiting up to 10000 ms for condition
&amp#27;[38;5;32m[AndroidUiautomator2Driver@6457 (32d2a80d)]&amp#27;[0m Matched '/elements' to command name 'findElements'
&amp#27;[38;5;32m[AndroidUiautomator2Driver@6457 (32d2a80d)]&amp#27;[0m Proxying [POST /elements] to [POST http://127.0.0.1:8200/session/f5e84c71-f4f7-4f8e-aec7-33a82bd27fec/elements] with body: {"strategy":"id","selector":"com.fivemobile.thescore:id/text_category_name","context":"","multiple":true}
&amp#27;[38;5;32m[AndroidUiautomator2Driver@6457 (32d2a80d)]&amp#27;[0m Got response with status 200: {"sessionId":"f5e84c71-f4f7-4f8e-aec7-33a82bd27fec","value":[{"ELEMENT":"00000000-0000-000c-ffff-ffff00000625","element-6066-11e4-a52e-4f735466cecf":"00000000-0000-000c-ffff-ffff00000625"},{"ELEMENT":"00000000-0000-000c-ffff-ffff0000062b","element-6066-11e4-a52e-4f735466cecf":"00000000-0000-000c-ffff-ffff0000062b"},{"ELEMENT":"00000000-0000-000c-ffff-ffff00000631","element-6066-11e4-a52e-4f735466cecf":"00000000-0000-000c-ffff-ffff00000631"},{"ELEMENT":"00000000-0000-000c-ffff-ffff00000637","element-6066-11e4-a52e-4f735466cecf":"00000000-0000-000c-ffff-ffff00000637"},{"ELEMENT":"00000000-0000-000c-ffff-ffff0000063d","element-6066-11e4-a52e-4f735466cecf":"00000000-0000-000c-ffff-ffff0000063d"},{"ELEMENT":"00000000-0000-000c-ffff-ffff00000647","element-6066-11e4-a52e-4f735466cecf":"00000000-0000-000c-ffff-ffff00000647"},{"ELEMENT":"00000000-0000-000c-ffff-ffff0000064d","element-6066-11e4-a52e-4f735466cecf":"00000000-0000-000c-ffff-ffff0000064d"},{"ELEMENT":"00000000-0000-000c-ffff-ffff00000653","element-6066-...
&amp#27;[38;5;32m[AndroidUiautomator2Driver@6457 (32d2a80d)]&amp#27;[0m Responding to client with driver.findElements() result: [{"element-6066-11e4-a52e-4f735466cecf":"00000000-0000-000c-ffff-ffff00000625","ELEMENT":"00000000-0000-000c-ffff-ffff00000625"},{"element-6066-11e4-a52e-4f735466cecf":"00000000-0000-000c-ffff-ffff0000062b","ELEMENT":"00000000-0000-000c-ffff-ffff0000062b"},{"element-6066-11e4-a52e-4f735466cecf":"00000000-0000-000c-ffff-ffff00000631","ELEMENT":"00000000-0000-000c-ffff-ffff00000631"},{"element-6066-11e4-a52e-4f735466cecf":"00000000-0000-000c-ffff-ffff00000637","ELEMENT":"00000000-0000-000c-ffff-ffff00000637"},{"element-6066-11e4-a52e-4f735466cecf":"00000000-0000-000c-ffff-ffff0000063d","ELEMENT":"00000000-0000-000c-ffff-ffff0000063d"},{"element-6066-11e4-a52e-4f735466cecf":"00000000-0000-000c-ffff-ffff00000647","ELEMENT":"00000000-0000-000c-ffff-ffff00000647"},{"element-6066-11e4-a52e-4f735466cecf":"00000000-0000-000c-ffff-ffff0000064d","ELEMENT":"00000000-0000-000c-ffff-ffff0000064d"},{"element-6066-11e4-a52e-4f735466cecf":"00000000-0000-000c-ffff-ffff00000653","ELEMENT":"00000000-0000-000c-ffff-ffff0000065...
&amp#27;[38;5;0m[HTTP]&amp#27;[0m &amp#27;[37m<-- POST /session/32d2a80d-dc78-4f3e-a636-c5413edf6ff7/elements &amp#27;[39m&amp#27;[32m200&amp#27;[39m &amp#27;[90m117 ms - 1291&amp#27;[39m
&amp#27;[38;5;0m[HTTP]&amp#27;[0m &amp#27;[90m&amp#27;[39m
&amp#27;[38;5;0m[HTTP]&amp#27;[0m &amp#27;[37m-->&amp#27;[39m &amp#27;[37mGET&amp#27;[39m &amp#27;[37m/session/32d2a80d-dc78-4f3e-a636-c5413edf6ff7/element/00000000-0000-000c-ffff-ffff0000064d/text&amp#27;[39m
&amp#27;[38;5;0m[HTTP]&amp#27;[0m &amp#27;[90m{}&amp#27;[39m
&amp#27;[38;5;32m[AndroidUiautomator2Driver@6457 (32d2a80d)]&amp#27;[0m Driver proxy active, passing request on via HTTP proxy
&amp#27;[38;5;32m[AndroidUiautomator2Driver@6457 (32d2a80d)]&amp#27;[0m Matched '/session/32d2a80d-dc78-4f3e-a636-c5413edf6ff7/element/00000000-0000-000c-ffff-ffff0000064d/text' to command name 'getText'
&amp#27;[38;5;32m[AndroidUiautomator2Driver@6457 (32d2a80d)]&amp#27;[0m Proxying [GET /session/32d2a80d-dc78-4f3e-a636-c5413edf6ff7/element/00000000-0000-000c-ffff-ffff0000064d/text] to [GET http://127.0.0.1:8200/session/f5e84c71-f4f7-4f8e-aec7-33a82bd27fec/element/00000000-0000-000c-ffff-ffff0000064d/text] with no body
&amp#27;[38;5;32m[AndroidUiautomator2Driver@6457 (32d2a80d)]&amp#27;[0m Got response with status 200: {"sessionId":"f5e84c71-f4f7-4f8e-aec7-33a82bd27fec","value":"Passing Yards"}
&amp#27;[38;5;32m[AndroidUiautomator2Driver@6457 (32d2a80d)]&amp#27;[0m Replacing sessionId f5e84c71-f4f7-4f8e-aec7-33a82bd27fec with 32d2a80d-dc78-4f3e-a636-c5413edf6ff7
&amp#27;[38;5;0m[HTTP]&amp#27;[0m &amp#27;[37m<-- GET /session/32d2a80d-dc78-4f3e-a636-c5413edf6ff7/element/00000000-0000-000c-ffff-ffff0000064d/text &amp#27;[39m&amp#27;[32m200&amp#27;[39m &amp#27;[90m11 ms - 76&amp#27;[39m
&amp#27;[38;5;0m[HTTP]&amp#27;[0m &amp#27;[90m&amp#27;[39m
&amp#27;[38;5;0m[HTTP]&amp#27;[0m &amp#27;[37m-->&amp#27;[39m &amp#27;[37mGET&amp#27;[39m &amp#27;[37m/session/32d2a80d-dc78-4f3e-a636-c5413edf6ff7/context&amp#27;[39m
&amp#27;[38;5;0m[HTTP]&amp#27;[0m &amp#27;[90m{}&amp#27;[39m
&amp#27;[38;5;32m[AndroidUiautomator2Driver@6457 (32d2a80d)]&amp#27;[0m Calling AppiumDriver.getCurrentContext() with args: ["32d2a80d-dc78-4f3e-a636-c5413edf6ff7"]
&amp#27;[38;5;32m[AndroidUiautomator2Driver@6457 (32d2a80d)]&amp#27;[0m Responding to client with driver.getCurrentContext() result: "NATIVE_APP"
&amp#27;[38;5;0m[HTTP]&amp#27;[0m &amp#27;[37m<-- GET /session/32d2a80d-dc78-4f3e-a636-c5413edf6ff7/context &amp#27;[39m&amp#27;[32m200&amp#27;[39m &amp#27;[90m1 ms - 22&amp#27;[39m
&amp#27;[38;5;0m[HTTP]&amp#27;[0m &amp#27;[90m&amp#27;[39m
&amp#27;[38;5;0m[HTTP]&amp#27;[0m &amp#27;[37m-->&amp#27;[39m &amp#27;[37mPOST&amp#27;[39m &amp#27;[37m/session/32d2a80d-dc78-4f3e-a636-c5413edf6ff7/elements&amp#27;[39m
&amp#27;[38;5;0m[HTTP]&amp#27;[0m &amp#27;[90m{"value":"com.fivemobile.thescore:id/text_category_name","using":"id"}&amp#27;[39m
&amp#27;[38;5;32m[AndroidUiautomator2Driver@6457 (32d2a80d)]&amp#27;[0m Calling AppiumDriver.findElements() with args: ["id","com.fivemobile.thescore:id/text_category_name","32d2a80d-dc78-4f3e-a636-c5413edf6ff7"]
&amp#27;[38;5;32m[AndroidUiautomator2Driver@6457 (32d2a80d)]&amp#27;[0m Valid locator strategies for this request: xpath, id, class name, accessibility id, css selector, -android uiautomator
&amp#27;[38;5;32m[AndroidUiautomator2Driver@6457 (32d2a80d)]&amp#27;[0m Waiting up to 10000 ms for condition
&amp#27;[38;5;32m[AndroidUiautomator2Driver@6457 (32d2a80d)]&amp#27;[0m Matched '/elements' to command name 'findElements'
&amp#27;[38;5;32m[AndroidUiautomator2Driver@6457 (32d2a80d)]&amp#27;[0m Proxying [POST /elements] to [POST http://127.0.0.1:8200/session/f5e84c71-f4f7-4f8e-aec7-33a82bd27fec/elements] with body: {"strategy":"id","selector":"com.fivemobile.thescore:id/text_category_name","context":"","multiple":true}
&amp#27;[38;5;32m[AndroidUiautomator2Driver@6457 (32d2a80d)]&amp#27;[0m Got response with status 200: {"sessionId":"f5e84c71-f4f7-4f8e-aec7-33a82bd27fec","value":[{"ELEMENT":"00000000-0000-000c-ffff-ffff00000625","element-6066-11e4-a52e-4f735466cecf":"00000000-0000-000c-ffff-ffff00000625"},{"ELEMENT":"00000000-0000-000c-ffff-ffff0000062b","element-6066-11e4-a52e-4f735466cecf":"00000000-0000-000c-ffff-ffff0000062b"},{"ELEMENT":"00000000-0000-000c-ffff-ffff00000631","element-6066-11e4-a52e-4f735466cecf":"00000000-0000-000c-ffff-ffff00000631"},{"ELEMENT":"00000000-0000-000c-ffff-ffff00000637","element-6066-11e4-a52e-4f735466cecf":"00000000-0000-000c-ffff-ffff00000637"},{"ELEMENT":"00000000-0000-000c-ffff-ffff0000063d","element-6066-11e4-a52e-4f735466cecf":"00000000-0000-000c-ffff-ffff0000063d"},{"ELEMENT":"00000000-0000-000c-ffff-ffff00000647","element-6066-11e4-a52e-4f735466cecf":"00000000-0000-000c-ffff-ffff00000647"},{"ELEMENT":"00000000-0000-000c-ffff-ffff0000064d","element-6066-11e4-a52e-4f735466cecf":"00000000-0000-000c-ffff-ffff0000064d"},{"ELEMENT":"00000000-0000-000c-ffff-ffff00000653","element-6066-...
&amp#27;[38;5;32m[AndroidUiautomator2Driver@6457 (32d2a80d)]&amp#27;[0m Responding to client with driver.findElements() result: [{"element-6066-11e4-a52e-4f735466cecf":"00000000-0000-000c-ffff-ffff00000625","ELEMENT":"00000000-0000-000c-ffff-ffff00000625"},{"element-6066-11e4-a52e-4f735466cecf":"00000000-0000-000c-ffff-ffff0000062b","ELEMENT":"00000000-0000-000c-ffff-ffff0000062b"},{"element-6066-11e4-a52e-4f735466cecf":"00000000-0000-000c-ffff-ffff00000631","ELEMENT":"00000000-0000-000c-ffff-ffff00000631"},{"element-6066-11e4-a52e-4f735466cecf":"00000000-0000-000c-ffff-ffff00000637","ELEMENT":"00000000-0000-000c-ffff-ffff00000637"},{"element-6066-11e4-a52e-4f735466cecf":"00000000-0000-000c-ffff-ffff0000063d","ELEMENT":"00000000-0000-000c-ffff-ffff0000063d"},{"element-6066-11e4-a52e-4f735466cecf":"00000000-0000-000c-ffff-ffff00000647","ELEMENT":"00000000-0000-000c-ffff-ffff00000647"},{"element-6066-11e4-a52e-4f735466cecf":"00000000-0000-000c-ffff-ffff0000064d","ELEMENT":"00000000-0000-000c-ffff-ffff0000064d"},{"element-6066-11e4-a52e-4f735466cecf":"00000000-0000-000c-ffff-ffff00000653","ELEMENT":"00000000-0000-000c-ffff-ffff0000065...
&amp#27;[38;5;0m[HTTP]&amp#27;[0m &amp#27;[37m<-- POST /session/32d2a80d-dc78-4f3e-a636-c5413edf6ff7/elements &amp#27;[39m&amp#27;[32m200&amp#27;[39m &amp#27;[90m119 ms - 1291&amp#27;[39m
&amp#27;[38;5;0m[HTTP]&amp#27;[0m &amp#27;[90m&amp#27;[39m
&amp#27;[38;5;0m[HTTP]&amp#27;[0m &amp#27;[37m-->&amp#27;[39m &amp#27;[37mGET&amp#27;[39m &amp#27;[37m/session/32d2a80d-dc78-4f3e-a636-c5413edf6ff7/element/00000000-0000-000c-ffff-ffff0000064d/text&amp#27;[39m
&amp#27;[38;5;0m[HTTP]&amp#27;[0m &amp#27;[90m{}&amp#27;[39m
&amp#27;[38;5;32m[AndroidUiautomator2Driver@6457 (32d2a80d)]&amp#27;[0m Driver proxy active, passing request on via HTTP proxy
&amp#27;[38;5;32m[AndroidUiautomator2Driver@6457 (32d2a80d)]&amp#27;[0m Matched '/session/32d2a80d-dc78-4f3e-a636-c5413edf6ff7/element/00000000-0000-000c-ffff-ffff0000064d/text' to command name 'getText'
&amp#27;[38;5;32m[AndroidUiautomator2Driver@6457 (32d2a80d)]&amp#27;[0m Proxying [GET /session/32d2a80d-dc78-4f3e-a636-c5413edf6ff7/element/00000000-0000-000c-ffff-ffff0000064d/text] to [GET http://127.0.0.1:8200/session/f5e84c71-f4f7-4f8e-aec7-33a82bd27fec/element/00000000-0000-000c-ffff-ffff0000064d/text] with no body
&amp#27;[38;5;32m[AndroidUiautomator2Driver@6457 (32d2a80d)]&amp#27;[0m Got response with status 200: {"sessionId":"f5e84c71-f4f7-4f8e-aec7-33a82bd27fec","value":"Passing Yards"}
&amp#27;[38;5;32m[AndroidUiautomator2Driver@6457 (32d2a80d)]&amp#27;[0m Replacing sessionId f5e84c71-f4f7-4f8e-aec7-33a82bd27fec with 32d2a80d-dc78-4f3e-a636-c5413edf6ff7
&amp#27;[38;5;0m[HTTP]&amp#27;[0m &amp#27;[37m<-- GET /session/32d2a80d-dc78-4f3e-a636-c5413edf6ff7/element/00000000-0000-000c-ffff-ffff0000064d/text &amp#27;[39m&amp#27;[32m200&amp#27;[39m &amp#27;[90m13 ms - 76&amp#27;[39m
&amp#27;[38;5;0m[HTTP]&amp#27;[0m &amp#27;[90m&amp#27;[39m
&amp#27;[38;5;0m[HTTP]&amp#27;[0m &amp#27;[37m-->&amp#27;[39m &amp#27;[37mGET&amp#27;[39m &amp#27;[37m/session/32d2a80d-dc78-4f3e-a636-c5413edf6ff7/context&amp#27;[39m
&amp#27;[38;5;0m[HTTP]&amp#27;[0m &amp#27;[90m{}&amp#27;[39m
&amp#27;[38;5;32m[AndroidUiautomator2Driver@6457 (32d2a80d)]&amp#27;[0m Calling AppiumDriver.getCurrentContext() with args: ["32d2a80d-dc78-4f3e-a636-c5413edf6ff7"]
&amp#27;[38;5;32m[AndroidUiautomator2Driver@6457 (32d2a80d)]&amp#27;[0m Responding to client with driver.getCurrentContext() result: "NATIVE_APP"
&amp#27;[38;5;0m[HTTP]&amp#27;[0m &amp#27;[37m<-- GET /session/32d2a80d-dc78-4f3e-a636-c5413edf6ff7/context &amp#27;[39m&amp#27;[32m200&amp#27;[39m &amp#27;[90m1 ms - 22&amp#27;[39m
&amp#27;[38;5;0m[HTTP]&amp#27;[0m &amp#27;[90m&amp#27;[39m
&amp#27;[38;5;0m[HTTP]&amp#27;[0m &amp#27;[37m-->&amp#27;[39m &amp#27;[37mPOST&amp#27;[39m &amp#27;[37m/session/32d2a80d-dc78-4f3e-a636-c5413edf6ff7/elements&amp#27;[39m
&amp#27;[38;5;0m[HTTP]&amp#27;[0m &amp#27;[90m{"value":"com.fivemobile.thescore:id/text_category_name","using":"id"}&amp#27;[39m
&amp#27;[38;5;32m[AndroidUiautomator2Driver@6457 (32d2a80d)]&amp#27;[0m Calling AppiumDriver.findElements() with args: ["id","com.fivemobile.thescore:id/text_category_name","32d2a80d-dc78-4f3e-a636-c5413edf6ff7"]
&amp#27;[38;5;32m[AndroidUiautomator2Driver@6457 (32d2a80d)]&amp#27;[0m Valid locator strategies for this request: xpath, id, class name, accessibility id, css selector, -android uiautomator
&amp#27;[38;5;32m[AndroidUiautomator2Driver@6457 (32d2a80d)]&amp#27;[0m Waiting up to 10000 ms for condition
&amp#27;[38;5;32m[AndroidUiautomator2Driver@6457 (32d2a80d)]&amp#27;[0m Matched '/elements' to command name 'findElements'
&amp#27;[38;5;32m[AndroidUiautomator2Driver@6457 (32d2a80d)]&amp#27;[0m Proxying [POST /elements] to [POST http://127.0.0.1:8200/session/f5e84c71-f4f7-4f8e-aec7-33a82bd27fec/elements] with body: {"strategy":"id","selector":"com.fivemobile.thescore:id/text_category_name","context":"","multiple":true}
&amp#27;[38;5;32m[AndroidUiautomator2Driver@6457 (32d2a80d)]&amp#27;[0m Got response with status 200: {"sessionId":"f5e84c71-f4f7-4f8e-aec7-33a82bd27fec","value":[{"ELEMENT":"00000000-0000-000c-ffff-ffff00000625","element-6066-11e4-a52e-4f735466cecf":"00000000-0000-000c-ffff-ffff00000625"},{"ELEMENT":"00000000-0000-000c-ffff-ffff0000062b","element-6066-11e4-a52e-4f735466cecf":"00000000-0000-000c-ffff-ffff0000062b"},{"ELEMENT":"00000000-0000-000c-ffff-ffff00000631","element-6066-11e4-a52e-4f735466cecf":"00000000-0000-000c-ffff-ffff00000631"},{"ELEMENT":"00000000-0000-000c-ffff-ffff00000637","element-6066-11e4-a52e-4f735466cecf":"00000000-0000-000c-ffff-ffff00000637"},{"ELEMENT":"00000000-0000-000c-ffff-ffff0000063d","element-6066-11e4-a52e-4f735466cecf":"00000000-0000-000c-ffff-ffff0000063d"},{"ELEMENT":"00000000-0000-000c-ffff-ffff00000647","element-6066-11e4-a52e-4f735466cecf":"00000000-0000-000c-ffff-ffff00000647"},{"ELEMENT":"00000000-0000-000c-ffff-ffff0000064d","element-6066-11e4-a52e-4f735466cecf":"00000000-0000-000c-ffff-ffff0000064d"},{"ELEMENT":"00000000-0000-000c-ffff-ffff00000653","element-6066-...
&amp#27;[38;5;32m[AndroidUiautomator2Driver@6457 (32d2a80d)]&amp#27;[0m Responding to client with driver.findElements() result: [{"element-6066-11e4-a52e-4f735466cecf":"00000000-0000-000c-ffff-ffff00000625","ELEMENT":"00000000-0000-000c-ffff-ffff00000625"},{"element-6066-11e4-a52e-4f735466cecf":"00000000-0000-000c-ffff-ffff0000062b","ELEMENT":"00000000-0000-000c-ffff-ffff0000062b"},{"element-6066-11e4-a52e-4f735466cecf":"00000000-0000-000c-ffff-ffff00000631","ELEMENT":"00000000-0000-000c-ffff-ffff00000631"},{"element-6066-11e4-a52e-4f735466cecf":"00000000-0000-000c-ffff-ffff00000637","ELEMENT":"00000000-0000-000c-ffff-ffff00000637"},{"element-6066-11e4-a52e-4f735466cecf":"00000000-0000-000c-ffff-ffff0000063d","ELEMENT":"00000000-0000-000c-ffff-ffff0000063d"},{"element-6066-11e4-a52e-4f735466cecf":"00000000-0000-000c-ffff-ffff00000647","ELEMENT":"00000000-0000-000c-ffff-ffff00000647"},{"element-6066-11e4-a52e-4f735466cecf":"00000000-0000-000c-ffff-ffff0000064d","ELEMENT":"00000000-0000-000c-ffff-ffff0000064d"},{"element-6066-11e4-a52e-4f735466cecf":"00000000-0000-000c-ffff-ffff00000653","ELEMENT":"00000000-0000-000c-ffff-ffff0000065...
&amp#27;[38;5;0m[HTTP]&amp#27;[0m &amp#27;[37m<-- POST /session/32d2a80d-dc78-4f3e-a636-c5413edf6ff7/elements &amp#27;[39m&amp#27;[32m200&amp#27;[39m &amp#27;[90m138 ms - 1291&amp#27;[39m
&amp#27;[38;5;0m[HTTP]&amp#27;[0m &amp#27;[90m&amp#27;[39m
&amp#27;[38;5;0m[HTTP]&amp#27;[0m &amp#27;[37m-->&amp#27;[39m &amp#27;[37mGET&amp#27;[39m &amp#27;[37m/session/32d2a80d-dc78-4f3e-a636-c5413edf6ff7/element/00000000-0000-000c-ffff-ffff0000064d/text&amp#27;[39m
&amp#27;[38;5;0m[HTTP]&amp#27;[0m &amp#27;[90m{}&amp#27;[39m
&amp#27;[38;5;32m[AndroidUiautomator2Driver@6457 (32d2a80d)]&amp#27;[0m Driver proxy active, passing request on via HTTP proxy
&amp#27;[38;5;32m[AndroidUiautomator2Driver@6457 (32d2a80d)]&amp#27;[0m Matched '/session/32d2a80d-dc78-4f3e-a636-c5413edf6ff7/element/00000000-0000-000c-ffff-ffff0000064d/text' to command name 'getText'
&amp#27;[38;5;32m[AndroidUiautomator2Driver@6457 (32d2a80d)]&amp#27;[0m Proxying [GET /session/32d2a80d-dc78-4f3e-a636-c5413edf6ff7/element/00000000-0000-000c-ffff-ffff0000064d/text] to [GET http://127.0.0.1:8200/session/f5e84c71-f4f7-4f8e-aec7-33a82bd27fec/element/00000000-0000-000c-ffff-ffff0000064d/text] with no body
&amp#27;[38;5;32m[AndroidUiautomator2Driver@6457 (32d2a80d)]&amp#27;[0m Got response with status 200: {"sessionId":"f5e84c71-f4f7-4f8e-aec7-33a82bd27fec","value":"Passing Yards"}
&amp#27;[38;5;32m[AndroidUiautomator2Driver@6457 (32d2a80d)]&amp#27;[0m Replacing sessionId f5e84c71-f4f7-4f8e-aec7-33a82bd27fec with 32d2a80d-dc78-4f3e-a636-c5413edf6ff7
&amp#27;[38;5;0m[HTTP]&amp#27;[0m &amp#27;[37m<-- GET /session/32d2a80d-dc78-4f3e-a636-c5413edf6ff7/element/00000000-0000-000c-ffff-ffff0000064d/text &amp#27;[39m&amp#27;[32m200&amp#27;[39m &amp#27;[90m10 ms - 76&amp#27;[39m
&amp#27;[38;5;0m[HTTP]&amp#27;[0m &amp#27;[90m&amp#27;[39m
Text displayed: Passing Yards
&amp#27;[38;5;0m[HTTP]&amp#27;[0m &amp#27;[37m-->&amp#27;[39m &amp#27;[37mGET&amp#27;[39m &amp#27;[37m/session/32d2a80d-dc78-4f3e-a636-c5413edf6ff7/context&amp#27;[39m
&amp#27;[38;5;0m[HTTP]&amp#27;[0m &amp#27;[90m{}&amp#27;[39m
&amp#27;[38;5;32m[AndroidUiautomator2Driver@6457 (32d2a80d)]&amp#27;[0m Calling AppiumDriver.getCurrentContext() with args: ["32d2a80d-dc78-4f3e-a636-c5413edf6ff7"]
&amp#27;[38;5;32m[AndroidUiautomator2Driver@6457 (32d2a80d)]&amp#27;[0m Responding to client with driver.getCurrentContext() result: "NATIVE_APP"
&amp#27;[38;5;0m[HTTP]&amp#27;[0m &amp#27;[37m<-- GET /session/32d2a80d-dc78-4f3e-a636-c5413edf6ff7/context &amp#27;[39m&amp#27;[32m200&amp#27;[39m &amp#27;[90m1 ms - 22&amp#27;[39m
&amp#27;[38;5;0m[HTTP]&amp#27;[0m &amp#27;[90m&amp#27;[39m
&amp#27;[38;5;0m[HTTP]&amp#27;[0m &amp#27;[37m-->&amp#27;[39m &amp#27;[37mPOST&amp#27;[39m &amp#27;[37m/session/32d2a80d-dc78-4f3e-a636-c5413edf6ff7/elements&amp#27;[39m
&amp#27;[38;5;0m[HTTP]&amp#27;[0m &amp#27;[90m{"value":"com.fivemobile.thescore:id/text_category_name","using":"id"}&amp#27;[39m
&amp#27;[38;5;32m[AndroidUiautomator2Driver@6457 (32d2a80d)]&amp#27;[0m Calling AppiumDriver.findElements() with args: ["id","com.fivemobile.thescore:id/text_category_name","32d2a80d-dc78-4f3e-a636-c5413edf6ff7"]
&amp#27;[38;5;32m[AndroidUiautomator2Driver@6457 (32d2a80d)]&amp#27;[0m Valid locator strategies for this request: xpath, id, class name, accessibility id, css selector, -android uiautomator
&amp#27;[38;5;32m[AndroidUiautomator2Driver@6457 (32d2a80d)]&amp#27;[0m Waiting up to 10000 ms for condition
&amp#27;[38;5;32m[AndroidUiautomator2Driver@6457 (32d2a80d)]&amp#27;[0m Matched '/elements' to command name 'findElements'
&amp#27;[38;5;32m[AndroidUiautomator2Driver@6457 (32d2a80d)]&amp#27;[0m Proxying [POST /elements] to [POST http://127.0.0.1:8200/session/f5e84c71-f4f7-4f8e-aec7-33a82bd27fec/elements] with body: {"strategy":"id","selector":"com.fivemobile.thescore:id/text_category_name","context":"","multiple":true}
&amp#27;[38;5;32m[AndroidUiautomator2Driver@6457 (32d2a80d)]&amp#27;[0m Got response with status 200: {"sessionId":"f5e84c71-f4f7-4f8e-aec7-33a82bd27fec","value":[{"ELEMENT":"00000000-0000-000c-ffff-ffff00000625","element-6066-11e4-a52e-4f735466cecf":"00000000-0000-000c-ffff-ffff00000625"},{"ELEMENT":"00000000-0000-000c-ffff-ffff0000062b","element-6066-11e4-a52e-4f735466cecf":"00000000-0000-000c-ffff-ffff0000062b"},{"ELEMENT":"00000000-0000-000c-ffff-ffff00000631","element-6066-11e4-a52e-4f735466cecf":"00000000-0000-000c-ffff-ffff00000631"},{"ELEMENT":"00000000-0000-000c-ffff-ffff00000637","element-6066-11e4-a52e-4f735466cecf":"00000000-0000-000c-ffff-ffff00000637"},{"ELEMENT":"00000000-0000-000c-ffff-ffff0000063d","element-6066-11e4-a52e-4f735466cecf":"00000000-0000-000c-ffff-ffff0000063d"},{"ELEMENT":"00000000-0000-000c-ffff-ffff00000647","element-6066-11e4-a52e-4f735466cecf":"00000000-0000-000c-ffff-ffff00000647"},{"ELEMENT":"00000000-0000-000c-ffff-ffff0000064d","element-6066-11e4-a52e-4f735466cecf":"00000000-0000-000c-ffff-ffff0000064d"},{"ELEMENT":"00000000-0000-000c-ffff-ffff00000653","element-6066-...
&amp#27;[38;5;32m[AndroidUiautomator2Driver@6457 (32d2a80d)]&amp#27;[0m Responding to client with driver.findElements() result: [{"element-6066-11e4-a52e-4f735466cecf":"00000000-0000-000c-ffff-ffff00000625","ELEMENT":"00000000-0000-000c-ffff-ffff00000625"},{"element-6066-11e4-a52e-4f735466cecf":"00000000-0000-000c-ffff-ffff0000062b","ELEMENT":"00000000-0000-000c-ffff-ffff0000062b"},{"element-6066-11e4-a52e-4f735466cecf":"00000000-0000-000c-ffff-ffff00000631","ELEMENT":"00000000-0000-000c-ffff-ffff00000631"},{"element-6066-11e4-a52e-4f735466cecf":"00000000-0000-000c-ffff-ffff00000637","ELEMENT":"00000000-0000-000c-ffff-ffff00000637"},{"element-6066-11e4-a52e-4f735466cecf":"00000000-0000-000c-ffff-ffff0000063d","ELEMENT":"00000000-0000-000c-ffff-ffff0000063d"},{"element-6066-11e4-a52e-4f735466cecf":"00000000-0000-000c-ffff-ffff00000647","ELEMENT":"00000000-0000-000c-ffff-ffff00000647"},{"element-6066-11e4-a52e-4f735466cecf":"00000000-0000-000c-ffff-ffff0000064d","ELEMENT":"00000000-0000-000c-ffff-ffff0000064d"},{"element-6066-11e4-a52e-4f735466cecf":"00000000-0000-000c-ffff-ffff00000653","ELEMENT":"00000000-0000-000c-ffff-ffff0000065...
&amp#27;[38;5;0m[HTTP]&amp#27;[0m &amp#27;[37m<-- POST /session/32d2a80d-dc78-4f3e-a636-c5413edf6ff7/elements &amp#27;[39m&amp#27;[32m200&amp#27;[39m &amp#27;[90m123 ms - 1291&amp#27;[39m
&amp#27;[38;5;0m[HTTP]&amp#27;[0m &amp#27;[90m&amp#27;[39m
&amp#27;[38;5;0m[HTTP]&amp#27;[0m &amp#27;[37m-->&amp#27;[39m &amp#27;[37mGET&amp#27;[39m &amp#27;[37m/session/32d2a80d-dc78-4f3e-a636-c5413edf6ff7/context&amp#27;[39m
&amp#27;[38;5;0m[HTTP]&amp#27;[0m &amp#27;[90m{}&amp#27;[39m
&amp#27;[38;5;32m[AndroidUiautomator2Driver@6457 (32d2a80d)]&amp#27;[0m Calling AppiumDriver.getCurrentContext() with args: ["32d2a80d-dc78-4f3e-a636-c5413edf6ff7"]
&amp#27;[38;5;32m[AndroidUiautomator2Driver@6457 (32d2a80d)]&amp#27;[0m Responding to client with driver.getCurrentContext() result: "NATIVE_APP"
&amp#27;[38;5;0m[HTTP]&amp#27;[0m &amp#27;[37m<-- GET /session/32d2a80d-dc78-4f3e-a636-c5413edf6ff7/context &amp#27;[39m&amp#27;[32m200&amp#27;[39m &amp#27;[90m1 ms - 22&amp#27;[39m
&amp#27;[38;5;0m[HTTP]&amp#27;[0m &amp#27;[90m&amp#27;[39m
&amp#27;[38;5;0m[HTTP]&amp#27;[0m &amp#27;[37m-->&amp#27;[39m &amp#27;[37mPOST&amp#27;[39m &amp#27;[37m/session/32d2a80d-dc78-4f3e-a636-c5413edf6ff7/elements&amp#27;[39m
&amp#27;[38;5;0m[HTTP]&amp#27;[0m &amp#27;[90m{"value":"com.fivemobile.thescore:id/text_category_name","using":"id"}&amp#27;[39m
&amp#27;[38;5;32m[AndroidUiautomator2Driver@6457 (32d2a80d)]&amp#27;[0m Calling AppiumDriver.findElements() with args: ["id","com.fivemobile.thescore:id/text_category_name","32d2a80d-dc78-4f3e-a636-c5413edf6ff7"]
&amp#27;[38;5;32m[AndroidUiautomator2Driver@6457 (32d2a80d)]&amp#27;[0m Valid locator strategies for this request: xpath, id, class name, accessibility id, css selector, -android uiautomator
&amp#27;[38;5;32m[AndroidUiautomator2Driver@6457 (32d2a80d)]&amp#27;[0m Waiting up to 10000 ms for condition
&amp#27;[38;5;32m[AndroidUiautomator2Driver@6457 (32d2a80d)]&amp#27;[0m Matched '/elements' to command name 'findElements'
&amp#27;[38;5;32m[AndroidUiautomator2Driver@6457 (32d2a80d)]&amp#27;[0m Proxying [POST /elements] to [POST http://127.0.0.1:8200/session/f5e84c71-f4f7-4f8e-aec7-33a82bd27fec/elements] with body: {"strategy":"id","selector":"com.fivemobile.thescore:id/text_category_name","context":"","multiple":true}
&amp#27;[38;5;32m[AndroidUiautomator2Driver@6457 (32d2a80d)]&amp#27;[0m Got response with status 200: {"sessionId":"f5e84c71-f4f7-4f8e-aec7-33a82bd27fec","value":[{"ELEMENT":"00000000-0000-000c-ffff-ffff00000625","element-6066-11e4-a52e-4f735466cecf":"00000000-0000-000c-ffff-ffff00000625"},{"ELEMENT":"00000000-0000-000c-ffff-ffff0000062b","element-6066-11e4-a52e-4f735466cecf":"00000000-0000-000c-ffff-ffff0000062b"},{"ELEMENT":"00000000-0000-000c-ffff-ffff00000631","element-6066-11e4-a52e-4f735466cecf":"00000000-0000-000c-ffff-ffff00000631"},{"ELEMENT":"00000000-0000-000c-ffff-ffff00000637","element-6066-11e4-a52e-4f735466cecf":"00000000-0000-000c-ffff-ffff00000637"},{"ELEMENT":"00000000-0000-000c-ffff-ffff0000063d","element-6066-11e4-a52e-4f735466cecf":"00000000-0000-000c-ffff-ffff0000063d"},{"ELEMENT":"00000000-0000-000c-ffff-ffff00000647","element-6066-11e4-a52e-4f735466cecf":"00000000-0000-000c-ffff-ffff00000647"},{"ELEMENT":"00000000-0000-000c-ffff-ffff0000064d","element-6066-11e4-a52e-4f735466cecf":"00000000-0000-000c-ffff-ffff0000064d"},{"ELEMENT":"00000000-0000-000c-ffff-ffff00000653","element-6066-...
&amp#27;[38;5;32m[AndroidUiautomator2Driver@6457 (32d2a80d)]&amp#27;[0m Responding to client with driver.findElements() result: [{"element-6066-11e4-a52e-4f735466cecf":"00000000-0000-000c-ffff-ffff00000625","ELEMENT":"00000000-0000-000c-ffff-ffff00000625"},{"element-6066-11e4-a52e-4f735466cecf":"00000000-0000-000c-ffff-ffff0000062b","ELEMENT":"00000000-0000-000c-ffff-ffff0000062b"},{"element-6066-11e4-a52e-4f735466cecf":"00000000-0000-000c-ffff-ffff00000631","ELEMENT":"00000000-0000-000c-ffff-ffff00000631"},{"element-6066-11e4-a52e-4f735466cecf":"00000000-0000-000c-ffff-ffff00000637","ELEMENT":"00000000-0000-000c-ffff-ffff00000637"},{"element-6066-11e4-a52e-4f735466cecf":"00000000-0000-000c-ffff-ffff0000063d","ELEMENT":"00000000-0000-000c-ffff-ffff0000063d"},{"element-6066-11e4-a52e-4f735466cecf":"00000000-0000-000c-ffff-ffff00000647","ELEMENT":"00000000-0000-000c-ffff-ffff00000647"},{"element-6066-11e4-a52e-4f735466cecf":"00000000-0000-000c-ffff-ffff0000064d","ELEMENT":"00000000-0000-000c-ffff-ffff0000064d"},{"element-6066-11e4-a52e-4f735466cecf":"00000000-0000-000c-ffff-ffff00000653","ELEMENT":"00000000-0000-000c-ffff-ffff0000065...
&amp#27;[38;5;0m[HTTP]&amp#27;[0m &amp#27;[37m<-- POST /session/32d2a80d-dc78-4f3e-a636-c5413edf6ff7/elements &amp#27;[39m&amp#27;[32m200&amp#27;[39m &amp#27;[90m104 ms - 1291&amp#27;[39m
&amp#27;[38;5;0m[HTTP]&amp#27;[0m &amp#27;[90m&amp#27;[39m
&amp#27;[38;5;0m[HTTP]&amp#27;[0m &amp#27;[37m-->&amp#27;[39m &amp#27;[37mGET&amp#27;[39m &amp#27;[37m/session/32d2a80d-dc78-4f3e-a636-c5413edf6ff7/element/00000000-0000-000c-ffff-ffff00000653/text&amp#27;[39m
&amp#27;[38;5;0m[HTTP]&amp#27;[0m &amp#27;[90m{}&amp#27;[39m
&amp#27;[38;5;32m[AndroidUiautomator2Driver@6457 (32d2a80d)]&amp#27;[0m Driver proxy active, passing request on via HTTP proxy
&amp#27;[38;5;32m[AndroidUiautomator2Driver@6457 (32d2a80d)]&amp#27;[0m Matched '/session/32d2a80d-dc78-4f3e-a636-c5413edf6ff7/element/00000000-0000-000c-ffff-ffff00000653/text' to command name 'getText'
&amp#27;[38;5;32m[AndroidUiautomator2Driver@6457 (32d2a80d)]&amp#27;[0m Proxying [GET /session/32d2a80d-dc78-4f3e-a636-c5413edf6ff7/element/00000000-0000-000c-ffff-ffff00000653/text] to [GET http://127.0.0.1:8200/session/f5e84c71-f4f7-4f8e-aec7-33a82bd27fec/element/00000000-0000-000c-ffff-ffff00000653/text] with no body
&amp#27;[38;5;32m[AndroidUiautomator2Driver@6457 (32d2a80d)]&amp#27;[0m Got response with status 200: {"sessionId":"f5e84c71-f4f7-4f8e-aec7-33a82bd27fec","value":"Rushing Yards"}
&amp#27;[38;5;32m[AndroidUiautomator2Driver@6457 (32d2a80d)]&amp#27;[0m Replacing sessionId f5e84c71-f4f7-4f8e-aec7-33a82bd27fec with 32d2a80d-dc78-4f3e-a636-c5413edf6ff7
&amp#27;[38;5;0m[HTTP]&amp#27;[0m &amp#27;[37m<-- GET /session/32d2a80d-dc78-4f3e-a636-c5413edf6ff7/element/00000000-0000-000c-ffff-ffff00000653/text &amp#27;[39m&amp#27;[32m200&amp#27;[39m &amp#27;[90m11 ms - 76&amp#27;[39m
&amp#27;[38;5;0m[HTTP]&amp#27;[0m &amp#27;[90m&amp#27;[39m
&amp#27;[38;5;0m[HTTP]&amp#27;[0m &amp#27;[37m-->&amp#27;[39m &amp#27;[37mGET&amp#27;[39m &amp#27;[37m/session/32d2a80d-dc78-4f3e-a636-c5413edf6ff7/context&amp#27;[39m
&amp#27;[38;5;0m[HTTP]&amp#27;[0m &amp#27;[90m{}&amp#27;[39m
&amp#27;[38;5;32m[AndroidUiautomator2Driver@6457 (32d2a80d)]&amp#27;[0m Calling AppiumDriver.getCurrentContext() with args: ["32d2a80d-dc78-4f3e-a636-c5413edf6ff7"]
&amp#27;[38;5;32m[AndroidUiautomator2Driver@6457 (32d2a80d)]&amp#27;[0m Responding to client with driver.getCurrentContext() result: "NATIVE_APP"
&amp#27;[38;5;0m[HTTP]&amp#27;[0m &amp#27;[37m<-- GET /session/32d2a80d-dc78-4f3e-a636-c5413edf6ff7/context &amp#27;[39m&amp#27;[32m200&amp#27;[39m &amp#27;[90m1 ms - 22&amp#27;[39m
&amp#27;[38;5;0m[HTTP]&amp#27;[0m &amp#27;[90m&amp#27;[39m
&amp#27;[38;5;0m[HTTP]&amp#27;[0m &amp#27;[37m-->&amp#27;[39m &amp#27;[37mPOST&amp#27;[39m &amp#27;[37m/session/32d2a80d-dc78-4f3e-a636-c5413edf6ff7/elements&amp#27;[39m
&amp#27;[38;5;0m[HTTP]&amp#27;[0m &amp#27;[90m{"value":"com.fivemobile.thescore:id/text_category_name","using":"id"}&amp#27;[39m
&amp#27;[38;5;32m[AndroidUiautomator2Driver@6457 (32d2a80d)]&amp#27;[0m Calling AppiumDriver.findElements() with args: ["id","com.fivemobile.thescore:id/text_category_name","32d2a80d-dc78-4f3e-a636-c5413edf6ff7"]
&amp#27;[38;5;32m[AndroidUiautomator2Driver@6457 (32d2a80d)]&amp#27;[0m Valid locator strategies for this request: xpath, id, class name, accessibility id, css selector, -android uiautomator
&amp#27;[38;5;32m[AndroidUiautomator2Driver@6457 (32d2a80d)]&amp#27;[0m Waiting up to 10000 ms for condition
&amp#27;[38;5;32m[AndroidUiautomator2Driver@6457 (32d2a80d)]&amp#27;[0m Matched '/elements' to command name 'findElements'
&amp#27;[38;5;32m[AndroidUiautomator2Driver@6457 (32d2a80d)]&amp#27;[0m Proxying [POST /elements] to [POST http://127.0.0.1:8200/session/f5e84c71-f4f7-4f8e-aec7-33a82bd27fec/elements] with body: {"strategy":"id","selector":"com.fivemobile.thescore:id/text_category_name","context":"","multiple":true}
&amp#27;[38;5;32m[AndroidUiautomator2Driver@6457 (32d2a80d)]&amp#27;[0m Got response with status 200: {"sessionId":"f5e84c71-f4f7-4f8e-aec7-33a82bd27fec","value":[{"ELEMENT":"00000000-0000-000c-ffff-ffff00000625","element-6066-11e4-a52e-4f735466cecf":"00000000-0000-000c-ffff-ffff00000625"},{"ELEMENT":"00000000-0000-000c-ffff-ffff0000062b","element-6066-11e4-a52e-4f735466cecf":"00000000-0000-000c-ffff-ffff0000062b"},{"ELEMENT":"00000000-0000-000c-ffff-ffff00000631","element-6066-11e4-a52e-4f735466cecf":"00000000-0000-000c-ffff-ffff00000631"},{"ELEMENT":"00000000-0000-000c-ffff-ffff00000637","element-6066-11e4-a52e-4f735466cecf":"00000000-0000-000c-ffff-ffff00000637"},{"ELEMENT":"00000000-0000-000c-ffff-ffff0000063d","element-6066-11e4-a52e-4f735466cecf":"00000000-0000-000c-ffff-ffff0000063d"},{"ELEMENT":"00000000-0000-000c-ffff-ffff00000647","element-6066-11e4-a52e-4f735466cecf":"00000000-0000-000c-ffff-ffff00000647"},{"ELEMENT":"00000000-0000-000c-ffff-ffff0000064d","element-6066-11e4-a52e-4f735466cecf":"00000000-0000-000c-ffff-ffff0000064d"},{"ELEMENT":"00000000-0000-000c-ffff-ffff00000653","element-6066-...
&amp#27;[38;5;32m[AndroidUiautomator2Driver@6457 (32d2a80d)]&amp#27;[0m Responding to client with driver.findElements() result: [{"element-6066-11e4-a52e-4f735466cecf":"00000000-0000-000c-ffff-ffff00000625","ELEMENT":"00000000-0000-000c-ffff-ffff00000625"},{"element-6066-11e4-a52e-4f735466cecf":"00000000-0000-000c-ffff-ffff0000062b","ELEMENT":"00000000-0000-000c-ffff-ffff0000062b"},{"element-6066-11e4-a52e-4f735466cecf":"00000000-0000-000c-ffff-ffff00000631","ELEMENT":"00000000-0000-000c-ffff-ffff00000631"},{"element-6066-11e4-a52e-4f735466cecf":"00000000-0000-000c-ffff-ffff00000637","ELEMENT":"00000000-0000-000c-ffff-ffff00000637"},{"element-6066-11e4-a52e-4f735466cecf":"00000000-0000-000c-ffff-ffff0000063d","ELEMENT":"00000000-0000-000c-ffff-ffff0000063d"},{"element-6066-11e4-a52e-4f735466cecf":"00000000-0000-000c-ffff-ffff00000647","ELEMENT":"00000000-0000-000c-ffff-ffff00000647"},{"element-6066-11e4-a52e-4f735466cecf":"00000000-0000-000c-ffff-ffff0000064d","ELEMENT":"00000000-0000-000c-ffff-ffff0000064d"},{"element-6066-11e4-a52e-4f735466cecf":"00000000-0000-000c-ffff-ffff00000653","ELEMENT":"00000000-0000-000c-ffff-ffff0000065...
&amp#27;[38;5;0m[HTTP]&amp#27;[0m &amp#27;[37m<-- POST /session/32d2a80d-dc78-4f3e-a636-c5413edf6ff7/elements &amp#27;[39m&amp#27;[32m200&amp#27;[39m &amp#27;[90m113 ms - 1291&amp#27;[39m
&amp#27;[38;5;0m[HTTP]&amp#27;[0m &amp#27;[90m&amp#27;[39m
&amp#27;[38;5;0m[HTTP]&amp#27;[0m &amp#27;[37m-->&amp#27;[39m &amp#27;[37mGET&amp#27;[39m &amp#27;[37m/session/32d2a80d-dc78-4f3e-a636-c5413edf6ff7/element/00000000-0000-000c-ffff-ffff00000653/text&amp#27;[39m
&amp#27;[38;5;0m[HTTP]&amp#27;[0m &amp#27;[90m{}&amp#27;[39m
&amp#27;[38;5;32m[AndroidUiautomator2Driver@6457 (32d2a80d)]&amp#27;[0m Driver proxy active, passing request on via HTTP proxy
&amp#27;[38;5;32m[AndroidUiautomator2Driver@6457 (32d2a80d)]&amp#27;[0m Matched '/session/32d2a80d-dc78-4f3e-a636-c5413edf6ff7/element/00000000-0000-000c-ffff-ffff00000653/text' to command name 'getText'
&amp#27;[38;5;32m[AndroidUiautomator2Driver@6457 (32d2a80d)]&amp#27;[0m Proxying [GET /session/32d2a80d-dc78-4f3e-a636-c5413edf6ff7/element/00000000-0000-000c-ffff-ffff00000653/text] to [GET http://127.0.0.1:8200/session/f5e84c71-f4f7-4f8e-aec7-33a82bd27fec/element/00000000-0000-000c-ffff-ffff00000653/text] with no body
&amp#27;[38;5;32m[AndroidUiautomator2Driver@6457 (32d2a80d)]&amp#27;[0m Got response with status 200: {"sessionId":"f5e84c71-f4f7-4f8e-aec7-33a82bd27fec","value":"Rushing Yards"}
&amp#27;[38;5;32m[AndroidUiautomator2Driver@6457 (32d2a80d)]&amp#27;[0m Replacing sessionId f5e84c71-f4f7-4f8e-aec7-33a82bd27fec with 32d2a80d-dc78-4f3e-a636-c5413edf6ff7
&amp#27;[38;5;0m[HTTP]&amp#27;[0m &amp#27;[37m<-- GET /session/32d2a80d-dc78-4f3e-a636-c5413edf6ff7/element/00000000-0000-000c-ffff-ffff00000653/text &amp#27;[39m&amp#27;[32m200&amp#27;[39m &amp#27;[90m13 ms - 76&amp#27;[39m
&amp#27;[38;5;0m[HTTP]&amp#27;[0m &amp#27;[90m&amp#27;[39m
&amp#27;[38;5;0m[HTTP]&amp#27;[0m &amp#27;[37m-->&amp#27;[39m &amp#27;[37mGET&amp#27;[39m &amp#27;[37m/session/32d2a80d-dc78-4f3e-a636-c5413edf6ff7/context&amp#27;[39m
&amp#27;[38;5;0m[HTTP]&amp#27;[0m &amp#27;[90m{}&amp#27;[39m
&amp#27;[38;5;32m[AndroidUiautomator2Driver@6457 (32d2a80d)]&amp#27;[0m Calling AppiumDriver.getCurrentContext() with args: ["32d2a80d-dc78-4f3e-a636-c5413edf6ff7"]
&amp#27;[38;5;32m[AndroidUiautomator2Driver@6457 (32d2a80d)]&amp#27;[0m Responding to client with driver.getCurrentContext() result: "NATIVE_APP"
&amp#27;[38;5;0m[HTTP]&amp#27;[0m &amp#27;[37m<-- GET /session/32d2a80d-dc78-4f3e-a636-c5413edf6ff7/context &amp#27;[39m&amp#27;[32m200&amp#27;[39m &amp#27;[90m1 ms - 22&amp#27;[39m
&amp#27;[38;5;0m[HTTP]&amp#27;[0m &amp#27;[90m&amp#27;[39m
&amp#27;[38;5;0m[HTTP]&amp#27;[0m &amp#27;[37m-->&amp#27;[39m &amp#27;[37mPOST&amp#27;[39m &amp#27;[37m/session/32d2a80d-dc78-4f3e-a636-c5413edf6ff7/elements&amp#27;[39m
&amp#27;[38;5;0m[HTTP]&amp#27;[0m &amp#27;[90m{"value":"com.fivemobile.thescore:id/text_category_name","using":"id"}&amp#27;[39m
&amp#27;[38;5;32m[AndroidUiautomator2Driver@6457 (32d2a80d)]&amp#27;[0m Calling AppiumDriver.findElements() with args: ["id","com.fivemobile.thescore:id/text_category_name","32d2a80d-dc78-4f3e-a636-c5413edf6ff7"]
&amp#27;[38;5;32m[AndroidUiautomator2Driver@6457 (32d2a80d)]&amp#27;[0m Valid locator strategies for this request: xpath, id, class name, accessibility id, css selector, -android uiautomator
&amp#27;[38;5;32m[AndroidUiautomator2Driver@6457 (32d2a80d)]&amp#27;[0m Waiting up to 10000 ms for condition
&amp#27;[38;5;32m[AndroidUiautomator2Driver@6457 (32d2a80d)]&amp#27;[0m Matched '/elements' to command name 'findElements'
&amp#27;[38;5;32m[AndroidUiautomator2Driver@6457 (32d2a80d)]&amp#27;[0m Proxying [POST /elements] to [POST http://127.0.0.1:8200/session/f5e84c71-f4f7-4f8e-aec7-33a82bd27fec/elements] with body: {"strategy":"id","selector":"com.fivemobile.thescore:id/text_category_name","context":"","multiple":true}
&amp#27;[38;5;32m[AndroidUiautomator2Driver@6457 (32d2a80d)]&amp#27;[0m Got response with status 200: {"sessionId":"f5e84c71-f4f7-4f8e-aec7-33a82bd27fec","value":[{"ELEMENT":"00000000-0000-000c-ffff-ffff00000625","element-6066-11e4-a52e-4f735466cecf":"00000000-0000-000c-ffff-ffff00000625"},{"ELEMENT":"00000000-0000-000c-ffff-ffff0000062b","element-6066-11e4-a52e-4f735466cecf":"00000000-0000-000c-ffff-ffff0000062b"},{"ELEMENT":"00000000-0000-000c-ffff-ffff00000631","element-6066-11e4-a52e-4f735466cecf":"00000000-0000-000c-ffff-ffff00000631"},{"ELEMENT":"00000000-0000-000c-ffff-ffff00000637","element-6066-11e4-a52e-4f735466cecf":"00000000-0000-000c-ffff-ffff00000637"},{"ELEMENT":"00000000-0000-000c-ffff-ffff0000063d","element-6066-11e4-a52e-4f735466cecf":"00000000-0000-000c-ffff-ffff0000063d"},{"ELEMENT":"00000000-0000-000c-ffff-ffff00000647","element-6066-11e4-a52e-4f735466cecf":"00000000-0000-000c-ffff-ffff00000647"},{"ELEMENT":"00000000-0000-000c-ffff-ffff0000064d","element-6066-11e4-a52e-4f735466cecf":"00000000-0000-000c-ffff-ffff0000064d"},{"ELEMENT":"00000000-0000-000c-ffff-ffff00000653","element-6066-...
&amp#27;[38;5;32m[AndroidUiautomator2Driver@6457 (32d2a80d)]&amp#27;[0m Responding to client with driver.findElements() result: [{"element-6066-11e4-a52e-4f735466cecf":"00000000-0000-000c-ffff-ffff00000625","ELEMENT":"00000000-0000-000c-ffff-ffff00000625"},{"element-6066-11e4-a52e-4f735466cecf":"00000000-0000-000c-ffff-ffff0000062b","ELEMENT":"00000000-0000-000c-ffff-ffff0000062b"},{"element-6066-11e4-a52e-4f735466cecf":"00000000-0000-000c-ffff-ffff00000631","ELEMENT":"00000000-0000-000c-ffff-ffff00000631"},{"element-6066-11e4-a52e-4f735466cecf":"00000000-0000-000c-ffff-ffff00000637","ELEMENT":"00000000-0000-000c-ffff-ffff00000637"},{"element-6066-11e4-a52e-4f735466cecf":"00000000-0000-000c-ffff-ffff0000063d","ELEMENT":"00000000-0000-000c-ffff-ffff0000063d"},{"element-6066-11e4-a52e-4f735466cecf":"00000000-0000-000c-ffff-ffff00000647","ELEMENT":"00000000-0000-000c-ffff-ffff00000647"},{"element-6066-11e4-a52e-4f735466cecf":"00000000-0000-000c-ffff-ffff0000064d","ELEMENT":"00000000-0000-000c-ffff-ffff0000064d"},{"element-6066-11e4-a52e-4f735466cecf":"00000000-0000-000c-ffff-ffff00000653","ELEMENT":"00000000-0000-000c-ffff-ffff0000065...
&amp#27;[38;5;0m[HTTP]&amp#27;[0m &amp#27;[37m<-- POST /session/32d2a80d-dc78-4f3e-a636-c5413edf6ff7/elements &amp#27;[39m&amp#27;[32m200&amp#27;[39m &amp#27;[90m105 ms - 1291&amp#27;[39m
&amp#27;[38;5;0m[HTTP]&amp#27;[0m &amp#27;[90m&amp#27;[39m
&amp#27;[38;5;0m[HTTP]&amp#27;[0m &amp#27;[37m-->&amp#27;[39m &amp#27;[37mGET&amp#27;[39m &amp#27;[37m/session/32d2a80d-dc78-4f3e-a636-c5413edf6ff7/element/00000000-0000-000c-ffff-ffff00000653/text&amp#27;[39m
&amp#27;[38;5;0m[HTTP]&amp#27;[0m &amp#27;[90m{}&amp#27;[39m
&amp#27;[38;5;32m[AndroidUiautomator2Driver@6457 (32d2a80d)]&amp#27;[0m Driver proxy active, passing request on via HTTP proxy
&amp#27;[38;5;32m[AndroidUiautomator2Driver@6457 (32d2a80d)]&amp#27;[0m Matched '/session/32d2a80d-dc78-4f3e-a636-c5413edf6ff7/element/00000000-0000-000c-ffff-ffff00000653/text' to command name 'getText'
&amp#27;[38;5;32m[AndroidUiautomator2Driver@6457 (32d2a80d)]&amp#27;[0m Proxying [GET /session/32d2a80d-dc78-4f3e-a636-c5413edf6ff7/element/00000000-0000-000c-ffff-ffff00000653/text] to [GET http://127.0.0.1:8200/session/f5e84c71-f4f7-4f8e-aec7-33a82bd27fec/element/00000000-0000-000c-ffff-ffff00000653/text] with no body
&amp#27;[38;5;32m[AndroidUiautomator2Driver@6457 (32d2a80d)]&amp#27;[0m Got response with status 200: {"sessionId":"f5e84c71-f4f7-4f8e-aec7-33a82bd27fec","value":"Rushing Yards"}
&amp#27;[38;5;32m[AndroidUiautomator2Driver@6457 (32d2a80d)]&amp#27;[0m Replacing sessionId f5e84c71-f4f7-4f8e-aec7-33a82bd27fec with 32d2a80d-dc78-4f3e-a636-c5413edf6ff7
&amp#27;[38;5;0m[HTTP]&amp#27;[0m &amp#27;[37m<-- GET /session/32d2a80d-dc78-4f3e-a636-c5413edf6ff7/element/00000000-0000-000c-ffff-ffff00000653/text &amp#27;[39m&amp#27;[32m200&amp#27;[39m &amp#27;[90m10 ms - 76&amp#27;[39m
&amp#27;[38;5;0m[HTTP]&amp#27;[0m &amp#27;[90m&amp#27;[39m
&amp#27;[38;5;0m[HTTP]&amp#27;[0m &amp#27;[37m-->&amp#27;[39m &amp#27;[37mGET&amp#27;[39m &amp#27;[37m/session/32d2a80d-dc78-4f3e-a636-c5413edf6ff7/context&amp#27;[39m
&amp#27;[38;5;0m[HTTP]&amp#27;[0m &amp#27;[90m{}&amp#27;[39m
&amp#27;[38;5;32m[AndroidUiautomator2Driver@6457 (32d2a80d)]&amp#27;[0m Calling AppiumDriver.getCurrentContext() with args: ["32d2a80d-dc78-4f3e-a636-c5413edf6ff7"]
&amp#27;[38;5;32m[AndroidUiautomator2Driver@6457 (32d2a80d)]&amp#27;[0m Responding to client with driver.getCurrentContext() result: "NATIVE_APP"
&amp#27;[38;5;0m[HTTP]&amp#27;[0m &amp#27;[37m<-- GET /session/32d2a80d-dc78-4f3e-a636-c5413edf6ff7/context &amp#27;[39m&amp#27;[32m200&amp#27;[39m &amp#27;[90m0 ms - 22&amp#27;[39m
&amp#27;[38;5;0m[HTTP]&amp#27;[0m &amp#27;[90m&amp#27;[39m
&amp#27;[38;5;0m[HTTP]&amp#27;[0m &amp#27;[37m-->&amp#27;[39m &amp#27;[37mPOST&amp#27;[39m &amp#27;[37m/session/32d2a80d-dc78-4f3e-a636-c5413edf6ff7/elements&amp#27;[39m
&amp#27;[38;5;0m[HTTP]&amp#27;[0m &amp#27;[90m{"value":"com.fivemobile.thescore:id/text_category_name","using":"id"}&amp#27;[39m
&amp#27;[38;5;32m[AndroidUiautomator2Driver@6457 (32d2a80d)]&amp#27;[0m Calling AppiumDriver.findElements() with args: ["id","com.fivemobile.thescore:id/text_category_name","32d2a80d-dc78-4f3e-a636-c5413edf6ff7"]
&amp#27;[38;5;32m[AndroidUiautomator2Driver@6457 (32d2a80d)]&amp#27;[0m Valid locator strategies for this request: xpath, id, class name, accessibility id, css selector, -android uiautomator
&amp#27;[38;5;32m[AndroidUiautomator2Driver@6457 (32d2a80d)]&amp#27;[0m Waiting up to 10000 ms for condition
&amp#27;[38;5;32m[AndroidUiautomator2Driver@6457 (32d2a80d)]&amp#27;[0m Matched '/elements' to command name 'findElements'
&amp#27;[38;5;32m[AndroidUiautomator2Driver@6457 (32d2a80d)]&amp#27;[0m Proxying [POST /elements] to [POST http://127.0.0.1:8200/session/f5e84c71-f4f7-4f8e-aec7-33a82bd27fec/elements] with body: {"strategy":"id","selector":"com.fivemobile.thescore:id/text_category_name","context":"","multiple":true}
&amp#27;[38;5;32m[AndroidUiautomator2Driver@6457 (32d2a80d)]&amp#27;[0m Got response with status 200: {"sessionId":"f5e84c71-f4f7-4f8e-aec7-33a82bd27fec","value":[{"ELEMENT":"00000000-0000-000c-ffff-ffff00000625","element-6066-11e4-a52e-4f735466cecf":"00000000-0000-000c-ffff-ffff00000625"},{"ELEMENT":"00000000-0000-000c-ffff-ffff0000062b","element-6066-11e4-a52e-4f735466cecf":"00000000-0000-000c-ffff-ffff0000062b"},{"ELEMENT":"00000000-0000-000c-ffff-ffff00000631","element-6066-11e4-a52e-4f735466cecf":"00000000-0000-000c-ffff-ffff00000631"},{"ELEMENT":"00000000-0000-000c-ffff-ffff00000637","element-6066-11e4-a52e-4f735466cecf":"00000000-0000-000c-ffff-ffff00000637"},{"ELEMENT":"00000000-0000-000c-ffff-ffff0000063d","element-6066-11e4-a52e-4f735466cecf":"00000000-0000-000c-ffff-ffff0000063d"},{"ELEMENT":"00000000-0000-000c-ffff-ffff00000647","element-6066-11e4-a52e-4f735466cecf":"00000000-0000-000c-ffff-ffff00000647"},{"ELEMENT":"00000000-0000-000c-ffff-ffff0000064d","element-6066-11e4-a52e-4f735466cecf":"00000000-0000-000c-ffff-ffff0000064d"},{"ELEMENT":"00000000-0000-000c-ffff-ffff00000653","element-6066-...
&amp#27;[38;5;32m[AndroidUiautomator2Driver@6457 (32d2a80d)]&amp#27;[0m Responding to client with driver.findElements() result: [{"element-6066-11e4-a52e-4f735466cecf":"00000000-0000-000c-ffff-ffff00000625","ELEMENT":"00000000-0000-000c-ffff-ffff00000625"},{"element-6066-11e4-a52e-4f735466cecf":"00000000-0000-000c-ffff-ffff0000062b","ELEMENT":"00000000-0000-000c-ffff-ffff0000062b"},{"element-6066-11e4-a52e-4f735466cecf":"00000000-0000-000c-ffff-ffff00000631","ELEMENT":"00000000-0000-000c-ffff-ffff00000631"},{"element-6066-11e4-a52e-4f735466cecf":"00000000-0000-000c-ffff-ffff00000637","ELEMENT":"00000000-0000-000c-ffff-ffff00000637"},{"element-6066-11e4-a52e-4f735466cecf":"00000000-0000-000c-ffff-ffff0000063d","ELEMENT":"00000000-0000-000c-ffff-ffff0000063d"},{"element-6066-11e4-a52e-4f735466cecf":"00000000-0000-000c-ffff-ffff00000647","ELEMENT":"00000000-0000-000c-ffff-ffff00000647"},{"element-6066-11e4-a52e-4f735466cecf":"00000000-0000-000c-ffff-ffff0000064d","ELEMENT":"00000000-0000-000c-ffff-ffff0000064d"},{"element-6066-11e4-a52e-4f735466cecf":"00000000-0000-000c-ffff-ffff00000653","ELEMENT":"00000000-0000-000c-ffff-ffff0000065...
&amp#27;[38;5;0m[HTTP]&amp#27;[0m &amp#27;[37m<-- POST /session/32d2a80d-dc78-4f3e-a636-c5413edf6ff7/elements &amp#27;[39m&amp#27;[32m200&amp#27;[39m &amp#27;[90m97 ms - 1291&amp#27;[39m
&amp#27;[38;5;0m[HTTP]&amp#27;[0m &amp#27;[90m&amp#27;[39m
&amp#27;[38;5;0m[HTTP]&amp#27;[0m &amp#27;[37m-->&amp#27;[39m &amp#27;[37mGET&amp#27;[39m &amp#27;[37m/session/32d2a80d-dc78-4f3e-a636-c5413edf6ff7/element/00000000-0000-000c-ffff-ffff00000653/text&amp#27;[39m
&amp#27;[38;5;0m[HTTP]&amp#27;[0m &amp#27;[90m{}&amp#27;[39m
&amp#27;[38;5;32m[AndroidUiautomator2Driver@6457 (32d2a80d)]&amp#27;[0m Driver proxy active, passing request on via HTTP proxy
&amp#27;[38;5;32m[AndroidUiautomator2Driver@6457 (32d2a80d)]&amp#27;[0m Matched '/session/32d2a80d-dc78-4f3e-a636-c5413edf6ff7/element/00000000-0000-000c-ffff-ffff00000653/text' to command name 'getText'
&amp#27;[38;5;32m[AndroidUiautomator2Driver@6457 (32d2a80d)]&amp#27;[0m Proxying [GET /session/32d2a80d-dc78-4f3e-a636-c5413edf6ff7/element/00000000-0000-000c-ffff-ffff00000653/text] to [GET http://127.0.0.1:8200/session/f5e84c71-f4f7-4f8e-aec7-33a82bd27fec/element/00000000-0000-000c-ffff-ffff00000653/text] with no body
&amp#27;[38;5;32m[AndroidUiautomator2Driver@6457 (32d2a80d)]&amp#27;[0m Got response with status 200: {"sessionId":"f5e84c71-f4f7-4f8e-aec7-33a82bd27fec","value":"Rushing Yards"}
&amp#27;[38;5;32m[AndroidUiautomator2Driver@6457 (32d2a80d)]&amp#27;[0m Replacing sessionId f5e84c71-f4f7-4f8e-aec7-33a82bd27fec with 32d2a80d-dc78-4f3e-a636-c5413edf6ff7
&amp#27;[38;5;0m[HTTP]&amp#27;[0m &amp#27;[37m<-- GET /session/32d2a80d-dc78-4f3e-a636-c5413edf6ff7/element/00000000-0000-000c-ffff-ffff00000653/text &amp#27;[39m&amp#27;[32m200&amp#27;[39m &amp#27;[90m14 ms - 76&amp#27;[39m
&amp#27;[38;5;0m[HTTP]&amp#27;[0m &amp#27;[90m&amp#27;[39m
Text displayed: Rushing Yards
&amp#27;[38;5;0m[HTTP]&amp#27;[0m &amp#27;[37m-->&amp#27;[39m &amp#27;[37mGET&amp#27;[39m &amp#27;[37m/session/32d2a80d-dc78-4f3e-a636-c5413edf6ff7/context&amp#27;[39m
&amp#27;[38;5;0m[HTTP]&amp#27;[0m &amp#27;[90m{}&amp#27;[39m
&amp#27;[38;5;32m[AndroidUiautomator2Driver@6457 (32d2a80d)]&amp#27;[0m Calling AppiumDriver.getCurrentContext() with args: ["32d2a80d-dc78-4f3e-a636-c5413edf6ff7"]
&amp#27;[38;5;32m[AndroidUiautomator2Driver@6457 (32d2a80d)]&amp#27;[0m Responding to client with driver.getCurrentContext() result: "NATIVE_APP"
&amp#27;[38;5;0m[HTTP]&amp#27;[0m &amp#27;[37m<-- GET /session/32d2a80d-dc78-4f3e-a636-c5413edf6ff7/context &amp#27;[39m&amp#27;[32m200&amp#27;[39m &amp#27;[90m1 ms - 22&amp#27;[39m
&amp#27;[38;5;0m[HTTP]&amp#27;[0m &amp#27;[90m&amp#27;[39m
&amp#27;[38;5;0m[HTTP]&amp#27;[0m &amp#27;[37m-->&amp#27;[39m &amp#27;[37mPOST&amp#27;[39m &amp#27;[37m/session/32d2a80d-dc78-4f3e-a636-c5413edf6ff7/elements&amp#27;[39m
&amp#27;[38;5;0m[HTTP]&amp#27;[0m &amp#27;[90m{"value":"com.fivemobile.thescore:id/text_category_name","using":"id"}&amp#27;[39m
&amp#27;[38;5;32m[AndroidUiautomator2Driver@6457 (32d2a80d)]&amp#27;[0m Calling AppiumDriver.findElements() with args: ["id","com.fivemobile.thescore:id/text_category_name","32d2a80d-dc78-4f3e-a636-c5413edf6ff7"]
&amp#27;[38;5;32m[AndroidUiautomator2Driver@6457 (32d2a80d)]&amp#27;[0m Valid locator strategies for this request: xpath, id, class name, accessibility id, css selector, -android uiautomator
&amp#27;[38;5;32m[AndroidUiautomator2Driver@6457 (32d2a80d)]&amp#27;[0m Waiting up to 10000 ms for condition
&amp#27;[38;5;32m[AndroidUiautomator2Driver@6457 (32d2a80d)]&amp#27;[0m Matched '/elements' to command name 'findElements'
&amp#27;[38;5;32m[AndroidUiautomator2Driver@6457 (32d2a80d)]&amp#27;[0m Proxying [POST /elements] to [POST http://127.0.0.1:8200/session/f5e84c71-f4f7-4f8e-aec7-33a82bd27fec/elements] with body: {"strategy":"id","selector":"com.fivemobile.thescore:id/text_category_name","context":"","multiple":true}
&amp#27;[38;5;32m[AndroidUiautomator2Driver@6457 (32d2a80d)]&amp#27;[0m Got response with status 200: {"sessionId":"f5e84c71-f4f7-4f8e-aec7-33a82bd27fec","value":[{"ELEMENT":"00000000-0000-000c-ffff-ffff00000625","element-6066-11e4-a52e-4f735466cecf":"00000000-0000-000c-ffff-ffff00000625"},{"ELEMENT":"00000000-0000-000c-ffff-ffff0000062b","element-6066-11e4-a52e-4f735466cecf":"00000000-0000-000c-ffff-ffff0000062b"},{"ELEMENT":"00000000-0000-000c-ffff-ffff00000631","element-6066-11e4-a52e-4f735466cecf":"00000000-0000-000c-ffff-ffff00000631"},{"ELEMENT":"00000000-0000-000c-ffff-ffff00000637","element-6066-11e4-a52e-4f735466cecf":"00000000-0000-000c-ffff-ffff00000637"},{"ELEMENT":"00000000-0000-000c-ffff-ffff0000063d","element-6066-11e4-a52e-4f735466cecf":"00000000-0000-000c-ffff-ffff0000063d"},{"ELEMENT":"00000000-0000-000c-ffff-ffff00000647","element-6066-11e4-a52e-4f735466cecf":"00000000-0000-000c-ffff-ffff00000647"},{"ELEMENT":"00000000-0000-000c-ffff-ffff0000064d","element-6066-11e4-a52e-4f735466cecf":"00000000-0000-000c-ffff-ffff0000064d"},{"ELEMENT":"00000000-0000-000c-ffff-ffff00000653","element-6066-...
&amp#27;[38;5;32m[AndroidUiautomator2Driver@6457 (32d2a80d)]&amp#27;[0m Responding to client with driver.findElements() result: [{"element-6066-11e4-a52e-4f735466cecf":"00000000-0000-000c-ffff-ffff00000625","ELEMENT":"00000000-0000-000c-ffff-ffff00000625"},{"element-6066-11e4-a52e-4f735466cecf":"00000000-0000-000c-ffff-ffff0000062b","ELEMENT":"00000000-0000-000c-ffff-ffff0000062b"},{"element-6066-11e4-a52e-4f735466cecf":"00000000-0000-000c-ffff-ffff00000631","ELEMENT":"00000000-0000-000c-ffff-ffff00000631"},{"element-6066-11e4-a52e-4f735466cecf":"00000000-0000-000c-ffff-ffff00000637","ELEMENT":"00000000-0000-000c-ffff-ffff00000637"},{"element-6066-11e4-a52e-4f735466cecf":"00000000-0000-000c-ffff-ffff0000063d","ELEMENT":"00000000-0000-000c-ffff-ffff0000063d"},{"element-6066-11e4-a52e-4f735466cecf":"00000000-0000-000c-ffff-ffff00000647","ELEMENT":"00000000-0000-000c-ffff-ffff00000647"},{"element-6066-11e4-a52e-4f735466cecf":"00000000-0000-000c-ffff-ffff0000064d","ELEMENT":"00000000-0000-000c-ffff-ffff0000064d"},{"element-6066-11e4-a52e-4f735466cecf":"00000000-0000-000c-ffff-ffff00000653","ELEMENT":"00000000-0000-000c-ffff-ffff0000065...
&amp#27;[38;5;0m[HTTP]&amp#27;[0m &amp#27;[37m<-- POST /session/32d2a80d-dc78-4f3e-a636-c5413edf6ff7/elements &amp#27;[39m&amp#27;[32m200&amp#27;[39m &amp#27;[90m113 ms - 1291&amp#27;[39m
&amp#27;[38;5;0m[HTTP]&amp#27;[0m &amp#27;[90m&amp#27;[39m
&amp#27;[38;5;0m[HTTP]&amp#27;[0m &amp#27;[37m-->&amp#27;[39m &amp#27;[37mGET&amp#27;[39m &amp#27;[37m/session/32d2a80d-dc78-4f3e-a636-c5413edf6ff7/context&amp#27;[39m
&amp#27;[38;5;0m[HTTP]&amp#27;[0m &amp#27;[90m{}&amp#27;[39m
&amp#27;[38;5;32m[AndroidUiautomator2Driver@6457 (32d2a80d)]&amp#27;[0m Calling AppiumDriver.getCurrentContext() with args: ["32d2a80d-dc78-4f3e-a636-c5413edf6ff7"]
&amp#27;[38;5;32m[AndroidUiautomator2Driver@6457 (32d2a80d)]&amp#27;[0m Responding to client with driver.getCurrentContext() result: "NATIVE_APP"
&amp#27;[38;5;0m[HTTP]&amp#27;[0m &amp#27;[37m<-- GET /session/32d2a80d-dc78-4f3e-a636-c5413edf6ff7/context &amp#27;[39m&amp#27;[32m200&amp#27;[39m &amp#27;[90m1 ms - 22&amp#27;[39m
&amp#27;[38;5;0m[HTTP]&amp#27;[0m &amp#27;[90m&amp#27;[39m
&amp#27;[38;5;0m[HTTP]&amp#27;[0m &amp#27;[37m-->&amp#27;[39m &amp#27;[37mPOST&amp#27;[39m &amp#27;[37m/session/32d2a80d-dc78-4f3e-a636-c5413edf6ff7/elements&amp#27;[39m
&amp#27;[38;5;0m[HTTP]&amp#27;[0m &amp#27;[90m{"value":"com.fivemobile.thescore:id/text_category_name","using":"id"}&amp#27;[39m
&amp#27;[38;5;32m[AndroidUiautomator2Driver@6457 (32d2a80d)]&amp#27;[0m Calling AppiumDriver.findElements() with args: ["id","com.fivemobile.thescore:id/text_category_name","32d2a80d-dc78-4f3e-a636-c5413edf6ff7"]
&amp#27;[38;5;32m[AndroidUiautomator2Driver@6457 (32d2a80d)]&amp#27;[0m Valid locator strategies for this request: xpath, id, class name, accessibility id, css selector, -android uiautomator
&amp#27;[38;5;32m[AndroidUiautomator2Driver@6457 (32d2a80d)]&amp#27;[0m Waiting up to 10000 ms for condition
&amp#27;[38;5;32m[AndroidUiautomator2Driver@6457 (32d2a80d)]&amp#27;[0m Matched '/elements' to command name 'findElements'
&amp#27;[38;5;32m[AndroidUiautomator2Driver@6457 (32d2a80d)]&amp#27;[0m Proxying [POST /elements] to [POST http://127.0.0.1:8200/session/f5e84c71-f4f7-4f8e-aec7-33a82bd27fec/elements] with body: {"strategy":"id","selector":"com.fivemobile.thescore:id/text_category_name","context":"","multiple":true}
&amp#27;[38;5;32m[AndroidUiautomator2Driver@6457 (32d2a80d)]&amp#27;[0m Got response with status 200: {"sessionId":"f5e84c71-f4f7-4f8e-aec7-33a82bd27fec","value":[{"ELEMENT":"00000000-0000-000c-ffff-ffff00000625","element-6066-11e4-a52e-4f735466cecf":"00000000-0000-000c-ffff-ffff00000625"},{"ELEMENT":"00000000-0000-000c-ffff-ffff0000062b","element-6066-11e4-a52e-4f735466cecf":"00000000-0000-000c-ffff-ffff0000062b"},{"ELEMENT":"00000000-0000-000c-ffff-ffff00000631","element-6066-11e4-a52e-4f735466cecf":"00000000-0000-000c-ffff-ffff00000631"},{"ELEMENT":"00000000-0000-000c-ffff-ffff00000637","element-6066-11e4-a52e-4f735466cecf":"00000000-0000-000c-ffff-ffff00000637"},{"ELEMENT":"00000000-0000-000c-ffff-ffff0000063d","element-6066-11e4-a52e-4f735466cecf":"00000000-0000-000c-ffff-ffff0000063d"},{"ELEMENT":"00000000-0000-000c-ffff-ffff00000647","element-6066-11e4-a52e-4f735466cecf":"00000000-0000-000c-ffff-ffff00000647"},{"ELEMENT":"00000000-0000-000c-ffff-ffff0000064d","element-6066-11e4-a52e-4f735466cecf":"00000000-0000-000c-ffff-ffff0000064d"},{"ELEMENT":"00000000-0000-000c-ffff-ffff00000653","element-6066-...
&amp#27;[38;5;32m[AndroidUiautomator2Driver@6457 (32d2a80d)]&amp#27;[0m Responding to client with driver.findElements() result: [{"element-6066-11e4-a52e-4f735466cecf":"00000000-0000-000c-ffff-ffff00000625","ELEMENT":"00000000-0000-000c-ffff-ffff00000625"},{"element-6066-11e4-a52e-4f735466cecf":"00000000-0000-000c-ffff-ffff0000062b","ELEMENT":"00000000-0000-000c-ffff-ffff0000062b"},{"element-6066-11e4-a52e-4f735466cecf":"00000000-0000-000c-ffff-ffff00000631","ELEMENT":"00000000-0000-000c-ffff-ffff00000631"},{"element-6066-11e4-a52e-4f735466cecf":"00000000-0000-000c-ffff-ffff00000637","ELEMENT":"00000000-0000-000c-ffff-ffff00000637"},{"element-6066-11e4-a52e-4f735466cecf":"00000000-0000-000c-ffff-ffff0000063d","ELEMENT":"00000000-0000-000c-ffff-ffff0000063d"},{"element-6066-11e4-a52e-4f735466cecf":"00000000-0000-000c-ffff-ffff00000647","ELEMENT":"00000000-0000-000c-ffff-ffff00000647"},{"element-6066-11e4-a52e-4f735466cecf":"00000000-0000-000c-ffff-ffff0000064d","ELEMENT":"00000000-0000-000c-ffff-ffff0000064d"},{"element-6066-11e4-a52e-4f735466cecf":"00000000-0000-000c-ffff-ffff00000653","ELEMENT":"00000000-0000-000c-ffff-ffff0000065...
&amp#27;[38;5;0m[HTTP]&amp#27;[0m &amp#27;[37m<-- POST /session/32d2a80d-dc78-4f3e-a636-c5413edf6ff7/elements &amp#27;[39m&amp#27;[32m200&amp#27;[39m &amp#27;[90m101 ms - 1291&amp#27;[39m
&amp#27;[38;5;0m[HTTP]&amp#27;[0m &amp#27;[90m&amp#27;[39m
&amp#27;[38;5;0m[HTTP]&amp#27;[0m &amp#27;[37m-->&amp#27;[39m &amp#27;[37mGET&amp#27;[39m &amp#27;[37m/session/32d2a80d-dc78-4f3e-a636-c5413edf6ff7/element/00000000-0000-000c-ffff-ffff00000659/text&amp#27;[39m
&amp#27;[38;5;0m[HTTP]&amp#27;[0m &amp#27;[90m{}&amp#27;[39m
&amp#27;[38;5;32m[AndroidUiautomator2Driver@6457 (32d2a80d)]&amp#27;[0m Driver proxy active, passing request on via HTTP proxy
&amp#27;[38;5;32m[AndroidUiautomator2Driver@6457 (32d2a80d)]&amp#27;[0m Matched '/session/32d2a80d-dc78-4f3e-a636-c5413edf6ff7/element/00000000-0000-000c-ffff-ffff00000659/text' to command name 'getText'
&amp#27;[38;5;32m[AndroidUiautomator2Driver@6457 (32d2a80d)]&amp#27;[0m Proxying [GET /session/32d2a80d-dc78-4f3e-a636-c5413edf6ff7/element/00000000-0000-000c-ffff-ffff00000659/text] to [GET http://127.0.0.1:8200/session/f5e84c71-f4f7-4f8e-aec7-33a82bd27fec/element/00000000-0000-000c-ffff-ffff00000659/text] with no body
&amp#27;[38;5;32m[AndroidUiautomator2Driver@6457 (32d2a80d)]&amp#27;[0m Got response with status 200: {"sessionId":"f5e84c71-f4f7-4f8e-aec7-33a82bd27fec","value":"Points"}
&amp#27;[38;5;32m[AndroidUiautomator2Driver@6457 (32d2a80d)]&amp#27;[0m Replacing sessionId f5e84c71-f4f7-4f8e-aec7-33a82bd27fec with 32d2a80d-dc78-4f3e-a636-c5413edf6ff7
&amp#27;[38;5;0m[HTTP]&amp#27;[0m &amp#27;[37m<-- GET /session/32d2a80d-dc78-4f3e-a636-c5413edf6ff7/element/00000000-0000-000c-ffff-ffff00000659/text &amp#27;[39m&amp#27;[32m200&amp#27;[39m &amp#27;[90m12 ms - 69&amp#27;[39m
&amp#27;[38;5;0m[HTTP]&amp#27;[0m &amp#27;[90m&amp#27;[39m
&amp#27;[38;5;0m[HTTP]&amp#27;[0m &amp#27;[37m-->&amp#27;[39m &amp#27;[37mGET&amp#27;[39m &amp#27;[37m/session/32d2a80d-dc78-4f3e-a636-c5413edf6ff7/context&amp#27;[39m
&amp#27;[38;5;0m[HTTP]&amp#27;[0m &amp#27;[90m{}&amp#27;[39m
&amp#27;[38;5;32m[AndroidUiautomator2Driver@6457 (32d2a80d)]&amp#27;[0m Calling AppiumDriver.getCurrentContext() with args: ["32d2a80d-dc78-4f3e-a636-c5413edf6ff7"]
&amp#27;[38;5;32m[AndroidUiautomator2Driver@6457 (32d2a80d)]&amp#27;[0m Responding to client with driver.getCurrentContext() result: "NATIVE_APP"
&amp#27;[38;5;0m[HTTP]&amp#27;[0m &amp#27;[37m<-- GET /session/32d2a80d-dc78-4f3e-a636-c5413edf6ff7/context &amp#27;[39m&amp#27;[32m200&amp#27;[39m &amp#27;[90m1 ms - 22&amp#27;[39m
&amp#27;[38;5;0m[HTTP]&amp#27;[0m &amp#27;[90m&amp#27;[39m
&amp#27;[38;5;0m[HTTP]&amp#27;[0m &amp#27;[37m-->&amp#27;[39m &amp#27;[37mPOST&amp#27;[39m &amp#27;[37m/session/32d2a80d-dc78-4f3e-a636-c5413edf6ff7/elements&amp#27;[39m
&amp#27;[38;5;0m[HTTP]&amp#27;[0m &amp#27;[90m{"value":"com.fivemobile.thescore:id/text_category_name","using":"id"}&amp#27;[39m
&amp#27;[38;5;32m[AndroidUiautomator2Driver@6457 (32d2a80d)]&amp#27;[0m Calling AppiumDriver.findElements() with args: ["id","com.fivemobile.thescore:id/text_category_name","32d2a80d-dc78-4f3e-a636-c5413edf6ff7"]
&amp#27;[38;5;32m[AndroidUiautomator2Driver@6457 (32d2a80d)]&amp#27;[0m Valid locator strategies for this request: xpath, id, class name, accessibility id, css selector, -android uiautomator
&amp#27;[38;5;32m[AndroidUiautomator2Driver@6457 (32d2a80d)]&amp#27;[0m Waiting up to 10000 ms for condition
&amp#27;[38;5;32m[AndroidUiautomator2Driver@6457 (32d2a80d)]&amp#27;[0m Matched '/elements' to command name 'findElements'
&amp#27;[38;5;32m[AndroidUiautomator2Driver@6457 (32d2a80d)]&amp#27;[0m Proxying [POST /elements] to [POST http://127.0.0.1:8200/session/f5e84c71-f4f7-4f8e-aec7-33a82bd27fec/elements] with body: {"strategy":"id","selector":"com.fivemobile.thescore:id/text_category_name","context":"","multiple":true}
&amp#27;[38;5;32m[AndroidUiautomator2Driver@6457 (32d2a80d)]&amp#27;[0m Got response with status 200: {"sessionId":"f5e84c71-f4f7-4f8e-aec7-33a82bd27fec","value":[{"ELEMENT":"00000000-0000-000c-ffff-ffff00000625","element-6066-11e4-a52e-4f735466cecf":"00000000-0000-000c-ffff-ffff00000625"},{"ELEMENT":"00000000-0000-000c-ffff-ffff0000062b","element-6066-11e4-a52e-4f735466cecf":"00000000-0000-000c-ffff-ffff0000062b"},{"ELEMENT":"00000000-0000-000c-ffff-ffff00000631","element-6066-11e4-a52e-4f735466cecf":"00000000-0000-000c-ffff-ffff00000631"},{"ELEMENT":"00000000-0000-000c-ffff-ffff00000637","element-6066-11e4-a52e-4f735466cecf":"00000000-0000-000c-ffff-ffff00000637"},{"ELEMENT":"00000000-0000-000c-ffff-ffff0000063d","element-6066-11e4-a52e-4f735466cecf":"00000000-0000-000c-ffff-ffff0000063d"},{"ELEMENT":"00000000-0000-000c-ffff-ffff00000647","element-6066-11e4-a52e-4f735466cecf":"00000000-0000-000c-ffff-ffff00000647"},{"ELEMENT":"00000000-0000-000c-ffff-ffff0000064d","element-6066-11e4-a52e-4f735466cecf":"00000000-0000-000c-ffff-ffff0000064d"},{"ELEMENT":"00000000-0000-000c-ffff-ffff00000653","element-6066-...
&amp#27;[38;5;32m[AndroidUiautomator2Driver@6457 (32d2a80d)]&amp#27;[0m Responding to client with driver.findElements() result: [{"element-6066-11e4-a52e-4f735466cecf":"00000000-0000-000c-ffff-ffff00000625","ELEMENT":"00000000-0000-000c-ffff-ffff00000625"},{"element-6066-11e4-a52e-4f735466cecf":"00000000-0000-000c-ffff-ffff0000062b","ELEMENT":"00000000-0000-000c-ffff-ffff0000062b"},{"element-6066-11e4-a52e-4f735466cecf":"00000000-0000-000c-ffff-ffff00000631","ELEMENT":"00000000-0000-000c-ffff-ffff00000631"},{"element-6066-11e4-a52e-4f735466cecf":"00000000-0000-000c-ffff-ffff00000637","ELEMENT":"00000000-0000-000c-ffff-ffff00000637"},{"element-6066-11e4-a52e-4f735466cecf":"00000000-0000-000c-ffff-ffff0000063d","ELEMENT":"00000000-0000-000c-ffff-ffff0000063d"},{"element-6066-11e4-a52e-4f735466cecf":"00000000-0000-000c-ffff-ffff00000647","ELEMENT":"00000000-0000-000c-ffff-ffff00000647"},{"element-6066-11e4-a52e-4f735466cecf":"00000000-0000-000c-ffff-ffff0000064d","ELEMENT":"00000000-0000-000c-ffff-ffff0000064d"},{"element-6066-11e4-a52e-4f735466cecf":"00000000-0000-000c-ffff-ffff00000653","ELEMENT":"00000000-0000-000c-ffff-ffff0000065...
&amp#27;[38;5;0m[HTTP]&amp#27;[0m &amp#27;[37m<-- POST /session/32d2a80d-dc78-4f3e-a636-c5413edf6ff7/elements &amp#27;[39m&amp#27;[32m200&amp#27;[39m &amp#27;[90m114 ms - 1291&amp#27;[39m
&amp#27;[38;5;0m[HTTP]&amp#27;[0m &amp#27;[90m&amp#27;[39m
&amp#27;[38;5;0m[HTTP]&amp#27;[0m &amp#27;[37m-->&amp#27;[39m &amp#27;[37mGET&amp#27;[39m &amp#27;[37m/session/32d2a80d-dc78-4f3e-a636-c5413edf6ff7/element/00000000-0000-000c-ffff-ffff00000659/text&amp#27;[39m
&amp#27;[38;5;0m[HTTP]&amp#27;[0m &amp#27;[90m{}&amp#27;[39m
&amp#27;[38;5;32m[AndroidUiautomator2Driver@6457 (32d2a80d)]&amp#27;[0m Driver proxy active, passing request on via HTTP proxy
&amp#27;[38;5;32m[AndroidUiautomator2Driver@6457 (32d2a80d)]&amp#27;[0m Matched '/session/32d2a80d-dc78-4f3e-a636-c5413edf6ff7/element/00000000-0000-000c-ffff-ffff00000659/text' to command name 'getText'
&amp#27;[38;5;32m[AndroidUiautomator2Driver@6457 (32d2a80d)]&amp#27;[0m Proxying [GET /session/32d2a80d-dc78-4f3e-a636-c5413edf6ff7/element/00000000-0000-000c-ffff-ffff00000659/text] to [GET http://127.0.0.1:8200/session/f5e84c71-f4f7-4f8e-aec7-33a82bd27fec/element/00000000-0000-000c-ffff-ffff00000659/text] with no body
&amp#27;[38;5;32m[AndroidUiautomator2Driver@6457 (32d2a80d)]&amp#27;[0m Got response with status 200: {"sessionId":"f5e84c71-f4f7-4f8e-aec7-33a82bd27fec","value":"Points"}
&amp#27;[38;5;32m[AndroidUiautomator2Driver@6457 (32d2a80d)]&amp#27;[0m Replacing sessionId f5e84c71-f4f7-4f8e-aec7-33a82bd27fec with 32d2a80d-dc78-4f3e-a636-c5413edf6ff7
&amp#27;[38;5;0m[HTTP]&amp#27;[0m &amp#27;[37m<-- GET /session/32d2a80d-dc78-4f3e-a636-c5413edf6ff7/element/00000000-0000-000c-ffff-ffff00000659/text &amp#27;[39m&amp#27;[32m200&amp#27;[39m &amp#27;[90m13 ms - 69&amp#27;[39m
&amp#27;[38;5;0m[HTTP]&amp#27;[0m &amp#27;[90m&amp#27;[39m
&amp#27;[38;5;0m[HTTP]&amp#27;[0m &amp#27;[37m-->&amp#27;[39m &amp#27;[37mGET&amp#27;[39m &amp#27;[37m/session/32d2a80d-dc78-4f3e-a636-c5413edf6ff7/context&amp#27;[39m
&amp#27;[38;5;0m[HTTP]&amp#27;[0m &amp#27;[90m{}&amp#27;[39m
&amp#27;[38;5;32m[AndroidUiautomator2Driver@6457 (32d2a80d)]&amp#27;[0m Calling AppiumDriver.getCurrentContext() with args: ["32d2a80d-dc78-4f3e-a636-c5413edf6ff7"]
&amp#27;[38;5;32m[AndroidUiautomator2Driver@6457 (32d2a80d)]&amp#27;[0m Responding to client with driver.getCurrentContext() result: "NATIVE_APP"
&amp#27;[38;5;0m[HTTP]&amp#27;[0m &amp#27;[37m<-- GET /session/32d2a80d-dc78-4f3e-a636-c5413edf6ff7/context &amp#27;[39m&amp#27;[32m200&amp#27;[39m &amp#27;[90m1 ms - 22&amp#27;[39m
&amp#27;[38;5;0m[HTTP]&amp#27;[0m &amp#27;[90m&amp#27;[39m
&amp#27;[38;5;0m[HTTP]&amp#27;[0m &amp#27;[37m-->&amp#27;[39m &amp#27;[37mPOST&amp#27;[39m &amp#27;[37m/session/32d2a80d-dc78-4f3e-a636-c5413edf6ff7/elements&amp#27;[39m
&amp#27;[38;5;0m[HTTP]&amp#27;[0m &amp#27;[90m{"value":"com.fivemobile.thescore:id/text_category_name","using":"id"}&amp#27;[39m
&amp#27;[38;5;32m[AndroidUiautomator2Driver@6457 (32d2a80d)]&amp#27;[0m Calling AppiumDriver.findElements() with args: ["id","com.fivemobile.thescore:id/text_category_name","32d2a80d-dc78-4f3e-a636-c5413edf6ff7"]
&amp#27;[38;5;32m[AndroidUiautomator2Driver@6457 (32d2a80d)]&amp#27;[0m Valid locator strategies for this request: xpath, id, class name, accessibility id, css selector, -android uiautomator
&amp#27;[38;5;32m[AndroidUiautomator2Driver@6457 (32d2a80d)]&amp#27;[0m Waiting up to 10000 ms for condition
&amp#27;[38;5;32m[AndroidUiautomator2Driver@6457 (32d2a80d)]&amp#27;[0m Matched '/elements' to command name 'findElements'
&amp#27;[38;5;32m[AndroidUiautomator2Driver@6457 (32d2a80d)]&amp#27;[0m Proxying [POST /elements] to [POST http://127.0.0.1:8200/session/f5e84c71-f4f7-4f8e-aec7-33a82bd27fec/elements] with body: {"strategy":"id","selector":"com.fivemobile.thescore:id/text_category_name","context":"","multiple":true}
&amp#27;[38;5;32m[AndroidUiautomator2Driver@6457 (32d2a80d)]&amp#27;[0m Got response with status 200: {"sessionId":"f5e84c71-f4f7-4f8e-aec7-33a82bd27fec","value":[{"ELEMENT":"00000000-0000-000c-ffff-ffff00000625","element-6066-11e4-a52e-4f735466cecf":"00000000-0000-000c-ffff-ffff00000625"},{"ELEMENT":"00000000-0000-000c-ffff-ffff0000062b","element-6066-11e4-a52e-4f735466cecf":"00000000-0000-000c-ffff-ffff0000062b"},{"ELEMENT":"00000000-0000-000c-ffff-ffff00000631","element-6066-11e4-a52e-4f735466cecf":"00000000-0000-000c-ffff-ffff00000631"},{"ELEMENT":"00000000-0000-000c-ffff-ffff00000637","element-6066-11e4-a52e-4f735466cecf":"00000000-0000-000c-ffff-ffff00000637"},{"ELEMENT":"00000000-0000-000c-ffff-ffff0000063d","element-6066-11e4-a52e-4f735466cecf":"00000000-0000-000c-ffff-ffff0000063d"},{"ELEMENT":"00000000-0000-000c-ffff-ffff00000647","element-6066-11e4-a52e-4f735466cecf":"00000000-0000-000c-ffff-ffff00000647"},{"ELEMENT":"00000000-0000-000c-ffff-ffff0000064d","element-6066-11e4-a52e-4f735466cecf":"00000000-0000-000c-ffff-ffff0000064d"},{"ELEMENT":"00000000-0000-000c-ffff-ffff00000653","element-6066-...
&amp#27;[38;5;32m[AndroidUiautomator2Driver@6457 (32d2a80d)]&amp#27;[0m Responding to client with driver.findElements() result: [{"element-6066-11e4-a52e-4f735466cecf":"00000000-0000-000c-ffff-ffff00000625","ELEMENT":"00000000-0000-000c-ffff-ffff00000625"},{"element-6066-11e4-a52e-4f735466cecf":"00000000-0000-000c-ffff-ffff0000062b","ELEMENT":"00000000-0000-000c-ffff-ffff0000062b"},{"element-6066-11e4-a52e-4f735466cecf":"00000000-0000-000c-ffff-ffff00000631","ELEMENT":"00000000-0000-000c-ffff-ffff00000631"},{"element-6066-11e4-a52e-4f735466cecf":"00000000-0000-000c-ffff-ffff00000637","ELEMENT":"00000000-0000-000c-ffff-ffff00000637"},{"element-6066-11e4-a52e-4f735466cecf":"00000000-0000-000c-ffff-ffff0000063d","ELEMENT":"00000000-0000-000c-ffff-ffff0000063d"},{"element-6066-11e4-a52e-4f735466cecf":"00000000-0000-000c-ffff-ffff00000647","ELEMENT":"00000000-0000-000c-ffff-ffff00000647"},{"element-6066-11e4-a52e-4f735466cecf":"00000000-0000-000c-ffff-ffff0000064d","ELEMENT":"00000000-0000-000c-ffff-ffff0000064d"},{"element-6066-11e4-a52e-4f735466cecf":"00000000-0000-000c-ffff-ffff00000653","ELEMENT":"00000000-0000-000c-ffff-ffff0000065...
&amp#27;[38;5;0m[HTTP]&amp#27;[0m &amp#27;[37m<-- POST /session/32d2a80d-dc78-4f3e-a636-c5413edf6ff7/elements &amp#27;[39m&amp#27;[32m200&amp#27;[39m &amp#27;[90m119 ms - 1291&amp#27;[39m
&amp#27;[38;5;0m[HTTP]&amp#27;[0m &amp#27;[90m&amp#27;[39m
&amp#27;[38;5;0m[HTTP]&amp#27;[0m &amp#27;[37m-->&amp#27;[39m &amp#27;[37mGET&amp#27;[39m &amp#27;[37m/session/32d2a80d-dc78-4f3e-a636-c5413edf6ff7/element/00000000-0000-000c-ffff-ffff00000659/text&amp#27;[39m
&amp#27;[38;5;0m[HTTP]&amp#27;[0m &amp#27;[90m{}&amp#27;[39m
&amp#27;[38;5;32m[AndroidUiautomator2Driver@6457 (32d2a80d)]&amp#27;[0m Driver proxy active, passing request on via HTTP proxy
&amp#27;[38;5;32m[AndroidUiautomator2Driver@6457 (32d2a80d)]&amp#27;[0m Matched '/session/32d2a80d-dc78-4f3e-a636-c5413edf6ff7/element/00000000-0000-000c-ffff-ffff00000659/text' to command name 'getText'
&amp#27;[38;5;32m[AndroidUiautomator2Driver@6457 (32d2a80d)]&amp#27;[0m Proxying [GET /session/32d2a80d-dc78-4f3e-a636-c5413edf6ff7/element/00000000-0000-000c-ffff-ffff00000659/text] to [GET http://127.0.0.1:8200/session/f5e84c71-f4f7-4f8e-aec7-33a82bd27fec/element/00000000-0000-000c-ffff-ffff00000659/text] with no body
&amp#27;[38;5;32m[AndroidUiautomator2Driver@6457 (32d2a80d)]&amp#27;[0m Got response with status 200: {"sessionId":"f5e84c71-f4f7-4f8e-aec7-33a82bd27fec","value":"Points"}
&amp#27;[38;5;32m[AndroidUiautomator2Driver@6457 (32d2a80d)]&amp#27;[0m Replacing sessionId f5e84c71-f4f7-4f8e-aec7-33a82bd27fec with 32d2a80d-dc78-4f3e-a636-c5413edf6ff7
&amp#27;[38;5;0m[HTTP]&amp#27;[0m &amp#27;[37m<-- GET /session/32d2a80d-dc78-4f3e-a636-c5413edf6ff7/element/00000000-0000-000c-ffff-ffff00000659/text &amp#27;[39m&amp#27;[32m200&amp#27;[39m &amp#27;[90m14 ms - 69&amp#27;[39m
&amp#27;[38;5;0m[HTTP]&amp#27;[0m &amp#27;[90m&amp#27;[39m
&amp#27;[38;5;0m[HTTP]&amp#27;[0m &amp#27;[37m-->&amp#27;[39m &amp#27;[37mGET&amp#27;[39m &amp#27;[37m/session/32d2a80d-dc78-4f3e-a636-c5413edf6ff7/context&amp#27;[39m
&amp#27;[38;5;0m[HTTP]&amp#27;[0m &amp#27;[90m{}&amp#27;[39m
&amp#27;[38;5;32m[AndroidUiautomator2Driver@6457 (32d2a80d)]&amp#27;[0m Calling AppiumDriver.getCurrentContext() with args: ["32d2a80d-dc78-4f3e-a636-c5413edf6ff7"]
&amp#27;[38;5;32m[AndroidUiautomator2Driver@6457 (32d2a80d)]&amp#27;[0m Responding to client with driver.getCurrentContext() result: "NATIVE_APP"
&amp#27;[38;5;0m[HTTP]&amp#27;[0m &amp#27;[37m<-- GET /session/32d2a80d-dc78-4f3e-a636-c5413edf6ff7/context &amp#27;[39m&amp#27;[32m200&amp#27;[39m &amp#27;[90m1 ms - 22&amp#27;[39m
&amp#27;[38;5;0m[HTTP]&amp#27;[0m &amp#27;[90m&amp#27;[39m
&amp#27;[38;5;0m[HTTP]&amp#27;[0m &amp#27;[37m-->&amp#27;[39m &amp#27;[37mPOST&amp#27;[39m &amp#27;[37m/session/32d2a80d-dc78-4f3e-a636-c5413edf6ff7/elements&amp#27;[39m
&amp#27;[38;5;0m[HTTP]&amp#27;[0m &amp#27;[90m{"value":"com.fivemobile.thescore:id/text_category_name","using":"id"}&amp#27;[39m
&amp#27;[38;5;32m[AndroidUiautomator2Driver@6457 (32d2a80d)]&amp#27;[0m Calling AppiumDriver.findElements() with args: ["id","com.fivemobile.thescore:id/text_category_name","32d2a80d-dc78-4f3e-a636-c5413edf6ff7"]
&amp#27;[38;5;32m[AndroidUiautomator2Driver@6457 (32d2a80d)]&amp#27;[0m Valid locator strategies for this request: xpath, id, class name, accessibility id, css selector, -android uiautomator
&amp#27;[38;5;32m[AndroidUiautomator2Driver@6457 (32d2a80d)]&amp#27;[0m Waiting up to 10000 ms for condition
&amp#27;[38;5;32m[AndroidUiautomator2Driver@6457 (32d2a80d)]&amp#27;[0m Matched '/elements' to command name 'findElements'
&amp#27;[38;5;32m[AndroidUiautomator2Driver@6457 (32d2a80d)]&amp#27;[0m Proxying [POST /elements] to [POST http://127.0.0.1:8200/session/f5e84c71-f4f7-4f8e-aec7-33a82bd27fec/elements] with body: {"strategy":"id","selector":"com.fivemobile.thescore:id/text_category_name","context":"","multiple":true}
&amp#27;[38;5;32m[AndroidUiautomator2Driver@6457 (32d2a80d)]&amp#27;[0m Got response with status 200: {"sessionId":"f5e84c71-f4f7-4f8e-aec7-33a82bd27fec","value":[{"ELEMENT":"00000000-0000-000c-ffff-ffff00000625","element-6066-11e4-a52e-4f735466cecf":"00000000-0000-000c-ffff-ffff00000625"},{"ELEMENT":"00000000-0000-000c-ffff-ffff0000062b","element-6066-11e4-a52e-4f735466cecf":"00000000-0000-000c-ffff-ffff0000062b"},{"ELEMENT":"00000000-0000-000c-ffff-ffff00000631","element-6066-11e4-a52e-4f735466cecf":"00000000-0000-000c-ffff-ffff00000631"},{"ELEMENT":"00000000-0000-000c-ffff-ffff00000637","element-6066-11e4-a52e-4f735466cecf":"00000000-0000-000c-ffff-ffff00000637"},{"ELEMENT":"00000000-0000-000c-ffff-ffff0000063d","element-6066-11e4-a52e-4f735466cecf":"00000000-0000-000c-ffff-ffff0000063d"},{"ELEMENT":"00000000-0000-000c-ffff-ffff00000647","element-6066-11e4-a52e-4f735466cecf":"00000000-0000-000c-ffff-ffff00000647"},{"ELEMENT":"00000000-0000-000c-ffff-ffff0000064d","element-6066-11e4-a52e-4f735466cecf":"00000000-0000-000c-ffff-ffff0000064d"},{"ELEMENT":"00000000-0000-000c-ffff-ffff00000653","element-6066-...
&amp#27;[38;5;32m[AndroidUiautomator2Driver@6457 (32d2a80d)]&amp#27;[0m Responding to client with driver.findElements() result: [{"element-6066-11e4-a52e-4f735466cecf":"00000000-0000-000c-ffff-ffff00000625","ELEMENT":"00000000-0000-000c-ffff-ffff00000625"},{"element-6066-11e4-a52e-4f735466cecf":"00000000-0000-000c-ffff-ffff0000062b","ELEMENT":"00000000-0000-000c-ffff-ffff0000062b"},{"element-6066-11e4-a52e-4f735466cecf":"00000000-0000-000c-ffff-ffff00000631","ELEMENT":"00000000-0000-000c-ffff-ffff00000631"},{"element-6066-11e4-a52e-4f735466cecf":"00000000-0000-000c-ffff-ffff00000637","ELEMENT":"00000000-0000-000c-ffff-ffff00000637"},{"element-6066-11e4-a52e-4f735466cecf":"00000000-0000-000c-ffff-ffff0000063d","ELEMENT":"00000000-0000-000c-ffff-ffff0000063d"},{"element-6066-11e4-a52e-4f735466cecf":"00000000-0000-000c-ffff-ffff00000647","ELEMENT":"00000000-0000-000c-ffff-ffff00000647"},{"element-6066-11e4-a52e-4f735466cecf":"00000000-0000-000c-ffff-ffff0000064d","ELEMENT":"00000000-0000-000c-ffff-ffff0000064d"},{"element-6066-11e4-a52e-4f735466cecf":"00000000-0000-000c-ffff-ffff00000653","ELEMENT":"00000000-0000-000c-ffff-ffff0000065...
&amp#27;[38;5;0m[HTTP]&amp#27;[0m &amp#27;[37m<-- POST /session/32d2a80d-dc78-4f3e-a636-c5413edf6ff7/elements &amp#27;[39m&amp#27;[32m200&amp#27;[39m &amp#27;[90m105 ms - 1291&amp#27;[39m
&amp#27;[38;5;0m[HTTP]&amp#27;[0m &amp#27;[90m&amp#27;[39m
&amp#27;[38;5;0m[HTTP]&amp#27;[0m &amp#27;[37m-->&amp#27;[39m &amp#27;[37mGET&amp#27;[39m &amp#27;[37m/session/32d2a80d-dc78-4f3e-a636-c5413edf6ff7/element/00000000-0000-000c-ffff-ffff00000659/text&amp#27;[39m
&amp#27;[38;5;0m[HTTP]&amp#27;[0m &amp#27;[90m{}&amp#27;[39m
&amp#27;[38;5;32m[AndroidUiautomator2Driver@6457 (32d2a80d)]&amp#27;[0m Driver proxy active, passing request on via HTTP proxy
&amp#27;[38;5;32m[AndroidUiautomator2Driver@6457 (32d2a80d)]&amp#27;[0m Matched '/session/32d2a80d-dc78-4f3e-a636-c5413edf6ff7/element/00000000-0000-000c-ffff-ffff00000659/text' to command name 'getText'
&amp#27;[38;5;32m[AndroidUiautomator2Driver@6457 (32d2a80d)]&amp#27;[0m Proxying [GET /session/32d2a80d-dc78-4f3e-a636-c5413edf6ff7/element/00000000-0000-000c-ffff-ffff00000659/text] to [GET http://127.0.0.1:8200/session/f5e84c71-f4f7-4f8e-aec7-33a82bd27fec/element/00000000-0000-000c-ffff-ffff00000659/text] with no body
&amp#27;[38;5;32m[AndroidUiautomator2Driver@6457 (32d2a80d)]&amp#27;[0m Got response with status 200: {"sessionId":"f5e84c71-f4f7-4f8e-aec7-33a82bd27fec","value":"Points"}
&amp#27;[38;5;32m[AndroidUiautomator2Driver@6457 (32d2a80d)]&amp#27;[0m Replacing sessionId f5e84c71-f4f7-4f8e-aec7-33a82bd27fec with 32d2a80d-dc78-4f3e-a636-c5413edf6ff7
&amp#27;[38;5;0m[HTTP]&amp#27;[0m &amp#27;[37m<-- GET /session/32d2a80d-dc78-4f3e-a636-c5413edf6ff7/element/00000000-0000-000c-ffff-ffff00000659/text &amp#27;[39m&amp#27;[32m200&amp#27;[39m &amp#27;[90m11 ms - 69&amp#27;[39m
&amp#27;[38;5;0m[HTTP]&amp#27;[0m &amp#27;[90m&amp#27;[39m
&amp#27;[38;5;0m[HTTP]&amp#27;[0m &amp#27;[37m-->&amp#27;[39m &amp#27;[37mGET&amp#27;[39m &amp#27;[37m/session/32d2a80d-dc78-4f3e-a636-c5413edf6ff7/context&amp#27;[39m
&amp#27;[38;5;0m[HTTP]&amp#27;[0m &amp#27;[90m{}&amp#27;[39m
&amp#27;[38;5;32m[AndroidUiautomator2Driver@6457 (32d2a80d)]&amp#27;[0m Calling AppiumDriver.getCurrentContext() with args: ["32d2a80d-dc78-4f3e-a636-c5413edf6ff7"]
&amp#27;[38;5;32m[AndroidUiautomator2Driver@6457 (32d2a80d)]&amp#27;[0m Responding to client with driver.getCurrentContext() result: "NATIVE_APP"
&amp#27;[38;5;0m[HTTP]&amp#27;[0m &amp#27;[37m<-- GET /session/32d2a80d-dc78-4f3e-a636-c5413edf6ff7/context &amp#27;[39m&amp#27;[32m200&amp#27;[39m &amp#27;[90m1 ms - 22&amp#27;[39m
&amp#27;[38;5;0m[HTTP]&amp#27;[0m &amp#27;[90m&amp#27;[39m
&amp#27;[38;5;0m[HTTP]&amp#27;[0m &amp#27;[37m-->&amp#27;[39m &amp#27;[37mPOST&amp#27;[39m &amp#27;[37m/session/32d2a80d-dc78-4f3e-a636-c5413edf6ff7/elements&amp#27;[39m
&amp#27;[38;5;0m[HTTP]&amp#27;[0m &amp#27;[90m{"value":"com.fivemobile.thescore:id/text_category_name","using":"id"}&amp#27;[39m
&amp#27;[38;5;32m[AndroidUiautomator2Driver@6457 (32d2a80d)]&amp#27;[0m Calling AppiumDriver.findElements() with args: ["id","com.fivemobile.thescore:id/text_category_name","32d2a80d-dc78-4f3e-a636-c5413edf6ff7"]
&amp#27;[38;5;32m[AndroidUiautomator2Driver@6457 (32d2a80d)]&amp#27;[0m Valid locator strategies for this request: xpath, id, class name, accessibility id, css selector, -android uiautomator
&amp#27;[38;5;32m[AndroidUiautomator2Driver@6457 (32d2a80d)]&amp#27;[0m Waiting up to 10000 ms for condition
&amp#27;[38;5;32m[AndroidUiautomator2Driver@6457 (32d2a80d)]&amp#27;[0m Matched '/elements' to command name 'findElements'
&amp#27;[38;5;32m[AndroidUiautomator2Driver@6457 (32d2a80d)]&amp#27;[0m Proxying [POST /elements] to [POST http://127.0.0.1:8200/session/f5e84c71-f4f7-4f8e-aec7-33a82bd27fec/elements] with body: {"strategy":"id","selector":"com.fivemobile.thescore:id/text_category_name","context":"","multiple":true}
&amp#27;[38;5;32m[AndroidUiautomator2Driver@6457 (32d2a80d)]&amp#27;[0m Got response with status 200: {"sessionId":"f5e84c71-f4f7-4f8e-aec7-33a82bd27fec","value":[{"ELEMENT":"00000000-0000-000c-ffff-ffff00000625","element-6066-11e4-a52e-4f735466cecf":"00000000-0000-000c-ffff-ffff00000625"},{"ELEMENT":"00000000-0000-000c-ffff-ffff0000062b","element-6066-11e4-a52e-4f735466cecf":"00000000-0000-000c-ffff-ffff0000062b"},{"ELEMENT":"00000000-0000-000c-ffff-ffff00000631","element-6066-11e4-a52e-4f735466cecf":"00000000-0000-000c-ffff-ffff00000631"},{"ELEMENT":"00000000-0000-000c-ffff-ffff00000637","element-6066-11e4-a52e-4f735466cecf":"00000000-0000-000c-ffff-ffff00000637"},{"ELEMENT":"00000000-0000-000c-ffff-ffff0000063d","element-6066-11e4-a52e-4f735466cecf":"00000000-0000-000c-ffff-ffff0000063d"},{"ELEMENT":"00000000-0000-000c-ffff-ffff00000647","element-6066-11e4-a52e-4f735466cecf":"00000000-0000-000c-ffff-ffff00000647"},{"ELEMENT":"00000000-0000-000c-ffff-ffff0000064d","element-6066-11e4-a52e-4f735466cecf":"00000000-0000-000c-ffff-ffff0000064d"},{"ELEMENT":"00000000-0000-000c-ffff-ffff00000653","element-6066-...
&amp#27;[38;5;32m[AndroidUiautomator2Driver@6457 (32d2a80d)]&amp#27;[0m Responding to client with driver.findElements() result: [{"element-6066-11e4-a52e-4f735466cecf":"00000000-0000-000c-ffff-ffff00000625","ELEMENT":"00000000-0000-000c-ffff-ffff00000625"},{"element-6066-11e4-a52e-4f735466cecf":"00000000-0000-000c-ffff-ffff0000062b","ELEMENT":"00000000-0000-000c-ffff-ffff0000062b"},{"element-6066-11e4-a52e-4f735466cecf":"00000000-0000-000c-ffff-ffff00000631","ELEMENT":"00000000-0000-000c-ffff-ffff00000631"},{"element-6066-11e4-a52e-4f735466cecf":"00000000-0000-000c-ffff-ffff00000637","ELEMENT":"00000000-0000-000c-ffff-ffff00000637"},{"element-6066-11e4-a52e-4f735466cecf":"00000000-0000-000c-ffff-ffff0000063d","ELEMENT":"00000000-0000-000c-ffff-ffff0000063d"},{"element-6066-11e4-a52e-4f735466cecf":"00000000-0000-000c-ffff-ffff00000647","ELEMENT":"00000000-0000-000c-ffff-ffff00000647"},{"element-6066-11e4-a52e-4f735466cecf":"00000000-0000-000c-ffff-ffff0000064d","ELEMENT":"00000000-0000-000c-ffff-ffff0000064d"},{"element-6066-11e4-a52e-4f735466cecf":"00000000-0000-000c-ffff-ffff00000653","ELEMENT":"00000000-0000-000c-ffff-ffff0000065...
&amp#27;[38;5;0m[HTTP]&amp#27;[0m &amp#27;[37m<-- POST /session/32d2a80d-dc78-4f3e-a636-c5413edf6ff7/elements &amp#27;[39m&amp#27;[32m200&amp#27;[39m &amp#27;[90m111 ms - 1291&amp#27;[39m
&amp#27;[38;5;0m[HTTP]&amp#27;[0m &amp#27;[90m&amp#27;[39m
&amp#27;[38;5;0m[HTTP]&amp#27;[0m &amp#27;[37m-->&amp#27;[39m &amp#27;[37mGET&amp#27;[39m &amp#27;[37m/session/32d2a80d-dc78-4f3e-a636-c5413edf6ff7/element/00000000-0000-000c-ffff-ffff00000659/text&amp#27;[39m
&amp#27;[38;5;0m[HTTP]&amp#27;[0m &amp#27;[90m{}&amp#27;[39m
&amp#27;[38;5;32m[AndroidUiautomator2Driver@6457 (32d2a80d)]&amp#27;[0m Driver proxy active, passing request on via HTTP proxy
&amp#27;[38;5;32m[AndroidUiautomator2Driver@6457 (32d2a80d)]&amp#27;[0m Matched '/session/32d2a80d-dc78-4f3e-a636-c5413edf6ff7/element/00000000-0000-000c-ffff-ffff00000659/text' to command name 'getText'
&amp#27;[38;5;32m[AndroidUiautomator2Driver@6457 (32d2a80d)]&amp#27;[0m Proxying [GET /session/32d2a80d-dc78-4f3e-a636-c5413edf6ff7/element/00000000-0000-000c-ffff-ffff00000659/text] to [GET http://127.0.0.1:8200/session/f5e84c71-f4f7-4f8e-aec7-33a82bd27fec/element/00000000-0000-000c-ffff-ffff00000659/text] with no body
&amp#27;[38;5;32m[AndroidUiautomator2Driver@6457 (32d2a80d)]&amp#27;[0m Got response with status 200: {"sessionId":"f5e84c71-f4f7-4f8e-aec7-33a82bd27fec","value":"Points"}
&amp#27;[38;5;32m[AndroidUiautomator2Driver@6457 (32d2a80d)]&amp#27;[0m Replacing sessionId f5e84c71-f4f7-4f8e-aec7-33a82bd27fec with 32d2a80d-dc78-4f3e-a636-c5413edf6ff7
&amp#27;[38;5;0m[HTTP]&amp#27;[0m &amp#27;[37m<-- GET /session/32d2a80d-dc78-4f3e-a636-c5413edf6ff7/element/00000000-0000-000c-ffff-ffff00000659/text &amp#27;[39m&amp#27;[32m200&amp#27;[39m &amp#27;[90m12 ms - 69&amp#27;[39m
&amp#27;[38;5;0m[HTTP]&amp#27;[0m &amp#27;[90m&amp#27;[39m
Text displayed: Points
&amp#27;[38;5;0m[HTTP]&amp#27;[0m &amp#27;[37m-->&amp#27;[39m &amp#27;[37mGET&amp#27;[39m &amp#27;[37m/session/32d2a80d-dc78-4f3e-a636-c5413edf6ff7/context&amp#27;[39m
&amp#27;[38;5;0m[HTTP]&amp#27;[0m &amp#27;[90m{}&amp#27;[39m
&amp#27;[38;5;32m[AndroidUiautomator2Driver@6457 (32d2a80d)]&amp#27;[0m Calling AppiumDriver.getCurrentContext() with args: ["32d2a80d-dc78-4f3e-a636-c5413edf6ff7"]
&amp#27;[38;5;32m[AndroidUiautomator2Driver@6457 (32d2a80d)]&amp#27;[0m Responding to client with driver.getCurrentContext() result: "NATIVE_APP"
&amp#27;[38;5;0m[HTTP]&amp#27;[0m &amp#27;[37m<-- GET /session/32d2a80d-dc78-4f3e-a636-c5413edf6ff7/context &amp#27;[39m&amp#27;[32m200&amp#27;[39m &amp#27;[90m1 ms - 22&amp#27;[39m
&amp#27;[38;5;0m[HTTP]&amp#27;[0m &amp#27;[90m&amp#27;[39m
&amp#27;[38;5;0m[HTTP]&amp#27;[0m &amp#27;[37m-->&amp#27;[39m &amp#27;[37mPOST&amp#27;[39m &amp#27;[37m/session/32d2a80d-dc78-4f3e-a636-c5413edf6ff7/elements&amp#27;[39m
&amp#27;[38;5;0m[HTTP]&amp#27;[0m &amp#27;[90m{"value":"com.fivemobile.thescore:id/text_category_name","using":"id"}&amp#27;[39m
&amp#27;[38;5;32m[AndroidUiautomator2Driver@6457 (32d2a80d)]&amp#27;[0m Calling AppiumDriver.findElements() with args: ["id","com.fivemobile.thescore:id/text_category_name","32d2a80d-dc78-4f3e-a636-c5413edf6ff7"]
&amp#27;[38;5;32m[AndroidUiautomator2Driver@6457 (32d2a80d)]&amp#27;[0m Valid locator strategies for this request: xpath, id, class name, accessibility id, css selector, -android uiautomator
&amp#27;[38;5;32m[AndroidUiautomator2Driver@6457 (32d2a80d)]&amp#27;[0m Waiting up to 10000 ms for condition
&amp#27;[38;5;32m[AndroidUiautomator2Driver@6457 (32d2a80d)]&amp#27;[0m Matched '/elements' to command name 'findElements'
&amp#27;[38;5;32m[AndroidUiautomator2Driver@6457 (32d2a80d)]&amp#27;[0m Proxying [POST /elements] to [POST http://127.0.0.1:8200/session/f5e84c71-f4f7-4f8e-aec7-33a82bd27fec/elements] with body: {"strategy":"id","selector":"com.fivemobile.thescore:id/text_category_name","context":"","multiple":true}
&amp#27;[38;5;32m[AndroidUiautomator2Driver@6457 (32d2a80d)]&amp#27;[0m Got response with status 200: {"sessionId":"f5e84c71-f4f7-4f8e-aec7-33a82bd27fec","value":[{"ELEMENT":"00000000-0000-000c-ffff-ffff00000625","element-6066-11e4-a52e-4f735466cecf":"00000000-0000-000c-ffff-ffff00000625"},{"ELEMENT":"00000000-0000-000c-ffff-ffff0000062b","element-6066-11e4-a52e-4f735466cecf":"00000000-0000-000c-ffff-ffff0000062b"},{"ELEMENT":"00000000-0000-000c-ffff-ffff00000631","element-6066-11e4-a52e-4f735466cecf":"00000000-0000-000c-ffff-ffff00000631"},{"ELEMENT":"00000000-0000-000c-ffff-ffff00000637","element-6066-11e4-a52e-4f735466cecf":"00000000-0000-000c-ffff-ffff00000637"},{"ELEMENT":"00000000-0000-000c-ffff-ffff0000063d","element-6066-11e4-a52e-4f735466cecf":"00000000-0000-000c-ffff-ffff0000063d"},{"ELEMENT":"00000000-0000-000c-ffff-ffff00000647","element-6066-11e4-a52e-4f735466cecf":"00000000-0000-000c-ffff-ffff00000647"},{"ELEMENT":"00000000-0000-000c-ffff-ffff0000064d","element-6066-11e4-a52e-4f735466cecf":"00000000-0000-000c-ffff-ffff0000064d"},{"ELEMENT":"00000000-0000-000c-ffff-ffff00000653","element-6066-...
&amp#27;[38;5;32m[AndroidUiautomator2Driver@6457 (32d2a80d)]&amp#27;[0m Responding to client with driver.findElements() result: [{"element-6066-11e4-a52e-4f735466cecf":"00000000-0000-000c-ffff-ffff00000625","ELEMENT":"00000000-0000-000c-ffff-ffff00000625"},{"element-6066-11e4-a52e-4f735466cecf":"00000000-0000-000c-ffff-ffff0000062b","ELEMENT":"00000000-0000-000c-ffff-ffff0000062b"},{"element-6066-11e4-a52e-4f735466cecf":"00000000-0000-000c-ffff-ffff00000631","ELEMENT":"00000000-0000-000c-ffff-ffff00000631"},{"element-6066-11e4-a52e-4f735466cecf":"00000000-0000-000c-ffff-ffff00000637","ELEMENT":"00000000-0000-000c-ffff-ffff00000637"},{"element-6066-11e4-a52e-4f735466cecf":"00000000-0000-000c-ffff-ffff0000063d","ELEMENT":"00000000-0000-000c-ffff-ffff0000063d"},{"element-6066-11e4-a52e-4f735466cecf":"00000000-0000-000c-ffff-ffff00000647","ELEMENT":"00000000-0000-000c-ffff-ffff00000647"},{"element-6066-11e4-a52e-4f735466cecf":"00000000-0000-000c-ffff-ffff0000064d","ELEMENT":"00000000-0000-000c-ffff-ffff0000064d"},{"element-6066-11e4-a52e-4f735466cecf":"00000000-0000-000c-ffff-ffff00000653","ELEMENT":"00000000-0000-000c-ffff-ffff0000065...
&amp#27;[38;5;0m[HTTP]&amp#27;[0m &amp#27;[37m<-- POST /session/32d2a80d-dc78-4f3e-a636-c5413edf6ff7/elements &amp#27;[39m&amp#27;[32m200&amp#27;[39m &amp#27;[90m105 ms - 1291&amp#27;[39m
&amp#27;[38;5;0m[HTTP]&amp#27;[0m &amp#27;[90m&amp#27;[39m
&amp#27;[38;5;0m[HTTP]&amp#27;[0m &amp#27;[37m-->&amp#27;[39m &amp#27;[37mGET&amp#27;[39m &amp#27;[37m/session/32d2a80d-dc78-4f3e-a636-c5413edf6ff7/context&amp#27;[39m
&amp#27;[38;5;0m[HTTP]&amp#27;[0m &amp#27;[90m{}&amp#27;[39m
&amp#27;[38;5;32m[AndroidUiautomator2Driver@6457 (32d2a80d)]&amp#27;[0m Calling AppiumDriver.getCurrentContext() with args: ["32d2a80d-dc78-4f3e-a636-c5413edf6ff7"]
&amp#27;[38;5;32m[AndroidUiautomator2Driver@6457 (32d2a80d)]&amp#27;[0m Responding to client with driver.getCurrentContext() result: "NATIVE_APP"
&amp#27;[38;5;0m[HTTP]&amp#27;[0m &amp#27;[37m<-- GET /session/32d2a80d-dc78-4f3e-a636-c5413edf6ff7/context &amp#27;[39m&amp#27;[32m200&amp#27;[39m &amp#27;[90m0 ms - 22&amp#27;[39m
&amp#27;[38;5;0m[HTTP]&amp#27;[0m &amp#27;[90m&amp#27;[39m
&amp#27;[38;5;0m[HTTP]&amp#27;[0m &amp#27;[37m-->&amp#27;[39m &amp#27;[37mPOST&amp#27;[39m &amp#27;[37m/session/32d2a80d-dc78-4f3e-a636-c5413edf6ff7/elements&amp#27;[39m
&amp#27;[38;5;0m[HTTP]&amp#27;[0m &amp#27;[90m{"value":"com.fivemobile.thescore:id/text_category_name","using":"id"}&amp#27;[39m
&amp#27;[38;5;32m[AndroidUiautomator2Driver@6457 (32d2a80d)]&amp#27;[0m Calling AppiumDriver.findElements() with args: ["id","com.fivemobile.thescore:id/text_category_name","32d2a80d-dc78-4f3e-a636-c5413edf6ff7"]
&amp#27;[38;5;32m[AndroidUiautomator2Driver@6457 (32d2a80d)]&amp#27;[0m Valid locator strategies for this request: xpath, id, class name, accessibility id, css selector, -android uiautomator
&amp#27;[38;5;32m[AndroidUiautomator2Driver@6457 (32d2a80d)]&amp#27;[0m Waiting up to 10000 ms for condition
&amp#27;[38;5;32m[AndroidUiautomator2Driver@6457 (32d2a80d)]&amp#27;[0m Matched '/elements' to command name 'findElements'
&amp#27;[38;5;32m[AndroidUiautomator2Driver@6457 (32d2a80d)]&amp#27;[0m Proxying [POST /elements] to [POST http://127.0.0.1:8200/session/f5e84c71-f4f7-4f8e-aec7-33a82bd27fec/elements] with body: {"strategy":"id","selector":"com.fivemobile.thescore:id/text_category_name","context":"","multiple":true}
&amp#27;[38;5;32m[AndroidUiautomator2Driver@6457 (32d2a80d)]&amp#27;[0m Got response with status 200: {"sessionId":"f5e84c71-f4f7-4f8e-aec7-33a82bd27fec","value":[{"ELEMENT":"00000000-0000-000c-ffff-ffff00000625","element-6066-11e4-a52e-4f735466cecf":"00000000-0000-000c-ffff-ffff00000625"},{"ELEMENT":"00000000-0000-000c-ffff-ffff0000062b","element-6066-11e4-a52e-4f735466cecf":"00000000-0000-000c-ffff-ffff0000062b"},{"ELEMENT":"00000000-0000-000c-ffff-ffff00000631","element-6066-11e4-a52e-4f735466cecf":"00000000-0000-000c-ffff-ffff00000631"},{"ELEMENT":"00000000-0000-000c-ffff-ffff00000637","element-6066-11e4-a52e-4f735466cecf":"00000000-0000-000c-ffff-ffff00000637"},{"ELEMENT":"00000000-0000-000c-ffff-ffff0000063d","element-6066-11e4-a52e-4f735466cecf":"00000000-0000-000c-ffff-ffff0000063d"},{"ELEMENT":"00000000-0000-000c-ffff-ffff00000647","element-6066-11e4-a52e-4f735466cecf":"00000000-0000-000c-ffff-ffff00000647"},{"ELEMENT":"00000000-0000-000c-ffff-ffff0000064d","element-6066-11e4-a52e-4f735466cecf":"00000000-0000-000c-ffff-ffff0000064d"},{"ELEMENT":"00000000-0000-000c-ffff-ffff00000653","element-6066-...
&amp#27;[38;5;32m[AndroidUiautomator2Driver@6457 (32d2a80d)]&amp#27;[0m Responding to client with driver.findElements() result: [{"element-6066-11e4-a52e-4f735466cecf":"00000000-0000-000c-ffff-ffff00000625","ELEMENT":"00000000-0000-000c-ffff-ffff00000625"},{"element-6066-11e4-a52e-4f735466cecf":"00000000-0000-000c-ffff-ffff0000062b","ELEMENT":"00000000-0000-000c-ffff-ffff0000062b"},{"element-6066-11e4-a52e-4f735466cecf":"00000000-0000-000c-ffff-ffff00000631","ELEMENT":"00000000-0000-000c-ffff-ffff00000631"},{"element-6066-11e4-a52e-4f735466cecf":"00000000-0000-000c-ffff-ffff00000637","ELEMENT":"00000000-0000-000c-ffff-ffff00000637"},{"element-6066-11e4-a52e-4f735466cecf":"00000000-0000-000c-ffff-ffff0000063d","ELEMENT":"00000000-0000-000c-ffff-ffff0000063d"},{"element-6066-11e4-a52e-4f735466cecf":"00000000-0000-000c-ffff-ffff00000647","ELEMENT":"00000000-0000-000c-ffff-ffff00000647"},{"element-6066-11e4-a52e-4f735466cecf":"00000000-0000-000c-ffff-ffff0000064d","ELEMENT":"00000000-0000-000c-ffff-ffff0000064d"},{"element-6066-11e4-a52e-4f735466cecf":"00000000-0000-000c-ffff-ffff00000653","ELEMENT":"00000000-0000-000c-ffff-ffff0000065...
&amp#27;[38;5;0m[HTTP]&amp#27;[0m &amp#27;[37m<-- POST /session/32d2a80d-dc78-4f3e-a636-c5413edf6ff7/elements &amp#27;[39m&amp#27;[32m200&amp#27;[39m &amp#27;[90m104 ms - 1291&amp#27;[39m
&amp#27;[38;5;0m[HTTP]&amp#27;[0m &amp#27;[90m&amp#27;[39m
&amp#27;[38;5;0m[HTTP]&amp#27;[0m &amp#27;[37m-->&amp#27;[39m &amp#27;[37mGET&amp#27;[39m &amp#27;[37m/session/32d2a80d-dc78-4f3e-a636-c5413edf6ff7/element/00000000-0000-000c-ffff-ffff0000065f/text&amp#27;[39m
&amp#27;[38;5;0m[HTTP]&amp#27;[0m &amp#27;[90m{}&amp#27;[39m
&amp#27;[38;5;32m[AndroidUiautomator2Driver@6457 (32d2a80d)]&amp#27;[0m Driver proxy active, passing request on via HTTP proxy
&amp#27;[38;5;32m[AndroidUiautomator2Driver@6457 (32d2a80d)]&amp#27;[0m Matched '/session/32d2a80d-dc78-4f3e-a636-c5413edf6ff7/element/00000000-0000-000c-ffff-ffff0000065f/text' to command name 'getText'
&amp#27;[38;5;32m[AndroidUiautomator2Driver@6457 (32d2a80d)]&amp#27;[0m Proxying [GET /session/32d2a80d-dc78-4f3e-a636-c5413edf6ff7/element/00000000-0000-000c-ffff-ffff0000065f/text] to [GET http://127.0.0.1:8200/session/f5e84c71-f4f7-4f8e-aec7-33a82bd27fec/element/00000000-0000-000c-ffff-ffff0000065f/text] with no body
&amp#27;[38;5;32m[AndroidUiautomator2Driver@6457 (32d2a80d)]&amp#27;[0m Got response with status 200: {"sessionId":"f5e84c71-f4f7-4f8e-aec7-33a82bd27fec","value":"3rd Down %"}
&amp#27;[38;5;32m[AndroidUiautomator2Driver@6457 (32d2a80d)]&amp#27;[0m Replacing sessionId f5e84c71-f4f7-4f8e-aec7-33a82bd27fec with 32d2a80d-dc78-4f3e-a636-c5413edf6ff7
&amp#27;[38;5;0m[HTTP]&amp#27;[0m &amp#27;[37m<-- GET /session/32d2a80d-dc78-4f3e-a636-c5413edf6ff7/element/00000000-0000-000c-ffff-ffff0000065f/text &amp#27;[39m&amp#27;[32m200&amp#27;[39m &amp#27;[90m11 ms - 73&amp#27;[39m
&amp#27;[38;5;0m[HTTP]&amp#27;[0m &amp#27;[90m&amp#27;[39m
&amp#27;[38;5;0m[HTTP]&amp#27;[0m &amp#27;[37m-->&amp#27;[39m &amp#27;[37mGET&amp#27;[39m &amp#27;[37m/session/32d2a80d-dc78-4f3e-a636-c5413edf6ff7/context&amp#27;[39m
&amp#27;[38;5;0m[HTTP]&amp#27;[0m &amp#27;[90m{}&amp#27;[39m
&amp#27;[38;5;32m[AndroidUiautomator2Driver@6457 (32d2a80d)]&amp#27;[0m Calling AppiumDriver.getCurrentContext() with args: ["32d2a80d-dc78-4f3e-a636-c5413edf6ff7"]
&amp#27;[38;5;32m[AndroidUiautomator2Driver@6457 (32d2a80d)]&amp#27;[0m Responding to client with driver.getCurrentContext() result: "NATIVE_APP"
&amp#27;[38;5;0m[HTTP]&amp#27;[0m &amp#27;[37m<-- GET /session/32d2a80d-dc78-4f3e-a636-c5413edf6ff7/context &amp#27;[39m&amp#27;[32m200&amp#27;[39m &amp#27;[90m1 ms - 22&amp#27;[39m
&amp#27;[38;5;0m[HTTP]&amp#27;[0m &amp#27;[90m&amp#27;[39m
&amp#27;[38;5;0m[HTTP]&amp#27;[0m &amp#27;[37m-->&amp#27;[39m &amp#27;[37mPOST&amp#27;[39m &amp#27;[37m/session/32d2a80d-dc78-4f3e-a636-c5413edf6ff7/elements&amp#27;[39m
&amp#27;[38;5;0m[HTTP]&amp#27;[0m &amp#27;[90m{"value":"com.fivemobile.thescore:id/text_category_name","using":"id"}&amp#27;[39m
&amp#27;[38;5;32m[AndroidUiautomator2Driver@6457 (32d2a80d)]&amp#27;[0m Calling AppiumDriver.findElements() with args: ["id","com.fivemobile.thescore:id/text_category_name","32d2a80d-dc78-4f3e-a636-c5413edf6ff7"]
&amp#27;[38;5;32m[AndroidUiautomator2Driver@6457 (32d2a80d)]&amp#27;[0m Valid locator strategies for this request: xpath, id, class name, accessibility id, css selector, -android uiautomator
&amp#27;[38;5;32m[AndroidUiautomator2Driver@6457 (32d2a80d)]&amp#27;[0m Waiting up to 10000 ms for condition
&amp#27;[38;5;32m[AndroidUiautomator2Driver@6457 (32d2a80d)]&amp#27;[0m Matched '/elements' to command name 'findElements'
&amp#27;[38;5;32m[AndroidUiautomator2Driver@6457 (32d2a80d)]&amp#27;[0m Proxying [POST /elements] to [POST http://127.0.0.1:8200/session/f5e84c71-f4f7-4f8e-aec7-33a82bd27fec/elements] with body: {"strategy":"id","selector":"com.fivemobile.thescore:id/text_category_name","context":"","multiple":true}
&amp#27;[38;5;32m[AndroidUiautomator2Driver@6457 (32d2a80d)]&amp#27;[0m Got response with status 200: {"sessionId":"f5e84c71-f4f7-4f8e-aec7-33a82bd27fec","value":[{"ELEMENT":"00000000-0000-000c-ffff-ffff00000625","element-6066-11e4-a52e-4f735466cecf":"00000000-0000-000c-ffff-ffff00000625"},{"ELEMENT":"00000000-0000-000c-ffff-ffff0000062b","element-6066-11e4-a52e-4f735466cecf":"00000000-0000-000c-ffff-ffff0000062b"},{"ELEMENT":"00000000-0000-000c-ffff-ffff00000631","element-6066-11e4-a52e-4f735466cecf":"00000000-0000-000c-ffff-ffff00000631"},{"ELEMENT":"00000000-0000-000c-ffff-ffff00000637","element-6066-11e4-a52e-4f735466cecf":"00000000-0000-000c-ffff-ffff00000637"},{"ELEMENT":"00000000-0000-000c-ffff-ffff0000063d","element-6066-11e4-a52e-4f735466cecf":"00000000-0000-000c-ffff-ffff0000063d"},{"ELEMENT":"00000000-0000-000c-ffff-ffff00000647","element-6066-11e4-a52e-4f735466cecf":"00000000-0000-000c-ffff-ffff00000647"},{"ELEMENT":"00000000-0000-000c-ffff-ffff0000064d","element-6066-11e4-a52e-4f735466cecf":"00000000-0000-000c-ffff-ffff0000064d"},{"ELEMENT":"00000000-0000-000c-ffff-ffff00000653","element-6066-...
&amp#27;[38;5;32m[AndroidUiautomator2Driver@6457 (32d2a80d)]&amp#27;[0m Responding to client with driver.findElements() result: [{"element-6066-11e4-a52e-4f735466cecf":"00000000-0000-000c-ffff-ffff00000625","ELEMENT":"00000000-0000-000c-ffff-ffff00000625"},{"element-6066-11e4-a52e-4f735466cecf":"00000000-0000-000c-ffff-ffff0000062b","ELEMENT":"00000000-0000-000c-ffff-ffff0000062b"},{"element-6066-11e4-a52e-4f735466cecf":"00000000-0000-000c-ffff-ffff00000631","ELEMENT":"00000000-0000-000c-ffff-ffff00000631"},{"element-6066-11e4-a52e-4f735466cecf":"00000000-0000-000c-ffff-ffff00000637","ELEMENT":"00000000-0000-000c-ffff-ffff00000637"},{"element-6066-11e4-a52e-4f735466cecf":"00000000-0000-000c-ffff-ffff0000063d","ELEMENT":"00000000-0000-000c-ffff-ffff0000063d"},{"element-6066-11e4-a52e-4f735466cecf":"00000000-0000-000c-ffff-ffff00000647","ELEMENT":"00000000-0000-000c-ffff-ffff00000647"},{"element-6066-11e4-a52e-4f735466cecf":"00000000-0000-000c-ffff-ffff0000064d","ELEMENT":"00000000-0000-000c-ffff-ffff0000064d"},{"element-6066-11e4-a52e-4f735466cecf":"00000000-0000-000c-ffff-ffff00000653","ELEMENT":"00000000-0000-000c-ffff-ffff0000065...
&amp#27;[38;5;0m[HTTP]&amp#27;[0m &amp#27;[37m<-- POST /session/32d2a80d-dc78-4f3e-a636-c5413edf6ff7/elements &amp#27;[39m&amp#27;[32m200&amp#27;[39m &amp#27;[90m109 ms - 1291&amp#27;[39m
&amp#27;[38;5;0m[HTTP]&amp#27;[0m &amp#27;[90m&amp#27;[39m
&amp#27;[38;5;0m[HTTP]&amp#27;[0m &amp#27;[37m-->&amp#27;[39m &amp#27;[37mGET&amp#27;[39m &amp#27;[37m/session/32d2a80d-dc78-4f3e-a636-c5413edf6ff7/element/00000000-0000-000c-ffff-ffff0000065f/text&amp#27;[39m
&amp#27;[38;5;0m[HTTP]&amp#27;[0m &amp#27;[90m{}&amp#27;[39m
&amp#27;[38;5;32m[AndroidUiautomator2Driver@6457 (32d2a80d)]&amp#27;[0m Driver proxy active, passing request on via HTTP proxy
&amp#27;[38;5;32m[AndroidUiautomator2Driver@6457 (32d2a80d)]&amp#27;[0m Matched '/session/32d2a80d-dc78-4f3e-a636-c5413edf6ff7/element/00000000-0000-000c-ffff-ffff0000065f/text' to command name 'getText'
&amp#27;[38;5;32m[AndroidUiautomator2Driver@6457 (32d2a80d)]&amp#27;[0m Proxying [GET /session/32d2a80d-dc78-4f3e-a636-c5413edf6ff7/element/00000000-0000-000c-ffff-ffff0000065f/text] to [GET http://127.0.0.1:8200/session/f5e84c71-f4f7-4f8e-aec7-33a82bd27fec/element/00000000-0000-000c-ffff-ffff0000065f/text] with no body
&amp#27;[38;5;32m[AndroidUiautomator2Driver@6457 (32d2a80d)]&amp#27;[0m Got response with status 200: {"sessionId":"f5e84c71-f4f7-4f8e-aec7-33a82bd27fec","value":"3rd Down %"}
&amp#27;[38;5;32m[AndroidUiautomator2Driver@6457 (32d2a80d)]&amp#27;[0m Replacing sessionId f5e84c71-f4f7-4f8e-aec7-33a82bd27fec with 32d2a80d-dc78-4f3e-a636-c5413edf6ff7
&amp#27;[38;5;0m[HTTP]&amp#27;[0m &amp#27;[37m<-- GET /session/32d2a80d-dc78-4f3e-a636-c5413edf6ff7/element/00000000-0000-000c-ffff-ffff0000065f/text &amp#27;[39m&amp#27;[32m200&amp#27;[39m &amp#27;[90m9 ms - 73&amp#27;[39m
&amp#27;[38;5;0m[HTTP]&amp#27;[0m &amp#27;[90m&amp#27;[39m
&amp#27;[38;5;0m[HTTP]&amp#27;[0m &amp#27;[37m-->&amp#27;[39m &amp#27;[37mGET&amp#27;[39m &amp#27;[37m/session/32d2a80d-dc78-4f3e-a636-c5413edf6ff7/context&amp#27;[39m
&amp#27;[38;5;0m[HTTP]&amp#27;[0m &amp#27;[90m{}&amp#27;[39m
&amp#27;[38;5;32m[AndroidUiautomator2Driver@6457 (32d2a80d)]&amp#27;[0m Calling AppiumDriver.getCurrentContext() with args: ["32d2a80d-dc78-4f3e-a636-c5413edf6ff7"]
&amp#27;[38;5;32m[AndroidUiautomator2Driver@6457 (32d2a80d)]&amp#27;[0m Responding to client with driver.getCurrentContext() result: "NATIVE_APP"
&amp#27;[38;5;0m[HTTP]&amp#27;[0m &amp#27;[37m<-- GET /session/32d2a80d-dc78-4f3e-a636-c5413edf6ff7/context &amp#27;[39m&amp#27;[32m200&amp#27;[39m &amp#27;[90m0 ms - 22&amp#27;[39m
&amp#27;[38;5;0m[HTTP]&amp#27;[0m &amp#27;[90m&amp#27;[39m
&amp#27;[38;5;0m[HTTP]&amp#27;[0m &amp#27;[37m-->&amp#27;[39m &amp#27;[37mPOST&amp#27;[39m &amp#27;[37m/session/32d2a80d-dc78-4f3e-a636-c5413edf6ff7/elements&amp#27;[39m
&amp#27;[38;5;0m[HTTP]&amp#27;[0m &amp#27;[90m{"value":"com.fivemobile.thescore:id/text_category_name","using":"id"}&amp#27;[39m
&amp#27;[38;5;32m[AndroidUiautomator2Driver@6457 (32d2a80d)]&amp#27;[0m Calling AppiumDriver.findElements() with args: ["id","com.fivemobile.thescore:id/text_category_name","32d2a80d-dc78-4f3e-a636-c5413edf6ff7"]
&amp#27;[38;5;32m[AndroidUiautomator2Driver@6457 (32d2a80d)]&amp#27;[0m Valid locator strategies for this request: xpath, id, class name, accessibility id, css selector, -android uiautomator
&amp#27;[38;5;32m[AndroidUiautomator2Driver@6457 (32d2a80d)]&amp#27;[0m Waiting up to 10000 ms for condition
&amp#27;[38;5;32m[AndroidUiautomator2Driver@6457 (32d2a80d)]&amp#27;[0m Matched '/elements' to command name 'findElements'
&amp#27;[38;5;32m[AndroidUiautomator2Driver@6457 (32d2a80d)]&amp#27;[0m Proxying [POST /elements] to [POST http://127.0.0.1:8200/session/f5e84c71-f4f7-4f8e-aec7-33a82bd27fec/elements] with body: {"strategy":"id","selector":"com.fivemobile.thescore:id/text_category_name","context":"","multiple":true}
&amp#27;[38;5;32m[AndroidUiautomator2Driver@6457 (32d2a80d)]&amp#27;[0m Got response with status 200: {"sessionId":"f5e84c71-f4f7-4f8e-aec7-33a82bd27fec","value":[{"ELEMENT":"00000000-0000-000c-ffff-ffff00000625","element-6066-11e4-a52e-4f735466cecf":"00000000-0000-000c-ffff-ffff00000625"},{"ELEMENT":"00000000-0000-000c-ffff-ffff0000062b","element-6066-11e4-a52e-4f735466cecf":"00000000-0000-000c-ffff-ffff0000062b"},{"ELEMENT":"00000000-0000-000c-ffff-ffff00000631","element-6066-11e4-a52e-4f735466cecf":"00000000-0000-000c-ffff-ffff00000631"},{"ELEMENT":"00000000-0000-000c-ffff-ffff00000637","element-6066-11e4-a52e-4f735466cecf":"00000000-0000-000c-ffff-ffff00000637"},{"ELEMENT":"00000000-0000-000c-ffff-ffff0000063d","element-6066-11e4-a52e-4f735466cecf":"00000000-0000-000c-ffff-ffff0000063d"},{"ELEMENT":"00000000-0000-000c-ffff-ffff00000647","element-6066-11e4-a52e-4f735466cecf":"00000000-0000-000c-ffff-ffff00000647"},{"ELEMENT":"00000000-0000-000c-ffff-ffff0000064d","element-6066-11e4-a52e-4f735466cecf":"00000000-0000-000c-ffff-ffff0000064d"},{"ELEMENT":"00000000-0000-000c-ffff-ffff00000653","element-6066-...
&amp#27;[38;5;32m[AndroidUiautomator2Driver@6457 (32d2a80d)]&amp#27;[0m Responding to client with driver.findElements() result: [{"element-6066-11e4-a52e-4f735466cecf":"00000000-0000-000c-ffff-ffff00000625","ELEMENT":"00000000-0000-000c-ffff-ffff00000625"},{"element-6066-11e4-a52e-4f735466cecf":"00000000-0000-000c-ffff-ffff0000062b","ELEMENT":"00000000-0000-000c-ffff-ffff0000062b"},{"element-6066-11e4-a52e-4f735466cecf":"00000000-0000-000c-ffff-ffff00000631","ELEMENT":"00000000-0000-000c-ffff-ffff00000631"},{"element-6066-11e4-a52e-4f735466cecf":"00000000-0000-000c-ffff-ffff00000637","ELEMENT":"00000000-0000-000c-ffff-ffff00000637"},{"element-6066-11e4-a52e-4f735466cecf":"00000000-0000-000c-ffff-ffff0000063d","ELEMENT":"00000000-0000-000c-ffff-ffff0000063d"},{"element-6066-11e4-a52e-4f735466cecf":"00000000-0000-000c-ffff-ffff00000647","ELEMENT":"00000000-0000-000c-ffff-ffff00000647"},{"element-6066-11e4-a52e-4f735466cecf":"00000000-0000-000c-ffff-ffff0000064d","ELEMENT":"00000000-0000-000c-ffff-ffff0000064d"},{"element-6066-11e4-a52e-4f735466cecf":"00000000-0000-000c-ffff-ffff00000653","ELEMENT":"00000000-0000-000c-ffff-ffff0000065...
&amp#27;[38;5;0m[HTTP]&amp#27;[0m &amp#27;[37m<-- POST /session/32d2a80d-dc78-4f3e-a636-c5413edf6ff7/elements &amp#27;[39m&amp#27;[32m200&amp#27;[39m &amp#27;[90m97 ms - 1291&amp#27;[39m
&amp#27;[38;5;0m[HTTP]&amp#27;[0m &amp#27;[90m&amp#27;[39m
&amp#27;[38;5;0m[HTTP]&amp#27;[0m &amp#27;[37m-->&amp#27;[39m &amp#27;[37mGET&amp#27;[39m &amp#27;[37m/session/32d2a80d-dc78-4f3e-a636-c5413edf6ff7/element/00000000-0000-000c-ffff-ffff0000065f/text&amp#27;[39m
&amp#27;[38;5;0m[HTTP]&amp#27;[0m &amp#27;[90m{}&amp#27;[39m
&amp#27;[38;5;32m[AndroidUiautomator2Driver@6457 (32d2a80d)]&amp#27;[0m Driver proxy active, passing request on via HTTP proxy
&amp#27;[38;5;32m[AndroidUiautomator2Driver@6457 (32d2a80d)]&amp#27;[0m Matched '/session/32d2a80d-dc78-4f3e-a636-c5413edf6ff7/element/00000000-0000-000c-ffff-ffff0000065f/text' to command name 'getText'
&amp#27;[38;5;32m[AndroidUiautomator2Driver@6457 (32d2a80d)]&amp#27;[0m Proxying [GET /session/32d2a80d-dc78-4f3e-a636-c5413edf6ff7/element/00000000-0000-000c-ffff-ffff0000065f/text] to [GET http://127.0.0.1:8200/session/f5e84c71-f4f7-4f8e-aec7-33a82bd27fec/element/00000000-0000-000c-ffff-ffff0000065f/text] with no body
&amp#27;[38;5;32m[AndroidUiautomator2Driver@6457 (32d2a80d)]&amp#27;[0m Got response with status 200: {"sessionId":"f5e84c71-f4f7-4f8e-aec7-33a82bd27fec","value":"3rd Down %"}
&amp#27;[38;5;32m[AndroidUiautomator2Driver@6457 (32d2a80d)]&amp#27;[0m Replacing sessionId f5e84c71-f4f7-4f8e-aec7-33a82bd27fec with 32d2a80d-dc78-4f3e-a636-c5413edf6ff7
&amp#27;[38;5;0m[HTTP]&amp#27;[0m &amp#27;[37m<-- GET /session/32d2a80d-dc78-4f3e-a636-c5413edf6ff7/element/00000000-0000-000c-ffff-ffff0000065f/text &amp#27;[39m&amp#27;[32m200&amp#27;[39m &amp#27;[90m10 ms - 73&amp#27;[39m
&amp#27;[38;5;0m[HTTP]&amp#27;[0m &amp#27;[90m&amp#27;[39m
&amp#27;[38;5;0m[HTTP]&amp#27;[0m &amp#27;[37m-->&amp#27;[39m &amp#27;[37mGET&amp#27;[39m &amp#27;[37m/session/32d2a80d-dc78-4f3e-a636-c5413edf6ff7/context&amp#27;[39m
&amp#27;[38;5;0m[HTTP]&amp#27;[0m &amp#27;[90m{}&amp#27;[39m
&amp#27;[38;5;32m[AndroidUiautomator2Driver@6457 (32d2a80d)]&amp#27;[0m Calling AppiumDriver.getCurrentContext() with args: ["32d2a80d-dc78-4f3e-a636-c5413edf6ff7"]
&amp#27;[38;5;32m[AndroidUiautomator2Driver@6457 (32d2a80d)]&amp#27;[0m Responding to client with driver.getCurrentContext() result: "NATIVE_APP"
&amp#27;[38;5;0m[HTTP]&amp#27;[0m &amp#27;[37m<-- GET /session/32d2a80d-dc78-4f3e-a636-c5413edf6ff7/context &amp#27;[39m&amp#27;[32m200&amp#27;[39m &amp#27;[90m1 ms - 22&amp#27;[39m
&amp#27;[38;5;0m[HTTP]&amp#27;[0m &amp#27;[90m&amp#27;[39m
&amp#27;[38;5;0m[HTTP]&amp#27;[0m &amp#27;[37m-->&amp#27;[39m &amp#27;[37mPOST&amp#27;[39m &amp#27;[37m/session/32d2a80d-dc78-4f3e-a636-c5413edf6ff7/elements&amp#27;[39m
&amp#27;[38;5;0m[HTTP]&amp#27;[0m &amp#27;[90m{"value":"com.fivemobile.thescore:id/text_category_name","using":"id"}&amp#27;[39m
&amp#27;[38;5;32m[AndroidUiautomator2Driver@6457 (32d2a80d)]&amp#27;[0m Calling AppiumDriver.findElements() with args: ["id","com.fivemobile.thescore:id/text_category_name","32d2a80d-dc78-4f3e-a636-c5413edf6ff7"]
&amp#27;[38;5;32m[AndroidUiautomator2Driver@6457 (32d2a80d)]&amp#27;[0m Valid locator strategies for this request: xpath, id, class name, accessibility id, css selector, -android uiautomator
&amp#27;[38;5;32m[AndroidUiautomator2Driver@6457 (32d2a80d)]&amp#27;[0m Waiting up to 10000 ms for condition
&amp#27;[38;5;32m[AndroidUiautomator2Driver@6457 (32d2a80d)]&amp#27;[0m Matched '/elements' to command name 'findElements'
&amp#27;[38;5;32m[AndroidUiautomator2Driver@6457 (32d2a80d)]&amp#27;[0m Proxying [POST /elements] to [POST http://127.0.0.1:8200/session/f5e84c71-f4f7-4f8e-aec7-33a82bd27fec/elements] with body: {"strategy":"id","selector":"com.fivemobile.thescore:id/text_category_name","context":"","multiple":true}
&amp#27;[38;5;32m[AndroidUiautomator2Driver@6457 (32d2a80d)]&amp#27;[0m Got response with status 200: {"sessionId":"f5e84c71-f4f7-4f8e-aec7-33a82bd27fec","value":[{"ELEMENT":"00000000-0000-000c-ffff-ffff00000625","element-6066-11e4-a52e-4f735466cecf":"00000000-0000-000c-ffff-ffff00000625"},{"ELEMENT":"00000000-0000-000c-ffff-ffff0000062b","element-6066-11e4-a52e-4f735466cecf":"00000000-0000-000c-ffff-ffff0000062b"},{"ELEMENT":"00000000-0000-000c-ffff-ffff00000631","element-6066-11e4-a52e-4f735466cecf":"00000000-0000-000c-ffff-ffff00000631"},{"ELEMENT":"00000000-0000-000c-ffff-ffff00000637","element-6066-11e4-a52e-4f735466cecf":"00000000-0000-000c-ffff-ffff00000637"},{"ELEMENT":"00000000-0000-000c-ffff-ffff0000063d","element-6066-11e4-a52e-4f735466cecf":"00000000-0000-000c-ffff-ffff0000063d"},{"ELEMENT":"00000000-0000-000c-ffff-ffff00000647","element-6066-11e4-a52e-4f735466cecf":"00000000-0000-000c-ffff-ffff00000647"},{"ELEMENT":"00000000-0000-000c-ffff-ffff0000064d","element-6066-11e4-a52e-4f735466cecf":"00000000-0000-000c-ffff-ffff0000064d"},{"ELEMENT":"00000000-0000-000c-ffff-ffff00000653","element-6066-...
&amp#27;[38;5;32m[AndroidUiautomator2Driver@6457 (32d2a80d)]&amp#27;[0m Responding to client with driver.findElements() result: [{"element-6066-11e4-a52e-4f735466cecf":"00000000-0000-000c-ffff-ffff00000625","ELEMENT":"00000000-0000-000c-ffff-ffff00000625"},{"element-6066-11e4-a52e-4f735466cecf":"00000000-0000-000c-ffff-ffff0000062b","ELEMENT":"00000000-0000-000c-ffff-ffff0000062b"},{"element-6066-11e4-a52e-4f735466cecf":"00000000-0000-000c-ffff-ffff00000631","ELEMENT":"00000000-0000-000c-ffff-ffff00000631"},{"element-6066-11e4-a52e-4f735466cecf":"00000000-0000-000c-ffff-ffff00000637","ELEMENT":"00000000-0000-000c-ffff-ffff00000637"},{"element-6066-11e4-a52e-4f735466cecf":"00000000-0000-000c-ffff-ffff0000063d","ELEMENT":"00000000-0000-000c-ffff-ffff0000063d"},{"element-6066-11e4-a52e-4f735466cecf":"00000000-0000-000c-ffff-ffff00000647","ELEMENT":"00000000-0000-000c-ffff-ffff00000647"},{"element-6066-11e4-a52e-4f735466cecf":"00000000-0000-000c-ffff-ffff0000064d","ELEMENT":"00000000-0000-000c-ffff-ffff0000064d"},{"element-6066-11e4-a52e-4f735466cecf":"00000000-0000-000c-ffff-ffff00000653","ELEMENT":"00000000-0000-000c-ffff-ffff0000065...
&amp#27;[38;5;0m[HTTP]&amp#27;[0m &amp#27;[37m<-- POST /session/32d2a80d-dc78-4f3e-a636-c5413edf6ff7/elements &amp#27;[39m&amp#27;[32m200&amp#27;[39m &amp#27;[90m97 ms - 1291&amp#27;[39m
&amp#27;[38;5;0m[HTTP]&amp#27;[0m &amp#27;[90m&amp#27;[39m
&amp#27;[38;5;0m[HTTP]&amp#27;[0m &amp#27;[37m-->&amp#27;[39m &amp#27;[37mGET&amp#27;[39m &amp#27;[37m/session/32d2a80d-dc78-4f3e-a636-c5413edf6ff7/element/00000000-0000-000c-ffff-ffff0000065f/text&amp#27;[39m
&amp#27;[38;5;0m[HTTP]&amp#27;[0m &amp#27;[90m{}&amp#27;[39m
&amp#27;[38;5;32m[AndroidUiautomator2Driver@6457 (32d2a80d)]&amp#27;[0m Driver proxy active, passing request on via HTTP proxy
&amp#27;[38;5;32m[AndroidUiautomator2Driver@6457 (32d2a80d)]&amp#27;[0m Matched '/session/32d2a80d-dc78-4f3e-a636-c5413edf6ff7/element/00000000-0000-000c-ffff-ffff0000065f/text' to command name 'getText'
&amp#27;[38;5;32m[AndroidUiautomator2Driver@6457 (32d2a80d)]&amp#27;[0m Proxying [GET /session/32d2a80d-dc78-4f3e-a636-c5413edf6ff7/element/00000000-0000-000c-ffff-ffff0000065f/text] to [GET http://127.0.0.1:8200/session/f5e84c71-f4f7-4f8e-aec7-33a82bd27fec/element/00000000-0000-000c-ffff-ffff0000065f/text] with no body
&amp#27;[38;5;32m[AndroidUiautomator2Driver@6457 (32d2a80d)]&amp#27;[0m Got response with status 200: {"sessionId":"f5e84c71-f4f7-4f8e-aec7-33a82bd27fec","value":"3rd Down %"}
&amp#27;[38;5;32m[AndroidUiautomator2Driver@6457 (32d2a80d)]&amp#27;[0m Replacing sessionId f5e84c71-f4f7-4f8e-aec7-33a82bd27fec with 32d2a80d-dc78-4f3e-a636-c5413edf6ff7
&amp#27;[38;5;0m[HTTP]&amp#27;[0m &amp#27;[37m<-- GET /session/32d2a80d-dc78-4f3e-a636-c5413edf6ff7/element/00000000-0000-000c-ffff-ffff0000065f/text &amp#27;[39m&amp#27;[32m200&amp#27;[39m &amp#27;[90m12 ms - 73&amp#27;[39m
&amp#27;[38;5;0m[HTTP]&amp#27;[0m &amp#27;[90m&amp#27;[39m
&amp#27;[38;5;0m[HTTP]&amp#27;[0m &amp#27;[37m-->&amp#27;[39m &amp#27;[37mGET&amp#27;[39m &amp#27;[37m/session/32d2a80d-dc78-4f3e-a636-c5413edf6ff7/context&amp#27;[39m
&amp#27;[38;5;0m[HTTP]&amp#27;[0m &amp#27;[90m{}&amp#27;[39m
&amp#27;[38;5;32m[AndroidUiautomator2Driver@6457 (32d2a80d)]&amp#27;[0m Calling AppiumDriver.getCurrentContext() with args: ["32d2a80d-dc78-4f3e-a636-c5413edf6ff7"]
&amp#27;[38;5;32m[AndroidUiautomator2Driver@6457 (32d2a80d)]&amp#27;[0m Responding to client with driver.getCurrentContext() result: "NATIVE_APP"
&amp#27;[38;5;0m[HTTP]&amp#27;[0m &amp#27;[37m<-- GET /session/32d2a80d-dc78-4f3e-a636-c5413edf6ff7/context &amp#27;[39m&amp#27;[32m200&amp#27;[39m &amp#27;[90m1 ms - 22&amp#27;[39m
&amp#27;[38;5;0m[HTTP]&amp#27;[0m &amp#27;[90m&amp#27;[39m
&amp#27;[38;5;0m[HTTP]&amp#27;[0m &amp#27;[37m-->&amp#27;[39m &amp#27;[37mPOST&amp#27;[39m &amp#27;[37m/session/32d2a80d-dc78-4f3e-a636-c5413edf6ff7/elements&amp#27;[39m
&amp#27;[38;5;0m[HTTP]&amp#27;[0m &amp#27;[90m{"value":"com.fivemobile.thescore:id/text_category_name","using":"id"}&amp#27;[39m
&amp#27;[38;5;32m[AndroidUiautomator2Driver@6457 (32d2a80d)]&amp#27;[0m Calling AppiumDriver.findElements() with args: ["id","com.fivemobile.thescore:id/text_category_name","32d2a80d-dc78-4f3e-a636-c5413edf6ff7"]
&amp#27;[38;5;32m[AndroidUiautomator2Driver@6457 (32d2a80d)]&amp#27;[0m Valid locator strategies for this request: xpath, id, class name, accessibility id, css selector, -android uiautomator
&amp#27;[38;5;32m[AndroidUiautomator2Driver@6457 (32d2a80d)]&amp#27;[0m Waiting up to 10000 ms for condition
&amp#27;[38;5;32m[AndroidUiautomator2Driver@6457 (32d2a80d)]&amp#27;[0m Matched '/elements' to command name 'findElements'
&amp#27;[38;5;32m[AndroidUiautomator2Driver@6457 (32d2a80d)]&amp#27;[0m Proxying [POST /elements] to [POST http://127.0.0.1:8200/session/f5e84c71-f4f7-4f8e-aec7-33a82bd27fec/elements] with body: {"strategy":"id","selector":"com.fivemobile.thescore:id/text_category_name","context":"","multiple":true}
&amp#27;[38;5;32m[AndroidUiautomator2Driver@6457 (32d2a80d)]&amp#27;[0m Got response with status 200: {"sessionId":"f5e84c71-f4f7-4f8e-aec7-33a82bd27fec","value":[{"ELEMENT":"00000000-0000-000c-ffff-ffff00000625","element-6066-11e4-a52e-4f735466cecf":"00000000-0000-000c-ffff-ffff00000625"},{"ELEMENT":"00000000-0000-000c-ffff-ffff0000062b","element-6066-11e4-a52e-4f735466cecf":"00000000-0000-000c-ffff-ffff0000062b"},{"ELEMENT":"00000000-0000-000c-ffff-ffff00000631","element-6066-11e4-a52e-4f735466cecf":"00000000-0000-000c-ffff-ffff00000631"},{"ELEMENT":"00000000-0000-000c-ffff-ffff00000637","element-6066-11e4-a52e-4f735466cecf":"00000000-0000-000c-ffff-ffff00000637"},{"ELEMENT":"00000000-0000-000c-ffff-ffff0000063d","element-6066-11e4-a52e-4f735466cecf":"00000000-0000-000c-ffff-ffff0000063d"},{"ELEMENT":"00000000-0000-000c-ffff-ffff00000647","element-6066-11e4-a52e-4f735466cecf":"00000000-0000-000c-ffff-ffff00000647"},{"ELEMENT":"00000000-0000-000c-ffff-ffff0000064d","element-6066-11e4-a52e-4f735466cecf":"00000000-0000-000c-ffff-ffff0000064d"},{"ELEMENT":"00000000-0000-000c-ffff-ffff00000653","element-6066-...
&amp#27;[38;5;32m[AndroidUiautomator2Driver@6457 (32d2a80d)]&amp#27;[0m Responding to client with driver.findElements() result: [{"element-6066-11e4-a52e-4f735466cecf":"00000000-0000-000c-ffff-ffff00000625","ELEMENT":"00000000-0000-000c-ffff-ffff00000625"},{"element-6066-11e4-a52e-4f735466cecf":"00000000-0000-000c-ffff-ffff0000062b","ELEMENT":"00000000-0000-000c-ffff-ffff0000062b"},{"element-6066-11e4-a52e-4f735466cecf":"00000000-0000-000c-ffff-ffff00000631","ELEMENT":"00000000-0000-000c-ffff-ffff00000631"},{"element-6066-11e4-a52e-4f735466cecf":"00000000-0000-000c-ffff-ffff00000637","ELEMENT":"00000000-0000-000c-ffff-ffff00000637"},{"element-6066-11e4-a52e-4f735466cecf":"00000000-0000-000c-ffff-ffff0000063d","ELEMENT":"00000000-0000-000c-ffff-ffff0000063d"},{"element-6066-11e4-a52e-4f735466cecf":"00000000-0000-000c-ffff-ffff00000647","ELEMENT":"00000000-0000-000c-ffff-ffff00000647"},{"element-6066-11e4-a52e-4f735466cecf":"00000000-0000-000c-ffff-ffff0000064d","ELEMENT":"00000000-0000-000c-ffff-ffff0000064d"},{"element-6066-11e4-a52e-4f735466cecf":"00000000-0000-000c-ffff-ffff00000653","ELEMENT":"00000000-0000-000c-ffff-ffff0000065...
&amp#27;[38;5;0m[HTTP]&amp#27;[0m &amp#27;[37m<-- POST /session/32d2a80d-dc78-4f3e-a636-c5413edf6ff7/elements &amp#27;[39m&amp#27;[32m200&amp#27;[39m &amp#27;[90m113 ms - 1291&amp#27;[39m
&amp#27;[38;5;0m[HTTP]&amp#27;[0m &amp#27;[90m&amp#27;[39m
&amp#27;[38;5;0m[HTTP]&amp#27;[0m &amp#27;[37m-->&amp#27;[39m &amp#27;[37mGET&amp#27;[39m &amp#27;[37m/session/32d2a80d-dc78-4f3e-a636-c5413edf6ff7/element/00000000-0000-000c-ffff-ffff0000065f/text&amp#27;[39m
&amp#27;[38;5;0m[HTTP]&amp#27;[0m &amp#27;[90m{}&amp#27;[39m
&amp#27;[38;5;32m[AndroidUiautomator2Driver@6457 (32d2a80d)]&amp#27;[0m Driver proxy active, passing request on via HTTP proxy
&amp#27;[38;5;32m[AndroidUiautomator2Driver@6457 (32d2a80d)]&amp#27;[0m Matched '/session/32d2a80d-dc78-4f3e-a636-c5413edf6ff7/element/00000000-0000-000c-ffff-ffff0000065f/text' to command name 'getText'
&amp#27;[38;5;32m[AndroidUiautomator2Driver@6457 (32d2a80d)]&amp#27;[0m Proxying [GET /session/32d2a80d-dc78-4f3e-a636-c5413edf6ff7/element/00000000-0000-000c-ffff-ffff0000065f/text] to [GET http://127.0.0.1:8200/session/f5e84c71-f4f7-4f8e-aec7-33a82bd27fec/element/00000000-0000-000c-ffff-ffff0000065f/text] with no body
&amp#27;[38;5;32m[AndroidUiautomator2Driver@6457 (32d2a80d)]&amp#27;[0m Got response with status 200: {"sessionId":"f5e84c71-f4f7-4f8e-aec7-33a82bd27fec","value":"3rd Down %"}
&amp#27;[38;5;32m[AndroidUiautomator2Driver@6457 (32d2a80d)]&amp#27;[0m Replacing sessionId f5e84c71-f4f7-4f8e-aec7-33a82bd27fec with 32d2a80d-dc78-4f3e-a636-c5413edf6ff7
&amp#27;[38;5;0m[HTTP]&amp#27;[0m &amp#27;[37m<-- GET /session/32d2a80d-dc78-4f3e-a636-c5413edf6ff7/element/00000000-0000-000c-ffff-ffff0000065f/text &amp#27;[39m&amp#27;[32m200&amp#27;[39m &amp#27;[90m11 ms - 73&amp#27;[39m
&amp#27;[38;5;0m[HTTP]&amp#27;[0m &amp#27;[90m&amp#27;[39m
&amp#27;[38;5;0m[HTTP]&amp#27;[0m &amp#27;[37m-->&amp#27;[39m &amp#27;[37mGET&amp#27;[39m &amp#27;[37m/session/32d2a80d-dc78-4f3e-a636-c5413edf6ff7/context&amp#27;[39m
&amp#27;[38;5;0m[HTTP]&amp#27;[0m &amp#27;[90m{}&amp#27;[39m
&amp#27;[38;5;32m[AndroidUiautomator2Driver@6457 (32d2a80d)]&amp#27;[0m Calling AppiumDriver.getCurrentContext() with args: ["32d2a80d-dc78-4f3e-a636-c5413edf6ff7"]
&amp#27;[38;5;32m[AndroidUiautomator2Driver@6457 (32d2a80d)]&amp#27;[0m Responding to client with driver.getCurrentContext() result: "NATIVE_APP"
&amp#27;[38;5;0m[HTTP]&amp#27;[0m &amp#27;[37m<-- GET /session/32d2a80d-dc78-4f3e-a636-c5413edf6ff7/context &amp#27;[39m&amp#27;[32m200&amp#27;[39m &amp#27;[90m1 ms - 22&amp#27;[39m
&amp#27;[38;5;0m[HTTP]&amp#27;[0m &amp#27;[90m&amp#27;[39m
&amp#27;[38;5;0m[HTTP]&amp#27;[0m &amp#27;[37m-->&amp#27;[39m &amp#27;[37mPOST&amp#27;[39m &amp#27;[37m/session/32d2a80d-dc78-4f3e-a636-c5413edf6ff7/elements&amp#27;[39m
&amp#27;[38;5;0m[HTTP]&amp#27;[0m &amp#27;[90m{"value":"com.fivemobile.thescore:id/text_category_name","using":"id"}&amp#27;[39m
&amp#27;[38;5;32m[AndroidUiautomator2Driver@6457 (32d2a80d)]&amp#27;[0m Calling AppiumDriver.findElements() with args: ["id","com.fivemobile.thescore:id/text_category_name","32d2a80d-dc78-4f3e-a636-c5413edf6ff7"]
&amp#27;[38;5;32m[AndroidUiautomator2Driver@6457 (32d2a80d)]&amp#27;[0m Valid locator strategies for this request: xpath, id, class name, accessibility id, css selector, -android uiautomator
&amp#27;[38;5;32m[AndroidUiautomator2Driver@6457 (32d2a80d)]&amp#27;[0m Waiting up to 10000 ms for condition
&amp#27;[38;5;32m[AndroidUiautomator2Driver@6457 (32d2a80d)]&amp#27;[0m Matched '/elements' to command name 'findElements'
&amp#27;[38;5;32m[AndroidUiautomator2Driver@6457 (32d2a80d)]&amp#27;[0m Proxying [POST /elements] to [POST http://127.0.0.1:8200/session/f5e84c71-f4f7-4f8e-aec7-33a82bd27fec/elements] with body: {"strategy":"id","selector":"com.fivemobile.thescore:id/text_category_name","context":"","multiple":true}
&amp#27;[38;5;32m[AndroidUiautomator2Driver@6457 (32d2a80d)]&amp#27;[0m Got response with status 200: {"sessionId":"f5e84c71-f4f7-4f8e-aec7-33a82bd27fec","value":[{"ELEMENT":"00000000-0000-000c-ffff-ffff00000625","element-6066-11e4-a52e-4f735466cecf":"00000000-0000-000c-ffff-ffff00000625"},{"ELEMENT":"00000000-0000-000c-ffff-ffff0000062b","element-6066-11e4-a52e-4f735466cecf":"00000000-0000-000c-ffff-ffff0000062b"},{"ELEMENT":"00000000-0000-000c-ffff-ffff00000631","element-6066-11e4-a52e-4f735466cecf":"00000000-0000-000c-ffff-ffff00000631"},{"ELEMENT":"00000000-0000-000c-ffff-ffff00000637","element-6066-11e4-a52e-4f735466cecf":"00000000-0000-000c-ffff-ffff00000637"},{"ELEMENT":"00000000-0000-000c-ffff-ffff0000063d","element-6066-11e4-a52e-4f735466cecf":"00000000-0000-000c-ffff-ffff0000063d"},{"ELEMENT":"00000000-0000-000c-ffff-ffff00000647","element-6066-11e4-a52e-4f735466cecf":"00000000-0000-000c-ffff-ffff00000647"},{"ELEMENT":"00000000-0000-000c-ffff-ffff0000064d","element-6066-11e4-a52e-4f735466cecf":"00000000-0000-000c-ffff-ffff0000064d"},{"ELEMENT":"00000000-0000-000c-ffff-ffff00000653","element-6066-...
&amp#27;[38;5;32m[AndroidUiautomator2Driver@6457 (32d2a80d)]&amp#27;[0m Responding to client with driver.findElements() result: [{"element-6066-11e4-a52e-4f735466cecf":"00000000-0000-000c-ffff-ffff00000625","ELEMENT":"00000000-0000-000c-ffff-ffff00000625"},{"element-6066-11e4-a52e-4f735466cecf":"00000000-0000-000c-ffff-ffff0000062b","ELEMENT":"00000000-0000-000c-ffff-ffff0000062b"},{"element-6066-11e4-a52e-4f735466cecf":"00000000-0000-000c-ffff-ffff00000631","ELEMENT":"00000000-0000-000c-ffff-ffff00000631"},{"element-6066-11e4-a52e-4f735466cecf":"00000000-0000-000c-ffff-ffff00000637","ELEMENT":"00000000-0000-000c-ffff-ffff00000637"},{"element-6066-11e4-a52e-4f735466cecf":"00000000-0000-000c-ffff-ffff0000063d","ELEMENT":"00000000-0000-000c-ffff-ffff0000063d"},{"element-6066-11e4-a52e-4f735466cecf":"00000000-0000-000c-ffff-ffff00000647","ELEMENT":"00000000-0000-000c-ffff-ffff00000647"},{"element-6066-11e4-a52e-4f735466cecf":"00000000-0000-000c-ffff-ffff0000064d","ELEMENT":"00000000-0000-000c-ffff-ffff0000064d"},{"element-6066-11e4-a52e-4f735466cecf":"00000000-0000-000c-ffff-ffff00000653","ELEMENT":"00000000-0000-000c-ffff-ffff0000065...
&amp#27;[38;5;0m[HTTP]&amp#27;[0m &amp#27;[37m<-- POST /session/32d2a80d-dc78-4f3e-a636-c5413edf6ff7/elements &amp#27;[39m&amp#27;[32m200&amp#27;[39m &amp#27;[90m106 ms - 1291&amp#27;[39m
&amp#27;[38;5;0m[HTTP]&amp#27;[0m &amp#27;[90m&amp#27;[39m
&amp#27;[38;5;0m[HTTP]&amp#27;[0m &amp#27;[37m-->&amp#27;[39m &amp#27;[37mGET&amp#27;[39m &amp#27;[37m/session/32d2a80d-dc78-4f3e-a636-c5413edf6ff7/element/00000000-0000-000c-ffff-ffff0000065f/text&amp#27;[39m
&amp#27;[38;5;0m[HTTP]&amp#27;[0m &amp#27;[90m{}&amp#27;[39m
&amp#27;[38;5;32m[AndroidUiautomator2Driver@6457 (32d2a80d)]&amp#27;[0m Driver proxy active, passing request on via HTTP proxy
&amp#27;[38;5;32m[AndroidUiautomator2Driver@6457 (32d2a80d)]&amp#27;[0m Matched '/session/32d2a80d-dc78-4f3e-a636-c5413edf6ff7/element/00000000-0000-000c-ffff-ffff0000065f/text' to command name 'getText'
&amp#27;[38;5;32m[AndroidUiautomator2Driver@6457 (32d2a80d)]&amp#27;[0m Proxying [GET /session/32d2a80d-dc78-4f3e-a636-c5413edf6ff7/element/00000000-0000-000c-ffff-ffff0000065f/text] to [GET http://127.0.0.1:8200/session/f5e84c71-f4f7-4f8e-aec7-33a82bd27fec/element/00000000-0000-000c-ffff-ffff0000065f/text] with no body
&amp#27;[38;5;32m[AndroidUiautomator2Driver@6457 (32d2a80d)]&amp#27;[0m Got response with status 200: {"sessionId":"f5e84c71-f4f7-4f8e-aec7-33a82bd27fec","value":"3rd Down %"}
&amp#27;[38;5;32m[AndroidUiautomator2Driver@6457 (32d2a80d)]&amp#27;[0m Replacing sessionId f5e84c71-f4f7-4f8e-aec7-33a82bd27fec with 32d2a80d-dc78-4f3e-a636-c5413edf6ff7
&amp#27;[38;5;0m[HTTP]&amp#27;[0m &amp#27;[37m<-- GET /session/32d2a80d-dc78-4f3e-a636-c5413edf6ff7/element/00000000-0000-000c-ffff-ffff0000065f/text &amp#27;[39m&amp#27;[32m200&amp#27;[39m &amp#27;[90m10 ms - 73&amp#27;[39m
&amp#27;[38;5;0m[HTTP]&amp#27;[0m &amp#27;[90m&amp#27;[39m
Text displayed: 3rd Down %
&amp#27;[38;5;0m[HTTP]&amp#27;[0m &amp#27;[37m-->&amp#27;[39m &amp#27;[37mGET&amp#27;[39m &amp#27;[37m/session/32d2a80d-dc78-4f3e-a636-c5413edf6ff7/context&amp#27;[39m
&amp#27;[38;5;0m[HTTP]&amp#27;[0m &amp#27;[90m{}&amp#27;[39m
&amp#27;[38;5;32m[AndroidUiautomator2Driver@6457 (32d2a80d)]&amp#27;[0m Calling AppiumDriver.getCurrentContext() with args: ["32d2a80d-dc78-4f3e-a636-c5413edf6ff7"]
&amp#27;[38;5;32m[AndroidUiautomator2Driver@6457 (32d2a80d)]&amp#27;[0m Responding to client with driver.getCurrentContext() result: "NATIVE_APP"
&amp#27;[38;5;0m[HTTP]&amp#27;[0m &amp#27;[37m<-- GET /session/32d2a80d-dc78-4f3e-a636-c5413edf6ff7/context &amp#27;[39m&amp#27;[32m200&amp#27;[39m &amp#27;[90m1 ms - 22&amp#27;[39m
&amp#27;[38;5;0m[HTTP]&amp#27;[0m &amp#27;[90m&amp#27;[39m
&amp#27;[38;5;0m[HTTP]&amp#27;[0m &amp#27;[37m-->&amp#27;[39m &amp#27;[37mPOST&amp#27;[39m &amp#27;[37m/session/32d2a80d-dc78-4f3e-a636-c5413edf6ff7/elements&amp#27;[39m
&amp#27;[38;5;0m[HTTP]&amp#27;[0m &amp#27;[90m{"value":"com.fivemobile.thescore:id/text_category_name","using":"id"}&amp#27;[39m
&amp#27;[38;5;32m[AndroidUiautomator2Driver@6457 (32d2a80d)]&amp#27;[0m Calling AppiumDriver.findElements() with args: ["id","com.fivemobile.thescore:id/text_category_name","32d2a80d-dc78-4f3e-a636-c5413edf6ff7"]
&amp#27;[38;5;32m[AndroidUiautomator2Driver@6457 (32d2a80d)]&amp#27;[0m Valid locator strategies for this request: xpath, id, class name, accessibility id, css selector, -android uiautomator
&amp#27;[38;5;32m[AndroidUiautomator2Driver@6457 (32d2a80d)]&amp#27;[0m Waiting up to 10000 ms for condition
&amp#27;[38;5;32m[AndroidUiautomator2Driver@6457 (32d2a80d)]&amp#27;[0m Matched '/elements' to command name 'findElements'
&amp#27;[38;5;32m[AndroidUiautomator2Driver@6457 (32d2a80d)]&amp#27;[0m Proxying [POST /elements] to [POST http://127.0.0.1:8200/session/f5e84c71-f4f7-4f8e-aec7-33a82bd27fec/elements] with body: {"strategy":"id","selector":"com.fivemobile.thescore:id/text_category_name","context":"","multiple":true}
&amp#27;[38;5;32m[AndroidUiautomator2Driver@6457 (32d2a80d)]&amp#27;[0m Got response with status 200: {"sessionId":"f5e84c71-f4f7-4f8e-aec7-33a82bd27fec","value":[{"ELEMENT":"00000000-0000-000c-ffff-ffff00000625","element-6066-11e4-a52e-4f735466cecf":"00000000-0000-000c-ffff-ffff00000625"},{"ELEMENT":"00000000-0000-000c-ffff-ffff0000062b","element-6066-11e4-a52e-4f735466cecf":"00000000-0000-000c-ffff-ffff0000062b"},{"ELEMENT":"00000000-0000-000c-ffff-ffff00000631","element-6066-11e4-a52e-4f735466cecf":"00000000-0000-000c-ffff-ffff00000631"},{"ELEMENT":"00000000-0000-000c-ffff-ffff00000637","element-6066-11e4-a52e-4f735466cecf":"00000000-0000-000c-ffff-ffff00000637"},{"ELEMENT":"00000000-0000-000c-ffff-ffff0000063d","element-6066-11e4-a52e-4f735466cecf":"00000000-0000-000c-ffff-ffff0000063d"},{"ELEMENT":"00000000-0000-000c-ffff-ffff00000647","element-6066-11e4-a52e-4f735466cecf":"00000000-0000-000c-ffff-ffff00000647"},{"ELEMENT":"00000000-0000-000c-ffff-ffff0000064d","element-6066-11e4-a52e-4f735466cecf":"00000000-0000-000c-ffff-ffff0000064d"},{"ELEMENT":"00000000-0000-000c-ffff-ffff00000653","element-6066-...
&amp#27;[38;5;32m[AndroidUiautomator2Driver@6457 (32d2a80d)]&amp#27;[0m Responding to client with driver.findElements() result: [{"element-6066-11e4-a52e-4f735466cecf":"00000000-0000-000c-ffff-ffff00000625","ELEMENT":"00000000-0000-000c-ffff-ffff00000625"},{"element-6066-11e4-a52e-4f735466cecf":"00000000-0000-000c-ffff-ffff0000062b","ELEMENT":"00000000-0000-000c-ffff-ffff0000062b"},{"element-6066-11e4-a52e-4f735466cecf":"00000000-0000-000c-ffff-ffff00000631","ELEMENT":"00000000-0000-000c-ffff-ffff00000631"},{"element-6066-11e4-a52e-4f735466cecf":"00000000-0000-000c-ffff-ffff00000637","ELEMENT":"00000000-0000-000c-ffff-ffff00000637"},{"element-6066-11e4-a52e-4f735466cecf":"00000000-0000-000c-ffff-ffff0000063d","ELEMENT":"00000000-0000-000c-ffff-ffff0000063d"},{"element-6066-11e4-a52e-4f735466cecf":"00000000-0000-000c-ffff-ffff00000647","ELEMENT":"00000000-0000-000c-ffff-ffff00000647"},{"element-6066-11e4-a52e-4f735466cecf":"00000000-0000-000c-ffff-ffff0000064d","ELEMENT":"00000000-0000-000c-ffff-ffff0000064d"},{"element-6066-11e4-a52e-4f735466cecf":"00000000-0000-000c-ffff-ffff00000653","ELEMENT":"00000000-0000-000c-ffff-ffff0000065...
&amp#27;[38;5;0m[HTTP]&amp#27;[0m &amp#27;[37m<-- POST /session/32d2a80d-dc78-4f3e-a636-c5413edf6ff7/elements &amp#27;[39m&amp#27;[32m200&amp#27;[39m &amp#27;[90m93 ms - 1291&amp#27;[39m
&amp#27;[38;5;0m[HTTP]&amp#27;[0m &amp#27;[90m&amp#27;[39m
&amp#27;[38;5;0m[HTTP]&amp#27;[0m &amp#27;[37m-->&amp#27;[39m &amp#27;[37mGET&amp#27;[39m &amp#27;[37m/session/32d2a80d-dc78-4f3e-a636-c5413edf6ff7/context&amp#27;[39m
&amp#27;[38;5;0m[HTTP]&amp#27;[0m &amp#27;[90m{}&amp#27;[39m
&amp#27;[38;5;32m[AndroidUiautomator2Driver@6457 (32d2a80d)]&amp#27;[0m Calling AppiumDriver.getCurrentContext() with args: ["32d2a80d-dc78-4f3e-a636-c5413edf6ff7"]
&amp#27;[38;5;32m[AndroidUiautomator2Driver@6457 (32d2a80d)]&amp#27;[0m Responding to client with driver.getCurrentContext() result: "NATIVE_APP"
&amp#27;[38;5;0m[HTTP]&amp#27;[0m &amp#27;[37m<-- GET /session/32d2a80d-dc78-4f3e-a636-c5413edf6ff7/context &amp#27;[39m&amp#27;[32m200&amp#27;[39m &amp#27;[90m1 ms - 22&amp#27;[39m
&amp#27;[38;5;0m[HTTP]&amp#27;[0m &amp#27;[90m&amp#27;[39m
&amp#27;[38;5;0m[HTTP]&amp#27;[0m &amp#27;[37m-->&amp#27;[39m &amp#27;[37mPOST&amp#27;[39m &amp#27;[37m/session/32d2a80d-dc78-4f3e-a636-c5413edf6ff7/elements&amp#27;[39m
&amp#27;[38;5;0m[HTTP]&amp#27;[0m &amp#27;[90m{"value":"com.fivemobile.thescore:id/text_value","using":"id"}&amp#27;[39m
&amp#27;[38;5;32m[AndroidUiautomator2Driver@6457 (32d2a80d)]&amp#27;[0m Calling AppiumDriver.findElements() with args: ["id","com.fivemobile.thescore:id/text_value","32d2a80d-dc78-4f3e-a636-c5413edf6ff7"]
&amp#27;[38;5;32m[AndroidUiautomator2Driver@6457 (32d2a80d)]&amp#27;[0m Valid locator strategies for this request: xpath, id, class name, accessibility id, css selector, -android uiautomator
&amp#27;[38;5;32m[AndroidUiautomator2Driver@6457 (32d2a80d)]&amp#27;[0m Waiting up to 10000 ms for condition
&amp#27;[38;5;32m[AndroidUiautomator2Driver@6457 (32d2a80d)]&amp#27;[0m Matched '/elements' to command name 'findElements'
&amp#27;[38;5;32m[AndroidUiautomator2Driver@6457 (32d2a80d)]&amp#27;[0m Proxying [POST /elements] to [POST http://127.0.0.1:8200/session/f5e84c71-f4f7-4f8e-aec7-33a82bd27fec/elements] with body: {"strategy":"id","selector":"com.fivemobile.thescore:id/text_value","context":"","multiple":true}
&amp#27;[38;5;32m[AndroidUiautomator2Driver@6457 (32d2a80d)]&amp#27;[0m Got response with status 200: {"sessionId":"f5e84c71-f4f7-4f8e-aec7-33a82bd27fec","value":[{"ELEMENT":"00000000-0000-000c-ffff-ffff00000626","element-6066-11e4-a52e-4f735466cecf":"00000000-0000-000c-ffff-ffff00000626"},{"ELEMENT":"00000000-0000-000c-ffff-ffff0000062c","element-6066-11e4-a52e-4f735466cecf":"00000000-0000-000c-ffff-ffff0000062c"},{"ELEMENT":"00000000-0000-000c-ffff-ffff00000632","element-6066-11e4-a52e-4f735466cecf":"00000000-0000-000c-ffff-ffff00000632"},{"ELEMENT":"00000000-0000-000c-ffff-ffff00000638","element-6066-11e4-a52e-4f735466cecf":"00000000-0000-000c-ffff-ffff00000638"},{"ELEMENT":"00000000-0000-000c-ffff-ffff0000063e","element-6066-11e4-a52e-4f735466cecf":"00000000-0000-000c-ffff-ffff0000063e"},{"ELEMENT":"00000000-0000-000c-ffff-ffff00000648","element-6066-11e4-a52e-4f735466cecf":"00000000-0000-000c-ffff-ffff00000648"},{"ELEMENT":"00000000-0000-000c-ffff-ffff0000064e","element-6066-11e4-a52e-4f735466cecf":"00000000-0000-000c-ffff-ffff0000064e"},{"ELEMENT":"00000000-0000-000c-ffff-ffff00000654","element-6066-...
&amp#27;[38;5;32m[AndroidUiautomator2Driver@6457 (32d2a80d)]&amp#27;[0m Responding to client with driver.findElements() result: [{"element-6066-11e4-a52e-4f735466cecf":"00000000-0000-000c-ffff-ffff00000626","ELEMENT":"00000000-0000-000c-ffff-ffff00000626"},{"element-6066-11e4-a52e-4f735466cecf":"00000000-0000-000c-ffff-ffff0000062c","ELEMENT":"00000000-0000-000c-ffff-ffff0000062c"},{"element-6066-11e4-a52e-4f735466cecf":"00000000-0000-000c-ffff-ffff00000632","ELEMENT":"00000000-0000-000c-ffff-ffff00000632"},{"element-6066-11e4-a52e-4f735466cecf":"00000000-0000-000c-ffff-ffff00000638","ELEMENT":"00000000-0000-000c-ffff-ffff00000638"},{"element-6066-11e4-a52e-4f735466cecf":"00000000-0000-000c-ffff-ffff0000063e","ELEMENT":"00000000-0000-000c-ffff-ffff0000063e"},{"element-6066-11e4-a52e-4f735466cecf":"00000000-0000-000c-ffff-ffff00000648","ELEMENT":"00000000-0000-000c-ffff-ffff00000648"},{"element-6066-11e4-a52e-4f735466cecf":"00000000-0000-000c-ffff-ffff0000064e","ELEMENT":"00000000-0000-000c-ffff-ffff0000064e"},{"element-6066-11e4-a52e-4f735466cecf":"00000000-0000-000c-ffff-ffff00000654","ELEMENT":"00000000-0000-000c-ffff-ffff0000065...
&amp#27;[38;5;0m[HTTP]&amp#27;[0m &amp#27;[37m<-- POST /session/32d2a80d-dc78-4f3e-a636-c5413edf6ff7/elements &amp#27;[39m&amp#27;[32m200&amp#27;[39m &amp#27;[90m117 ms - 1291&amp#27;[39m
&amp#27;[38;5;0m[HTTP]&amp#27;[0m &amp#27;[90m&amp#27;[39m
&amp#27;[38;5;0m[HTTP]&amp#27;[0m &amp#27;[37m-->&amp#27;[39m &amp#27;[37mGET&amp#27;[39m &amp#27;[37m/session/32d2a80d-dc78-4f3e-a636-c5413edf6ff7/context&amp#27;[39m
&amp#27;[38;5;0m[HTTP]&amp#27;[0m &amp#27;[90m{}&amp#27;[39m
&amp#27;[38;5;32m[AndroidUiautomator2Driver@6457 (32d2a80d)]&amp#27;[0m Calling AppiumDriver.getCurrentContext() with args: ["32d2a80d-dc78-4f3e-a636-c5413edf6ff7"]
&amp#27;[38;5;32m[AndroidUiautomator2Driver@6457 (32d2a80d)]&amp#27;[0m Responding to client with driver.getCurrentContext() result: "NATIVE_APP"
&amp#27;[38;5;0m[HTTP]&amp#27;[0m &amp#27;[37m<-- GET /session/32d2a80d-dc78-4f3e-a636-c5413edf6ff7/context &amp#27;[39m&amp#27;[32m200&amp#27;[39m &amp#27;[90m1 ms - 22&amp#27;[39m
&amp#27;[38;5;0m[HTTP]&amp#27;[0m &amp#27;[90m&amp#27;[39m
&amp#27;[38;5;0m[HTTP]&amp#27;[0m &amp#27;[37m-->&amp#27;[39m &amp#27;[37mPOST&amp#27;[39m &amp#27;[37m/session/32d2a80d-dc78-4f3e-a636-c5413edf6ff7/elements&amp#27;[39m
&amp#27;[38;5;0m[HTTP]&amp#27;[0m &amp#27;[90m{"value":"com.fivemobile.thescore:id/text_value","using":"id"}&amp#27;[39m
&amp#27;[38;5;32m[AndroidUiautomator2Driver@6457 (32d2a80d)]&amp#27;[0m Calling AppiumDriver.findElements() with args: ["id","com.fivemobile.thescore:id/text_value","32d2a80d-dc78-4f3e-a636-c5413edf6ff7"]
&amp#27;[38;5;32m[AndroidUiautomator2Driver@6457 (32d2a80d)]&amp#27;[0m Valid locator strategies for this request: xpath, id, class name, accessibility id, css selector, -android uiautomator
&amp#27;[38;5;32m[AndroidUiautomator2Driver@6457 (32d2a80d)]&amp#27;[0m Waiting up to 10000 ms for condition
&amp#27;[38;5;32m[AndroidUiautomator2Driver@6457 (32d2a80d)]&amp#27;[0m Matched '/elements' to command name 'findElements'
&amp#27;[38;5;32m[AndroidUiautomator2Driver@6457 (32d2a80d)]&amp#27;[0m Proxying [POST /elements] to [POST http://127.0.0.1:8200/session/f5e84c71-f4f7-4f8e-aec7-33a82bd27fec/elements] with body: {"strategy":"id","selector":"com.fivemobile.thescore:id/text_value","context":"","multiple":true}
&amp#27;[38;5;32m[AndroidUiautomator2Driver@6457 (32d2a80d)]&amp#27;[0m Got response with status 200: {"sessionId":"f5e84c71-f4f7-4f8e-aec7-33a82bd27fec","value":[{"ELEMENT":"00000000-0000-000c-ffff-ffff00000626","element-6066-11e4-a52e-4f735466cecf":"00000000-0000-000c-ffff-ffff00000626"},{"ELEMENT":"00000000-0000-000c-ffff-ffff0000062c","element-6066-11e4-a52e-4f735466cecf":"00000000-0000-000c-ffff-ffff0000062c"},{"ELEMENT":"00000000-0000-000c-ffff-ffff00000632","element-6066-11e4-a52e-4f735466cecf":"00000000-0000-000c-ffff-ffff00000632"},{"ELEMENT":"00000000-0000-000c-ffff-ffff00000638","element-6066-11e4-a52e-4f735466cecf":"00000000-0000-000c-ffff-ffff00000638"},{"ELEMENT":"00000000-0000-000c-ffff-ffff0000063e","element-6066-11e4-a52e-4f735466cecf":"00000000-0000-000c-ffff-ffff0000063e"},{"ELEMENT":"00000000-0000-000c-ffff-ffff00000648","element-6066-11e4-a52e-4f735466cecf":"00000000-0000-000c-ffff-ffff00000648"},{"ELEMENT":"00000000-0000-000c-ffff-ffff0000064e","element-6066-11e4-a52e-4f735466cecf":"00000000-0000-000c-ffff-ffff0000064e"},{"ELEMENT":"00000000-0000-000c-ffff-ffff00000654","element-6066-...
&amp#27;[38;5;32m[AndroidUiautomator2Driver@6457 (32d2a80d)]&amp#27;[0m Responding to client with driver.findElements() result: [{"element-6066-11e4-a52e-4f735466cecf":"00000000-0000-000c-ffff-ffff00000626","ELEMENT":"00000000-0000-000c-ffff-ffff00000626"},{"element-6066-11e4-a52e-4f735466cecf":"00000000-0000-000c-ffff-ffff0000062c","ELEMENT":"00000000-0000-000c-ffff-ffff0000062c"},{"element-6066-11e4-a52e-4f735466cecf":"00000000-0000-000c-ffff-ffff00000632","ELEMENT":"00000000-0000-000c-ffff-ffff00000632"},{"element-6066-11e4-a52e-4f735466cecf":"00000000-0000-000c-ffff-ffff00000638","ELEMENT":"00000000-0000-000c-ffff-ffff00000638"},{"element-6066-11e4-a52e-4f735466cecf":"00000000-0000-000c-ffff-ffff0000063e","ELEMENT":"00000000-0000-000c-ffff-ffff0000063e"},{"element-6066-11e4-a52e-4f735466cecf":"00000000-0000-000c-ffff-ffff00000648","ELEMENT":"00000000-0000-000c-ffff-ffff00000648"},{"element-6066-11e4-a52e-4f735466cecf":"00000000-0000-000c-ffff-ffff0000064e","ELEMENT":"00000000-0000-000c-ffff-ffff0000064e"},{"element-6066-11e4-a52e-4f735466cecf":"00000000-0000-000c-ffff-ffff00000654","ELEMENT":"00000000-0000-000c-ffff-ffff0000065...
&amp#27;[38;5;0m[HTTP]&amp#27;[0m &amp#27;[37m<-- POST /session/32d2a80d-dc78-4f3e-a636-c5413edf6ff7/elements &amp#27;[39m&amp#27;[32m200&amp#27;[39m &amp#27;[90m114 ms - 1291&amp#27;[39m
&amp#27;[38;5;0m[HTTP]&amp#27;[0m &amp#27;[90m&amp#27;[39m
&amp#27;[38;5;0m[HTTP]&amp#27;[0m &amp#27;[37m-->&amp#27;[39m &amp#27;[37mGET&amp#27;[39m &amp#27;[37m/session/32d2a80d-dc78-4f3e-a636-c5413edf6ff7/element/00000000-0000-000c-ffff-ffff00000626/displayed&amp#27;[39m
&amp#27;[38;5;0m[HTTP]&amp#27;[0m &amp#27;[90m{}&amp#27;[39m
&amp#27;[38;5;32m[AndroidUiautomator2Driver@6457 (32d2a80d)]&amp#27;[0m Calling AppiumDriver.elementDisplayed() with args: ["00000000-0000-000c-ffff-ffff00000626","32d2a80d-dc78-4f3e-a636-c5413edf6ff7"]
&amp#27;[38;5;32m[AndroidUiautomator2Driver@6457 (32d2a80d)]&amp#27;[0m Matched '/element/00000000-0000-000c-ffff-ffff00000626/attribute/displayed' to command name 'getAttribute'
&amp#27;[38;5;32m[AndroidUiautomator2Driver@6457 (32d2a80d)]&amp#27;[0m Proxying [GET /element/00000000-0000-000c-ffff-ffff00000626/attribute/displayed] to [GET http://127.0.0.1:8200/session/f5e84c71-f4f7-4f8e-aec7-33a82bd27fec/element/00000000-0000-000c-ffff-ffff00000626/attribute/displayed] with no body
&amp#27;[38;5;32m[AndroidUiautomator2Driver@6457 (32d2a80d)]&amp#27;[0m Got response with status 200: {"sessionId":"f5e84c71-f4f7-4f8e-aec7-33a82bd27fec","value":"true"}
&amp#27;[38;5;32m[AndroidUiautomator2Driver@6457 (32d2a80d)]&amp#27;[0m Responding to client with driver.elementDisplayed() result: true
&amp#27;[38;5;0m[HTTP]&amp#27;[0m &amp#27;[37m<-- GET /session/32d2a80d-dc78-4f3e-a636-c5413edf6ff7/element/00000000-0000-000c-ffff-ffff00000626/displayed &amp#27;[39m&amp#27;[32m200&amp#27;[39m &amp#27;[90m10 ms - 14&amp#27;[39m
&amp#27;[38;5;0m[HTTP]&amp#27;[0m &amp#27;[90m&amp#27;[39m
&amp#27;[38;5;0m[HTTP]&amp#27;[0m &amp#27;[37m-->&amp#27;[39m &amp#27;[37mGET&amp#27;[39m &amp#27;[37m/session/32d2a80d-dc78-4f3e-a636-c5413edf6ff7/context&amp#27;[39m
&amp#27;[38;5;0m[HTTP]&amp#27;[0m &amp#27;[90m{}&amp#27;[39m
&amp#27;[38;5;32m[AndroidUiautomator2Driver@6457 (32d2a80d)]&amp#27;[0m Calling AppiumDriver.getCurrentContext() with args: ["32d2a80d-dc78-4f3e-a636-c5413edf6ff7"]
&amp#27;[38;5;32m[AndroidUiautomator2Driver@6457 (32d2a80d)]&amp#27;[0m Responding to client with driver.getCurrentContext() result: "NATIVE_APP"
&amp#27;[38;5;0m[HTTP]&amp#27;[0m &amp#27;[37m<-- GET /session/32d2a80d-dc78-4f3e-a636-c5413edf6ff7/context &amp#27;[39m&amp#27;[32m200&amp#27;[39m &amp#27;[90m0 ms - 22&amp#27;[39m
&amp#27;[38;5;0m[HTTP]&amp#27;[0m &amp#27;[90m&amp#27;[39m
&amp#27;[38;5;0m[HTTP]&amp#27;[0m &amp#27;[37m-->&amp#27;[39m &amp#27;[37mPOST&amp#27;[39m &amp#27;[37m/session/32d2a80d-dc78-4f3e-a636-c5413edf6ff7/elements&amp#27;[39m
&amp#27;[38;5;0m[HTTP]&amp#27;[0m &amp#27;[90m{"value":"com.fivemobile.thescore:id/text_value","using":"id"}&amp#27;[39m
&amp#27;[38;5;32m[AndroidUiautomator2Driver@6457 (32d2a80d)]&amp#27;[0m Calling AppiumDriver.findElements() with args: ["id","com.fivemobile.thescore:id/text_value","32d2a80d-dc78-4f3e-a636-c5413edf6ff7"]
&amp#27;[38;5;32m[AndroidUiautomator2Driver@6457 (32d2a80d)]&amp#27;[0m Valid locator strategies for this request: xpath, id, class name, accessibility id, css selector, -android uiautomator
&amp#27;[38;5;32m[AndroidUiautomator2Driver@6457 (32d2a80d)]&amp#27;[0m Waiting up to 10000 ms for condition
&amp#27;[38;5;32m[AndroidUiautomator2Driver@6457 (32d2a80d)]&amp#27;[0m Matched '/elements' to command name 'findElements'
&amp#27;[38;5;32m[AndroidUiautomator2Driver@6457 (32d2a80d)]&amp#27;[0m Proxying [POST /elements] to [POST http://127.0.0.1:8200/session/f5e84c71-f4f7-4f8e-aec7-33a82bd27fec/elements] with body: {"strategy":"id","selector":"com.fivemobile.thescore:id/text_value","context":"","multiple":true}
&amp#27;[38;5;32m[AndroidUiautomator2Driver@6457 (32d2a80d)]&amp#27;[0m Got response with status 200: {"sessionId":"f5e84c71-f4f7-4f8e-aec7-33a82bd27fec","value":[{"ELEMENT":"00000000-0000-000c-ffff-ffff00000626","element-6066-11e4-a52e-4f735466cecf":"00000000-0000-000c-ffff-ffff00000626"},{"ELEMENT":"00000000-0000-000c-ffff-ffff0000062c","element-6066-11e4-a52e-4f735466cecf":"00000000-0000-000c-ffff-ffff0000062c"},{"ELEMENT":"00000000-0000-000c-ffff-ffff00000632","element-6066-11e4-a52e-4f735466cecf":"00000000-0000-000c-ffff-ffff00000632"},{"ELEMENT":"00000000-0000-000c-ffff-ffff00000638","element-6066-11e4-a52e-4f735466cecf":"00000000-0000-000c-ffff-ffff00000638"},{"ELEMENT":"00000000-0000-000c-ffff-ffff0000063e","element-6066-11e4-a52e-4f735466cecf":"00000000-0000-000c-ffff-ffff0000063e"},{"ELEMENT":"00000000-0000-000c-ffff-ffff00000648","element-6066-11e4-a52e-4f735466cecf":"00000000-0000-000c-ffff-ffff00000648"},{"ELEMENT":"00000000-0000-000c-ffff-ffff0000064e","element-6066-11e4-a52e-4f735466cecf":"00000000-0000-000c-ffff-ffff0000064e"},{"ELEMENT":"00000000-0000-000c-ffff-ffff00000654","element-6066-...
&amp#27;[38;5;32m[AndroidUiautomator2Driver@6457 (32d2a80d)]&amp#27;[0m Responding to client with driver.findElements() result: [{"element-6066-11e4-a52e-4f735466cecf":"00000000-0000-000c-ffff-ffff00000626","ELEMENT":"00000000-0000-000c-ffff-ffff00000626"},{"element-6066-11e4-a52e-4f735466cecf":"00000000-0000-000c-ffff-ffff0000062c","ELEMENT":"00000000-0000-000c-ffff-ffff0000062c"},{"element-6066-11e4-a52e-4f735466cecf":"00000000-0000-000c-ffff-ffff00000632","ELEMENT":"00000000-0000-000c-ffff-ffff00000632"},{"element-6066-11e4-a52e-4f735466cecf":"00000000-0000-000c-ffff-ffff00000638","ELEMENT":"00000000-0000-000c-ffff-ffff00000638"},{"element-6066-11e4-a52e-4f735466cecf":"00000000-0000-000c-ffff-ffff0000063e","ELEMENT":"00000000-0000-000c-ffff-ffff0000063e"},{"element-6066-11e4-a52e-4f735466cecf":"00000000-0000-000c-ffff-ffff00000648","ELEMENT":"00000000-0000-000c-ffff-ffff00000648"},{"element-6066-11e4-a52e-4f735466cecf":"00000000-0000-000c-ffff-ffff0000064e","ELEMENT":"00000000-0000-000c-ffff-ffff0000064e"},{"element-6066-11e4-a52e-4f735466cecf":"00000000-0000-000c-ffff-ffff00000654","ELEMENT":"00000000-0000-000c-ffff-ffff0000065...
&amp#27;[38;5;0m[HTTP]&amp#27;[0m &amp#27;[37m<-- POST /session/32d2a80d-dc78-4f3e-a636-c5413edf6ff7/elements &amp#27;[39m&amp#27;[32m200&amp#27;[39m &amp#27;[90m104 ms - 1291&amp#27;[39m
&amp#27;[38;5;0m[HTTP]&amp#27;[0m &amp#27;[90m&amp#27;[39m
&amp#27;[38;5;0m[HTTP]&amp#27;[0m &amp#27;[37m-->&amp#27;[39m &amp#27;[37mGET&amp#27;[39m &amp#27;[37m/session/32d2a80d-dc78-4f3e-a636-c5413edf6ff7/context&amp#27;[39m
&amp#27;[38;5;0m[HTTP]&amp#27;[0m &amp#27;[90m{}&amp#27;[39m
&amp#27;[38;5;32m[AndroidUiautomator2Driver@6457 (32d2a80d)]&amp#27;[0m Calling AppiumDriver.getCurrentContext() with args: ["32d2a80d-dc78-4f3e-a636-c5413edf6ff7"]
&amp#27;[38;5;32m[AndroidUiautomator2Driver@6457 (32d2a80d)]&amp#27;[0m Responding to client with driver.getCurrentContext() result: "NATIVE_APP"
&amp#27;[38;5;0m[HTTP]&amp#27;[0m &amp#27;[37m<-- GET /session/32d2a80d-dc78-4f3e-a636-c5413edf6ff7/context &amp#27;[39m&amp#27;[32m200&amp#27;[39m &amp#27;[90m1 ms - 22&amp#27;[39m
&amp#27;[38;5;0m[HTTP]&amp#27;[0m &amp#27;[90m&amp#27;[39m
&amp#27;[38;5;0m[HTTP]&amp#27;[0m &amp#27;[37m-->&amp#27;[39m &amp#27;[37mPOST&amp#27;[39m &amp#27;[37m/session/32d2a80d-dc78-4f3e-a636-c5413edf6ff7/elements&amp#27;[39m
&amp#27;[38;5;0m[HTTP]&amp#27;[0m &amp#27;[90m{"value":"com.fivemobile.thescore:id/text_value","using":"id"}&amp#27;[39m
&amp#27;[38;5;32m[AndroidUiautomator2Driver@6457 (32d2a80d)]&amp#27;[0m Calling AppiumDriver.findElements() with args: ["id","com.fivemobile.thescore:id/text_value","32d2a80d-dc78-4f3e-a636-c5413edf6ff7"]
&amp#27;[38;5;32m[AndroidUiautomator2Driver@6457 (32d2a80d)]&amp#27;[0m Valid locator strategies for this request: xpath, id, class name, accessibility id, css selector, -android uiautomator
&amp#27;[38;5;32m[AndroidUiautomator2Driver@6457 (32d2a80d)]&amp#27;[0m Waiting up to 10000 ms for condition
&amp#27;[38;5;32m[AndroidUiautomator2Driver@6457 (32d2a80d)]&amp#27;[0m Matched '/elements' to command name 'findElements'
&amp#27;[38;5;32m[AndroidUiautomator2Driver@6457 (32d2a80d)]&amp#27;[0m Proxying [POST /elements] to [POST http://127.0.0.1:8200/session/f5e84c71-f4f7-4f8e-aec7-33a82bd27fec/elements] with body: {"strategy":"id","selector":"com.fivemobile.thescore:id/text_value","context":"","multiple":true}
&amp#27;[38;5;32m[AndroidUiautomator2Driver@6457 (32d2a80d)]&amp#27;[0m Got response with status 200: {"sessionId":"f5e84c71-f4f7-4f8e-aec7-33a82bd27fec","value":[{"ELEMENT":"00000000-0000-000c-ffff-ffff00000626","element-6066-11e4-a52e-4f735466cecf":"00000000-0000-000c-ffff-ffff00000626"},{"ELEMENT":"00000000-0000-000c-ffff-ffff0000062c","element-6066-11e4-a52e-4f735466cecf":"00000000-0000-000c-ffff-ffff0000062c"},{"ELEMENT":"00000000-0000-000c-ffff-ffff00000632","element-6066-11e4-a52e-4f735466cecf":"00000000-0000-000c-ffff-ffff00000632"},{"ELEMENT":"00000000-0000-000c-ffff-ffff00000638","element-6066-11e4-a52e-4f735466cecf":"00000000-0000-000c-ffff-ffff00000638"},{"ELEMENT":"00000000-0000-000c-ffff-ffff0000063e","element-6066-11e4-a52e-4f735466cecf":"00000000-0000-000c-ffff-ffff0000063e"},{"ELEMENT":"00000000-0000-000c-ffff-ffff00000648","element-6066-11e4-a52e-4f735466cecf":"00000000-0000-000c-ffff-ffff00000648"},{"ELEMENT":"00000000-0000-000c-ffff-ffff0000064e","element-6066-11e4-a52e-4f735466cecf":"00000000-0000-000c-ffff-ffff0000064e"},{"ELEMENT":"00000000-0000-000c-ffff-ffff00000654","element-6066-...
&amp#27;[38;5;32m[AndroidUiautomator2Driver@6457 (32d2a80d)]&amp#27;[0m Responding to client with driver.findElements() result: [{"element-6066-11e4-a52e-4f735466cecf":"00000000-0000-000c-ffff-ffff00000626","ELEMENT":"00000000-0000-000c-ffff-ffff00000626"},{"element-6066-11e4-a52e-4f735466cecf":"00000000-0000-000c-ffff-ffff0000062c","ELEMENT":"00000000-0000-000c-ffff-ffff0000062c"},{"element-6066-11e4-a52e-4f735466cecf":"00000000-0000-000c-ffff-ffff00000632","ELEMENT":"00000000-0000-000c-ffff-ffff00000632"},{"element-6066-11e4-a52e-4f735466cecf":"00000000-0000-000c-ffff-ffff00000638","ELEMENT":"00000000-0000-000c-ffff-ffff00000638"},{"element-6066-11e4-a52e-4f735466cecf":"00000000-0000-000c-ffff-ffff0000063e","ELEMENT":"00000000-0000-000c-ffff-ffff0000063e"},{"element-6066-11e4-a52e-4f735466cecf":"00000000-0000-000c-ffff-ffff00000648","ELEMENT":"00000000-0000-000c-ffff-ffff00000648"},{"element-6066-11e4-a52e-4f735466cecf":"00000000-0000-000c-ffff-ffff0000064e","ELEMENT":"00000000-0000-000c-ffff-ffff0000064e"},{"element-6066-11e4-a52e-4f735466cecf":"00000000-0000-000c-ffff-ffff00000654","ELEMENT":"00000000-0000-000c-ffff-ffff0000065...
&amp#27;[38;5;0m[HTTP]&amp#27;[0m &amp#27;[37m<-- POST /session/32d2a80d-dc78-4f3e-a636-c5413edf6ff7/elements &amp#27;[39m&amp#27;[32m200&amp#27;[39m &amp#27;[90m97 ms - 1291&amp#27;[39m
&amp#27;[38;5;0m[HTTP]&amp#27;[0m &amp#27;[90m&amp#27;[39m
&amp#27;[38;5;0m[HTTP]&amp#27;[0m &amp#27;[37m-->&amp#27;[39m &amp#27;[37mGET&amp#27;[39m &amp#27;[37m/session/32d2a80d-dc78-4f3e-a636-c5413edf6ff7/element/00000000-0000-000c-ffff-ffff0000062c/displayed&amp#27;[39m
&amp#27;[38;5;0m[HTTP]&amp#27;[0m &amp#27;[90m{}&amp#27;[39m
&amp#27;[38;5;32m[AndroidUiautomator2Driver@6457 (32d2a80d)]&amp#27;[0m Calling AppiumDriver.elementDisplayed() with args: ["00000000-0000-000c-ffff-ffff0000062c","32d2a80d-dc78-4f3e-a636-c5413edf6ff7"]
&amp#27;[38;5;32m[AndroidUiautomator2Driver@6457 (32d2a80d)]&amp#27;[0m Matched '/element/00000000-0000-000c-ffff-ffff0000062c/attribute/displayed' to command name 'getAttribute'
&amp#27;[38;5;32m[AndroidUiautomator2Driver@6457 (32d2a80d)]&amp#27;[0m Proxying [GET /element/00000000-0000-000c-ffff-ffff0000062c/attribute/displayed] to [GET http://127.0.0.1:8200/session/f5e84c71-f4f7-4f8e-aec7-33a82bd27fec/element/00000000-0000-000c-ffff-ffff0000062c/attribute/displayed] with no body
&amp#27;[38;5;32m[AndroidUiautomator2Driver@6457 (32d2a80d)]&amp#27;[0m Got response with status 200: {"sessionId":"f5e84c71-f4f7-4f8e-aec7-33a82bd27fec","value":"true"}
&amp#27;[38;5;32m[AndroidUiautomator2Driver@6457 (32d2a80d)]&amp#27;[0m Responding to client with driver.elementDisplayed() result: true
&amp#27;[38;5;0m[HTTP]&amp#27;[0m &amp#27;[37m<-- GET /session/32d2a80d-dc78-4f3e-a636-c5413edf6ff7/element/00000000-0000-000c-ffff-ffff0000062c/displayed &amp#27;[39m&amp#27;[32m200&amp#27;[39m &amp#27;[90m10 ms - 14&amp#27;[39m
&amp#27;[38;5;0m[HTTP]&amp#27;[0m &amp#27;[90m&amp#27;[39m
&amp#27;[38;5;0m[HTTP]&amp#27;[0m &amp#27;[37m-->&amp#27;[39m &amp#27;[37mGET&amp#27;[39m &amp#27;[37m/session/32d2a80d-dc78-4f3e-a636-c5413edf6ff7/context&amp#27;[39m
&amp#27;[38;5;0m[HTTP]&amp#27;[0m &amp#27;[90m{}&amp#27;[39m
&amp#27;[38;5;32m[AndroidUiautomator2Driver@6457 (32d2a80d)]&amp#27;[0m Calling AppiumDriver.getCurrentContext() with args: ["32d2a80d-dc78-4f3e-a636-c5413edf6ff7"]
&amp#27;[38;5;32m[AndroidUiautomator2Driver@6457 (32d2a80d)]&amp#27;[0m Responding to client with driver.getCurrentContext() result: "NATIVE_APP"
&amp#27;[38;5;0m[HTTP]&amp#27;[0m &amp#27;[37m<-- GET /session/32d2a80d-dc78-4f3e-a636-c5413edf6ff7/context &amp#27;[39m&amp#27;[32m200&amp#27;[39m &amp#27;[90m1 ms - 22&amp#27;[39m
&amp#27;[38;5;0m[HTTP]&amp#27;[0m &amp#27;[90m&amp#27;[39m
&amp#27;[38;5;0m[HTTP]&amp#27;[0m &amp#27;[37m-->&amp#27;[39m &amp#27;[37mPOST&amp#27;[39m &amp#27;[37m/session/32d2a80d-dc78-4f3e-a636-c5413edf6ff7/elements&amp#27;[39m
&amp#27;[38;5;0m[HTTP]&amp#27;[0m &amp#27;[90m{"value":"com.fivemobile.thescore:id/text_value","using":"id"}&amp#27;[39m
&amp#27;[38;5;32m[AndroidUiautomator2Driver@6457 (32d2a80d)]&amp#27;[0m Calling AppiumDriver.findElements() with args: ["id","com.fivemobile.thescore:id/text_value","32d2a80d-dc78-4f3e-a636-c5413edf6ff7"]
&amp#27;[38;5;32m[AndroidUiautomator2Driver@6457 (32d2a80d)]&amp#27;[0m Valid locator strategies for this request: xpath, id, class name, accessibility id, css selector, -android uiautomator
&amp#27;[38;5;32m[AndroidUiautomator2Driver@6457 (32d2a80d)]&amp#27;[0m Waiting up to 10000 ms for condition
&amp#27;[38;5;32m[AndroidUiautomator2Driver@6457 (32d2a80d)]&amp#27;[0m Matched '/elements' to command name 'findElements'
&amp#27;[38;5;32m[AndroidUiautomator2Driver@6457 (32d2a80d)]&amp#27;[0m Proxying [POST /elements] to [POST http://127.0.0.1:8200/session/f5e84c71-f4f7-4f8e-aec7-33a82bd27fec/elements] with body: {"strategy":"id","selector":"com.fivemobile.thescore:id/text_value","context":"","multiple":true}
&amp#27;[38;5;32m[AndroidUiautomator2Driver@6457 (32d2a80d)]&amp#27;[0m Got response with status 200: {"sessionId":"f5e84c71-f4f7-4f8e-aec7-33a82bd27fec","value":[{"ELEMENT":"00000000-0000-000c-ffff-ffff00000626","element-6066-11e4-a52e-4f735466cecf":"00000000-0000-000c-ffff-ffff00000626"},{"ELEMENT":"00000000-0000-000c-ffff-ffff0000062c","element-6066-11e4-a52e-4f735466cecf":"00000000-0000-000c-ffff-ffff0000062c"},{"ELEMENT":"00000000-0000-000c-ffff-ffff00000632","element-6066-11e4-a52e-4f735466cecf":"00000000-0000-000c-ffff-ffff00000632"},{"ELEMENT":"00000000-0000-000c-ffff-ffff00000638","element-6066-11e4-a52e-4f735466cecf":"00000000-0000-000c-ffff-ffff00000638"},{"ELEMENT":"00000000-0000-000c-ffff-ffff0000063e","element-6066-11e4-a52e-4f735466cecf":"00000000-0000-000c-ffff-ffff0000063e"},{"ELEMENT":"00000000-0000-000c-ffff-ffff00000648","element-6066-11e4-a52e-4f735466cecf":"00000000-0000-000c-ffff-ffff00000648"},{"ELEMENT":"00000000-0000-000c-ffff-ffff0000064e","element-6066-11e4-a52e-4f735466cecf":"00000000-0000-000c-ffff-ffff0000064e"},{"ELEMENT":"00000000-0000-000c-ffff-ffff00000654","element-6066-...
&amp#27;[38;5;32m[AndroidUiautomator2Driver@6457 (32d2a80d)]&amp#27;[0m Responding to client with driver.findElements() result: [{"element-6066-11e4-a52e-4f735466cecf":"00000000-0000-000c-ffff-ffff00000626","ELEMENT":"00000000-0000-000c-ffff-ffff00000626"},{"element-6066-11e4-a52e-4f735466cecf":"00000000-0000-000c-ffff-ffff0000062c","ELEMENT":"00000000-0000-000c-ffff-ffff0000062c"},{"element-6066-11e4-a52e-4f735466cecf":"00000000-0000-000c-ffff-ffff00000632","ELEMENT":"00000000-0000-000c-ffff-ffff00000632"},{"element-6066-11e4-a52e-4f735466cecf":"00000000-0000-000c-ffff-ffff00000638","ELEMENT":"00000000-0000-000c-ffff-ffff00000638"},{"element-6066-11e4-a52e-4f735466cecf":"00000000-0000-000c-ffff-ffff0000063e","ELEMENT":"00000000-0000-000c-ffff-ffff0000063e"},{"element-6066-11e4-a52e-4f735466cecf":"00000000-0000-000c-ffff-ffff00000648","ELEMENT":"00000000-0000-000c-ffff-ffff00000648"},{"element-6066-11e4-a52e-4f735466cecf":"00000000-0000-000c-ffff-ffff0000064e","ELEMENT":"00000000-0000-000c-ffff-ffff0000064e"},{"element-6066-11e4-a52e-4f735466cecf":"00000000-0000-000c-ffff-ffff00000654","ELEMENT":"00000000-0000-000c-ffff-ffff0000065...
&amp#27;[38;5;0m[HTTP]&amp#27;[0m &amp#27;[37m<-- POST /session/32d2a80d-dc78-4f3e-a636-c5413edf6ff7/elements &amp#27;[39m&amp#27;[32m200&amp#27;[39m &amp#27;[90m104 ms - 1291&amp#27;[39m
&amp#27;[38;5;0m[HTTP]&amp#27;[0m &amp#27;[90m&amp#27;[39m
&amp#27;[38;5;0m[HTTP]&amp#27;[0m &amp#27;[37m-->&amp#27;[39m &amp#27;[37mGET&amp#27;[39m &amp#27;[37m/session/32d2a80d-dc78-4f3e-a636-c5413edf6ff7/context&amp#27;[39m
&amp#27;[38;5;0m[HTTP]&amp#27;[0m &amp#27;[90m{}&amp#27;[39m
&amp#27;[38;5;32m[AndroidUiautomator2Driver@6457 (32d2a80d)]&amp#27;[0m Calling AppiumDriver.getCurrentContext() with args: ["32d2a80d-dc78-4f3e-a636-c5413edf6ff7"]
&amp#27;[38;5;32m[AndroidUiautomator2Driver@6457 (32d2a80d)]&amp#27;[0m Responding to client with driver.getCurrentContext() result: "NATIVE_APP"
&amp#27;[38;5;0m[HTTP]&amp#27;[0m &amp#27;[37m<-- GET /session/32d2a80d-dc78-4f3e-a636-c5413edf6ff7/context &amp#27;[39m&amp#27;[32m200&amp#27;[39m &amp#27;[90m0 ms - 22&amp#27;[39m
&amp#27;[38;5;0m[HTTP]&amp#27;[0m &amp#27;[90m&amp#27;[39m
&amp#27;[38;5;0m[HTTP]&amp#27;[0m &amp#27;[37m-->&amp#27;[39m &amp#27;[37mPOST&amp#27;[39m &amp#27;[37m/session/32d2a80d-dc78-4f3e-a636-c5413edf6ff7/elements&amp#27;[39m
&amp#27;[38;5;0m[HTTP]&amp#27;[0m &amp#27;[90m{"value":"com.fivemobile.thescore:id/text_value","using":"id"}&amp#27;[39m
&amp#27;[38;5;32m[AndroidUiautomator2Driver@6457 (32d2a80d)]&amp#27;[0m Calling AppiumDriver.findElements() with args: ["id","com.fivemobile.thescore:id/text_value","32d2a80d-dc78-4f3e-a636-c5413edf6ff7"]
&amp#27;[38;5;32m[AndroidUiautomator2Driver@6457 (32d2a80d)]&amp#27;[0m Valid locator strategies for this request: xpath, id, class name, accessibility id, css selector, -android uiautomator
&amp#27;[38;5;32m[AndroidUiautomator2Driver@6457 (32d2a80d)]&amp#27;[0m Waiting up to 10000 ms for condition
&amp#27;[38;5;32m[AndroidUiautomator2Driver@6457 (32d2a80d)]&amp#27;[0m Matched '/elements' to command name 'findElements'
&amp#27;[38;5;32m[AndroidUiautomator2Driver@6457 (32d2a80d)]&amp#27;[0m Proxying [POST /elements] to [POST http://127.0.0.1:8200/session/f5e84c71-f4f7-4f8e-aec7-33a82bd27fec/elements] with body: {"strategy":"id","selector":"com.fivemobile.thescore:id/text_value","context":"","multiple":true}
&amp#27;[38;5;32m[AndroidUiautomator2Driver@6457 (32d2a80d)]&amp#27;[0m Got response with status 200: {"sessionId":"f5e84c71-f4f7-4f8e-aec7-33a82bd27fec","value":[{"ELEMENT":"00000000-0000-000c-ffff-ffff00000626","element-6066-11e4-a52e-4f735466cecf":"00000000-0000-000c-ffff-ffff00000626"},{"ELEMENT":"00000000-0000-000c-ffff-ffff0000062c","element-6066-11e4-a52e-4f735466cecf":"00000000-0000-000c-ffff-ffff0000062c"},{"ELEMENT":"00000000-0000-000c-ffff-ffff00000632","element-6066-11e4-a52e-4f735466cecf":"00000000-0000-000c-ffff-ffff00000632"},{"ELEMENT":"00000000-0000-000c-ffff-ffff00000638","element-6066-11e4-a52e-4f735466cecf":"00000000-0000-000c-ffff-ffff00000638"},{"ELEMENT":"00000000-0000-000c-ffff-ffff0000063e","element-6066-11e4-a52e-4f735466cecf":"00000000-0000-000c-ffff-ffff0000063e"},{"ELEMENT":"00000000-0000-000c-ffff-ffff00000648","element-6066-11e4-a52e-4f735466cecf":"00000000-0000-000c-ffff-ffff00000648"},{"ELEMENT":"00000000-0000-000c-ffff-ffff0000064e","element-6066-11e4-a52e-4f735466cecf":"00000000-0000-000c-ffff-ffff0000064e"},{"ELEMENT":"00000000-0000-000c-ffff-ffff00000654","element-6066-...
&amp#27;[38;5;32m[AndroidUiautomator2Driver@6457 (32d2a80d)]&amp#27;[0m Responding to client with driver.findElements() result: [{"element-6066-11e4-a52e-4f735466cecf":"00000000-0000-000c-ffff-ffff00000626","ELEMENT":"00000000-0000-000c-ffff-ffff00000626"},{"element-6066-11e4-a52e-4f735466cecf":"00000000-0000-000c-ffff-ffff0000062c","ELEMENT":"00000000-0000-000c-ffff-ffff0000062c"},{"element-6066-11e4-a52e-4f735466cecf":"00000000-0000-000c-ffff-ffff00000632","ELEMENT":"00000000-0000-000c-ffff-ffff00000632"},{"element-6066-11e4-a52e-4f735466cecf":"00000000-0000-000c-ffff-ffff00000638","ELEMENT":"00000000-0000-000c-ffff-ffff00000638"},{"element-6066-11e4-a52e-4f735466cecf":"00000000-0000-000c-ffff-ffff0000063e","ELEMENT":"00000000-0000-000c-ffff-ffff0000063e"},{"element-6066-11e4-a52e-4f735466cecf":"00000000-0000-000c-ffff-ffff00000648","ELEMENT":"00000000-0000-000c-ffff-ffff00000648"},{"element-6066-11e4-a52e-4f735466cecf":"00000000-0000-000c-ffff-ffff0000064e","ELEMENT":"00000000-0000-000c-ffff-ffff0000064e"},{"element-6066-11e4-a52e-4f735466cecf":"00000000-0000-000c-ffff-ffff00000654","ELEMENT":"00000000-0000-000c-ffff-ffff0000065...
&amp#27;[38;5;0m[HTTP]&amp#27;[0m &amp#27;[37m<-- POST /session/32d2a80d-dc78-4f3e-a636-c5413edf6ff7/elements &amp#27;[39m&amp#27;[32m200&amp#27;[39m &amp#27;[90m107 ms - 1291&amp#27;[39m
&amp#27;[38;5;0m[HTTP]&amp#27;[0m &amp#27;[90m&amp#27;[39m
&amp#27;[38;5;0m[HTTP]&amp#27;[0m &amp#27;[37m-->&amp#27;[39m &amp#27;[37mGET&amp#27;[39m &amp#27;[37m/session/32d2a80d-dc78-4f3e-a636-c5413edf6ff7/element/00000000-0000-000c-ffff-ffff00000632/displayed&amp#27;[39m
&amp#27;[38;5;0m[HTTP]&amp#27;[0m &amp#27;[90m{}&amp#27;[39m
&amp#27;[38;5;32m[AndroidUiautomator2Driver@6457 (32d2a80d)]&amp#27;[0m Calling AppiumDriver.elementDisplayed() with args: ["00000000-0000-000c-ffff-ffff00000632","32d2a80d-dc78-4f3e-a636-c5413edf6ff7"]
&amp#27;[38;5;32m[AndroidUiautomator2Driver@6457 (32d2a80d)]&amp#27;[0m Matched '/element/00000000-0000-000c-ffff-ffff00000632/attribute/displayed' to command name 'getAttribute'
&amp#27;[38;5;32m[AndroidUiautomator2Driver@6457 (32d2a80d)]&amp#27;[0m Proxying [GET /element/00000000-0000-000c-ffff-ffff00000632/attribute/displayed] to [GET http://127.0.0.1:8200/session/f5e84c71-f4f7-4f8e-aec7-33a82bd27fec/element/00000000-0000-000c-ffff-ffff00000632/attribute/displayed] with no body
&amp#27;[38;5;32m[AndroidUiautomator2Driver@6457 (32d2a80d)]&amp#27;[0m Got response with status 200: {"sessionId":"f5e84c71-f4f7-4f8e-aec7-33a82bd27fec","value":"true"}
&amp#27;[38;5;32m[AndroidUiautomator2Driver@6457 (32d2a80d)]&amp#27;[0m Responding to client with driver.elementDisplayed() result: true
&amp#27;[38;5;0m[HTTP]&amp#27;[0m &amp#27;[37m<-- GET /session/32d2a80d-dc78-4f3e-a636-c5413edf6ff7/element/00000000-0000-000c-ffff-ffff00000632/displayed &amp#27;[39m&amp#27;[32m200&amp#27;[39m &amp#27;[90m9 ms - 14&amp#27;[39m
&amp#27;[38;5;0m[HTTP]&amp#27;[0m &amp#27;[90m&amp#27;[39m
&amp#27;[38;5;0m[HTTP]&amp#27;[0m &amp#27;[37m-->&amp#27;[39m &amp#27;[37mGET&amp#27;[39m &amp#27;[37m/session/32d2a80d-dc78-4f3e-a636-c5413edf6ff7/context&amp#27;[39m
&amp#27;[38;5;0m[HTTP]&amp#27;[0m &amp#27;[90m{}&amp#27;[39m
&amp#27;[38;5;32m[AndroidUiautomator2Driver@6457 (32d2a80d)]&amp#27;[0m Calling AppiumDriver.getCurrentContext() with args: ["32d2a80d-dc78-4f3e-a636-c5413edf6ff7"]
&amp#27;[38;5;32m[AndroidUiautomator2Driver@6457 (32d2a80d)]&amp#27;[0m Responding to client with driver.getCurrentContext() result: "NATIVE_APP"
&amp#27;[38;5;0m[HTTP]&amp#27;[0m &amp#27;[37m<-- GET /session/32d2a80d-dc78-4f3e-a636-c5413edf6ff7/context &amp#27;[39m&amp#27;[32m200&amp#27;[39m &amp#27;[90m0 ms - 22&amp#27;[39m
&amp#27;[38;5;0m[HTTP]&amp#27;[0m &amp#27;[90m&amp#27;[39m
&amp#27;[38;5;0m[HTTP]&amp#27;[0m &amp#27;[37m-->&amp#27;[39m &amp#27;[37mPOST&amp#27;[39m &amp#27;[37m/session/32d2a80d-dc78-4f3e-a636-c5413edf6ff7/elements&amp#27;[39m
&amp#27;[38;5;0m[HTTP]&amp#27;[0m &amp#27;[90m{"value":"com.fivemobile.thescore:id/text_value","using":"id"}&amp#27;[39m
&amp#27;[38;5;32m[AndroidUiautomator2Driver@6457 (32d2a80d)]&amp#27;[0m Calling AppiumDriver.findElements() with args: ["id","com.fivemobile.thescore:id/text_value","32d2a80d-dc78-4f3e-a636-c5413edf6ff7"]
&amp#27;[38;5;32m[AndroidUiautomator2Driver@6457 (32d2a80d)]&amp#27;[0m Valid locator strategies for this request: xpath, id, class name, accessibility id, css selector, -android uiautomator
&amp#27;[38;5;32m[AndroidUiautomator2Driver@6457 (32d2a80d)]&amp#27;[0m Waiting up to 10000 ms for condition
&amp#27;[38;5;32m[AndroidUiautomator2Driver@6457 (32d2a80d)]&amp#27;[0m Matched '/elements' to command name 'findElements'
&amp#27;[38;5;32m[AndroidUiautomator2Driver@6457 (32d2a80d)]&amp#27;[0m Proxying [POST /elements] to [POST http://127.0.0.1:8200/session/f5e84c71-f4f7-4f8e-aec7-33a82bd27fec/elements] with body: {"strategy":"id","selector":"com.fivemobile.thescore:id/text_value","context":"","multiple":true}
&amp#27;[38;5;32m[AndroidUiautomator2Driver@6457 (32d2a80d)]&amp#27;[0m Got response with status 200: {"sessionId":"f5e84c71-f4f7-4f8e-aec7-33a82bd27fec","value":[{"ELEMENT":"00000000-0000-000c-ffff-ffff00000626","element-6066-11e4-a52e-4f735466cecf":"00000000-0000-000c-ffff-ffff00000626"},{"ELEMENT":"00000000-0000-000c-ffff-ffff0000062c","element-6066-11e4-a52e-4f735466cecf":"00000000-0000-000c-ffff-ffff0000062c"},{"ELEMENT":"00000000-0000-000c-ffff-ffff00000632","element-6066-11e4-a52e-4f735466cecf":"00000000-0000-000c-ffff-ffff00000632"},{"ELEMENT":"00000000-0000-000c-ffff-ffff00000638","element-6066-11e4-a52e-4f735466cecf":"00000000-0000-000c-ffff-ffff00000638"},{"ELEMENT":"00000000-0000-000c-ffff-ffff0000063e","element-6066-11e4-a52e-4f735466cecf":"00000000-0000-000c-ffff-ffff0000063e"},{"ELEMENT":"00000000-0000-000c-ffff-ffff00000648","element-6066-11e4-a52e-4f735466cecf":"00000000-0000-000c-ffff-ffff00000648"},{"ELEMENT":"00000000-0000-000c-ffff-ffff0000064e","element-6066-11e4-a52e-4f735466cecf":"00000000-0000-000c-ffff-ffff0000064e"},{"ELEMENT":"00000000-0000-000c-ffff-ffff00000654","element-6066-...
&amp#27;[38;5;32m[AndroidUiautomator2Driver@6457 (32d2a80d)]&amp#27;[0m Responding to client with driver.findElements() result: [{"element-6066-11e4-a52e-4f735466cecf":"00000000-0000-000c-ffff-ffff00000626","ELEMENT":"00000000-0000-000c-ffff-ffff00000626"},{"element-6066-11e4-a52e-4f735466cecf":"00000000-0000-000c-ffff-ffff0000062c","ELEMENT":"00000000-0000-000c-ffff-ffff0000062c"},{"element-6066-11e4-a52e-4f735466cecf":"00000000-0000-000c-ffff-ffff00000632","ELEMENT":"00000000-0000-000c-ffff-ffff00000632"},{"element-6066-11e4-a52e-4f735466cecf":"00000000-0000-000c-ffff-ffff00000638","ELEMENT":"00000000-0000-000c-ffff-ffff00000638"},{"element-6066-11e4-a52e-4f735466cecf":"00000000-0000-000c-ffff-ffff0000063e","ELEMENT":"00000000-0000-000c-ffff-ffff0000063e"},{"element-6066-11e4-a52e-4f735466cecf":"00000000-0000-000c-ffff-ffff00000648","ELEMENT":"00000000-0000-000c-ffff-ffff00000648"},{"element-6066-11e4-a52e-4f735466cecf":"00000000-0000-000c-ffff-ffff0000064e","ELEMENT":"00000000-0000-000c-ffff-ffff0000064e"},{"element-6066-11e4-a52e-4f735466cecf":"00000000-0000-000c-ffff-ffff00000654","ELEMENT":"00000000-0000-000c-ffff-ffff0000065...
&amp#27;[38;5;0m[HTTP]&amp#27;[0m &amp#27;[37m<-- POST /session/32d2a80d-dc78-4f3e-a636-c5413edf6ff7/elements &amp#27;[39m&amp#27;[32m200&amp#27;[39m &amp#27;[90m106 ms - 1291&amp#27;[39m
&amp#27;[38;5;0m[HTTP]&amp#27;[0m &amp#27;[90m&amp#27;[39m
&amp#27;[38;5;0m[HTTP]&amp#27;[0m &amp#27;[37m-->&amp#27;[39m &amp#27;[37mGET&amp#27;[39m &amp#27;[37m/session/32d2a80d-dc78-4f3e-a636-c5413edf6ff7/context&amp#27;[39m
&amp#27;[38;5;0m[HTTP]&amp#27;[0m &amp#27;[90m{}&amp#27;[39m
&amp#27;[38;5;32m[AndroidUiautomator2Driver@6457 (32d2a80d)]&amp#27;[0m Calling AppiumDriver.getCurrentContext() with args: ["32d2a80d-dc78-4f3e-a636-c5413edf6ff7"]
&amp#27;[38;5;32m[AndroidUiautomator2Driver@6457 (32d2a80d)]&amp#27;[0m Responding to client with driver.getCurrentContext() result: "NATIVE_APP"
&amp#27;[38;5;0m[HTTP]&amp#27;[0m &amp#27;[37m<-- GET /session/32d2a80d-dc78-4f3e-a636-c5413edf6ff7/context &amp#27;[39m&amp#27;[32m200&amp#27;[39m &amp#27;[90m0 ms - 22&amp#27;[39m
&amp#27;[38;5;0m[HTTP]&amp#27;[0m &amp#27;[90m&amp#27;[39m
&amp#27;[38;5;0m[HTTP]&amp#27;[0m &amp#27;[37m-->&amp#27;[39m &amp#27;[37mPOST&amp#27;[39m &amp#27;[37m/session/32d2a80d-dc78-4f3e-a636-c5413edf6ff7/elements&amp#27;[39m
&amp#27;[38;5;0m[HTTP]&amp#27;[0m &amp#27;[90m{"value":"com.fivemobile.thescore:id/text_value","using":"id"}&amp#27;[39m
&amp#27;[38;5;32m[AndroidUiautomator2Driver@6457 (32d2a80d)]&amp#27;[0m Calling AppiumDriver.findElements() with args: ["id","com.fivemobile.thescore:id/text_value","32d2a80d-dc78-4f3e-a636-c5413edf6ff7"]
&amp#27;[38;5;32m[AndroidUiautomator2Driver@6457 (32d2a80d)]&amp#27;[0m Valid locator strategies for this request: xpath, id, class name, accessibility id, css selector, -android uiautomator
&amp#27;[38;5;32m[AndroidUiautomator2Driver@6457 (32d2a80d)]&amp#27;[0m Waiting up to 10000 ms for condition
&amp#27;[38;5;32m[AndroidUiautomator2Driver@6457 (32d2a80d)]&amp#27;[0m Matched '/elements' to command name 'findElements'
&amp#27;[38;5;32m[AndroidUiautomator2Driver@6457 (32d2a80d)]&amp#27;[0m Proxying [POST /elements] to [POST http://127.0.0.1:8200/session/f5e84c71-f4f7-4f8e-aec7-33a82bd27fec/elements] with body: {"strategy":"id","selector":"com.fivemobile.thescore:id/text_value","context":"","multiple":true}
&amp#27;[38;5;32m[AndroidUiautomator2Driver@6457 (32d2a80d)]&amp#27;[0m Got response with status 200: {"sessionId":"f5e84c71-f4f7-4f8e-aec7-33a82bd27fec","value":[{"ELEMENT":"00000000-0000-000c-ffff-ffff00000626","element-6066-11e4-a52e-4f735466cecf":"00000000-0000-000c-ffff-ffff00000626"},{"ELEMENT":"00000000-0000-000c-ffff-ffff0000062c","element-6066-11e4-a52e-4f735466cecf":"00000000-0000-000c-ffff-ffff0000062c"},{"ELEMENT":"00000000-0000-000c-ffff-ffff00000632","element-6066-11e4-a52e-4f735466cecf":"00000000-0000-000c-ffff-ffff00000632"},{"ELEMENT":"00000000-0000-000c-ffff-ffff00000638","element-6066-11e4-a52e-4f735466cecf":"00000000-0000-000c-ffff-ffff00000638"},{"ELEMENT":"00000000-0000-000c-ffff-ffff0000063e","element-6066-11e4-a52e-4f735466cecf":"00000000-0000-000c-ffff-ffff0000063e"},{"ELEMENT":"00000000-0000-000c-ffff-ffff00000648","element-6066-11e4-a52e-4f735466cecf":"00000000-0000-000c-ffff-ffff00000648"},{"ELEMENT":"00000000-0000-000c-ffff-ffff0000064e","element-6066-11e4-a52e-4f735466cecf":"00000000-0000-000c-ffff-ffff0000064e"},{"ELEMENT":"00000000-0000-000c-ffff-ffff00000654","element-6066-...
&amp#27;[38;5;32m[AndroidUiautomator2Driver@6457 (32d2a80d)]&amp#27;[0m Responding to client with driver.findElements() result: [{"element-6066-11e4-a52e-4f735466cecf":"00000000-0000-000c-ffff-ffff00000626","ELEMENT":"00000000-0000-000c-ffff-ffff00000626"},{"element-6066-11e4-a52e-4f735466cecf":"00000000-0000-000c-ffff-ffff0000062c","ELEMENT":"00000000-0000-000c-ffff-ffff0000062c"},{"element-6066-11e4-a52e-4f735466cecf":"00000000-0000-000c-ffff-ffff00000632","ELEMENT":"00000000-0000-000c-ffff-ffff00000632"},{"element-6066-11e4-a52e-4f735466cecf":"00000000-0000-000c-ffff-ffff00000638","ELEMENT":"00000000-0000-000c-ffff-ffff00000638"},{"element-6066-11e4-a52e-4f735466cecf":"00000000-0000-000c-ffff-ffff0000063e","ELEMENT":"00000000-0000-000c-ffff-ffff0000063e"},{"element-6066-11e4-a52e-4f735466cecf":"00000000-0000-000c-ffff-ffff00000648","ELEMENT":"00000000-0000-000c-ffff-ffff00000648"},{"element-6066-11e4-a52e-4f735466cecf":"00000000-0000-000c-ffff-ffff0000064e","ELEMENT":"00000000-0000-000c-ffff-ffff0000064e"},{"element-6066-11e4-a52e-4f735466cecf":"00000000-0000-000c-ffff-ffff00000654","ELEMENT":"00000000-0000-000c-ffff-ffff0000065...
&amp#27;[38;5;0m[HTTP]&amp#27;[0m &amp#27;[37m<-- POST /session/32d2a80d-dc78-4f3e-a636-c5413edf6ff7/elements &amp#27;[39m&amp#27;[32m200&amp#27;[39m &amp#27;[90m106 ms - 1291&amp#27;[39m
&amp#27;[38;5;0m[HTTP]&amp#27;[0m &amp#27;[90m&amp#27;[39m
&amp#27;[38;5;0m[HTTP]&amp#27;[0m &amp#27;[37m-->&amp#27;[39m &amp#27;[37mGET&amp#27;[39m &amp#27;[37m/session/32d2a80d-dc78-4f3e-a636-c5413edf6ff7/element/00000000-0000-000c-ffff-ffff00000638/displayed&amp#27;[39m
&amp#27;[38;5;0m[HTTP]&amp#27;[0m &amp#27;[90m{}&amp#27;[39m
&amp#27;[38;5;32m[AndroidUiautomator2Driver@6457 (32d2a80d)]&amp#27;[0m Calling AppiumDriver.elementDisplayed() with args: ["00000000-0000-000c-ffff-ffff00000638","32d2a80d-dc78-4f3e-a636-c5413edf6ff7"]
&amp#27;[38;5;32m[AndroidUiautomator2Driver@6457 (32d2a80d)]&amp#27;[0m Matched '/element/00000000-0000-000c-ffff-ffff00000638/attribute/displayed' to command name 'getAttribute'
&amp#27;[38;5;32m[AndroidUiautomator2Driver@6457 (32d2a80d)]&amp#27;[0m Proxying [GET /element/00000000-0000-000c-ffff-ffff00000638/attribute/displayed] to [GET http://127.0.0.1:8200/session/f5e84c71-f4f7-4f8e-aec7-33a82bd27fec/element/00000000-0000-000c-ffff-ffff00000638/attribute/displayed] with no body
&amp#27;[38;5;32m[AndroidUiautomator2Driver@6457 (32d2a80d)]&amp#27;[0m Got response with status 200: {"sessionId":"f5e84c71-f4f7-4f8e-aec7-33a82bd27fec","value":"true"}
&amp#27;[38;5;32m[AndroidUiautomator2Driver@6457 (32d2a80d)]&amp#27;[0m Responding to client with driver.elementDisplayed() result: true
&amp#27;[38;5;0m[HTTP]&amp#27;[0m &amp#27;[37m<-- GET /session/32d2a80d-dc78-4f3e-a636-c5413edf6ff7/element/00000000-0000-000c-ffff-ffff00000638/displayed &amp#27;[39m&amp#27;[32m200&amp#27;[39m &amp#27;[90m11 ms - 14&amp#27;[39m
&amp#27;[38;5;0m[HTTP]&amp#27;[0m &amp#27;[90m&amp#27;[39m
&amp#27;[38;5;0m[HTTP]&amp#27;[0m &amp#27;[37m-->&amp#27;[39m &amp#27;[37mGET&amp#27;[39m &amp#27;[37m/session/32d2a80d-dc78-4f3e-a636-c5413edf6ff7/context&amp#27;[39m
&amp#27;[38;5;0m[HTTP]&amp#27;[0m &amp#27;[90m{}&amp#27;[39m
&amp#27;[38;5;32m[AndroidUiautomator2Driver@6457 (32d2a80d)]&amp#27;[0m Calling AppiumDriver.getCurrentContext() with args: ["32d2a80d-dc78-4f3e-a636-c5413edf6ff7"]
&amp#27;[38;5;32m[AndroidUiautomator2Driver@6457 (32d2a80d)]&amp#27;[0m Responding to client with driver.getCurrentContext() result: "NATIVE_APP"
&amp#27;[38;5;0m[HTTP]&amp#27;[0m &amp#27;[37m<-- GET /session/32d2a80d-dc78-4f3e-a636-c5413edf6ff7/context &amp#27;[39m&amp#27;[32m200&amp#27;[39m &amp#27;[90m1 ms - 22&amp#27;[39m
&amp#27;[38;5;0m[HTTP]&amp#27;[0m &amp#27;[90m&amp#27;[39m
&amp#27;[38;5;0m[HTTP]&amp#27;[0m &amp#27;[37m-->&amp#27;[39m &amp#27;[37mPOST&amp#27;[39m &amp#27;[37m/session/32d2a80d-dc78-4f3e-a636-c5413edf6ff7/elements&amp#27;[39m
&amp#27;[38;5;0m[HTTP]&amp#27;[0m &amp#27;[90m{"value":"com.fivemobile.thescore:id/text_value","using":"id"}&amp#27;[39m
&amp#27;[38;5;32m[AndroidUiautomator2Driver@6457 (32d2a80d)]&amp#27;[0m Calling AppiumDriver.findElements() with args: ["id","com.fivemobile.thescore:id/text_value","32d2a80d-dc78-4f3e-a636-c5413edf6ff7"]
&amp#27;[38;5;32m[AndroidUiautomator2Driver@6457 (32d2a80d)]&amp#27;[0m Valid locator strategies for this request: xpath, id, class name, accessibility id, css selector, -android uiautomator
&amp#27;[38;5;32m[AndroidUiautomator2Driver@6457 (32d2a80d)]&amp#27;[0m Waiting up to 10000 ms for condition
&amp#27;[38;5;32m[AndroidUiautomator2Driver@6457 (32d2a80d)]&amp#27;[0m Matched '/elements' to command name 'findElements'
&amp#27;[38;5;32m[AndroidUiautomator2Driver@6457 (32d2a80d)]&amp#27;[0m Proxying [POST /elements] to [POST http://127.0.0.1:8200/session/f5e84c71-f4f7-4f8e-aec7-33a82bd27fec/elements] with body: {"strategy":"id","selector":"com.fivemobile.thescore:id/text_value","context":"","multiple":true}
&amp#27;[38;5;32m[AndroidUiautomator2Driver@6457 (32d2a80d)]&amp#27;[0m Got response with status 200: {"sessionId":"f5e84c71-f4f7-4f8e-aec7-33a82bd27fec","value":[{"ELEMENT":"00000000-0000-000c-ffff-ffff00000626","element-6066-11e4-a52e-4f735466cecf":"00000000-0000-000c-ffff-ffff00000626"},{"ELEMENT":"00000000-0000-000c-ffff-ffff0000062c","element-6066-11e4-a52e-4f735466cecf":"00000000-0000-000c-ffff-ffff0000062c"},{"ELEMENT":"00000000-0000-000c-ffff-ffff00000632","element-6066-11e4-a52e-4f735466cecf":"00000000-0000-000c-ffff-ffff00000632"},{"ELEMENT":"00000000-0000-000c-ffff-ffff00000638","element-6066-11e4-a52e-4f735466cecf":"00000000-0000-000c-ffff-ffff00000638"},{"ELEMENT":"00000000-0000-000c-ffff-ffff0000063e","element-6066-11e4-a52e-4f735466cecf":"00000000-0000-000c-ffff-ffff0000063e"},{"ELEMENT":"00000000-0000-000c-ffff-ffff00000648","element-6066-11e4-a52e-4f735466cecf":"00000000-0000-000c-ffff-ffff00000648"},{"ELEMENT":"00000000-0000-000c-ffff-ffff0000064e","element-6066-11e4-a52e-4f735466cecf":"00000000-0000-000c-ffff-ffff0000064e"},{"ELEMENT":"00000000-0000-000c-ffff-ffff00000654","element-6066-...
&amp#27;[38;5;32m[AndroidUiautomator2Driver@6457 (32d2a80d)]&amp#27;[0m Responding to client with driver.findElements() result: [{"element-6066-11e4-a52e-4f735466cecf":"00000000-0000-000c-ffff-ffff00000626","ELEMENT":"00000000-0000-000c-ffff-ffff00000626"},{"element-6066-11e4-a52e-4f735466cecf":"00000000-0000-000c-ffff-ffff0000062c","ELEMENT":"00000000-0000-000c-ffff-ffff0000062c"},{"element-6066-11e4-a52e-4f735466cecf":"00000000-0000-000c-ffff-ffff00000632","ELEMENT":"00000000-0000-000c-ffff-ffff00000632"},{"element-6066-11e4-a52e-4f735466cecf":"00000000-0000-000c-ffff-ffff00000638","ELEMENT":"00000000-0000-000c-ffff-ffff00000638"},{"element-6066-11e4-a52e-4f735466cecf":"00000000-0000-000c-ffff-ffff0000063e","ELEMENT":"00000000-0000-000c-ffff-ffff0000063e"},{"element-6066-11e4-a52e-4f735466cecf":"00000000-0000-000c-ffff-ffff00000648","ELEMENT":"00000000-0000-000c-ffff-ffff00000648"},{"element-6066-11e4-a52e-4f735466cecf":"00000000-0000-000c-ffff-ffff0000064e","ELEMENT":"00000000-0000-000c-ffff-ffff0000064e"},{"element-6066-11e4-a52e-4f735466cecf":"00000000-0000-000c-ffff-ffff00000654","ELEMENT":"00000000-0000-000c-ffff-ffff0000065...
&amp#27;[38;5;0m[HTTP]&amp#27;[0m &amp#27;[37m<-- POST /session/32d2a80d-dc78-4f3e-a636-c5413edf6ff7/elements &amp#27;[39m&amp#27;[32m200&amp#27;[39m &amp#27;[90m109 ms - 1291&amp#27;[39m
&amp#27;[38;5;0m[HTTP]&amp#27;[0m &amp#27;[90m&amp#27;[39m
&amp#27;[38;5;0m[HTTP]&amp#27;[0m &amp#27;[37m-->&amp#27;[39m &amp#27;[37mGET&amp#27;[39m &amp#27;[37m/session/32d2a80d-dc78-4f3e-a636-c5413edf6ff7/context&amp#27;[39m
&amp#27;[38;5;0m[HTTP]&amp#27;[0m &amp#27;[90m{}&amp#27;[39m
&amp#27;[38;5;32m[AndroidUiautomator2Driver@6457 (32d2a80d)]&amp#27;[0m Calling AppiumDriver.getCurrentContext() with args: ["32d2a80d-dc78-4f3e-a636-c5413edf6ff7"]
&amp#27;[38;5;32m[AndroidUiautomator2Driver@6457 (32d2a80d)]&amp#27;[0m Responding to client with driver.getCurrentContext() result: "NATIVE_APP"
&amp#27;[38;5;0m[HTTP]&amp#27;[0m &amp#27;[37m<-- GET /session/32d2a80d-dc78-4f3e-a636-c5413edf6ff7/context &amp#27;[39m&amp#27;[32m200&amp#27;[39m &amp#27;[90m1 ms - 22&amp#27;[39m
&amp#27;[38;5;0m[HTTP]&amp#27;[0m &amp#27;[90m&amp#27;[39m
&amp#27;[38;5;0m[HTTP]&amp#27;[0m &amp#27;[37m-->&amp#27;[39m &amp#27;[37mPOST&amp#27;[39m &amp#27;[37m/session/32d2a80d-dc78-4f3e-a636-c5413edf6ff7/elements&amp#27;[39m
&amp#27;[38;5;0m[HTTP]&amp#27;[0m &amp#27;[90m{"value":"com.fivemobile.thescore:id/text_value","using":"id"}&amp#27;[39m
&amp#27;[38;5;32m[AndroidUiautomator2Driver@6457 (32d2a80d)]&amp#27;[0m Calling AppiumDriver.findElements() with args: ["id","com.fivemobile.thescore:id/text_value","32d2a80d-dc78-4f3e-a636-c5413edf6ff7"]
&amp#27;[38;5;32m[AndroidUiautomator2Driver@6457 (32d2a80d)]&amp#27;[0m Valid locator strategies for this request: xpath, id, class name, accessibility id, css selector, -android uiautomator
&amp#27;[38;5;32m[AndroidUiautomator2Driver@6457 (32d2a80d)]&amp#27;[0m Waiting up to 10000 ms for condition
&amp#27;[38;5;32m[AndroidUiautomator2Driver@6457 (32d2a80d)]&amp#27;[0m Matched '/elements' to command name 'findElements'
&amp#27;[38;5;32m[AndroidUiautomator2Driver@6457 (32d2a80d)]&amp#27;[0m Proxying [POST /elements] to [POST http://127.0.0.1:8200/session/f5e84c71-f4f7-4f8e-aec7-33a82bd27fec/elements] with body: {"strategy":"id","selector":"com.fivemobile.thescore:id/text_value","context":"","multiple":true}
&amp#27;[38;5;32m[AndroidUiautomator2Driver@6457 (32d2a80d)]&amp#27;[0m Got response with status 200: {"sessionId":"f5e84c71-f4f7-4f8e-aec7-33a82bd27fec","value":[{"ELEMENT":"00000000-0000-000c-ffff-ffff00000626","element-6066-11e4-a52e-4f735466cecf":"00000000-0000-000c-ffff-ffff00000626"},{"ELEMENT":"00000000-0000-000c-ffff-ffff0000062c","element-6066-11e4-a52e-4f735466cecf":"00000000-0000-000c-ffff-ffff0000062c"},{"ELEMENT":"00000000-0000-000c-ffff-ffff00000632","element-6066-11e4-a52e-4f735466cecf":"00000000-0000-000c-ffff-ffff00000632"},{"ELEMENT":"00000000-0000-000c-ffff-ffff00000638","element-6066-11e4-a52e-4f735466cecf":"00000000-0000-000c-ffff-ffff00000638"},{"ELEMENT":"00000000-0000-000c-ffff-ffff0000063e","element-6066-11e4-a52e-4f735466cecf":"00000000-0000-000c-ffff-ffff0000063e"},{"ELEMENT":"00000000-0000-000c-ffff-ffff00000648","element-6066-11e4-a52e-4f735466cecf":"00000000-0000-000c-ffff-ffff00000648"},{"ELEMENT":"00000000-0000-000c-ffff-ffff0000064e","element-6066-11e4-a52e-4f735466cecf":"00000000-0000-000c-ffff-ffff0000064e"},{"ELEMENT":"00000000-0000-000c-ffff-ffff00000654","element-6066-...
&amp#27;[38;5;32m[AndroidUiautomator2Driver@6457 (32d2a80d)]&amp#27;[0m Responding to client with driver.findElements() result: [{"element-6066-11e4-a52e-4f735466cecf":"00000000-0000-000c-ffff-ffff00000626","ELEMENT":"00000000-0000-000c-ffff-ffff00000626"},{"element-6066-11e4-a52e-4f735466cecf":"00000000-0000-000c-ffff-ffff0000062c","ELEMENT":"00000000-0000-000c-ffff-ffff0000062c"},{"element-6066-11e4-a52e-4f735466cecf":"00000000-0000-000c-ffff-ffff00000632","ELEMENT":"00000000-0000-000c-ffff-ffff00000632"},{"element-6066-11e4-a52e-4f735466cecf":"00000000-0000-000c-ffff-ffff00000638","ELEMENT":"00000000-0000-000c-ffff-ffff00000638"},{"element-6066-11e4-a52e-4f735466cecf":"00000000-0000-000c-ffff-ffff0000063e","ELEMENT":"00000000-0000-000c-ffff-ffff0000063e"},{"element-6066-11e4-a52e-4f735466cecf":"00000000-0000-000c-ffff-ffff00000648","ELEMENT":"00000000-0000-000c-ffff-ffff00000648"},{"element-6066-11e4-a52e-4f735466cecf":"00000000-0000-000c-ffff-ffff0000064e","ELEMENT":"00000000-0000-000c-ffff-ffff0000064e"},{"element-6066-11e4-a52e-4f735466cecf":"00000000-0000-000c-ffff-ffff00000654","ELEMENT":"00000000-0000-000c-ffff-ffff0000065...
&amp#27;[38;5;0m[HTTP]&amp#27;[0m &amp#27;[37m<-- POST /session/32d2a80d-dc78-4f3e-a636-c5413edf6ff7/elements &amp#27;[39m&amp#27;[32m200&amp#27;[39m &amp#27;[90m77 ms - 1291&amp#27;[39m
&amp#27;[38;5;0m[HTTP]&amp#27;[0m &amp#27;[90m&amp#27;[39m
&amp#27;[38;5;0m[HTTP]&amp#27;[0m &amp#27;[37m-->&amp#27;[39m &amp#27;[37mGET&amp#27;[39m &amp#27;[37m/session/32d2a80d-dc78-4f3e-a636-c5413edf6ff7/element/00000000-0000-000c-ffff-ffff0000063e/displayed&amp#27;[39m
&amp#27;[38;5;0m[HTTP]&amp#27;[0m &amp#27;[90m{}&amp#27;[39m
&amp#27;[38;5;32m[AndroidUiautomator2Driver@6457 (32d2a80d)]&amp#27;[0m Calling AppiumDriver.elementDisplayed() with args: ["00000000-0000-000c-ffff-ffff0000063e","32d2a80d-dc78-4f3e-a636-c5413edf6ff7"]
&amp#27;[38;5;32m[AndroidUiautomator2Driver@6457 (32d2a80d)]&amp#27;[0m Matched '/element/00000000-0000-000c-ffff-ffff0000063e/attribute/displayed' to command name 'getAttribute'
&amp#27;[38;5;32m[AndroidUiautomator2Driver@6457 (32d2a80d)]&amp#27;[0m Proxying [GET /element/00000000-0000-000c-ffff-ffff0000063e/attribute/displayed] to [GET http://127.0.0.1:8200/session/f5e84c71-f4f7-4f8e-aec7-33a82bd27fec/element/00000000-0000-000c-ffff-ffff0000063e/attribute/displayed] with no body
&amp#27;[38;5;32m[AndroidUiautomator2Driver@6457 (32d2a80d)]&amp#27;[0m Got response with status 200: {"sessionId":"f5e84c71-f4f7-4f8e-aec7-33a82bd27fec","value":"true"}
&amp#27;[38;5;32m[AndroidUiautomator2Driver@6457 (32d2a80d)]&amp#27;[0m Responding to client with driver.elementDisplayed() result: true
&amp#27;[38;5;0m[HTTP]&amp#27;[0m &amp#27;[37m<-- GET /session/32d2a80d-dc78-4f3e-a636-c5413edf6ff7/element/00000000-0000-000c-ffff-ffff0000063e/displayed &amp#27;[39m&amp#27;[32m200&amp#27;[39m &amp#27;[90m9 ms - 14&amp#27;[39m
&amp#27;[38;5;0m[HTTP]&amp#27;[0m &amp#27;[90m&amp#27;[39m
&amp#27;[38;5;0m[HTTP]&amp#27;[0m &amp#27;[37m-->&amp#27;[39m &amp#27;[37mGET&amp#27;[39m &amp#27;[37m/session/32d2a80d-dc78-4f3e-a636-c5413edf6ff7/context&amp#27;[39m
&amp#27;[38;5;0m[HTTP]&amp#27;[0m &amp#27;[90m{}&amp#27;[39m
&amp#27;[38;5;32m[AndroidUiautomator2Driver@6457 (32d2a80d)]&amp#27;[0m Calling AppiumDriver.getCurrentContext() with args: ["32d2a80d-dc78-4f3e-a636-c5413edf6ff7"]
&amp#27;[38;5;32m[AndroidUiautomator2Driver@6457 (32d2a80d)]&amp#27;[0m Responding to client with driver.getCurrentContext() result: "NATIVE_APP"
&amp#27;[38;5;0m[HTTP]&amp#27;[0m &amp#27;[37m<-- GET /session/32d2a80d-dc78-4f3e-a636-c5413edf6ff7/context &amp#27;[39m&amp#27;[32m200&amp#27;[39m &amp#27;[90m0 ms - 22&amp#27;[39m
&amp#27;[38;5;0m[HTTP]&amp#27;[0m &amp#27;[90m&amp#27;[39m
&amp#27;[38;5;0m[HTTP]&amp#27;[0m &amp#27;[37m-->&amp#27;[39m &amp#27;[37mPOST&amp#27;[39m &amp#27;[37m/session/32d2a80d-dc78-4f3e-a636-c5413edf6ff7/elements&amp#27;[39m
&amp#27;[38;5;0m[HTTP]&amp#27;[0m &amp#27;[90m{"value":"com.fivemobile.thescore:id/text_value","using":"id"}&amp#27;[39m
&amp#27;[38;5;32m[AndroidUiautomator2Driver@6457 (32d2a80d)]&amp#27;[0m Calling AppiumDriver.findElements() with args: ["id","com.fivemobile.thescore:id/text_value","32d2a80d-dc78-4f3e-a636-c5413edf6ff7"]
&amp#27;[38;5;32m[AndroidUiautomator2Driver@6457 (32d2a80d)]&amp#27;[0m Valid locator strategies for this request: xpath, id, class name, accessibility id, css selector, -android uiautomator
&amp#27;[38;5;32m[AndroidUiautomator2Driver@6457 (32d2a80d)]&amp#27;[0m Waiting up to 10000 ms for condition
&amp#27;[38;5;32m[AndroidUiautomator2Driver@6457 (32d2a80d)]&amp#27;[0m Matched '/elements' to command name 'findElements'
&amp#27;[38;5;32m[AndroidUiautomator2Driver@6457 (32d2a80d)]&amp#27;[0m Proxying [POST /elements] to [POST http://127.0.0.1:8200/session/f5e84c71-f4f7-4f8e-aec7-33a82bd27fec/elements] with body: {"strategy":"id","selector":"com.fivemobile.thescore:id/text_value","context":"","multiple":true}
&amp#27;[38;5;32m[AndroidUiautomator2Driver@6457 (32d2a80d)]&amp#27;[0m Got response with status 200: {"sessionId":"f5e84c71-f4f7-4f8e-aec7-33a82bd27fec","value":[{"ELEMENT":"00000000-0000-000c-ffff-ffff00000626","element-6066-11e4-a52e-4f735466cecf":"00000000-0000-000c-ffff-ffff00000626"},{"ELEMENT":"00000000-0000-000c-ffff-ffff0000062c","element-6066-11e4-a52e-4f735466cecf":"00000000-0000-000c-ffff-ffff0000062c"},{"ELEMENT":"00000000-0000-000c-ffff-ffff00000632","element-6066-11e4-a52e-4f735466cecf":"00000000-0000-000c-ffff-ffff00000632"},{"ELEMENT":"00000000-0000-000c-ffff-ffff00000638","element-6066-11e4-a52e-4f735466cecf":"00000000-0000-000c-ffff-ffff00000638"},{"ELEMENT":"00000000-0000-000c-ffff-ffff0000063e","element-6066-11e4-a52e-4f735466cecf":"00000000-0000-000c-ffff-ffff0000063e"},{"ELEMENT":"00000000-0000-000c-ffff-ffff00000648","element-6066-11e4-a52e-4f735466cecf":"00000000-0000-000c-ffff-ffff00000648"},{"ELEMENT":"00000000-0000-000c-ffff-ffff0000064e","element-6066-11e4-a52e-4f735466cecf":"00000000-0000-000c-ffff-ffff0000064e"},{"ELEMENT":"00000000-0000-000c-ffff-ffff00000654","element-6066-...
&amp#27;[38;5;32m[AndroidUiautomator2Driver@6457 (32d2a80d)]&amp#27;[0m Responding to client with driver.findElements() result: [{"element-6066-11e4-a52e-4f735466cecf":"00000000-0000-000c-ffff-ffff00000626","ELEMENT":"00000000-0000-000c-ffff-ffff00000626"},{"element-6066-11e4-a52e-4f735466cecf":"00000000-0000-000c-ffff-ffff0000062c","ELEMENT":"00000000-0000-000c-ffff-ffff0000062c"},{"element-6066-11e4-a52e-4f735466cecf":"00000000-0000-000c-ffff-ffff00000632","ELEMENT":"00000000-0000-000c-ffff-ffff00000632"},{"element-6066-11e4-a52e-4f735466cecf":"00000000-0000-000c-ffff-ffff00000638","ELEMENT":"00000000-0000-000c-ffff-ffff00000638"},{"element-6066-11e4-a52e-4f735466cecf":"00000000-0000-000c-ffff-ffff0000063e","ELEMENT":"00000000-0000-000c-ffff-ffff0000063e"},{"element-6066-11e4-a52e-4f735466cecf":"00000000-0000-000c-ffff-ffff00000648","ELEMENT":"00000000-0000-000c-ffff-ffff00000648"},{"element-6066-11e4-a52e-4f735466cecf":"00000000-0000-000c-ffff-ffff0000064e","ELEMENT":"00000000-0000-000c-ffff-ffff0000064e"},{"element-6066-11e4-a52e-4f735466cecf":"00000000-0000-000c-ffff-ffff00000654","ELEMENT":"00000000-0000-000c-ffff-ffff0000065...
&amp#27;[38;5;0m[HTTP]&amp#27;[0m &amp#27;[37m<-- POST /session/32d2a80d-dc78-4f3e-a636-c5413edf6ff7/elements &amp#27;[39m&amp#27;[32m200&amp#27;[39m &amp#27;[90m87 ms - 1291&amp#27;[39m
&amp#27;[38;5;0m[HTTP]&amp#27;[0m &amp#27;[90m&amp#27;[39m
&amp#27;[38;5;0m[HTTP]&amp#27;[0m &amp#27;[37m-->&amp#27;[39m &amp#27;[37mGET&amp#27;[39m &amp#27;[37m/session/32d2a80d-dc78-4f3e-a636-c5413edf6ff7/context&amp#27;[39m
&amp#27;[38;5;0m[HTTP]&amp#27;[0m &amp#27;[90m{}&amp#27;[39m
&amp#27;[38;5;32m[AndroidUiautomator2Driver@6457 (32d2a80d)]&amp#27;[0m Calling AppiumDriver.getCurrentContext() with args: ["32d2a80d-dc78-4f3e-a636-c5413edf6ff7"]
&amp#27;[38;5;32m[AndroidUiautomator2Driver@6457 (32d2a80d)]&amp#27;[0m Responding to client with driver.getCurrentContext() result: "NATIVE_APP"
&amp#27;[38;5;0m[HTTP]&amp#27;[0m &amp#27;[37m<-- GET /session/32d2a80d-dc78-4f3e-a636-c5413edf6ff7/context &amp#27;[39m&amp#27;[32m200&amp#27;[39m &amp#27;[90m1 ms - 22&amp#27;[39m
&amp#27;[38;5;0m[HTTP]&amp#27;[0m &amp#27;[90m&amp#27;[39m
&amp#27;[38;5;0m[HTTP]&amp#27;[0m &amp#27;[37m-->&amp#27;[39m &amp#27;[37mPOST&amp#27;[39m &amp#27;[37m/session/32d2a80d-dc78-4f3e-a636-c5413edf6ff7/elements&amp#27;[39m
&amp#27;[38;5;0m[HTTP]&amp#27;[0m &amp#27;[90m{"value":"com.fivemobile.thescore:id/text_value","using":"id"}&amp#27;[39m
&amp#27;[38;5;32m[AndroidUiautomator2Driver@6457 (32d2a80d)]&amp#27;[0m Calling AppiumDriver.findElements() with args: ["id","com.fivemobile.thescore:id/text_value","32d2a80d-dc78-4f3e-a636-c5413edf6ff7"]
&amp#27;[38;5;32m[AndroidUiautomator2Driver@6457 (32d2a80d)]&amp#27;[0m Valid locator strategies for this request: xpath, id, class name, accessibility id, css selector, -android uiautomator
&amp#27;[38;5;32m[AndroidUiautomator2Driver@6457 (32d2a80d)]&amp#27;[0m Waiting up to 10000 ms for condition
&amp#27;[38;5;32m[AndroidUiautomator2Driver@6457 (32d2a80d)]&amp#27;[0m Matched '/elements' to command name 'findElements'
&amp#27;[38;5;32m[AndroidUiautomator2Driver@6457 (32d2a80d)]&amp#27;[0m Proxying [POST /elements] to [POST http://127.0.0.1:8200/session/f5e84c71-f4f7-4f8e-aec7-33a82bd27fec/elements] with body: {"strategy":"id","selector":"com.fivemobile.thescore:id/text_value","context":"","multiple":true}
&amp#27;[38;5;32m[AndroidUiautomator2Driver@6457 (32d2a80d)]&amp#27;[0m Got response with status 200: {"sessionId":"f5e84c71-f4f7-4f8e-aec7-33a82bd27fec","value":[{"ELEMENT":"00000000-0000-000c-ffff-ffff00000626","element-6066-11e4-a52e-4f735466cecf":"00000000-0000-000c-ffff-ffff00000626"},{"ELEMENT":"00000000-0000-000c-ffff-ffff0000062c","element-6066-11e4-a52e-4f735466cecf":"00000000-0000-000c-ffff-ffff0000062c"},{"ELEMENT":"00000000-0000-000c-ffff-ffff00000632","element-6066-11e4-a52e-4f735466cecf":"00000000-0000-000c-ffff-ffff00000632"},{"ELEMENT":"00000000-0000-000c-ffff-ffff00000638","element-6066-11e4-a52e-4f735466cecf":"00000000-0000-000c-ffff-ffff00000638"},{"ELEMENT":"00000000-0000-000c-ffff-ffff0000063e","element-6066-11e4-a52e-4f735466cecf":"00000000-0000-000c-ffff-ffff0000063e"},{"ELEMENT":"00000000-0000-000c-ffff-ffff00000648","element-6066-11e4-a52e-4f735466cecf":"00000000-0000-000c-ffff-ffff00000648"},{"ELEMENT":"00000000-0000-000c-ffff-ffff0000064e","element-6066-11e4-a52e-4f735466cecf":"00000000-0000-000c-ffff-ffff0000064e"},{"ELEMENT":"00000000-0000-000c-ffff-ffff00000654","element-6066-...
&amp#27;[38;5;32m[AndroidUiautomator2Driver@6457 (32d2a80d)]&amp#27;[0m Responding to client with driver.findElements() result: [{"element-6066-11e4-a52e-4f735466cecf":"00000000-0000-000c-ffff-ffff00000626","ELEMENT":"00000000-0000-000c-ffff-ffff00000626"},{"element-6066-11e4-a52e-4f735466cecf":"00000000-0000-000c-ffff-ffff0000062c","ELEMENT":"00000000-0000-000c-ffff-ffff0000062c"},{"element-6066-11e4-a52e-4f735466cecf":"00000000-0000-000c-ffff-ffff00000632","ELEMENT":"00000000-0000-000c-ffff-ffff00000632"},{"element-6066-11e4-a52e-4f735466cecf":"00000000-0000-000c-ffff-ffff00000638","ELEMENT":"00000000-0000-000c-ffff-ffff00000638"},{"element-6066-11e4-a52e-4f735466cecf":"00000000-0000-000c-ffff-ffff0000063e","ELEMENT":"00000000-0000-000c-ffff-ffff0000063e"},{"element-6066-11e4-a52e-4f735466cecf":"00000000-0000-000c-ffff-ffff00000648","ELEMENT":"00000000-0000-000c-ffff-ffff00000648"},{"element-6066-11e4-a52e-4f735466cecf":"00000000-0000-000c-ffff-ffff0000064e","ELEMENT":"00000000-0000-000c-ffff-ffff0000064e"},{"element-6066-11e4-a52e-4f735466cecf":"00000000-0000-000c-ffff-ffff00000654","ELEMENT":"00000000-0000-000c-ffff-ffff0000065...
&amp#27;[38;5;0m[HTTP]&amp#27;[0m &amp#27;[37m<-- POST /session/32d2a80d-dc78-4f3e-a636-c5413edf6ff7/elements &amp#27;[39m&amp#27;[32m200&amp#27;[39m &amp#27;[90m98 ms - 1291&amp#27;[39m
&amp#27;[38;5;0m[HTTP]&amp#27;[0m &amp#27;[90m&amp#27;[39m
&amp#27;[38;5;0m[HTTP]&amp#27;[0m &amp#27;[37m-->&amp#27;[39m &amp#27;[37mGET&amp#27;[39m &amp#27;[37m/session/32d2a80d-dc78-4f3e-a636-c5413edf6ff7/element/00000000-0000-000c-ffff-ffff00000648/displayed&amp#27;[39m
&amp#27;[38;5;0m[HTTP]&amp#27;[0m &amp#27;[90m{}&amp#27;[39m
&amp#27;[38;5;32m[AndroidUiautomator2Driver@6457 (32d2a80d)]&amp#27;[0m Calling AppiumDriver.elementDisplayed() with args: ["00000000-0000-000c-ffff-ffff00000648","32d2a80d-dc78-4f3e-a636-c5413edf6ff7"]
&amp#27;[38;5;32m[AndroidUiautomator2Driver@6457 (32d2a80d)]&amp#27;[0m Matched '/element/00000000-0000-000c-ffff-ffff00000648/attribute/displayed' to command name 'getAttribute'
&amp#27;[38;5;32m[AndroidUiautomator2Driver@6457 (32d2a80d)]&amp#27;[0m Proxying [GET /element/00000000-0000-000c-ffff-ffff00000648/attribute/displayed] to [GET http://127.0.0.1:8200/session/f5e84c71-f4f7-4f8e-aec7-33a82bd27fec/element/00000000-0000-000c-ffff-ffff00000648/attribute/displayed] with no body
&amp#27;[38;5;32m[AndroidUiautomator2Driver@6457 (32d2a80d)]&amp#27;[0m Got response with status 200: {"sessionId":"f5e84c71-f4f7-4f8e-aec7-33a82bd27fec","value":"true"}
&amp#27;[38;5;32m[AndroidUiautomator2Driver@6457 (32d2a80d)]&amp#27;[0m Responding to client with driver.elementDisplayed() result: true
&amp#27;[38;5;0m[HTTP]&amp#27;[0m &amp#27;[37m<-- GET /session/32d2a80d-dc78-4f3e-a636-c5413edf6ff7/element/00000000-0000-000c-ffff-ffff00000648/displayed &amp#27;[39m&amp#27;[32m200&amp#27;[39m &amp#27;[90m9 ms - 14&amp#27;[39m
&amp#27;[38;5;0m[HTTP]&amp#27;[0m &amp#27;[90m&amp#27;[39m
&amp#27;[38;5;0m[HTTP]&amp#27;[0m &amp#27;[37m-->&amp#27;[39m &amp#27;[37mGET&amp#27;[39m &amp#27;[37m/session/32d2a80d-dc78-4f3e-a636-c5413edf6ff7/context&amp#27;[39m
&amp#27;[38;5;0m[HTTP]&amp#27;[0m &amp#27;[90m{}&amp#27;[39m
&amp#27;[38;5;32m[AndroidUiautomator2Driver@6457 (32d2a80d)]&amp#27;[0m Calling AppiumDriver.getCurrentContext() with args: ["32d2a80d-dc78-4f3e-a636-c5413edf6ff7"]
&amp#27;[38;5;32m[AndroidUiautomator2Driver@6457 (32d2a80d)]&amp#27;[0m Responding to client with driver.getCurrentContext() result: "NATIVE_APP"
&amp#27;[38;5;0m[HTTP]&amp#27;[0m &amp#27;[37m<-- GET /session/32d2a80d-dc78-4f3e-a636-c5413edf6ff7/context &amp#27;[39m&amp#27;[32m200&amp#27;[39m &amp#27;[90m1 ms - 22&amp#27;[39m
&amp#27;[38;5;0m[HTTP]&amp#27;[0m &amp#27;[90m&amp#27;[39m
&amp#27;[38;5;0m[HTTP]&amp#27;[0m &amp#27;[37m-->&amp#27;[39m &amp#27;[37mPOST&amp#27;[39m &amp#27;[37m/session/32d2a80d-dc78-4f3e-a636-c5413edf6ff7/elements&amp#27;[39m
&amp#27;[38;5;0m[HTTP]&amp#27;[0m &amp#27;[90m{"value":"com.fivemobile.thescore:id/text_value","using":"id"}&amp#27;[39m
&amp#27;[38;5;32m[AndroidUiautomator2Driver@6457 (32d2a80d)]&amp#27;[0m Calling AppiumDriver.findElements() with args: ["id","com.fivemobile.thescore:id/text_value","32d2a80d-dc78-4f3e-a636-c5413edf6ff7"]
&amp#27;[38;5;32m[AndroidUiautomator2Driver@6457 (32d2a80d)]&amp#27;[0m Valid locator strategies for this request: xpath, id, class name, accessibility id, css selector, -android uiautomator
&amp#27;[38;5;32m[AndroidUiautomator2Driver@6457 (32d2a80d)]&amp#27;[0m Waiting up to 10000 ms for condition
&amp#27;[38;5;32m[AndroidUiautomator2Driver@6457 (32d2a80d)]&amp#27;[0m Matched '/elements' to command name 'findElements'
&amp#27;[38;5;32m[AndroidUiautomator2Driver@6457 (32d2a80d)]&amp#27;[0m Proxying [POST /elements] to [POST http://127.0.0.1:8200/session/f5e84c71-f4f7-4f8e-aec7-33a82bd27fec/elements] with body: {"strategy":"id","selector":"com.fivemobile.thescore:id/text_value","context":"","multiple":true}
&amp#27;[38;5;32m[AndroidUiautomator2Driver@6457 (32d2a80d)]&amp#27;[0m Got response with status 200: {"sessionId":"f5e84c71-f4f7-4f8e-aec7-33a82bd27fec","value":[{"ELEMENT":"00000000-0000-000c-ffff-ffff00000626","element-6066-11e4-a52e-4f735466cecf":"00000000-0000-000c-ffff-ffff00000626"},{"ELEMENT":"00000000-0000-000c-ffff-ffff0000062c","element-6066-11e4-a52e-4f735466cecf":"00000000-0000-000c-ffff-ffff0000062c"},{"ELEMENT":"00000000-0000-000c-ffff-ffff00000632","element-6066-11e4-a52e-4f735466cecf":"00000000-0000-000c-ffff-ffff00000632"},{"ELEMENT":"00000000-0000-000c-ffff-ffff00000638","element-6066-11e4-a52e-4f735466cecf":"00000000-0000-000c-ffff-ffff00000638"},{"ELEMENT":"00000000-0000-000c-ffff-ffff0000063e","element-6066-11e4-a52e-4f735466cecf":"00000000-0000-000c-ffff-ffff0000063e"},{"ELEMENT":"00000000-0000-000c-ffff-ffff00000648","element-6066-11e4-a52e-4f735466cecf":"00000000-0000-000c-ffff-ffff00000648"},{"ELEMENT":"00000000-0000-000c-ffff-ffff0000064e","element-6066-11e4-a52e-4f735466cecf":"00000000-0000-000c-ffff-ffff0000064e"},{"ELEMENT":"00000000-0000-000c-ffff-ffff00000654","element-6066-...
&amp#27;[38;5;32m[AndroidUiautomator2Driver@6457 (32d2a80d)]&amp#27;[0m Responding to client with driver.findElements() result: [{"element-6066-11e4-a52e-4f735466cecf":"00000000-0000-000c-ffff-ffff00000626","ELEMENT":"00000000-0000-000c-ffff-ffff00000626"},{"element-6066-11e4-a52e-4f735466cecf":"00000000-0000-000c-ffff-ffff0000062c","ELEMENT":"00000000-0000-000c-ffff-ffff0000062c"},{"element-6066-11e4-a52e-4f735466cecf":"00000000-0000-000c-ffff-ffff00000632","ELEMENT":"00000000-0000-000c-ffff-ffff00000632"},{"element-6066-11e4-a52e-4f735466cecf":"00000000-0000-000c-ffff-ffff00000638","ELEMENT":"00000000-0000-000c-ffff-ffff00000638"},{"element-6066-11e4-a52e-4f735466cecf":"00000000-0000-000c-ffff-ffff0000063e","ELEMENT":"00000000-0000-000c-ffff-ffff0000063e"},{"element-6066-11e4-a52e-4f735466cecf":"00000000-0000-000c-ffff-ffff00000648","ELEMENT":"00000000-0000-000c-ffff-ffff00000648"},{"element-6066-11e4-a52e-4f735466cecf":"00000000-0000-000c-ffff-ffff0000064e","ELEMENT":"00000000-0000-000c-ffff-ffff0000064e"},{"element-6066-11e4-a52e-4f735466cecf":"00000000-0000-000c-ffff-ffff00000654","ELEMENT":"00000000-0000-000c-ffff-ffff0000065...
&amp#27;[38;5;0m[HTTP]&amp#27;[0m &amp#27;[37m<-- POST /session/32d2a80d-dc78-4f3e-a636-c5413edf6ff7/elements &amp#27;[39m&amp#27;[32m200&amp#27;[39m &amp#27;[90m106 ms - 1291&amp#27;[39m
&amp#27;[38;5;0m[HTTP]&amp#27;[0m &amp#27;[90m&amp#27;[39m
&amp#27;[38;5;0m[HTTP]&amp#27;[0m &amp#27;[37m-->&amp#27;[39m &amp#27;[37mGET&amp#27;[39m &amp#27;[37m/session/32d2a80d-dc78-4f3e-a636-c5413edf6ff7/context&amp#27;[39m
&amp#27;[38;5;0m[HTTP]&amp#27;[0m &amp#27;[90m{}&amp#27;[39m
&amp#27;[38;5;32m[AndroidUiautomator2Driver@6457 (32d2a80d)]&amp#27;[0m Calling AppiumDriver.getCurrentContext() with args: ["32d2a80d-dc78-4f3e-a636-c5413edf6ff7"]
&amp#27;[38;5;32m[AndroidUiautomator2Driver@6457 (32d2a80d)]&amp#27;[0m Responding to client with driver.getCurrentContext() result: "NATIVE_APP"
&amp#27;[38;5;0m[HTTP]&amp#27;[0m &amp#27;[37m<-- GET /session/32d2a80d-dc78-4f3e-a636-c5413edf6ff7/context &amp#27;[39m&amp#27;[32m200&amp#27;[39m &amp#27;[90m1 ms - 22&amp#27;[39m
&amp#27;[38;5;0m[HTTP]&amp#27;[0m &amp#27;[90m&amp#27;[39m
&amp#27;[38;5;0m[HTTP]&amp#27;[0m &amp#27;[37m-->&amp#27;[39m &amp#27;[37mPOST&amp#27;[39m &amp#27;[37m/session/32d2a80d-dc78-4f3e-a636-c5413edf6ff7/elements&amp#27;[39m
&amp#27;[38;5;0m[HTTP]&amp#27;[0m &amp#27;[90m{"value":"com.fivemobile.thescore:id/text_value","using":"id"}&amp#27;[39m
&amp#27;[38;5;32m[AndroidUiautomator2Driver@6457 (32d2a80d)]&amp#27;[0m Calling AppiumDriver.findElements() with args: ["id","com.fivemobile.thescore:id/text_value","32d2a80d-dc78-4f3e-a636-c5413edf6ff7"]
&amp#27;[38;5;32m[AndroidUiautomator2Driver@6457 (32d2a80d)]&amp#27;[0m Valid locator strategies for this request: xpath, id, class name, accessibility id, css selector, -android uiautomator
&amp#27;[38;5;32m[AndroidUiautomator2Driver@6457 (32d2a80d)]&amp#27;[0m Waiting up to 10000 ms for condition
&amp#27;[38;5;32m[AndroidUiautomator2Driver@6457 (32d2a80d)]&amp#27;[0m Matched '/elements' to command name 'findElements'
&amp#27;[38;5;32m[AndroidUiautomator2Driver@6457 (32d2a80d)]&amp#27;[0m Proxying [POST /elements] to [POST http://127.0.0.1:8200/session/f5e84c71-f4f7-4f8e-aec7-33a82bd27fec/elements] with body: {"strategy":"id","selector":"com.fivemobile.thescore:id/text_value","context":"","multiple":true}
&amp#27;[38;5;32m[AndroidUiautomator2Driver@6457 (32d2a80d)]&amp#27;[0m Got response with status 200: {"sessionId":"f5e84c71-f4f7-4f8e-aec7-33a82bd27fec","value":[{"ELEMENT":"00000000-0000-000c-ffff-ffff00000626","element-6066-11e4-a52e-4f735466cecf":"00000000-0000-000c-ffff-ffff00000626"},{"ELEMENT":"00000000-0000-000c-ffff-ffff0000062c","element-6066-11e4-a52e-4f735466cecf":"00000000-0000-000c-ffff-ffff0000062c"},{"ELEMENT":"00000000-0000-000c-ffff-ffff00000632","element-6066-11e4-a52e-4f735466cecf":"00000000-0000-000c-ffff-ffff00000632"},{"ELEMENT":"00000000-0000-000c-ffff-ffff00000638","element-6066-11e4-a52e-4f735466cecf":"00000000-0000-000c-ffff-ffff00000638"},{"ELEMENT":"00000000-0000-000c-ffff-ffff0000063e","element-6066-11e4-a52e-4f735466cecf":"00000000-0000-000c-ffff-ffff0000063e"},{"ELEMENT":"00000000-0000-000c-ffff-ffff00000648","element-6066-11e4-a52e-4f735466cecf":"00000000-0000-000c-ffff-ffff00000648"},{"ELEMENT":"00000000-0000-000c-ffff-ffff0000064e","element-6066-11e4-a52e-4f735466cecf":"00000000-0000-000c-ffff-ffff0000064e"},{"ELEMENT":"00000000-0000-000c-ffff-ffff00000654","element-6066-...
&amp#27;[38;5;32m[AndroidUiautomator2Driver@6457 (32d2a80d)]&amp#27;[0m Responding to client with driver.findElements() result: [{"element-6066-11e4-a52e-4f735466cecf":"00000000-0000-000c-ffff-ffff00000626","ELEMENT":"00000000-0000-000c-ffff-ffff00000626"},{"element-6066-11e4-a52e-4f735466cecf":"00000000-0000-000c-ffff-ffff0000062c","ELEMENT":"00000000-0000-000c-ffff-ffff0000062c"},{"element-6066-11e4-a52e-4f735466cecf":"00000000-0000-000c-ffff-ffff00000632","ELEMENT":"00000000-0000-000c-ffff-ffff00000632"},{"element-6066-11e4-a52e-4f735466cecf":"00000000-0000-000c-ffff-ffff00000638","ELEMENT":"00000000-0000-000c-ffff-ffff00000638"},{"element-6066-11e4-a52e-4f735466cecf":"00000000-0000-000c-ffff-ffff0000063e","ELEMENT":"00000000-0000-000c-ffff-ffff0000063e"},{"element-6066-11e4-a52e-4f735466cecf":"00000000-0000-000c-ffff-ffff00000648","ELEMENT":"00000000-0000-000c-ffff-ffff00000648"},{"element-6066-11e4-a52e-4f735466cecf":"00000000-0000-000c-ffff-ffff0000064e","ELEMENT":"00000000-0000-000c-ffff-ffff0000064e"},{"element-6066-11e4-a52e-4f735466cecf":"00000000-0000-000c-ffff-ffff00000654","ELEMENT":"00000000-0000-000c-ffff-ffff0000065...
&amp#27;[38;5;0m[HTTP]&amp#27;[0m &amp#27;[37m<-- POST /session/32d2a80d-dc78-4f3e-a636-c5413edf6ff7/elements &amp#27;[39m&amp#27;[32m200&amp#27;[39m &amp#27;[90m100 ms - 1291&amp#27;[39m
&amp#27;[38;5;0m[HTTP]&amp#27;[0m &amp#27;[90m&amp#27;[39m
&amp#27;[38;5;0m[HTTP]&amp#27;[0m &amp#27;[37m-->&amp#27;[39m &amp#27;[37mGET&amp#27;[39m &amp#27;[37m/session/32d2a80d-dc78-4f3e-a636-c5413edf6ff7/element/00000000-0000-000c-ffff-ffff0000064e/displayed&amp#27;[39m
&amp#27;[38;5;0m[HTTP]&amp#27;[0m &amp#27;[90m{}&amp#27;[39m
&amp#27;[38;5;32m[AndroidUiautomator2Driver@6457 (32d2a80d)]&amp#27;[0m Calling AppiumDriver.elementDisplayed() with args: ["00000000-0000-000c-ffff-ffff0000064e","32d2a80d-dc78-4f3e-a636-c5413edf6ff7"]
&amp#27;[38;5;32m[AndroidUiautomator2Driver@6457 (32d2a80d)]&amp#27;[0m Matched '/element/00000000-0000-000c-ffff-ffff0000064e/attribute/displayed' to command name 'getAttribute'
&amp#27;[38;5;32m[AndroidUiautomator2Driver@6457 (32d2a80d)]&amp#27;[0m Proxying [GET /element/00000000-0000-000c-ffff-ffff0000064e/attribute/displayed] to [GET http://127.0.0.1:8200/session/f5e84c71-f4f7-4f8e-aec7-33a82bd27fec/element/00000000-0000-000c-ffff-ffff0000064e/attribute/displayed] with no body
&amp#27;[38;5;32m[AndroidUiautomator2Driver@6457 (32d2a80d)]&amp#27;[0m Got response with status 200: {"sessionId":"f5e84c71-f4f7-4f8e-aec7-33a82bd27fec","value":"true"}
&amp#27;[38;5;32m[AndroidUiautomator2Driver@6457 (32d2a80d)]&amp#27;[0m Responding to client with driver.elementDisplayed() result: true
&amp#27;[38;5;0m[HTTP]&amp#27;[0m &amp#27;[37m<-- GET /session/32d2a80d-dc78-4f3e-a636-c5413edf6ff7/element/00000000-0000-000c-ffff-ffff0000064e/displayed &amp#27;[39m&amp#27;[32m200&amp#27;[39m &amp#27;[90m12 ms - 14&amp#27;[39m
&amp#27;[38;5;0m[HTTP]&amp#27;[0m &amp#27;[90m&amp#27;[39m
&amp#27;[38;5;0m[HTTP]&amp#27;[0m &amp#27;[37m-->&amp#27;[39m &amp#27;[37mGET&amp#27;[39m &amp#27;[37m/session/32d2a80d-dc78-4f3e-a636-c5413edf6ff7/context&amp#27;[39m
&amp#27;[38;5;0m[HTTP]&amp#27;[0m &amp#27;[90m{}&amp#27;[39m
&amp#27;[38;5;32m[AndroidUiautomator2Driver@6457 (32d2a80d)]&amp#27;[0m Calling AppiumDriver.getCurrentContext() with args: ["32d2a80d-dc78-4f3e-a636-c5413edf6ff7"]
&amp#27;[38;5;32m[AndroidUiautomator2Driver@6457 (32d2a80d)]&amp#27;[0m Responding to client with driver.getCurrentContext() result: "NATIVE_APP"
&amp#27;[38;5;0m[HTTP]&amp#27;[0m &amp#27;[37m<-- GET /session/32d2a80d-dc78-4f3e-a636-c5413edf6ff7/context &amp#27;[39m&amp#27;[32m200&amp#27;[39m &amp#27;[90m1 ms - 22&amp#27;[39m
&amp#27;[38;5;0m[HTTP]&amp#27;[0m &amp#27;[90m&amp#27;[39m
&amp#27;[38;5;0m[HTTP]&amp#27;[0m &amp#27;[37m-->&amp#27;[39m &amp#27;[37mPOST&amp#27;[39m &amp#27;[37m/session/32d2a80d-dc78-4f3e-a636-c5413edf6ff7/elements&amp#27;[39m
&amp#27;[38;5;0m[HTTP]&amp#27;[0m &amp#27;[90m{"value":"com.fivemobile.thescore:id/text_value","using":"id"}&amp#27;[39m
&amp#27;[38;5;32m[AndroidUiautomator2Driver@6457 (32d2a80d)]&amp#27;[0m Calling AppiumDriver.findElements() with args: ["id","com.fivemobile.thescore:id/text_value","32d2a80d-dc78-4f3e-a636-c5413edf6ff7"]
&amp#27;[38;5;32m[AndroidUiautomator2Driver@6457 (32d2a80d)]&amp#27;[0m Valid locator strategies for this request: xpath, id, class name, accessibility id, css selector, -android uiautomator
&amp#27;[38;5;32m[AndroidUiautomator2Driver@6457 (32d2a80d)]&amp#27;[0m Waiting up to 10000 ms for condition
&amp#27;[38;5;32m[AndroidUiautomator2Driver@6457 (32d2a80d)]&amp#27;[0m Matched '/elements' to command name 'findElements'
&amp#27;[38;5;32m[AndroidUiautomator2Driver@6457 (32d2a80d)]&amp#27;[0m Proxying [POST /elements] to [POST http://127.0.0.1:8200/session/f5e84c71-f4f7-4f8e-aec7-33a82bd27fec/elements] with body: {"strategy":"id","selector":"com.fivemobile.thescore:id/text_value","context":"","multiple":true}
&amp#27;[38;5;32m[AndroidUiautomator2Driver@6457 (32d2a80d)]&amp#27;[0m Got response with status 200: {"sessionId":"f5e84c71-f4f7-4f8e-aec7-33a82bd27fec","value":[{"ELEMENT":"00000000-0000-000c-ffff-ffff00000626","element-6066-11e4-a52e-4f735466cecf":"00000000-0000-000c-ffff-ffff00000626"},{"ELEMENT":"00000000-0000-000c-ffff-ffff0000062c","element-6066-11e4-a52e-4f735466cecf":"00000000-0000-000c-ffff-ffff0000062c"},{"ELEMENT":"00000000-0000-000c-ffff-ffff00000632","element-6066-11e4-a52e-4f735466cecf":"00000000-0000-000c-ffff-ffff00000632"},{"ELEMENT":"00000000-0000-000c-ffff-ffff00000638","element-6066-11e4-a52e-4f735466cecf":"00000000-0000-000c-ffff-ffff00000638"},{"ELEMENT":"00000000-0000-000c-ffff-ffff0000063e","element-6066-11e4-a52e-4f735466cecf":"00000000-0000-000c-ffff-ffff0000063e"},{"ELEMENT":"00000000-0000-000c-ffff-ffff00000648","element-6066-11e4-a52e-4f735466cecf":"00000000-0000-000c-ffff-ffff00000648"},{"ELEMENT":"00000000-0000-000c-ffff-ffff0000064e","element-6066-11e4-a52e-4f735466cecf":"00000000-0000-000c-ffff-ffff0000064e"},{"ELEMENT":"00000000-0000-000c-ffff-ffff00000654","element-6066-...
&amp#27;[38;5;32m[AndroidUiautomator2Driver@6457 (32d2a80d)]&amp#27;[0m Responding to client with driver.findElements() result: [{"element-6066-11e4-a52e-4f735466cecf":"00000000-0000-000c-ffff-ffff00000626","ELEMENT":"00000000-0000-000c-ffff-ffff00000626"},{"element-6066-11e4-a52e-4f735466cecf":"00000000-0000-000c-ffff-ffff0000062c","ELEMENT":"00000000-0000-000c-ffff-ffff0000062c"},{"element-6066-11e4-a52e-4f735466cecf":"00000000-0000-000c-ffff-ffff00000632","ELEMENT":"00000000-0000-000c-ffff-ffff00000632"},{"element-6066-11e4-a52e-4f735466cecf":"00000000-0000-000c-ffff-ffff00000638","ELEMENT":"00000000-0000-000c-ffff-ffff00000638"},{"element-6066-11e4-a52e-4f735466cecf":"00000000-0000-000c-ffff-ffff0000063e","ELEMENT":"00000000-0000-000c-ffff-ffff0000063e"},{"element-6066-11e4-a52e-4f735466cecf":"00000000-0000-000c-ffff-ffff00000648","ELEMENT":"00000000-0000-000c-ffff-ffff00000648"},{"element-6066-11e4-a52e-4f735466cecf":"00000000-0000-000c-ffff-ffff0000064e","ELEMENT":"00000000-0000-000c-ffff-ffff0000064e"},{"element-6066-11e4-a52e-4f735466cecf":"00000000-0000-000c-ffff-ffff00000654","ELEMENT":"00000000-0000-000c-ffff-ffff0000065...
&amp#27;[38;5;0m[HTTP]&amp#27;[0m &amp#27;[37m<-- POST /session/32d2a80d-dc78-4f3e-a636-c5413edf6ff7/elements &amp#27;[39m&amp#27;[32m200&amp#27;[39m &amp#27;[90m87 ms - 1291&amp#27;[39m
&amp#27;[38;5;0m[HTTP]&amp#27;[0m &amp#27;[90m&amp#27;[39m
&amp#27;[38;5;0m[HTTP]&amp#27;[0m &amp#27;[37m-->&amp#27;[39m &amp#27;[37mGET&amp#27;[39m &amp#27;[37m/session/32d2a80d-dc78-4f3e-a636-c5413edf6ff7/context&amp#27;[39m
&amp#27;[38;5;0m[HTTP]&amp#27;[0m &amp#27;[90m{}&amp#27;[39m
&amp#27;[38;5;32m[AndroidUiautomator2Driver@6457 (32d2a80d)]&amp#27;[0m Calling AppiumDriver.getCurrentContext() with args: ["32d2a80d-dc78-4f3e-a636-c5413edf6ff7"]
&amp#27;[38;5;32m[AndroidUiautomator2Driver@6457 (32d2a80d)]&amp#27;[0m Responding to client with driver.getCurrentContext() result: "NATIVE_APP"
&amp#27;[38;5;0m[HTTP]&amp#27;[0m &amp#27;[37m<-- GET /session/32d2a80d-dc78-4f3e-a636-c5413edf6ff7/context &amp#27;[39m&amp#27;[32m200&amp#27;[39m &amp#27;[90m0 ms - 22&amp#27;[39m
&amp#27;[38;5;0m[HTTP]&amp#27;[0m &amp#27;[90m&amp#27;[39m
&amp#27;[38;5;0m[HTTP]&amp#27;[0m &amp#27;[37m-->&amp#27;[39m &amp#27;[37mPOST&amp#27;[39m &amp#27;[37m/session/32d2a80d-dc78-4f3e-a636-c5413edf6ff7/elements&amp#27;[39m
&amp#27;[38;5;0m[HTTP]&amp#27;[0m &amp#27;[90m{"value":"com.fivemobile.thescore:id/text_value","using":"id"}&amp#27;[39m
&amp#27;[38;5;32m[AndroidUiautomator2Driver@6457 (32d2a80d)]&amp#27;[0m Calling AppiumDriver.findElements() with args: ["id","com.fivemobile.thescore:id/text_value","32d2a80d-dc78-4f3e-a636-c5413edf6ff7"]
&amp#27;[38;5;32m[AndroidUiautomator2Driver@6457 (32d2a80d)]&amp#27;[0m Valid locator strategies for this request: xpath, id, class name, accessibility id, css selector, -android uiautomator
&amp#27;[38;5;32m[AndroidUiautomator2Driver@6457 (32d2a80d)]&amp#27;[0m Waiting up to 10000 ms for condition
&amp#27;[38;5;32m[AndroidUiautomator2Driver@6457 (32d2a80d)]&amp#27;[0m Matched '/elements' to command name 'findElements'
&amp#27;[38;5;32m[AndroidUiautomator2Driver@6457 (32d2a80d)]&amp#27;[0m Proxying [POST /elements] to [POST http://127.0.0.1:8200/session/f5e84c71-f4f7-4f8e-aec7-33a82bd27fec/elements] with body: {"strategy":"id","selector":"com.fivemobile.thescore:id/text_value","context":"","multiple":true}
&amp#27;[38;5;32m[AndroidUiautomator2Driver@6457 (32d2a80d)]&amp#27;[0m Got response with status 200: {"sessionId":"f5e84c71-f4f7-4f8e-aec7-33a82bd27fec","value":[{"ELEMENT":"00000000-0000-000c-ffff-ffff00000626","element-6066-11e4-a52e-4f735466cecf":"00000000-0000-000c-ffff-ffff00000626"},{"ELEMENT":"00000000-0000-000c-ffff-ffff0000062c","element-6066-11e4-a52e-4f735466cecf":"00000000-0000-000c-ffff-ffff0000062c"},{"ELEMENT":"00000000-0000-000c-ffff-ffff00000632","element-6066-11e4-a52e-4f735466cecf":"00000000-0000-000c-ffff-ffff00000632"},{"ELEMENT":"00000000-0000-000c-ffff-ffff00000638","element-6066-11e4-a52e-4f735466cecf":"00000000-0000-000c-ffff-ffff00000638"},{"ELEMENT":"00000000-0000-000c-ffff-ffff0000063e","element-6066-11e4-a52e-4f735466cecf":"00000000-0000-000c-ffff-ffff0000063e"},{"ELEMENT":"00000000-0000-000c-ffff-ffff00000648","element-6066-11e4-a52e-4f735466cecf":"00000000-0000-000c-ffff-ffff00000648"},{"ELEMENT":"00000000-0000-000c-ffff-ffff0000064e","element-6066-11e4-a52e-4f735466cecf":"00000000-0000-000c-ffff-ffff0000064e"},{"ELEMENT":"00000000-0000-000c-ffff-ffff00000654","element-6066-...
&amp#27;[38;5;32m[AndroidUiautomator2Driver@6457 (32d2a80d)]&amp#27;[0m Responding to client with driver.findElements() result: [{"element-6066-11e4-a52e-4f735466cecf":"00000000-0000-000c-ffff-ffff00000626","ELEMENT":"00000000-0000-000c-ffff-ffff00000626"},{"element-6066-11e4-a52e-4f735466cecf":"00000000-0000-000c-ffff-ffff0000062c","ELEMENT":"00000000-0000-000c-ffff-ffff0000062c"},{"element-6066-11e4-a52e-4f735466cecf":"00000000-0000-000c-ffff-ffff00000632","ELEMENT":"00000000-0000-000c-ffff-ffff00000632"},{"element-6066-11e4-a52e-4f735466cecf":"00000000-0000-000c-ffff-ffff00000638","ELEMENT":"00000000-0000-000c-ffff-ffff00000638"},{"element-6066-11e4-a52e-4f735466cecf":"00000000-0000-000c-ffff-ffff0000063e","ELEMENT":"00000000-0000-000c-ffff-ffff0000063e"},{"element-6066-11e4-a52e-4f735466cecf":"00000000-0000-000c-ffff-ffff00000648","ELEMENT":"00000000-0000-000c-ffff-ffff00000648"},{"element-6066-11e4-a52e-4f735466cecf":"00000000-0000-000c-ffff-ffff0000064e","ELEMENT":"00000000-0000-000c-ffff-ffff0000064e"},{"element-6066-11e4-a52e-4f735466cecf":"00000000-0000-000c-ffff-ffff00000654","ELEMENT":"00000000-0000-000c-ffff-ffff0000065...
&amp#27;[38;5;0m[HTTP]&amp#27;[0m &amp#27;[37m<-- POST /session/32d2a80d-dc78-4f3e-a636-c5413edf6ff7/elements &amp#27;[39m&amp#27;[32m200&amp#27;[39m &amp#27;[90m101 ms - 1291&amp#27;[39m
&amp#27;[38;5;0m[HTTP]&amp#27;[0m &amp#27;[90m&amp#27;[39m
&amp#27;[38;5;0m[HTTP]&amp#27;[0m &amp#27;[37m-->&amp#27;[39m &amp#27;[37mGET&amp#27;[39m &amp#27;[37m/session/32d2a80d-dc78-4f3e-a636-c5413edf6ff7/element/00000000-0000-000c-ffff-ffff00000654/displayed&amp#27;[39m
&amp#27;[38;5;0m[HTTP]&amp#27;[0m &amp#27;[90m{}&amp#27;[39m
&amp#27;[38;5;32m[AndroidUiautomator2Driver@6457 (32d2a80d)]&amp#27;[0m Calling AppiumDriver.elementDisplayed() with args: ["00000000-0000-000c-ffff-ffff00000654","32d2a80d-dc78-4f3e-a636-c5413edf6ff7"]
&amp#27;[38;5;32m[AndroidUiautomator2Driver@6457 (32d2a80d)]&amp#27;[0m Matched '/element/00000000-0000-000c-ffff-ffff00000654/attribute/displayed' to command name 'getAttribute'
&amp#27;[38;5;32m[AndroidUiautomator2Driver@6457 (32d2a80d)]&amp#27;[0m Proxying [GET /element/00000000-0000-000c-ffff-ffff00000654/attribute/displayed] to [GET http://127.0.0.1:8200/session/f5e84c71-f4f7-4f8e-aec7-33a82bd27fec/element/00000000-0000-000c-ffff-ffff00000654/attribute/displayed] with no body
&amp#27;[38;5;32m[AndroidUiautomator2Driver@6457 (32d2a80d)]&amp#27;[0m Got response with status 200: {"sessionId":"f5e84c71-f4f7-4f8e-aec7-33a82bd27fec","value":"true"}
&amp#27;[38;5;32m[AndroidUiautomator2Driver@6457 (32d2a80d)]&amp#27;[0m Responding to client with driver.elementDisplayed() result: true
&amp#27;[38;5;0m[HTTP]&amp#27;[0m &amp#27;[37m<-- GET /session/32d2a80d-dc78-4f3e-a636-c5413edf6ff7/element/00000000-0000-000c-ffff-ffff00000654/displayed &amp#27;[39m&amp#27;[32m200&amp#27;[39m &amp#27;[90m10 ms - 14&amp#27;[39m
&amp#27;[38;5;0m[HTTP]&amp#27;[0m &amp#27;[90m&amp#27;[39m
&amp#27;[38;5;0m[HTTP]&amp#27;[0m &amp#27;[37m-->&amp#27;[39m &amp#27;[37mGET&amp#27;[39m &amp#27;[37m/session/32d2a80d-dc78-4f3e-a636-c5413edf6ff7/context&amp#27;[39m
&amp#27;[38;5;0m[HTTP]&amp#27;[0m &amp#27;[90m{}&amp#27;[39m
&amp#27;[38;5;32m[AndroidUiautomator2Driver@6457 (32d2a80d)]&amp#27;[0m Calling AppiumDriver.getCurrentContext() with args: ["32d2a80d-dc78-4f3e-a636-c5413edf6ff7"]
&amp#27;[38;5;32m[AndroidUiautomator2Driver@6457 (32d2a80d)]&amp#27;[0m Responding to client with driver.getCurrentContext() result: "NATIVE_APP"
&amp#27;[38;5;0m[HTTP]&amp#27;[0m &amp#27;[37m<-- GET /session/32d2a80d-dc78-4f3e-a636-c5413edf6ff7/context &amp#27;[39m&amp#27;[32m200&amp#27;[39m &amp#27;[90m0 ms - 22&amp#27;[39m
&amp#27;[38;5;0m[HTTP]&amp#27;[0m &amp#27;[90m&amp#27;[39m
&amp#27;[38;5;0m[HTTP]&amp#27;[0m &amp#27;[37m-->&amp#27;[39m &amp#27;[37mPOST&amp#27;[39m &amp#27;[37m/session/32d2a80d-dc78-4f3e-a636-c5413edf6ff7/elements&amp#27;[39m
&amp#27;[38;5;0m[HTTP]&amp#27;[0m &amp#27;[90m{"value":"com.fivemobile.thescore:id/text_value","using":"id"}&amp#27;[39m
&amp#27;[38;5;32m[AndroidUiautomator2Driver@6457 (32d2a80d)]&amp#27;[0m Calling AppiumDriver.findElements() with args: ["id","com.fivemobile.thescore:id/text_value","32d2a80d-dc78-4f3e-a636-c5413edf6ff7"]
&amp#27;[38;5;32m[AndroidUiautomator2Driver@6457 (32d2a80d)]&amp#27;[0m Valid locator strategies for this request: xpath, id, class name, accessibility id, css selector, -android uiautomator
&amp#27;[38;5;32m[AndroidUiautomator2Driver@6457 (32d2a80d)]&amp#27;[0m Waiting up to 10000 ms for condition
&amp#27;[38;5;32m[AndroidUiautomator2Driver@6457 (32d2a80d)]&amp#27;[0m Matched '/elements' to command name 'findElements'
&amp#27;[38;5;32m[AndroidUiautomator2Driver@6457 (32d2a80d)]&amp#27;[0m Proxying [POST /elements] to [POST http://127.0.0.1:8200/session/f5e84c71-f4f7-4f8e-aec7-33a82bd27fec/elements] with body: {"strategy":"id","selector":"com.fivemobile.thescore:id/text_value","context":"","multiple":true}
&amp#27;[38;5;32m[AndroidUiautomator2Driver@6457 (32d2a80d)]&amp#27;[0m Got response with status 200: {"sessionId":"f5e84c71-f4f7-4f8e-aec7-33a82bd27fec","value":[{"ELEMENT":"00000000-0000-000c-ffff-ffff00000626","element-6066-11e4-a52e-4f735466cecf":"00000000-0000-000c-ffff-ffff00000626"},{"ELEMENT":"00000000-0000-000c-ffff-ffff0000062c","element-6066-11e4-a52e-4f735466cecf":"00000000-0000-000c-ffff-ffff0000062c"},{"ELEMENT":"00000000-0000-000c-ffff-ffff00000632","element-6066-11e4-a52e-4f735466cecf":"00000000-0000-000c-ffff-ffff00000632"},{"ELEMENT":"00000000-0000-000c-ffff-ffff00000638","element-6066-11e4-a52e-4f735466cecf":"00000000-0000-000c-ffff-ffff00000638"},{"ELEMENT":"00000000-0000-000c-ffff-ffff0000063e","element-6066-11e4-a52e-4f735466cecf":"00000000-0000-000c-ffff-ffff0000063e"},{"ELEMENT":"00000000-0000-000c-ffff-ffff00000648","element-6066-11e4-a52e-4f735466cecf":"00000000-0000-000c-ffff-ffff00000648"},{"ELEMENT":"00000000-0000-000c-ffff-ffff0000064e","element-6066-11e4-a52e-4f735466cecf":"00000000-0000-000c-ffff-ffff0000064e"},{"ELEMENT":"00000000-0000-000c-ffff-ffff00000654","element-6066-...
&amp#27;[38;5;32m[AndroidUiautomator2Driver@6457 (32d2a80d)]&amp#27;[0m Responding to client with driver.findElements() result: [{"element-6066-11e4-a52e-4f735466cecf":"00000000-0000-000c-ffff-ffff00000626","ELEMENT":"00000000-0000-000c-ffff-ffff00000626"},{"element-6066-11e4-a52e-4f735466cecf":"00000000-0000-000c-ffff-ffff0000062c","ELEMENT":"00000000-0000-000c-ffff-ffff0000062c"},{"element-6066-11e4-a52e-4f735466cecf":"00000000-0000-000c-ffff-ffff00000632","ELEMENT":"00000000-0000-000c-ffff-ffff00000632"},{"element-6066-11e4-a52e-4f735466cecf":"00000000-0000-000c-ffff-ffff00000638","ELEMENT":"00000000-0000-000c-ffff-ffff00000638"},{"element-6066-11e4-a52e-4f735466cecf":"00000000-0000-000c-ffff-ffff0000063e","ELEMENT":"00000000-0000-000c-ffff-ffff0000063e"},{"element-6066-11e4-a52e-4f735466cecf":"00000000-0000-000c-ffff-ffff00000648","ELEMENT":"00000000-0000-000c-ffff-ffff00000648"},{"element-6066-11e4-a52e-4f735466cecf":"00000000-0000-000c-ffff-ffff0000064e","ELEMENT":"00000000-0000-000c-ffff-ffff0000064e"},{"element-6066-11e4-a52e-4f735466cecf":"00000000-0000-000c-ffff-ffff00000654","ELEMENT":"00000000-0000-000c-ffff-ffff0000065...
&amp#27;[38;5;0m[HTTP]&amp#27;[0m &amp#27;[37m<-- POST /session/32d2a80d-dc78-4f3e-a636-c5413edf6ff7/elements &amp#27;[39m&amp#27;[32m200&amp#27;[39m &amp#27;[90m96 ms - 1291&amp#27;[39m
&amp#27;[38;5;0m[HTTP]&amp#27;[0m &amp#27;[90m&amp#27;[39m
&amp#27;[38;5;0m[HTTP]&amp#27;[0m &amp#27;[37m-->&amp#27;[39m &amp#27;[37mGET&amp#27;[39m &amp#27;[37m/session/32d2a80d-dc78-4f3e-a636-c5413edf6ff7/context&amp#27;[39m
&amp#27;[38;5;0m[HTTP]&amp#27;[0m &amp#27;[90m{}&amp#27;[39m
&amp#27;[38;5;32m[AndroidUiautomator2Driver@6457 (32d2a80d)]&amp#27;[0m Calling AppiumDriver.getCurrentContext() with args: ["32d2a80d-dc78-4f3e-a636-c5413edf6ff7"]
&amp#27;[38;5;32m[AndroidUiautomator2Driver@6457 (32d2a80d)]&amp#27;[0m Responding to client with driver.getCurrentContext() result: "NATIVE_APP"
&amp#27;[38;5;0m[HTTP]&amp#27;[0m &amp#27;[37m<-- GET /session/32d2a80d-dc78-4f3e-a636-c5413edf6ff7/context &amp#27;[39m&amp#27;[32m200&amp#27;[39m &amp#27;[90m0 ms - 22&amp#27;[39m
&amp#27;[38;5;0m[HTTP]&amp#27;[0m &amp#27;[90m&amp#27;[39m
&amp#27;[38;5;0m[HTTP]&amp#27;[0m &amp#27;[37m-->&amp#27;[39m &amp#27;[37mPOST&amp#27;[39m &amp#27;[37m/session/32d2a80d-dc78-4f3e-a636-c5413edf6ff7/elements&amp#27;[39m
&amp#27;[38;5;0m[HTTP]&amp#27;[0m &amp#27;[90m{"value":"com.fivemobile.thescore:id/text_value","using":"id"}&amp#27;[39m
&amp#27;[38;5;32m[AndroidUiautomator2Driver@6457 (32d2a80d)]&amp#27;[0m Calling AppiumDriver.findElements() with args: ["id","com.fivemobile.thescore:id/text_value","32d2a80d-dc78-4f3e-a636-c5413edf6ff7"]
&amp#27;[38;5;32m[AndroidUiautomator2Driver@6457 (32d2a80d)]&amp#27;[0m Valid locator strategies for this request: xpath, id, class name, accessibility id, css selector, -android uiautomator
&amp#27;[38;5;32m[AndroidUiautomator2Driver@6457 (32d2a80d)]&amp#27;[0m Waiting up to 10000 ms for condition
&amp#27;[38;5;32m[AndroidUiautomator2Driver@6457 (32d2a80d)]&amp#27;[0m Matched '/elements' to command name 'findElements'
&amp#27;[38;5;32m[AndroidUiautomator2Driver@6457 (32d2a80d)]&amp#27;[0m Proxying [POST /elements] to [POST http://127.0.0.1:8200/session/f5e84c71-f4f7-4f8e-aec7-33a82bd27fec/elements] with body: {"strategy":"id","selector":"com.fivemobile.thescore:id/text_value","context":"","multiple":true}
&amp#27;[38;5;32m[AndroidUiautomator2Driver@6457 (32d2a80d)]&amp#27;[0m Got response with status 200: {"sessionId":"f5e84c71-f4f7-4f8e-aec7-33a82bd27fec","value":[{"ELEMENT":"00000000-0000-000c-ffff-ffff00000626","element-6066-11e4-a52e-4f735466cecf":"00000000-0000-000c-ffff-ffff00000626"},{"ELEMENT":"00000000-0000-000c-ffff-ffff0000062c","element-6066-11e4-a52e-4f735466cecf":"00000000-0000-000c-ffff-ffff0000062c"},{"ELEMENT":"00000000-0000-000c-ffff-ffff00000632","element-6066-11e4-a52e-4f735466cecf":"00000000-0000-000c-ffff-ffff00000632"},{"ELEMENT":"00000000-0000-000c-ffff-ffff00000638","element-6066-11e4-a52e-4f735466cecf":"00000000-0000-000c-ffff-ffff00000638"},{"ELEMENT":"00000000-0000-000c-ffff-ffff0000063e","element-6066-11e4-a52e-4f735466cecf":"00000000-0000-000c-ffff-ffff0000063e"},{"ELEMENT":"00000000-0000-000c-ffff-ffff00000648","element-6066-11e4-a52e-4f735466cecf":"00000000-0000-000c-ffff-ffff00000648"},{"ELEMENT":"00000000-0000-000c-ffff-ffff0000064e","element-6066-11e4-a52e-4f735466cecf":"00000000-0000-000c-ffff-ffff0000064e"},{"ELEMENT":"00000000-0000-000c-ffff-ffff00000654","element-6066-...
&amp#27;[38;5;32m[AndroidUiautomator2Driver@6457 (32d2a80d)]&amp#27;[0m Responding to client with driver.findElements() result: [{"element-6066-11e4-a52e-4f735466cecf":"00000000-0000-000c-ffff-ffff00000626","ELEMENT":"00000000-0000-000c-ffff-ffff00000626"},{"element-6066-11e4-a52e-4f735466cecf":"00000000-0000-000c-ffff-ffff0000062c","ELEMENT":"00000000-0000-000c-ffff-ffff0000062c"},{"element-6066-11e4-a52e-4f735466cecf":"00000000-0000-000c-ffff-ffff00000632","ELEMENT":"00000000-0000-000c-ffff-ffff00000632"},{"element-6066-11e4-a52e-4f735466cecf":"00000000-0000-000c-ffff-ffff00000638","ELEMENT":"00000000-0000-000c-ffff-ffff00000638"},{"element-6066-11e4-a52e-4f735466cecf":"00000000-0000-000c-ffff-ffff0000063e","ELEMENT":"00000000-0000-000c-ffff-ffff0000063e"},{"element-6066-11e4-a52e-4f735466cecf":"00000000-0000-000c-ffff-ffff00000648","ELEMENT":"00000000-0000-000c-ffff-ffff00000648"},{"element-6066-11e4-a52e-4f735466cecf":"00000000-0000-000c-ffff-ffff0000064e","ELEMENT":"00000000-0000-000c-ffff-ffff0000064e"},{"element-6066-11e4-a52e-4f735466cecf":"00000000-0000-000c-ffff-ffff00000654","ELEMENT":"00000000-0000-000c-ffff-ffff0000065...
&amp#27;[38;5;0m[HTTP]&amp#27;[0m &amp#27;[37m<-- POST /session/32d2a80d-dc78-4f3e-a636-c5413edf6ff7/elements &amp#27;[39m&amp#27;[32m200&amp#27;[39m &amp#27;[90m99 ms - 1291&amp#27;[39m
&amp#27;[38;5;0m[HTTP]&amp#27;[0m &amp#27;[90m&amp#27;[39m
&amp#27;[38;5;0m[HTTP]&amp#27;[0m &amp#27;[37m-->&amp#27;[39m &amp#27;[37mGET&amp#27;[39m &amp#27;[37m/session/32d2a80d-dc78-4f3e-a636-c5413edf6ff7/element/00000000-0000-000c-ffff-ffff0000065a/displayed&amp#27;[39m
&amp#27;[38;5;0m[HTTP]&amp#27;[0m &amp#27;[90m{}&amp#27;[39m
&amp#27;[38;5;32m[AndroidUiautomator2Driver@6457 (32d2a80d)]&amp#27;[0m Calling AppiumDriver.elementDisplayed() with args: ["00000000-0000-000c-ffff-ffff0000065a","32d2a80d-dc78-4f3e-a636-c5413edf6ff7"]
&amp#27;[38;5;32m[AndroidUiautomator2Driver@6457 (32d2a80d)]&amp#27;[0m Matched '/element/00000000-0000-000c-ffff-ffff0000065a/attribute/displayed' to command name 'getAttribute'
&amp#27;[38;5;32m[AndroidUiautomator2Driver@6457 (32d2a80d)]&amp#27;[0m Proxying [GET /element/00000000-0000-000c-ffff-ffff0000065a/attribute/displayed] to [GET http://127.0.0.1:8200/session/f5e84c71-f4f7-4f8e-aec7-33a82bd27fec/element/00000000-0000-000c-ffff-ffff0000065a/attribute/displayed] with no body
&amp#27;[38;5;32m[AndroidUiautomator2Driver@6457 (32d2a80d)]&amp#27;[0m Got response with status 200: {"sessionId":"f5e84c71-f4f7-4f8e-aec7-33a82bd27fec","value":"true"}
&amp#27;[38;5;32m[AndroidUiautomator2Driver@6457 (32d2a80d)]&amp#27;[0m Responding to client with driver.elementDisplayed() result: true
&amp#27;[38;5;0m[HTTP]&amp#27;[0m &amp#27;[37m<-- GET /session/32d2a80d-dc78-4f3e-a636-c5413edf6ff7/element/00000000-0000-000c-ffff-ffff0000065a/displayed &amp#27;[39m&amp#27;[32m200&amp#27;[39m &amp#27;[90m9 ms - 14&amp#27;[39m
&amp#27;[38;5;0m[HTTP]&amp#27;[0m &amp#27;[90m&amp#27;[39m
&amp#27;[38;5;0m[HTTP]&amp#27;[0m &amp#27;[37m-->&amp#27;[39m &amp#27;[37mGET&amp#27;[39m &amp#27;[37m/session/32d2a80d-dc78-4f3e-a636-c5413edf6ff7/context&amp#27;[39m
&amp#27;[38;5;0m[HTTP]&amp#27;[0m &amp#27;[90m{}&amp#27;[39m
&amp#27;[38;5;32m[AndroidUiautomator2Driver@6457 (32d2a80d)]&amp#27;[0m Calling AppiumDriver.getCurrentContext() with args: ["32d2a80d-dc78-4f3e-a636-c5413edf6ff7"]
&amp#27;[38;5;32m[AndroidUiautomator2Driver@6457 (32d2a80d)]&amp#27;[0m Responding to client with driver.getCurrentContext() result: "NATIVE_APP"
&amp#27;[38;5;0m[HTTP]&amp#27;[0m &amp#27;[37m<-- GET /session/32d2a80d-dc78-4f3e-a636-c5413edf6ff7/context &amp#27;[39m&amp#27;[32m200&amp#27;[39m &amp#27;[90m1 ms - 22&amp#27;[39m
&amp#27;[38;5;0m[HTTP]&amp#27;[0m &amp#27;[90m&amp#27;[39m
&amp#27;[38;5;0m[HTTP]&amp#27;[0m &amp#27;[37m-->&amp#27;[39m &amp#27;[37mPOST&amp#27;[39m &amp#27;[37m/session/32d2a80d-dc78-4f3e-a636-c5413edf6ff7/elements&amp#27;[39m
&amp#27;[38;5;0m[HTTP]&amp#27;[0m &amp#27;[90m{"value":"com.fivemobile.thescore:id/text_value","using":"id"}&amp#27;[39m
&amp#27;[38;5;32m[AndroidUiautomator2Driver@6457 (32d2a80d)]&amp#27;[0m Calling AppiumDriver.findElements() with args: ["id","com.fivemobile.thescore:id/text_value","32d2a80d-dc78-4f3e-a636-c5413edf6ff7"]
&amp#27;[38;5;32m[AndroidUiautomator2Driver@6457 (32d2a80d)]&amp#27;[0m Valid locator strategies for this request: xpath, id, class name, accessibility id, css selector, -android uiautomator
&amp#27;[38;5;32m[AndroidUiautomator2Driver@6457 (32d2a80d)]&amp#27;[0m Waiting up to 10000 ms for condition
&amp#27;[38;5;32m[AndroidUiautomator2Driver@6457 (32d2a80d)]&amp#27;[0m Matched '/elements' to command name 'findElements'
&amp#27;[38;5;32m[AndroidUiautomator2Driver@6457 (32d2a80d)]&amp#27;[0m Proxying [POST /elements] to [POST http://127.0.0.1:8200/session/f5e84c71-f4f7-4f8e-aec7-33a82bd27fec/elements] with body: {"strategy":"id","selector":"com.fivemobile.thescore:id/text_value","context":"","multiple":true}
&amp#27;[38;5;32m[AndroidUiautomator2Driver@6457 (32d2a80d)]&amp#27;[0m Got response with status 200: {"sessionId":"f5e84c71-f4f7-4f8e-aec7-33a82bd27fec","value":[{"ELEMENT":"00000000-0000-000c-ffff-ffff00000626","element-6066-11e4-a52e-4f735466cecf":"00000000-0000-000c-ffff-ffff00000626"},{"ELEMENT":"00000000-0000-000c-ffff-ffff0000062c","element-6066-11e4-a52e-4f735466cecf":"00000000-0000-000c-ffff-ffff0000062c"},{"ELEMENT":"00000000-0000-000c-ffff-ffff00000632","element-6066-11e4-a52e-4f735466cecf":"00000000-0000-000c-ffff-ffff00000632"},{"ELEMENT":"00000000-0000-000c-ffff-ffff00000638","element-6066-11e4-a52e-4f735466cecf":"00000000-0000-000c-ffff-ffff00000638"},{"ELEMENT":"00000000-0000-000c-ffff-ffff0000063e","element-6066-11e4-a52e-4f735466cecf":"00000000-0000-000c-ffff-ffff0000063e"},{"ELEMENT":"00000000-0000-000c-ffff-ffff00000648","element-6066-11e4-a52e-4f735466cecf":"00000000-0000-000c-ffff-ffff00000648"},{"ELEMENT":"00000000-0000-000c-ffff-ffff0000064e","element-6066-11e4-a52e-4f735466cecf":"00000000-0000-000c-ffff-ffff0000064e"},{"ELEMENT":"00000000-0000-000c-ffff-ffff00000654","element-6066-...
&amp#27;[38;5;32m[AndroidUiautomator2Driver@6457 (32d2a80d)]&amp#27;[0m Responding to client with driver.findElements() result: [{"element-6066-11e4-a52e-4f735466cecf":"00000000-0000-000c-ffff-ffff00000626","ELEMENT":"00000000-0000-000c-ffff-ffff00000626"},{"element-6066-11e4-a52e-4f735466cecf":"00000000-0000-000c-ffff-ffff0000062c","ELEMENT":"00000000-0000-000c-ffff-ffff0000062c"},{"element-6066-11e4-a52e-4f735466cecf":"00000000-0000-000c-ffff-ffff00000632","ELEMENT":"00000000-0000-000c-ffff-ffff00000632"},{"element-6066-11e4-a52e-4f735466cecf":"00000000-0000-000c-ffff-ffff00000638","ELEMENT":"00000000-0000-000c-ffff-ffff00000638"},{"element-6066-11e4-a52e-4f735466cecf":"00000000-0000-000c-ffff-ffff0000063e","ELEMENT":"00000000-0000-000c-ffff-ffff0000063e"},{"element-6066-11e4-a52e-4f735466cecf":"00000000-0000-000c-ffff-ffff00000648","ELEMENT":"00000000-0000-000c-ffff-ffff00000648"},{"element-6066-11e4-a52e-4f735466cecf":"00000000-0000-000c-ffff-ffff0000064e","ELEMENT":"00000000-0000-000c-ffff-ffff0000064e"},{"element-6066-11e4-a52e-4f735466cecf":"00000000-0000-000c-ffff-ffff00000654","ELEMENT":"00000000-0000-000c-ffff-ffff0000065...
&amp#27;[38;5;0m[HTTP]&amp#27;[0m &amp#27;[37m<-- POST /session/32d2a80d-dc78-4f3e-a636-c5413edf6ff7/elements &amp#27;[39m&amp#27;[32m200&amp#27;[39m &amp#27;[90m105 ms - 1291&amp#27;[39m
&amp#27;[38;5;0m[HTTP]&amp#27;[0m &amp#27;[90m&amp#27;[39m
&amp#27;[38;5;0m[HTTP]&amp#27;[0m &amp#27;[37m-->&amp#27;[39m &amp#27;[37mGET&amp#27;[39m &amp#27;[37m/session/32d2a80d-dc78-4f3e-a636-c5413edf6ff7/context&amp#27;[39m
&amp#27;[38;5;0m[HTTP]&amp#27;[0m &amp#27;[90m{}&amp#27;[39m
&amp#27;[38;5;32m[AndroidUiautomator2Driver@6457 (32d2a80d)]&amp#27;[0m Calling AppiumDriver.getCurrentContext() with args: ["32d2a80d-dc78-4f3e-a636-c5413edf6ff7"]
&amp#27;[38;5;32m[AndroidUiautomator2Driver@6457 (32d2a80d)]&amp#27;[0m Responding to client with driver.getCurrentContext() result: "NATIVE_APP"
&amp#27;[38;5;0m[HTTP]&amp#27;[0m &amp#27;[37m<-- GET /session/32d2a80d-dc78-4f3e-a636-c5413edf6ff7/context &amp#27;[39m&amp#27;[32m200&amp#27;[39m &amp#27;[90m0 ms - 22&amp#27;[39m
&amp#27;[38;5;0m[HTTP]&amp#27;[0m &amp#27;[90m&amp#27;[39m
&amp#27;[38;5;0m[HTTP]&amp#27;[0m &amp#27;[37m-->&amp#27;[39m &amp#27;[37mPOST&amp#27;[39m &amp#27;[37m/session/32d2a80d-dc78-4f3e-a636-c5413edf6ff7/elements&amp#27;[39m
&amp#27;[38;5;0m[HTTP]&amp#27;[0m &amp#27;[90m{"value":"com.fivemobile.thescore:id/text_value","using":"id"}&amp#27;[39m
&amp#27;[38;5;32m[AndroidUiautomator2Driver@6457 (32d2a80d)]&amp#27;[0m Calling AppiumDriver.findElements() with args: ["id","com.fivemobile.thescore:id/text_value","32d2a80d-dc78-4f3e-a636-c5413edf6ff7"]
&amp#27;[38;5;32m[AndroidUiautomator2Driver@6457 (32d2a80d)]&amp#27;[0m Valid locator strategies for this request: xpath, id, class name, accessibility id, css selector, -android uiautomator
&amp#27;[38;5;32m[AndroidUiautomator2Driver@6457 (32d2a80d)]&amp#27;[0m Waiting up to 10000 ms for condition
&amp#27;[38;5;32m[AndroidUiautomator2Driver@6457 (32d2a80d)]&amp#27;[0m Matched '/elements' to command name 'findElements'
&amp#27;[38;5;32m[AndroidUiautomator2Driver@6457 (32d2a80d)]&amp#27;[0m Proxying [POST /elements] to [POST http://127.0.0.1:8200/session/f5e84c71-f4f7-4f8e-aec7-33a82bd27fec/elements] with body: {"strategy":"id","selector":"com.fivemobile.thescore:id/text_value","context":"","multiple":true}
&amp#27;[38;5;32m[AndroidUiautomator2Driver@6457 (32d2a80d)]&amp#27;[0m Got response with status 200: {"sessionId":"f5e84c71-f4f7-4f8e-aec7-33a82bd27fec","value":[{"ELEMENT":"00000000-0000-000c-ffff-ffff00000626","element-6066-11e4-a52e-4f735466cecf":"00000000-0000-000c-ffff-ffff00000626"},{"ELEMENT":"00000000-0000-000c-ffff-ffff0000062c","element-6066-11e4-a52e-4f735466cecf":"00000000-0000-000c-ffff-ffff0000062c"},{"ELEMENT":"00000000-0000-000c-ffff-ffff00000632","element-6066-11e4-a52e-4f735466cecf":"00000000-0000-000c-ffff-ffff00000632"},{"ELEMENT":"00000000-0000-000c-ffff-ffff00000638","element-6066-11e4-a52e-4f735466cecf":"00000000-0000-000c-ffff-ffff00000638"},{"ELEMENT":"00000000-0000-000c-ffff-ffff0000063e","element-6066-11e4-a52e-4f735466cecf":"00000000-0000-000c-ffff-ffff0000063e"},{"ELEMENT":"00000000-0000-000c-ffff-ffff00000648","element-6066-11e4-a52e-4f735466cecf":"00000000-0000-000c-ffff-ffff00000648"},{"ELEMENT":"00000000-0000-000c-ffff-ffff0000064e","element-6066-11e4-a52e-4f735466cecf":"00000000-0000-000c-ffff-ffff0000064e"},{"ELEMENT":"00000000-0000-000c-ffff-ffff00000654","element-6066-...
&amp#27;[38;5;32m[AndroidUiautomator2Driver@6457 (32d2a80d)]&amp#27;[0m Responding to client with driver.findElements() result: [{"element-6066-11e4-a52e-4f735466cecf":"00000000-0000-000c-ffff-ffff00000626","ELEMENT":"00000000-0000-000c-ffff-ffff00000626"},{"element-6066-11e4-a52e-4f735466cecf":"00000000-0000-000c-ffff-ffff0000062c","ELEMENT":"00000000-0000-000c-ffff-ffff0000062c"},{"element-6066-11e4-a52e-4f735466cecf":"00000000-0000-000c-ffff-ffff00000632","ELEMENT":"00000000-0000-000c-ffff-ffff00000632"},{"element-6066-11e4-a52e-4f735466cecf":"00000000-0000-000c-ffff-ffff00000638","ELEMENT":"00000000-0000-000c-ffff-ffff00000638"},{"element-6066-11e4-a52e-4f735466cecf":"00000000-0000-000c-ffff-ffff0000063e","ELEMENT":"00000000-0000-000c-ffff-ffff0000063e"},{"element-6066-11e4-a52e-4f735466cecf":"00000000-0000-000c-ffff-ffff00000648","ELEMENT":"00000000-0000-000c-ffff-ffff00000648"},{"element-6066-11e4-a52e-4f735466cecf":"00000000-0000-000c-ffff-ffff0000064e","ELEMENT":"00000000-0000-000c-ffff-ffff0000064e"},{"element-6066-11e4-a52e-4f735466cecf":"00000000-0000-000c-ffff-ffff00000654","ELEMENT":"00000000-0000-000c-ffff-ffff0000065...
&amp#27;[38;5;0m[HTTP]&amp#27;[0m &amp#27;[37m<-- POST /session/32d2a80d-dc78-4f3e-a636-c5413edf6ff7/elements &amp#27;[39m&amp#27;[32m200&amp#27;[39m &amp#27;[90m97 ms - 1291&amp#27;[39m
&amp#27;[38;5;0m[HTTP]&amp#27;[0m &amp#27;[90m&amp#27;[39m
&amp#27;[38;5;0m[HTTP]&amp#27;[0m &amp#27;[37m-->&amp#27;[39m &amp#27;[37mGET&amp#27;[39m &amp#27;[37m/session/32d2a80d-dc78-4f3e-a636-c5413edf6ff7/element/00000000-0000-000c-ffff-ffff00000660/displayed&amp#27;[39m
&amp#27;[38;5;0m[HTTP]&amp#27;[0m &amp#27;[90m{}&amp#27;[39m
&amp#27;[38;5;32m[AndroidUiautomator2Driver@6457 (32d2a80d)]&amp#27;[0m Calling AppiumDriver.elementDisplayed() with args: ["00000000-0000-000c-ffff-ffff00000660","32d2a80d-dc78-4f3e-a636-c5413edf6ff7"]
&amp#27;[38;5;32m[AndroidUiautomator2Driver@6457 (32d2a80d)]&amp#27;[0m Matched '/element/00000000-0000-000c-ffff-ffff00000660/attribute/displayed' to command name 'getAttribute'
&amp#27;[38;5;32m[AndroidUiautomator2Driver@6457 (32d2a80d)]&amp#27;[0m Proxying [GET /element/00000000-0000-000c-ffff-ffff00000660/attribute/displayed] to [GET http://127.0.0.1:8200/session/f5e84c71-f4f7-4f8e-aec7-33a82bd27fec/element/00000000-0000-000c-ffff-ffff00000660/attribute/displayed] with no body
&amp#27;[38;5;32m[AndroidUiautomator2Driver@6457 (32d2a80d)]&amp#27;[0m Got response with status 200: {"sessionId":"f5e84c71-f4f7-4f8e-aec7-33a82bd27fec","value":"true"}
&amp#27;[38;5;32m[AndroidUiautomator2Driver@6457 (32d2a80d)]&amp#27;[0m Responding to client with driver.elementDisplayed() result: true
&amp#27;[38;5;0m[HTTP]&amp#27;[0m &amp#27;[37m<-- GET /session/32d2a80d-dc78-4f3e-a636-c5413edf6ff7/element/00000000-0000-000c-ffff-ffff00000660/displayed &amp#27;[39m&amp#27;[32m200&amp#27;[39m &amp#27;[90m10 ms - 14&amp#27;[39m
&amp#27;[38;5;0m[HTTP]&amp#27;[0m &amp#27;[90m&amp#27;[39m
&amp#27;[38;5;0m[HTTP]&amp#27;[0m &amp#27;[37m-->&amp#27;[39m &amp#27;[37mGET&amp#27;[39m &amp#27;[37m/session/32d2a80d-dc78-4f3e-a636-c5413edf6ff7/context&amp#27;[39m
&amp#27;[38;5;0m[HTTP]&amp#27;[0m &amp#27;[90m{}&amp#27;[39m
&amp#27;[38;5;32m[AndroidUiautomator2Driver@6457 (32d2a80d)]&amp#27;[0m Calling AppiumDriver.getCurrentContext() with args: ["32d2a80d-dc78-4f3e-a636-c5413edf6ff7"]
&amp#27;[38;5;32m[AndroidUiautomator2Driver@6457 (32d2a80d)]&amp#27;[0m Responding to client with driver.getCurrentContext() result: "NATIVE_APP"
&amp#27;[38;5;0m[HTTP]&amp#27;[0m &amp#27;[37m<-- GET /session/32d2a80d-dc78-4f3e-a636-c5413edf6ff7/context &amp#27;[39m&amp#27;[32m200&amp#27;[39m &amp#27;[90m0 ms - 22&amp#27;[39m
&amp#27;[38;5;0m[HTTP]&amp#27;[0m &amp#27;[90m&amp#27;[39m
&amp#27;[38;5;0m[HTTP]&amp#27;[0m &amp#27;[37m-->&amp#27;[39m &amp#27;[37mPOST&amp#27;[39m &amp#27;[37m/session/32d2a80d-dc78-4f3e-a636-c5413edf6ff7/elements&amp#27;[39m
&amp#27;[38;5;0m[HTTP]&amp#27;[0m &amp#27;[90m{"value":"com.fivemobile.thescore:id/text_value","using":"id"}&amp#27;[39m
&amp#27;[38;5;32m[AndroidUiautomator2Driver@6457 (32d2a80d)]&amp#27;[0m Calling AppiumDriver.findElements() with args: ["id","com.fivemobile.thescore:id/text_value","32d2a80d-dc78-4f3e-a636-c5413edf6ff7"]
&amp#27;[38;5;32m[AndroidUiautomator2Driver@6457 (32d2a80d)]&amp#27;[0m Valid locator strategies for this request: xpath, id, class name, accessibility id, css selector, -android uiautomator
&amp#27;[38;5;32m[AndroidUiautomator2Driver@6457 (32d2a80d)]&amp#27;[0m Waiting up to 10000 ms for condition
&amp#27;[38;5;32m[AndroidUiautomator2Driver@6457 (32d2a80d)]&amp#27;[0m Matched '/elements' to command name 'findElements'
&amp#27;[38;5;32m[AndroidUiautomator2Driver@6457 (32d2a80d)]&amp#27;[0m Proxying [POST /elements] to [POST http://127.0.0.1:8200/session/f5e84c71-f4f7-4f8e-aec7-33a82bd27fec/elements] with body: {"strategy":"id","selector":"com.fivemobile.thescore:id/text_value","context":"","multiple":true}
&amp#27;[38;5;32m[AndroidUiautomator2Driver@6457 (32d2a80d)]&amp#27;[0m Got response with status 200: {"sessionId":"f5e84c71-f4f7-4f8e-aec7-33a82bd27fec","value":[{"ELEMENT":"00000000-0000-000c-ffff-ffff00000626","element-6066-11e4-a52e-4f735466cecf":"00000000-0000-000c-ffff-ffff00000626"},{"ELEMENT":"00000000-0000-000c-ffff-ffff0000062c","element-6066-11e4-a52e-4f735466cecf":"00000000-0000-000c-ffff-ffff0000062c"},{"ELEMENT":"00000000-0000-000c-ffff-ffff00000632","element-6066-11e4-a52e-4f735466cecf":"00000000-0000-000c-ffff-ffff00000632"},{"ELEMENT":"00000000-0000-000c-ffff-ffff00000638","element-6066-11e4-a52e-4f735466cecf":"00000000-0000-000c-ffff-ffff00000638"},{"ELEMENT":"00000000-0000-000c-ffff-ffff0000063e","element-6066-11e4-a52e-4f735466cecf":"00000000-0000-000c-ffff-ffff0000063e"},{"ELEMENT":"00000000-0000-000c-ffff-ffff00000648","element-6066-11e4-a52e-4f735466cecf":"00000000-0000-000c-ffff-ffff00000648"},{"ELEMENT":"00000000-0000-000c-ffff-ffff0000064e","element-6066-11e4-a52e-4f735466cecf":"00000000-0000-000c-ffff-ffff0000064e"},{"ELEMENT":"00000000-0000-000c-ffff-ffff00000654","element-6066-...
&amp#27;[38;5;32m[AndroidUiautomator2Driver@6457 (32d2a80d)]&amp#27;[0m Responding to client with driver.findElements() result: [{"element-6066-11e4-a52e-4f735466cecf":"00000000-0000-000c-ffff-ffff00000626","ELEMENT":"00000000-0000-000c-ffff-ffff00000626"},{"element-6066-11e4-a52e-4f735466cecf":"00000000-0000-000c-ffff-ffff0000062c","ELEMENT":"00000000-0000-000c-ffff-ffff0000062c"},{"element-6066-11e4-a52e-4f735466cecf":"00000000-0000-000c-ffff-ffff00000632","ELEMENT":"00000000-0000-000c-ffff-ffff00000632"},{"element-6066-11e4-a52e-4f735466cecf":"00000000-0000-000c-ffff-ffff00000638","ELEMENT":"00000000-0000-000c-ffff-ffff00000638"},{"element-6066-11e4-a52e-4f735466cecf":"00000000-0000-000c-ffff-ffff0000063e","ELEMENT":"00000000-0000-000c-ffff-ffff0000063e"},{"element-6066-11e4-a52e-4f735466cecf":"00000000-0000-000c-ffff-ffff00000648","ELEMENT":"00000000-0000-000c-ffff-ffff00000648"},{"element-6066-11e4-a52e-4f735466cecf":"00000000-0000-000c-ffff-ffff0000064e","ELEMENT":"00000000-0000-000c-ffff-ffff0000064e"},{"element-6066-11e4-a52e-4f735466cecf":"00000000-0000-000c-ffff-ffff00000654","ELEMENT":"00000000-0000-000c-ffff-ffff0000065...
&amp#27;[38;5;0m[HTTP]&amp#27;[0m &amp#27;[37m<-- POST /session/32d2a80d-dc78-4f3e-a636-c5413edf6ff7/elements &amp#27;[39m&amp#27;[32m200&amp#27;[39m &amp#27;[90m101 ms - 1291&amp#27;[39m
&amp#27;[38;5;0m[HTTP]&amp#27;[0m &amp#27;[90m&amp#27;[39m
&amp#27;[38;5;0m[HTTP]&amp#27;[0m &amp#27;[37m-->&amp#27;[39m &amp#27;[37mGET&amp#27;[39m &amp#27;[37m/session/32d2a80d-dc78-4f3e-a636-c5413edf6ff7/context&amp#27;[39m
&amp#27;[38;5;0m[HTTP]&amp#27;[0m &amp#27;[90m{}&amp#27;[39m
&amp#27;[38;5;32m[AndroidUiautomator2Driver@6457 (32d2a80d)]&amp#27;[0m Calling AppiumDriver.getCurrentContext() with args: ["32d2a80d-dc78-4f3e-a636-c5413edf6ff7"]
&amp#27;[38;5;32m[AndroidUiautomator2Driver@6457 (32d2a80d)]&amp#27;[0m Responding to client with driver.getCurrentContext() result: "NATIVE_APP"
&amp#27;[38;5;0m[HTTP]&amp#27;[0m &amp#27;[37m<-- GET /session/32d2a80d-dc78-4f3e-a636-c5413edf6ff7/context &amp#27;[39m&amp#27;[32m200&amp#27;[39m &amp#27;[90m1 ms - 22&amp#27;[39m
&amp#27;[38;5;0m[HTTP]&amp#27;[0m &amp#27;[90m&amp#27;[39m
&amp#27;[38;5;0m[HTTP]&amp#27;[0m &amp#27;[37m-->&amp#27;[39m &amp#27;[37mPOST&amp#27;[39m &amp#27;[37m/session/32d2a80d-dc78-4f3e-a636-c5413edf6ff7/elements&amp#27;[39m
&amp#27;[38;5;0m[HTTP]&amp#27;[0m &amp#27;[90m{"value":"com.fivemobile.thescore:id/text_formatted_rank","using":"id"}&amp#27;[39m
&amp#27;[38;5;32m[AndroidUiautomator2Driver@6457 (32d2a80d)]&amp#27;[0m Calling AppiumDriver.findElements() with args: ["id","com.fivemobile.thescore:id/text_formatted_rank","32d2a80d-dc78-4f3e-a636-c5413edf6ff7"]
&amp#27;[38;5;32m[AndroidUiautomator2Driver@6457 (32d2a80d)]&amp#27;[0m Valid locator strategies for this request: xpath, id, class name, accessibility id, css selector, -android uiautomator
&amp#27;[38;5;32m[AndroidUiautomator2Driver@6457 (32d2a80d)]&amp#27;[0m Waiting up to 10000 ms for condition
&amp#27;[38;5;32m[AndroidUiautomator2Driver@6457 (32d2a80d)]&amp#27;[0m Matched '/elements' to command name 'findElements'
&amp#27;[38;5;32m[AndroidUiautomator2Driver@6457 (32d2a80d)]&amp#27;[0m Proxying [POST /elements] to [POST http://127.0.0.1:8200/session/f5e84c71-f4f7-4f8e-aec7-33a82bd27fec/elements] with body: {"strategy":"id","selector":"com.fivemobile.thescore:id/text_formatted_rank","context":"","multiple":true}
&amp#27;[38;5;32m[AndroidUiautomator2Driver@6457 (32d2a80d)]&amp#27;[0m Got response with status 200: {"sessionId":"f5e84c71-f4f7-4f8e-aec7-33a82bd27fec","value":[{"ELEMENT":"00000000-0000-000c-ffff-ffff00000627","element-6066-11e4-a52e-4f735466cecf":"00000000-0000-000c-ffff-ffff00000627"},{"ELEMENT":"00000000-0000-000c-ffff-ffff0000062d","element-6066-11e4-a52e-4f735466cecf":"00000000-0000-000c-ffff-ffff0000062d"},{"ELEMENT":"00000000-0000-000c-ffff-ffff00000633","element-6066-11e4-a52e-4f735466cecf":"00000000-0000-000c-ffff-ffff00000633"},{"ELEMENT":"00000000-0000-000c-ffff-ffff00000639","element-6066-11e4-a52e-4f735466cecf":"00000000-0000-000c-ffff-ffff00000639"},{"ELEMENT":"00000000-0000-000c-ffff-ffff0000063f","element-6066-11e4-a52e-4f735466cecf":"00000000-0000-000c-ffff-ffff0000063f"},{"ELEMENT":"00000000-0000-000c-ffff-ffff00000649","element-6066-11e4-a52e-4f735466cecf":"00000000-0000-000c-ffff-ffff00000649"},{"ELEMENT":"00000000-0000-000c-ffff-ffff0000064f","element-6066-11e4-a52e-4f735466cecf":"00000000-0000-000c-ffff-ffff0000064f"},{"ELEMENT":"00000000-0000-000c-ffff-ffff00000655","element-6066-...
&amp#27;[38;5;32m[AndroidUiautomator2Driver@6457 (32d2a80d)]&amp#27;[0m Responding to client with driver.findElements() result: [{"element-6066-11e4-a52e-4f735466cecf":"00000000-0000-000c-ffff-ffff00000627","ELEMENT":"00000000-0000-000c-ffff-ffff00000627"},{"element-6066-11e4-a52e-4f735466cecf":"00000000-0000-000c-ffff-ffff0000062d","ELEMENT":"00000000-0000-000c-ffff-ffff0000062d"},{"element-6066-11e4-a52e-4f735466cecf":"00000000-0000-000c-ffff-ffff00000633","ELEMENT":"00000000-0000-000c-ffff-ffff00000633"},{"element-6066-11e4-a52e-4f735466cecf":"00000000-0000-000c-ffff-ffff00000639","ELEMENT":"00000000-0000-000c-ffff-ffff00000639"},{"element-6066-11e4-a52e-4f735466cecf":"00000000-0000-000c-ffff-ffff0000063f","ELEMENT":"00000000-0000-000c-ffff-ffff0000063f"},{"element-6066-11e4-a52e-4f735466cecf":"00000000-0000-000c-ffff-ffff00000649","ELEMENT":"00000000-0000-000c-ffff-ffff00000649"},{"element-6066-11e4-a52e-4f735466cecf":"00000000-0000-000c-ffff-ffff0000064f","ELEMENT":"00000000-0000-000c-ffff-ffff0000064f"},{"element-6066-11e4-a52e-4f735466cecf":"00000000-0000-000c-ffff-ffff00000655","ELEMENT":"00000000-0000-000c-ffff-ffff0000065...
&amp#27;[38;5;0m[HTTP]&amp#27;[0m &amp#27;[37m<-- POST /session/32d2a80d-dc78-4f3e-a636-c5413edf6ff7/elements &amp#27;[39m&amp#27;[32m200&amp#27;[39m &amp#27;[90m100 ms - 1291&amp#27;[39m
&amp#27;[38;5;0m[HTTP]&amp#27;[0m &amp#27;[90m&amp#27;[39m
&amp#27;[38;5;0m[HTTP]&amp#27;[0m &amp#27;[37m-->&amp#27;[39m &amp#27;[37mGET&amp#27;[39m &amp#27;[37m/session/32d2a80d-dc78-4f3e-a636-c5413edf6ff7/context&amp#27;[39m
&amp#27;[38;5;0m[HTTP]&amp#27;[0m &amp#27;[90m{}&amp#27;[39m
&amp#27;[38;5;32m[AndroidUiautomator2Driver@6457 (32d2a80d)]&amp#27;[0m Calling AppiumDriver.getCurrentContext() with args: ["32d2a80d-dc78-4f3e-a636-c5413edf6ff7"]
&amp#27;[38;5;32m[AndroidUiautomator2Driver@6457 (32d2a80d)]&amp#27;[0m Responding to client with driver.getCurrentContext() result: "NATIVE_APP"
&amp#27;[38;5;0m[HTTP]&amp#27;[0m &amp#27;[37m<-- GET /session/32d2a80d-dc78-4f3e-a636-c5413edf6ff7/context &amp#27;[39m&amp#27;[32m200&amp#27;[39m &amp#27;[90m1 ms - 22&amp#27;[39m
&amp#27;[38;5;0m[HTTP]&amp#27;[0m &amp#27;[90m&amp#27;[39m
&amp#27;[38;5;0m[HTTP]&amp#27;[0m &amp#27;[37m-->&amp#27;[39m &amp#27;[37mPOST&amp#27;[39m &amp#27;[37m/session/32d2a80d-dc78-4f3e-a636-c5413edf6ff7/elements&amp#27;[39m
&amp#27;[38;5;0m[HTTP]&amp#27;[0m &amp#27;[90m{"value":"com.fivemobile.thescore:id/text_formatted_rank","using":"id"}&amp#27;[39m
&amp#27;[38;5;32m[AndroidUiautomator2Driver@6457 (32d2a80d)]&amp#27;[0m Calling AppiumDriver.findElements() with args: ["id","com.fivemobile.thescore:id/text_formatted_rank","32d2a80d-dc78-4f3e-a636-c5413edf6ff7"]
&amp#27;[38;5;32m[AndroidUiautomator2Driver@6457 (32d2a80d)]&amp#27;[0m Valid locator strategies for this request: xpath, id, class name, accessibility id, css selector, -android uiautomator
&amp#27;[38;5;32m[AndroidUiautomator2Driver@6457 (32d2a80d)]&amp#27;[0m Waiting up to 10000 ms for condition
&amp#27;[38;5;32m[AndroidUiautomator2Driver@6457 (32d2a80d)]&amp#27;[0m Matched '/elements' to command name 'findElements'
&amp#27;[38;5;32m[AndroidUiautomator2Driver@6457 (32d2a80d)]&amp#27;[0m Proxying [POST /elements] to [POST http://127.0.0.1:8200/session/f5e84c71-f4f7-4f8e-aec7-33a82bd27fec/elements] with body: {"strategy":"id","selector":"com.fivemobile.thescore:id/text_formatted_rank","context":"","multiple":true}
&amp#27;[38;5;32m[AndroidUiautomator2Driver@6457 (32d2a80d)]&amp#27;[0m Got response with status 200: {"sessionId":"f5e84c71-f4f7-4f8e-aec7-33a82bd27fec","value":[{"ELEMENT":"00000000-0000-000c-ffff-ffff00000627","element-6066-11e4-a52e-4f735466cecf":"00000000-0000-000c-ffff-ffff00000627"},{"ELEMENT":"00000000-0000-000c-ffff-ffff0000062d","element-6066-11e4-a52e-4f735466cecf":"00000000-0000-000c-ffff-ffff0000062d"},{"ELEMENT":"00000000-0000-000c-ffff-ffff00000633","element-6066-11e4-a52e-4f735466cecf":"00000000-0000-000c-ffff-ffff00000633"},{"ELEMENT":"00000000-0000-000c-ffff-ffff00000639","element-6066-11e4-a52e-4f735466cecf":"00000000-0000-000c-ffff-ffff00000639"},{"ELEMENT":"00000000-0000-000c-ffff-ffff0000063f","element-6066-11e4-a52e-4f735466cecf":"00000000-0000-000c-ffff-ffff0000063f"},{"ELEMENT":"00000000-0000-000c-ffff-ffff00000649","element-6066-11e4-a52e-4f735466cecf":"00000000-0000-000c-ffff-ffff00000649"},{"ELEMENT":"00000000-0000-000c-ffff-ffff0000064f","element-6066-11e4-a52e-4f735466cecf":"00000000-0000-000c-ffff-ffff0000064f"},{"ELEMENT":"00000000-0000-000c-ffff-ffff00000655","element-6066-...
&amp#27;[38;5;32m[AndroidUiautomator2Driver@6457 (32d2a80d)]&amp#27;[0m Responding to client with driver.findElements() result: [{"element-6066-11e4-a52e-4f735466cecf":"00000000-0000-000c-ffff-ffff00000627","ELEMENT":"00000000-0000-000c-ffff-ffff00000627"},{"element-6066-11e4-a52e-4f735466cecf":"00000000-0000-000c-ffff-ffff0000062d","ELEMENT":"00000000-0000-000c-ffff-ffff0000062d"},{"element-6066-11e4-a52e-4f735466cecf":"00000000-0000-000c-ffff-ffff00000633","ELEMENT":"00000000-0000-000c-ffff-ffff00000633"},{"element-6066-11e4-a52e-4f735466cecf":"00000000-0000-000c-ffff-ffff00000639","ELEMENT":"00000000-0000-000c-ffff-ffff00000639"},{"element-6066-11e4-a52e-4f735466cecf":"00000000-0000-000c-ffff-ffff0000063f","ELEMENT":"00000000-0000-000c-ffff-ffff0000063f"},{"element-6066-11e4-a52e-4f735466cecf":"00000000-0000-000c-ffff-ffff00000649","ELEMENT":"00000000-0000-000c-ffff-ffff00000649"},{"element-6066-11e4-a52e-4f735466cecf":"00000000-0000-000c-ffff-ffff0000064f","ELEMENT":"00000000-0000-000c-ffff-ffff0000064f"},{"element-6066-11e4-a52e-4f735466cecf":"00000000-0000-000c-ffff-ffff00000655","ELEMENT":"00000000-0000-000c-ffff-ffff0000065...
&amp#27;[38;5;0m[HTTP]&amp#27;[0m &amp#27;[37m<-- POST /session/32d2a80d-dc78-4f3e-a636-c5413edf6ff7/elements &amp#27;[39m&amp#27;[32m200&amp#27;[39m &amp#27;[90m104 ms - 1291&amp#27;[39m
&amp#27;[38;5;0m[HTTP]&amp#27;[0m &amp#27;[90m&amp#27;[39m
&amp#27;[38;5;0m[HTTP]&amp#27;[0m &amp#27;[37m-->&amp#27;[39m &amp#27;[37mGET&amp#27;[39m &amp#27;[37m/session/32d2a80d-dc78-4f3e-a636-c5413edf6ff7/element/00000000-0000-000c-ffff-ffff00000627/displayed&amp#27;[39m
&amp#27;[38;5;0m[HTTP]&amp#27;[0m &amp#27;[90m{}&amp#27;[39m
&amp#27;[38;5;32m[AndroidUiautomator2Driver@6457 (32d2a80d)]&amp#27;[0m Calling AppiumDriver.elementDisplayed() with args: ["00000000-0000-000c-ffff-ffff00000627","32d2a80d-dc78-4f3e-a636-c5413edf6ff7"]
&amp#27;[38;5;32m[AndroidUiautomator2Driver@6457 (32d2a80d)]&amp#27;[0m Matched '/element/00000000-0000-000c-ffff-ffff00000627/attribute/displayed' to command name 'getAttribute'
&amp#27;[38;5;32m[AndroidUiautomator2Driver@6457 (32d2a80d)]&amp#27;[0m Proxying [GET /element/00000000-0000-000c-ffff-ffff00000627/attribute/displayed] to [GET http://127.0.0.1:8200/session/f5e84c71-f4f7-4f8e-aec7-33a82bd27fec/element/00000000-0000-000c-ffff-ffff00000627/attribute/displayed] with no body
&amp#27;[38;5;32m[AndroidUiautomator2Driver@6457 (32d2a80d)]&amp#27;[0m Got response with status 200: {"sessionId":"f5e84c71-f4f7-4f8e-aec7-33a82bd27fec","value":"true"}
&amp#27;[38;5;32m[AndroidUiautomator2Driver@6457 (32d2a80d)]&amp#27;[0m Responding to client with driver.elementDisplayed() result: true
&amp#27;[38;5;0m[HTTP]&amp#27;[0m &amp#27;[37m<-- GET /session/32d2a80d-dc78-4f3e-a636-c5413edf6ff7/element/00000000-0000-000c-ffff-ffff00000627/displayed &amp#27;[39m&amp#27;[32m200&amp#27;[39m &amp#27;[90m9 ms - 14&amp#27;[39m
&amp#27;[38;5;0m[HTTP]&amp#27;[0m &amp#27;[90m&amp#27;[39m
&amp#27;[38;5;0m[HTTP]&amp#27;[0m &amp#27;[37m-->&amp#27;[39m &amp#27;[37mGET&amp#27;[39m &amp#27;[37m/session/32d2a80d-dc78-4f3e-a636-c5413edf6ff7/context&amp#27;[39m
&amp#27;[38;5;0m[HTTP]&amp#27;[0m &amp#27;[90m{}&amp#27;[39m
&amp#27;[38;5;32m[AndroidUiautomator2Driver@6457 (32d2a80d)]&amp#27;[0m Calling AppiumDriver.getCurrentContext() with args: ["32d2a80d-dc78-4f3e-a636-c5413edf6ff7"]
&amp#27;[38;5;32m[AndroidUiautomator2Driver@6457 (32d2a80d)]&amp#27;[0m Responding to client with driver.getCurrentContext() result: "NATIVE_APP"
&amp#27;[38;5;0m[HTTP]&amp#27;[0m &amp#27;[37m<-- GET /session/32d2a80d-dc78-4f3e-a636-c5413edf6ff7/context &amp#27;[39m&amp#27;[32m200&amp#27;[39m &amp#27;[90m0 ms - 22&amp#27;[39m
&amp#27;[38;5;0m[HTTP]&amp#27;[0m &amp#27;[90m&amp#27;[39m
&amp#27;[38;5;0m[HTTP]&amp#27;[0m &amp#27;[37m-->&amp#27;[39m &amp#27;[37mPOST&amp#27;[39m &amp#27;[37m/session/32d2a80d-dc78-4f3e-a636-c5413edf6ff7/elements&amp#27;[39m
&amp#27;[38;5;0m[HTTP]&amp#27;[0m &amp#27;[90m{"value":"com.fivemobile.thescore:id/text_formatted_rank","using":"id"}&amp#27;[39m
&amp#27;[38;5;32m[AndroidUiautomator2Driver@6457 (32d2a80d)]&amp#27;[0m Calling AppiumDriver.findElements() with args: ["id","com.fivemobile.thescore:id/text_formatted_rank","32d2a80d-dc78-4f3e-a636-c5413edf6ff7"]
&amp#27;[38;5;32m[AndroidUiautomator2Driver@6457 (32d2a80d)]&amp#27;[0m Valid locator strategies for this request: xpath, id, class name, accessibility id, css selector, -android uiautomator
&amp#27;[38;5;32m[AndroidUiautomator2Driver@6457 (32d2a80d)]&amp#27;[0m Waiting up to 10000 ms for condition
&amp#27;[38;5;32m[AndroidUiautomator2Driver@6457 (32d2a80d)]&amp#27;[0m Matched '/elements' to command name 'findElements'
&amp#27;[38;5;32m[AndroidUiautomator2Driver@6457 (32d2a80d)]&amp#27;[0m Proxying [POST /elements] to [POST http://127.0.0.1:8200/session/f5e84c71-f4f7-4f8e-aec7-33a82bd27fec/elements] with body: {"strategy":"id","selector":"com.fivemobile.thescore:id/text_formatted_rank","context":"","multiple":true}
&amp#27;[38;5;32m[AndroidUiautomator2Driver@6457 (32d2a80d)]&amp#27;[0m Got response with status 200: {"sessionId":"f5e84c71-f4f7-4f8e-aec7-33a82bd27fec","value":[{"ELEMENT":"00000000-0000-000c-ffff-ffff00000627","element-6066-11e4-a52e-4f735466cecf":"00000000-0000-000c-ffff-ffff00000627"},{"ELEMENT":"00000000-0000-000c-ffff-ffff0000062d","element-6066-11e4-a52e-4f735466cecf":"00000000-0000-000c-ffff-ffff0000062d"},{"ELEMENT":"00000000-0000-000c-ffff-ffff00000633","element-6066-11e4-a52e-4f735466cecf":"00000000-0000-000c-ffff-ffff00000633"},{"ELEMENT":"00000000-0000-000c-ffff-ffff00000639","element-6066-11e4-a52e-4f735466cecf":"00000000-0000-000c-ffff-ffff00000639"},{"ELEMENT":"00000000-0000-000c-ffff-ffff0000063f","element-6066-11e4-a52e-4f735466cecf":"00000000-0000-000c-ffff-ffff0000063f"},{"ELEMENT":"00000000-0000-000c-ffff-ffff00000649","element-6066-11e4-a52e-4f735466cecf":"00000000-0000-000c-ffff-ffff00000649"},{"ELEMENT":"00000000-0000-000c-ffff-ffff0000064f","element-6066-11e4-a52e-4f735466cecf":"00000000-0000-000c-ffff-ffff0000064f"},{"ELEMENT":"00000000-0000-000c-ffff-ffff00000655","element-6066-...
&amp#27;[38;5;32m[AndroidUiautomator2Driver@6457 (32d2a80d)]&amp#27;[0m Responding to client with driver.findElements() result: [{"element-6066-11e4-a52e-4f735466cecf":"00000000-0000-000c-ffff-ffff00000627","ELEMENT":"00000000-0000-000c-ffff-ffff00000627"},{"element-6066-11e4-a52e-4f735466cecf":"00000000-0000-000c-ffff-ffff0000062d","ELEMENT":"00000000-0000-000c-ffff-ffff0000062d"},{"element-6066-11e4-a52e-4f735466cecf":"00000000-0000-000c-ffff-ffff00000633","ELEMENT":"00000000-0000-000c-ffff-ffff00000633"},{"element-6066-11e4-a52e-4f735466cecf":"00000000-0000-000c-ffff-ffff00000639","ELEMENT":"00000000-0000-000c-ffff-ffff00000639"},{"element-6066-11e4-a52e-4f735466cecf":"00000000-0000-000c-ffff-ffff0000063f","ELEMENT":"00000000-0000-000c-ffff-ffff0000063f"},{"element-6066-11e4-a52e-4f735466cecf":"00000000-0000-000c-ffff-ffff00000649","ELEMENT":"00000000-0000-000c-ffff-ffff00000649"},{"element-6066-11e4-a52e-4f735466cecf":"00000000-0000-000c-ffff-ffff0000064f","ELEMENT":"00000000-0000-000c-ffff-ffff0000064f"},{"element-6066-11e4-a52e-4f735466cecf":"00000000-0000-000c-ffff-ffff00000655","ELEMENT":"00000000-0000-000c-ffff-ffff0000065...
&amp#27;[38;5;0m[HTTP]&amp#27;[0m &amp#27;[37m<-- POST /session/32d2a80d-dc78-4f3e-a636-c5413edf6ff7/elements &amp#27;[39m&amp#27;[32m200&amp#27;[39m &amp#27;[90m105 ms - 1291&amp#27;[39m
&amp#27;[38;5;0m[HTTP]&amp#27;[0m &amp#27;[90m&amp#27;[39m
&amp#27;[38;5;0m[HTTP]&amp#27;[0m &amp#27;[37m-->&amp#27;[39m &amp#27;[37mGET&amp#27;[39m &amp#27;[37m/session/32d2a80d-dc78-4f3e-a636-c5413edf6ff7/context&amp#27;[39m
&amp#27;[38;5;0m[HTTP]&amp#27;[0m &amp#27;[90m{}&amp#27;[39m
&amp#27;[38;5;32m[AndroidUiautomator2Driver@6457 (32d2a80d)]&amp#27;[0m Calling AppiumDriver.getCurrentContext() with args: ["32d2a80d-dc78-4f3e-a636-c5413edf6ff7"]
&amp#27;[38;5;32m[AndroidUiautomator2Driver@6457 (32d2a80d)]&amp#27;[0m Responding to client with driver.getCurrentContext() result: "NATIVE_APP"
&amp#27;[38;5;0m[HTTP]&amp#27;[0m &amp#27;[37m<-- GET /session/32d2a80d-dc78-4f3e-a636-c5413edf6ff7/context &amp#27;[39m&amp#27;[32m200&amp#27;[39m &amp#27;[90m0 ms - 22&amp#27;[39m
&amp#27;[38;5;0m[HTTP]&amp#27;[0m &amp#27;[90m&amp#27;[39m
&amp#27;[38;5;0m[HTTP]&amp#27;[0m &amp#27;[37m-->&amp#27;[39m &amp#27;[37mPOST&amp#27;[39m &amp#27;[37m/session/32d2a80d-dc78-4f3e-a636-c5413edf6ff7/elements&amp#27;[39m
&amp#27;[38;5;0m[HTTP]&amp#27;[0m &amp#27;[90m{"value":"com.fivemobile.thescore:id/text_formatted_rank","using":"id"}&amp#27;[39m
&amp#27;[38;5;32m[AndroidUiautomator2Driver@6457 (32d2a80d)]&amp#27;[0m Calling AppiumDriver.findElements() with args: ["id","com.fivemobile.thescore:id/text_formatted_rank","32d2a80d-dc78-4f3e-a636-c5413edf6ff7"]
&amp#27;[38;5;32m[AndroidUiautomator2Driver@6457 (32d2a80d)]&amp#27;[0m Valid locator strategies for this request: xpath, id, class name, accessibility id, css selector, -android uiautomator
&amp#27;[38;5;32m[AndroidUiautomator2Driver@6457 (32d2a80d)]&amp#27;[0m Waiting up to 10000 ms for condition
&amp#27;[38;5;32m[AndroidUiautomator2Driver@6457 (32d2a80d)]&amp#27;[0m Matched '/elements' to command name 'findElements'
&amp#27;[38;5;32m[AndroidUiautomator2Driver@6457 (32d2a80d)]&amp#27;[0m Proxying [POST /elements] to [POST http://127.0.0.1:8200/session/f5e84c71-f4f7-4f8e-aec7-33a82bd27fec/elements] with body: {"strategy":"id","selector":"com.fivemobile.thescore:id/text_formatted_rank","context":"","multiple":true}
&amp#27;[38;5;32m[AndroidUiautomator2Driver@6457 (32d2a80d)]&amp#27;[0m Got response with status 200: {"sessionId":"f5e84c71-f4f7-4f8e-aec7-33a82bd27fec","value":[{"ELEMENT":"00000000-0000-000c-ffff-ffff00000627","element-6066-11e4-a52e-4f735466cecf":"00000000-0000-000c-ffff-ffff00000627"},{"ELEMENT":"00000000-0000-000c-ffff-ffff0000062d","element-6066-11e4-a52e-4f735466cecf":"00000000-0000-000c-ffff-ffff0000062d"},{"ELEMENT":"00000000-0000-000c-ffff-ffff00000633","element-6066-11e4-a52e-4f735466cecf":"00000000-0000-000c-ffff-ffff00000633"},{"ELEMENT":"00000000-0000-000c-ffff-ffff00000639","element-6066-11e4-a52e-4f735466cecf":"00000000-0000-000c-ffff-ffff00000639"},{"ELEMENT":"00000000-0000-000c-ffff-ffff0000063f","element-6066-11e4-a52e-4f735466cecf":"00000000-0000-000c-ffff-ffff0000063f"},{"ELEMENT":"00000000-0000-000c-ffff-ffff00000649","element-6066-11e4-a52e-4f735466cecf":"00000000-0000-000c-ffff-ffff00000649"},{"ELEMENT":"00000000-0000-000c-ffff-ffff0000064f","element-6066-11e4-a52e-4f735466cecf":"00000000-0000-000c-ffff-ffff0000064f"},{"ELEMENT":"00000000-0000-000c-ffff-ffff00000655","element-6066-...
&amp#27;[38;5;32m[AndroidUiautomator2Driver@6457 (32d2a80d)]&amp#27;[0m Responding to client with driver.findElements() result: [{"element-6066-11e4-a52e-4f735466cecf":"00000000-0000-000c-ffff-ffff00000627","ELEMENT":"00000000-0000-000c-ffff-ffff00000627"},{"element-6066-11e4-a52e-4f735466cecf":"00000000-0000-000c-ffff-ffff0000062d","ELEMENT":"00000000-0000-000c-ffff-ffff0000062d"},{"element-6066-11e4-a52e-4f735466cecf":"00000000-0000-000c-ffff-ffff00000633","ELEMENT":"00000000-0000-000c-ffff-ffff00000633"},{"element-6066-11e4-a52e-4f735466cecf":"00000000-0000-000c-ffff-ffff00000639","ELEMENT":"00000000-0000-000c-ffff-ffff00000639"},{"element-6066-11e4-a52e-4f735466cecf":"00000000-0000-000c-ffff-ffff0000063f","ELEMENT":"00000000-0000-000c-ffff-ffff0000063f"},{"element-6066-11e4-a52e-4f735466cecf":"00000000-0000-000c-ffff-ffff00000649","ELEMENT":"00000000-0000-000c-ffff-ffff00000649"},{"element-6066-11e4-a52e-4f735466cecf":"00000000-0000-000c-ffff-ffff0000064f","ELEMENT":"00000000-0000-000c-ffff-ffff0000064f"},{"element-6066-11e4-a52e-4f735466cecf":"00000000-0000-000c-ffff-ffff00000655","ELEMENT":"00000000-0000-000c-ffff-ffff0000065...
&amp#27;[38;5;0m[HTTP]&amp#27;[0m &amp#27;[37m<-- POST /session/32d2a80d-dc78-4f3e-a636-c5413edf6ff7/elements &amp#27;[39m&amp#27;[32m200&amp#27;[39m &amp#27;[90m103 ms - 1291&amp#27;[39m
&amp#27;[38;5;0m[HTTP]&amp#27;[0m &amp#27;[90m&amp#27;[39m
&amp#27;[38;5;0m[HTTP]&amp#27;[0m &amp#27;[37m-->&amp#27;[39m &amp#27;[37mGET&amp#27;[39m &amp#27;[37m/session/32d2a80d-dc78-4f3e-a636-c5413edf6ff7/element/00000000-0000-000c-ffff-ffff0000062d/displayed&amp#27;[39m
&amp#27;[38;5;0m[HTTP]&amp#27;[0m &amp#27;[90m{}&amp#27;[39m
&amp#27;[38;5;32m[AndroidUiautomator2Driver@6457 (32d2a80d)]&amp#27;[0m Calling AppiumDriver.elementDisplayed() with args: ["00000000-0000-000c-ffff-ffff0000062d","32d2a80d-dc78-4f3e-a636-c5413edf6ff7"]
&amp#27;[38;5;32m[AndroidUiautomator2Driver@6457 (32d2a80d)]&amp#27;[0m Matched '/element/00000000-0000-000c-ffff-ffff0000062d/attribute/displayed' to command name 'getAttribute'
&amp#27;[38;5;32m[AndroidUiautomator2Driver@6457 (32d2a80d)]&amp#27;[0m Proxying [GET /element/00000000-0000-000c-ffff-ffff0000062d/attribute/displayed] to [GET http://127.0.0.1:8200/session/f5e84c71-f4f7-4f8e-aec7-33a82bd27fec/element/00000000-0000-000c-ffff-ffff0000062d/attribute/displayed] with no body
&amp#27;[38;5;32m[AndroidUiautomator2Driver@6457 (32d2a80d)]&amp#27;[0m Got response with status 200: {"sessionId":"f5e84c71-f4f7-4f8e-aec7-33a82bd27fec","value":"true"}
&amp#27;[38;5;32m[AndroidUiautomator2Driver@6457 (32d2a80d)]&amp#27;[0m Responding to client with driver.elementDisplayed() result: true
&amp#27;[38;5;0m[HTTP]&amp#27;[0m &amp#27;[37m<-- GET /session/32d2a80d-dc78-4f3e-a636-c5413edf6ff7/element/00000000-0000-000c-ffff-ffff0000062d/displayed &amp#27;[39m&amp#27;[32m200&amp#27;[39m &amp#27;[90m9 ms - 14&amp#27;[39m
&amp#27;[38;5;0m[HTTP]&amp#27;[0m &amp#27;[90m&amp#27;[39m
&amp#27;[38;5;0m[HTTP]&amp#27;[0m &amp#27;[37m-->&amp#27;[39m &amp#27;[37mGET&amp#27;[39m &amp#27;[37m/session/32d2a80d-dc78-4f3e-a636-c5413edf6ff7/context&amp#27;[39m
&amp#27;[38;5;0m[HTTP]&amp#27;[0m &amp#27;[90m{}&amp#27;[39m
&amp#27;[38;5;32m[AndroidUiautomator2Driver@6457 (32d2a80d)]&amp#27;[0m Calling AppiumDriver.getCurrentContext() with args: ["32d2a80d-dc78-4f3e-a636-c5413edf6ff7"]
&amp#27;[38;5;32m[AndroidUiautomator2Driver@6457 (32d2a80d)]&amp#27;[0m Responding to client with driver.getCurrentContext() result: "NATIVE_APP"
&amp#27;[38;5;0m[HTTP]&amp#27;[0m &amp#27;[37m<-- GET /session/32d2a80d-dc78-4f3e-a636-c5413edf6ff7/context &amp#27;[39m&amp#27;[32m200&amp#27;[39m &amp#27;[90m0 ms - 22&amp#27;[39m
&amp#27;[38;5;0m[HTTP]&amp#27;[0m &amp#27;[90m&amp#27;[39m
&amp#27;[38;5;0m[HTTP]&amp#27;[0m &amp#27;[37m-->&amp#27;[39m &amp#27;[37mPOST&amp#27;[39m &amp#27;[37m/session/32d2a80d-dc78-4f3e-a636-c5413edf6ff7/elements&amp#27;[39m
&amp#27;[38;5;0m[HTTP]&amp#27;[0m &amp#27;[90m{"value":"com.fivemobile.thescore:id/text_formatted_rank","using":"id"}&amp#27;[39m
&amp#27;[38;5;32m[AndroidUiautomator2Driver@6457 (32d2a80d)]&amp#27;[0m Calling AppiumDriver.findElements() with args: ["id","com.fivemobile.thescore:id/text_formatted_rank","32d2a80d-dc78-4f3e-a636-c5413edf6ff7"]
&amp#27;[38;5;32m[AndroidUiautomator2Driver@6457 (32d2a80d)]&amp#27;[0m Valid locator strategies for this request: xpath, id, class name, accessibility id, css selector, -android uiautomator
&amp#27;[38;5;32m[AndroidUiautomator2Driver@6457 (32d2a80d)]&amp#27;[0m Waiting up to 10000 ms for condition
&amp#27;[38;5;32m[AndroidUiautomator2Driver@6457 (32d2a80d)]&amp#27;[0m Matched '/elements' to command name 'findElements'
&amp#27;[38;5;32m[AndroidUiautomator2Driver@6457 (32d2a80d)]&amp#27;[0m Proxying [POST /elements] to [POST http://127.0.0.1:8200/session/f5e84c71-f4f7-4f8e-aec7-33a82bd27fec/elements] with body: {"strategy":"id","selector":"com.fivemobile.thescore:id/text_formatted_rank","context":"","multiple":true}
&amp#27;[38;5;32m[AndroidUiautomator2Driver@6457 (32d2a80d)]&amp#27;[0m Got response with status 200: {"sessionId":"f5e84c71-f4f7-4f8e-aec7-33a82bd27fec","value":[{"ELEMENT":"00000000-0000-000c-ffff-ffff00000627","element-6066-11e4-a52e-4f735466cecf":"00000000-0000-000c-ffff-ffff00000627"},{"ELEMENT":"00000000-0000-000c-ffff-ffff0000062d","element-6066-11e4-a52e-4f735466cecf":"00000000-0000-000c-ffff-ffff0000062d"},{"ELEMENT":"00000000-0000-000c-ffff-ffff00000633","element-6066-11e4-a52e-4f735466cecf":"00000000-0000-000c-ffff-ffff00000633"},{"ELEMENT":"00000000-0000-000c-ffff-ffff00000639","element-6066-11e4-a52e-4f735466cecf":"00000000-0000-000c-ffff-ffff00000639"},{"ELEMENT":"00000000-0000-000c-ffff-ffff0000063f","element-6066-11e4-a52e-4f735466cecf":"00000000-0000-000c-ffff-ffff0000063f"},{"ELEMENT":"00000000-0000-000c-ffff-ffff00000649","element-6066-11e4-a52e-4f735466cecf":"00000000-0000-000c-ffff-ffff00000649"},{"ELEMENT":"00000000-0000-000c-ffff-ffff0000064f","element-6066-11e4-a52e-4f735466cecf":"00000000-0000-000c-ffff-ffff0000064f"},{"ELEMENT":"00000000-0000-000c-ffff-ffff00000655","element-6066-...
&amp#27;[38;5;32m[AndroidUiautomator2Driver@6457 (32d2a80d)]&amp#27;[0m Responding to client with driver.findElements() result: [{"element-6066-11e4-a52e-4f735466cecf":"00000000-0000-000c-ffff-ffff00000627","ELEMENT":"00000000-0000-000c-ffff-ffff00000627"},{"element-6066-11e4-a52e-4f735466cecf":"00000000-0000-000c-ffff-ffff0000062d","ELEMENT":"00000000-0000-000c-ffff-ffff0000062d"},{"element-6066-11e4-a52e-4f735466cecf":"00000000-0000-000c-ffff-ffff00000633","ELEMENT":"00000000-0000-000c-ffff-ffff00000633"},{"element-6066-11e4-a52e-4f735466cecf":"00000000-0000-000c-ffff-ffff00000639","ELEMENT":"00000000-0000-000c-ffff-ffff00000639"},{"element-6066-11e4-a52e-4f735466cecf":"00000000-0000-000c-ffff-ffff0000063f","ELEMENT":"00000000-0000-000c-ffff-ffff0000063f"},{"element-6066-11e4-a52e-4f735466cecf":"00000000-0000-000c-ffff-ffff00000649","ELEMENT":"00000000-0000-000c-ffff-ffff00000649"},{"element-6066-11e4-a52e-4f735466cecf":"00000000-0000-000c-ffff-ffff0000064f","ELEMENT":"00000000-0000-000c-ffff-ffff0000064f"},{"element-6066-11e4-a52e-4f735466cecf":"00000000-0000-000c-ffff-ffff00000655","ELEMENT":"00000000-0000-000c-ffff-ffff0000065...
&amp#27;[38;5;0m[HTTP]&amp#27;[0m &amp#27;[37m<-- POST /session/32d2a80d-dc78-4f3e-a636-c5413edf6ff7/elements &amp#27;[39m&amp#27;[32m200&amp#27;[39m &amp#27;[90m99 ms - 1291&amp#27;[39m
&amp#27;[38;5;0m[HTTP]&amp#27;[0m &amp#27;[90m&amp#27;[39m
&amp#27;[38;5;0m[HTTP]&amp#27;[0m &amp#27;[37m-->&amp#27;[39m &amp#27;[37mGET&amp#27;[39m &amp#27;[37m/session/32d2a80d-dc78-4f3e-a636-c5413edf6ff7/context&amp#27;[39m
&amp#27;[38;5;0m[HTTP]&amp#27;[0m &amp#27;[90m{}&amp#27;[39m
&amp#27;[38;5;32m[AndroidUiautomator2Driver@6457 (32d2a80d)]&amp#27;[0m Calling AppiumDriver.getCurrentContext() with args: ["32d2a80d-dc78-4f3e-a636-c5413edf6ff7"]
&amp#27;[38;5;32m[AndroidUiautomator2Driver@6457 (32d2a80d)]&amp#27;[0m Responding to client with driver.getCurrentContext() result: "NATIVE_APP"
&amp#27;[38;5;0m[HTTP]&amp#27;[0m &amp#27;[37m<-- GET /session/32d2a80d-dc78-4f3e-a636-c5413edf6ff7/context &amp#27;[39m&amp#27;[32m200&amp#27;[39m &amp#27;[90m0 ms - 22&amp#27;[39m
&amp#27;[38;5;0m[HTTP]&amp#27;[0m &amp#27;[90m&amp#27;[39m
&amp#27;[38;5;0m[HTTP]&amp#27;[0m &amp#27;[37m-->&amp#27;[39m &amp#27;[37mPOST&amp#27;[39m &amp#27;[37m/session/32d2a80d-dc78-4f3e-a636-c5413edf6ff7/elements&amp#27;[39m
&amp#27;[38;5;0m[HTTP]&amp#27;[0m &amp#27;[90m{"value":"com.fivemobile.thescore:id/text_formatted_rank","using":"id"}&amp#27;[39m
&amp#27;[38;5;32m[AndroidUiautomator2Driver@6457 (32d2a80d)]&amp#27;[0m Calling AppiumDriver.findElements() with args: ["id","com.fivemobile.thescore:id/text_formatted_rank","32d2a80d-dc78-4f3e-a636-c5413edf6ff7"]
&amp#27;[38;5;32m[AndroidUiautomator2Driver@6457 (32d2a80d)]&amp#27;[0m Valid locator strategies for this request: xpath, id, class name, accessibility id, css selector, -android uiautomator
&amp#27;[38;5;32m[AndroidUiautomator2Driver@6457 (32d2a80d)]&amp#27;[0m Waiting up to 10000 ms for condition
&amp#27;[38;5;32m[AndroidUiautomator2Driver@6457 (32d2a80d)]&amp#27;[0m Matched '/elements' to command name 'findElements'
&amp#27;[38;5;32m[AndroidUiautomator2Driver@6457 (32d2a80d)]&amp#27;[0m Proxying [POST /elements] to [POST http://127.0.0.1:8200/session/f5e84c71-f4f7-4f8e-aec7-33a82bd27fec/elements] with body: {"strategy":"id","selector":"com.fivemobile.thescore:id/text_formatted_rank","context":"","multiple":true}
&amp#27;[38;5;32m[AndroidUiautomator2Driver@6457 (32d2a80d)]&amp#27;[0m Got response with status 200: {"sessionId":"f5e84c71-f4f7-4f8e-aec7-33a82bd27fec","value":[{"ELEMENT":"00000000-0000-000c-ffff-ffff00000627","element-6066-11e4-a52e-4f735466cecf":"00000000-0000-000c-ffff-ffff00000627"},{"ELEMENT":"00000000-0000-000c-ffff-ffff0000062d","element-6066-11e4-a52e-4f735466cecf":"00000000-0000-000c-ffff-ffff0000062d"},{"ELEMENT":"00000000-0000-000c-ffff-ffff00000633","element-6066-11e4-a52e-4f735466cecf":"00000000-0000-000c-ffff-ffff00000633"},{"ELEMENT":"00000000-0000-000c-ffff-ffff00000639","element-6066-11e4-a52e-4f735466cecf":"00000000-0000-000c-ffff-ffff00000639"},{"ELEMENT":"00000000-0000-000c-ffff-ffff0000063f","element-6066-11e4-a52e-4f735466cecf":"00000000-0000-000c-ffff-ffff0000063f"},{"ELEMENT":"00000000-0000-000c-ffff-ffff00000649","element-6066-11e4-a52e-4f735466cecf":"00000000-0000-000c-ffff-ffff00000649"},{"ELEMENT":"00000000-0000-000c-ffff-ffff0000064f","element-6066-11e4-a52e-4f735466cecf":"00000000-0000-000c-ffff-ffff0000064f"},{"ELEMENT":"00000000-0000-000c-ffff-ffff00000655","element-6066-...
&amp#27;[38;5;32m[AndroidUiautomator2Driver@6457 (32d2a80d)]&amp#27;[0m Responding to client with driver.findElements() result: [{"element-6066-11e4-a52e-4f735466cecf":"00000000-0000-000c-ffff-ffff00000627","ELEMENT":"00000000-0000-000c-ffff-ffff00000627"},{"element-6066-11e4-a52e-4f735466cecf":"00000000-0000-000c-ffff-ffff0000062d","ELEMENT":"00000000-0000-000c-ffff-ffff0000062d"},{"element-6066-11e4-a52e-4f735466cecf":"00000000-0000-000c-ffff-ffff00000633","ELEMENT":"00000000-0000-000c-ffff-ffff00000633"},{"element-6066-11e4-a52e-4f735466cecf":"00000000-0000-000c-ffff-ffff00000639","ELEMENT":"00000000-0000-000c-ffff-ffff00000639"},{"element-6066-11e4-a52e-4f735466cecf":"00000000-0000-000c-ffff-ffff0000063f","ELEMENT":"00000000-0000-000c-ffff-ffff0000063f"},{"element-6066-11e4-a52e-4f735466cecf":"00000000-0000-000c-ffff-ffff00000649","ELEMENT":"00000000-0000-000c-ffff-ffff00000649"},{"element-6066-11e4-a52e-4f735466cecf":"00000000-0000-000c-ffff-ffff0000064f","ELEMENT":"00000000-0000-000c-ffff-ffff0000064f"},{"element-6066-11e4-a52e-4f735466cecf":"00000000-0000-000c-ffff-ffff00000655","ELEMENT":"00000000-0000-000c-ffff-ffff0000065...
&amp#27;[38;5;0m[HTTP]&amp#27;[0m &amp#27;[37m<-- POST /session/32d2a80d-dc78-4f3e-a636-c5413edf6ff7/elements &amp#27;[39m&amp#27;[32m200&amp#27;[39m &amp#27;[90m92 ms - 1291&amp#27;[39m
&amp#27;[38;5;0m[HTTP]&amp#27;[0m &amp#27;[90m&amp#27;[39m
&amp#27;[38;5;0m[HTTP]&amp#27;[0m &amp#27;[37m-->&amp#27;[39m &amp#27;[37mGET&amp#27;[39m &amp#27;[37m/session/32d2a80d-dc78-4f3e-a636-c5413edf6ff7/element/00000000-0000-000c-ffff-ffff00000633/displayed&amp#27;[39m
&amp#27;[38;5;0m[HTTP]&amp#27;[0m &amp#27;[90m{}&amp#27;[39m
&amp#27;[38;5;32m[AndroidUiautomator2Driver@6457 (32d2a80d)]&amp#27;[0m Calling AppiumDriver.elementDisplayed() with args: ["00000000-0000-000c-ffff-ffff00000633","32d2a80d-dc78-4f3e-a636-c5413edf6ff7"]
&amp#27;[38;5;32m[AndroidUiautomator2Driver@6457 (32d2a80d)]&amp#27;[0m Matched '/element/00000000-0000-000c-ffff-ffff00000633/attribute/displayed' to command name 'getAttribute'
&amp#27;[38;5;32m[AndroidUiautomator2Driver@6457 (32d2a80d)]&amp#27;[0m Proxying [GET /element/00000000-0000-000c-ffff-ffff00000633/attribute/displayed] to [GET http://127.0.0.1:8200/session/f5e84c71-f4f7-4f8e-aec7-33a82bd27fec/element/00000000-0000-000c-ffff-ffff00000633/attribute/displayed] with no body
&amp#27;[38;5;32m[AndroidUiautomator2Driver@6457 (32d2a80d)]&amp#27;[0m Got response with status 200: {"sessionId":"f5e84c71-f4f7-4f8e-aec7-33a82bd27fec","value":"true"}
&amp#27;[38;5;32m[AndroidUiautomator2Driver@6457 (32d2a80d)]&amp#27;[0m Responding to client with driver.elementDisplayed() result: true
&amp#27;[38;5;0m[HTTP]&amp#27;[0m &amp#27;[37m<-- GET /session/32d2a80d-dc78-4f3e-a636-c5413edf6ff7/element/00000000-0000-000c-ffff-ffff00000633/displayed &amp#27;[39m&amp#27;[32m200&amp#27;[39m &amp#27;[90m13 ms - 14&amp#27;[39m
&amp#27;[38;5;0m[HTTP]&amp#27;[0m &amp#27;[90m&amp#27;[39m
&amp#27;[38;5;0m[HTTP]&amp#27;[0m &amp#27;[37m-->&amp#27;[39m &amp#27;[37mGET&amp#27;[39m &amp#27;[37m/session/32d2a80d-dc78-4f3e-a636-c5413edf6ff7/context&amp#27;[39m
&amp#27;[38;5;0m[HTTP]&amp#27;[0m &amp#27;[90m{}&amp#27;[39m
&amp#27;[38;5;32m[AndroidUiautomator2Driver@6457 (32d2a80d)]&amp#27;[0m Calling AppiumDriver.getCurrentContext() with args: ["32d2a80d-dc78-4f3e-a636-c5413edf6ff7"]
&amp#27;[38;5;32m[AndroidUiautomator2Driver@6457 (32d2a80d)]&amp#27;[0m Responding to client with driver.getCurrentContext() result: "NATIVE_APP"
&amp#27;[38;5;0m[HTTP]&amp#27;[0m &amp#27;[37m<-- GET /session/32d2a80d-dc78-4f3e-a636-c5413edf6ff7/context &amp#27;[39m&amp#27;[32m200&amp#27;[39m &amp#27;[90m0 ms - 22&amp#27;[39m
&amp#27;[38;5;0m[HTTP]&amp#27;[0m &amp#27;[90m&amp#27;[39m
&amp#27;[38;5;0m[HTTP]&amp#27;[0m &amp#27;[37m-->&amp#27;[39m &amp#27;[37mPOST&amp#27;[39m &amp#27;[37m/session/32d2a80d-dc78-4f3e-a636-c5413edf6ff7/elements&amp#27;[39m
&amp#27;[38;5;0m[HTTP]&amp#27;[0m &amp#27;[90m{"value":"com.fivemobile.thescore:id/text_formatted_rank","using":"id"}&amp#27;[39m
&amp#27;[38;5;32m[AndroidUiautomator2Driver@6457 (32d2a80d)]&amp#27;[0m Calling AppiumDriver.findElements() with args: ["id","com.fivemobile.thescore:id/text_formatted_rank","32d2a80d-dc78-4f3e-a636-c5413edf6ff7"]
&amp#27;[38;5;32m[AndroidUiautomator2Driver@6457 (32d2a80d)]&amp#27;[0m Valid locator strategies for this request: xpath, id, class name, accessibility id, css selector, -android uiautomator
&amp#27;[38;5;32m[AndroidUiautomator2Driver@6457 (32d2a80d)]&amp#27;[0m Waiting up to 10000 ms for condition
&amp#27;[38;5;32m[AndroidUiautomator2Driver@6457 (32d2a80d)]&amp#27;[0m Matched '/elements' to command name 'findElements'
&amp#27;[38;5;32m[AndroidUiautomator2Driver@6457 (32d2a80d)]&amp#27;[0m Proxying [POST /elements] to [POST http://127.0.0.1:8200/session/f5e84c71-f4f7-4f8e-aec7-33a82bd27fec/elements] with body: {"strategy":"id","selector":"com.fivemobile.thescore:id/text_formatted_rank","context":"","multiple":true}
&amp#27;[38;5;32m[AndroidUiautomator2Driver@6457 (32d2a80d)]&amp#27;[0m Got response with status 200: {"sessionId":"f5e84c71-f4f7-4f8e-aec7-33a82bd27fec","value":[{"ELEMENT":"00000000-0000-000c-ffff-ffff00000627","element-6066-11e4-a52e-4f735466cecf":"00000000-0000-000c-ffff-ffff00000627"},{"ELEMENT":"00000000-0000-000c-ffff-ffff0000062d","element-6066-11e4-a52e-4f735466cecf":"00000000-0000-000c-ffff-ffff0000062d"},{"ELEMENT":"00000000-0000-000c-ffff-ffff00000633","element-6066-11e4-a52e-4f735466cecf":"00000000-0000-000c-ffff-ffff00000633"},{"ELEMENT":"00000000-0000-000c-ffff-ffff00000639","element-6066-11e4-a52e-4f735466cecf":"00000000-0000-000c-ffff-ffff00000639"},{"ELEMENT":"00000000-0000-000c-ffff-ffff0000063f","element-6066-11e4-a52e-4f735466cecf":"00000000-0000-000c-ffff-ffff0000063f"},{"ELEMENT":"00000000-0000-000c-ffff-ffff00000649","element-6066-11e4-a52e-4f735466cecf":"00000000-0000-000c-ffff-ffff00000649"},{"ELEMENT":"00000000-0000-000c-ffff-ffff0000064f","element-6066-11e4-a52e-4f735466cecf":"00000000-0000-000c-ffff-ffff0000064f"},{"ELEMENT":"00000000-0000-000c-ffff-ffff00000655","element-6066-...
&amp#27;[38;5;32m[AndroidUiautomator2Driver@6457 (32d2a80d)]&amp#27;[0m Responding to client with driver.findElements() result: [{"element-6066-11e4-a52e-4f735466cecf":"00000000-0000-000c-ffff-ffff00000627","ELEMENT":"00000000-0000-000c-ffff-ffff00000627"},{"element-6066-11e4-a52e-4f735466cecf":"00000000-0000-000c-ffff-ffff0000062d","ELEMENT":"00000000-0000-000c-ffff-ffff0000062d"},{"element-6066-11e4-a52e-4f735466cecf":"00000000-0000-000c-ffff-ffff00000633","ELEMENT":"00000000-0000-000c-ffff-ffff00000633"},{"element-6066-11e4-a52e-4f735466cecf":"00000000-0000-000c-ffff-ffff00000639","ELEMENT":"00000000-0000-000c-ffff-ffff00000639"},{"element-6066-11e4-a52e-4f735466cecf":"00000000-0000-000c-ffff-ffff0000063f","ELEMENT":"00000000-0000-000c-ffff-ffff0000063f"},{"element-6066-11e4-a52e-4f735466cecf":"00000000-0000-000c-ffff-ffff00000649","ELEMENT":"00000000-0000-000c-ffff-ffff00000649"},{"element-6066-11e4-a52e-4f735466cecf":"00000000-0000-000c-ffff-ffff0000064f","ELEMENT":"00000000-0000-000c-ffff-ffff0000064f"},{"element-6066-11e4-a52e-4f735466cecf":"00000000-0000-000c-ffff-ffff00000655","ELEMENT":"00000000-0000-000c-ffff-ffff0000065...
&amp#27;[38;5;0m[HTTP]&amp#27;[0m &amp#27;[37m<-- POST /session/32d2a80d-dc78-4f3e-a636-c5413edf6ff7/elements &amp#27;[39m&amp#27;[32m200&amp#27;[39m &amp#27;[90m98 ms - 1291&amp#27;[39m
&amp#27;[38;5;0m[HTTP]&amp#27;[0m &amp#27;[90m&amp#27;[39m
&amp#27;[38;5;0m[HTTP]&amp#27;[0m &amp#27;[37m-->&amp#27;[39m &amp#27;[37mGET&amp#27;[39m &amp#27;[37m/session/32d2a80d-dc78-4f3e-a636-c5413edf6ff7/context&amp#27;[39m
&amp#27;[38;5;0m[HTTP]&amp#27;[0m &amp#27;[90m{}&amp#27;[39m
&amp#27;[38;5;32m[AndroidUiautomator2Driver@6457 (32d2a80d)]&amp#27;[0m Calling AppiumDriver.getCurrentContext() with args: ["32d2a80d-dc78-4f3e-a636-c5413edf6ff7"]
&amp#27;[38;5;32m[AndroidUiautomator2Driver@6457 (32d2a80d)]&amp#27;[0m Responding to client with driver.getCurrentContext() result: "NATIVE_APP"
&amp#27;[38;5;0m[HTTP]&amp#27;[0m &amp#27;[37m<-- GET /session/32d2a80d-dc78-4f3e-a636-c5413edf6ff7/context &amp#27;[39m&amp#27;[32m200&amp#27;[39m &amp#27;[90m0 ms - 22&amp#27;[39m
&amp#27;[38;5;0m[HTTP]&amp#27;[0m &amp#27;[90m&amp#27;[39m
&amp#27;[38;5;0m[HTTP]&amp#27;[0m &amp#27;[37m-->&amp#27;[39m &amp#27;[37mPOST&amp#27;[39m &amp#27;[37m/session/32d2a80d-dc78-4f3e-a636-c5413edf6ff7/elements&amp#27;[39m
&amp#27;[38;5;0m[HTTP]&amp#27;[0m &amp#27;[90m{"value":"com.fivemobile.thescore:id/text_formatted_rank","using":"id"}&amp#27;[39m
&amp#27;[38;5;32m[AndroidUiautomator2Driver@6457 (32d2a80d)]&amp#27;[0m Calling AppiumDriver.findElements() with args: ["id","com.fivemobile.thescore:id/text_formatted_rank","32d2a80d-dc78-4f3e-a636-c5413edf6ff7"]
&amp#27;[38;5;32m[AndroidUiautomator2Driver@6457 (32d2a80d)]&amp#27;[0m Valid locator strategies for this request: xpath, id, class name, accessibility id, css selector, -android uiautomator
&amp#27;[38;5;32m[AndroidUiautomator2Driver@6457 (32d2a80d)]&amp#27;[0m Waiting up to 10000 ms for condition
&amp#27;[38;5;32m[AndroidUiautomator2Driver@6457 (32d2a80d)]&amp#27;[0m Matched '/elements' to command name 'findElements'
&amp#27;[38;5;32m[AndroidUiautomator2Driver@6457 (32d2a80d)]&amp#27;[0m Proxying [POST /elements] to [POST http://127.0.0.1:8200/session/f5e84c71-f4f7-4f8e-aec7-33a82bd27fec/elements] with body: {"strategy":"id","selector":"com.fivemobile.thescore:id/text_formatted_rank","context":"","multiple":true}
&amp#27;[38;5;32m[AndroidUiautomator2Driver@6457 (32d2a80d)]&amp#27;[0m Got response with status 200: {"sessionId":"f5e84c71-f4f7-4f8e-aec7-33a82bd27fec","value":[{"ELEMENT":"00000000-0000-000c-ffff-ffff00000627","element-6066-11e4-a52e-4f735466cecf":"00000000-0000-000c-ffff-ffff00000627"},{"ELEMENT":"00000000-0000-000c-ffff-ffff0000062d","element-6066-11e4-a52e-4f735466cecf":"00000000-0000-000c-ffff-ffff0000062d"},{"ELEMENT":"00000000-0000-000c-ffff-ffff00000633","element-6066-11e4-a52e-4f735466cecf":"00000000-0000-000c-ffff-ffff00000633"},{"ELEMENT":"00000000-0000-000c-ffff-ffff00000639","element-6066-11e4-a52e-4f735466cecf":"00000000-0000-000c-ffff-ffff00000639"},{"ELEMENT":"00000000-0000-000c-ffff-ffff0000063f","element-6066-11e4-a52e-4f735466cecf":"00000000-0000-000c-ffff-ffff0000063f"},{"ELEMENT":"00000000-0000-000c-ffff-ffff00000649","element-6066-11e4-a52e-4f735466cecf":"00000000-0000-000c-ffff-ffff00000649"},{"ELEMENT":"00000000-0000-000c-ffff-ffff0000064f","element-6066-11e4-a52e-4f735466cecf":"00000000-0000-000c-ffff-ffff0000064f"},{"ELEMENT":"00000000-0000-000c-ffff-ffff00000655","element-6066-...
&amp#27;[38;5;32m[AndroidUiautomator2Driver@6457 (32d2a80d)]&amp#27;[0m Responding to client with driver.findElements() result: [{"element-6066-11e4-a52e-4f735466cecf":"00000000-0000-000c-ffff-ffff00000627","ELEMENT":"00000000-0000-000c-ffff-ffff00000627"},{"element-6066-11e4-a52e-4f735466cecf":"00000000-0000-000c-ffff-ffff0000062d","ELEMENT":"00000000-0000-000c-ffff-ffff0000062d"},{"element-6066-11e4-a52e-4f735466cecf":"00000000-0000-000c-ffff-ffff00000633","ELEMENT":"00000000-0000-000c-ffff-ffff00000633"},{"element-6066-11e4-a52e-4f735466cecf":"00000000-0000-000c-ffff-ffff00000639","ELEMENT":"00000000-0000-000c-ffff-ffff00000639"},{"element-6066-11e4-a52e-4f735466cecf":"00000000-0000-000c-ffff-ffff0000063f","ELEMENT":"00000000-0000-000c-ffff-ffff0000063f"},{"element-6066-11e4-a52e-4f735466cecf":"00000000-0000-000c-ffff-ffff00000649","ELEMENT":"00000000-0000-000c-ffff-ffff00000649"},{"element-6066-11e4-a52e-4f735466cecf":"00000000-0000-000c-ffff-ffff0000064f","ELEMENT":"00000000-0000-000c-ffff-ffff0000064f"},{"element-6066-11e4-a52e-4f735466cecf":"00000000-0000-000c-ffff-ffff00000655","ELEMENT":"00000000-0000-000c-ffff-ffff0000065...
&amp#27;[38;5;0m[HTTP]&amp#27;[0m &amp#27;[37m<-- POST /session/32d2a80d-dc78-4f3e-a636-c5413edf6ff7/elements &amp#27;[39m&amp#27;[32m200&amp#27;[39m &amp#27;[90m102 ms - 1291&amp#27;[39m
&amp#27;[38;5;0m[HTTP]&amp#27;[0m &amp#27;[90m&amp#27;[39m
&amp#27;[38;5;0m[HTTP]&amp#27;[0m &amp#27;[37m-->&amp#27;[39m &amp#27;[37mGET&amp#27;[39m &amp#27;[37m/session/32d2a80d-dc78-4f3e-a636-c5413edf6ff7/element/00000000-0000-000c-ffff-ffff00000639/displayed&amp#27;[39m
&amp#27;[38;5;0m[HTTP]&amp#27;[0m &amp#27;[90m{}&amp#27;[39m
&amp#27;[38;5;32m[AndroidUiautomator2Driver@6457 (32d2a80d)]&amp#27;[0m Calling AppiumDriver.elementDisplayed() with args: ["00000000-0000-000c-ffff-ffff00000639","32d2a80d-dc78-4f3e-a636-c5413edf6ff7"]
&amp#27;[38;5;32m[AndroidUiautomator2Driver@6457 (32d2a80d)]&amp#27;[0m Matched '/element/00000000-0000-000c-ffff-ffff00000639/attribute/displayed' to command name 'getAttribute'
&amp#27;[38;5;32m[AndroidUiautomator2Driver@6457 (32d2a80d)]&amp#27;[0m Proxying [GET /element/00000000-0000-000c-ffff-ffff00000639/attribute/displayed] to [GET http://127.0.0.1:8200/session/f5e84c71-f4f7-4f8e-aec7-33a82bd27fec/element/00000000-0000-000c-ffff-ffff00000639/attribute/displayed] with no body
&amp#27;[38;5;32m[AndroidUiautomator2Driver@6457 (32d2a80d)]&amp#27;[0m Got response with status 200: {"sessionId":"f5e84c71-f4f7-4f8e-aec7-33a82bd27fec","value":"true"}
&amp#27;[38;5;32m[AndroidUiautomator2Driver@6457 (32d2a80d)]&amp#27;[0m Responding to client with driver.elementDisplayed() result: true
&amp#27;[38;5;0m[HTTP]&amp#27;[0m &amp#27;[37m<-- GET /session/32d2a80d-dc78-4f3e-a636-c5413edf6ff7/element/00000000-0000-000c-ffff-ffff00000639/displayed &amp#27;[39m&amp#27;[32m200&amp#27;[39m &amp#27;[90m10 ms - 14&amp#27;[39m
&amp#27;[38;5;0m[HTTP]&amp#27;[0m &amp#27;[90m&amp#27;[39m
&amp#27;[38;5;0m[HTTP]&amp#27;[0m &amp#27;[37m-->&amp#27;[39m &amp#27;[37mGET&amp#27;[39m &amp#27;[37m/session/32d2a80d-dc78-4f3e-a636-c5413edf6ff7/context&amp#27;[39m
&amp#27;[38;5;0m[HTTP]&amp#27;[0m &amp#27;[90m{}&amp#27;[39m
&amp#27;[38;5;32m[AndroidUiautomator2Driver@6457 (32d2a80d)]&amp#27;[0m Calling AppiumDriver.getCurrentContext() with args: ["32d2a80d-dc78-4f3e-a636-c5413edf6ff7"]
&amp#27;[38;5;32m[AndroidUiautomator2Driver@6457 (32d2a80d)]&amp#27;[0m Responding to client with driver.getCurrentContext() result: "NATIVE_APP"
&amp#27;[38;5;0m[HTTP]&amp#27;[0m &amp#27;[37m<-- GET /session/32d2a80d-dc78-4f3e-a636-c5413edf6ff7/context &amp#27;[39m&amp#27;[32m200&amp#27;[39m &amp#27;[90m1 ms - 22&amp#27;[39m
&amp#27;[38;5;0m[HTTP]&amp#27;[0m &amp#27;[90m&amp#27;[39m
&amp#27;[38;5;0m[HTTP]&amp#27;[0m &amp#27;[37m-->&amp#27;[39m &amp#27;[37mPOST&amp#27;[39m &amp#27;[37m/session/32d2a80d-dc78-4f3e-a636-c5413edf6ff7/elements&amp#27;[39m
&amp#27;[38;5;0m[HTTP]&amp#27;[0m &amp#27;[90m{"value":"com.fivemobile.thescore:id/text_formatted_rank","using":"id"}&amp#27;[39m
&amp#27;[38;5;32m[AndroidUiautomator2Driver@6457 (32d2a80d)]&amp#27;[0m Calling AppiumDriver.findElements() with args: ["id","com.fivemobile.thescore:id/text_formatted_rank","32d2a80d-dc78-4f3e-a636-c5413edf6ff7"]
&amp#27;[38;5;32m[AndroidUiautomator2Driver@6457 (32d2a80d)]&amp#27;[0m Valid locator strategies for this request: xpath, id, class name, accessibility id, css selector, -android uiautomator
&amp#27;[38;5;32m[AndroidUiautomator2Driver@6457 (32d2a80d)]&amp#27;[0m Waiting up to 10000 ms for condition
&amp#27;[38;5;32m[AndroidUiautomator2Driver@6457 (32d2a80d)]&amp#27;[0m Matched '/elements' to command name 'findElements'
&amp#27;[38;5;32m[AndroidUiautomator2Driver@6457 (32d2a80d)]&amp#27;[0m Proxying [POST /elements] to [POST http://127.0.0.1:8200/session/f5e84c71-f4f7-4f8e-aec7-33a82bd27fec/elements] with body: {"strategy":"id","selector":"com.fivemobile.thescore:id/text_formatted_rank","context":"","multiple":true}
&amp#27;[38;5;32m[AndroidUiautomator2Driver@6457 (32d2a80d)]&amp#27;[0m Got response with status 200: {"sessionId":"f5e84c71-f4f7-4f8e-aec7-33a82bd27fec","value":[{"ELEMENT":"00000000-0000-000c-ffff-ffff00000627","element-6066-11e4-a52e-4f735466cecf":"00000000-0000-000c-ffff-ffff00000627"},{"ELEMENT":"00000000-0000-000c-ffff-ffff0000062d","element-6066-11e4-a52e-4f735466cecf":"00000000-0000-000c-ffff-ffff0000062d"},{"ELEMENT":"00000000-0000-000c-ffff-ffff00000633","element-6066-11e4-a52e-4f735466cecf":"00000000-0000-000c-ffff-ffff00000633"},{"ELEMENT":"00000000-0000-000c-ffff-ffff00000639","element-6066-11e4-a52e-4f735466cecf":"00000000-0000-000c-ffff-ffff00000639"},{"ELEMENT":"00000000-0000-000c-ffff-ffff0000063f","element-6066-11e4-a52e-4f735466cecf":"00000000-0000-000c-ffff-ffff0000063f"},{"ELEMENT":"00000000-0000-000c-ffff-ffff00000649","element-6066-11e4-a52e-4f735466cecf":"00000000-0000-000c-ffff-ffff00000649"},{"ELEMENT":"00000000-0000-000c-ffff-ffff0000064f","element-6066-11e4-a52e-4f735466cecf":"00000000-0000-000c-ffff-ffff0000064f"},{"ELEMENT":"00000000-0000-000c-ffff-ffff00000655","element-6066-...
&amp#27;[38;5;32m[AndroidUiautomator2Driver@6457 (32d2a80d)]&amp#27;[0m Responding to client with driver.findElements() result: [{"element-6066-11e4-a52e-4f735466cecf":"00000000-0000-000c-ffff-ffff00000627","ELEMENT":"00000000-0000-000c-ffff-ffff00000627"},{"element-6066-11e4-a52e-4f735466cecf":"00000000-0000-000c-ffff-ffff0000062d","ELEMENT":"00000000-0000-000c-ffff-ffff0000062d"},{"element-6066-11e4-a52e-4f735466cecf":"00000000-0000-000c-ffff-ffff00000633","ELEMENT":"00000000-0000-000c-ffff-ffff00000633"},{"element-6066-11e4-a52e-4f735466cecf":"00000000-0000-000c-ffff-ffff00000639","ELEMENT":"00000000-0000-000c-ffff-ffff00000639"},{"element-6066-11e4-a52e-4f735466cecf":"00000000-0000-000c-ffff-ffff0000063f","ELEMENT":"00000000-0000-000c-ffff-ffff0000063f"},{"element-6066-11e4-a52e-4f735466cecf":"00000000-0000-000c-ffff-ffff00000649","ELEMENT":"00000000-0000-000c-ffff-ffff00000649"},{"element-6066-11e4-a52e-4f735466cecf":"00000000-0000-000c-ffff-ffff0000064f","ELEMENT":"00000000-0000-000c-ffff-ffff0000064f"},{"element-6066-11e4-a52e-4f735466cecf":"00000000-0000-000c-ffff-ffff00000655","ELEMENT":"00000000-0000-000c-ffff-ffff0000065...
&amp#27;[38;5;0m[HTTP]&amp#27;[0m &amp#27;[37m<-- POST /session/32d2a80d-dc78-4f3e-a636-c5413edf6ff7/elements &amp#27;[39m&amp#27;[32m200&amp#27;[39m &amp#27;[90m108 ms - 1291&amp#27;[39m
&amp#27;[38;5;0m[HTTP]&amp#27;[0m &amp#27;[90m&amp#27;[39m
&amp#27;[38;5;0m[HTTP]&amp#27;[0m &amp#27;[37m-->&amp#27;[39m &amp#27;[37mGET&amp#27;[39m &amp#27;[37m/session/32d2a80d-dc78-4f3e-a636-c5413edf6ff7/context&amp#27;[39m
&amp#27;[38;5;0m[HTTP]&amp#27;[0m &amp#27;[90m{}&amp#27;[39m
&amp#27;[38;5;32m[AndroidUiautomator2Driver@6457 (32d2a80d)]&amp#27;[0m Calling AppiumDriver.getCurrentContext() with args: ["32d2a80d-dc78-4f3e-a636-c5413edf6ff7"]
&amp#27;[38;5;32m[AndroidUiautomator2Driver@6457 (32d2a80d)]&amp#27;[0m Responding to client with driver.getCurrentContext() result: "NATIVE_APP"
&amp#27;[38;5;0m[HTTP]&amp#27;[0m &amp#27;[37m<-- GET /session/32d2a80d-dc78-4f3e-a636-c5413edf6ff7/context &amp#27;[39m&amp#27;[32m200&amp#27;[39m &amp#27;[90m0 ms - 22&amp#27;[39m
&amp#27;[38;5;0m[HTTP]&amp#27;[0m &amp#27;[90m&amp#27;[39m
&amp#27;[38;5;0m[HTTP]&amp#27;[0m &amp#27;[37m-->&amp#27;[39m &amp#27;[37mPOST&amp#27;[39m &amp#27;[37m/session/32d2a80d-dc78-4f3e-a636-c5413edf6ff7/elements&amp#27;[39m
&amp#27;[38;5;0m[HTTP]&amp#27;[0m &amp#27;[90m{"value":"com.fivemobile.thescore:id/text_formatted_rank","using":"id"}&amp#27;[39m
&amp#27;[38;5;32m[AndroidUiautomator2Driver@6457 (32d2a80d)]&amp#27;[0m Calling AppiumDriver.findElements() with args: ["id","com.fivemobile.thescore:id/text_formatted_rank","32d2a80d-dc78-4f3e-a636-c5413edf6ff7"]
&amp#27;[38;5;32m[AndroidUiautomator2Driver@6457 (32d2a80d)]&amp#27;[0m Valid locator strategies for this request: xpath, id, class name, accessibility id, css selector, -android uiautomator
&amp#27;[38;5;32m[AndroidUiautomator2Driver@6457 (32d2a80d)]&amp#27;[0m Waiting up to 10000 ms for condition
&amp#27;[38;5;32m[AndroidUiautomator2Driver@6457 (32d2a80d)]&amp#27;[0m Matched '/elements' to command name 'findElements'
&amp#27;[38;5;32m[AndroidUiautomator2Driver@6457 (32d2a80d)]&amp#27;[0m Proxying [POST /elements] to [POST http://127.0.0.1:8200/session/f5e84c71-f4f7-4f8e-aec7-33a82bd27fec/elements] with body: {"strategy":"id","selector":"com.fivemobile.thescore:id/text_formatted_rank","context":"","multiple":true}
&amp#27;[38;5;32m[AndroidUiautomator2Driver@6457 (32d2a80d)]&amp#27;[0m Got response with status 200: {"sessionId":"f5e84c71-f4f7-4f8e-aec7-33a82bd27fec","value":[{"ELEMENT":"00000000-0000-000c-ffff-ffff00000627","element-6066-11e4-a52e-4f735466cecf":"00000000-0000-000c-ffff-ffff00000627"},{"ELEMENT":"00000000-0000-000c-ffff-ffff0000062d","element-6066-11e4-a52e-4f735466cecf":"00000000-0000-000c-ffff-ffff0000062d"},{"ELEMENT":"00000000-0000-000c-ffff-ffff00000633","element-6066-11e4-a52e-4f735466cecf":"00000000-0000-000c-ffff-ffff00000633"},{"ELEMENT":"00000000-0000-000c-ffff-ffff00000639","element-6066-11e4-a52e-4f735466cecf":"00000000-0000-000c-ffff-ffff00000639"},{"ELEMENT":"00000000-0000-000c-ffff-ffff0000063f","element-6066-11e4-a52e-4f735466cecf":"00000000-0000-000c-ffff-ffff0000063f"},{"ELEMENT":"00000000-0000-000c-ffff-ffff00000649","element-6066-11e4-a52e-4f735466cecf":"00000000-0000-000c-ffff-ffff00000649"},{"ELEMENT":"00000000-0000-000c-ffff-ffff0000064f","element-6066-11e4-a52e-4f735466cecf":"00000000-0000-000c-ffff-ffff0000064f"},{"ELEMENT":"00000000-0000-000c-ffff-ffff00000655","element-6066-...
&amp#27;[38;5;32m[AndroidUiautomator2Driver@6457 (32d2a80d)]&amp#27;[0m Responding to client with driver.findElements() result: [{"element-6066-11e4-a52e-4f735466cecf":"00000000-0000-000c-ffff-ffff00000627","ELEMENT":"00000000-0000-000c-ffff-ffff00000627"},{"element-6066-11e4-a52e-4f735466cecf":"00000000-0000-000c-ffff-ffff0000062d","ELEMENT":"00000000-0000-000c-ffff-ffff0000062d"},{"element-6066-11e4-a52e-4f735466cecf":"00000000-0000-000c-ffff-ffff00000633","ELEMENT":"00000000-0000-000c-ffff-ffff00000633"},{"element-6066-11e4-a52e-4f735466cecf":"00000000-0000-000c-ffff-ffff00000639","ELEMENT":"00000000-0000-000c-ffff-ffff00000639"},{"element-6066-11e4-a52e-4f735466cecf":"00000000-0000-000c-ffff-ffff0000063f","ELEMENT":"00000000-0000-000c-ffff-ffff0000063f"},{"element-6066-11e4-a52e-4f735466cecf":"00000000-0000-000c-ffff-ffff00000649","ELEMENT":"00000000-0000-000c-ffff-ffff00000649"},{"element-6066-11e4-a52e-4f735466cecf":"00000000-0000-000c-ffff-ffff0000064f","ELEMENT":"00000000-0000-000c-ffff-ffff0000064f"},{"element-6066-11e4-a52e-4f735466cecf":"00000000-0000-000c-ffff-ffff00000655","ELEMENT":"00000000-0000-000c-ffff-ffff0000065...
&amp#27;[38;5;0m[HTTP]&amp#27;[0m &amp#27;[37m<-- POST /session/32d2a80d-dc78-4f3e-a636-c5413edf6ff7/elements &amp#27;[39m&amp#27;[32m200&amp#27;[39m &amp#27;[90m124 ms - 1291&amp#27;[39m
&amp#27;[38;5;0m[HTTP]&amp#27;[0m &amp#27;[90m&amp#27;[39m
&amp#27;[38;5;0m[HTTP]&amp#27;[0m &amp#27;[37m-->&amp#27;[39m &amp#27;[37mGET&amp#27;[39m &amp#27;[37m/session/32d2a80d-dc78-4f3e-a636-c5413edf6ff7/element/00000000-0000-000c-ffff-ffff0000063f/displayed&amp#27;[39m
&amp#27;[38;5;0m[HTTP]&amp#27;[0m &amp#27;[90m{}&amp#27;[39m
&amp#27;[38;5;32m[AndroidUiautomator2Driver@6457 (32d2a80d)]&amp#27;[0m Calling AppiumDriver.elementDisplayed() with args: ["00000000-0000-000c-ffff-ffff0000063f","32d2a80d-dc78-4f3e-a636-c5413edf6ff7"]
&amp#27;[38;5;32m[AndroidUiautomator2Driver@6457 (32d2a80d)]&amp#27;[0m Matched '/element/00000000-0000-000c-ffff-ffff0000063f/attribute/displayed' to command name 'getAttribute'
&amp#27;[38;5;32m[AndroidUiautomator2Driver@6457 (32d2a80d)]&amp#27;[0m Proxying [GET /element/00000000-0000-000c-ffff-ffff0000063f/attribute/displayed] to [GET http://127.0.0.1:8200/session/f5e84c71-f4f7-4f8e-aec7-33a82bd27fec/element/00000000-0000-000c-ffff-ffff0000063f/attribute/displayed] with no body
&amp#27;[38;5;32m[AndroidUiautomator2Driver@6457 (32d2a80d)]&amp#27;[0m Got response with status 200: {"sessionId":"f5e84c71-f4f7-4f8e-aec7-33a82bd27fec","value":"true"}
&amp#27;[38;5;32m[AndroidUiautomator2Driver@6457 (32d2a80d)]&amp#27;[0m Responding to client with driver.elementDisplayed() result: true
&amp#27;[38;5;0m[HTTP]&amp#27;[0m &amp#27;[37m<-- GET /session/32d2a80d-dc78-4f3e-a636-c5413edf6ff7/element/00000000-0000-000c-ffff-ffff0000063f/displayed &amp#27;[39m&amp#27;[32m200&amp#27;[39m &amp#27;[90m10 ms - 14&amp#27;[39m
&amp#27;[38;5;0m[HTTP]&amp#27;[0m &amp#27;[90m&amp#27;[39m
&amp#27;[38;5;0m[HTTP]&amp#27;[0m &amp#27;[37m-->&amp#27;[39m &amp#27;[37mGET&amp#27;[39m &amp#27;[37m/session/32d2a80d-dc78-4f3e-a636-c5413edf6ff7/context&amp#27;[39m
&amp#27;[38;5;0m[HTTP]&amp#27;[0m &amp#27;[90m{}&amp#27;[39m
&amp#27;[38;5;32m[AndroidUiautomator2Driver@6457 (32d2a80d)]&amp#27;[0m Calling AppiumDriver.getCurrentContext() with args: ["32d2a80d-dc78-4f3e-a636-c5413edf6ff7"]
&amp#27;[38;5;32m[AndroidUiautomator2Driver@6457 (32d2a80d)]&amp#27;[0m Responding to client with driver.getCurrentContext() result: "NATIVE_APP"
&amp#27;[38;5;0m[HTTP]&amp#27;[0m &amp#27;[37m<-- GET /session/32d2a80d-dc78-4f3e-a636-c5413edf6ff7/context &amp#27;[39m&amp#27;[32m200&amp#27;[39m &amp#27;[90m0 ms - 22&amp#27;[39m
&amp#27;[38;5;0m[HTTP]&amp#27;[0m &amp#27;[90m&amp#27;[39m
&amp#27;[38;5;0m[HTTP]&amp#27;[0m &amp#27;[37m-->&amp#27;[39m &amp#27;[37mPOST&amp#27;[39m &amp#27;[37m/session/32d2a80d-dc78-4f3e-a636-c5413edf6ff7/elements&amp#27;[39m
&amp#27;[38;5;0m[HTTP]&amp#27;[0m &amp#27;[90m{"value":"com.fivemobile.thescore:id/text_formatted_rank","using":"id"}&amp#27;[39m
&amp#27;[38;5;32m[AndroidUiautomator2Driver@6457 (32d2a80d)]&amp#27;[0m Calling AppiumDriver.findElements() with args: ["id","com.fivemobile.thescore:id/text_formatted_rank","32d2a80d-dc78-4f3e-a636-c5413edf6ff7"]
&amp#27;[38;5;32m[AndroidUiautomator2Driver@6457 (32d2a80d)]&amp#27;[0m Valid locator strategies for this request: xpath, id, class name, accessibility id, css selector, -android uiautomator
&amp#27;[38;5;32m[AndroidUiautomator2Driver@6457 (32d2a80d)]&amp#27;[0m Waiting up to 10000 ms for condition
&amp#27;[38;5;32m[AndroidUiautomator2Driver@6457 (32d2a80d)]&amp#27;[0m Matched '/elements' to command name 'findElements'
&amp#27;[38;5;32m[AndroidUiautomator2Driver@6457 (32d2a80d)]&amp#27;[0m Proxying [POST /elements] to [POST http://127.0.0.1:8200/session/f5e84c71-f4f7-4f8e-aec7-33a82bd27fec/elements] with body: {"strategy":"id","selector":"com.fivemobile.thescore:id/text_formatted_rank","context":"","multiple":true}
&amp#27;[38;5;32m[AndroidUiautomator2Driver@6457 (32d2a80d)]&amp#27;[0m Got response with status 200: {"sessionId":"f5e84c71-f4f7-4f8e-aec7-33a82bd27fec","value":[{"ELEMENT":"00000000-0000-000c-ffff-ffff00000627","element-6066-11e4-a52e-4f735466cecf":"00000000-0000-000c-ffff-ffff00000627"},{"ELEMENT":"00000000-0000-000c-ffff-ffff0000062d","element-6066-11e4-a52e-4f735466cecf":"00000000-0000-000c-ffff-ffff0000062d"},{"ELEMENT":"00000000-0000-000c-ffff-ffff00000633","element-6066-11e4-a52e-4f735466cecf":"00000000-0000-000c-ffff-ffff00000633"},{"ELEMENT":"00000000-0000-000c-ffff-ffff00000639","element-6066-11e4-a52e-4f735466cecf":"00000000-0000-000c-ffff-ffff00000639"},{"ELEMENT":"00000000-0000-000c-ffff-ffff0000063f","element-6066-11e4-a52e-4f735466cecf":"00000000-0000-000c-ffff-ffff0000063f"},{"ELEMENT":"00000000-0000-000c-ffff-ffff00000649","element-6066-11e4-a52e-4f735466cecf":"00000000-0000-000c-ffff-ffff00000649"},{"ELEMENT":"00000000-0000-000c-ffff-ffff0000064f","element-6066-11e4-a52e-4f735466cecf":"00000000-0000-000c-ffff-ffff0000064f"},{"ELEMENT":"00000000-0000-000c-ffff-ffff00000655","element-6066-...
&amp#27;[38;5;32m[AndroidUiautomator2Driver@6457 (32d2a80d)]&amp#27;[0m Responding to client with driver.findElements() result: [{"element-6066-11e4-a52e-4f735466cecf":"00000000-0000-000c-ffff-ffff00000627","ELEMENT":"00000000-0000-000c-ffff-ffff00000627"},{"element-6066-11e4-a52e-4f735466cecf":"00000000-0000-000c-ffff-ffff0000062d","ELEMENT":"00000000-0000-000c-ffff-ffff0000062d"},{"element-6066-11e4-a52e-4f735466cecf":"00000000-0000-000c-ffff-ffff00000633","ELEMENT":"00000000-0000-000c-ffff-ffff00000633"},{"element-6066-11e4-a52e-4f735466cecf":"00000000-0000-000c-ffff-ffff00000639","ELEMENT":"00000000-0000-000c-ffff-ffff00000639"},{"element-6066-11e4-a52e-4f735466cecf":"00000000-0000-000c-ffff-ffff0000063f","ELEMENT":"00000000-0000-000c-ffff-ffff0000063f"},{"element-6066-11e4-a52e-4f735466cecf":"00000000-0000-000c-ffff-ffff00000649","ELEMENT":"00000000-0000-000c-ffff-ffff00000649"},{"element-6066-11e4-a52e-4f735466cecf":"00000000-0000-000c-ffff-ffff0000064f","ELEMENT":"00000000-0000-000c-ffff-ffff0000064f"},{"element-6066-11e4-a52e-4f735466cecf":"00000000-0000-000c-ffff-ffff00000655","ELEMENT":"00000000-0000-000c-ffff-ffff0000065...
&amp#27;[38;5;0m[HTTP]&amp#27;[0m &amp#27;[37m<-- POST /session/32d2a80d-dc78-4f3e-a636-c5413edf6ff7/elements &amp#27;[39m&amp#27;[32m200&amp#27;[39m &amp#27;[90m103 ms - 1291&amp#27;[39m
&amp#27;[38;5;0m[HTTP]&amp#27;[0m &amp#27;[90m&amp#27;[39m
&amp#27;[38;5;0m[HTTP]&amp#27;[0m &amp#27;[37m-->&amp#27;[39m &amp#27;[37mGET&amp#27;[39m &amp#27;[37m/session/32d2a80d-dc78-4f3e-a636-c5413edf6ff7/context&amp#27;[39m
&amp#27;[38;5;0m[HTTP]&amp#27;[0m &amp#27;[90m{}&amp#27;[39m
&amp#27;[38;5;32m[AndroidUiautomator2Driver@6457 (32d2a80d)]&amp#27;[0m Calling AppiumDriver.getCurrentContext() with args: ["32d2a80d-dc78-4f3e-a636-c5413edf6ff7"]
&amp#27;[38;5;32m[AndroidUiautomator2Driver@6457 (32d2a80d)]&amp#27;[0m Responding to client with driver.getCurrentContext() result: "NATIVE_APP"
&amp#27;[38;5;0m[HTTP]&amp#27;[0m &amp#27;[37m<-- GET /session/32d2a80d-dc78-4f3e-a636-c5413edf6ff7/context &amp#27;[39m&amp#27;[32m200&amp#27;[39m &amp#27;[90m0 ms - 22&amp#27;[39m
&amp#27;[38;5;0m[HTTP]&amp#27;[0m &amp#27;[90m&amp#27;[39m
&amp#27;[38;5;0m[HTTP]&amp#27;[0m &amp#27;[37m-->&amp#27;[39m &amp#27;[37mPOST&amp#27;[39m &amp#27;[37m/session/32d2a80d-dc78-4f3e-a636-c5413edf6ff7/elements&amp#27;[39m
&amp#27;[38;5;0m[HTTP]&amp#27;[0m &amp#27;[90m{"value":"com.fivemobile.thescore:id/text_formatted_rank","using":"id"}&amp#27;[39m
&amp#27;[38;5;32m[AndroidUiautomator2Driver@6457 (32d2a80d)]&amp#27;[0m Calling AppiumDriver.findElements() with args: ["id","com.fivemobile.thescore:id/text_formatted_rank","32d2a80d-dc78-4f3e-a636-c5413edf6ff7"]
&amp#27;[38;5;32m[AndroidUiautomator2Driver@6457 (32d2a80d)]&amp#27;[0m Valid locator strategies for this request: xpath, id, class name, accessibility id, css selector, -android uiautomator
&amp#27;[38;5;32m[AndroidUiautomator2Driver@6457 (32d2a80d)]&amp#27;[0m Waiting up to 10000 ms for condition
&amp#27;[38;5;32m[AndroidUiautomator2Driver@6457 (32d2a80d)]&amp#27;[0m Matched '/elements' to command name 'findElements'
&amp#27;[38;5;32m[AndroidUiautomator2Driver@6457 (32d2a80d)]&amp#27;[0m Proxying [POST /elements] to [POST http://127.0.0.1:8200/session/f5e84c71-f4f7-4f8e-aec7-33a82bd27fec/elements] with body: {"strategy":"id","selector":"com.fivemobile.thescore:id/text_formatted_rank","context":"","multiple":true}
&amp#27;[38;5;32m[AndroidUiautomator2Driver@6457 (32d2a80d)]&amp#27;[0m Got response with status 200: {"sessionId":"f5e84c71-f4f7-4f8e-aec7-33a82bd27fec","value":[{"ELEMENT":"00000000-0000-000c-ffff-ffff00000627","element-6066-11e4-a52e-4f735466cecf":"00000000-0000-000c-ffff-ffff00000627"},{"ELEMENT":"00000000-0000-000c-ffff-ffff0000062d","element-6066-11e4-a52e-4f735466cecf":"00000000-0000-000c-ffff-ffff0000062d"},{"ELEMENT":"00000000-0000-000c-ffff-ffff00000633","element-6066-11e4-a52e-4f735466cecf":"00000000-0000-000c-ffff-ffff00000633"},{"ELEMENT":"00000000-0000-000c-ffff-ffff00000639","element-6066-11e4-a52e-4f735466cecf":"00000000-0000-000c-ffff-ffff00000639"},{"ELEMENT":"00000000-0000-000c-ffff-ffff0000063f","element-6066-11e4-a52e-4f735466cecf":"00000000-0000-000c-ffff-ffff0000063f"},{"ELEMENT":"00000000-0000-000c-ffff-ffff00000649","element-6066-11e4-a52e-4f735466cecf":"00000000-0000-000c-ffff-ffff00000649"},{"ELEMENT":"00000000-0000-000c-ffff-ffff0000064f","element-6066-11e4-a52e-4f735466cecf":"00000000-0000-000c-ffff-ffff0000064f"},{"ELEMENT":"00000000-0000-000c-ffff-ffff00000655","element-6066-...
&amp#27;[38;5;32m[AndroidUiautomator2Driver@6457 (32d2a80d)]&amp#27;[0m Responding to client with driver.findElements() result: [{"element-6066-11e4-a52e-4f735466cecf":"00000000-0000-000c-ffff-ffff00000627","ELEMENT":"00000000-0000-000c-ffff-ffff00000627"},{"element-6066-11e4-a52e-4f735466cecf":"00000000-0000-000c-ffff-ffff0000062d","ELEMENT":"00000000-0000-000c-ffff-ffff0000062d"},{"element-6066-11e4-a52e-4f735466cecf":"00000000-0000-000c-ffff-ffff00000633","ELEMENT":"00000000-0000-000c-ffff-ffff00000633"},{"element-6066-11e4-a52e-4f735466cecf":"00000000-0000-000c-ffff-ffff00000639","ELEMENT":"00000000-0000-000c-ffff-ffff00000639"},{"element-6066-11e4-a52e-4f735466cecf":"00000000-0000-000c-ffff-ffff0000063f","ELEMENT":"00000000-0000-000c-ffff-ffff0000063f"},{"element-6066-11e4-a52e-4f735466cecf":"00000000-0000-000c-ffff-ffff00000649","ELEMENT":"00000000-0000-000c-ffff-ffff00000649"},{"element-6066-11e4-a52e-4f735466cecf":"00000000-0000-000c-ffff-ffff0000064f","ELEMENT":"00000000-0000-000c-ffff-ffff0000064f"},{"element-6066-11e4-a52e-4f735466cecf":"00000000-0000-000c-ffff-ffff00000655","ELEMENT":"00000000-0000-000c-ffff-ffff0000065...
&amp#27;[38;5;0m[HTTP]&amp#27;[0m &amp#27;[37m<-- POST /session/32d2a80d-dc78-4f3e-a636-c5413edf6ff7/elements &amp#27;[39m&amp#27;[32m200&amp#27;[39m &amp#27;[90m96 ms - 1291&amp#27;[39m
&amp#27;[38;5;0m[HTTP]&amp#27;[0m &amp#27;[90m&amp#27;[39m
&amp#27;[38;5;0m[HTTP]&amp#27;[0m &amp#27;[37m-->&amp#27;[39m &amp#27;[37mGET&amp#27;[39m &amp#27;[37m/session/32d2a80d-dc78-4f3e-a636-c5413edf6ff7/element/00000000-0000-000c-ffff-ffff00000649/displayed&amp#27;[39m
&amp#27;[38;5;0m[HTTP]&amp#27;[0m &amp#27;[90m{}&amp#27;[39m
&amp#27;[38;5;32m[AndroidUiautomator2Driver@6457 (32d2a80d)]&amp#27;[0m Calling AppiumDriver.elementDisplayed() with args: ["00000000-0000-000c-ffff-ffff00000649","32d2a80d-dc78-4f3e-a636-c5413edf6ff7"]
&amp#27;[38;5;32m[AndroidUiautomator2Driver@6457 (32d2a80d)]&amp#27;[0m Matched '/element/00000000-0000-000c-ffff-ffff00000649/attribute/displayed' to command name 'getAttribute'
&amp#27;[38;5;32m[AndroidUiautomator2Driver@6457 (32d2a80d)]&amp#27;[0m Proxying [GET /element/00000000-0000-000c-ffff-ffff00000649/attribute/displayed] to [GET http://127.0.0.1:8200/session/f5e84c71-f4f7-4f8e-aec7-33a82bd27fec/element/00000000-0000-000c-ffff-ffff00000649/attribute/displayed] with no body
&amp#27;[38;5;32m[AndroidUiautomator2Driver@6457 (32d2a80d)]&amp#27;[0m Got response with status 200: {"sessionId":"f5e84c71-f4f7-4f8e-aec7-33a82bd27fec","value":"true"}
&amp#27;[38;5;32m[AndroidUiautomator2Driver@6457 (32d2a80d)]&amp#27;[0m Responding to client with driver.elementDisplayed() result: true
&amp#27;[38;5;0m[HTTP]&amp#27;[0m &amp#27;[37m<-- GET /session/32d2a80d-dc78-4f3e-a636-c5413edf6ff7/element/00000000-0000-000c-ffff-ffff00000649/displayed &amp#27;[39m&amp#27;[32m200&amp#27;[39m &amp#27;[90m9 ms - 14&amp#27;[39m
&amp#27;[38;5;0m[HTTP]&amp#27;[0m &amp#27;[90m&amp#27;[39m
&amp#27;[38;5;0m[HTTP]&amp#27;[0m &amp#27;[37m-->&amp#27;[39m &amp#27;[37mGET&amp#27;[39m &amp#27;[37m/session/32d2a80d-dc78-4f3e-a636-c5413edf6ff7/context&amp#27;[39m
&amp#27;[38;5;0m[HTTP]&amp#27;[0m &amp#27;[90m{}&amp#27;[39m
&amp#27;[38;5;32m[AndroidUiautomator2Driver@6457 (32d2a80d)]&amp#27;[0m Calling AppiumDriver.getCurrentContext() with args: ["32d2a80d-dc78-4f3e-a636-c5413edf6ff7"]
&amp#27;[38;5;32m[AndroidUiautomator2Driver@6457 (32d2a80d)]&amp#27;[0m Responding to client with driver.getCurrentContext() result: "NATIVE_APP"
&amp#27;[38;5;0m[HTTP]&amp#27;[0m &amp#27;[37m<-- GET /session/32d2a80d-dc78-4f3e-a636-c5413edf6ff7/context &amp#27;[39m&amp#27;[32m200&amp#27;[39m &amp#27;[90m0 ms - 22&amp#27;[39m
&amp#27;[38;5;0m[HTTP]&amp#27;[0m &amp#27;[90m&amp#27;[39m
&amp#27;[38;5;0m[HTTP]&amp#27;[0m &amp#27;[37m-->&amp#27;[39m &amp#27;[37mPOST&amp#27;[39m &amp#27;[37m/session/32d2a80d-dc78-4f3e-a636-c5413edf6ff7/elements&amp#27;[39m
&amp#27;[38;5;0m[HTTP]&amp#27;[0m &amp#27;[90m{"value":"com.fivemobile.thescore:id/text_formatted_rank","using":"id"}&amp#27;[39m
&amp#27;[38;5;32m[AndroidUiautomator2Driver@6457 (32d2a80d)]&amp#27;[0m Calling AppiumDriver.findElements() with args: ["id","com.fivemobile.thescore:id/text_formatted_rank","32d2a80d-dc78-4f3e-a636-c5413edf6ff7"]
&amp#27;[38;5;32m[AndroidUiautomator2Driver@6457 (32d2a80d)]&amp#27;[0m Valid locator strategies for this request: xpath, id, class name, accessibility id, css selector, -android uiautomator
&amp#27;[38;5;32m[AndroidUiautomator2Driver@6457 (32d2a80d)]&amp#27;[0m Waiting up to 10000 ms for condition
&amp#27;[38;5;32m[AndroidUiautomator2Driver@6457 (32d2a80d)]&amp#27;[0m Matched '/elements' to command name 'findElements'
&amp#27;[38;5;32m[AndroidUiautomator2Driver@6457 (32d2a80d)]&amp#27;[0m Proxying [POST /elements] to [POST http://127.0.0.1:8200/session/f5e84c71-f4f7-4f8e-aec7-33a82bd27fec/elements] with body: {"strategy":"id","selector":"com.fivemobile.thescore:id/text_formatted_rank","context":"","multiple":true}
&amp#27;[38;5;32m[AndroidUiautomator2Driver@6457 (32d2a80d)]&amp#27;[0m Got response with status 200: {"sessionId":"f5e84c71-f4f7-4f8e-aec7-33a82bd27fec","value":[{"ELEMENT":"00000000-0000-000c-ffff-ffff00000627","element-6066-11e4-a52e-4f735466cecf":"00000000-0000-000c-ffff-ffff00000627"},{"ELEMENT":"00000000-0000-000c-ffff-ffff0000062d","element-6066-11e4-a52e-4f735466cecf":"00000000-0000-000c-ffff-ffff0000062d"},{"ELEMENT":"00000000-0000-000c-ffff-ffff00000633","element-6066-11e4-a52e-4f735466cecf":"00000000-0000-000c-ffff-ffff00000633"},{"ELEMENT":"00000000-0000-000c-ffff-ffff00000639","element-6066-11e4-a52e-4f735466cecf":"00000000-0000-000c-ffff-ffff00000639"},{"ELEMENT":"00000000-0000-000c-ffff-ffff0000063f","element-6066-11e4-a52e-4f735466cecf":"00000000-0000-000c-ffff-ffff0000063f"},{"ELEMENT":"00000000-0000-000c-ffff-ffff00000649","element-6066-11e4-a52e-4f735466cecf":"00000000-0000-000c-ffff-ffff00000649"},{"ELEMENT":"00000000-0000-000c-ffff-ffff0000064f","element-6066-11e4-a52e-4f735466cecf":"00000000-0000-000c-ffff-ffff0000064f"},{"ELEMENT":"00000000-0000-000c-ffff-ffff00000655","element-6066-...
&amp#27;[38;5;32m[AndroidUiautomator2Driver@6457 (32d2a80d)]&amp#27;[0m Responding to client with driver.findElements() result: [{"element-6066-11e4-a52e-4f735466cecf":"00000000-0000-000c-ffff-ffff00000627","ELEMENT":"00000000-0000-000c-ffff-ffff00000627"},{"element-6066-11e4-a52e-4f735466cecf":"00000000-0000-000c-ffff-ffff0000062d","ELEMENT":"00000000-0000-000c-ffff-ffff0000062d"},{"element-6066-11e4-a52e-4f735466cecf":"00000000-0000-000c-ffff-ffff00000633","ELEMENT":"00000000-0000-000c-ffff-ffff00000633"},{"element-6066-11e4-a52e-4f735466cecf":"00000000-0000-000c-ffff-ffff00000639","ELEMENT":"00000000-0000-000c-ffff-ffff00000639"},{"element-6066-11e4-a52e-4f735466cecf":"00000000-0000-000c-ffff-ffff0000063f","ELEMENT":"00000000-0000-000c-ffff-ffff0000063f"},{"element-6066-11e4-a52e-4f735466cecf":"00000000-0000-000c-ffff-ffff00000649","ELEMENT":"00000000-0000-000c-ffff-ffff00000649"},{"element-6066-11e4-a52e-4f735466cecf":"00000000-0000-000c-ffff-ffff0000064f","ELEMENT":"00000000-0000-000c-ffff-ffff0000064f"},{"element-6066-11e4-a52e-4f735466cecf":"00000000-0000-000c-ffff-ffff00000655","ELEMENT":"00000000-0000-000c-ffff-ffff0000065...
&amp#27;[38;5;0m[HTTP]&amp#27;[0m &amp#27;[37m<-- POST /session/32d2a80d-dc78-4f3e-a636-c5413edf6ff7/elements &amp#27;[39m&amp#27;[32m200&amp#27;[39m &amp#27;[90m109 ms - 1291&amp#27;[39m
&amp#27;[38;5;0m[HTTP]&amp#27;[0m &amp#27;[90m&amp#27;[39m
&amp#27;[38;5;0m[HTTP]&amp#27;[0m &amp#27;[37m-->&amp#27;[39m &amp#27;[37mGET&amp#27;[39m &amp#27;[37m/session/32d2a80d-dc78-4f3e-a636-c5413edf6ff7/context&amp#27;[39m
&amp#27;[38;5;0m[HTTP]&amp#27;[0m &amp#27;[90m{}&amp#27;[39m
&amp#27;[38;5;32m[AndroidUiautomator2Driver@6457 (32d2a80d)]&amp#27;[0m Calling AppiumDriver.getCurrentContext() with args: ["32d2a80d-dc78-4f3e-a636-c5413edf6ff7"]
&amp#27;[38;5;32m[AndroidUiautomator2Driver@6457 (32d2a80d)]&amp#27;[0m Responding to client with driver.getCurrentContext() result: "NATIVE_APP"
&amp#27;[38;5;0m[HTTP]&amp#27;[0m &amp#27;[37m<-- GET /session/32d2a80d-dc78-4f3e-a636-c5413edf6ff7/context &amp#27;[39m&amp#27;[32m200&amp#27;[39m &amp#27;[90m1 ms - 22&amp#27;[39m
&amp#27;[38;5;0m[HTTP]&amp#27;[0m &amp#27;[90m&amp#27;[39m
&amp#27;[38;5;0m[HTTP]&amp#27;[0m &amp#27;[37m-->&amp#27;[39m &amp#27;[37mPOST&amp#27;[39m &amp#27;[37m/session/32d2a80d-dc78-4f3e-a636-c5413edf6ff7/elements&amp#27;[39m
&amp#27;[38;5;0m[HTTP]&amp#27;[0m &amp#27;[90m{"value":"com.fivemobile.thescore:id/text_formatted_rank","using":"id"}&amp#27;[39m
&amp#27;[38;5;32m[AndroidUiautomator2Driver@6457 (32d2a80d)]&amp#27;[0m Calling AppiumDriver.findElements() with args: ["id","com.fivemobile.thescore:id/text_formatted_rank","32d2a80d-dc78-4f3e-a636-c5413edf6ff7"]
&amp#27;[38;5;32m[AndroidUiautomator2Driver@6457 (32d2a80d)]&amp#27;[0m Valid locator strategies for this request: xpath, id, class name, accessibility id, css selector, -android uiautomator
&amp#27;[38;5;32m[AndroidUiautomator2Driver@6457 (32d2a80d)]&amp#27;[0m Waiting up to 10000 ms for condition
&amp#27;[38;5;32m[AndroidUiautomator2Driver@6457 (32d2a80d)]&amp#27;[0m Matched '/elements' to command name 'findElements'
&amp#27;[38;5;32m[AndroidUiautomator2Driver@6457 (32d2a80d)]&amp#27;[0m Proxying [POST /elements] to [POST http://127.0.0.1:8200/session/f5e84c71-f4f7-4f8e-aec7-33a82bd27fec/elements] with body: {"strategy":"id","selector":"com.fivemobile.thescore:id/text_formatted_rank","context":"","multiple":true}
&amp#27;[38;5;32m[AndroidUiautomator2Driver@6457 (32d2a80d)]&amp#27;[0m Got response with status 200: {"sessionId":"f5e84c71-f4f7-4f8e-aec7-33a82bd27fec","value":[{"ELEMENT":"00000000-0000-000c-ffff-ffff00000627","element-6066-11e4-a52e-4f735466cecf":"00000000-0000-000c-ffff-ffff00000627"},{"ELEMENT":"00000000-0000-000c-ffff-ffff0000062d","element-6066-11e4-a52e-4f735466cecf":"00000000-0000-000c-ffff-ffff0000062d"},{"ELEMENT":"00000000-0000-000c-ffff-ffff00000633","element-6066-11e4-a52e-4f735466cecf":"00000000-0000-000c-ffff-ffff00000633"},{"ELEMENT":"00000000-0000-000c-ffff-ffff00000639","element-6066-11e4-a52e-4f735466cecf":"00000000-0000-000c-ffff-ffff00000639"},{"ELEMENT":"00000000-0000-000c-ffff-ffff0000063f","element-6066-11e4-a52e-4f735466cecf":"00000000-0000-000c-ffff-ffff0000063f"},{"ELEMENT":"00000000-0000-000c-ffff-ffff00000649","element-6066-11e4-a52e-4f735466cecf":"00000000-0000-000c-ffff-ffff00000649"},{"ELEMENT":"00000000-0000-000c-ffff-ffff0000064f","element-6066-11e4-a52e-4f735466cecf":"00000000-0000-000c-ffff-ffff0000064f"},{"ELEMENT":"00000000-0000-000c-ffff-ffff00000655","element-6066-...
&amp#27;[38;5;32m[AndroidUiautomator2Driver@6457 (32d2a80d)]&amp#27;[0m Responding to client with driver.findElements() result: [{"element-6066-11e4-a52e-4f735466cecf":"00000000-0000-000c-ffff-ffff00000627","ELEMENT":"00000000-0000-000c-ffff-ffff00000627"},{"element-6066-11e4-a52e-4f735466cecf":"00000000-0000-000c-ffff-ffff0000062d","ELEMENT":"00000000-0000-000c-ffff-ffff0000062d"},{"element-6066-11e4-a52e-4f735466cecf":"00000000-0000-000c-ffff-ffff00000633","ELEMENT":"00000000-0000-000c-ffff-ffff00000633"},{"element-6066-11e4-a52e-4f735466cecf":"00000000-0000-000c-ffff-ffff00000639","ELEMENT":"00000000-0000-000c-ffff-ffff00000639"},{"element-6066-11e4-a52e-4f735466cecf":"00000000-0000-000c-ffff-ffff0000063f","ELEMENT":"00000000-0000-000c-ffff-ffff0000063f"},{"element-6066-11e4-a52e-4f735466cecf":"00000000-0000-000c-ffff-ffff00000649","ELEMENT":"00000000-0000-000c-ffff-ffff00000649"},{"element-6066-11e4-a52e-4f735466cecf":"00000000-0000-000c-ffff-ffff0000064f","ELEMENT":"00000000-0000-000c-ffff-ffff0000064f"},{"element-6066-11e4-a52e-4f735466cecf":"00000000-0000-000c-ffff-ffff00000655","ELEMENT":"00000000-0000-000c-ffff-ffff0000065...
&amp#27;[38;5;0m[HTTP]&amp#27;[0m &amp#27;[37m<-- POST /session/32d2a80d-dc78-4f3e-a636-c5413edf6ff7/elements &amp#27;[39m&amp#27;[32m200&amp#27;[39m &amp#27;[90m106 ms - 1291&amp#27;[39m
&amp#27;[38;5;0m[HTTP]&amp#27;[0m &amp#27;[90m&amp#27;[39m
&amp#27;[38;5;0m[HTTP]&amp#27;[0m &amp#27;[37m-->&amp#27;[39m &amp#27;[37mGET&amp#27;[39m &amp#27;[37m/session/32d2a80d-dc78-4f3e-a636-c5413edf6ff7/element/00000000-0000-000c-ffff-ffff0000064f/displayed&amp#27;[39m
&amp#27;[38;5;0m[HTTP]&amp#27;[0m &amp#27;[90m{}&amp#27;[39m
&amp#27;[38;5;32m[AndroidUiautomator2Driver@6457 (32d2a80d)]&amp#27;[0m Calling AppiumDriver.elementDisplayed() with args: ["00000000-0000-000c-ffff-ffff0000064f","32d2a80d-dc78-4f3e-a636-c5413edf6ff7"]
&amp#27;[38;5;32m[AndroidUiautomator2Driver@6457 (32d2a80d)]&amp#27;[0m Matched '/element/00000000-0000-000c-ffff-ffff0000064f/attribute/displayed' to command name 'getAttribute'
&amp#27;[38;5;32m[AndroidUiautomator2Driver@6457 (32d2a80d)]&amp#27;[0m Proxying [GET /element/00000000-0000-000c-ffff-ffff0000064f/attribute/displayed] to [GET http://127.0.0.1:8200/session/f5e84c71-f4f7-4f8e-aec7-33a82bd27fec/element/00000000-0000-000c-ffff-ffff0000064f/attribute/displayed] with no body
&amp#27;[38;5;32m[AndroidUiautomator2Driver@6457 (32d2a80d)]&amp#27;[0m Got response with status 200: {"sessionId":"f5e84c71-f4f7-4f8e-aec7-33a82bd27fec","value":"true"}
&amp#27;[38;5;32m[AndroidUiautomator2Driver@6457 (32d2a80d)]&amp#27;[0m Responding to client with driver.elementDisplayed() result: true
&amp#27;[38;5;0m[HTTP]&amp#27;[0m &amp#27;[37m<-- GET /session/32d2a80d-dc78-4f3e-a636-c5413edf6ff7/element/00000000-0000-000c-ffff-ffff0000064f/displayed &amp#27;[39m&amp#27;[32m200&amp#27;[39m &amp#27;[90m10 ms - 14&amp#27;[39m
&amp#27;[38;5;0m[HTTP]&amp#27;[0m &amp#27;[90m&amp#27;[39m
&amp#27;[38;5;0m[HTTP]&amp#27;[0m &amp#27;[37m-->&amp#27;[39m &amp#27;[37mGET&amp#27;[39m &amp#27;[37m/session/32d2a80d-dc78-4f3e-a636-c5413edf6ff7/context&amp#27;[39m
&amp#27;[38;5;0m[HTTP]&amp#27;[0m &amp#27;[90m{}&amp#27;[39m
&amp#27;[38;5;32m[AndroidUiautomator2Driver@6457 (32d2a80d)]&amp#27;[0m Calling AppiumDriver.getCurrentContext() with args: ["32d2a80d-dc78-4f3e-a636-c5413edf6ff7"]
&amp#27;[38;5;32m[AndroidUiautomator2Driver@6457 (32d2a80d)]&amp#27;[0m Responding to client with driver.getCurrentContext() result: "NATIVE_APP"
&amp#27;[38;5;0m[HTTP]&amp#27;[0m &amp#27;[37m<-- GET /session/32d2a80d-dc78-4f3e-a636-c5413edf6ff7/context &amp#27;[39m&amp#27;[32m200&amp#27;[39m &amp#27;[90m0 ms - 22&amp#27;[39m
&amp#27;[38;5;0m[HTTP]&amp#27;[0m &amp#27;[90m&amp#27;[39m
&amp#27;[38;5;0m[HTTP]&amp#27;[0m &amp#27;[37m-->&amp#27;[39m &amp#27;[37mPOST&amp#27;[39m &amp#27;[37m/session/32d2a80d-dc78-4f3e-a636-c5413edf6ff7/elements&amp#27;[39m
&amp#27;[38;5;0m[HTTP]&amp#27;[0m &amp#27;[90m{"value":"com.fivemobile.thescore:id/text_formatted_rank","using":"id"}&amp#27;[39m
&amp#27;[38;5;32m[AndroidUiautomator2Driver@6457 (32d2a80d)]&amp#27;[0m Calling AppiumDriver.findElements() with args: ["id","com.fivemobile.thescore:id/text_formatted_rank","32d2a80d-dc78-4f3e-a636-c5413edf6ff7"]
&amp#27;[38;5;32m[AndroidUiautomator2Driver@6457 (32d2a80d)]&amp#27;[0m Valid locator strategies for this request: xpath, id, class name, accessibility id, css selector, -android uiautomator
&amp#27;[38;5;32m[AndroidUiautomator2Driver@6457 (32d2a80d)]&amp#27;[0m Waiting up to 10000 ms for condition
&amp#27;[38;5;32m[AndroidUiautomator2Driver@6457 (32d2a80d)]&amp#27;[0m Matched '/elements' to command name 'findElements'
&amp#27;[38;5;32m[AndroidUiautomator2Driver@6457 (32d2a80d)]&amp#27;[0m Proxying [POST /elements] to [POST http://127.0.0.1:8200/session/f5e84c71-f4f7-4f8e-aec7-33a82bd27fec/elements] with body: {"strategy":"id","selector":"com.fivemobile.thescore:id/text_formatted_rank","context":"","multiple":true}
&amp#27;[38;5;32m[AndroidUiautomator2Driver@6457 (32d2a80d)]&amp#27;[0m Got response with status 200: {"sessionId":"f5e84c71-f4f7-4f8e-aec7-33a82bd27fec","value":[{"ELEMENT":"00000000-0000-000c-ffff-ffff00000627","element-6066-11e4-a52e-4f735466cecf":"00000000-0000-000c-ffff-ffff00000627"},{"ELEMENT":"00000000-0000-000c-ffff-ffff0000062d","element-6066-11e4-a52e-4f735466cecf":"00000000-0000-000c-ffff-ffff0000062d"},{"ELEMENT":"00000000-0000-000c-ffff-ffff00000633","element-6066-11e4-a52e-4f735466cecf":"00000000-0000-000c-ffff-ffff00000633"},{"ELEMENT":"00000000-0000-000c-ffff-ffff00000639","element-6066-11e4-a52e-4f735466cecf":"00000000-0000-000c-ffff-ffff00000639"},{"ELEMENT":"00000000-0000-000c-ffff-ffff0000063f","element-6066-11e4-a52e-4f735466cecf":"00000000-0000-000c-ffff-ffff0000063f"},{"ELEMENT":"00000000-0000-000c-ffff-ffff00000649","element-6066-11e4-a52e-4f735466cecf":"00000000-0000-000c-ffff-ffff00000649"},{"ELEMENT":"00000000-0000-000c-ffff-ffff0000064f","element-6066-11e4-a52e-4f735466cecf":"00000000-0000-000c-ffff-ffff0000064f"},{"ELEMENT":"00000000-0000-000c-ffff-ffff00000655","element-6066-...
&amp#27;[38;5;32m[AndroidUiautomator2Driver@6457 (32d2a80d)]&amp#27;[0m Responding to client with driver.findElements() result: [{"element-6066-11e4-a52e-4f735466cecf":"00000000-0000-000c-ffff-ffff00000627","ELEMENT":"00000000-0000-000c-ffff-ffff00000627"},{"element-6066-11e4-a52e-4f735466cecf":"00000000-0000-000c-ffff-ffff0000062d","ELEMENT":"00000000-0000-000c-ffff-ffff0000062d"},{"element-6066-11e4-a52e-4f735466cecf":"00000000-0000-000c-ffff-ffff00000633","ELEMENT":"00000000-0000-000c-ffff-ffff00000633"},{"element-6066-11e4-a52e-4f735466cecf":"00000000-0000-000c-ffff-ffff00000639","ELEMENT":"00000000-0000-000c-ffff-ffff00000639"},{"element-6066-11e4-a52e-4f735466cecf":"00000000-0000-000c-ffff-ffff0000063f","ELEMENT":"00000000-0000-000c-ffff-ffff0000063f"},{"element-6066-11e4-a52e-4f735466cecf":"00000000-0000-000c-ffff-ffff00000649","ELEMENT":"00000000-0000-000c-ffff-ffff00000649"},{"element-6066-11e4-a52e-4f735466cecf":"00000000-0000-000c-ffff-ffff0000064f","ELEMENT":"00000000-0000-000c-ffff-ffff0000064f"},{"element-6066-11e4-a52e-4f735466cecf":"00000000-0000-000c-ffff-ffff00000655","ELEMENT":"00000000-0000-000c-ffff-ffff0000065...
&amp#27;[38;5;0m[HTTP]&amp#27;[0m &amp#27;[37m<-- POST /session/32d2a80d-dc78-4f3e-a636-c5413edf6ff7/elements &amp#27;[39m&amp#27;[32m200&amp#27;[39m &amp#27;[90m107 ms - 1291&amp#27;[39m
&amp#27;[38;5;0m[HTTP]&amp#27;[0m &amp#27;[90m&amp#27;[39m
&amp#27;[38;5;0m[HTTP]&amp#27;[0m &amp#27;[37m-->&amp#27;[39m &amp#27;[37mGET&amp#27;[39m &amp#27;[37m/session/32d2a80d-dc78-4f3e-a636-c5413edf6ff7/context&amp#27;[39m
&amp#27;[38;5;0m[HTTP]&amp#27;[0m &amp#27;[90m{}&amp#27;[39m
&amp#27;[38;5;32m[AndroidUiautomator2Driver@6457 (32d2a80d)]&amp#27;[0m Calling AppiumDriver.getCurrentContext() with args: ["32d2a80d-dc78-4f3e-a636-c5413edf6ff7"]
&amp#27;[38;5;32m[AndroidUiautomator2Driver@6457 (32d2a80d)]&amp#27;[0m Responding to client with driver.getCurrentContext() result: "NATIVE_APP"
&amp#27;[38;5;0m[HTTP]&amp#27;[0m &amp#27;[37m<-- GET /session/32d2a80d-dc78-4f3e-a636-c5413edf6ff7/context &amp#27;[39m&amp#27;[32m200&amp#27;[39m &amp#27;[90m0 ms - 22&amp#27;[39m
&amp#27;[38;5;0m[HTTP]&amp#27;[0m &amp#27;[90m&amp#27;[39m
&amp#27;[38;5;0m[HTTP]&amp#27;[0m &amp#27;[37m-->&amp#27;[39m &amp#27;[37mPOST&amp#27;[39m &amp#27;[37m/session/32d2a80d-dc78-4f3e-a636-c5413edf6ff7/elements&amp#27;[39m
&amp#27;[38;5;0m[HTTP]&amp#27;[0m &amp#27;[90m{"value":"com.fivemobile.thescore:id/text_formatted_rank","using":"id"}&amp#27;[39m
&amp#27;[38;5;32m[AndroidUiautomator2Driver@6457 (32d2a80d)]&amp#27;[0m Calling AppiumDriver.findElements() with args: ["id","com.fivemobile.thescore:id/text_formatted_rank","32d2a80d-dc78-4f3e-a636-c5413edf6ff7"]
&amp#27;[38;5;32m[AndroidUiautomator2Driver@6457 (32d2a80d)]&amp#27;[0m Valid locator strategies for this request: xpath, id, class name, accessibility id, css selector, -android uiautomator
&amp#27;[38;5;32m[AndroidUiautomator2Driver@6457 (32d2a80d)]&amp#27;[0m Waiting up to 10000 ms for condition
&amp#27;[38;5;32m[AndroidUiautomator2Driver@6457 (32d2a80d)]&amp#27;[0m Matched '/elements' to command name 'findElements'
&amp#27;[38;5;32m[AndroidUiautomator2Driver@6457 (32d2a80d)]&amp#27;[0m Proxying [POST /elements] to [POST http://127.0.0.1:8200/session/f5e84c71-f4f7-4f8e-aec7-33a82bd27fec/elements] with body: {"strategy":"id","selector":"com.fivemobile.thescore:id/text_formatted_rank","context":"","multiple":true}
&amp#27;[38;5;32m[AndroidUiautomator2Driver@6457 (32d2a80d)]&amp#27;[0m Got response with status 200: {"sessionId":"f5e84c71-f4f7-4f8e-aec7-33a82bd27fec","value":[{"ELEMENT":"00000000-0000-000c-ffff-ffff00000627","element-6066-11e4-a52e-4f735466cecf":"00000000-0000-000c-ffff-ffff00000627"},{"ELEMENT":"00000000-0000-000c-ffff-ffff0000062d","element-6066-11e4-a52e-4f735466cecf":"00000000-0000-000c-ffff-ffff0000062d"},{"ELEMENT":"00000000-0000-000c-ffff-ffff00000633","element-6066-11e4-a52e-4f735466cecf":"00000000-0000-000c-ffff-ffff00000633"},{"ELEMENT":"00000000-0000-000c-ffff-ffff00000639","element-6066-11e4-a52e-4f735466cecf":"00000000-0000-000c-ffff-ffff00000639"},{"ELEMENT":"00000000-0000-000c-ffff-ffff0000063f","element-6066-11e4-a52e-4f735466cecf":"00000000-0000-000c-ffff-ffff0000063f"},{"ELEMENT":"00000000-0000-000c-ffff-ffff00000649","element-6066-11e4-a52e-4f735466cecf":"00000000-0000-000c-ffff-ffff00000649"},{"ELEMENT":"00000000-0000-000c-ffff-ffff0000064f","element-6066-11e4-a52e-4f735466cecf":"00000000-0000-000c-ffff-ffff0000064f"},{"ELEMENT":"00000000-0000-000c-ffff-ffff00000655","element-6066-...
&amp#27;[38;5;32m[AndroidUiautomator2Driver@6457 (32d2a80d)]&amp#27;[0m Responding to client with driver.findElements() result: [{"element-6066-11e4-a52e-4f735466cecf":"00000000-0000-000c-ffff-ffff00000627","ELEMENT":"00000000-0000-000c-ffff-ffff00000627"},{"element-6066-11e4-a52e-4f735466cecf":"00000000-0000-000c-ffff-ffff0000062d","ELEMENT":"00000000-0000-000c-ffff-ffff0000062d"},{"element-6066-11e4-a52e-4f735466cecf":"00000000-0000-000c-ffff-ffff00000633","ELEMENT":"00000000-0000-000c-ffff-ffff00000633"},{"element-6066-11e4-a52e-4f735466cecf":"00000000-0000-000c-ffff-ffff00000639","ELEMENT":"00000000-0000-000c-ffff-ffff00000639"},{"element-6066-11e4-a52e-4f735466cecf":"00000000-0000-000c-ffff-ffff0000063f","ELEMENT":"00000000-0000-000c-ffff-ffff0000063f"},{"element-6066-11e4-a52e-4f735466cecf":"00000000-0000-000c-ffff-ffff00000649","ELEMENT":"00000000-0000-000c-ffff-ffff00000649"},{"element-6066-11e4-a52e-4f735466cecf":"00000000-0000-000c-ffff-ffff0000064f","ELEMENT":"00000000-0000-000c-ffff-ffff0000064f"},{"element-6066-11e4-a52e-4f735466cecf":"00000000-0000-000c-ffff-ffff00000655","ELEMENT":"00000000-0000-000c-ffff-ffff0000065...
&amp#27;[38;5;0m[HTTP]&amp#27;[0m &amp#27;[37m<-- POST /session/32d2a80d-dc78-4f3e-a636-c5413edf6ff7/elements &amp#27;[39m&amp#27;[32m200&amp#27;[39m &amp#27;[90m91 ms - 1291&amp#27;[39m
&amp#27;[38;5;0m[HTTP]&amp#27;[0m &amp#27;[90m&amp#27;[39m
&amp#27;[38;5;0m[HTTP]&amp#27;[0m &amp#27;[37m-->&amp#27;[39m &amp#27;[37mGET&amp#27;[39m &amp#27;[37m/session/32d2a80d-dc78-4f3e-a636-c5413edf6ff7/element/00000000-0000-000c-ffff-ffff00000655/displayed&amp#27;[39m
&amp#27;[38;5;0m[HTTP]&amp#27;[0m &amp#27;[90m{}&amp#27;[39m
&amp#27;[38;5;32m[AndroidUiautomator2Driver@6457 (32d2a80d)]&amp#27;[0m Calling AppiumDriver.elementDisplayed() with args: ["00000000-0000-000c-ffff-ffff00000655","32d2a80d-dc78-4f3e-a636-c5413edf6ff7"]
&amp#27;[38;5;32m[AndroidUiautomator2Driver@6457 (32d2a80d)]&amp#27;[0m Matched '/element/00000000-0000-000c-ffff-ffff00000655/attribute/displayed' to command name 'getAttribute'
&amp#27;[38;5;32m[AndroidUiautomator2Driver@6457 (32d2a80d)]&amp#27;[0m Proxying [GET /element/00000000-0000-000c-ffff-ffff00000655/attribute/displayed] to [GET http://127.0.0.1:8200/session/f5e84c71-f4f7-4f8e-aec7-33a82bd27fec/element/00000000-0000-000c-ffff-ffff00000655/attribute/displayed] with no body
&amp#27;[38;5;32m[AndroidUiautomator2Driver@6457 (32d2a80d)]&amp#27;[0m Got response with status 200: {"sessionId":"f5e84c71-f4f7-4f8e-aec7-33a82bd27fec","value":"true"}
&amp#27;[38;5;32m[AndroidUiautomator2Driver@6457 (32d2a80d)]&amp#27;[0m Responding to client with driver.elementDisplayed() result: true
&amp#27;[38;5;0m[HTTP]&amp#27;[0m &amp#27;[37m<-- GET /session/32d2a80d-dc78-4f3e-a636-c5413edf6ff7/element/00000000-0000-000c-ffff-ffff00000655/displayed &amp#27;[39m&amp#27;[32m200&amp#27;[39m &amp#27;[90m9 ms - 14&amp#27;[39m
&amp#27;[38;5;0m[HTTP]&amp#27;[0m &amp#27;[90m&amp#27;[39m
&amp#27;[38;5;0m[HTTP]&amp#27;[0m &amp#27;[37m-->&amp#27;[39m &amp#27;[37mGET&amp#27;[39m &amp#27;[37m/session/32d2a80d-dc78-4f3e-a636-c5413edf6ff7/context&amp#27;[39m
&amp#27;[38;5;0m[HTTP]&amp#27;[0m &amp#27;[90m{}&amp#27;[39m
&amp#27;[38;5;32m[AndroidUiautomator2Driver@6457 (32d2a80d)]&amp#27;[0m Calling AppiumDriver.getCurrentContext() with args: ["32d2a80d-dc78-4f3e-a636-c5413edf6ff7"]
&amp#27;[38;5;32m[AndroidUiautomator2Driver@6457 (32d2a80d)]&amp#27;[0m Responding to client with driver.getCurrentContext() result: "NATIVE_APP"
&amp#27;[38;5;0m[HTTP]&amp#27;[0m &amp#27;[37m<-- GET /session/32d2a80d-dc78-4f3e-a636-c5413edf6ff7/context &amp#27;[39m&amp#27;[32m200&amp#27;[39m &amp#27;[90m1 ms - 22&amp#27;[39m
&amp#27;[38;5;0m[HTTP]&amp#27;[0m &amp#27;[90m&amp#27;[39m
&amp#27;[38;5;0m[HTTP]&amp#27;[0m &amp#27;[37m-->&amp#27;[39m &amp#27;[37mPOST&amp#27;[39m &amp#27;[37m/session/32d2a80d-dc78-4f3e-a636-c5413edf6ff7/elements&amp#27;[39m
&amp#27;[38;5;0m[HTTP]&amp#27;[0m &amp#27;[90m{"value":"com.fivemobile.thescore:id/text_formatted_rank","using":"id"}&amp#27;[39m
&amp#27;[38;5;32m[AndroidUiautomator2Driver@6457 (32d2a80d)]&amp#27;[0m Calling AppiumDriver.findElements() with args: ["id","com.fivemobile.thescore:id/text_formatted_rank","32d2a80d-dc78-4f3e-a636-c5413edf6ff7"]
&amp#27;[38;5;32m[AndroidUiautomator2Driver@6457 (32d2a80d)]&amp#27;[0m Valid locator strategies for this request: xpath, id, class name, accessibility id, css selector, -android uiautomator
&amp#27;[38;5;32m[AndroidUiautomator2Driver@6457 (32d2a80d)]&amp#27;[0m Waiting up to 10000 ms for condition
&amp#27;[38;5;32m[AndroidUiautomator2Driver@6457 (32d2a80d)]&amp#27;[0m Matched '/elements' to command name 'findElements'
&amp#27;[38;5;32m[AndroidUiautomator2Driver@6457 (32d2a80d)]&amp#27;[0m Proxying [POST /elements] to [POST http://127.0.0.1:8200/session/f5e84c71-f4f7-4f8e-aec7-33a82bd27fec/elements] with body: {"strategy":"id","selector":"com.fivemobile.thescore:id/text_formatted_rank","context":"","multiple":true}
&amp#27;[38;5;32m[AndroidUiautomator2Driver@6457 (32d2a80d)]&amp#27;[0m Got response with status 200: {"sessionId":"f5e84c71-f4f7-4f8e-aec7-33a82bd27fec","value":[{"ELEMENT":"00000000-0000-000c-ffff-ffff00000627","element-6066-11e4-a52e-4f735466cecf":"00000000-0000-000c-ffff-ffff00000627"},{"ELEMENT":"00000000-0000-000c-ffff-ffff0000062d","element-6066-11e4-a52e-4f735466cecf":"00000000-0000-000c-ffff-ffff0000062d"},{"ELEMENT":"00000000-0000-000c-ffff-ffff00000633","element-6066-11e4-a52e-4f735466cecf":"00000000-0000-000c-ffff-ffff00000633"},{"ELEMENT":"00000000-0000-000c-ffff-ffff00000639","element-6066-11e4-a52e-4f735466cecf":"00000000-0000-000c-ffff-ffff00000639"},{"ELEMENT":"00000000-0000-000c-ffff-ffff0000063f","element-6066-11e4-a52e-4f735466cecf":"00000000-0000-000c-ffff-ffff0000063f"},{"ELEMENT":"00000000-0000-000c-ffff-ffff00000649","element-6066-11e4-a52e-4f735466cecf":"00000000-0000-000c-ffff-ffff00000649"},{"ELEMENT":"00000000-0000-000c-ffff-ffff0000064f","element-6066-11e4-a52e-4f735466cecf":"00000000-0000-000c-ffff-ffff0000064f"},{"ELEMENT":"00000000-0000-000c-ffff-ffff00000655","element-6066-...
&amp#27;[38;5;32m[AndroidUiautomator2Driver@6457 (32d2a80d)]&amp#27;[0m Responding to client with driver.findElements() result: [{"element-6066-11e4-a52e-4f735466cecf":"00000000-0000-000c-ffff-ffff00000627","ELEMENT":"00000000-0000-000c-ffff-ffff00000627"},{"element-6066-11e4-a52e-4f735466cecf":"00000000-0000-000c-ffff-ffff0000062d","ELEMENT":"00000000-0000-000c-ffff-ffff0000062d"},{"element-6066-11e4-a52e-4f735466cecf":"00000000-0000-000c-ffff-ffff00000633","ELEMENT":"00000000-0000-000c-ffff-ffff00000633"},{"element-6066-11e4-a52e-4f735466cecf":"00000000-0000-000c-ffff-ffff00000639","ELEMENT":"00000000-0000-000c-ffff-ffff00000639"},{"element-6066-11e4-a52e-4f735466cecf":"00000000-0000-000c-ffff-ffff0000063f","ELEMENT":"00000000-0000-000c-ffff-ffff0000063f"},{"element-6066-11e4-a52e-4f735466cecf":"00000000-0000-000c-ffff-ffff00000649","ELEMENT":"00000000-0000-000c-ffff-ffff00000649"},{"element-6066-11e4-a52e-4f735466cecf":"00000000-0000-000c-ffff-ffff0000064f","ELEMENT":"00000000-0000-000c-ffff-ffff0000064f"},{"element-6066-11e4-a52e-4f735466cecf":"00000000-0000-000c-ffff-ffff00000655","ELEMENT":"00000000-0000-000c-ffff-ffff0000065...
&amp#27;[38;5;0m[HTTP]&amp#27;[0m &amp#27;[37m<-- POST /session/32d2a80d-dc78-4f3e-a636-c5413edf6ff7/elements &amp#27;[39m&amp#27;[32m200&amp#27;[39m &amp#27;[90m118 ms - 1291&amp#27;[39m
&amp#27;[38;5;0m[HTTP]&amp#27;[0m &amp#27;[90m&amp#27;[39m
&amp#27;[38;5;0m[HTTP]&amp#27;[0m &amp#27;[37m-->&amp#27;[39m &amp#27;[37mGET&amp#27;[39m &amp#27;[37m/session/32d2a80d-dc78-4f3e-a636-c5413edf6ff7/context&amp#27;[39m
&amp#27;[38;5;0m[HTTP]&amp#27;[0m &amp#27;[90m{}&amp#27;[39m
&amp#27;[38;5;32m[AndroidUiautomator2Driver@6457 (32d2a80d)]&amp#27;[0m Calling AppiumDriver.getCurrentContext() with args: ["32d2a80d-dc78-4f3e-a636-c5413edf6ff7"]
&amp#27;[38;5;32m[AndroidUiautomator2Driver@6457 (32d2a80d)]&amp#27;[0m Responding to client with driver.getCurrentContext() result: "NATIVE_APP"
&amp#27;[38;5;0m[HTTP]&amp#27;[0m &amp#27;[37m<-- GET /session/32d2a80d-dc78-4f3e-a636-c5413edf6ff7/context &amp#27;[39m&amp#27;[32m200&amp#27;[39m &amp#27;[90m1 ms - 22&amp#27;[39m
&amp#27;[38;5;0m[HTTP]&amp#27;[0m &amp#27;[90m&amp#27;[39m
&amp#27;[38;5;0m[HTTP]&amp#27;[0m &amp#27;[37m-->&amp#27;[39m &amp#27;[37mPOST&amp#27;[39m &amp#27;[37m/session/32d2a80d-dc78-4f3e-a636-c5413edf6ff7/elements&amp#27;[39m
&amp#27;[38;5;0m[HTTP]&amp#27;[0m &amp#27;[90m{"value":"com.fivemobile.thescore:id/text_formatted_rank","using":"id"}&amp#27;[39m
&amp#27;[38;5;32m[AndroidUiautomator2Driver@6457 (32d2a80d)]&amp#27;[0m Calling AppiumDriver.findElements() with args: ["id","com.fivemobile.thescore:id/text_formatted_rank","32d2a80d-dc78-4f3e-a636-c5413edf6ff7"]
&amp#27;[38;5;32m[AndroidUiautomator2Driver@6457 (32d2a80d)]&amp#27;[0m Valid locator strategies for this request: xpath, id, class name, accessibility id, css selector, -android uiautomator
&amp#27;[38;5;32m[AndroidUiautomator2Driver@6457 (32d2a80d)]&amp#27;[0m Waiting up to 10000 ms for condition
&amp#27;[38;5;32m[AndroidUiautomator2Driver@6457 (32d2a80d)]&amp#27;[0m Matched '/elements' to command name 'findElements'
&amp#27;[38;5;32m[AndroidUiautomator2Driver@6457 (32d2a80d)]&amp#27;[0m Proxying [POST /elements] to [POST http://127.0.0.1:8200/session/f5e84c71-f4f7-4f8e-aec7-33a82bd27fec/elements] with body: {"strategy":"id","selector":"com.fivemobile.thescore:id/text_formatted_rank","context":"","multiple":true}
&amp#27;[38;5;32m[AndroidUiautomator2Driver@6457 (32d2a80d)]&amp#27;[0m Got response with status 200: {"sessionId":"f5e84c71-f4f7-4f8e-aec7-33a82bd27fec","value":[{"ELEMENT":"00000000-0000-000c-ffff-ffff00000627","element-6066-11e4-a52e-4f735466cecf":"00000000-0000-000c-ffff-ffff00000627"},{"ELEMENT":"00000000-0000-000c-ffff-ffff0000062d","element-6066-11e4-a52e-4f735466cecf":"00000000-0000-000c-ffff-ffff0000062d"},{"ELEMENT":"00000000-0000-000c-ffff-ffff00000633","element-6066-11e4-a52e-4f735466cecf":"00000000-0000-000c-ffff-ffff00000633"},{"ELEMENT":"00000000-0000-000c-ffff-ffff00000639","element-6066-11e4-a52e-4f735466cecf":"00000000-0000-000c-ffff-ffff00000639"},{"ELEMENT":"00000000-0000-000c-ffff-ffff0000063f","element-6066-11e4-a52e-4f735466cecf":"00000000-0000-000c-ffff-ffff0000063f"},{"ELEMENT":"00000000-0000-000c-ffff-ffff00000649","element-6066-11e4-a52e-4f735466cecf":"00000000-0000-000c-ffff-ffff00000649"},{"ELEMENT":"00000000-0000-000c-ffff-ffff0000064f","element-6066-11e4-a52e-4f735466cecf":"00000000-0000-000c-ffff-ffff0000064f"},{"ELEMENT":"00000000-0000-000c-ffff-ffff00000655","element-6066-...
&amp#27;[38;5;32m[AndroidUiautomator2Driver@6457 (32d2a80d)]&amp#27;[0m Responding to client with driver.findElements() result: [{"element-6066-11e4-a52e-4f735466cecf":"00000000-0000-000c-ffff-ffff00000627","ELEMENT":"00000000-0000-000c-ffff-ffff00000627"},{"element-6066-11e4-a52e-4f735466cecf":"00000000-0000-000c-ffff-ffff0000062d","ELEMENT":"00000000-0000-000c-ffff-ffff0000062d"},{"element-6066-11e4-a52e-4f735466cecf":"00000000-0000-000c-ffff-ffff00000633","ELEMENT":"00000000-0000-000c-ffff-ffff00000633"},{"element-6066-11e4-a52e-4f735466cecf":"00000000-0000-000c-ffff-ffff00000639","ELEMENT":"00000000-0000-000c-ffff-ffff00000639"},{"element-6066-11e4-a52e-4f735466cecf":"00000000-0000-000c-ffff-ffff0000063f","ELEMENT":"00000000-0000-000c-ffff-ffff0000063f"},{"element-6066-11e4-a52e-4f735466cecf":"00000000-0000-000c-ffff-ffff00000649","ELEMENT":"00000000-0000-000c-ffff-ffff00000649"},{"element-6066-11e4-a52e-4f735466cecf":"00000000-0000-000c-ffff-ffff0000064f","ELEMENT":"00000000-0000-000c-ffff-ffff0000064f"},{"element-6066-11e4-a52e-4f735466cecf":"00000000-0000-000c-ffff-ffff00000655","ELEMENT":"00000000-0000-000c-ffff-ffff0000065...
&amp#27;[38;5;0m[HTTP]&amp#27;[0m &amp#27;[37m<-- POST /session/32d2a80d-dc78-4f3e-a636-c5413edf6ff7/elements &amp#27;[39m&amp#27;[32m200&amp#27;[39m &amp#27;[90m98 ms - 1291&amp#27;[39m
&amp#27;[38;5;0m[HTTP]&amp#27;[0m &amp#27;[90m&amp#27;[39m
&amp#27;[38;5;0m[HTTP]&amp#27;[0m &amp#27;[37m-->&amp#27;[39m &amp#27;[37mGET&amp#27;[39m &amp#27;[37m/session/32d2a80d-dc78-4f3e-a636-c5413edf6ff7/element/00000000-0000-000c-ffff-ffff0000065b/displayed&amp#27;[39m
&amp#27;[38;5;0m[HTTP]&amp#27;[0m &amp#27;[90m{}&amp#27;[39m
&amp#27;[38;5;32m[AndroidUiautomator2Driver@6457 (32d2a80d)]&amp#27;[0m Calling AppiumDriver.elementDisplayed() with args: ["00000000-0000-000c-ffff-ffff0000065b","32d2a80d-dc78-4f3e-a636-c5413edf6ff7"]
&amp#27;[38;5;32m[AndroidUiautomator2Driver@6457 (32d2a80d)]&amp#27;[0m Matched '/element/00000000-0000-000c-ffff-ffff0000065b/attribute/displayed' to command name 'getAttribute'
&amp#27;[38;5;32m[AndroidUiautomator2Driver@6457 (32d2a80d)]&amp#27;[0m Proxying [GET /element/00000000-0000-000c-ffff-ffff0000065b/attribute/displayed] to [GET http://127.0.0.1:8200/session/f5e84c71-f4f7-4f8e-aec7-33a82bd27fec/element/00000000-0000-000c-ffff-ffff0000065b/attribute/displayed] with no body
&amp#27;[38;5;32m[AndroidUiautomator2Driver@6457 (32d2a80d)]&amp#27;[0m Got response with status 200: {"sessionId":"f5e84c71-f4f7-4f8e-aec7-33a82bd27fec","value":"true"}
&amp#27;[38;5;32m[AndroidUiautomator2Driver@6457 (32d2a80d)]&amp#27;[0m Responding to client with driver.elementDisplayed() result: true
&amp#27;[38;5;0m[HTTP]&amp#27;[0m &amp#27;[37m<-- GET /session/32d2a80d-dc78-4f3e-a636-c5413edf6ff7/element/00000000-0000-000c-ffff-ffff0000065b/displayed &amp#27;[39m&amp#27;[32m200&amp#27;[39m &amp#27;[90m9 ms - 14&amp#27;[39m
&amp#27;[38;5;0m[HTTP]&amp#27;[0m &amp#27;[90m&amp#27;[39m
&amp#27;[38;5;0m[HTTP]&amp#27;[0m &amp#27;[37m-->&amp#27;[39m &amp#27;[37mGET&amp#27;[39m &amp#27;[37m/session/32d2a80d-dc78-4f3e-a636-c5413edf6ff7/context&amp#27;[39m
&amp#27;[38;5;0m[HTTP]&amp#27;[0m &amp#27;[90m{}&amp#27;[39m
&amp#27;[38;5;32m[AndroidUiautomator2Driver@6457 (32d2a80d)]&amp#27;[0m Calling AppiumDriver.getCurrentContext() with args: ["32d2a80d-dc78-4f3e-a636-c5413edf6ff7"]
&amp#27;[38;5;32m[AndroidUiautomator2Driver@6457 (32d2a80d)]&amp#27;[0m Responding to client with driver.getCurrentContext() result: "NATIVE_APP"
&amp#27;[38;5;0m[HTTP]&amp#27;[0m &amp#27;[37m<-- GET /session/32d2a80d-dc78-4f3e-a636-c5413edf6ff7/context &amp#27;[39m&amp#27;[32m200&amp#27;[39m &amp#27;[90m1 ms - 22&amp#27;[39m
&amp#27;[38;5;0m[HTTP]&amp#27;[0m &amp#27;[90m&amp#27;[39m
&amp#27;[38;5;0m[HTTP]&amp#27;[0m &amp#27;[37m-->&amp#27;[39m &amp#27;[37mPOST&amp#27;[39m &amp#27;[37m/session/32d2a80d-dc78-4f3e-a636-c5413edf6ff7/elements&amp#27;[39m
&amp#27;[38;5;0m[HTTP]&amp#27;[0m &amp#27;[90m{"value":"com.fivemobile.thescore:id/text_formatted_rank","using":"id"}&amp#27;[39m
&amp#27;[38;5;32m[AndroidUiautomator2Driver@6457 (32d2a80d)]&amp#27;[0m Calling AppiumDriver.findElements() with args: ["id","com.fivemobile.thescore:id/text_formatted_rank","32d2a80d-dc78-4f3e-a636-c5413edf6ff7"]
&amp#27;[38;5;32m[AndroidUiautomator2Driver@6457 (32d2a80d)]&amp#27;[0m Valid locator strategies for this request: xpath, id, class name, accessibility id, css selector, -android uiautomator
&amp#27;[38;5;32m[AndroidUiautomator2Driver@6457 (32d2a80d)]&amp#27;[0m Waiting up to 10000 ms for condition
&amp#27;[38;5;32m[AndroidUiautomator2Driver@6457 (32d2a80d)]&amp#27;[0m Matched '/elements' to command name 'findElements'
&amp#27;[38;5;32m[AndroidUiautomator2Driver@6457 (32d2a80d)]&amp#27;[0m Proxying [POST /elements] to [POST http://127.0.0.1:8200/session/f5e84c71-f4f7-4f8e-aec7-33a82bd27fec/elements] with body: {"strategy":"id","selector":"com.fivemobile.thescore:id/text_formatted_rank","context":"","multiple":true}
&amp#27;[38;5;32m[AndroidUiautomator2Driver@6457 (32d2a80d)]&amp#27;[0m Got response with status 200: {"sessionId":"f5e84c71-f4f7-4f8e-aec7-33a82bd27fec","value":[{"ELEMENT":"00000000-0000-000c-ffff-ffff00000627","element-6066-11e4-a52e-4f735466cecf":"00000000-0000-000c-ffff-ffff00000627"},{"ELEMENT":"00000000-0000-000c-ffff-ffff0000062d","element-6066-11e4-a52e-4f735466cecf":"00000000-0000-000c-ffff-ffff0000062d"},{"ELEMENT":"00000000-0000-000c-ffff-ffff00000633","element-6066-11e4-a52e-4f735466cecf":"00000000-0000-000c-ffff-ffff00000633"},{"ELEMENT":"00000000-0000-000c-ffff-ffff00000639","element-6066-11e4-a52e-4f735466cecf":"00000000-0000-000c-ffff-ffff00000639"},{"ELEMENT":"00000000-0000-000c-ffff-ffff0000063f","element-6066-11e4-a52e-4f735466cecf":"00000000-0000-000c-ffff-ffff0000063f"},{"ELEMENT":"00000000-0000-000c-ffff-ffff00000649","element-6066-11e4-a52e-4f735466cecf":"00000000-0000-000c-ffff-ffff00000649"},{"ELEMENT":"00000000-0000-000c-ffff-ffff0000064f","element-6066-11e4-a52e-4f735466cecf":"00000000-0000-000c-ffff-ffff0000064f"},{"ELEMENT":"00000000-0000-000c-ffff-ffff00000655","element-6066-...
&amp#27;[38;5;32m[AndroidUiautomator2Driver@6457 (32d2a80d)]&amp#27;[0m Responding to client with driver.findElements() result: [{"element-6066-11e4-a52e-4f735466cecf":"00000000-0000-000c-ffff-ffff00000627","ELEMENT":"00000000-0000-000c-ffff-ffff00000627"},{"element-6066-11e4-a52e-4f735466cecf":"00000000-0000-000c-ffff-ffff0000062d","ELEMENT":"00000000-0000-000c-ffff-ffff0000062d"},{"element-6066-11e4-a52e-4f735466cecf":"00000000-0000-000c-ffff-ffff00000633","ELEMENT":"00000000-0000-000c-ffff-ffff00000633"},{"element-6066-11e4-a52e-4f735466cecf":"00000000-0000-000c-ffff-ffff00000639","ELEMENT":"00000000-0000-000c-ffff-ffff00000639"},{"element-6066-11e4-a52e-4f735466cecf":"00000000-0000-000c-ffff-ffff0000063f","ELEMENT":"00000000-0000-000c-ffff-ffff0000063f"},{"element-6066-11e4-a52e-4f735466cecf":"00000000-0000-000c-ffff-ffff00000649","ELEMENT":"00000000-0000-000c-ffff-ffff00000649"},{"element-6066-11e4-a52e-4f735466cecf":"00000000-0000-000c-ffff-ffff0000064f","ELEMENT":"00000000-0000-000c-ffff-ffff0000064f"},{"element-6066-11e4-a52e-4f735466cecf":"00000000-0000-000c-ffff-ffff00000655","ELEMENT":"00000000-0000-000c-ffff-ffff0000065...
&amp#27;[38;5;0m[HTTP]&amp#27;[0m &amp#27;[37m<-- POST /session/32d2a80d-dc78-4f3e-a636-c5413edf6ff7/elements &amp#27;[39m&amp#27;[32m200&amp#27;[39m &amp#27;[90m102 ms - 1291&amp#27;[39m
&amp#27;[38;5;0m[HTTP]&amp#27;[0m &amp#27;[90m&amp#27;[39m
&amp#27;[38;5;0m[HTTP]&amp#27;[0m &amp#27;[37m-->&amp#27;[39m &amp#27;[37mGET&amp#27;[39m &amp#27;[37m/session/32d2a80d-dc78-4f3e-a636-c5413edf6ff7/context&amp#27;[39m
&amp#27;[38;5;0m[HTTP]&amp#27;[0m &amp#27;[90m{}&amp#27;[39m
&amp#27;[38;5;32m[AndroidUiautomator2Driver@6457 (32d2a80d)]&amp#27;[0m Calling AppiumDriver.getCurrentContext() with args: ["32d2a80d-dc78-4f3e-a636-c5413edf6ff7"]
&amp#27;[38;5;32m[AndroidUiautomator2Driver@6457 (32d2a80d)]&amp#27;[0m Responding to client with driver.getCurrentContext() result: "NATIVE_APP"
&amp#27;[38;5;0m[HTTP]&amp#27;[0m &amp#27;[37m<-- GET /session/32d2a80d-dc78-4f3e-a636-c5413edf6ff7/context &amp#27;[39m&amp#27;[32m200&amp#27;[39m &amp#27;[90m0 ms - 22&amp#27;[39m
&amp#27;[38;5;0m[HTTP]&amp#27;[0m &amp#27;[90m&amp#27;[39m
&amp#27;[38;5;0m[HTTP]&amp#27;[0m &amp#27;[37m-->&amp#27;[39m &amp#27;[37mPOST&amp#27;[39m &amp#27;[37m/session/32d2a80d-dc78-4f3e-a636-c5413edf6ff7/elements&amp#27;[39m
&amp#27;[38;5;0m[HTTP]&amp#27;[0m &amp#27;[90m{"value":"com.fivemobile.thescore:id/text_formatted_rank","using":"id"}&amp#27;[39m
&amp#27;[38;5;32m[AndroidUiautomator2Driver@6457 (32d2a80d)]&amp#27;[0m Calling AppiumDriver.findElements() with args: ["id","com.fivemobile.thescore:id/text_formatted_rank","32d2a80d-dc78-4f3e-a636-c5413edf6ff7"]
&amp#27;[38;5;32m[AndroidUiautomator2Driver@6457 (32d2a80d)]&amp#27;[0m Valid locator strategies for this request: xpath, id, class name, accessibility id, css selector, -android uiautomator
&amp#27;[38;5;32m[AndroidUiautomator2Driver@6457 (32d2a80d)]&amp#27;[0m Waiting up to 10000 ms for condition
&amp#27;[38;5;32m[AndroidUiautomator2Driver@6457 (32d2a80d)]&amp#27;[0m Matched '/elements' to command name 'findElements'
&amp#27;[38;5;32m[AndroidUiautomator2Driver@6457 (32d2a80d)]&amp#27;[0m Proxying [POST /elements] to [POST http://127.0.0.1:8200/session/f5e84c71-f4f7-4f8e-aec7-33a82bd27fec/elements] with body: {"strategy":"id","selector":"com.fivemobile.thescore:id/text_formatted_rank","context":"","multiple":true}
&amp#27;[38;5;32m[AndroidUiautomator2Driver@6457 (32d2a80d)]&amp#27;[0m Got response with status 200: {"sessionId":"f5e84c71-f4f7-4f8e-aec7-33a82bd27fec","value":[{"ELEMENT":"00000000-0000-000c-ffff-ffff00000627","element-6066-11e4-a52e-4f735466cecf":"00000000-0000-000c-ffff-ffff00000627"},{"ELEMENT":"00000000-0000-000c-ffff-ffff0000062d","element-6066-11e4-a52e-4f735466cecf":"00000000-0000-000c-ffff-ffff0000062d"},{"ELEMENT":"00000000-0000-000c-ffff-ffff00000633","element-6066-11e4-a52e-4f735466cecf":"00000000-0000-000c-ffff-ffff00000633"},{"ELEMENT":"00000000-0000-000c-ffff-ffff00000639","element-6066-11e4-a52e-4f735466cecf":"00000000-0000-000c-ffff-ffff00000639"},{"ELEMENT":"00000000-0000-000c-ffff-ffff0000063f","element-6066-11e4-a52e-4f735466cecf":"00000000-0000-000c-ffff-ffff0000063f"},{"ELEMENT":"00000000-0000-000c-ffff-ffff00000649","element-6066-11e4-a52e-4f735466cecf":"00000000-0000-000c-ffff-ffff00000649"},{"ELEMENT":"00000000-0000-000c-ffff-ffff0000064f","element-6066-11e4-a52e-4f735466cecf":"00000000-0000-000c-ffff-ffff0000064f"},{"ELEMENT":"00000000-0000-000c-ffff-ffff00000655","element-6066-...
&amp#27;[38;5;32m[AndroidUiautomator2Driver@6457 (32d2a80d)]&amp#27;[0m Responding to client with driver.findElements() result: [{"element-6066-11e4-a52e-4f735466cecf":"00000000-0000-000c-ffff-ffff00000627","ELEMENT":"00000000-0000-000c-ffff-ffff00000627"},{"element-6066-11e4-a52e-4f735466cecf":"00000000-0000-000c-ffff-ffff0000062d","ELEMENT":"00000000-0000-000c-ffff-ffff0000062d"},{"element-6066-11e4-a52e-4f735466cecf":"00000000-0000-000c-ffff-ffff00000633","ELEMENT":"00000000-0000-000c-ffff-ffff00000633"},{"element-6066-11e4-a52e-4f735466cecf":"00000000-0000-000c-ffff-ffff00000639","ELEMENT":"00000000-0000-000c-ffff-ffff00000639"},{"element-6066-11e4-a52e-4f735466cecf":"00000000-0000-000c-ffff-ffff0000063f","ELEMENT":"00000000-0000-000c-ffff-ffff0000063f"},{"element-6066-11e4-a52e-4f735466cecf":"00000000-0000-000c-ffff-ffff00000649","ELEMENT":"00000000-0000-000c-ffff-ffff00000649"},{"element-6066-11e4-a52e-4f735466cecf":"00000000-0000-000c-ffff-ffff0000064f","ELEMENT":"00000000-0000-000c-ffff-ffff0000064f"},{"element-6066-11e4-a52e-4f735466cecf":"00000000-0000-000c-ffff-ffff00000655","ELEMENT":"00000000-0000-000c-ffff-ffff0000065...
&amp#27;[38;5;0m[HTTP]&amp#27;[0m &amp#27;[37m<-- POST /session/32d2a80d-dc78-4f3e-a636-c5413edf6ff7/elements &amp#27;[39m&amp#27;[32m200&amp#27;[39m &amp#27;[90m92 ms - 1291&amp#27;[39m
&amp#27;[38;5;0m[HTTP]&amp#27;[0m &amp#27;[90m&amp#27;[39m
&amp#27;[38;5;0m[HTTP]&amp#27;[0m &amp#27;[37m-->&amp#27;[39m &amp#27;[37mGET&amp#27;[39m &amp#27;[37m/session/32d2a80d-dc78-4f3e-a636-c5413edf6ff7/element/00000000-0000-000c-ffff-ffff00000661/displayed&amp#27;[39m
&amp#27;[38;5;0m[HTTP]&amp#27;[0m &amp#27;[90m{}&amp#27;[39m
&amp#27;[38;5;32m[AndroidUiautomator2Driver@6457 (32d2a80d)]&amp#27;[0m Calling AppiumDriver.elementDisplayed() with args: ["00000000-0000-000c-ffff-ffff00000661","32d2a80d-dc78-4f3e-a636-c5413edf6ff7"]
&amp#27;[38;5;32m[AndroidUiautomator2Driver@6457 (32d2a80d)]&amp#27;[0m Matched '/element/00000000-0000-000c-ffff-ffff00000661/attribute/displayed' to command name 'getAttribute'
&amp#27;[38;5;32m[AndroidUiautomator2Driver@6457 (32d2a80d)]&amp#27;[0m Proxying [GET /element/00000000-0000-000c-ffff-ffff00000661/attribute/displayed] to [GET http://127.0.0.1:8200/session/f5e84c71-f4f7-4f8e-aec7-33a82bd27fec/element/00000000-0000-000c-ffff-ffff00000661/attribute/displayed] with no body
&amp#27;[38;5;32m[AndroidUiautomator2Driver@6457 (32d2a80d)]&amp#27;[0m Got response with status 200: {"sessionId":"f5e84c71-f4f7-4f8e-aec7-33a82bd27fec","value":"true"}
&amp#27;[38;5;32m[AndroidUiautomator2Driver@6457 (32d2a80d)]&amp#27;[0m Responding to client with driver.elementDisplayed() result: true
&amp#27;[38;5;0m[HTTP]&amp#27;[0m &amp#27;[37m<-- GET /session/32d2a80d-dc78-4f3e-a636-c5413edf6ff7/element/00000000-0000-000c-ffff-ffff00000661/displayed &amp#27;[39m&amp#27;[32m200&amp#27;[39m &amp#27;[90m12 ms - 14&amp#27;[39m
&amp#27;[38;5;0m[HTTP]&amp#27;[0m &amp#27;[90m&amp#27;[39m
&amp#27;[38;5;0m[HTTP]&amp#27;[0m &amp#27;[37m-->&amp#27;[39m &amp#27;[37mGET&amp#27;[39m &amp#27;[37m/session/32d2a80d-dc78-4f3e-a636-c5413edf6ff7/context&amp#27;[39m
&amp#27;[38;5;0m[HTTP]&amp#27;[0m &amp#27;[90m{}&amp#27;[39m
&amp#27;[38;5;32m[AndroidUiautomator2Driver@6457 (32d2a80d)]&amp#27;[0m Calling AppiumDriver.getCurrentContext() with args: ["32d2a80d-dc78-4f3e-a636-c5413edf6ff7"]
&amp#27;[38;5;32m[AndroidUiautomator2Driver@6457 (32d2a80d)]&amp#27;[0m Responding to client with driver.getCurrentContext() result: "NATIVE_APP"
&amp#27;[38;5;0m[HTTP]&amp#27;[0m &amp#27;[37m<-- GET /session/32d2a80d-dc78-4f3e-a636-c5413edf6ff7/context &amp#27;[39m&amp#27;[32m200&amp#27;[39m &amp#27;[90m0 ms - 22&amp#27;[39m
&amp#27;[38;5;0m[HTTP]&amp#27;[0m &amp#27;[90m&amp#27;[39m
&amp#27;[38;5;0m[HTTP]&amp#27;[0m &amp#27;[37m-->&amp#27;[39m &amp#27;[37mPOST&amp#27;[39m &amp#27;[37m/session/32d2a80d-dc78-4f3e-a636-c5413edf6ff7/elements&amp#27;[39m
&amp#27;[38;5;0m[HTTP]&amp#27;[0m &amp#27;[90m{"value":"com.fivemobile.thescore:id/text_formatted_rank","using":"id"}&amp#27;[39m
&amp#27;[38;5;32m[AndroidUiautomator2Driver@6457 (32d2a80d)]&amp#27;[0m Calling AppiumDriver.findElements() with args: ["id","com.fivemobile.thescore:id/text_formatted_rank","32d2a80d-dc78-4f3e-a636-c5413edf6ff7"]
&amp#27;[38;5;32m[AndroidUiautomator2Driver@6457 (32d2a80d)]&amp#27;[0m Valid locator strategies for this request: xpath, id, class name, accessibility id, css selector, -android uiautomator
&amp#27;[38;5;32m[AndroidUiautomator2Driver@6457 (32d2a80d)]&amp#27;[0m Waiting up to 10000 ms for condition
&amp#27;[38;5;32m[AndroidUiautomator2Driver@6457 (32d2a80d)]&amp#27;[0m Matched '/elements' to command name 'findElements'
&amp#27;[38;5;32m[AndroidUiautomator2Driver@6457 (32d2a80d)]&amp#27;[0m Proxying [POST /elements] to [POST http://127.0.0.1:8200/session/f5e84c71-f4f7-4f8e-aec7-33a82bd27fec/elements] with body: {"strategy":"id","selector":"com.fivemobile.thescore:id/text_formatted_rank","context":"","multiple":true}
&amp#27;[38;5;32m[AndroidUiautomator2Driver@6457 (32d2a80d)]&amp#27;[0m Got response with status 200: {"sessionId":"f5e84c71-f4f7-4f8e-aec7-33a82bd27fec","value":[{"ELEMENT":"00000000-0000-000c-ffff-ffff00000627","element-6066-11e4-a52e-4f735466cecf":"00000000-0000-000c-ffff-ffff00000627"},{"ELEMENT":"00000000-0000-000c-ffff-ffff0000062d","element-6066-11e4-a52e-4f735466cecf":"00000000-0000-000c-ffff-ffff0000062d"},{"ELEMENT":"00000000-0000-000c-ffff-ffff00000633","element-6066-11e4-a52e-4f735466cecf":"00000000-0000-000c-ffff-ffff00000633"},{"ELEMENT":"00000000-0000-000c-ffff-ffff00000639","element-6066-11e4-a52e-4f735466cecf":"00000000-0000-000c-ffff-ffff00000639"},{"ELEMENT":"00000000-0000-000c-ffff-ffff0000063f","element-6066-11e4-a52e-4f735466cecf":"00000000-0000-000c-ffff-ffff0000063f"},{"ELEMENT":"00000000-0000-000c-ffff-ffff00000649","element-6066-11e4-a52e-4f735466cecf":"00000000-0000-000c-ffff-ffff00000649"},{"ELEMENT":"00000000-0000-000c-ffff-ffff0000064f","element-6066-11e4-a52e-4f735466cecf":"00000000-0000-000c-ffff-ffff0000064f"},{"ELEMENT":"00000000-0000-000c-ffff-ffff00000655","element-6066-...
&amp#27;[38;5;32m[AndroidUiautomator2Driver@6457 (32d2a80d)]&amp#27;[0m Responding to client with driver.findElements() result: [{"element-6066-11e4-a52e-4f735466cecf":"00000000-0000-000c-ffff-ffff00000627","ELEMENT":"00000000-0000-000c-ffff-ffff00000627"},{"element-6066-11e4-a52e-4f735466cecf":"00000000-0000-000c-ffff-ffff0000062d","ELEMENT":"00000000-0000-000c-ffff-ffff0000062d"},{"element-6066-11e4-a52e-4f735466cecf":"00000000-0000-000c-ffff-ffff00000633","ELEMENT":"00000000-0000-000c-ffff-ffff00000633"},{"element-6066-11e4-a52e-4f735466cecf":"00000000-0000-000c-ffff-ffff00000639","ELEMENT":"00000000-0000-000c-ffff-ffff00000639"},{"element-6066-11e4-a52e-4f735466cecf":"00000000-0000-000c-ffff-ffff0000063f","ELEMENT":"00000000-0000-000c-ffff-ffff0000063f"},{"element-6066-11e4-a52e-4f735466cecf":"00000000-0000-000c-ffff-ffff00000649","ELEMENT":"00000000-0000-000c-ffff-ffff00000649"},{"element-6066-11e4-a52e-4f735466cecf":"00000000-0000-000c-ffff-ffff0000064f","ELEMENT":"00000000-0000-000c-ffff-ffff0000064f"},{"element-6066-11e4-a52e-4f735466cecf":"00000000-0000-000c-ffff-ffff00000655","ELEMENT":"00000000-0000-000c-ffff-ffff0000065...
&amp#27;[38;5;0m[HTTP]&amp#27;[0m &amp#27;[37m<-- POST /session/32d2a80d-dc78-4f3e-a636-c5413edf6ff7/elements &amp#27;[39m&amp#27;[32m200&amp#27;[39m &amp#27;[90m111 ms - 1291&amp#27;[39m
&amp#27;[38;5;0m[HTTP]&amp#27;[0m &amp#27;[90m&amp#27;[39m
&amp#27;[38;5;0m[HTTP]&amp#27;[0m &amp#27;[37m-->&amp#27;[39m &amp#27;[37mGET&amp#27;[39m &amp#27;[37m/session/32d2a80d-dc78-4f3e-a636-c5413edf6ff7/context&amp#27;[39m
&amp#27;[38;5;0m[HTTP]&amp#27;[0m &amp#27;[90m{}&amp#27;[39m
&amp#27;[38;5;32m[AndroidUiautomator2Driver@6457 (32d2a80d)]&amp#27;[0m Calling AppiumDriver.getCurrentContext() with args: ["32d2a80d-dc78-4f3e-a636-c5413edf6ff7"]
&amp#27;[38;5;32m[AndroidUiautomator2Driver@6457 (32d2a80d)]&amp#27;[0m Responding to client with driver.getCurrentContext() result: "NATIVE_APP"
&amp#27;[38;5;0m[HTTP]&amp#27;[0m &amp#27;[37m<-- GET /session/32d2a80d-dc78-4f3e-a636-c5413edf6ff7/context &amp#27;[39m&amp#27;[32m200&amp#27;[39m &amp#27;[90m0 ms - 22&amp#27;[39m
&amp#27;[38;5;0m[HTTP]&amp#27;[0m &amp#27;[90m&amp#27;[39m
&amp#27;[38;5;0m[HTTP]&amp#27;[0m &amp#27;[37m-->&amp#27;[39m &amp#27;[37mPOST&amp#27;[39m &amp#27;[37m/session/32d2a80d-dc78-4f3e-a636-c5413edf6ff7/elements&amp#27;[39m
&amp#27;[38;5;0m[HTTP]&amp#27;[0m &amp#27;[90m{"value":"com.fivemobile.thescore:id/view_progress","using":"id"}&amp#27;[39m
&amp#27;[38;5;32m[AndroidUiautomator2Driver@6457 (32d2a80d)]&amp#27;[0m Calling AppiumDriver.findElements() with args: ["id","com.fivemobile.thescore:id/view_progress","32d2a80d-dc78-4f3e-a636-c5413edf6ff7"]
&amp#27;[38;5;32m[AndroidUiautomator2Driver@6457 (32d2a80d)]&amp#27;[0m Valid locator strategies for this request: xpath, id, class name, accessibility id, css selector, -android uiautomator
&amp#27;[38;5;32m[AndroidUiautomator2Driver@6457 (32d2a80d)]&amp#27;[0m Waiting up to 10000 ms for condition
&amp#27;[38;5;32m[AndroidUiautomator2Driver@6457 (32d2a80d)]&amp#27;[0m Matched '/elements' to command name 'findElements'
&amp#27;[38;5;32m[AndroidUiautomator2Driver@6457 (32d2a80d)]&amp#27;[0m Proxying [POST /elements] to [POST http://127.0.0.1:8200/session/f5e84c71-f4f7-4f8e-aec7-33a82bd27fec/elements] with body: {"strategy":"id","selector":"com.fivemobile.thescore:id/view_progress","context":"","multiple":true}
&amp#27;[38;5;32m[AndroidUiautomator2Driver@6457 (32d2a80d)]&amp#27;[0m Got response with status 200: {"sessionId":"f5e84c71-f4f7-4f8e-aec7-33a82bd27fec","value":[{"ELEMENT":"00000000-0000-000c-ffff-ffff00000628","element-6066-11e4-a52e-4f735466cecf":"00000000-0000-000c-ffff-ffff00000628"},{"ELEMENT":"00000000-0000-000c-ffff-ffff0000062e","element-6066-11e4-a52e-4f735466cecf":"00000000-0000-000c-ffff-ffff0000062e"},{"ELEMENT":"00000000-0000-000c-ffff-ffff00000634","element-6066-11e4-a52e-4f735466cecf":"00000000-0000-000c-ffff-ffff00000634"},{"ELEMENT":"00000000-0000-000c-ffff-ffff0000063a","element-6066-11e4-a52e-4f735466cecf":"00000000-0000-000c-ffff-ffff0000063a"},{"ELEMENT":"00000000-0000-000c-ffff-ffff00000640","element-6066-11e4-a52e-4f735466cecf":"00000000-0000-000c-ffff-ffff00000640"},{"ELEMENT":"00000000-0000-000c-ffff-ffff0000064a","element-6066-11e4-a52e-4f735466cecf":"00000000-0000-000c-ffff-ffff0000064a"},{"ELEMENT":"00000000-0000-000c-ffff-ffff00000650","element-6066-11e4-a52e-4f735466cecf":"00000000-0000-000c-ffff-ffff00000650"},{"ELEMENT":"00000000-0000-000c-ffff-ffff00000656","element-6066-...
&amp#27;[38;5;32m[AndroidUiautomator2Driver@6457 (32d2a80d)]&amp#27;[0m Responding to client with driver.findElements() result: [{"element-6066-11e4-a52e-4f735466cecf":"00000000-0000-000c-ffff-ffff00000628","ELEMENT":"00000000-0000-000c-ffff-ffff00000628"},{"element-6066-11e4-a52e-4f735466cecf":"00000000-0000-000c-ffff-ffff0000062e","ELEMENT":"00000000-0000-000c-ffff-ffff0000062e"},{"element-6066-11e4-a52e-4f735466cecf":"00000000-0000-000c-ffff-ffff00000634","ELEMENT":"00000000-0000-000c-ffff-ffff00000634"},{"element-6066-11e4-a52e-4f735466cecf":"00000000-0000-000c-ffff-ffff0000063a","ELEMENT":"00000000-0000-000c-ffff-ffff0000063a"},{"element-6066-11e4-a52e-4f735466cecf":"00000000-0000-000c-ffff-ffff00000640","ELEMENT":"00000000-0000-000c-ffff-ffff00000640"},{"element-6066-11e4-a52e-4f735466cecf":"00000000-0000-000c-ffff-ffff0000064a","ELEMENT":"00000000-0000-000c-ffff-ffff0000064a"},{"element-6066-11e4-a52e-4f735466cecf":"00000000-0000-000c-ffff-ffff00000650","ELEMENT":"00000000-0000-000c-ffff-ffff00000650"},{"element-6066-11e4-a52e-4f735466cecf":"00000000-0000-000c-ffff-ffff00000656","ELEMENT":"00000000-0000-000c-ffff-ffff0000065...
&amp#27;[38;5;0m[HTTP]&amp#27;[0m &amp#27;[37m<-- POST /session/32d2a80d-dc78-4f3e-a636-c5413edf6ff7/elements &amp#27;[39m&amp#27;[32m200&amp#27;[39m &amp#27;[90m99 ms - 1291&amp#27;[39m
&amp#27;[38;5;0m[HTTP]&amp#27;[0m &amp#27;[90m&amp#27;[39m
&amp#27;[38;5;0m[HTTP]&amp#27;[0m &amp#27;[37m-->&amp#27;[39m &amp#27;[37mGET&amp#27;[39m &amp#27;[37m/session/32d2a80d-dc78-4f3e-a636-c5413edf6ff7/context&amp#27;[39m
&amp#27;[38;5;0m[HTTP]&amp#27;[0m &amp#27;[90m{}&amp#27;[39m
&amp#27;[38;5;32m[AndroidUiautomator2Driver@6457 (32d2a80d)]&amp#27;[0m Calling AppiumDriver.getCurrentContext() with args: ["32d2a80d-dc78-4f3e-a636-c5413edf6ff7"]
&amp#27;[38;5;32m[AndroidUiautomator2Driver@6457 (32d2a80d)]&amp#27;[0m Responding to client with driver.getCurrentContext() result: "NATIVE_APP"
&amp#27;[38;5;0m[HTTP]&amp#27;[0m &amp#27;[37m<-- GET /session/32d2a80d-dc78-4f3e-a636-c5413edf6ff7/context &amp#27;[39m&amp#27;[32m200&amp#27;[39m &amp#27;[90m0 ms - 22&amp#27;[39m
&amp#27;[38;5;0m[HTTP]&amp#27;[0m &amp#27;[90m&amp#27;[39m
&amp#27;[38;5;0m[HTTP]&amp#27;[0m &amp#27;[37m-->&amp#27;[39m &amp#27;[37mPOST&amp#27;[39m &amp#27;[37m/session/32d2a80d-dc78-4f3e-a636-c5413edf6ff7/elements&amp#27;[39m
&amp#27;[38;5;0m[HTTP]&amp#27;[0m &amp#27;[90m{"value":"com.fivemobile.thescore:id/view_progress","using":"id"}&amp#27;[39m
&amp#27;[38;5;32m[AndroidUiautomator2Driver@6457 (32d2a80d)]&amp#27;[0m Calling AppiumDriver.findElements() with args: ["id","com.fivemobile.thescore:id/view_progress","32d2a80d-dc78-4f3e-a636-c5413edf6ff7"]
&amp#27;[38;5;32m[AndroidUiautomator2Driver@6457 (32d2a80d)]&amp#27;[0m Valid locator strategies for this request: xpath, id, class name, accessibility id, css selector, -android uiautomator
&amp#27;[38;5;32m[AndroidUiautomator2Driver@6457 (32d2a80d)]&amp#27;[0m Waiting up to 10000 ms for condition
&amp#27;[38;5;32m[AndroidUiautomator2Driver@6457 (32d2a80d)]&amp#27;[0m Matched '/elements' to command name 'findElements'
&amp#27;[38;5;32m[AndroidUiautomator2Driver@6457 (32d2a80d)]&amp#27;[0m Proxying [POST /elements] to [POST http://127.0.0.1:8200/session/f5e84c71-f4f7-4f8e-aec7-33a82bd27fec/elements] with body: {"strategy":"id","selector":"com.fivemobile.thescore:id/view_progress","context":"","multiple":true}
&amp#27;[38;5;32m[AndroidUiautomator2Driver@6457 (32d2a80d)]&amp#27;[0m Got response with status 200: {"sessionId":"f5e84c71-f4f7-4f8e-aec7-33a82bd27fec","value":[{"ELEMENT":"00000000-0000-000c-ffff-ffff00000628","element-6066-11e4-a52e-4f735466cecf":"00000000-0000-000c-ffff-ffff00000628"},{"ELEMENT":"00000000-0000-000c-ffff-ffff0000062e","element-6066-11e4-a52e-4f735466cecf":"00000000-0000-000c-ffff-ffff0000062e"},{"ELEMENT":"00000000-0000-000c-ffff-ffff00000634","element-6066-11e4-a52e-4f735466cecf":"00000000-0000-000c-ffff-ffff00000634"},{"ELEMENT":"00000000-0000-000c-ffff-ffff0000063a","element-6066-11e4-a52e-4f735466cecf":"00000000-0000-000c-ffff-ffff0000063a"},{"ELEMENT":"00000000-0000-000c-ffff-ffff00000640","element-6066-11e4-a52e-4f735466cecf":"00000000-0000-000c-ffff-ffff00000640"},{"ELEMENT":"00000000-0000-000c-ffff-ffff0000064a","element-6066-11e4-a52e-4f735466cecf":"00000000-0000-000c-ffff-ffff0000064a"},{"ELEMENT":"00000000-0000-000c-ffff-ffff00000650","element-6066-11e4-a52e-4f735466cecf":"00000000-0000-000c-ffff-ffff00000650"},{"ELEMENT":"00000000-0000-000c-ffff-ffff00000656","element-6066-...
&amp#27;[38;5;32m[AndroidUiautomator2Driver@6457 (32d2a80d)]&amp#27;[0m Responding to client with driver.findElements() result: [{"element-6066-11e4-a52e-4f735466cecf":"00000000-0000-000c-ffff-ffff00000628","ELEMENT":"00000000-0000-000c-ffff-ffff00000628"},{"element-6066-11e4-a52e-4f735466cecf":"00000000-0000-000c-ffff-ffff0000062e","ELEMENT":"00000000-0000-000c-ffff-ffff0000062e"},{"element-6066-11e4-a52e-4f735466cecf":"00000000-0000-000c-ffff-ffff00000634","ELEMENT":"00000000-0000-000c-ffff-ffff00000634"},{"element-6066-11e4-a52e-4f735466cecf":"00000000-0000-000c-ffff-ffff0000063a","ELEMENT":"00000000-0000-000c-ffff-ffff0000063a"},{"element-6066-11e4-a52e-4f735466cecf":"00000000-0000-000c-ffff-ffff00000640","ELEMENT":"00000000-0000-000c-ffff-ffff00000640"},{"element-6066-11e4-a52e-4f735466cecf":"00000000-0000-000c-ffff-ffff0000064a","ELEMENT":"00000000-0000-000c-ffff-ffff0000064a"},{"element-6066-11e4-a52e-4f735466cecf":"00000000-0000-000c-ffff-ffff00000650","ELEMENT":"00000000-0000-000c-ffff-ffff00000650"},{"element-6066-11e4-a52e-4f735466cecf":"00000000-0000-000c-ffff-ffff00000656","ELEMENT":"00000000-0000-000c-ffff-ffff0000065...
&amp#27;[38;5;0m[HTTP]&amp#27;[0m &amp#27;[37m<-- POST /session/32d2a80d-dc78-4f3e-a636-c5413edf6ff7/elements &amp#27;[39m&amp#27;[32m200&amp#27;[39m &amp#27;[90m89 ms - 1291&amp#27;[39m
&amp#27;[38;5;0m[HTTP]&amp#27;[0m &amp#27;[90m&amp#27;[39m
&amp#27;[38;5;0m[HTTP]&amp#27;[0m &amp#27;[37m-->&amp#27;[39m &amp#27;[37mGET&amp#27;[39m &amp#27;[37m/session/32d2a80d-dc78-4f3e-a636-c5413edf6ff7/element/00000000-0000-000c-ffff-ffff00000628/displayed&amp#27;[39m
&amp#27;[38;5;0m[HTTP]&amp#27;[0m &amp#27;[90m{}&amp#27;[39m
&amp#27;[38;5;32m[AndroidUiautomator2Driver@6457 (32d2a80d)]&amp#27;[0m Calling AppiumDriver.elementDisplayed() with args: ["00000000-0000-000c-ffff-ffff00000628","32d2a80d-dc78-4f3e-a636-c5413edf6ff7"]
&amp#27;[38;5;32m[AndroidUiautomator2Driver@6457 (32d2a80d)]&amp#27;[0m Matched '/element/00000000-0000-000c-ffff-ffff00000628/attribute/displayed' to command name 'getAttribute'
&amp#27;[38;5;32m[AndroidUiautomator2Driver@6457 (32d2a80d)]&amp#27;[0m Proxying [GET /element/00000000-0000-000c-ffff-ffff00000628/attribute/displayed] to [GET http://127.0.0.1:8200/session/f5e84c71-f4f7-4f8e-aec7-33a82bd27fec/element/00000000-0000-000c-ffff-ffff00000628/attribute/displayed] with no body
&amp#27;[38;5;32m[AndroidUiautomator2Driver@6457 (32d2a80d)]&amp#27;[0m Got response with status 200: {"sessionId":"f5e84c71-f4f7-4f8e-aec7-33a82bd27fec","value":"true"}
&amp#27;[38;5;32m[AndroidUiautomator2Driver@6457 (32d2a80d)]&amp#27;[0m Responding to client with driver.elementDisplayed() result: true
&amp#27;[38;5;0m[HTTP]&amp#27;[0m &amp#27;[37m<-- GET /session/32d2a80d-dc78-4f3e-a636-c5413edf6ff7/element/00000000-0000-000c-ffff-ffff00000628/displayed &amp#27;[39m&amp#27;[32m200&amp#27;[39m &amp#27;[90m11 ms - 14&amp#27;[39m
&amp#27;[38;5;0m[HTTP]&amp#27;[0m &amp#27;[90m&amp#27;[39m
&amp#27;[38;5;0m[HTTP]&amp#27;[0m &amp#27;[37m-->&amp#27;[39m &amp#27;[37mGET&amp#27;[39m &amp#27;[37m/session/32d2a80d-dc78-4f3e-a636-c5413edf6ff7/context&amp#27;[39m
&amp#27;[38;5;0m[HTTP]&amp#27;[0m &amp#27;[90m{}&amp#27;[39m
&amp#27;[38;5;32m[AndroidUiautomator2Driver@6457 (32d2a80d)]&amp#27;[0m Calling AppiumDriver.getCurrentContext() with args: ["32d2a80d-dc78-4f3e-a636-c5413edf6ff7"]
&amp#27;[38;5;32m[AndroidUiautomator2Driver@6457 (32d2a80d)]&amp#27;[0m Responding to client with driver.getCurrentContext() result: "NATIVE_APP"
&amp#27;[38;5;0m[HTTP]&amp#27;[0m &amp#27;[37m<-- GET /session/32d2a80d-dc78-4f3e-a636-c5413edf6ff7/context &amp#27;[39m&amp#27;[32m200&amp#27;[39m &amp#27;[90m0 ms - 22&amp#27;[39m
&amp#27;[38;5;0m[HTTP]&amp#27;[0m &amp#27;[90m&amp#27;[39m
&amp#27;[38;5;0m[HTTP]&amp#27;[0m &amp#27;[37m-->&amp#27;[39m &amp#27;[37mPOST&amp#27;[39m &amp#27;[37m/session/32d2a80d-dc78-4f3e-a636-c5413edf6ff7/elements&amp#27;[39m
&amp#27;[38;5;0m[HTTP]&amp#27;[0m &amp#27;[90m{"value":"com.fivemobile.thescore:id/view_progress","using":"id"}&amp#27;[39m
&amp#27;[38;5;32m[AndroidUiautomator2Driver@6457 (32d2a80d)]&amp#27;[0m Calling AppiumDriver.findElements() with args: ["id","com.fivemobile.thescore:id/view_progress","32d2a80d-dc78-4f3e-a636-c5413edf6ff7"]
&amp#27;[38;5;32m[AndroidUiautomator2Driver@6457 (32d2a80d)]&amp#27;[0m Valid locator strategies for this request: xpath, id, class name, accessibility id, css selector, -android uiautomator
&amp#27;[38;5;32m[AndroidUiautomator2Driver@6457 (32d2a80d)]&amp#27;[0m Waiting up to 10000 ms for condition
&amp#27;[38;5;32m[AndroidUiautomator2Driver@6457 (32d2a80d)]&amp#27;[0m Matched '/elements' to command name 'findElements'
&amp#27;[38;5;32m[AndroidUiautomator2Driver@6457 (32d2a80d)]&amp#27;[0m Proxying [POST /elements] to [POST http://127.0.0.1:8200/session/f5e84c71-f4f7-4f8e-aec7-33a82bd27fec/elements] with body: {"strategy":"id","selector":"com.fivemobile.thescore:id/view_progress","context":"","multiple":true}
&amp#27;[38;5;32m[AndroidUiautomator2Driver@6457 (32d2a80d)]&amp#27;[0m Got response with status 200: {"sessionId":"f5e84c71-f4f7-4f8e-aec7-33a82bd27fec","value":[{"ELEMENT":"00000000-0000-000c-ffff-ffff00000628","element-6066-11e4-a52e-4f735466cecf":"00000000-0000-000c-ffff-ffff00000628"},{"ELEMENT":"00000000-0000-000c-ffff-ffff0000062e","element-6066-11e4-a52e-4f735466cecf":"00000000-0000-000c-ffff-ffff0000062e"},{"ELEMENT":"00000000-0000-000c-ffff-ffff00000634","element-6066-11e4-a52e-4f735466cecf":"00000000-0000-000c-ffff-ffff00000634"},{"ELEMENT":"00000000-0000-000c-ffff-ffff0000063a","element-6066-11e4-a52e-4f735466cecf":"00000000-0000-000c-ffff-ffff0000063a"},{"ELEMENT":"00000000-0000-000c-ffff-ffff00000640","element-6066-11e4-a52e-4f735466cecf":"00000000-0000-000c-ffff-ffff00000640"},{"ELEMENT":"00000000-0000-000c-ffff-ffff0000064a","element-6066-11e4-a52e-4f735466cecf":"00000000-0000-000c-ffff-ffff0000064a"},{"ELEMENT":"00000000-0000-000c-ffff-ffff00000650","element-6066-11e4-a52e-4f735466cecf":"00000000-0000-000c-ffff-ffff00000650"},{"ELEMENT":"00000000-0000-000c-ffff-ffff00000656","element-6066-...
&amp#27;[38;5;32m[AndroidUiautomator2Driver@6457 (32d2a80d)]&amp#27;[0m Responding to client with driver.findElements() result: [{"element-6066-11e4-a52e-4f735466cecf":"00000000-0000-000c-ffff-ffff00000628","ELEMENT":"00000000-0000-000c-ffff-ffff00000628"},{"element-6066-11e4-a52e-4f735466cecf":"00000000-0000-000c-ffff-ffff0000062e","ELEMENT":"00000000-0000-000c-ffff-ffff0000062e"},{"element-6066-11e4-a52e-4f735466cecf":"00000000-0000-000c-ffff-ffff00000634","ELEMENT":"00000000-0000-000c-ffff-ffff00000634"},{"element-6066-11e4-a52e-4f735466cecf":"00000000-0000-000c-ffff-ffff0000063a","ELEMENT":"00000000-0000-000c-ffff-ffff0000063a"},{"element-6066-11e4-a52e-4f735466cecf":"00000000-0000-000c-ffff-ffff00000640","ELEMENT":"00000000-0000-000c-ffff-ffff00000640"},{"element-6066-11e4-a52e-4f735466cecf":"00000000-0000-000c-ffff-ffff0000064a","ELEMENT":"00000000-0000-000c-ffff-ffff0000064a"},{"element-6066-11e4-a52e-4f735466cecf":"00000000-0000-000c-ffff-ffff00000650","ELEMENT":"00000000-0000-000c-ffff-ffff00000650"},{"element-6066-11e4-a52e-4f735466cecf":"00000000-0000-000c-ffff-ffff00000656","ELEMENT":"00000000-0000-000c-ffff-ffff0000065...
&amp#27;[38;5;0m[HTTP]&amp#27;[0m &amp#27;[37m<-- POST /session/32d2a80d-dc78-4f3e-a636-c5413edf6ff7/elements &amp#27;[39m&amp#27;[32m200&amp#27;[39m &amp#27;[90m96 ms - 1291&amp#27;[39m
&amp#27;[38;5;0m[HTTP]&amp#27;[0m &amp#27;[90m&amp#27;[39m
&amp#27;[38;5;0m[HTTP]&amp#27;[0m &amp#27;[37m-->&amp#27;[39m &amp#27;[37mGET&amp#27;[39m &amp#27;[37m/session/32d2a80d-dc78-4f3e-a636-c5413edf6ff7/context&amp#27;[39m
&amp#27;[38;5;0m[HTTP]&amp#27;[0m &amp#27;[90m{}&amp#27;[39m
&amp#27;[38;5;32m[AndroidUiautomator2Driver@6457 (32d2a80d)]&amp#27;[0m Calling AppiumDriver.getCurrentContext() with args: ["32d2a80d-dc78-4f3e-a636-c5413edf6ff7"]
&amp#27;[38;5;32m[AndroidUiautomator2Driver@6457 (32d2a80d)]&amp#27;[0m Responding to client with driver.getCurrentContext() result: "NATIVE_APP"
&amp#27;[38;5;0m[HTTP]&amp#27;[0m &amp#27;[37m<-- GET /session/32d2a80d-dc78-4f3e-a636-c5413edf6ff7/context &amp#27;[39m&amp#27;[32m200&amp#27;[39m &amp#27;[90m0 ms - 22&amp#27;[39m
&amp#27;[38;5;0m[HTTP]&amp#27;[0m &amp#27;[90m&amp#27;[39m
&amp#27;[38;5;0m[HTTP]&amp#27;[0m &amp#27;[37m-->&amp#27;[39m &amp#27;[37mPOST&amp#27;[39m &amp#27;[37m/session/32d2a80d-dc78-4f3e-a636-c5413edf6ff7/elements&amp#27;[39m
&amp#27;[38;5;0m[HTTP]&amp#27;[0m &amp#27;[90m{"value":"com.fivemobile.thescore:id/view_progress","using":"id"}&amp#27;[39m
&amp#27;[38;5;32m[AndroidUiautomator2Driver@6457 (32d2a80d)]&amp#27;[0m Calling AppiumDriver.findElements() with args: ["id","com.fivemobile.thescore:id/view_progress","32d2a80d-dc78-4f3e-a636-c5413edf6ff7"]
&amp#27;[38;5;32m[AndroidUiautomator2Driver@6457 (32d2a80d)]&amp#27;[0m Valid locator strategies for this request: xpath, id, class name, accessibility id, css selector, -android uiautomator
&amp#27;[38;5;32m[AndroidUiautomator2Driver@6457 (32d2a80d)]&amp#27;[0m Waiting up to 10000 ms for condition
&amp#27;[38;5;32m[AndroidUiautomator2Driver@6457 (32d2a80d)]&amp#27;[0m Matched '/elements' to command name 'findElements'
&amp#27;[38;5;32m[AndroidUiautomator2Driver@6457 (32d2a80d)]&amp#27;[0m Proxying [POST /elements] to [POST http://127.0.0.1:8200/session/f5e84c71-f4f7-4f8e-aec7-33a82bd27fec/elements] with body: {"strategy":"id","selector":"com.fivemobile.thescore:id/view_progress","context":"","multiple":true}
&amp#27;[38;5;32m[AndroidUiautomator2Driver@6457 (32d2a80d)]&amp#27;[0m Got response with status 200: {"sessionId":"f5e84c71-f4f7-4f8e-aec7-33a82bd27fec","value":[{"ELEMENT":"00000000-0000-000c-ffff-ffff00000628","element-6066-11e4-a52e-4f735466cecf":"00000000-0000-000c-ffff-ffff00000628"},{"ELEMENT":"00000000-0000-000c-ffff-ffff0000062e","element-6066-11e4-a52e-4f735466cecf":"00000000-0000-000c-ffff-ffff0000062e"},{"ELEMENT":"00000000-0000-000c-ffff-ffff00000634","element-6066-11e4-a52e-4f735466cecf":"00000000-0000-000c-ffff-ffff00000634"},{"ELEMENT":"00000000-0000-000c-ffff-ffff0000063a","element-6066-11e4-a52e-4f735466cecf":"00000000-0000-000c-ffff-ffff0000063a"},{"ELEMENT":"00000000-0000-000c-ffff-ffff00000640","element-6066-11e4-a52e-4f735466cecf":"00000000-0000-000c-ffff-ffff00000640"},{"ELEMENT":"00000000-0000-000c-ffff-ffff0000064a","element-6066-11e4-a52e-4f735466cecf":"00000000-0000-000c-ffff-ffff0000064a"},{"ELEMENT":"00000000-0000-000c-ffff-ffff00000650","element-6066-11e4-a52e-4f735466cecf":"00000000-0000-000c-ffff-ffff00000650"},{"ELEMENT":"00000000-0000-000c-ffff-ffff00000656","element-6066-...
&amp#27;[38;5;32m[AndroidUiautomator2Driver@6457 (32d2a80d)]&amp#27;[0m Responding to client with driver.findElements() result: [{"element-6066-11e4-a52e-4f735466cecf":"00000000-0000-000c-ffff-ffff00000628","ELEMENT":"00000000-0000-000c-ffff-ffff00000628"},{"element-6066-11e4-a52e-4f735466cecf":"00000000-0000-000c-ffff-ffff0000062e","ELEMENT":"00000000-0000-000c-ffff-ffff0000062e"},{"element-6066-11e4-a52e-4f735466cecf":"00000000-0000-000c-ffff-ffff00000634","ELEMENT":"00000000-0000-000c-ffff-ffff00000634"},{"element-6066-11e4-a52e-4f735466cecf":"00000000-0000-000c-ffff-ffff0000063a","ELEMENT":"00000000-0000-000c-ffff-ffff0000063a"},{"element-6066-11e4-a52e-4f735466cecf":"00000000-0000-000c-ffff-ffff00000640","ELEMENT":"00000000-0000-000c-ffff-ffff00000640"},{"element-6066-11e4-a52e-4f735466cecf":"00000000-0000-000c-ffff-ffff0000064a","ELEMENT":"00000000-0000-000c-ffff-ffff0000064a"},{"element-6066-11e4-a52e-4f735466cecf":"00000000-0000-000c-ffff-ffff00000650","ELEMENT":"00000000-0000-000c-ffff-ffff00000650"},{"element-6066-11e4-a52e-4f735466cecf":"00000000-0000-000c-ffff-ffff00000656","ELEMENT":"00000000-0000-000c-ffff-ffff0000065...
&amp#27;[38;5;0m[HTTP]&amp#27;[0m &amp#27;[37m<-- POST /session/32d2a80d-dc78-4f3e-a636-c5413edf6ff7/elements &amp#27;[39m&amp#27;[32m200&amp#27;[39m &amp#27;[90m94 ms - 1291&amp#27;[39m
&amp#27;[38;5;0m[HTTP]&amp#27;[0m &amp#27;[90m&amp#27;[39m
&amp#27;[38;5;0m[HTTP]&amp#27;[0m &amp#27;[37m-->&amp#27;[39m &amp#27;[37mGET&amp#27;[39m &amp#27;[37m/session/32d2a80d-dc78-4f3e-a636-c5413edf6ff7/element/00000000-0000-000c-ffff-ffff0000062e/displayed&amp#27;[39m
&amp#27;[38;5;0m[HTTP]&amp#27;[0m &amp#27;[90m{}&amp#27;[39m
&amp#27;[38;5;32m[AndroidUiautomator2Driver@6457 (32d2a80d)]&amp#27;[0m Calling AppiumDriver.elementDisplayed() with args: ["00000000-0000-000c-ffff-ffff0000062e","32d2a80d-dc78-4f3e-a636-c5413edf6ff7"]
&amp#27;[38;5;32m[AndroidUiautomator2Driver@6457 (32d2a80d)]&amp#27;[0m Matched '/element/00000000-0000-000c-ffff-ffff0000062e/attribute/displayed' to command name 'getAttribute'
&amp#27;[38;5;32m[AndroidUiautomator2Driver@6457 (32d2a80d)]&amp#27;[0m Proxying [GET /element/00000000-0000-000c-ffff-ffff0000062e/attribute/displayed] to [GET http://127.0.0.1:8200/session/f5e84c71-f4f7-4f8e-aec7-33a82bd27fec/element/00000000-0000-000c-ffff-ffff0000062e/attribute/displayed] with no body
&amp#27;[38;5;32m[AndroidUiautomator2Driver@6457 (32d2a80d)]&amp#27;[0m Got response with status 200: {"sessionId":"f5e84c71-f4f7-4f8e-aec7-33a82bd27fec","value":"true"}
&amp#27;[38;5;32m[AndroidUiautomator2Driver@6457 (32d2a80d)]&amp#27;[0m Responding to client with driver.elementDisplayed() result: true
&amp#27;[38;5;0m[HTTP]&amp#27;[0m &amp#27;[37m<-- GET /session/32d2a80d-dc78-4f3e-a636-c5413edf6ff7/element/00000000-0000-000c-ffff-ffff0000062e/displayed &amp#27;[39m&amp#27;[32m200&amp#27;[39m &amp#27;[90m10 ms - 14&amp#27;[39m
&amp#27;[38;5;0m[HTTP]&amp#27;[0m &amp#27;[90m&amp#27;[39m
&amp#27;[38;5;0m[HTTP]&amp#27;[0m &amp#27;[37m-->&amp#27;[39m &amp#27;[37mGET&amp#27;[39m &amp#27;[37m/session/32d2a80d-dc78-4f3e-a636-c5413edf6ff7/context&amp#27;[39m
&amp#27;[38;5;0m[HTTP]&amp#27;[0m &amp#27;[90m{}&amp#27;[39m
&amp#27;[38;5;32m[AndroidUiautomator2Driver@6457 (32d2a80d)]&amp#27;[0m Calling AppiumDriver.getCurrentContext() with args: ["32d2a80d-dc78-4f3e-a636-c5413edf6ff7"]
&amp#27;[38;5;32m[AndroidUiautomator2Driver@6457 (32d2a80d)]&amp#27;[0m Responding to client with driver.getCurrentContext() result: "NATIVE_APP"
&amp#27;[38;5;0m[HTTP]&amp#27;[0m &amp#27;[37m<-- GET /session/32d2a80d-dc78-4f3e-a636-c5413edf6ff7/context &amp#27;[39m&amp#27;[32m200&amp#27;[39m &amp#27;[90m1 ms - 22&amp#27;[39m
&amp#27;[38;5;0m[HTTP]&amp#27;[0m &amp#27;[90m&amp#27;[39m
&amp#27;[38;5;0m[HTTP]&amp#27;[0m &amp#27;[37m-->&amp#27;[39m &amp#27;[37mPOST&amp#27;[39m &amp#27;[37m/session/32d2a80d-dc78-4f3e-a636-c5413edf6ff7/elements&amp#27;[39m
&amp#27;[38;5;0m[HTTP]&amp#27;[0m &amp#27;[90m{"value":"com.fivemobile.thescore:id/view_progress","using":"id"}&amp#27;[39m
&amp#27;[38;5;32m[AndroidUiautomator2Driver@6457 (32d2a80d)]&amp#27;[0m Calling AppiumDriver.findElements() with args: ["id","com.fivemobile.thescore:id/view_progress","32d2a80d-dc78-4f3e-a636-c5413edf6ff7"]
&amp#27;[38;5;32m[AndroidUiautomator2Driver@6457 (32d2a80d)]&amp#27;[0m Valid locator strategies for this request: xpath, id, class name, accessibility id, css selector, -android uiautomator
&amp#27;[38;5;32m[AndroidUiautomator2Driver@6457 (32d2a80d)]&amp#27;[0m Waiting up to 10000 ms for condition
&amp#27;[38;5;32m[AndroidUiautomator2Driver@6457 (32d2a80d)]&amp#27;[0m Matched '/elements' to command name 'findElements'
&amp#27;[38;5;32m[AndroidUiautomator2Driver@6457 (32d2a80d)]&amp#27;[0m Proxying [POST /elements] to [POST http://127.0.0.1:8200/session/f5e84c71-f4f7-4f8e-aec7-33a82bd27fec/elements] with body: {"strategy":"id","selector":"com.fivemobile.thescore:id/view_progress","context":"","multiple":true}
&amp#27;[38;5;32m[AndroidUiautomator2Driver@6457 (32d2a80d)]&amp#27;[0m Got response with status 200: {"sessionId":"f5e84c71-f4f7-4f8e-aec7-33a82bd27fec","value":[{"ELEMENT":"00000000-0000-000c-ffff-ffff00000628","element-6066-11e4-a52e-4f735466cecf":"00000000-0000-000c-ffff-ffff00000628"},{"ELEMENT":"00000000-0000-000c-ffff-ffff0000062e","element-6066-11e4-a52e-4f735466cecf":"00000000-0000-000c-ffff-ffff0000062e"},{"ELEMENT":"00000000-0000-000c-ffff-ffff00000634","element-6066-11e4-a52e-4f735466cecf":"00000000-0000-000c-ffff-ffff00000634"},{"ELEMENT":"00000000-0000-000c-ffff-ffff0000063a","element-6066-11e4-a52e-4f735466cecf":"00000000-0000-000c-ffff-ffff0000063a"},{"ELEMENT":"00000000-0000-000c-ffff-ffff00000640","element-6066-11e4-a52e-4f735466cecf":"00000000-0000-000c-ffff-ffff00000640"},{"ELEMENT":"00000000-0000-000c-ffff-ffff0000064a","element-6066-11e4-a52e-4f735466cecf":"00000000-0000-000c-ffff-ffff0000064a"},{"ELEMENT":"00000000-0000-000c-ffff-ffff00000650","element-6066-11e4-a52e-4f735466cecf":"00000000-0000-000c-ffff-ffff00000650"},{"ELEMENT":"00000000-0000-000c-ffff-ffff00000656","element-6066-...
&amp#27;[38;5;32m[AndroidUiautomator2Driver@6457 (32d2a80d)]&amp#27;[0m Responding to client with driver.findElements() result: [{"element-6066-11e4-a52e-4f735466cecf":"00000000-0000-000c-ffff-ffff00000628","ELEMENT":"00000000-0000-000c-ffff-ffff00000628"},{"element-6066-11e4-a52e-4f735466cecf":"00000000-0000-000c-ffff-ffff0000062e","ELEMENT":"00000000-0000-000c-ffff-ffff0000062e"},{"element-6066-11e4-a52e-4f735466cecf":"00000000-0000-000c-ffff-ffff00000634","ELEMENT":"00000000-0000-000c-ffff-ffff00000634"},{"element-6066-11e4-a52e-4f735466cecf":"00000000-0000-000c-ffff-ffff0000063a","ELEMENT":"00000000-0000-000c-ffff-ffff0000063a"},{"element-6066-11e4-a52e-4f735466cecf":"00000000-0000-000c-ffff-ffff00000640","ELEMENT":"00000000-0000-000c-ffff-ffff00000640"},{"element-6066-11e4-a52e-4f735466cecf":"00000000-0000-000c-ffff-ffff0000064a","ELEMENT":"00000000-0000-000c-ffff-ffff0000064a"},{"element-6066-11e4-a52e-4f735466cecf":"00000000-0000-000c-ffff-ffff00000650","ELEMENT":"00000000-0000-000c-ffff-ffff00000650"},{"element-6066-11e4-a52e-4f735466cecf":"00000000-0000-000c-ffff-ffff00000656","ELEMENT":"00000000-0000-000c-ffff-ffff0000065...
&amp#27;[38;5;0m[HTTP]&amp#27;[0m &amp#27;[37m<-- POST /session/32d2a80d-dc78-4f3e-a636-c5413edf6ff7/elements &amp#27;[39m&amp#27;[32m200&amp#27;[39m &amp#27;[90m100 ms - 1291&amp#27;[39m
&amp#27;[38;5;0m[HTTP]&amp#27;[0m &amp#27;[90m&amp#27;[39m
&amp#27;[38;5;0m[HTTP]&amp#27;[0m &amp#27;[37m-->&amp#27;[39m &amp#27;[37mGET&amp#27;[39m &amp#27;[37m/session/32d2a80d-dc78-4f3e-a636-c5413edf6ff7/context&amp#27;[39m
&amp#27;[38;5;0m[HTTP]&amp#27;[0m &amp#27;[90m{}&amp#27;[39m
&amp#27;[38;5;32m[AndroidUiautomator2Driver@6457 (32d2a80d)]&amp#27;[0m Calling AppiumDriver.getCurrentContext() with args: ["32d2a80d-dc78-4f3e-a636-c5413edf6ff7"]
&amp#27;[38;5;32m[AndroidUiautomator2Driver@6457 (32d2a80d)]&amp#27;[0m Responding to client with driver.getCurrentContext() result: "NATIVE_APP"
&amp#27;[38;5;0m[HTTP]&amp#27;[0m &amp#27;[37m<-- GET /session/32d2a80d-dc78-4f3e-a636-c5413edf6ff7/context &amp#27;[39m&amp#27;[32m200&amp#27;[39m &amp#27;[90m0 ms - 22&amp#27;[39m
&amp#27;[38;5;0m[HTTP]&amp#27;[0m &amp#27;[90m&amp#27;[39m
&amp#27;[38;5;0m[HTTP]&amp#27;[0m &amp#27;[37m-->&amp#27;[39m &amp#27;[37mPOST&amp#27;[39m &amp#27;[37m/session/32d2a80d-dc78-4f3e-a636-c5413edf6ff7/elements&amp#27;[39m
&amp#27;[38;5;0m[HTTP]&amp#27;[0m &amp#27;[90m{"value":"com.fivemobile.thescore:id/view_progress","using":"id"}&amp#27;[39m
&amp#27;[38;5;32m[AndroidUiautomator2Driver@6457 (32d2a80d)]&amp#27;[0m Calling AppiumDriver.findElements() with args: ["id","com.fivemobile.thescore:id/view_progress","32d2a80d-dc78-4f3e-a636-c5413edf6ff7"]
&amp#27;[38;5;32m[AndroidUiautomator2Driver@6457 (32d2a80d)]&amp#27;[0m Valid locator strategies for this request: xpath, id, class name, accessibility id, css selector, -android uiautomator
&amp#27;[38;5;32m[AndroidUiautomator2Driver@6457 (32d2a80d)]&amp#27;[0m Waiting up to 10000 ms for condition
&amp#27;[38;5;32m[AndroidUiautomator2Driver@6457 (32d2a80d)]&amp#27;[0m Matched '/elements' to command name 'findElements'
&amp#27;[38;5;32m[AndroidUiautomator2Driver@6457 (32d2a80d)]&amp#27;[0m Proxying [POST /elements] to [POST http://127.0.0.1:8200/session/f5e84c71-f4f7-4f8e-aec7-33a82bd27fec/elements] with body: {"strategy":"id","selector":"com.fivemobile.thescore:id/view_progress","context":"","multiple":true}
&amp#27;[38;5;32m[AndroidUiautomator2Driver@6457 (32d2a80d)]&amp#27;[0m Got response with status 200: {"sessionId":"f5e84c71-f4f7-4f8e-aec7-33a82bd27fec","value":[{"ELEMENT":"00000000-0000-000c-ffff-ffff00000628","element-6066-11e4-a52e-4f735466cecf":"00000000-0000-000c-ffff-ffff00000628"},{"ELEMENT":"00000000-0000-000c-ffff-ffff0000062e","element-6066-11e4-a52e-4f735466cecf":"00000000-0000-000c-ffff-ffff0000062e"},{"ELEMENT":"00000000-0000-000c-ffff-ffff00000634","element-6066-11e4-a52e-4f735466cecf":"00000000-0000-000c-ffff-ffff00000634"},{"ELEMENT":"00000000-0000-000c-ffff-ffff0000063a","element-6066-11e4-a52e-4f735466cecf":"00000000-0000-000c-ffff-ffff0000063a"},{"ELEMENT":"00000000-0000-000c-ffff-ffff00000640","element-6066-11e4-a52e-4f735466cecf":"00000000-0000-000c-ffff-ffff00000640"},{"ELEMENT":"00000000-0000-000c-ffff-ffff0000064a","element-6066-11e4-a52e-4f735466cecf":"00000000-0000-000c-ffff-ffff0000064a"},{"ELEMENT":"00000000-0000-000c-ffff-ffff00000650","element-6066-11e4-a52e-4f735466cecf":"00000000-0000-000c-ffff-ffff00000650"},{"ELEMENT":"00000000-0000-000c-ffff-ffff00000656","element-6066-...
&amp#27;[38;5;32m[AndroidUiautomator2Driver@6457 (32d2a80d)]&amp#27;[0m Responding to client with driver.findElements() result: [{"element-6066-11e4-a52e-4f735466cecf":"00000000-0000-000c-ffff-ffff00000628","ELEMENT":"00000000-0000-000c-ffff-ffff00000628"},{"element-6066-11e4-a52e-4f735466cecf":"00000000-0000-000c-ffff-ffff0000062e","ELEMENT":"00000000-0000-000c-ffff-ffff0000062e"},{"element-6066-11e4-a52e-4f735466cecf":"00000000-0000-000c-ffff-ffff00000634","ELEMENT":"00000000-0000-000c-ffff-ffff00000634"},{"element-6066-11e4-a52e-4f735466cecf":"00000000-0000-000c-ffff-ffff0000063a","ELEMENT":"00000000-0000-000c-ffff-ffff0000063a"},{"element-6066-11e4-a52e-4f735466cecf":"00000000-0000-000c-ffff-ffff00000640","ELEMENT":"00000000-0000-000c-ffff-ffff00000640"},{"element-6066-11e4-a52e-4f735466cecf":"00000000-0000-000c-ffff-ffff0000064a","ELEMENT":"00000000-0000-000c-ffff-ffff0000064a"},{"element-6066-11e4-a52e-4f735466cecf":"00000000-0000-000c-ffff-ffff00000650","ELEMENT":"00000000-0000-000c-ffff-ffff00000650"},{"element-6066-11e4-a52e-4f735466cecf":"00000000-0000-000c-ffff-ffff00000656","ELEMENT":"00000000-0000-000c-ffff-ffff0000065...
&amp#27;[38;5;0m[HTTP]&amp#27;[0m &amp#27;[37m<-- POST /session/32d2a80d-dc78-4f3e-a636-c5413edf6ff7/elements &amp#27;[39m&amp#27;[32m200&amp#27;[39m &amp#27;[90m100 ms - 1291&amp#27;[39m
&amp#27;[38;5;0m[HTTP]&amp#27;[0m &amp#27;[90m&amp#27;[39m
&amp#27;[38;5;0m[HTTP]&amp#27;[0m &amp#27;[37m-->&amp#27;[39m &amp#27;[37mGET&amp#27;[39m &amp#27;[37m/session/32d2a80d-dc78-4f3e-a636-c5413edf6ff7/element/00000000-0000-000c-ffff-ffff00000634/displayed&amp#27;[39m
&amp#27;[38;5;0m[HTTP]&amp#27;[0m &amp#27;[90m{}&amp#27;[39m
&amp#27;[38;5;32m[AndroidUiautomator2Driver@6457 (32d2a80d)]&amp#27;[0m Calling AppiumDriver.elementDisplayed() with args: ["00000000-0000-000c-ffff-ffff00000634","32d2a80d-dc78-4f3e-a636-c5413edf6ff7"]
&amp#27;[38;5;32m[AndroidUiautomator2Driver@6457 (32d2a80d)]&amp#27;[0m Matched '/element/00000000-0000-000c-ffff-ffff00000634/attribute/displayed' to command name 'getAttribute'
&amp#27;[38;5;32m[AndroidUiautomator2Driver@6457 (32d2a80d)]&amp#27;[0m Proxying [GET /element/00000000-0000-000c-ffff-ffff00000634/attribute/displayed] to [GET http://127.0.0.1:8200/session/f5e84c71-f4f7-4f8e-aec7-33a82bd27fec/element/00000000-0000-000c-ffff-ffff00000634/attribute/displayed] with no body
&amp#27;[38;5;32m[AndroidUiautomator2Driver@6457 (32d2a80d)]&amp#27;[0m Got response with status 200: {"sessionId":"f5e84c71-f4f7-4f8e-aec7-33a82bd27fec","value":"true"}
&amp#27;[38;5;32m[AndroidUiautomator2Driver@6457 (32d2a80d)]&amp#27;[0m Responding to client with driver.elementDisplayed() result: true
&amp#27;[38;5;0m[HTTP]&amp#27;[0m &amp#27;[37m<-- GET /session/32d2a80d-dc78-4f3e-a636-c5413edf6ff7/element/00000000-0000-000c-ffff-ffff00000634/displayed &amp#27;[39m&amp#27;[32m200&amp#27;[39m &amp#27;[90m9 ms - 14&amp#27;[39m
&amp#27;[38;5;0m[HTTP]&amp#27;[0m &amp#27;[90m&amp#27;[39m
&amp#27;[38;5;0m[HTTP]&amp#27;[0m &amp#27;[37m-->&amp#27;[39m &amp#27;[37mGET&amp#27;[39m &amp#27;[37m/session/32d2a80d-dc78-4f3e-a636-c5413edf6ff7/context&amp#27;[39m
&amp#27;[38;5;0m[HTTP]&amp#27;[0m &amp#27;[90m{}&amp#27;[39m
&amp#27;[38;5;32m[AndroidUiautomator2Driver@6457 (32d2a80d)]&amp#27;[0m Calling AppiumDriver.getCurrentContext() with args: ["32d2a80d-dc78-4f3e-a636-c5413edf6ff7"]
&amp#27;[38;5;32m[AndroidUiautomator2Driver@6457 (32d2a80d)]&amp#27;[0m Responding to client with driver.getCurrentContext() result: "NATIVE_APP"
&amp#27;[38;5;0m[HTTP]&amp#27;[0m &amp#27;[37m<-- GET /session/32d2a80d-dc78-4f3e-a636-c5413edf6ff7/context &amp#27;[39m&amp#27;[32m200&amp#27;[39m &amp#27;[90m0 ms - 22&amp#27;[39m
&amp#27;[38;5;0m[HTTP]&amp#27;[0m &amp#27;[90m&amp#27;[39m
&amp#27;[38;5;0m[HTTP]&amp#27;[0m &amp#27;[37m-->&amp#27;[39m &amp#27;[37mPOST&amp#27;[39m &amp#27;[37m/session/32d2a80d-dc78-4f3e-a636-c5413edf6ff7/elements&amp#27;[39m
&amp#27;[38;5;0m[HTTP]&amp#27;[0m &amp#27;[90m{"value":"com.fivemobile.thescore:id/view_progress","using":"id"}&amp#27;[39m
&amp#27;[38;5;32m[AndroidUiautomator2Driver@6457 (32d2a80d)]&amp#27;[0m Calling AppiumDriver.findElements() with args: ["id","com.fivemobile.thescore:id/view_progress","32d2a80d-dc78-4f3e-a636-c5413edf6ff7"]
&amp#27;[38;5;32m[AndroidUiautomator2Driver@6457 (32d2a80d)]&amp#27;[0m Valid locator strategies for this request: xpath, id, class name, accessibility id, css selector, -android uiautomator
&amp#27;[38;5;32m[AndroidUiautomator2Driver@6457 (32d2a80d)]&amp#27;[0m Waiting up to 10000 ms for condition
&amp#27;[38;5;32m[AndroidUiautomator2Driver@6457 (32d2a80d)]&amp#27;[0m Matched '/elements' to command name 'findElements'
&amp#27;[38;5;32m[AndroidUiautomator2Driver@6457 (32d2a80d)]&amp#27;[0m Proxying [POST /elements] to [POST http://127.0.0.1:8200/session/f5e84c71-f4f7-4f8e-aec7-33a82bd27fec/elements] with body: {"strategy":"id","selector":"com.fivemobile.thescore:id/view_progress","context":"","multiple":true}
&amp#27;[38;5;32m[AndroidUiautomator2Driver@6457 (32d2a80d)]&amp#27;[0m Got response with status 200: {"sessionId":"f5e84c71-f4f7-4f8e-aec7-33a82bd27fec","value":[{"ELEMENT":"00000000-0000-000c-ffff-ffff00000628","element-6066-11e4-a52e-4f735466cecf":"00000000-0000-000c-ffff-ffff00000628"},{"ELEMENT":"00000000-0000-000c-ffff-ffff0000062e","element-6066-11e4-a52e-4f735466cecf":"00000000-0000-000c-ffff-ffff0000062e"},{"ELEMENT":"00000000-0000-000c-ffff-ffff00000634","element-6066-11e4-a52e-4f735466cecf":"00000000-0000-000c-ffff-ffff00000634"},{"ELEMENT":"00000000-0000-000c-ffff-ffff0000063a","element-6066-11e4-a52e-4f735466cecf":"00000000-0000-000c-ffff-ffff0000063a"},{"ELEMENT":"00000000-0000-000c-ffff-ffff00000640","element-6066-11e4-a52e-4f735466cecf":"00000000-0000-000c-ffff-ffff00000640"},{"ELEMENT":"00000000-0000-000c-ffff-ffff0000064a","element-6066-11e4-a52e-4f735466cecf":"00000000-0000-000c-ffff-ffff0000064a"},{"ELEMENT":"00000000-0000-000c-ffff-ffff00000650","element-6066-11e4-a52e-4f735466cecf":"00000000-0000-000c-ffff-ffff00000650"},{"ELEMENT":"00000000-0000-000c-ffff-ffff00000656","element-6066-...
&amp#27;[38;5;32m[AndroidUiautomator2Driver@6457 (32d2a80d)]&amp#27;[0m Responding to client with driver.findElements() result: [{"element-6066-11e4-a52e-4f735466cecf":"00000000-0000-000c-ffff-ffff00000628","ELEMENT":"00000000-0000-000c-ffff-ffff00000628"},{"element-6066-11e4-a52e-4f735466cecf":"00000000-0000-000c-ffff-ffff0000062e","ELEMENT":"00000000-0000-000c-ffff-ffff0000062e"},{"element-6066-11e4-a52e-4f735466cecf":"00000000-0000-000c-ffff-ffff00000634","ELEMENT":"00000000-0000-000c-ffff-ffff00000634"},{"element-6066-11e4-a52e-4f735466cecf":"00000000-0000-000c-ffff-ffff0000063a","ELEMENT":"00000000-0000-000c-ffff-ffff0000063a"},{"element-6066-11e4-a52e-4f735466cecf":"00000000-0000-000c-ffff-ffff00000640","ELEMENT":"00000000-0000-000c-ffff-ffff00000640"},{"element-6066-11e4-a52e-4f735466cecf":"00000000-0000-000c-ffff-ffff0000064a","ELEMENT":"00000000-0000-000c-ffff-ffff0000064a"},{"element-6066-11e4-a52e-4f735466cecf":"00000000-0000-000c-ffff-ffff00000650","ELEMENT":"00000000-0000-000c-ffff-ffff00000650"},{"element-6066-11e4-a52e-4f735466cecf":"00000000-0000-000c-ffff-ffff00000656","ELEMENT":"00000000-0000-000c-ffff-ffff0000065...
&amp#27;[38;5;0m[HTTP]&amp#27;[0m &amp#27;[37m<-- POST /session/32d2a80d-dc78-4f3e-a636-c5413edf6ff7/elements &amp#27;[39m&amp#27;[32m200&amp#27;[39m &amp#27;[90m106 ms - 1291&amp#27;[39m
&amp#27;[38;5;0m[HTTP]&amp#27;[0m &amp#27;[90m&amp#27;[39m
&amp#27;[38;5;0m[HTTP]&amp#27;[0m &amp#27;[37m-->&amp#27;[39m &amp#27;[37mGET&amp#27;[39m &amp#27;[37m/session/32d2a80d-dc78-4f3e-a636-c5413edf6ff7/context&amp#27;[39m
&amp#27;[38;5;0m[HTTP]&amp#27;[0m &amp#27;[90m{}&amp#27;[39m
&amp#27;[38;5;32m[AndroidUiautomator2Driver@6457 (32d2a80d)]&amp#27;[0m Calling AppiumDriver.getCurrentContext() with args: ["32d2a80d-dc78-4f3e-a636-c5413edf6ff7"]
&amp#27;[38;5;32m[AndroidUiautomator2Driver@6457 (32d2a80d)]&amp#27;[0m Responding to client with driver.getCurrentContext() result: "NATIVE_APP"
&amp#27;[38;5;0m[HTTP]&amp#27;[0m &amp#27;[37m<-- GET /session/32d2a80d-dc78-4f3e-a636-c5413edf6ff7/context &amp#27;[39m&amp#27;[32m200&amp#27;[39m &amp#27;[90m0 ms - 22&amp#27;[39m
&amp#27;[38;5;0m[HTTP]&amp#27;[0m &amp#27;[90m&amp#27;[39m
&amp#27;[38;5;0m[HTTP]&amp#27;[0m &amp#27;[37m-->&amp#27;[39m &amp#27;[37mPOST&amp#27;[39m &amp#27;[37m/session/32d2a80d-dc78-4f3e-a636-c5413edf6ff7/elements&amp#27;[39m
&amp#27;[38;5;0m[HTTP]&amp#27;[0m &amp#27;[90m{"value":"com.fivemobile.thescore:id/view_progress","using":"id"}&amp#27;[39m
&amp#27;[38;5;32m[AndroidUiautomator2Driver@6457 (32d2a80d)]&amp#27;[0m Calling AppiumDriver.findElements() with args: ["id","com.fivemobile.thescore:id/view_progress","32d2a80d-dc78-4f3e-a636-c5413edf6ff7"]
&amp#27;[38;5;32m[AndroidUiautomator2Driver@6457 (32d2a80d)]&amp#27;[0m Valid locator strategies for this request: xpath, id, class name, accessibility id, css selector, -android uiautomator
&amp#27;[38;5;32m[AndroidUiautomator2Driver@6457 (32d2a80d)]&amp#27;[0m Waiting up to 10000 ms for condition
&amp#27;[38;5;32m[AndroidUiautomator2Driver@6457 (32d2a80d)]&amp#27;[0m Matched '/elements' to command name 'findElements'
&amp#27;[38;5;32m[AndroidUiautomator2Driver@6457 (32d2a80d)]&amp#27;[0m Proxying [POST /elements] to [POST http://127.0.0.1:8200/session/f5e84c71-f4f7-4f8e-aec7-33a82bd27fec/elements] with body: {"strategy":"id","selector":"com.fivemobile.thescore:id/view_progress","context":"","multiple":true}
&amp#27;[38;5;32m[AndroidUiautomator2Driver@6457 (32d2a80d)]&amp#27;[0m Got response with status 200: {"sessionId":"f5e84c71-f4f7-4f8e-aec7-33a82bd27fec","value":[{"ELEMENT":"00000000-0000-000c-ffff-ffff00000628","element-6066-11e4-a52e-4f735466cecf":"00000000-0000-000c-ffff-ffff00000628"},{"ELEMENT":"00000000-0000-000c-ffff-ffff0000062e","element-6066-11e4-a52e-4f735466cecf":"00000000-0000-000c-ffff-ffff0000062e"},{"ELEMENT":"00000000-0000-000c-ffff-ffff00000634","element-6066-11e4-a52e-4f735466cecf":"00000000-0000-000c-ffff-ffff00000634"},{"ELEMENT":"00000000-0000-000c-ffff-ffff0000063a","element-6066-11e4-a52e-4f735466cecf":"00000000-0000-000c-ffff-ffff0000063a"},{"ELEMENT":"00000000-0000-000c-ffff-ffff00000640","element-6066-11e4-a52e-4f735466cecf":"00000000-0000-000c-ffff-ffff00000640"},{"ELEMENT":"00000000-0000-000c-ffff-ffff0000064a","element-6066-11e4-a52e-4f735466cecf":"00000000-0000-000c-ffff-ffff0000064a"},{"ELEMENT":"00000000-0000-000c-ffff-ffff00000650","element-6066-11e4-a52e-4f735466cecf":"00000000-0000-000c-ffff-ffff00000650"},{"ELEMENT":"00000000-0000-000c-ffff-ffff00000656","element-6066-...
&amp#27;[38;5;32m[AndroidUiautomator2Driver@6457 (32d2a80d)]&amp#27;[0m Responding to client with driver.findElements() result: [{"element-6066-11e4-a52e-4f735466cecf":"00000000-0000-000c-ffff-ffff00000628","ELEMENT":"00000000-0000-000c-ffff-ffff00000628"},{"element-6066-11e4-a52e-4f735466cecf":"00000000-0000-000c-ffff-ffff0000062e","ELEMENT":"00000000-0000-000c-ffff-ffff0000062e"},{"element-6066-11e4-a52e-4f735466cecf":"00000000-0000-000c-ffff-ffff00000634","ELEMENT":"00000000-0000-000c-ffff-ffff00000634"},{"element-6066-11e4-a52e-4f735466cecf":"00000000-0000-000c-ffff-ffff0000063a","ELEMENT":"00000000-0000-000c-ffff-ffff0000063a"},{"element-6066-11e4-a52e-4f735466cecf":"00000000-0000-000c-ffff-ffff00000640","ELEMENT":"00000000-0000-000c-ffff-ffff00000640"},{"element-6066-11e4-a52e-4f735466cecf":"00000000-0000-000c-ffff-ffff0000064a","ELEMENT":"00000000-0000-000c-ffff-ffff0000064a"},{"element-6066-11e4-a52e-4f735466cecf":"00000000-0000-000c-ffff-ffff00000650","ELEMENT":"00000000-0000-000c-ffff-ffff00000650"},{"element-6066-11e4-a52e-4f735466cecf":"00000000-0000-000c-ffff-ffff00000656","ELEMENT":"00000000-0000-000c-ffff-ffff0000065...
&amp#27;[38;5;0m[HTTP]&amp#27;[0m &amp#27;[37m<-- POST /session/32d2a80d-dc78-4f3e-a636-c5413edf6ff7/elements &amp#27;[39m&amp#27;[32m200&amp#27;[39m &amp#27;[90m92 ms - 1291&amp#27;[39m
&amp#27;[38;5;0m[HTTP]&amp#27;[0m &amp#27;[90m&amp#27;[39m
&amp#27;[38;5;0m[HTTP]&amp#27;[0m &amp#27;[37m-->&amp#27;[39m &amp#27;[37mGET&amp#27;[39m &amp#27;[37m/session/32d2a80d-dc78-4f3e-a636-c5413edf6ff7/element/00000000-0000-000c-ffff-ffff0000063a/displayed&amp#27;[39m
&amp#27;[38;5;0m[HTTP]&amp#27;[0m &amp#27;[90m{}&amp#27;[39m
&amp#27;[38;5;32m[AndroidUiautomator2Driver@6457 (32d2a80d)]&amp#27;[0m Calling AppiumDriver.elementDisplayed() with args: ["00000000-0000-000c-ffff-ffff0000063a","32d2a80d-dc78-4f3e-a636-c5413edf6ff7"]
&amp#27;[38;5;32m[AndroidUiautomator2Driver@6457 (32d2a80d)]&amp#27;[0m Matched '/element/00000000-0000-000c-ffff-ffff0000063a/attribute/displayed' to command name 'getAttribute'
&amp#27;[38;5;32m[AndroidUiautomator2Driver@6457 (32d2a80d)]&amp#27;[0m Proxying [GET /element/00000000-0000-000c-ffff-ffff0000063a/attribute/displayed] to [GET http://127.0.0.1:8200/session/f5e84c71-f4f7-4f8e-aec7-33a82bd27fec/element/00000000-0000-000c-ffff-ffff0000063a/attribute/displayed] with no body
&amp#27;[38;5;32m[AndroidUiautomator2Driver@6457 (32d2a80d)]&amp#27;[0m Got response with status 200: {"sessionId":"f5e84c71-f4f7-4f8e-aec7-33a82bd27fec","value":"true"}
&amp#27;[38;5;32m[AndroidUiautomator2Driver@6457 (32d2a80d)]&amp#27;[0m Responding to client with driver.elementDisplayed() result: true
&amp#27;[38;5;0m[HTTP]&amp#27;[0m &amp#27;[37m<-- GET /session/32d2a80d-dc78-4f3e-a636-c5413edf6ff7/element/00000000-0000-000c-ffff-ffff0000063a/displayed &amp#27;[39m&amp#27;[32m200&amp#27;[39m &amp#27;[90m9 ms - 14&amp#27;[39m
&amp#27;[38;5;0m[HTTP]&amp#27;[0m &amp#27;[90m&amp#27;[39m
&amp#27;[38;5;0m[HTTP]&amp#27;[0m &amp#27;[37m-->&amp#27;[39m &amp#27;[37mGET&amp#27;[39m &amp#27;[37m/session/32d2a80d-dc78-4f3e-a636-c5413edf6ff7/context&amp#27;[39m
&amp#27;[38;5;0m[HTTP]&amp#27;[0m &amp#27;[90m{}&amp#27;[39m
&amp#27;[38;5;32m[AndroidUiautomator2Driver@6457 (32d2a80d)]&amp#27;[0m Calling AppiumDriver.getCurrentContext() with args: ["32d2a80d-dc78-4f3e-a636-c5413edf6ff7"]
&amp#27;[38;5;32m[AndroidUiautomator2Driver@6457 (32d2a80d)]&amp#27;[0m Responding to client with driver.getCurrentContext() result: "NATIVE_APP"
&amp#27;[38;5;0m[HTTP]&amp#27;[0m &amp#27;[37m<-- GET /session/32d2a80d-dc78-4f3e-a636-c5413edf6ff7/context &amp#27;[39m&amp#27;[32m200&amp#27;[39m &amp#27;[90m0 ms - 22&amp#27;[39m
&amp#27;[38;5;0m[HTTP]&amp#27;[0m &amp#27;[90m&amp#27;[39m
&amp#27;[38;5;0m[HTTP]&amp#27;[0m &amp#27;[37m-->&amp#27;[39m &amp#27;[37mPOST&amp#27;[39m &amp#27;[37m/session/32d2a80d-dc78-4f3e-a636-c5413edf6ff7/elements&amp#27;[39m
&amp#27;[38;5;0m[HTTP]&amp#27;[0m &amp#27;[90m{"value":"com.fivemobile.thescore:id/view_progress","using":"id"}&amp#27;[39m
&amp#27;[38;5;32m[AndroidUiautomator2Driver@6457 (32d2a80d)]&amp#27;[0m Calling AppiumDriver.findElements() with args: ["id","com.fivemobile.thescore:id/view_progress","32d2a80d-dc78-4f3e-a636-c5413edf6ff7"]
&amp#27;[38;5;32m[AndroidUiautomator2Driver@6457 (32d2a80d)]&amp#27;[0m Valid locator strategies for this request: xpath, id, class name, accessibility id, css selector, -android uiautomator
&amp#27;[38;5;32m[AndroidUiautomator2Driver@6457 (32d2a80d)]&amp#27;[0m Waiting up to 10000 ms for condition
&amp#27;[38;5;32m[AndroidUiautomator2Driver@6457 (32d2a80d)]&amp#27;[0m Matched '/elements' to command name 'findElements'
&amp#27;[38;5;32m[AndroidUiautomator2Driver@6457 (32d2a80d)]&amp#27;[0m Proxying [POST /elements] to [POST http://127.0.0.1:8200/session/f5e84c71-f4f7-4f8e-aec7-33a82bd27fec/elements] with body: {"strategy":"id","selector":"com.fivemobile.thescore:id/view_progress","context":"","multiple":true}
&amp#27;[38;5;32m[AndroidUiautomator2Driver@6457 (32d2a80d)]&amp#27;[0m Got response with status 200: {"sessionId":"f5e84c71-f4f7-4f8e-aec7-33a82bd27fec","value":[{"ELEMENT":"00000000-0000-000c-ffff-ffff00000628","element-6066-11e4-a52e-4f735466cecf":"00000000-0000-000c-ffff-ffff00000628"},{"ELEMENT":"00000000-0000-000c-ffff-ffff0000062e","element-6066-11e4-a52e-4f735466cecf":"00000000-0000-000c-ffff-ffff0000062e"},{"ELEMENT":"00000000-0000-000c-ffff-ffff00000634","element-6066-11e4-a52e-4f735466cecf":"00000000-0000-000c-ffff-ffff00000634"},{"ELEMENT":"00000000-0000-000c-ffff-ffff0000063a","element-6066-11e4-a52e-4f735466cecf":"00000000-0000-000c-ffff-ffff0000063a"},{"ELEMENT":"00000000-0000-000c-ffff-ffff00000640","element-6066-11e4-a52e-4f735466cecf":"00000000-0000-000c-ffff-ffff00000640"},{"ELEMENT":"00000000-0000-000c-ffff-ffff0000064a","element-6066-11e4-a52e-4f735466cecf":"00000000-0000-000c-ffff-ffff0000064a"},{"ELEMENT":"00000000-0000-000c-ffff-ffff00000650","element-6066-11e4-a52e-4f735466cecf":"00000000-0000-000c-ffff-ffff00000650"},{"ELEMENT":"00000000-0000-000c-ffff-ffff00000656","element-6066-...
&amp#27;[38;5;32m[AndroidUiautomator2Driver@6457 (32d2a80d)]&amp#27;[0m Responding to client with driver.findElements() result: [{"element-6066-11e4-a52e-4f735466cecf":"00000000-0000-000c-ffff-ffff00000628","ELEMENT":"00000000-0000-000c-ffff-ffff00000628"},{"element-6066-11e4-a52e-4f735466cecf":"00000000-0000-000c-ffff-ffff0000062e","ELEMENT":"00000000-0000-000c-ffff-ffff0000062e"},{"element-6066-11e4-a52e-4f735466cecf":"00000000-0000-000c-ffff-ffff00000634","ELEMENT":"00000000-0000-000c-ffff-ffff00000634"},{"element-6066-11e4-a52e-4f735466cecf":"00000000-0000-000c-ffff-ffff0000063a","ELEMENT":"00000000-0000-000c-ffff-ffff0000063a"},{"element-6066-11e4-a52e-4f735466cecf":"00000000-0000-000c-ffff-ffff00000640","ELEMENT":"00000000-0000-000c-ffff-ffff00000640"},{"element-6066-11e4-a52e-4f735466cecf":"00000000-0000-000c-ffff-ffff0000064a","ELEMENT":"00000000-0000-000c-ffff-ffff0000064a"},{"element-6066-11e4-a52e-4f735466cecf":"00000000-0000-000c-ffff-ffff00000650","ELEMENT":"00000000-0000-000c-ffff-ffff00000650"},{"element-6066-11e4-a52e-4f735466cecf":"00000000-0000-000c-ffff-ffff00000656","ELEMENT":"00000000-0000-000c-ffff-ffff0000065...
&amp#27;[38;5;0m[HTTP]&amp#27;[0m &amp#27;[37m<-- POST /session/32d2a80d-dc78-4f3e-a636-c5413edf6ff7/elements &amp#27;[39m&amp#27;[32m200&amp#27;[39m &amp#27;[90m103 ms - 1291&amp#27;[39m
&amp#27;[38;5;0m[HTTP]&amp#27;[0m &amp#27;[90m&amp#27;[39m
&amp#27;[38;5;0m[HTTP]&amp#27;[0m &amp#27;[37m-->&amp#27;[39m &amp#27;[37mGET&amp#27;[39m &amp#27;[37m/session/32d2a80d-dc78-4f3e-a636-c5413edf6ff7/context&amp#27;[39m
&amp#27;[38;5;0m[HTTP]&amp#27;[0m &amp#27;[90m{}&amp#27;[39m
&amp#27;[38;5;32m[AndroidUiautomator2Driver@6457 (32d2a80d)]&amp#27;[0m Calling AppiumDriver.getCurrentContext() with args: ["32d2a80d-dc78-4f3e-a636-c5413edf6ff7"]
&amp#27;[38;5;32m[AndroidUiautomator2Driver@6457 (32d2a80d)]&amp#27;[0m Responding to client with driver.getCurrentContext() result: "NATIVE_APP"
&amp#27;[38;5;0m[HTTP]&amp#27;[0m &amp#27;[37m<-- GET /session/32d2a80d-dc78-4f3e-a636-c5413edf6ff7/context &amp#27;[39m&amp#27;[32m200&amp#27;[39m &amp#27;[90m0 ms - 22&amp#27;[39m
&amp#27;[38;5;0m[HTTP]&amp#27;[0m &amp#27;[90m&amp#27;[39m
&amp#27;[38;5;0m[HTTP]&amp#27;[0m &amp#27;[37m-->&amp#27;[39m &amp#27;[37mPOST&amp#27;[39m &amp#27;[37m/session/32d2a80d-dc78-4f3e-a636-c5413edf6ff7/elements&amp#27;[39m
&amp#27;[38;5;0m[HTTP]&amp#27;[0m &amp#27;[90m{"value":"com.fivemobile.thescore:id/view_progress","using":"id"}&amp#27;[39m
&amp#27;[38;5;32m[AndroidUiautomator2Driver@6457 (32d2a80d)]&amp#27;[0m Calling AppiumDriver.findElements() with args: ["id","com.fivemobile.thescore:id/view_progress","32d2a80d-dc78-4f3e-a636-c5413edf6ff7"]
&amp#27;[38;5;32m[AndroidUiautomator2Driver@6457 (32d2a80d)]&amp#27;[0m Valid locator strategies for this request: xpath, id, class name, accessibility id, css selector, -android uiautomator
&amp#27;[38;5;32m[AndroidUiautomator2Driver@6457 (32d2a80d)]&amp#27;[0m Waiting up to 10000 ms for condition
&amp#27;[38;5;32m[AndroidUiautomator2Driver@6457 (32d2a80d)]&amp#27;[0m Matched '/elements' to command name 'findElements'
&amp#27;[38;5;32m[AndroidUiautomator2Driver@6457 (32d2a80d)]&amp#27;[0m Proxying [POST /elements] to [POST http://127.0.0.1:8200/session/f5e84c71-f4f7-4f8e-aec7-33a82bd27fec/elements] with body: {"strategy":"id","selector":"com.fivemobile.thescore:id/view_progress","context":"","multiple":true}
&amp#27;[38;5;32m[AndroidUiautomator2Driver@6457 (32d2a80d)]&amp#27;[0m Got response with status 200: {"sessionId":"f5e84c71-f4f7-4f8e-aec7-33a82bd27fec","value":[{"ELEMENT":"00000000-0000-000c-ffff-ffff00000628","element-6066-11e4-a52e-4f735466cecf":"00000000-0000-000c-ffff-ffff00000628"},{"ELEMENT":"00000000-0000-000c-ffff-ffff0000062e","element-6066-11e4-a52e-4f735466cecf":"00000000-0000-000c-ffff-ffff0000062e"},{"ELEMENT":"00000000-0000-000c-ffff-ffff00000634","element-6066-11e4-a52e-4f735466cecf":"00000000-0000-000c-ffff-ffff00000634"},{"ELEMENT":"00000000-0000-000c-ffff-ffff0000063a","element-6066-11e4-a52e-4f735466cecf":"00000000-0000-000c-ffff-ffff0000063a"},{"ELEMENT":"00000000-0000-000c-ffff-ffff00000640","element-6066-11e4-a52e-4f735466cecf":"00000000-0000-000c-ffff-ffff00000640"},{"ELEMENT":"00000000-0000-000c-ffff-ffff0000064a","element-6066-11e4-a52e-4f735466cecf":"00000000-0000-000c-ffff-ffff0000064a"},{"ELEMENT":"00000000-0000-000c-ffff-ffff00000650","element-6066-11e4-a52e-4f735466cecf":"00000000-0000-000c-ffff-ffff00000650"},{"ELEMENT":"00000000-0000-000c-ffff-ffff00000656","element-6066-...
&amp#27;[38;5;32m[AndroidUiautomator2Driver@6457 (32d2a80d)]&amp#27;[0m Responding to client with driver.findElements() result: [{"element-6066-11e4-a52e-4f735466cecf":"00000000-0000-000c-ffff-ffff00000628","ELEMENT":"00000000-0000-000c-ffff-ffff00000628"},{"element-6066-11e4-a52e-4f735466cecf":"00000000-0000-000c-ffff-ffff0000062e","ELEMENT":"00000000-0000-000c-ffff-ffff0000062e"},{"element-6066-11e4-a52e-4f735466cecf":"00000000-0000-000c-ffff-ffff00000634","ELEMENT":"00000000-0000-000c-ffff-ffff00000634"},{"element-6066-11e4-a52e-4f735466cecf":"00000000-0000-000c-ffff-ffff0000063a","ELEMENT":"00000000-0000-000c-ffff-ffff0000063a"},{"element-6066-11e4-a52e-4f735466cecf":"00000000-0000-000c-ffff-ffff00000640","ELEMENT":"00000000-0000-000c-ffff-ffff00000640"},{"element-6066-11e4-a52e-4f735466cecf":"00000000-0000-000c-ffff-ffff0000064a","ELEMENT":"00000000-0000-000c-ffff-ffff0000064a"},{"element-6066-11e4-a52e-4f735466cecf":"00000000-0000-000c-ffff-ffff00000650","ELEMENT":"00000000-0000-000c-ffff-ffff00000650"},{"element-6066-11e4-a52e-4f735466cecf":"00000000-0000-000c-ffff-ffff00000656","ELEMENT":"00000000-0000-000c-ffff-ffff0000065...
&amp#27;[38;5;0m[HTTP]&amp#27;[0m &amp#27;[37m<-- POST /session/32d2a80d-dc78-4f3e-a636-c5413edf6ff7/elements &amp#27;[39m&amp#27;[32m200&amp#27;[39m &amp#27;[90m99 ms - 1291&amp#27;[39m
&amp#27;[38;5;0m[HTTP]&amp#27;[0m &amp#27;[90m&amp#27;[39m
&amp#27;[38;5;0m[HTTP]&amp#27;[0m &amp#27;[37m-->&amp#27;[39m &amp#27;[37mGET&amp#27;[39m &amp#27;[37m/session/32d2a80d-dc78-4f3e-a636-c5413edf6ff7/element/00000000-0000-000c-ffff-ffff00000640/displayed&amp#27;[39m
&amp#27;[38;5;0m[HTTP]&amp#27;[0m &amp#27;[90m{}&amp#27;[39m
&amp#27;[38;5;32m[AndroidUiautomator2Driver@6457 (32d2a80d)]&amp#27;[0m Calling AppiumDriver.elementDisplayed() with args: ["00000000-0000-000c-ffff-ffff00000640","32d2a80d-dc78-4f3e-a636-c5413edf6ff7"]
&amp#27;[38;5;32m[AndroidUiautomator2Driver@6457 (32d2a80d)]&amp#27;[0m Matched '/element/00000000-0000-000c-ffff-ffff00000640/attribute/displayed' to command name 'getAttribute'
&amp#27;[38;5;32m[AndroidUiautomator2Driver@6457 (32d2a80d)]&amp#27;[0m Proxying [GET /element/00000000-0000-000c-ffff-ffff00000640/attribute/displayed] to [GET http://127.0.0.1:8200/session/f5e84c71-f4f7-4f8e-aec7-33a82bd27fec/element/00000000-0000-000c-ffff-ffff00000640/attribute/displayed] with no body
&amp#27;[38;5;32m[AndroidUiautomator2Driver@6457 (32d2a80d)]&amp#27;[0m Got response with status 200: {"sessionId":"f5e84c71-f4f7-4f8e-aec7-33a82bd27fec","value":"true"}
&amp#27;[38;5;32m[AndroidUiautomator2Driver@6457 (32d2a80d)]&amp#27;[0m Responding to client with driver.elementDisplayed() result: true
&amp#27;[38;5;0m[HTTP]&amp#27;[0m &amp#27;[37m<-- GET /session/32d2a80d-dc78-4f3e-a636-c5413edf6ff7/element/00000000-0000-000c-ffff-ffff00000640/displayed &amp#27;[39m&amp#27;[32m200&amp#27;[39m &amp#27;[90m9 ms - 14&amp#27;[39m
&amp#27;[38;5;0m[HTTP]&amp#27;[0m &amp#27;[90m&amp#27;[39m
&amp#27;[38;5;0m[HTTP]&amp#27;[0m &amp#27;[37m-->&amp#27;[39m &amp#27;[37mGET&amp#27;[39m &amp#27;[37m/session/32d2a80d-dc78-4f3e-a636-c5413edf6ff7/context&amp#27;[39m
&amp#27;[38;5;0m[HTTP]&amp#27;[0m &amp#27;[90m{}&amp#27;[39m
&amp#27;[38;5;32m[AndroidUiautomator2Driver@6457 (32d2a80d)]&amp#27;[0m Calling AppiumDriver.getCurrentContext() with args: ["32d2a80d-dc78-4f3e-a636-c5413edf6ff7"]
&amp#27;[38;5;32m[AndroidUiautomator2Driver@6457 (32d2a80d)]&amp#27;[0m Responding to client with driver.getCurrentContext() result: "NATIVE_APP"
&amp#27;[38;5;0m[HTTP]&amp#27;[0m &amp#27;[37m<-- GET /session/32d2a80d-dc78-4f3e-a636-c5413edf6ff7/context &amp#27;[39m&amp#27;[32m200&amp#27;[39m &amp#27;[90m0 ms - 22&amp#27;[39m
&amp#27;[38;5;0m[HTTP]&amp#27;[0m &amp#27;[90m&amp#27;[39m
&amp#27;[38;5;0m[HTTP]&amp#27;[0m &amp#27;[37m-->&amp#27;[39m &amp#27;[37mPOST&amp#27;[39m &amp#27;[37m/session/32d2a80d-dc78-4f3e-a636-c5413edf6ff7/elements&amp#27;[39m
&amp#27;[38;5;0m[HTTP]&amp#27;[0m &amp#27;[90m{"value":"com.fivemobile.thescore:id/view_progress","using":"id"}&amp#27;[39m
&amp#27;[38;5;32m[AndroidUiautomator2Driver@6457 (32d2a80d)]&amp#27;[0m Calling AppiumDriver.findElements() with args: ["id","com.fivemobile.thescore:id/view_progress","32d2a80d-dc78-4f3e-a636-c5413edf6ff7"]
&amp#27;[38;5;32m[AndroidUiautomator2Driver@6457 (32d2a80d)]&amp#27;[0m Valid locator strategies for this request: xpath, id, class name, accessibility id, css selector, -android uiautomator
&amp#27;[38;5;32m[AndroidUiautomator2Driver@6457 (32d2a80d)]&amp#27;[0m Waiting up to 10000 ms for condition
&amp#27;[38;5;32m[AndroidUiautomator2Driver@6457 (32d2a80d)]&amp#27;[0m Matched '/elements' to command name 'findElements'
&amp#27;[38;5;32m[AndroidUiautomator2Driver@6457 (32d2a80d)]&amp#27;[0m Proxying [POST /elements] to [POST http://127.0.0.1:8200/session/f5e84c71-f4f7-4f8e-aec7-33a82bd27fec/elements] with body: {"strategy":"id","selector":"com.fivemobile.thescore:id/view_progress","context":"","multiple":true}
&amp#27;[38;5;32m[AndroidUiautomator2Driver@6457 (32d2a80d)]&amp#27;[0m Got response with status 200: {"sessionId":"f5e84c71-f4f7-4f8e-aec7-33a82bd27fec","value":[{"ELEMENT":"00000000-0000-000c-ffff-ffff00000628","element-6066-11e4-a52e-4f735466cecf":"00000000-0000-000c-ffff-ffff00000628"},{"ELEMENT":"00000000-0000-000c-ffff-ffff0000062e","element-6066-11e4-a52e-4f735466cecf":"00000000-0000-000c-ffff-ffff0000062e"},{"ELEMENT":"00000000-0000-000c-ffff-ffff00000634","element-6066-11e4-a52e-4f735466cecf":"00000000-0000-000c-ffff-ffff00000634"},{"ELEMENT":"00000000-0000-000c-ffff-ffff0000063a","element-6066-11e4-a52e-4f735466cecf":"00000000-0000-000c-ffff-ffff0000063a"},{"ELEMENT":"00000000-0000-000c-ffff-ffff00000640","element-6066-11e4-a52e-4f735466cecf":"00000000-0000-000c-ffff-ffff00000640"},{"ELEMENT":"00000000-0000-000c-ffff-ffff0000064a","element-6066-11e4-a52e-4f735466cecf":"00000000-0000-000c-ffff-ffff0000064a"},{"ELEMENT":"00000000-0000-000c-ffff-ffff00000650","element-6066-11e4-a52e-4f735466cecf":"00000000-0000-000c-ffff-ffff00000650"},{"ELEMENT":"00000000-0000-000c-ffff-ffff00000656","element-6066-...
&amp#27;[38;5;32m[AndroidUiautomator2Driver@6457 (32d2a80d)]&amp#27;[0m Responding to client with driver.findElements() result: [{"element-6066-11e4-a52e-4f735466cecf":"00000000-0000-000c-ffff-ffff00000628","ELEMENT":"00000000-0000-000c-ffff-ffff00000628"},{"element-6066-11e4-a52e-4f735466cecf":"00000000-0000-000c-ffff-ffff0000062e","ELEMENT":"00000000-0000-000c-ffff-ffff0000062e"},{"element-6066-11e4-a52e-4f735466cecf":"00000000-0000-000c-ffff-ffff00000634","ELEMENT":"00000000-0000-000c-ffff-ffff00000634"},{"element-6066-11e4-a52e-4f735466cecf":"00000000-0000-000c-ffff-ffff0000063a","ELEMENT":"00000000-0000-000c-ffff-ffff0000063a"},{"element-6066-11e4-a52e-4f735466cecf":"00000000-0000-000c-ffff-ffff00000640","ELEMENT":"00000000-0000-000c-ffff-ffff00000640"},{"element-6066-11e4-a52e-4f735466cecf":"00000000-0000-000c-ffff-ffff0000064a","ELEMENT":"00000000-0000-000c-ffff-ffff0000064a"},{"element-6066-11e4-a52e-4f735466cecf":"00000000-0000-000c-ffff-ffff00000650","ELEMENT":"00000000-0000-000c-ffff-ffff00000650"},{"element-6066-11e4-a52e-4f735466cecf":"00000000-0000-000c-ffff-ffff00000656","ELEMENT":"00000000-0000-000c-ffff-ffff0000065...
&amp#27;[38;5;0m[HTTP]&amp#27;[0m &amp#27;[37m<-- POST /session/32d2a80d-dc78-4f3e-a636-c5413edf6ff7/elements &amp#27;[39m&amp#27;[32m200&amp#27;[39m &amp#27;[90m102 ms - 1291&amp#27;[39m
&amp#27;[38;5;0m[HTTP]&amp#27;[0m &amp#27;[90m&amp#27;[39m
&amp#27;[38;5;0m[HTTP]&amp#27;[0m &amp#27;[37m-->&amp#27;[39m &amp#27;[37mGET&amp#27;[39m &amp#27;[37m/session/32d2a80d-dc78-4f3e-a636-c5413edf6ff7/context&amp#27;[39m
&amp#27;[38;5;0m[HTTP]&amp#27;[0m &amp#27;[90m{}&amp#27;[39m
&amp#27;[38;5;32m[AndroidUiautomator2Driver@6457 (32d2a80d)]&amp#27;[0m Calling AppiumDriver.getCurrentContext() with args: ["32d2a80d-dc78-4f3e-a636-c5413edf6ff7"]
&amp#27;[38;5;32m[AndroidUiautomator2Driver@6457 (32d2a80d)]&amp#27;[0m Responding to client with driver.getCurrentContext() result: "NATIVE_APP"
&amp#27;[38;5;0m[HTTP]&amp#27;[0m &amp#27;[37m<-- GET /session/32d2a80d-dc78-4f3e-a636-c5413edf6ff7/context &amp#27;[39m&amp#27;[32m200&amp#27;[39m &amp#27;[90m0 ms - 22&amp#27;[39m
&amp#27;[38;5;0m[HTTP]&amp#27;[0m &amp#27;[90m&amp#27;[39m
&amp#27;[38;5;0m[HTTP]&amp#27;[0m &amp#27;[37m-->&amp#27;[39m &amp#27;[37mPOST&amp#27;[39m &amp#27;[37m/session/32d2a80d-dc78-4f3e-a636-c5413edf6ff7/elements&amp#27;[39m
&amp#27;[38;5;0m[HTTP]&amp#27;[0m &amp#27;[90m{"value":"com.fivemobile.thescore:id/view_progress","using":"id"}&amp#27;[39m
&amp#27;[38;5;32m[AndroidUiautomator2Driver@6457 (32d2a80d)]&amp#27;[0m Calling AppiumDriver.findElements() with args: ["id","com.fivemobile.thescore:id/view_progress","32d2a80d-dc78-4f3e-a636-c5413edf6ff7"]
&amp#27;[38;5;32m[AndroidUiautomator2Driver@6457 (32d2a80d)]&amp#27;[0m Valid locator strategies for this request: xpath, id, class name, accessibility id, css selector, -android uiautomator
&amp#27;[38;5;32m[AndroidUiautomator2Driver@6457 (32d2a80d)]&amp#27;[0m Waiting up to 10000 ms for condition
&amp#27;[38;5;32m[AndroidUiautomator2Driver@6457 (32d2a80d)]&amp#27;[0m Matched '/elements' to command name 'findElements'
&amp#27;[38;5;32m[AndroidUiautomator2Driver@6457 (32d2a80d)]&amp#27;[0m Proxying [POST /elements] to [POST http://127.0.0.1:8200/session/f5e84c71-f4f7-4f8e-aec7-33a82bd27fec/elements] with body: {"strategy":"id","selector":"com.fivemobile.thescore:id/view_progress","context":"","multiple":true}
&amp#27;[38;5;32m[AndroidUiautomator2Driver@6457 (32d2a80d)]&amp#27;[0m Got response with status 200: {"sessionId":"f5e84c71-f4f7-4f8e-aec7-33a82bd27fec","value":[{"ELEMENT":"00000000-0000-000c-ffff-ffff00000628","element-6066-11e4-a52e-4f735466cecf":"00000000-0000-000c-ffff-ffff00000628"},{"ELEMENT":"00000000-0000-000c-ffff-ffff0000062e","element-6066-11e4-a52e-4f735466cecf":"00000000-0000-000c-ffff-ffff0000062e"},{"ELEMENT":"00000000-0000-000c-ffff-ffff00000634","element-6066-11e4-a52e-4f735466cecf":"00000000-0000-000c-ffff-ffff00000634"},{"ELEMENT":"00000000-0000-000c-ffff-ffff0000063a","element-6066-11e4-a52e-4f735466cecf":"00000000-0000-000c-ffff-ffff0000063a"},{"ELEMENT":"00000000-0000-000c-ffff-ffff00000640","element-6066-11e4-a52e-4f735466cecf":"00000000-0000-000c-ffff-ffff00000640"},{"ELEMENT":"00000000-0000-000c-ffff-ffff0000064a","element-6066-11e4-a52e-4f735466cecf":"00000000-0000-000c-ffff-ffff0000064a"},{"ELEMENT":"00000000-0000-000c-ffff-ffff00000650","element-6066-11e4-a52e-4f735466cecf":"00000000-0000-000c-ffff-ffff00000650"},{"ELEMENT":"00000000-0000-000c-ffff-ffff00000656","element-6066-...
&amp#27;[38;5;32m[AndroidUiautomator2Driver@6457 (32d2a80d)]&amp#27;[0m Responding to client with driver.findElements() result: [{"element-6066-11e4-a52e-4f735466cecf":"00000000-0000-000c-ffff-ffff00000628","ELEMENT":"00000000-0000-000c-ffff-ffff00000628"},{"element-6066-11e4-a52e-4f735466cecf":"00000000-0000-000c-ffff-ffff0000062e","ELEMENT":"00000000-0000-000c-ffff-ffff0000062e"},{"element-6066-11e4-a52e-4f735466cecf":"00000000-0000-000c-ffff-ffff00000634","ELEMENT":"00000000-0000-000c-ffff-ffff00000634"},{"element-6066-11e4-a52e-4f735466cecf":"00000000-0000-000c-ffff-ffff0000063a","ELEMENT":"00000000-0000-000c-ffff-ffff0000063a"},{"element-6066-11e4-a52e-4f735466cecf":"00000000-0000-000c-ffff-ffff00000640","ELEMENT":"00000000-0000-000c-ffff-ffff00000640"},{"element-6066-11e4-a52e-4f735466cecf":"00000000-0000-000c-ffff-ffff0000064a","ELEMENT":"00000000-0000-000c-ffff-ffff0000064a"},{"element-6066-11e4-a52e-4f735466cecf":"00000000-0000-000c-ffff-ffff00000650","ELEMENT":"00000000-0000-000c-ffff-ffff00000650"},{"element-6066-11e4-a52e-4f735466cecf":"00000000-0000-000c-ffff-ffff00000656","ELEMENT":"00000000-0000-000c-ffff-ffff0000065...
&amp#27;[38;5;0m[HTTP]&amp#27;[0m &amp#27;[37m<-- POST /session/32d2a80d-dc78-4f3e-a636-c5413edf6ff7/elements &amp#27;[39m&amp#27;[32m200&amp#27;[39m &amp#27;[90m96 ms - 1291&amp#27;[39m
&amp#27;[38;5;0m[HTTP]&amp#27;[0m &amp#27;[90m&amp#27;[39m
&amp#27;[38;5;0m[HTTP]&amp#27;[0m &amp#27;[37m-->&amp#27;[39m &amp#27;[37mGET&amp#27;[39m &amp#27;[37m/session/32d2a80d-dc78-4f3e-a636-c5413edf6ff7/element/00000000-0000-000c-ffff-ffff0000064a/displayed&amp#27;[39m
&amp#27;[38;5;0m[HTTP]&amp#27;[0m &amp#27;[90m{}&amp#27;[39m
&amp#27;[38;5;32m[AndroidUiautomator2Driver@6457 (32d2a80d)]&amp#27;[0m Calling AppiumDriver.elementDisplayed() with args: ["00000000-0000-000c-ffff-ffff0000064a","32d2a80d-dc78-4f3e-a636-c5413edf6ff7"]
&amp#27;[38;5;32m[AndroidUiautomator2Driver@6457 (32d2a80d)]&amp#27;[0m Matched '/element/00000000-0000-000c-ffff-ffff0000064a/attribute/displayed' to command name 'getAttribute'
&amp#27;[38;5;32m[AndroidUiautomator2Driver@6457 (32d2a80d)]&amp#27;[0m Proxying [GET /element/00000000-0000-000c-ffff-ffff0000064a/attribute/displayed] to [GET http://127.0.0.1:8200/session/f5e84c71-f4f7-4f8e-aec7-33a82bd27fec/element/00000000-0000-000c-ffff-ffff0000064a/attribute/displayed] with no body
&amp#27;[38;5;32m[AndroidUiautomator2Driver@6457 (32d2a80d)]&amp#27;[0m Got response with status 200: {"sessionId":"f5e84c71-f4f7-4f8e-aec7-33a82bd27fec","value":"true"}
&amp#27;[38;5;32m[AndroidUiautomator2Driver@6457 (32d2a80d)]&amp#27;[0m Responding to client with driver.elementDisplayed() result: true
&amp#27;[38;5;0m[HTTP]&amp#27;[0m &amp#27;[37m<-- GET /session/32d2a80d-dc78-4f3e-a636-c5413edf6ff7/element/00000000-0000-000c-ffff-ffff0000064a/displayed &amp#27;[39m&amp#27;[32m200&amp#27;[39m &amp#27;[90m9 ms - 14&amp#27;[39m
&amp#27;[38;5;0m[HTTP]&amp#27;[0m &amp#27;[90m&amp#27;[39m
&amp#27;[38;5;0m[HTTP]&amp#27;[0m &amp#27;[37m-->&amp#27;[39m &amp#27;[37mGET&amp#27;[39m &amp#27;[37m/session/32d2a80d-dc78-4f3e-a636-c5413edf6ff7/context&amp#27;[39m
&amp#27;[38;5;0m[HTTP]&amp#27;[0m &amp#27;[90m{}&amp#27;[39m
&amp#27;[38;5;32m[AndroidUiautomator2Driver@6457 (32d2a80d)]&amp#27;[0m Calling AppiumDriver.getCurrentContext() with args: ["32d2a80d-dc78-4f3e-a636-c5413edf6ff7"]
&amp#27;[38;5;32m[AndroidUiautomator2Driver@6457 (32d2a80d)]&amp#27;[0m Responding to client with driver.getCurrentContext() result: "NATIVE_APP"
&amp#27;[38;5;0m[HTTP]&amp#27;[0m &amp#27;[37m<-- GET /session/32d2a80d-dc78-4f3e-a636-c5413edf6ff7/context &amp#27;[39m&amp#27;[32m200&amp#27;[39m &amp#27;[90m0 ms - 22&amp#27;[39m
&amp#27;[38;5;0m[HTTP]&amp#27;[0m &amp#27;[90m&amp#27;[39m
&amp#27;[38;5;0m[HTTP]&amp#27;[0m &amp#27;[37m-->&amp#27;[39m &amp#27;[37mPOST&amp#27;[39m &amp#27;[37m/session/32d2a80d-dc78-4f3e-a636-c5413edf6ff7/elements&amp#27;[39m
&amp#27;[38;5;0m[HTTP]&amp#27;[0m &amp#27;[90m{"value":"com.fivemobile.thescore:id/view_progress","using":"id"}&amp#27;[39m
&amp#27;[38;5;32m[AndroidUiautomator2Driver@6457 (32d2a80d)]&amp#27;[0m Calling AppiumDriver.findElements() with args: ["id","com.fivemobile.thescore:id/view_progress","32d2a80d-dc78-4f3e-a636-c5413edf6ff7"]
&amp#27;[38;5;32m[AndroidUiautomator2Driver@6457 (32d2a80d)]&amp#27;[0m Valid locator strategies for this request: xpath, id, class name, accessibility id, css selector, -android uiautomator
&amp#27;[38;5;32m[AndroidUiautomator2Driver@6457 (32d2a80d)]&amp#27;[0m Waiting up to 10000 ms for condition
&amp#27;[38;5;32m[AndroidUiautomator2Driver@6457 (32d2a80d)]&amp#27;[0m Matched '/elements' to command name 'findElements'
&amp#27;[38;5;32m[AndroidUiautomator2Driver@6457 (32d2a80d)]&amp#27;[0m Proxying [POST /elements] to [POST http://127.0.0.1:8200/session/f5e84c71-f4f7-4f8e-aec7-33a82bd27fec/elements] with body: {"strategy":"id","selector":"com.fivemobile.thescore:id/view_progress","context":"","multiple":true}
&amp#27;[38;5;32m[AndroidUiautomator2Driver@6457 (32d2a80d)]&amp#27;[0m Got response with status 200: {"sessionId":"f5e84c71-f4f7-4f8e-aec7-33a82bd27fec","value":[{"ELEMENT":"00000000-0000-000c-ffff-ffff00000628","element-6066-11e4-a52e-4f735466cecf":"00000000-0000-000c-ffff-ffff00000628"},{"ELEMENT":"00000000-0000-000c-ffff-ffff0000062e","element-6066-11e4-a52e-4f735466cecf":"00000000-0000-000c-ffff-ffff0000062e"},{"ELEMENT":"00000000-0000-000c-ffff-ffff00000634","element-6066-11e4-a52e-4f735466cecf":"00000000-0000-000c-ffff-ffff00000634"},{"ELEMENT":"00000000-0000-000c-ffff-ffff0000063a","element-6066-11e4-a52e-4f735466cecf":"00000000-0000-000c-ffff-ffff0000063a"},{"ELEMENT":"00000000-0000-000c-ffff-ffff00000640","element-6066-11e4-a52e-4f735466cecf":"00000000-0000-000c-ffff-ffff00000640"},{"ELEMENT":"00000000-0000-000c-ffff-ffff0000064a","element-6066-11e4-a52e-4f735466cecf":"00000000-0000-000c-ffff-ffff0000064a"},{"ELEMENT":"00000000-0000-000c-ffff-ffff00000650","element-6066-11e4-a52e-4f735466cecf":"00000000-0000-000c-ffff-ffff00000650"},{"ELEMENT":"00000000-0000-000c-ffff-ffff00000656","element-6066-...
&amp#27;[38;5;32m[AndroidUiautomator2Driver@6457 (32d2a80d)]&amp#27;[0m Responding to client with driver.findElements() result: [{"element-6066-11e4-a52e-4f735466cecf":"00000000-0000-000c-ffff-ffff00000628","ELEMENT":"00000000-0000-000c-ffff-ffff00000628"},{"element-6066-11e4-a52e-4f735466cecf":"00000000-0000-000c-ffff-ffff0000062e","ELEMENT":"00000000-0000-000c-ffff-ffff0000062e"},{"element-6066-11e4-a52e-4f735466cecf":"00000000-0000-000c-ffff-ffff00000634","ELEMENT":"00000000-0000-000c-ffff-ffff00000634"},{"element-6066-11e4-a52e-4f735466cecf":"00000000-0000-000c-ffff-ffff0000063a","ELEMENT":"00000000-0000-000c-ffff-ffff0000063a"},{"element-6066-11e4-a52e-4f735466cecf":"00000000-0000-000c-ffff-ffff00000640","ELEMENT":"00000000-0000-000c-ffff-ffff00000640"},{"element-6066-11e4-a52e-4f735466cecf":"00000000-0000-000c-ffff-ffff0000064a","ELEMENT":"00000000-0000-000c-ffff-ffff0000064a"},{"element-6066-11e4-a52e-4f735466cecf":"00000000-0000-000c-ffff-ffff00000650","ELEMENT":"00000000-0000-000c-ffff-ffff00000650"},{"element-6066-11e4-a52e-4f735466cecf":"00000000-0000-000c-ffff-ffff00000656","ELEMENT":"00000000-0000-000c-ffff-ffff0000065...
&amp#27;[38;5;0m[HTTP]&amp#27;[0m &amp#27;[37m<-- POST /session/32d2a80d-dc78-4f3e-a636-c5413edf6ff7/elements &amp#27;[39m&amp#27;[32m200&amp#27;[39m &amp#27;[90m104 ms - 1291&amp#27;[39m
&amp#27;[38;5;0m[HTTP]&amp#27;[0m &amp#27;[90m&amp#27;[39m
&amp#27;[38;5;0m[HTTP]&amp#27;[0m &amp#27;[37m-->&amp#27;[39m &amp#27;[37mGET&amp#27;[39m &amp#27;[37m/session/32d2a80d-dc78-4f3e-a636-c5413edf6ff7/context&amp#27;[39m
&amp#27;[38;5;0m[HTTP]&amp#27;[0m &amp#27;[90m{}&amp#27;[39m
&amp#27;[38;5;32m[AndroidUiautomator2Driver@6457 (32d2a80d)]&amp#27;[0m Calling AppiumDriver.getCurrentContext() with args: ["32d2a80d-dc78-4f3e-a636-c5413edf6ff7"]
&amp#27;[38;5;32m[AndroidUiautomator2Driver@6457 (32d2a80d)]&amp#27;[0m Responding to client with driver.getCurrentContext() result: "NATIVE_APP"
&amp#27;[38;5;0m[HTTP]&amp#27;[0m &amp#27;[37m<-- GET /session/32d2a80d-dc78-4f3e-a636-c5413edf6ff7/context &amp#27;[39m&amp#27;[32m200&amp#27;[39m &amp#27;[90m0 ms - 22&amp#27;[39m
&amp#27;[38;5;0m[HTTP]&amp#27;[0m &amp#27;[90m&amp#27;[39m
&amp#27;[38;5;0m[HTTP]&amp#27;[0m &amp#27;[37m-->&amp#27;[39m &amp#27;[37mPOST&amp#27;[39m &amp#27;[37m/session/32d2a80d-dc78-4f3e-a636-c5413edf6ff7/elements&amp#27;[39m
&amp#27;[38;5;0m[HTTP]&amp#27;[0m &amp#27;[90m{"value":"com.fivemobile.thescore:id/view_progress","using":"id"}&amp#27;[39m
&amp#27;[38;5;32m[AndroidUiautomator2Driver@6457 (32d2a80d)]&amp#27;[0m Calling AppiumDriver.findElements() with args: ["id","com.fivemobile.thescore:id/view_progress","32d2a80d-dc78-4f3e-a636-c5413edf6ff7"]
&amp#27;[38;5;32m[AndroidUiautomator2Driver@6457 (32d2a80d)]&amp#27;[0m Valid locator strategies for this request: xpath, id, class name, accessibility id, css selector, -android uiautomator
&amp#27;[38;5;32m[AndroidUiautomator2Driver@6457 (32d2a80d)]&amp#27;[0m Waiting up to 10000 ms for condition
&amp#27;[38;5;32m[AndroidUiautomator2Driver@6457 (32d2a80d)]&amp#27;[0m Matched '/elements' to command name 'findElements'
&amp#27;[38;5;32m[AndroidUiautomator2Driver@6457 (32d2a80d)]&amp#27;[0m Proxying [POST /elements] to [POST http://127.0.0.1:8200/session/f5e84c71-f4f7-4f8e-aec7-33a82bd27fec/elements] with body: {"strategy":"id","selector":"com.fivemobile.thescore:id/view_progress","context":"","multiple":true}
&amp#27;[38;5;32m[AndroidUiautomator2Driver@6457 (32d2a80d)]&amp#27;[0m Got response with status 200: {"sessionId":"f5e84c71-f4f7-4f8e-aec7-33a82bd27fec","value":[{"ELEMENT":"00000000-0000-000c-ffff-ffff00000628","element-6066-11e4-a52e-4f735466cecf":"00000000-0000-000c-ffff-ffff00000628"},{"ELEMENT":"00000000-0000-000c-ffff-ffff0000062e","element-6066-11e4-a52e-4f735466cecf":"00000000-0000-000c-ffff-ffff0000062e"},{"ELEMENT":"00000000-0000-000c-ffff-ffff00000634","element-6066-11e4-a52e-4f735466cecf":"00000000-0000-000c-ffff-ffff00000634"},{"ELEMENT":"00000000-0000-000c-ffff-ffff0000063a","element-6066-11e4-a52e-4f735466cecf":"00000000-0000-000c-ffff-ffff0000063a"},{"ELEMENT":"00000000-0000-000c-ffff-ffff00000640","element-6066-11e4-a52e-4f735466cecf":"00000000-0000-000c-ffff-ffff00000640"},{"ELEMENT":"00000000-0000-000c-ffff-ffff0000064a","element-6066-11e4-a52e-4f735466cecf":"00000000-0000-000c-ffff-ffff0000064a"},{"ELEMENT":"00000000-0000-000c-ffff-ffff00000650","element-6066-11e4-a52e-4f735466cecf":"00000000-0000-000c-ffff-ffff00000650"},{"ELEMENT":"00000000-0000-000c-ffff-ffff00000656","element-6066-...
&amp#27;[38;5;32m[AndroidUiautomator2Driver@6457 (32d2a80d)]&amp#27;[0m Responding to client with driver.findElements() result: [{"element-6066-11e4-a52e-4f735466cecf":"00000000-0000-000c-ffff-ffff00000628","ELEMENT":"00000000-0000-000c-ffff-ffff00000628"},{"element-6066-11e4-a52e-4f735466cecf":"00000000-0000-000c-ffff-ffff0000062e","ELEMENT":"00000000-0000-000c-ffff-ffff0000062e"},{"element-6066-11e4-a52e-4f735466cecf":"00000000-0000-000c-ffff-ffff00000634","ELEMENT":"00000000-0000-000c-ffff-ffff00000634"},{"element-6066-11e4-a52e-4f735466cecf":"00000000-0000-000c-ffff-ffff0000063a","ELEMENT":"00000000-0000-000c-ffff-ffff0000063a"},{"element-6066-11e4-a52e-4f735466cecf":"00000000-0000-000c-ffff-ffff00000640","ELEMENT":"00000000-0000-000c-ffff-ffff00000640"},{"element-6066-11e4-a52e-4f735466cecf":"00000000-0000-000c-ffff-ffff0000064a","ELEMENT":"00000000-0000-000c-ffff-ffff0000064a"},{"element-6066-11e4-a52e-4f735466cecf":"00000000-0000-000c-ffff-ffff00000650","ELEMENT":"00000000-0000-000c-ffff-ffff00000650"},{"element-6066-11e4-a52e-4f735466cecf":"00000000-0000-000c-ffff-ffff00000656","ELEMENT":"00000000-0000-000c-ffff-ffff0000065...
&amp#27;[38;5;0m[HTTP]&amp#27;[0m &amp#27;[37m<-- POST /session/32d2a80d-dc78-4f3e-a636-c5413edf6ff7/elements &amp#27;[39m&amp#27;[32m200&amp#27;[39m &amp#27;[90m96 ms - 1291&amp#27;[39m
&amp#27;[38;5;0m[HTTP]&amp#27;[0m &amp#27;[90m&amp#27;[39m
&amp#27;[38;5;0m[HTTP]&amp#27;[0m &amp#27;[37m-->&amp#27;[39m &amp#27;[37mGET&amp#27;[39m &amp#27;[37m/session/32d2a80d-dc78-4f3e-a636-c5413edf6ff7/element/00000000-0000-000c-ffff-ffff00000650/displayed&amp#27;[39m
&amp#27;[38;5;0m[HTTP]&amp#27;[0m &amp#27;[90m{}&amp#27;[39m
&amp#27;[38;5;32m[AndroidUiautomator2Driver@6457 (32d2a80d)]&amp#27;[0m Calling AppiumDriver.elementDisplayed() with args: ["00000000-0000-000c-ffff-ffff00000650","32d2a80d-dc78-4f3e-a636-c5413edf6ff7"]
&amp#27;[38;5;32m[AndroidUiautomator2Driver@6457 (32d2a80d)]&amp#27;[0m Matched '/element/00000000-0000-000c-ffff-ffff00000650/attribute/displayed' to command name 'getAttribute'
&amp#27;[38;5;32m[AndroidUiautomator2Driver@6457 (32d2a80d)]&amp#27;[0m Proxying [GET /element/00000000-0000-000c-ffff-ffff00000650/attribute/displayed] to [GET http://127.0.0.1:8200/session/f5e84c71-f4f7-4f8e-aec7-33a82bd27fec/element/00000000-0000-000c-ffff-ffff00000650/attribute/displayed] with no body
&amp#27;[38;5;32m[AndroidUiautomator2Driver@6457 (32d2a80d)]&amp#27;[0m Got response with status 200: {"sessionId":"f5e84c71-f4f7-4f8e-aec7-33a82bd27fec","value":"true"}
&amp#27;[38;5;32m[AndroidUiautomator2Driver@6457 (32d2a80d)]&amp#27;[0m Responding to client with driver.elementDisplayed() result: true
&amp#27;[38;5;0m[HTTP]&amp#27;[0m &amp#27;[37m<-- GET /session/32d2a80d-dc78-4f3e-a636-c5413edf6ff7/element/00000000-0000-000c-ffff-ffff00000650/displayed &amp#27;[39m&amp#27;[32m200&amp#27;[39m &amp#27;[90m9 ms - 14&amp#27;[39m
&amp#27;[38;5;0m[HTTP]&amp#27;[0m &amp#27;[90m&amp#27;[39m
&amp#27;[38;5;0m[HTTP]&amp#27;[0m &amp#27;[37m-->&amp#27;[39m &amp#27;[37mGET&amp#27;[39m &amp#27;[37m/session/32d2a80d-dc78-4f3e-a636-c5413edf6ff7/context&amp#27;[39m
&amp#27;[38;5;0m[HTTP]&amp#27;[0m &amp#27;[90m{}&amp#27;[39m
&amp#27;[38;5;32m[AndroidUiautomator2Driver@6457 (32d2a80d)]&amp#27;[0m Calling AppiumDriver.getCurrentContext() with args: ["32d2a80d-dc78-4f3e-a636-c5413edf6ff7"]
&amp#27;[38;5;32m[AndroidUiautomator2Driver@6457 (32d2a80d)]&amp#27;[0m Responding to client with driver.getCurrentContext() result: "NATIVE_APP"
&amp#27;[38;5;0m[HTTP]&amp#27;[0m &amp#27;[37m<-- GET /session/32d2a80d-dc78-4f3e-a636-c5413edf6ff7/context &amp#27;[39m&amp#27;[32m200&amp#27;[39m &amp#27;[90m0 ms - 22&amp#27;[39m
&amp#27;[38;5;0m[HTTP]&amp#27;[0m &amp#27;[90m&amp#27;[39m
&amp#27;[38;5;0m[HTTP]&amp#27;[0m &amp#27;[37m-->&amp#27;[39m &amp#27;[37mPOST&amp#27;[39m &amp#27;[37m/session/32d2a80d-dc78-4f3e-a636-c5413edf6ff7/elements&amp#27;[39m
&amp#27;[38;5;0m[HTTP]&amp#27;[0m &amp#27;[90m{"value":"com.fivemobile.thescore:id/view_progress","using":"id"}&amp#27;[39m
&amp#27;[38;5;32m[AndroidUiautomator2Driver@6457 (32d2a80d)]&amp#27;[0m Calling AppiumDriver.findElements() with args: ["id","com.fivemobile.thescore:id/view_progress","32d2a80d-dc78-4f3e-a636-c5413edf6ff7"]
&amp#27;[38;5;32m[AndroidUiautomator2Driver@6457 (32d2a80d)]&amp#27;[0m Valid locator strategies for this request: xpath, id, class name, accessibility id, css selector, -android uiautomator
&amp#27;[38;5;32m[AndroidUiautomator2Driver@6457 (32d2a80d)]&amp#27;[0m Waiting up to 10000 ms for condition
&amp#27;[38;5;32m[AndroidUiautomator2Driver@6457 (32d2a80d)]&amp#27;[0m Matched '/elements' to command name 'findElements'
&amp#27;[38;5;32m[AndroidUiautomator2Driver@6457 (32d2a80d)]&amp#27;[0m Proxying [POST /elements] to [POST http://127.0.0.1:8200/session/f5e84c71-f4f7-4f8e-aec7-33a82bd27fec/elements] with body: {"strategy":"id","selector":"com.fivemobile.thescore:id/view_progress","context":"","multiple":true}
&amp#27;[38;5;32m[AndroidUiautomator2Driver@6457 (32d2a80d)]&amp#27;[0m Got response with status 200: {"sessionId":"f5e84c71-f4f7-4f8e-aec7-33a82bd27fec","value":[{"ELEMENT":"00000000-0000-000c-ffff-ffff00000628","element-6066-11e4-a52e-4f735466cecf":"00000000-0000-000c-ffff-ffff00000628"},{"ELEMENT":"00000000-0000-000c-ffff-ffff0000062e","element-6066-11e4-a52e-4f735466cecf":"00000000-0000-000c-ffff-ffff0000062e"},{"ELEMENT":"00000000-0000-000c-ffff-ffff00000634","element-6066-11e4-a52e-4f735466cecf":"00000000-0000-000c-ffff-ffff00000634"},{"ELEMENT":"00000000-0000-000c-ffff-ffff0000063a","element-6066-11e4-a52e-4f735466cecf":"00000000-0000-000c-ffff-ffff0000063a"},{"ELEMENT":"00000000-0000-000c-ffff-ffff00000640","element-6066-11e4-a52e-4f735466cecf":"00000000-0000-000c-ffff-ffff00000640"},{"ELEMENT":"00000000-0000-000c-ffff-ffff0000064a","element-6066-11e4-a52e-4f735466cecf":"00000000-0000-000c-ffff-ffff0000064a"},{"ELEMENT":"00000000-0000-000c-ffff-ffff00000650","element-6066-11e4-a52e-4f735466cecf":"00000000-0000-000c-ffff-ffff00000650"},{"ELEMENT":"00000000-0000-000c-ffff-ffff00000656","element-6066-...
&amp#27;[38;5;32m[AndroidUiautomator2Driver@6457 (32d2a80d)]&amp#27;[0m Responding to client with driver.findElements() result: [{"element-6066-11e4-a52e-4f735466cecf":"00000000-0000-000c-ffff-ffff00000628","ELEMENT":"00000000-0000-000c-ffff-ffff00000628"},{"element-6066-11e4-a52e-4f735466cecf":"00000000-0000-000c-ffff-ffff0000062e","ELEMENT":"00000000-0000-000c-ffff-ffff0000062e"},{"element-6066-11e4-a52e-4f735466cecf":"00000000-0000-000c-ffff-ffff00000634","ELEMENT":"00000000-0000-000c-ffff-ffff00000634"},{"element-6066-11e4-a52e-4f735466cecf":"00000000-0000-000c-ffff-ffff0000063a","ELEMENT":"00000000-0000-000c-ffff-ffff0000063a"},{"element-6066-11e4-a52e-4f735466cecf":"00000000-0000-000c-ffff-ffff00000640","ELEMENT":"00000000-0000-000c-ffff-ffff00000640"},{"element-6066-11e4-a52e-4f735466cecf":"00000000-0000-000c-ffff-ffff0000064a","ELEMENT":"00000000-0000-000c-ffff-ffff0000064a"},{"element-6066-11e4-a52e-4f735466cecf":"00000000-0000-000c-ffff-ffff00000650","ELEMENT":"00000000-0000-000c-ffff-ffff00000650"},{"element-6066-11e4-a52e-4f735466cecf":"00000000-0000-000c-ffff-ffff00000656","ELEMENT":"00000000-0000-000c-ffff-ffff0000065...
&amp#27;[38;5;0m[HTTP]&amp#27;[0m &amp#27;[37m<-- POST /session/32d2a80d-dc78-4f3e-a636-c5413edf6ff7/elements &amp#27;[39m&amp#27;[32m200&amp#27;[39m &amp#27;[90m95 ms - 1291&amp#27;[39m
&amp#27;[38;5;0m[HTTP]&amp#27;[0m &amp#27;[90m&amp#27;[39m
&amp#27;[38;5;0m[HTTP]&amp#27;[0m &amp#27;[37m-->&amp#27;[39m &amp#27;[37mGET&amp#27;[39m &amp#27;[37m/session/32d2a80d-dc78-4f3e-a636-c5413edf6ff7/context&amp#27;[39m
&amp#27;[38;5;0m[HTTP]&amp#27;[0m &amp#27;[90m{}&amp#27;[39m
&amp#27;[38;5;32m[AndroidUiautomator2Driver@6457 (32d2a80d)]&amp#27;[0m Calling AppiumDriver.getCurrentContext() with args: ["32d2a80d-dc78-4f3e-a636-c5413edf6ff7"]
&amp#27;[38;5;32m[AndroidUiautomator2Driver@6457 (32d2a80d)]&amp#27;[0m Responding to client with driver.getCurrentContext() result: "NATIVE_APP"
&amp#27;[38;5;0m[HTTP]&amp#27;[0m &amp#27;[37m<-- GET /session/32d2a80d-dc78-4f3e-a636-c5413edf6ff7/context &amp#27;[39m&amp#27;[32m200&amp#27;[39m &amp#27;[90m0 ms - 22&amp#27;[39m
&amp#27;[38;5;0m[HTTP]&amp#27;[0m &amp#27;[90m&amp#27;[39m
&amp#27;[38;5;0m[HTTP]&amp#27;[0m &amp#27;[37m-->&amp#27;[39m &amp#27;[37mPOST&amp#27;[39m &amp#27;[37m/session/32d2a80d-dc78-4f3e-a636-c5413edf6ff7/elements&amp#27;[39m
&amp#27;[38;5;0m[HTTP]&amp#27;[0m &amp#27;[90m{"value":"com.fivemobile.thescore:id/view_progress","using":"id"}&amp#27;[39m
&amp#27;[38;5;32m[AndroidUiautomator2Driver@6457 (32d2a80d)]&amp#27;[0m Calling AppiumDriver.findElements() with args: ["id","com.fivemobile.thescore:id/view_progress","32d2a80d-dc78-4f3e-a636-c5413edf6ff7"]
&amp#27;[38;5;32m[AndroidUiautomator2Driver@6457 (32d2a80d)]&amp#27;[0m Valid locator strategies for this request: xpath, id, class name, accessibility id, css selector, -android uiautomator
&amp#27;[38;5;32m[AndroidUiautomator2Driver@6457 (32d2a80d)]&amp#27;[0m Waiting up to 10000 ms for condition
&amp#27;[38;5;32m[AndroidUiautomator2Driver@6457 (32d2a80d)]&amp#27;[0m Matched '/elements' to command name 'findElements'
&amp#27;[38;5;32m[AndroidUiautomator2Driver@6457 (32d2a80d)]&amp#27;[0m Proxying [POST /elements] to [POST http://127.0.0.1:8200/session/f5e84c71-f4f7-4f8e-aec7-33a82bd27fec/elements] with body: {"strategy":"id","selector":"com.fivemobile.thescore:id/view_progress","context":"","multiple":true}
&amp#27;[38;5;32m[AndroidUiautomator2Driver@6457 (32d2a80d)]&amp#27;[0m Got response with status 200: {"sessionId":"f5e84c71-f4f7-4f8e-aec7-33a82bd27fec","value":[{"ELEMENT":"00000000-0000-000c-ffff-ffff00000628","element-6066-11e4-a52e-4f735466cecf":"00000000-0000-000c-ffff-ffff00000628"},{"ELEMENT":"00000000-0000-000c-ffff-ffff0000062e","element-6066-11e4-a52e-4f735466cecf":"00000000-0000-000c-ffff-ffff0000062e"},{"ELEMENT":"00000000-0000-000c-ffff-ffff00000634","element-6066-11e4-a52e-4f735466cecf":"00000000-0000-000c-ffff-ffff00000634"},{"ELEMENT":"00000000-0000-000c-ffff-ffff0000063a","element-6066-11e4-a52e-4f735466cecf":"00000000-0000-000c-ffff-ffff0000063a"},{"ELEMENT":"00000000-0000-000c-ffff-ffff00000640","element-6066-11e4-a52e-4f735466cecf":"00000000-0000-000c-ffff-ffff00000640"},{"ELEMENT":"00000000-0000-000c-ffff-ffff0000064a","element-6066-11e4-a52e-4f735466cecf":"00000000-0000-000c-ffff-ffff0000064a"},{"ELEMENT":"00000000-0000-000c-ffff-ffff00000650","element-6066-11e4-a52e-4f735466cecf":"00000000-0000-000c-ffff-ffff00000650"},{"ELEMENT":"00000000-0000-000c-ffff-ffff00000656","element-6066-...
&amp#27;[38;5;32m[AndroidUiautomator2Driver@6457 (32d2a80d)]&amp#27;[0m Responding to client with driver.findElements() result: [{"element-6066-11e4-a52e-4f735466cecf":"00000000-0000-000c-ffff-ffff00000628","ELEMENT":"00000000-0000-000c-ffff-ffff00000628"},{"element-6066-11e4-a52e-4f735466cecf":"00000000-0000-000c-ffff-ffff0000062e","ELEMENT":"00000000-0000-000c-ffff-ffff0000062e"},{"element-6066-11e4-a52e-4f735466cecf":"00000000-0000-000c-ffff-ffff00000634","ELEMENT":"00000000-0000-000c-ffff-ffff00000634"},{"element-6066-11e4-a52e-4f735466cecf":"00000000-0000-000c-ffff-ffff0000063a","ELEMENT":"00000000-0000-000c-ffff-ffff0000063a"},{"element-6066-11e4-a52e-4f735466cecf":"00000000-0000-000c-ffff-ffff00000640","ELEMENT":"00000000-0000-000c-ffff-ffff00000640"},{"element-6066-11e4-a52e-4f735466cecf":"00000000-0000-000c-ffff-ffff0000064a","ELEMENT":"00000000-0000-000c-ffff-ffff0000064a"},{"element-6066-11e4-a52e-4f735466cecf":"00000000-0000-000c-ffff-ffff00000650","ELEMENT":"00000000-0000-000c-ffff-ffff00000650"},{"element-6066-11e4-a52e-4f735466cecf":"00000000-0000-000c-ffff-ffff00000656","ELEMENT":"00000000-0000-000c-ffff-ffff0000065...
&amp#27;[38;5;0m[HTTP]&amp#27;[0m &amp#27;[37m<-- POST /session/32d2a80d-dc78-4f3e-a636-c5413edf6ff7/elements &amp#27;[39m&amp#27;[32m200&amp#27;[39m &amp#27;[90m92 ms - 1291&amp#27;[39m
&amp#27;[38;5;0m[HTTP]&amp#27;[0m &amp#27;[90m&amp#27;[39m
&amp#27;[38;5;0m[HTTP]&amp#27;[0m &amp#27;[37m-->&amp#27;[39m &amp#27;[37mGET&amp#27;[39m &amp#27;[37m/session/32d2a80d-dc78-4f3e-a636-c5413edf6ff7/element/00000000-0000-000c-ffff-ffff00000656/displayed&amp#27;[39m
&amp#27;[38;5;0m[HTTP]&amp#27;[0m &amp#27;[90m{}&amp#27;[39m
&amp#27;[38;5;32m[AndroidUiautomator2Driver@6457 (32d2a80d)]&amp#27;[0m Calling AppiumDriver.elementDisplayed() with args: ["00000000-0000-000c-ffff-ffff00000656","32d2a80d-dc78-4f3e-a636-c5413edf6ff7"]
&amp#27;[38;5;32m[AndroidUiautomator2Driver@6457 (32d2a80d)]&amp#27;[0m Matched '/element/00000000-0000-000c-ffff-ffff00000656/attribute/displayed' to command name 'getAttribute'
&amp#27;[38;5;32m[AndroidUiautomator2Driver@6457 (32d2a80d)]&amp#27;[0m Proxying [GET /element/00000000-0000-000c-ffff-ffff00000656/attribute/displayed] to [GET http://127.0.0.1:8200/session/f5e84c71-f4f7-4f8e-aec7-33a82bd27fec/element/00000000-0000-000c-ffff-ffff00000656/attribute/displayed] with no body
&amp#27;[38;5;32m[AndroidUiautomator2Driver@6457 (32d2a80d)]&amp#27;[0m Got response with status 200: {"sessionId":"f5e84c71-f4f7-4f8e-aec7-33a82bd27fec","value":"true"}
&amp#27;[38;5;32m[AndroidUiautomator2Driver@6457 (32d2a80d)]&amp#27;[0m Responding to client with driver.elementDisplayed() result: true
&amp#27;[38;5;0m[HTTP]&amp#27;[0m &amp#27;[37m<-- GET /session/32d2a80d-dc78-4f3e-a636-c5413edf6ff7/element/00000000-0000-000c-ffff-ffff00000656/displayed &amp#27;[39m&amp#27;[32m200&amp#27;[39m &amp#27;[90m9 ms - 14&amp#27;[39m
&amp#27;[38;5;0m[HTTP]&amp#27;[0m &amp#27;[90m&amp#27;[39m
&amp#27;[38;5;0m[HTTP]&amp#27;[0m &amp#27;[37m-->&amp#27;[39m &amp#27;[37mGET&amp#27;[39m &amp#27;[37m/session/32d2a80d-dc78-4f3e-a636-c5413edf6ff7/context&amp#27;[39m
&amp#27;[38;5;0m[HTTP]&amp#27;[0m &amp#27;[90m{}&amp#27;[39m
&amp#27;[38;5;32m[AndroidUiautomator2Driver@6457 (32d2a80d)]&amp#27;[0m Calling AppiumDriver.getCurrentContext() with args: ["32d2a80d-dc78-4f3e-a636-c5413edf6ff7"]
&amp#27;[38;5;32m[AndroidUiautomator2Driver@6457 (32d2a80d)]&amp#27;[0m Responding to client with driver.getCurrentContext() result: "NATIVE_APP"
&amp#27;[38;5;0m[HTTP]&amp#27;[0m &amp#27;[37m<-- GET /session/32d2a80d-dc78-4f3e-a636-c5413edf6ff7/context &amp#27;[39m&amp#27;[32m200&amp#27;[39m &amp#27;[90m0 ms - 22&amp#27;[39m
&amp#27;[38;5;0m[HTTP]&amp#27;[0m &amp#27;[90m&amp#27;[39m
&amp#27;[38;5;0m[HTTP]&amp#27;[0m &amp#27;[37m-->&amp#27;[39m &amp#27;[37mPOST&amp#27;[39m &amp#27;[37m/session/32d2a80d-dc78-4f3e-a636-c5413edf6ff7/elements&amp#27;[39m
&amp#27;[38;5;0m[HTTP]&amp#27;[0m &amp#27;[90m{"value":"com.fivemobile.thescore:id/view_progress","using":"id"}&amp#27;[39m
&amp#27;[38;5;32m[AndroidUiautomator2Driver@6457 (32d2a80d)]&amp#27;[0m Calling AppiumDriver.findElements() with args: ["id","com.fivemobile.thescore:id/view_progress","32d2a80d-dc78-4f3e-a636-c5413edf6ff7"]
&amp#27;[38;5;32m[AndroidUiautomator2Driver@6457 (32d2a80d)]&amp#27;[0m Valid locator strategies for this request: xpath, id, class name, accessibility id, css selector, -android uiautomator
&amp#27;[38;5;32m[AndroidUiautomator2Driver@6457 (32d2a80d)]&amp#27;[0m Waiting up to 10000 ms for condition
&amp#27;[38;5;32m[AndroidUiautomator2Driver@6457 (32d2a80d)]&amp#27;[0m Matched '/elements' to command name 'findElements'
&amp#27;[38;5;32m[AndroidUiautomator2Driver@6457 (32d2a80d)]&amp#27;[0m Proxying [POST /elements] to [POST http://127.0.0.1:8200/session/f5e84c71-f4f7-4f8e-aec7-33a82bd27fec/elements] with body: {"strategy":"id","selector":"com.fivemobile.thescore:id/view_progress","context":"","multiple":true}
&amp#27;[38;5;32m[AndroidUiautomator2Driver@6457 (32d2a80d)]&amp#27;[0m Got response with status 200: {"sessionId":"f5e84c71-f4f7-4f8e-aec7-33a82bd27fec","value":[{"ELEMENT":"00000000-0000-000c-ffff-ffff00000628","element-6066-11e4-a52e-4f735466cecf":"00000000-0000-000c-ffff-ffff00000628"},{"ELEMENT":"00000000-0000-000c-ffff-ffff0000062e","element-6066-11e4-a52e-4f735466cecf":"00000000-0000-000c-ffff-ffff0000062e"},{"ELEMENT":"00000000-0000-000c-ffff-ffff00000634","element-6066-11e4-a52e-4f735466cecf":"00000000-0000-000c-ffff-ffff00000634"},{"ELEMENT":"00000000-0000-000c-ffff-ffff0000063a","element-6066-11e4-a52e-4f735466cecf":"00000000-0000-000c-ffff-ffff0000063a"},{"ELEMENT":"00000000-0000-000c-ffff-ffff00000640","element-6066-11e4-a52e-4f735466cecf":"00000000-0000-000c-ffff-ffff00000640"},{"ELEMENT":"00000000-0000-000c-ffff-ffff0000064a","element-6066-11e4-a52e-4f735466cecf":"00000000-0000-000c-ffff-ffff0000064a"},{"ELEMENT":"00000000-0000-000c-ffff-ffff00000650","element-6066-11e4-a52e-4f735466cecf":"00000000-0000-000c-ffff-ffff00000650"},{"ELEMENT":"00000000-0000-000c-ffff-ffff00000656","element-6066-...
&amp#27;[38;5;32m[AndroidUiautomator2Driver@6457 (32d2a80d)]&amp#27;[0m Responding to client with driver.findElements() result: [{"element-6066-11e4-a52e-4f735466cecf":"00000000-0000-000c-ffff-ffff00000628","ELEMENT":"00000000-0000-000c-ffff-ffff00000628"},{"element-6066-11e4-a52e-4f735466cecf":"00000000-0000-000c-ffff-ffff0000062e","ELEMENT":"00000000-0000-000c-ffff-ffff0000062e"},{"element-6066-11e4-a52e-4f735466cecf":"00000000-0000-000c-ffff-ffff00000634","ELEMENT":"00000000-0000-000c-ffff-ffff00000634"},{"element-6066-11e4-a52e-4f735466cecf":"00000000-0000-000c-ffff-ffff0000063a","ELEMENT":"00000000-0000-000c-ffff-ffff0000063a"},{"element-6066-11e4-a52e-4f735466cecf":"00000000-0000-000c-ffff-ffff00000640","ELEMENT":"00000000-0000-000c-ffff-ffff00000640"},{"element-6066-11e4-a52e-4f735466cecf":"00000000-0000-000c-ffff-ffff0000064a","ELEMENT":"00000000-0000-000c-ffff-ffff0000064a"},{"element-6066-11e4-a52e-4f735466cecf":"00000000-0000-000c-ffff-ffff00000650","ELEMENT":"00000000-0000-000c-ffff-ffff00000650"},{"element-6066-11e4-a52e-4f735466cecf":"00000000-0000-000c-ffff-ffff00000656","ELEMENT":"00000000-0000-000c-ffff-ffff0000065...
&amp#27;[38;5;0m[HTTP]&amp#27;[0m &amp#27;[37m<-- POST /session/32d2a80d-dc78-4f3e-a636-c5413edf6ff7/elements &amp#27;[39m&amp#27;[32m200&amp#27;[39m &amp#27;[90m99 ms - 1291&amp#27;[39m
&amp#27;[38;5;0m[HTTP]&amp#27;[0m &amp#27;[90m&amp#27;[39m
&amp#27;[38;5;0m[HTTP]&amp#27;[0m &amp#27;[37m-->&amp#27;[39m &amp#27;[37mGET&amp#27;[39m &amp#27;[37m/session/32d2a80d-dc78-4f3e-a636-c5413edf6ff7/context&amp#27;[39m
&amp#27;[38;5;0m[HTTP]&amp#27;[0m &amp#27;[90m{}&amp#27;[39m
&amp#27;[38;5;32m[AndroidUiautomator2Driver@6457 (32d2a80d)]&amp#27;[0m Calling AppiumDriver.getCurrentContext() with args: ["32d2a80d-dc78-4f3e-a636-c5413edf6ff7"]
&amp#27;[38;5;32m[AndroidUiautomator2Driver@6457 (32d2a80d)]&amp#27;[0m Responding to client with driver.getCurrentContext() result: "NATIVE_APP"
&amp#27;[38;5;0m[HTTP]&amp#27;[0m &amp#27;[37m<-- GET /session/32d2a80d-dc78-4f3e-a636-c5413edf6ff7/context &amp#27;[39m&amp#27;[32m200&amp#27;[39m &amp#27;[90m1 ms - 22&amp#27;[39m
&amp#27;[38;5;0m[HTTP]&amp#27;[0m &amp#27;[90m&amp#27;[39m
&amp#27;[38;5;0m[HTTP]&amp#27;[0m &amp#27;[37m-->&amp#27;[39m &amp#27;[37mPOST&amp#27;[39m &amp#27;[37m/session/32d2a80d-dc78-4f3e-a636-c5413edf6ff7/elements&amp#27;[39m
&amp#27;[38;5;0m[HTTP]&amp#27;[0m &amp#27;[90m{"value":"com.fivemobile.thescore:id/view_progress","using":"id"}&amp#27;[39m
&amp#27;[38;5;32m[AndroidUiautomator2Driver@6457 (32d2a80d)]&amp#27;[0m Calling AppiumDriver.findElements() with args: ["id","com.fivemobile.thescore:id/view_progress","32d2a80d-dc78-4f3e-a636-c5413edf6ff7"]
&amp#27;[38;5;32m[AndroidUiautomator2Driver@6457 (32d2a80d)]&amp#27;[0m Valid locator strategies for this request: xpath, id, class name, accessibility id, css selector, -android uiautomator
&amp#27;[38;5;32m[AndroidUiautomator2Driver@6457 (32d2a80d)]&amp#27;[0m Waiting up to 10000 ms for condition
&amp#27;[38;5;32m[AndroidUiautomator2Driver@6457 (32d2a80d)]&amp#27;[0m Matched '/elements' to command name 'findElements'
&amp#27;[38;5;32m[AndroidUiautomator2Driver@6457 (32d2a80d)]&amp#27;[0m Proxying [POST /elements] to [POST http://127.0.0.1:8200/session/f5e84c71-f4f7-4f8e-aec7-33a82bd27fec/elements] with body: {"strategy":"id","selector":"com.fivemobile.thescore:id/view_progress","context":"","multiple":true}
&amp#27;[38;5;32m[AndroidUiautomator2Driver@6457 (32d2a80d)]&amp#27;[0m Got response with status 200: {"sessionId":"f5e84c71-f4f7-4f8e-aec7-33a82bd27fec","value":[{"ELEMENT":"00000000-0000-000c-ffff-ffff00000628","element-6066-11e4-a52e-4f735466cecf":"00000000-0000-000c-ffff-ffff00000628"},{"ELEMENT":"00000000-0000-000c-ffff-ffff0000062e","element-6066-11e4-a52e-4f735466cecf":"00000000-0000-000c-ffff-ffff0000062e"},{"ELEMENT":"00000000-0000-000c-ffff-ffff00000634","element-6066-11e4-a52e-4f735466cecf":"00000000-0000-000c-ffff-ffff00000634"},{"ELEMENT":"00000000-0000-000c-ffff-ffff0000063a","element-6066-11e4-a52e-4f735466cecf":"00000000-0000-000c-ffff-ffff0000063a"},{"ELEMENT":"00000000-0000-000c-ffff-ffff00000640","element-6066-11e4-a52e-4f735466cecf":"00000000-0000-000c-ffff-ffff00000640"},{"ELEMENT":"00000000-0000-000c-ffff-ffff0000064a","element-6066-11e4-a52e-4f735466cecf":"00000000-0000-000c-ffff-ffff0000064a"},{"ELEMENT":"00000000-0000-000c-ffff-ffff00000650","element-6066-11e4-a52e-4f735466cecf":"00000000-0000-000c-ffff-ffff00000650"},{"ELEMENT":"00000000-0000-000c-ffff-ffff00000656","element-6066-...
&amp#27;[38;5;32m[AndroidUiautomator2Driver@6457 (32d2a80d)]&amp#27;[0m Responding to client with driver.findElements() result: [{"element-6066-11e4-a52e-4f735466cecf":"00000000-0000-000c-ffff-ffff00000628","ELEMENT":"00000000-0000-000c-ffff-ffff00000628"},{"element-6066-11e4-a52e-4f735466cecf":"00000000-0000-000c-ffff-ffff0000062e","ELEMENT":"00000000-0000-000c-ffff-ffff0000062e"},{"element-6066-11e4-a52e-4f735466cecf":"00000000-0000-000c-ffff-ffff00000634","ELEMENT":"00000000-0000-000c-ffff-ffff00000634"},{"element-6066-11e4-a52e-4f735466cecf":"00000000-0000-000c-ffff-ffff0000063a","ELEMENT":"00000000-0000-000c-ffff-ffff0000063a"},{"element-6066-11e4-a52e-4f735466cecf":"00000000-0000-000c-ffff-ffff00000640","ELEMENT":"00000000-0000-000c-ffff-ffff00000640"},{"element-6066-11e4-a52e-4f735466cecf":"00000000-0000-000c-ffff-ffff0000064a","ELEMENT":"00000000-0000-000c-ffff-ffff0000064a"},{"element-6066-11e4-a52e-4f735466cecf":"00000000-0000-000c-ffff-ffff00000650","ELEMENT":"00000000-0000-000c-ffff-ffff00000650"},{"element-6066-11e4-a52e-4f735466cecf":"00000000-0000-000c-ffff-ffff00000656","ELEMENT":"00000000-0000-000c-ffff-ffff0000065...
&amp#27;[38;5;0m[HTTP]&amp#27;[0m &amp#27;[37m<-- POST /session/32d2a80d-dc78-4f3e-a636-c5413edf6ff7/elements &amp#27;[39m&amp#27;[32m200&amp#27;[39m &amp#27;[90m103 ms - 1291&amp#27;[39m
&amp#27;[38;5;0m[HTTP]&amp#27;[0m &amp#27;[90m&amp#27;[39m
&amp#27;[38;5;0m[HTTP]&amp#27;[0m &amp#27;[37m-->&amp#27;[39m &amp#27;[37mGET&amp#27;[39m &amp#27;[37m/session/32d2a80d-dc78-4f3e-a636-c5413edf6ff7/element/00000000-0000-000c-ffff-ffff0000065c/displayed&amp#27;[39m
&amp#27;[38;5;0m[HTTP]&amp#27;[0m &amp#27;[90m{}&amp#27;[39m
&amp#27;[38;5;32m[AndroidUiautomator2Driver@6457 (32d2a80d)]&amp#27;[0m Calling AppiumDriver.elementDisplayed() with args: ["00000000-0000-000c-ffff-ffff0000065c","32d2a80d-dc78-4f3e-a636-c5413edf6ff7"]
&amp#27;[38;5;32m[AndroidUiautomator2Driver@6457 (32d2a80d)]&amp#27;[0m Matched '/element/00000000-0000-000c-ffff-ffff0000065c/attribute/displayed' to command name 'getAttribute'
&amp#27;[38;5;32m[AndroidUiautomator2Driver@6457 (32d2a80d)]&amp#27;[0m Proxying [GET /element/00000000-0000-000c-ffff-ffff0000065c/attribute/displayed] to [GET http://127.0.0.1:8200/session/f5e84c71-f4f7-4f8e-aec7-33a82bd27fec/element/00000000-0000-000c-ffff-ffff0000065c/attribute/displayed] with no body
&amp#27;[38;5;32m[AndroidUiautomator2Driver@6457 (32d2a80d)]&amp#27;[0m Got response with status 200: {"sessionId":"f5e84c71-f4f7-4f8e-aec7-33a82bd27fec","value":"true"}
&amp#27;[38;5;32m[AndroidUiautomator2Driver@6457 (32d2a80d)]&amp#27;[0m Responding to client with driver.elementDisplayed() result: true
&amp#27;[38;5;0m[HTTP]&amp#27;[0m &amp#27;[37m<-- GET /session/32d2a80d-dc78-4f3e-a636-c5413edf6ff7/element/00000000-0000-000c-ffff-ffff0000065c/displayed &amp#27;[39m&amp#27;[32m200&amp#27;[39m &amp#27;[90m11 ms - 14&amp#27;[39m
&amp#27;[38;5;0m[HTTP]&amp#27;[0m &amp#27;[90m&amp#27;[39m
&amp#27;[38;5;0m[HTTP]&amp#27;[0m &amp#27;[37m-->&amp#27;[39m &amp#27;[37mGET&amp#27;[39m &amp#27;[37m/session/32d2a80d-dc78-4f3e-a636-c5413edf6ff7/context&amp#27;[39m
&amp#27;[38;5;0m[HTTP]&amp#27;[0m &amp#27;[90m{}&amp#27;[39m
&amp#27;[38;5;32m[AndroidUiautomator2Driver@6457 (32d2a80d)]&amp#27;[0m Calling AppiumDriver.getCurrentContext() with args: ["32d2a80d-dc78-4f3e-a636-c5413edf6ff7"]
&amp#27;[38;5;32m[AndroidUiautomator2Driver@6457 (32d2a80d)]&amp#27;[0m Responding to client with driver.getCurrentContext() result: "NATIVE_APP"
&amp#27;[38;5;0m[HTTP]&amp#27;[0m &amp#27;[37m<-- GET /session/32d2a80d-dc78-4f3e-a636-c5413edf6ff7/context &amp#27;[39m&amp#27;[32m200&amp#27;[39m &amp#27;[90m0 ms - 22&amp#27;[39m
&amp#27;[38;5;0m[HTTP]&amp#27;[0m &amp#27;[90m&amp#27;[39m
&amp#27;[38;5;0m[HTTP]&amp#27;[0m &amp#27;[37m-->&amp#27;[39m &amp#27;[37mPOST&amp#27;[39m &amp#27;[37m/session/32d2a80d-dc78-4f3e-a636-c5413edf6ff7/elements&amp#27;[39m
&amp#27;[38;5;0m[HTTP]&amp#27;[0m &amp#27;[90m{"value":"com.fivemobile.thescore:id/view_progress","using":"id"}&amp#27;[39m
&amp#27;[38;5;32m[AndroidUiautomator2Driver@6457 (32d2a80d)]&amp#27;[0m Calling AppiumDriver.findElements() with args: ["id","com.fivemobile.thescore:id/view_progress","32d2a80d-dc78-4f3e-a636-c5413edf6ff7"]
&amp#27;[38;5;32m[AndroidUiautomator2Driver@6457 (32d2a80d)]&amp#27;[0m Valid locator strategies for this request: xpath, id, class name, accessibility id, css selector, -android uiautomator
&amp#27;[38;5;32m[AndroidUiautomator2Driver@6457 (32d2a80d)]&amp#27;[0m Waiting up to 10000 ms for condition
&amp#27;[38;5;32m[AndroidUiautomator2Driver@6457 (32d2a80d)]&amp#27;[0m Matched '/elements' to command name 'findElements'
&amp#27;[38;5;32m[AndroidUiautomator2Driver@6457 (32d2a80d)]&amp#27;[0m Proxying [POST /elements] to [POST http://127.0.0.1:8200/session/f5e84c71-f4f7-4f8e-aec7-33a82bd27fec/elements] with body: {"strategy":"id","selector":"com.fivemobile.thescore:id/view_progress","context":"","multiple":true}
&amp#27;[38;5;32m[AndroidUiautomator2Driver@6457 (32d2a80d)]&amp#27;[0m Got response with status 200: {"sessionId":"f5e84c71-f4f7-4f8e-aec7-33a82bd27fec","value":[{"ELEMENT":"00000000-0000-000c-ffff-ffff00000628","element-6066-11e4-a52e-4f735466cecf":"00000000-0000-000c-ffff-ffff00000628"},{"ELEMENT":"00000000-0000-000c-ffff-ffff0000062e","element-6066-11e4-a52e-4f735466cecf":"00000000-0000-000c-ffff-ffff0000062e"},{"ELEMENT":"00000000-0000-000c-ffff-ffff00000634","element-6066-11e4-a52e-4f735466cecf":"00000000-0000-000c-ffff-ffff00000634"},{"ELEMENT":"00000000-0000-000c-ffff-ffff0000063a","element-6066-11e4-a52e-4f735466cecf":"00000000-0000-000c-ffff-ffff0000063a"},{"ELEMENT":"00000000-0000-000c-ffff-ffff00000640","element-6066-11e4-a52e-4f735466cecf":"00000000-0000-000c-ffff-ffff00000640"},{"ELEMENT":"00000000-0000-000c-ffff-ffff0000064a","element-6066-11e4-a52e-4f735466cecf":"00000000-0000-000c-ffff-ffff0000064a"},{"ELEMENT":"00000000-0000-000c-ffff-ffff00000650","element-6066-11e4-a52e-4f735466cecf":"00000000-0000-000c-ffff-ffff00000650"},{"ELEMENT":"00000000-0000-000c-ffff-ffff00000656","element-6066-...
&amp#27;[38;5;32m[AndroidUiautomator2Driver@6457 (32d2a80d)]&amp#27;[0m Responding to client with driver.findElements() result: [{"element-6066-11e4-a52e-4f735466cecf":"00000000-0000-000c-ffff-ffff00000628","ELEMENT":"00000000-0000-000c-ffff-ffff00000628"},{"element-6066-11e4-a52e-4f735466cecf":"00000000-0000-000c-ffff-ffff0000062e","ELEMENT":"00000000-0000-000c-ffff-ffff0000062e"},{"element-6066-11e4-a52e-4f735466cecf":"00000000-0000-000c-ffff-ffff00000634","ELEMENT":"00000000-0000-000c-ffff-ffff00000634"},{"element-6066-11e4-a52e-4f735466cecf":"00000000-0000-000c-ffff-ffff0000063a","ELEMENT":"00000000-0000-000c-ffff-ffff0000063a"},{"element-6066-11e4-a52e-4f735466cecf":"00000000-0000-000c-ffff-ffff00000640","ELEMENT":"00000000-0000-000c-ffff-ffff00000640"},{"element-6066-11e4-a52e-4f735466cecf":"00000000-0000-000c-ffff-ffff0000064a","ELEMENT":"00000000-0000-000c-ffff-ffff0000064a"},{"element-6066-11e4-a52e-4f735466cecf":"00000000-0000-000c-ffff-ffff00000650","ELEMENT":"00000000-0000-000c-ffff-ffff00000650"},{"element-6066-11e4-a52e-4f735466cecf":"00000000-0000-000c-ffff-ffff00000656","ELEMENT":"00000000-0000-000c-ffff-ffff0000065...
&amp#27;[38;5;0m[HTTP]&amp#27;[0m &amp#27;[37m<-- POST /session/32d2a80d-dc78-4f3e-a636-c5413edf6ff7/elements &amp#27;[39m&amp#27;[32m200&amp#27;[39m &amp#27;[90m96 ms - 1291&amp#27;[39m
&amp#27;[38;5;0m[HTTP]&amp#27;[0m &amp#27;[90m&amp#27;[39m
&amp#27;[38;5;0m[HTTP]&amp#27;[0m &amp#27;[37m-->&amp#27;[39m &amp#27;[37mGET&amp#27;[39m &amp#27;[37m/session/32d2a80d-dc78-4f3e-a636-c5413edf6ff7/context&amp#27;[39m
&amp#27;[38;5;0m[HTTP]&amp#27;[0m &amp#27;[90m{}&amp#27;[39m
&amp#27;[38;5;32m[AndroidUiautomator2Driver@6457 (32d2a80d)]&amp#27;[0m Calling AppiumDriver.getCurrentContext() with args: ["32d2a80d-dc78-4f3e-a636-c5413edf6ff7"]
&amp#27;[38;5;32m[AndroidUiautomator2Driver@6457 (32d2a80d)]&amp#27;[0m Responding to client with driver.getCurrentContext() result: "NATIVE_APP"
&amp#27;[38;5;0m[HTTP]&amp#27;[0m &amp#27;[37m<-- GET /session/32d2a80d-dc78-4f3e-a636-c5413edf6ff7/context &amp#27;[39m&amp#27;[32m200&amp#27;[39m &amp#27;[90m0 ms - 22&amp#27;[39m
&amp#27;[38;5;0m[HTTP]&amp#27;[0m &amp#27;[90m&amp#27;[39m
&amp#27;[38;5;0m[HTTP]&amp#27;[0m &amp#27;[37m-->&amp#27;[39m &amp#27;[37mPOST&amp#27;[39m &amp#27;[37m/session/32d2a80d-dc78-4f3e-a636-c5413edf6ff7/elements&amp#27;[39m
&amp#27;[38;5;0m[HTTP]&amp#27;[0m &amp#27;[90m{"value":"com.fivemobile.thescore:id/view_progress","using":"id"}&amp#27;[39m
&amp#27;[38;5;32m[AndroidUiautomator2Driver@6457 (32d2a80d)]&amp#27;[0m Calling AppiumDriver.findElements() with args: ["id","com.fivemobile.thescore:id/view_progress","32d2a80d-dc78-4f3e-a636-c5413edf6ff7"]
&amp#27;[38;5;32m[AndroidUiautomator2Driver@6457 (32d2a80d)]&amp#27;[0m Valid locator strategies for this request: xpath, id, class name, accessibility id, css selector, -android uiautomator
&amp#27;[38;5;32m[AndroidUiautomator2Driver@6457 (32d2a80d)]&amp#27;[0m Waiting up to 10000 ms for condition
&amp#27;[38;5;32m[AndroidUiautomator2Driver@6457 (32d2a80d)]&amp#27;[0m Matched '/elements' to command name 'findElements'
&amp#27;[38;5;32m[AndroidUiautomator2Driver@6457 (32d2a80d)]&amp#27;[0m Proxying [POST /elements] to [POST http://127.0.0.1:8200/session/f5e84c71-f4f7-4f8e-aec7-33a82bd27fec/elements] with body: {"strategy":"id","selector":"com.fivemobile.thescore:id/view_progress","context":"","multiple":true}
&amp#27;[38;5;32m[AndroidUiautomator2Driver@6457 (32d2a80d)]&amp#27;[0m Got response with status 200: {"sessionId":"f5e84c71-f4f7-4f8e-aec7-33a82bd27fec","value":[{"ELEMENT":"00000000-0000-000c-ffff-ffff00000628","element-6066-11e4-a52e-4f735466cecf":"00000000-0000-000c-ffff-ffff00000628"},{"ELEMENT":"00000000-0000-000c-ffff-ffff0000062e","element-6066-11e4-a52e-4f735466cecf":"00000000-0000-000c-ffff-ffff0000062e"},{"ELEMENT":"00000000-0000-000c-ffff-ffff00000634","element-6066-11e4-a52e-4f735466cecf":"00000000-0000-000c-ffff-ffff00000634"},{"ELEMENT":"00000000-0000-000c-ffff-ffff0000063a","element-6066-11e4-a52e-4f735466cecf":"00000000-0000-000c-ffff-ffff0000063a"},{"ELEMENT":"00000000-0000-000c-ffff-ffff00000640","element-6066-11e4-a52e-4f735466cecf":"00000000-0000-000c-ffff-ffff00000640"},{"ELEMENT":"00000000-0000-000c-ffff-ffff0000064a","element-6066-11e4-a52e-4f735466cecf":"00000000-0000-000c-ffff-ffff0000064a"},{"ELEMENT":"00000000-0000-000c-ffff-ffff00000650","element-6066-11e4-a52e-4f735466cecf":"00000000-0000-000c-ffff-ffff00000650"},{"ELEMENT":"00000000-0000-000c-ffff-ffff00000656","element-6066-...
&amp#27;[38;5;32m[AndroidUiautomator2Driver@6457 (32d2a80d)]&amp#27;[0m Responding to client with driver.findElements() result: [{"element-6066-11e4-a52e-4f735466cecf":"00000000-0000-000c-ffff-ffff00000628","ELEMENT":"00000000-0000-000c-ffff-ffff00000628"},{"element-6066-11e4-a52e-4f735466cecf":"00000000-0000-000c-ffff-ffff0000062e","ELEMENT":"00000000-0000-000c-ffff-ffff0000062e"},{"element-6066-11e4-a52e-4f735466cecf":"00000000-0000-000c-ffff-ffff00000634","ELEMENT":"00000000-0000-000c-ffff-ffff00000634"},{"element-6066-11e4-a52e-4f735466cecf":"00000000-0000-000c-ffff-ffff0000063a","ELEMENT":"00000000-0000-000c-ffff-ffff0000063a"},{"element-6066-11e4-a52e-4f735466cecf":"00000000-0000-000c-ffff-ffff00000640","ELEMENT":"00000000-0000-000c-ffff-ffff00000640"},{"element-6066-11e4-a52e-4f735466cecf":"00000000-0000-000c-ffff-ffff0000064a","ELEMENT":"00000000-0000-000c-ffff-ffff0000064a"},{"element-6066-11e4-a52e-4f735466cecf":"00000000-0000-000c-ffff-ffff00000650","ELEMENT":"00000000-0000-000c-ffff-ffff00000650"},{"element-6066-11e4-a52e-4f735466cecf":"00000000-0000-000c-ffff-ffff00000656","ELEMENT":"00000000-0000-000c-ffff-ffff0000065...
&amp#27;[38;5;0m[HTTP]&amp#27;[0m &amp#27;[37m<-- POST /session/32d2a80d-dc78-4f3e-a636-c5413edf6ff7/elements &amp#27;[39m&amp#27;[32m200&amp#27;[39m &amp#27;[90m98 ms - 1291&amp#27;[39m
&amp#27;[38;5;0m[HTTP]&amp#27;[0m &amp#27;[90m&amp#27;[39m
&amp#27;[38;5;0m[HTTP]&amp#27;[0m &amp#27;[37m-->&amp#27;[39m &amp#27;[37mGET&amp#27;[39m &amp#27;[37m/session/32d2a80d-dc78-4f3e-a636-c5413edf6ff7/element/00000000-0000-000c-ffff-ffff00000662/displayed&amp#27;[39m
&amp#27;[38;5;0m[HTTP]&amp#27;[0m &amp#27;[90m{}&amp#27;[39m
&amp#27;[38;5;32m[AndroidUiautomator2Driver@6457 (32d2a80d)]&amp#27;[0m Calling AppiumDriver.elementDisplayed() with args: ["00000000-0000-000c-ffff-ffff00000662","32d2a80d-dc78-4f3e-a636-c5413edf6ff7"]
&amp#27;[38;5;32m[AndroidUiautomator2Driver@6457 (32d2a80d)]&amp#27;[0m Matched '/element/00000000-0000-000c-ffff-ffff00000662/attribute/displayed' to command name 'getAttribute'
&amp#27;[38;5;32m[AndroidUiautomator2Driver@6457 (32d2a80d)]&amp#27;[0m Proxying [GET /element/00000000-0000-000c-ffff-ffff00000662/attribute/displayed] to [GET http://127.0.0.1:8200/session/f5e84c71-f4f7-4f8e-aec7-33a82bd27fec/element/00000000-0000-000c-ffff-ffff00000662/attribute/displayed] with no body
&amp#27;[38;5;32m[AndroidUiautomator2Driver@6457 (32d2a80d)]&amp#27;[0m Got response with status 200: {"sessionId":"f5e84c71-f4f7-4f8e-aec7-33a82bd27fec","value":"true"}
&amp#27;[38;5;32m[AndroidUiautomator2Driver@6457 (32d2a80d)]&amp#27;[0m Responding to client with driver.elementDisplayed() result: true
&amp#27;[38;5;0m[HTTP]&amp#27;[0m &amp#27;[37m<-- GET /session/32d2a80d-dc78-4f3e-a636-c5413edf6ff7/element/00000000-0000-000c-ffff-ffff00000662/displayed &amp#27;[39m&amp#27;[32m200&amp#27;[39m &amp#27;[90m12 ms - 14&amp#27;[39m
&amp#27;[38;5;0m[HTTP]&amp#27;[0m &amp#27;[90m&amp#27;[39m
&amp#27;[38;5;0m[HTTP]&amp#27;[0m &amp#27;[37m-->&amp#27;[39m &amp#27;[37mGET&amp#27;[39m &amp#27;[37m/session/32d2a80d-dc78-4f3e-a636-c5413edf6ff7/context&amp#27;[39m
&amp#27;[38;5;0m[HTTP]&amp#27;[0m &amp#27;[90m{}&amp#27;[39m
&amp#27;[38;5;32m[AndroidUiautomator2Driver@6457 (32d2a80d)]&amp#27;[0m Calling AppiumDriver.getCurrentContext() with args: ["32d2a80d-dc78-4f3e-a636-c5413edf6ff7"]
&amp#27;[38;5;32m[AndroidUiautomator2Driver@6457 (32d2a80d)]&amp#27;[0m Responding to client with driver.getCurrentContext() result: "NATIVE_APP"
&amp#27;[38;5;0m[HTTP]&amp#27;[0m &amp#27;[37m<-- GET /session/32d2a80d-dc78-4f3e-a636-c5413edf6ff7/context &amp#27;[39m&amp#27;[32m200&amp#27;[39m &amp#27;[90m0 ms - 22&amp#27;[39m
&amp#27;[38;5;0m[HTTP]&amp#27;[0m &amp#27;[90m&amp#27;[39m
&amp#27;[38;5;0m[HTTP]&amp#27;[0m &amp#27;[37m-->&amp#27;[39m &amp#27;[37mPOST&amp#27;[39m &amp#27;[37m/session/32d2a80d-dc78-4f3e-a636-c5413edf6ff7/elements&amp#27;[39m
&amp#27;[38;5;0m[HTTP]&amp#27;[0m &amp#27;[90m{"value":"com.fivemobile.thescore:id/view_progress","using":"id"}&amp#27;[39m
&amp#27;[38;5;32m[AndroidUiautomator2Driver@6457 (32d2a80d)]&amp#27;[0m Calling AppiumDriver.findElements() with args: ["id","com.fivemobile.thescore:id/view_progress","32d2a80d-dc78-4f3e-a636-c5413edf6ff7"]
&amp#27;[38;5;32m[AndroidUiautomator2Driver@6457 (32d2a80d)]&amp#27;[0m Valid locator strategies for this request: xpath, id, class name, accessibility id, css selector, -android uiautomator
&amp#27;[38;5;32m[AndroidUiautomator2Driver@6457 (32d2a80d)]&amp#27;[0m Waiting up to 10000 ms for condition
&amp#27;[38;5;32m[AndroidUiautomator2Driver@6457 (32d2a80d)]&amp#27;[0m Matched '/elements' to command name 'findElements'
&amp#27;[38;5;32m[AndroidUiautomator2Driver@6457 (32d2a80d)]&amp#27;[0m Proxying [POST /elements] to [POST http://127.0.0.1:8200/session/f5e84c71-f4f7-4f8e-aec7-33a82bd27fec/elements] with body: {"strategy":"id","selector":"com.fivemobile.thescore:id/view_progress","context":"","multiple":true}
&amp#27;[38;5;32m[AndroidUiautomator2Driver@6457 (32d2a80d)]&amp#27;[0m Got response with status 200: {"sessionId":"f5e84c71-f4f7-4f8e-aec7-33a82bd27fec","value":[{"ELEMENT":"00000000-0000-000c-ffff-ffff00000628","element-6066-11e4-a52e-4f735466cecf":"00000000-0000-000c-ffff-ffff00000628"},{"ELEMENT":"00000000-0000-000c-ffff-ffff0000062e","element-6066-11e4-a52e-4f735466cecf":"00000000-0000-000c-ffff-ffff0000062e"},{"ELEMENT":"00000000-0000-000c-ffff-ffff00000634","element-6066-11e4-a52e-4f735466cecf":"00000000-0000-000c-ffff-ffff00000634"},{"ELEMENT":"00000000-0000-000c-ffff-ffff0000063a","element-6066-11e4-a52e-4f735466cecf":"00000000-0000-000c-ffff-ffff0000063a"},{"ELEMENT":"00000000-0000-000c-ffff-ffff00000640","element-6066-11e4-a52e-4f735466cecf":"00000000-0000-000c-ffff-ffff00000640"},{"ELEMENT":"00000000-0000-000c-ffff-ffff0000064a","element-6066-11e4-a52e-4f735466cecf":"00000000-0000-000c-ffff-ffff0000064a"},{"ELEMENT":"00000000-0000-000c-ffff-ffff00000650","element-6066-11e4-a52e-4f735466cecf":"00000000-0000-000c-ffff-ffff00000650"},{"ELEMENT":"00000000-0000-000c-ffff-ffff00000656","element-6066-...
&amp#27;[38;5;32m[AndroidUiautomator2Driver@6457 (32d2a80d)]&amp#27;[0m Responding to client with driver.findElements() result: [{"element-6066-11e4-a52e-4f735466cecf":"00000000-0000-000c-ffff-ffff00000628","ELEMENT":"00000000-0000-000c-ffff-ffff00000628"},{"element-6066-11e4-a52e-4f735466cecf":"00000000-0000-000c-ffff-ffff0000062e","ELEMENT":"00000000-0000-000c-ffff-ffff0000062e"},{"element-6066-11e4-a52e-4f735466cecf":"00000000-0000-000c-ffff-ffff00000634","ELEMENT":"00000000-0000-000c-ffff-ffff00000634"},{"element-6066-11e4-a52e-4f735466cecf":"00000000-0000-000c-ffff-ffff0000063a","ELEMENT":"00000000-0000-000c-ffff-ffff0000063a"},{"element-6066-11e4-a52e-4f735466cecf":"00000000-0000-000c-ffff-ffff00000640","ELEMENT":"00000000-0000-000c-ffff-ffff00000640"},{"element-6066-11e4-a52e-4f735466cecf":"00000000-0000-000c-ffff-ffff0000064a","ELEMENT":"00000000-0000-000c-ffff-ffff0000064a"},{"element-6066-11e4-a52e-4f735466cecf":"00000000-0000-000c-ffff-ffff00000650","ELEMENT":"00000000-0000-000c-ffff-ffff00000650"},{"element-6066-11e4-a52e-4f735466cecf":"00000000-0000-000c-ffff-ffff00000656","ELEMENT":"00000000-0000-000c-ffff-ffff0000065...
&amp#27;[38;5;0m[HTTP]&amp#27;[0m &amp#27;[37m<-- POST /session/32d2a80d-dc78-4f3e-a636-c5413edf6ff7/elements &amp#27;[39m&amp#27;[32m200&amp#27;[39m &amp#27;[90m90 ms - 1291&amp#27;[39m
&amp#27;[38;5;0m[HTTP]&amp#27;[0m &amp#27;[90m&amp#27;[39m
&amp#27;[38;5;0m[HTTP]&amp#27;[0m &amp#27;[37m-->&amp#27;[39m &amp#27;[37mGET&amp#27;[39m &amp#27;[37m/session/32d2a80d-dc78-4f3e-a636-c5413edf6ff7/context&amp#27;[39m
&amp#27;[38;5;0m[HTTP]&amp#27;[0m &amp#27;[90m{}&amp#27;[39m
&amp#27;[38;5;32m[AndroidUiautomator2Driver@6457 (32d2a80d)]&amp#27;[0m Calling AppiumDriver.getCurrentContext() with args: ["32d2a80d-dc78-4f3e-a636-c5413edf6ff7"]
&amp#27;[38;5;32m[AndroidUiautomator2Driver@6457 (32d2a80d)]&amp#27;[0m Responding to client with driver.getCurrentContext() result: "NATIVE_APP"
&amp#27;[38;5;0m[HTTP]&amp#27;[0m &amp#27;[37m<-- GET /session/32d2a80d-dc78-4f3e-a636-c5413edf6ff7/context &amp#27;[39m&amp#27;[32m200&amp#27;[39m &amp#27;[90m0 ms - 22&amp#27;[39m
&amp#27;[38;5;0m[HTTP]&amp#27;[0m &amp#27;[90m&amp#27;[39m
&amp#27;[38;5;0m[HTTP]&amp#27;[0m &amp#27;[37m-->&amp#27;[39m &amp#27;[37mPOST&amp#27;[39m &amp#27;[37m/session/32d2a80d-dc78-4f3e-a636-c5413edf6ff7/elements&amp#27;[39m
&amp#27;[38;5;0m[HTTP]&amp#27;[0m &amp#27;[90m{"value":"com.fivemobile.thescore:id/view_inverse","using":"id"}&amp#27;[39m
&amp#27;[38;5;32m[AndroidUiautomator2Driver@6457 (32d2a80d)]&amp#27;[0m Calling AppiumDriver.findElements() with args: ["id","com.fivemobile.thescore:id/view_inverse","32d2a80d-dc78-4f3e-a636-c5413edf6ff7"]
&amp#27;[38;5;32m[AndroidUiautomator2Driver@6457 (32d2a80d)]&amp#27;[0m Valid locator strategies for this request: xpath, id, class name, accessibility id, css selector, -android uiautomator
&amp#27;[38;5;32m[AndroidUiautomator2Driver@6457 (32d2a80d)]&amp#27;[0m Waiting up to 10000 ms for condition
&amp#27;[38;5;32m[AndroidUiautomator2Driver@6457 (32d2a80d)]&amp#27;[0m Matched '/elements' to command name 'findElements'
&amp#27;[38;5;32m[AndroidUiautomator2Driver@6457 (32d2a80d)]&amp#27;[0m Proxying [POST /elements] to [POST http://127.0.0.1:8200/session/f5e84c71-f4f7-4f8e-aec7-33a82bd27fec/elements] with body: {"strategy":"id","selector":"com.fivemobile.thescore:id/view_inverse","context":"","multiple":true}
&amp#27;[38;5;32m[AndroidUiautomator2Driver@6457 (32d2a80d)]&amp#27;[0m Got response with status 200: {"sessionId":"f5e84c71-f4f7-4f8e-aec7-33a82bd27fec","value":[{"ELEMENT":"00000000-0000-000c-ffff-ffff00000629","element-6066-11e4-a52e-4f735466cecf":"00000000-0000-000c-ffff-ffff00000629"},{"ELEMENT":"00000000-0000-000c-ffff-ffff0000062f","element-6066-11e4-a52e-4f735466cecf":"00000000-0000-000c-ffff-ffff0000062f"},{"ELEMENT":"00000000-0000-000c-ffff-ffff00000635","element-6066-11e4-a52e-4f735466cecf":"00000000-0000-000c-ffff-ffff00000635"},{"ELEMENT":"00000000-0000-000c-ffff-ffff0000063b","element-6066-11e4-a52e-4f735466cecf":"00000000-0000-000c-ffff-ffff0000063b"},{"ELEMENT":"00000000-0000-000c-ffff-ffff00000641","element-6066-11e4-a52e-4f735466cecf":"00000000-0000-000c-ffff-ffff00000641"},{"ELEMENT":"00000000-0000-000c-ffff-ffff0000064b","element-6066-11e4-a52e-4f735466cecf":"00000000-0000-000c-ffff-ffff0000064b"},{"ELEMENT":"00000000-0000-000c-ffff-ffff00000651","element-6066-11e4-a52e-4f735466cecf":"00000000-0000-000c-ffff-ffff00000651"},{"ELEMENT":"00000000-0000-000c-ffff-ffff00000657","element-6066-...
&amp#27;[38;5;32m[AndroidUiautomator2Driver@6457 (32d2a80d)]&amp#27;[0m Responding to client with driver.findElements() result: [{"element-6066-11e4-a52e-4f735466cecf":"00000000-0000-000c-ffff-ffff00000629","ELEMENT":"00000000-0000-000c-ffff-ffff00000629"},{"element-6066-11e4-a52e-4f735466cecf":"00000000-0000-000c-ffff-ffff0000062f","ELEMENT":"00000000-0000-000c-ffff-ffff0000062f"},{"element-6066-11e4-a52e-4f735466cecf":"00000000-0000-000c-ffff-ffff00000635","ELEMENT":"00000000-0000-000c-ffff-ffff00000635"},{"element-6066-11e4-a52e-4f735466cecf":"00000000-0000-000c-ffff-ffff0000063b","ELEMENT":"00000000-0000-000c-ffff-ffff0000063b"},{"element-6066-11e4-a52e-4f735466cecf":"00000000-0000-000c-ffff-ffff00000641","ELEMENT":"00000000-0000-000c-ffff-ffff00000641"},{"element-6066-11e4-a52e-4f735466cecf":"00000000-0000-000c-ffff-ffff0000064b","ELEMENT":"00000000-0000-000c-ffff-ffff0000064b"},{"element-6066-11e4-a52e-4f735466cecf":"00000000-0000-000c-ffff-ffff00000651","ELEMENT":"00000000-0000-000c-ffff-ffff00000651"},{"element-6066-11e4-a52e-4f735466cecf":"00000000-0000-000c-ffff-ffff00000657","ELEMENT":"00000000-0000-000c-ffff-ffff0000065...
&amp#27;[38;5;0m[HTTP]&amp#27;[0m &amp#27;[37m<-- POST /session/32d2a80d-dc78-4f3e-a636-c5413edf6ff7/elements &amp#27;[39m&amp#27;[32m200&amp#27;[39m &amp#27;[90m109 ms - 1291&amp#27;[39m
&amp#27;[38;5;0m[HTTP]&amp#27;[0m &amp#27;[90m&amp#27;[39m
&amp#27;[38;5;0m[HTTP]&amp#27;[0m &amp#27;[37m-->&amp#27;[39m &amp#27;[37mGET&amp#27;[39m &amp#27;[37m/session/32d2a80d-dc78-4f3e-a636-c5413edf6ff7/context&amp#27;[39m
&amp#27;[38;5;0m[HTTP]&amp#27;[0m &amp#27;[90m{}&amp#27;[39m
&amp#27;[38;5;32m[AndroidUiautomator2Driver@6457 (32d2a80d)]&amp#27;[0m Calling AppiumDriver.getCurrentContext() with args: ["32d2a80d-dc78-4f3e-a636-c5413edf6ff7"]
&amp#27;[38;5;32m[AndroidUiautomator2Driver@6457 (32d2a80d)]&amp#27;[0m Responding to client with driver.getCurrentContext() result: "NATIVE_APP"
&amp#27;[38;5;0m[HTTP]&amp#27;[0m &amp#27;[37m<-- GET /session/32d2a80d-dc78-4f3e-a636-c5413edf6ff7/context &amp#27;[39m&amp#27;[32m200&amp#27;[39m &amp#27;[90m0 ms - 22&amp#27;[39m
&amp#27;[38;5;0m[HTTP]&amp#27;[0m &amp#27;[90m&amp#27;[39m
&amp#27;[38;5;0m[HTTP]&amp#27;[0m &amp#27;[37m-->&amp#27;[39m &amp#27;[37mPOST&amp#27;[39m &amp#27;[37m/session/32d2a80d-dc78-4f3e-a636-c5413edf6ff7/elements&amp#27;[39m
&amp#27;[38;5;0m[HTTP]&amp#27;[0m &amp#27;[90m{"value":"com.fivemobile.thescore:id/view_inverse","using":"id"}&amp#27;[39m
&amp#27;[38;5;32m[AndroidUiautomator2Driver@6457 (32d2a80d)]&amp#27;[0m Calling AppiumDriver.findElements() with args: ["id","com.fivemobile.thescore:id/view_inverse","32d2a80d-dc78-4f3e-a636-c5413edf6ff7"]
&amp#27;[38;5;32m[AndroidUiautomator2Driver@6457 (32d2a80d)]&amp#27;[0m Valid locator strategies for this request: xpath, id, class name, accessibility id, css selector, -android uiautomator
&amp#27;[38;5;32m[AndroidUiautomator2Driver@6457 (32d2a80d)]&amp#27;[0m Waiting up to 10000 ms for condition
&amp#27;[38;5;32m[AndroidUiautomator2Driver@6457 (32d2a80d)]&amp#27;[0m Matched '/elements' to command name 'findElements'
&amp#27;[38;5;32m[AndroidUiautomator2Driver@6457 (32d2a80d)]&amp#27;[0m Proxying [POST /elements] to [POST http://127.0.0.1:8200/session/f5e84c71-f4f7-4f8e-aec7-33a82bd27fec/elements] with body: {"strategy":"id","selector":"com.fivemobile.thescore:id/view_inverse","context":"","multiple":true}
&amp#27;[38;5;32m[AndroidUiautomator2Driver@6457 (32d2a80d)]&amp#27;[0m Got response with status 200: {"sessionId":"f5e84c71-f4f7-4f8e-aec7-33a82bd27fec","value":[{"ELEMENT":"00000000-0000-000c-ffff-ffff00000629","element-6066-11e4-a52e-4f735466cecf":"00000000-0000-000c-ffff-ffff00000629"},{"ELEMENT":"00000000-0000-000c-ffff-ffff0000062f","element-6066-11e4-a52e-4f735466cecf":"00000000-0000-000c-ffff-ffff0000062f"},{"ELEMENT":"00000000-0000-000c-ffff-ffff00000635","element-6066-11e4-a52e-4f735466cecf":"00000000-0000-000c-ffff-ffff00000635"},{"ELEMENT":"00000000-0000-000c-ffff-ffff0000063b","element-6066-11e4-a52e-4f735466cecf":"00000000-0000-000c-ffff-ffff0000063b"},{"ELEMENT":"00000000-0000-000c-ffff-ffff00000641","element-6066-11e4-a52e-4f735466cecf":"00000000-0000-000c-ffff-ffff00000641"},{"ELEMENT":"00000000-0000-000c-ffff-ffff0000064b","element-6066-11e4-a52e-4f735466cecf":"00000000-0000-000c-ffff-ffff0000064b"},{"ELEMENT":"00000000-0000-000c-ffff-ffff00000651","element-6066-11e4-a52e-4f735466cecf":"00000000-0000-000c-ffff-ffff00000651"},{"ELEMENT":"00000000-0000-000c-ffff-ffff00000657","element-6066-...
&amp#27;[38;5;32m[AndroidUiautomator2Driver@6457 (32d2a80d)]&amp#27;[0m Responding to client with driver.findElements() result: [{"element-6066-11e4-a52e-4f735466cecf":"00000000-0000-000c-ffff-ffff00000629","ELEMENT":"00000000-0000-000c-ffff-ffff00000629"},{"element-6066-11e4-a52e-4f735466cecf":"00000000-0000-000c-ffff-ffff0000062f","ELEMENT":"00000000-0000-000c-ffff-ffff0000062f"},{"element-6066-11e4-a52e-4f735466cecf":"00000000-0000-000c-ffff-ffff00000635","ELEMENT":"00000000-0000-000c-ffff-ffff00000635"},{"element-6066-11e4-a52e-4f735466cecf":"00000000-0000-000c-ffff-ffff0000063b","ELEMENT":"00000000-0000-000c-ffff-ffff0000063b"},{"element-6066-11e4-a52e-4f735466cecf":"00000000-0000-000c-ffff-ffff00000641","ELEMENT":"00000000-0000-000c-ffff-ffff00000641"},{"element-6066-11e4-a52e-4f735466cecf":"00000000-0000-000c-ffff-ffff0000064b","ELEMENT":"00000000-0000-000c-ffff-ffff0000064b"},{"element-6066-11e4-a52e-4f735466cecf":"00000000-0000-000c-ffff-ffff00000651","ELEMENT":"00000000-0000-000c-ffff-ffff00000651"},{"element-6066-11e4-a52e-4f735466cecf":"00000000-0000-000c-ffff-ffff00000657","ELEMENT":"00000000-0000-000c-ffff-ffff0000065...
&amp#27;[38;5;0m[HTTP]&amp#27;[0m &amp#27;[37m<-- POST /session/32d2a80d-dc78-4f3e-a636-c5413edf6ff7/elements &amp#27;[39m&amp#27;[32m200&amp#27;[39m &amp#27;[90m102 ms - 1291&amp#27;[39m
&amp#27;[38;5;0m[HTTP]&amp#27;[0m &amp#27;[90m&amp#27;[39m
&amp#27;[38;5;0m[HTTP]&amp#27;[0m &amp#27;[37m-->&amp#27;[39m &amp#27;[37mGET&amp#27;[39m &amp#27;[37m/session/32d2a80d-dc78-4f3e-a636-c5413edf6ff7/element/00000000-0000-000c-ffff-ffff00000629/displayed&amp#27;[39m
&amp#27;[38;5;0m[HTTP]&amp#27;[0m &amp#27;[90m{}&amp#27;[39m
&amp#27;[38;5;32m[AndroidUiautomator2Driver@6457 (32d2a80d)]&amp#27;[0m Calling AppiumDriver.elementDisplayed() with args: ["00000000-0000-000c-ffff-ffff00000629","32d2a80d-dc78-4f3e-a636-c5413edf6ff7"]
&amp#27;[38;5;32m[AndroidUiautomator2Driver@6457 (32d2a80d)]&amp#27;[0m Matched '/element/00000000-0000-000c-ffff-ffff00000629/attribute/displayed' to command name 'getAttribute'
&amp#27;[38;5;32m[AndroidUiautomator2Driver@6457 (32d2a80d)]&amp#27;[0m Proxying [GET /element/00000000-0000-000c-ffff-ffff00000629/attribute/displayed] to [GET http://127.0.0.1:8200/session/f5e84c71-f4f7-4f8e-aec7-33a82bd27fec/element/00000000-0000-000c-ffff-ffff00000629/attribute/displayed] with no body
&amp#27;[38;5;32m[AndroidUiautomator2Driver@6457 (32d2a80d)]&amp#27;[0m Got response with status 200: {"sessionId":"f5e84c71-f4f7-4f8e-aec7-33a82bd27fec","value":"true"}
&amp#27;[38;5;32m[AndroidUiautomator2Driver@6457 (32d2a80d)]&amp#27;[0m Responding to client with driver.elementDisplayed() result: true
&amp#27;[38;5;0m[HTTP]&amp#27;[0m &amp#27;[37m<-- GET /session/32d2a80d-dc78-4f3e-a636-c5413edf6ff7/element/00000000-0000-000c-ffff-ffff00000629/displayed &amp#27;[39m&amp#27;[32m200&amp#27;[39m &amp#27;[90m11 ms - 14&amp#27;[39m
&amp#27;[38;5;0m[HTTP]&amp#27;[0m &amp#27;[90m&amp#27;[39m
&amp#27;[38;5;0m[HTTP]&amp#27;[0m &amp#27;[37m-->&amp#27;[39m &amp#27;[37mGET&amp#27;[39m &amp#27;[37m/session/32d2a80d-dc78-4f3e-a636-c5413edf6ff7/context&amp#27;[39m
&amp#27;[38;5;0m[HTTP]&amp#27;[0m &amp#27;[90m{}&amp#27;[39m
&amp#27;[38;5;32m[AndroidUiautomator2Driver@6457 (32d2a80d)]&amp#27;[0m Calling AppiumDriver.getCurrentContext() with args: ["32d2a80d-dc78-4f3e-a636-c5413edf6ff7"]
&amp#27;[38;5;32m[AndroidUiautomator2Driver@6457 (32d2a80d)]&amp#27;[0m Responding to client with driver.getCurrentContext() result: "NATIVE_APP"
&amp#27;[38;5;0m[HTTP]&amp#27;[0m &amp#27;[37m<-- GET /session/32d2a80d-dc78-4f3e-a636-c5413edf6ff7/context &amp#27;[39m&amp#27;[32m200&amp#27;[39m &amp#27;[90m0 ms - 22&amp#27;[39m
&amp#27;[38;5;0m[HTTP]&amp#27;[0m &amp#27;[90m&amp#27;[39m
&amp#27;[38;5;0m[HTTP]&amp#27;[0m &amp#27;[37m-->&amp#27;[39m &amp#27;[37mPOST&amp#27;[39m &amp#27;[37m/session/32d2a80d-dc78-4f3e-a636-c5413edf6ff7/elements&amp#27;[39m
&amp#27;[38;5;0m[HTTP]&amp#27;[0m &amp#27;[90m{"value":"com.fivemobile.thescore:id/view_inverse","using":"id"}&amp#27;[39m
&amp#27;[38;5;32m[AndroidUiautomator2Driver@6457 (32d2a80d)]&amp#27;[0m Calling AppiumDriver.findElements() with args: ["id","com.fivemobile.thescore:id/view_inverse","32d2a80d-dc78-4f3e-a636-c5413edf6ff7"]
&amp#27;[38;5;32m[AndroidUiautomator2Driver@6457 (32d2a80d)]&amp#27;[0m Valid locator strategies for this request: xpath, id, class name, accessibility id, css selector, -android uiautomator
&amp#27;[38;5;32m[AndroidUiautomator2Driver@6457 (32d2a80d)]&amp#27;[0m Waiting up to 10000 ms for condition
&amp#27;[38;5;32m[AndroidUiautomator2Driver@6457 (32d2a80d)]&amp#27;[0m Matched '/elements' to command name 'findElements'
&amp#27;[38;5;32m[AndroidUiautomator2Driver@6457 (32d2a80d)]&amp#27;[0m Proxying [POST /elements] to [POST http://127.0.0.1:8200/session/f5e84c71-f4f7-4f8e-aec7-33a82bd27fec/elements] with body: {"strategy":"id","selector":"com.fivemobile.thescore:id/view_inverse","context":"","multiple":true}
&amp#27;[38;5;32m[AndroidUiautomator2Driver@6457 (32d2a80d)]&amp#27;[0m Got response with status 200: {"sessionId":"f5e84c71-f4f7-4f8e-aec7-33a82bd27fec","value":[{"ELEMENT":"00000000-0000-000c-ffff-ffff00000629","element-6066-11e4-a52e-4f735466cecf":"00000000-0000-000c-ffff-ffff00000629"},{"ELEMENT":"00000000-0000-000c-ffff-ffff0000062f","element-6066-11e4-a52e-4f735466cecf":"00000000-0000-000c-ffff-ffff0000062f"},{"ELEMENT":"00000000-0000-000c-ffff-ffff00000635","element-6066-11e4-a52e-4f735466cecf":"00000000-0000-000c-ffff-ffff00000635"},{"ELEMENT":"00000000-0000-000c-ffff-ffff0000063b","element-6066-11e4-a52e-4f735466cecf":"00000000-0000-000c-ffff-ffff0000063b"},{"ELEMENT":"00000000-0000-000c-ffff-ffff00000641","element-6066-11e4-a52e-4f735466cecf":"00000000-0000-000c-ffff-ffff00000641"},{"ELEMENT":"00000000-0000-000c-ffff-ffff0000064b","element-6066-11e4-a52e-4f735466cecf":"00000000-0000-000c-ffff-ffff0000064b"},{"ELEMENT":"00000000-0000-000c-ffff-ffff00000651","element-6066-11e4-a52e-4f735466cecf":"00000000-0000-000c-ffff-ffff00000651"},{"ELEMENT":"00000000-0000-000c-ffff-ffff00000657","element-6066-...
&amp#27;[38;5;32m[AndroidUiautomator2Driver@6457 (32d2a80d)]&amp#27;[0m Responding to client with driver.findElements() result: [{"element-6066-11e4-a52e-4f735466cecf":"00000000-0000-000c-ffff-ffff00000629","ELEMENT":"00000000-0000-000c-ffff-ffff00000629"},{"element-6066-11e4-a52e-4f735466cecf":"00000000-0000-000c-ffff-ffff0000062f","ELEMENT":"00000000-0000-000c-ffff-ffff0000062f"},{"element-6066-11e4-a52e-4f735466cecf":"00000000-0000-000c-ffff-ffff00000635","ELEMENT":"00000000-0000-000c-ffff-ffff00000635"},{"element-6066-11e4-a52e-4f735466cecf":"00000000-0000-000c-ffff-ffff0000063b","ELEMENT":"00000000-0000-000c-ffff-ffff0000063b"},{"element-6066-11e4-a52e-4f735466cecf":"00000000-0000-000c-ffff-ffff00000641","ELEMENT":"00000000-0000-000c-ffff-ffff00000641"},{"element-6066-11e4-a52e-4f735466cecf":"00000000-0000-000c-ffff-ffff0000064b","ELEMENT":"00000000-0000-000c-ffff-ffff0000064b"},{"element-6066-11e4-a52e-4f735466cecf":"00000000-0000-000c-ffff-ffff00000651","ELEMENT":"00000000-0000-000c-ffff-ffff00000651"},{"element-6066-11e4-a52e-4f735466cecf":"00000000-0000-000c-ffff-ffff00000657","ELEMENT":"00000000-0000-000c-ffff-ffff0000065...
&amp#27;[38;5;0m[HTTP]&amp#27;[0m &amp#27;[37m<-- POST /session/32d2a80d-dc78-4f3e-a636-c5413edf6ff7/elements &amp#27;[39m&amp#27;[32m200&amp#27;[39m &amp#27;[90m99 ms - 1291&amp#27;[39m
&amp#27;[38;5;0m[HTTP]&amp#27;[0m &amp#27;[90m&amp#27;[39m
&amp#27;[38;5;0m[HTTP]&amp#27;[0m &amp#27;[37m-->&amp#27;[39m &amp#27;[37mGET&amp#27;[39m &amp#27;[37m/session/32d2a80d-dc78-4f3e-a636-c5413edf6ff7/context&amp#27;[39m
&amp#27;[38;5;0m[HTTP]&amp#27;[0m &amp#27;[90m{}&amp#27;[39m
&amp#27;[38;5;32m[AndroidUiautomator2Driver@6457 (32d2a80d)]&amp#27;[0m Calling AppiumDriver.getCurrentContext() with args: ["32d2a80d-dc78-4f3e-a636-c5413edf6ff7"]
&amp#27;[38;5;32m[AndroidUiautomator2Driver@6457 (32d2a80d)]&amp#27;[0m Responding to client with driver.getCurrentContext() result: "NATIVE_APP"
&amp#27;[38;5;0m[HTTP]&amp#27;[0m &amp#27;[37m<-- GET /session/32d2a80d-dc78-4f3e-a636-c5413edf6ff7/context &amp#27;[39m&amp#27;[32m200&amp#27;[39m &amp#27;[90m0 ms - 22&amp#27;[39m
&amp#27;[38;5;0m[HTTP]&amp#27;[0m &amp#27;[90m&amp#27;[39m
&amp#27;[38;5;0m[HTTP]&amp#27;[0m &amp#27;[37m-->&amp#27;[39m &amp#27;[37mPOST&amp#27;[39m &amp#27;[37m/session/32d2a80d-dc78-4f3e-a636-c5413edf6ff7/elements&amp#27;[39m
&amp#27;[38;5;0m[HTTP]&amp#27;[0m &amp#27;[90m{"value":"com.fivemobile.thescore:id/view_inverse","using":"id"}&amp#27;[39m
&amp#27;[38;5;32m[AndroidUiautomator2Driver@6457 (32d2a80d)]&amp#27;[0m Calling AppiumDriver.findElements() with args: ["id","com.fivemobile.thescore:id/view_inverse","32d2a80d-dc78-4f3e-a636-c5413edf6ff7"]
&amp#27;[38;5;32m[AndroidUiautomator2Driver@6457 (32d2a80d)]&amp#27;[0m Valid locator strategies for this request: xpath, id, class name, accessibility id, css selector, -android uiautomator
&amp#27;[38;5;32m[AndroidUiautomator2Driver@6457 (32d2a80d)]&amp#27;[0m Waiting up to 10000 ms for condition
&amp#27;[38;5;32m[AndroidUiautomator2Driver@6457 (32d2a80d)]&amp#27;[0m Matched '/elements' to command name 'findElements'
&amp#27;[38;5;32m[AndroidUiautomator2Driver@6457 (32d2a80d)]&amp#27;[0m Proxying [POST /elements] to [POST http://127.0.0.1:8200/session/f5e84c71-f4f7-4f8e-aec7-33a82bd27fec/elements] with body: {"strategy":"id","selector":"com.fivemobile.thescore:id/view_inverse","context":"","multiple":true}
&amp#27;[38;5;32m[AndroidUiautomator2Driver@6457 (32d2a80d)]&amp#27;[0m Got response with status 200: {"sessionId":"f5e84c71-f4f7-4f8e-aec7-33a82bd27fec","value":[{"ELEMENT":"00000000-0000-000c-ffff-ffff00000629","element-6066-11e4-a52e-4f735466cecf":"00000000-0000-000c-ffff-ffff00000629"},{"ELEMENT":"00000000-0000-000c-ffff-ffff0000062f","element-6066-11e4-a52e-4f735466cecf":"00000000-0000-000c-ffff-ffff0000062f"},{"ELEMENT":"00000000-0000-000c-ffff-ffff00000635","element-6066-11e4-a52e-4f735466cecf":"00000000-0000-000c-ffff-ffff00000635"},{"ELEMENT":"00000000-0000-000c-ffff-ffff0000063b","element-6066-11e4-a52e-4f735466cecf":"00000000-0000-000c-ffff-ffff0000063b"},{"ELEMENT":"00000000-0000-000c-ffff-ffff00000641","element-6066-11e4-a52e-4f735466cecf":"00000000-0000-000c-ffff-ffff00000641"},{"ELEMENT":"00000000-0000-000c-ffff-ffff0000064b","element-6066-11e4-a52e-4f735466cecf":"00000000-0000-000c-ffff-ffff0000064b"},{"ELEMENT":"00000000-0000-000c-ffff-ffff00000651","element-6066-11e4-a52e-4f735466cecf":"00000000-0000-000c-ffff-ffff00000651"},{"ELEMENT":"00000000-0000-000c-ffff-ffff00000657","element-6066-...
&amp#27;[38;5;32m[AndroidUiautomator2Driver@6457 (32d2a80d)]&amp#27;[0m Responding to client with driver.findElements() result: [{"element-6066-11e4-a52e-4f735466cecf":"00000000-0000-000c-ffff-ffff00000629","ELEMENT":"00000000-0000-000c-ffff-ffff00000629"},{"element-6066-11e4-a52e-4f735466cecf":"00000000-0000-000c-ffff-ffff0000062f","ELEMENT":"00000000-0000-000c-ffff-ffff0000062f"},{"element-6066-11e4-a52e-4f735466cecf":"00000000-0000-000c-ffff-ffff00000635","ELEMENT":"00000000-0000-000c-ffff-ffff00000635"},{"element-6066-11e4-a52e-4f735466cecf":"00000000-0000-000c-ffff-ffff0000063b","ELEMENT":"00000000-0000-000c-ffff-ffff0000063b"},{"element-6066-11e4-a52e-4f735466cecf":"00000000-0000-000c-ffff-ffff00000641","ELEMENT":"00000000-0000-000c-ffff-ffff00000641"},{"element-6066-11e4-a52e-4f735466cecf":"00000000-0000-000c-ffff-ffff0000064b","ELEMENT":"00000000-0000-000c-ffff-ffff0000064b"},{"element-6066-11e4-a52e-4f735466cecf":"00000000-0000-000c-ffff-ffff00000651","ELEMENT":"00000000-0000-000c-ffff-ffff00000651"},{"element-6066-11e4-a52e-4f735466cecf":"00000000-0000-000c-ffff-ffff00000657","ELEMENT":"00000000-0000-000c-ffff-ffff0000065...
&amp#27;[38;5;0m[HTTP]&amp#27;[0m &amp#27;[37m<-- POST /session/32d2a80d-dc78-4f3e-a636-c5413edf6ff7/elements &amp#27;[39m&amp#27;[32m200&amp#27;[39m &amp#27;[90m90 ms - 1291&amp#27;[39m
&amp#27;[38;5;0m[HTTP]&amp#27;[0m &amp#27;[90m&amp#27;[39m
&amp#27;[38;5;0m[HTTP]&amp#27;[0m &amp#27;[37m-->&amp#27;[39m &amp#27;[37mGET&amp#27;[39m &amp#27;[37m/session/32d2a80d-dc78-4f3e-a636-c5413edf6ff7/element/00000000-0000-000c-ffff-ffff0000062f/displayed&amp#27;[39m
&amp#27;[38;5;0m[HTTP]&amp#27;[0m &amp#27;[90m{}&amp#27;[39m
&amp#27;[38;5;32m[AndroidUiautomator2Driver@6457 (32d2a80d)]&amp#27;[0m Calling AppiumDriver.elementDisplayed() with args: ["00000000-0000-000c-ffff-ffff0000062f","32d2a80d-dc78-4f3e-a636-c5413edf6ff7"]
&amp#27;[38;5;32m[AndroidUiautomator2Driver@6457 (32d2a80d)]&amp#27;[0m Matched '/element/00000000-0000-000c-ffff-ffff0000062f/attribute/displayed' to command name 'getAttribute'
&amp#27;[38;5;32m[AndroidUiautomator2Driver@6457 (32d2a80d)]&amp#27;[0m Proxying [GET /element/00000000-0000-000c-ffff-ffff0000062f/attribute/displayed] to [GET http://127.0.0.1:8200/session/f5e84c71-f4f7-4f8e-aec7-33a82bd27fec/element/00000000-0000-000c-ffff-ffff0000062f/attribute/displayed] with no body
&amp#27;[38;5;32m[AndroidUiautomator2Driver@6457 (32d2a80d)]&amp#27;[0m Got response with status 200: {"sessionId":"f5e84c71-f4f7-4f8e-aec7-33a82bd27fec","value":"true"}
&amp#27;[38;5;32m[AndroidUiautomator2Driver@6457 (32d2a80d)]&amp#27;[0m Responding to client with driver.elementDisplayed() result: true
&amp#27;[38;5;0m[HTTP]&amp#27;[0m &amp#27;[37m<-- GET /session/32d2a80d-dc78-4f3e-a636-c5413edf6ff7/element/00000000-0000-000c-ffff-ffff0000062f/displayed &amp#27;[39m&amp#27;[32m200&amp#27;[39m &amp#27;[90m9 ms - 14&amp#27;[39m
&amp#27;[38;5;0m[HTTP]&amp#27;[0m &amp#27;[90m&amp#27;[39m
&amp#27;[38;5;0m[HTTP]&amp#27;[0m &amp#27;[37m-->&amp#27;[39m &amp#27;[37mGET&amp#27;[39m &amp#27;[37m/session/32d2a80d-dc78-4f3e-a636-c5413edf6ff7/context&amp#27;[39m
&amp#27;[38;5;0m[HTTP]&amp#27;[0m &amp#27;[90m{}&amp#27;[39m
&amp#27;[38;5;32m[AndroidUiautomator2Driver@6457 (32d2a80d)]&amp#27;[0m Calling AppiumDriver.getCurrentContext() with args: ["32d2a80d-dc78-4f3e-a636-c5413edf6ff7"]
&amp#27;[38;5;32m[AndroidUiautomator2Driver@6457 (32d2a80d)]&amp#27;[0m Responding to client with driver.getCurrentContext() result: "NATIVE_APP"
&amp#27;[38;5;0m[HTTP]&amp#27;[0m &amp#27;[37m<-- GET /session/32d2a80d-dc78-4f3e-a636-c5413edf6ff7/context &amp#27;[39m&amp#27;[32m200&amp#27;[39m &amp#27;[90m0 ms - 22&amp#27;[39m
&amp#27;[38;5;0m[HTTP]&amp#27;[0m &amp#27;[90m&amp#27;[39m
&amp#27;[38;5;0m[HTTP]&amp#27;[0m &amp#27;[37m-->&amp#27;[39m &amp#27;[37mPOST&amp#27;[39m &amp#27;[37m/session/32d2a80d-dc78-4f3e-a636-c5413edf6ff7/elements&amp#27;[39m
&amp#27;[38;5;0m[HTTP]&amp#27;[0m &amp#27;[90m{"value":"com.fivemobile.thescore:id/view_inverse","using":"id"}&amp#27;[39m
&amp#27;[38;5;32m[AndroidUiautomator2Driver@6457 (32d2a80d)]&amp#27;[0m Calling AppiumDriver.findElements() with args: ["id","com.fivemobile.thescore:id/view_inverse","32d2a80d-dc78-4f3e-a636-c5413edf6ff7"]
&amp#27;[38;5;32m[AndroidUiautomator2Driver@6457 (32d2a80d)]&amp#27;[0m Valid locator strategies for this request: xpath, id, class name, accessibility id, css selector, -android uiautomator
&amp#27;[38;5;32m[AndroidUiautomator2Driver@6457 (32d2a80d)]&amp#27;[0m Waiting up to 10000 ms for condition
&amp#27;[38;5;32m[AndroidUiautomator2Driver@6457 (32d2a80d)]&amp#27;[0m Matched '/elements' to command name 'findElements'
&amp#27;[38;5;32m[AndroidUiautomator2Driver@6457 (32d2a80d)]&amp#27;[0m Proxying [POST /elements] to [POST http://127.0.0.1:8200/session/f5e84c71-f4f7-4f8e-aec7-33a82bd27fec/elements] with body: {"strategy":"id","selector":"com.fivemobile.thescore:id/view_inverse","context":"","multiple":true}
&amp#27;[38;5;32m[AndroidUiautomator2Driver@6457 (32d2a80d)]&amp#27;[0m Got response with status 200: {"sessionId":"f5e84c71-f4f7-4f8e-aec7-33a82bd27fec","value":[{"ELEMENT":"00000000-0000-000c-ffff-ffff00000629","element-6066-11e4-a52e-4f735466cecf":"00000000-0000-000c-ffff-ffff00000629"},{"ELEMENT":"00000000-0000-000c-ffff-ffff0000062f","element-6066-11e4-a52e-4f735466cecf":"00000000-0000-000c-ffff-ffff0000062f"},{"ELEMENT":"00000000-0000-000c-ffff-ffff00000635","element-6066-11e4-a52e-4f735466cecf":"00000000-0000-000c-ffff-ffff00000635"},{"ELEMENT":"00000000-0000-000c-ffff-ffff0000063b","element-6066-11e4-a52e-4f735466cecf":"00000000-0000-000c-ffff-ffff0000063b"},{"ELEMENT":"00000000-0000-000c-ffff-ffff00000641","element-6066-11e4-a52e-4f735466cecf":"00000000-0000-000c-ffff-ffff00000641"},{"ELEMENT":"00000000-0000-000c-ffff-ffff0000064b","element-6066-11e4-a52e-4f735466cecf":"00000000-0000-000c-ffff-ffff0000064b"},{"ELEMENT":"00000000-0000-000c-ffff-ffff00000651","element-6066-11e4-a52e-4f735466cecf":"00000000-0000-000c-ffff-ffff00000651"},{"ELEMENT":"00000000-0000-000c-ffff-ffff00000657","element-6066-...
&amp#27;[38;5;32m[AndroidUiautomator2Driver@6457 (32d2a80d)]&amp#27;[0m Responding to client with driver.findElements() result: [{"element-6066-11e4-a52e-4f735466cecf":"00000000-0000-000c-ffff-ffff00000629","ELEMENT":"00000000-0000-000c-ffff-ffff00000629"},{"element-6066-11e4-a52e-4f735466cecf":"00000000-0000-000c-ffff-ffff0000062f","ELEMENT":"00000000-0000-000c-ffff-ffff0000062f"},{"element-6066-11e4-a52e-4f735466cecf":"00000000-0000-000c-ffff-ffff00000635","ELEMENT":"00000000-0000-000c-ffff-ffff00000635"},{"element-6066-11e4-a52e-4f735466cecf":"00000000-0000-000c-ffff-ffff0000063b","ELEMENT":"00000000-0000-000c-ffff-ffff0000063b"},{"element-6066-11e4-a52e-4f735466cecf":"00000000-0000-000c-ffff-ffff00000641","ELEMENT":"00000000-0000-000c-ffff-ffff00000641"},{"element-6066-11e4-a52e-4f735466cecf":"00000000-0000-000c-ffff-ffff0000064b","ELEMENT":"00000000-0000-000c-ffff-ffff0000064b"},{"element-6066-11e4-a52e-4f735466cecf":"00000000-0000-000c-ffff-ffff00000651","ELEMENT":"00000000-0000-000c-ffff-ffff00000651"},{"element-6066-11e4-a52e-4f735466cecf":"00000000-0000-000c-ffff-ffff00000657","ELEMENT":"00000000-0000-000c-ffff-ffff0000065...
&amp#27;[38;5;0m[HTTP]&amp#27;[0m &amp#27;[37m<-- POST /session/32d2a80d-dc78-4f3e-a636-c5413edf6ff7/elements &amp#27;[39m&amp#27;[32m200&amp#27;[39m &amp#27;[90m102 ms - 1291&amp#27;[39m
&amp#27;[38;5;0m[HTTP]&amp#27;[0m &amp#27;[90m&amp#27;[39m
&amp#27;[38;5;0m[HTTP]&amp#27;[0m &amp#27;[37m-->&amp#27;[39m &amp#27;[37mGET&amp#27;[39m &amp#27;[37m/session/32d2a80d-dc78-4f3e-a636-c5413edf6ff7/context&amp#27;[39m
&amp#27;[38;5;0m[HTTP]&amp#27;[0m &amp#27;[90m{}&amp#27;[39m
&amp#27;[38;5;32m[AndroidUiautomator2Driver@6457 (32d2a80d)]&amp#27;[0m Calling AppiumDriver.getCurrentContext() with args: ["32d2a80d-dc78-4f3e-a636-c5413edf6ff7"]
&amp#27;[38;5;32m[AndroidUiautomator2Driver@6457 (32d2a80d)]&amp#27;[0m Responding to client with driver.getCurrentContext() result: "NATIVE_APP"
&amp#27;[38;5;0m[HTTP]&amp#27;[0m &amp#27;[37m<-- GET /session/32d2a80d-dc78-4f3e-a636-c5413edf6ff7/context &amp#27;[39m&amp#27;[32m200&amp#27;[39m &amp#27;[90m0 ms - 22&amp#27;[39m
&amp#27;[38;5;0m[HTTP]&amp#27;[0m &amp#27;[90m&amp#27;[39m
&amp#27;[38;5;0m[HTTP]&amp#27;[0m &amp#27;[37m-->&amp#27;[39m &amp#27;[37mPOST&amp#27;[39m &amp#27;[37m/session/32d2a80d-dc78-4f3e-a636-c5413edf6ff7/elements&amp#27;[39m
&amp#27;[38;5;0m[HTTP]&amp#27;[0m &amp#27;[90m{"value":"com.fivemobile.thescore:id/view_inverse","using":"id"}&amp#27;[39m
&amp#27;[38;5;32m[AndroidUiautomator2Driver@6457 (32d2a80d)]&amp#27;[0m Calling AppiumDriver.findElements() with args: ["id","com.fivemobile.thescore:id/view_inverse","32d2a80d-dc78-4f3e-a636-c5413edf6ff7"]
&amp#27;[38;5;32m[AndroidUiautomator2Driver@6457 (32d2a80d)]&amp#27;[0m Valid locator strategies for this request: xpath, id, class name, accessibility id, css selector, -android uiautomator
&amp#27;[38;5;32m[AndroidUiautomator2Driver@6457 (32d2a80d)]&amp#27;[0m Waiting up to 10000 ms for condition
&amp#27;[38;5;32m[AndroidUiautomator2Driver@6457 (32d2a80d)]&amp#27;[0m Matched '/elements' to command name 'findElements'
&amp#27;[38;5;32m[AndroidUiautomator2Driver@6457 (32d2a80d)]&amp#27;[0m Proxying [POST /elements] to [POST http://127.0.0.1:8200/session/f5e84c71-f4f7-4f8e-aec7-33a82bd27fec/elements] with body: {"strategy":"id","selector":"com.fivemobile.thescore:id/view_inverse","context":"","multiple":true}
&amp#27;[38;5;32m[AndroidUiautomator2Driver@6457 (32d2a80d)]&amp#27;[0m Got response with status 200: {"sessionId":"f5e84c71-f4f7-4f8e-aec7-33a82bd27fec","value":[{"ELEMENT":"00000000-0000-000c-ffff-ffff00000629","element-6066-11e4-a52e-4f735466cecf":"00000000-0000-000c-ffff-ffff00000629"},{"ELEMENT":"00000000-0000-000c-ffff-ffff0000062f","element-6066-11e4-a52e-4f735466cecf":"00000000-0000-000c-ffff-ffff0000062f"},{"ELEMENT":"00000000-0000-000c-ffff-ffff00000635","element-6066-11e4-a52e-4f735466cecf":"00000000-0000-000c-ffff-ffff00000635"},{"ELEMENT":"00000000-0000-000c-ffff-ffff0000063b","element-6066-11e4-a52e-4f735466cecf":"00000000-0000-000c-ffff-ffff0000063b"},{"ELEMENT":"00000000-0000-000c-ffff-ffff00000641","element-6066-11e4-a52e-4f735466cecf":"00000000-0000-000c-ffff-ffff00000641"},{"ELEMENT":"00000000-0000-000c-ffff-ffff0000064b","element-6066-11e4-a52e-4f735466cecf":"00000000-0000-000c-ffff-ffff0000064b"},{"ELEMENT":"00000000-0000-000c-ffff-ffff00000651","element-6066-11e4-a52e-4f735466cecf":"00000000-0000-000c-ffff-ffff00000651"},{"ELEMENT":"00000000-0000-000c-ffff-ffff00000657","element-6066-...
&amp#27;[38;5;32m[AndroidUiautomator2Driver@6457 (32d2a80d)]&amp#27;[0m Responding to client with driver.findElements() result: [{"element-6066-11e4-a52e-4f735466cecf":"00000000-0000-000c-ffff-ffff00000629","ELEMENT":"00000000-0000-000c-ffff-ffff00000629"},{"element-6066-11e4-a52e-4f735466cecf":"00000000-0000-000c-ffff-ffff0000062f","ELEMENT":"00000000-0000-000c-ffff-ffff0000062f"},{"element-6066-11e4-a52e-4f735466cecf":"00000000-0000-000c-ffff-ffff00000635","ELEMENT":"00000000-0000-000c-ffff-ffff00000635"},{"element-6066-11e4-a52e-4f735466cecf":"00000000-0000-000c-ffff-ffff0000063b","ELEMENT":"00000000-0000-000c-ffff-ffff0000063b"},{"element-6066-11e4-a52e-4f735466cecf":"00000000-0000-000c-ffff-ffff00000641","ELEMENT":"00000000-0000-000c-ffff-ffff00000641"},{"element-6066-11e4-a52e-4f735466cecf":"00000000-0000-000c-ffff-ffff0000064b","ELEMENT":"00000000-0000-000c-ffff-ffff0000064b"},{"element-6066-11e4-a52e-4f735466cecf":"00000000-0000-000c-ffff-ffff00000651","ELEMENT":"00000000-0000-000c-ffff-ffff00000651"},{"element-6066-11e4-a52e-4f735466cecf":"00000000-0000-000c-ffff-ffff00000657","ELEMENT":"00000000-0000-000c-ffff-ffff0000065...
&amp#27;[38;5;0m[HTTP]&amp#27;[0m &amp#27;[37m<-- POST /session/32d2a80d-dc78-4f3e-a636-c5413edf6ff7/elements &amp#27;[39m&amp#27;[32m200&amp#27;[39m &amp#27;[90m93 ms - 1291&amp#27;[39m
&amp#27;[38;5;0m[HTTP]&amp#27;[0m &amp#27;[90m&amp#27;[39m
&amp#27;[38;5;0m[HTTP]&amp#27;[0m &amp#27;[37m-->&amp#27;[39m &amp#27;[37mGET&amp#27;[39m &amp#27;[37m/session/32d2a80d-dc78-4f3e-a636-c5413edf6ff7/element/00000000-0000-000c-ffff-ffff00000635/displayed&amp#27;[39m
&amp#27;[38;5;0m[HTTP]&amp#27;[0m &amp#27;[90m{}&amp#27;[39m
&amp#27;[38;5;32m[AndroidUiautomator2Driver@6457 (32d2a80d)]&amp#27;[0m Calling AppiumDriver.elementDisplayed() with args: ["00000000-0000-000c-ffff-ffff00000635","32d2a80d-dc78-4f3e-a636-c5413edf6ff7"]
&amp#27;[38;5;32m[AndroidUiautomator2Driver@6457 (32d2a80d)]&amp#27;[0m Matched '/element/00000000-0000-000c-ffff-ffff00000635/attribute/displayed' to command name 'getAttribute'
&amp#27;[38;5;32m[AndroidUiautomator2Driver@6457 (32d2a80d)]&amp#27;[0m Proxying [GET /element/00000000-0000-000c-ffff-ffff00000635/attribute/displayed] to [GET http://127.0.0.1:8200/session/f5e84c71-f4f7-4f8e-aec7-33a82bd27fec/element/00000000-0000-000c-ffff-ffff00000635/attribute/displayed] with no body
&amp#27;[38;5;32m[AndroidUiautomator2Driver@6457 (32d2a80d)]&amp#27;[0m Got response with status 200: {"sessionId":"f5e84c71-f4f7-4f8e-aec7-33a82bd27fec","value":"true"}
&amp#27;[38;5;32m[AndroidUiautomator2Driver@6457 (32d2a80d)]&amp#27;[0m Responding to client with driver.elementDisplayed() result: true
&amp#27;[38;5;0m[HTTP]&amp#27;[0m &amp#27;[37m<-- GET /session/32d2a80d-dc78-4f3e-a636-c5413edf6ff7/element/00000000-0000-000c-ffff-ffff00000635/displayed &amp#27;[39m&amp#27;[32m200&amp#27;[39m &amp#27;[90m10 ms - 14&amp#27;[39m
&amp#27;[38;5;0m[HTTP]&amp#27;[0m &amp#27;[90m&amp#27;[39m
&amp#27;[38;5;0m[HTTP]&amp#27;[0m &amp#27;[37m-->&amp#27;[39m &amp#27;[37mGET&amp#27;[39m &amp#27;[37m/session/32d2a80d-dc78-4f3e-a636-c5413edf6ff7/context&amp#27;[39m
&amp#27;[38;5;0m[HTTP]&amp#27;[0m &amp#27;[90m{}&amp#27;[39m
&amp#27;[38;5;32m[AndroidUiautomator2Driver@6457 (32d2a80d)]&amp#27;[0m Calling AppiumDriver.getCurrentContext() with args: ["32d2a80d-dc78-4f3e-a636-c5413edf6ff7"]
&amp#27;[38;5;32m[AndroidUiautomator2Driver@6457 (32d2a80d)]&amp#27;[0m Responding to client with driver.getCurrentContext() result: "NATIVE_APP"
&amp#27;[38;5;0m[HTTP]&amp#27;[0m &amp#27;[37m<-- GET /session/32d2a80d-dc78-4f3e-a636-c5413edf6ff7/context &amp#27;[39m&amp#27;[32m200&amp#27;[39m &amp#27;[90m0 ms - 22&amp#27;[39m
&amp#27;[38;5;0m[HTTP]&amp#27;[0m &amp#27;[90m&amp#27;[39m
&amp#27;[38;5;0m[HTTP]&amp#27;[0m &amp#27;[37m-->&amp#27;[39m &amp#27;[37mPOST&amp#27;[39m &amp#27;[37m/session/32d2a80d-dc78-4f3e-a636-c5413edf6ff7/elements&amp#27;[39m
&amp#27;[38;5;0m[HTTP]&amp#27;[0m &amp#27;[90m{"value":"com.fivemobile.thescore:id/view_inverse","using":"id"}&amp#27;[39m
&amp#27;[38;5;32m[AndroidUiautomator2Driver@6457 (32d2a80d)]&amp#27;[0m Calling AppiumDriver.findElements() with args: ["id","com.fivemobile.thescore:id/view_inverse","32d2a80d-dc78-4f3e-a636-c5413edf6ff7"]
&amp#27;[38;5;32m[AndroidUiautomator2Driver@6457 (32d2a80d)]&amp#27;[0m Valid locator strategies for this request: xpath, id, class name, accessibility id, css selector, -android uiautomator
&amp#27;[38;5;32m[AndroidUiautomator2Driver@6457 (32d2a80d)]&amp#27;[0m Waiting up to 10000 ms for condition
&amp#27;[38;5;32m[AndroidUiautomator2Driver@6457 (32d2a80d)]&amp#27;[0m Matched '/elements' to command name 'findElements'
&amp#27;[38;5;32m[AndroidUiautomator2Driver@6457 (32d2a80d)]&amp#27;[0m Proxying [POST /elements] to [POST http://127.0.0.1:8200/session/f5e84c71-f4f7-4f8e-aec7-33a82bd27fec/elements] with body: {"strategy":"id","selector":"com.fivemobile.thescore:id/view_inverse","context":"","multiple":true}
&amp#27;[38;5;32m[AndroidUiautomator2Driver@6457 (32d2a80d)]&amp#27;[0m Got response with status 200: {"sessionId":"f5e84c71-f4f7-4f8e-aec7-33a82bd27fec","value":[{"ELEMENT":"00000000-0000-000c-ffff-ffff00000629","element-6066-11e4-a52e-4f735466cecf":"00000000-0000-000c-ffff-ffff00000629"},{"ELEMENT":"00000000-0000-000c-ffff-ffff0000062f","element-6066-11e4-a52e-4f735466cecf":"00000000-0000-000c-ffff-ffff0000062f"},{"ELEMENT":"00000000-0000-000c-ffff-ffff00000635","element-6066-11e4-a52e-4f735466cecf":"00000000-0000-000c-ffff-ffff00000635"},{"ELEMENT":"00000000-0000-000c-ffff-ffff0000063b","element-6066-11e4-a52e-4f735466cecf":"00000000-0000-000c-ffff-ffff0000063b"},{"ELEMENT":"00000000-0000-000c-ffff-ffff00000641","element-6066-11e4-a52e-4f735466cecf":"00000000-0000-000c-ffff-ffff00000641"},{"ELEMENT":"00000000-0000-000c-ffff-ffff0000064b","element-6066-11e4-a52e-4f735466cecf":"00000000-0000-000c-ffff-ffff0000064b"},{"ELEMENT":"00000000-0000-000c-ffff-ffff00000651","element-6066-11e4-a52e-4f735466cecf":"00000000-0000-000c-ffff-ffff00000651"},{"ELEMENT":"00000000-0000-000c-ffff-ffff00000657","element-6066-...
&amp#27;[38;5;32m[AndroidUiautomator2Driver@6457 (32d2a80d)]&amp#27;[0m Responding to client with driver.findElements() result: [{"element-6066-11e4-a52e-4f735466cecf":"00000000-0000-000c-ffff-ffff00000629","ELEMENT":"00000000-0000-000c-ffff-ffff00000629"},{"element-6066-11e4-a52e-4f735466cecf":"00000000-0000-000c-ffff-ffff0000062f","ELEMENT":"00000000-0000-000c-ffff-ffff0000062f"},{"element-6066-11e4-a52e-4f735466cecf":"00000000-0000-000c-ffff-ffff00000635","ELEMENT":"00000000-0000-000c-ffff-ffff00000635"},{"element-6066-11e4-a52e-4f735466cecf":"00000000-0000-000c-ffff-ffff0000063b","ELEMENT":"00000000-0000-000c-ffff-ffff0000063b"},{"element-6066-11e4-a52e-4f735466cecf":"00000000-0000-000c-ffff-ffff00000641","ELEMENT":"00000000-0000-000c-ffff-ffff00000641"},{"element-6066-11e4-a52e-4f735466cecf":"00000000-0000-000c-ffff-ffff0000064b","ELEMENT":"00000000-0000-000c-ffff-ffff0000064b"},{"element-6066-11e4-a52e-4f735466cecf":"00000000-0000-000c-ffff-ffff00000651","ELEMENT":"00000000-0000-000c-ffff-ffff00000651"},{"element-6066-11e4-a52e-4f735466cecf":"00000000-0000-000c-ffff-ffff00000657","ELEMENT":"00000000-0000-000c-ffff-ffff0000065...
&amp#27;[38;5;0m[HTTP]&amp#27;[0m &amp#27;[37m<-- POST /session/32d2a80d-dc78-4f3e-a636-c5413edf6ff7/elements &amp#27;[39m&amp#27;[32m200&amp#27;[39m &amp#27;[90m98 ms - 1291&amp#27;[39m
&amp#27;[38;5;0m[HTTP]&amp#27;[0m &amp#27;[90m&amp#27;[39m
&amp#27;[38;5;0m[HTTP]&amp#27;[0m &amp#27;[37m-->&amp#27;[39m &amp#27;[37mGET&amp#27;[39m &amp#27;[37m/session/32d2a80d-dc78-4f3e-a636-c5413edf6ff7/context&amp#27;[39m
&amp#27;[38;5;0m[HTTP]&amp#27;[0m &amp#27;[90m{}&amp#27;[39m
&amp#27;[38;5;32m[AndroidUiautomator2Driver@6457 (32d2a80d)]&amp#27;[0m Calling AppiumDriver.getCurrentContext() with args: ["32d2a80d-dc78-4f3e-a636-c5413edf6ff7"]
&amp#27;[38;5;32m[AndroidUiautomator2Driver@6457 (32d2a80d)]&amp#27;[0m Responding to client with driver.getCurrentContext() result: "NATIVE_APP"
&amp#27;[38;5;0m[HTTP]&amp#27;[0m &amp#27;[37m<-- GET /session/32d2a80d-dc78-4f3e-a636-c5413edf6ff7/context &amp#27;[39m&amp#27;[32m200&amp#27;[39m &amp#27;[90m0 ms - 22&amp#27;[39m
&amp#27;[38;5;0m[HTTP]&amp#27;[0m &amp#27;[90m&amp#27;[39m
&amp#27;[38;5;0m[HTTP]&amp#27;[0m &amp#27;[37m-->&amp#27;[39m &amp#27;[37mPOST&amp#27;[39m &amp#27;[37m/session/32d2a80d-dc78-4f3e-a636-c5413edf6ff7/elements&amp#27;[39m
&amp#27;[38;5;0m[HTTP]&amp#27;[0m &amp#27;[90m{"value":"com.fivemobile.thescore:id/view_inverse","using":"id"}&amp#27;[39m
&amp#27;[38;5;32m[AndroidUiautomator2Driver@6457 (32d2a80d)]&amp#27;[0m Calling AppiumDriver.findElements() with args: ["id","com.fivemobile.thescore:id/view_inverse","32d2a80d-dc78-4f3e-a636-c5413edf6ff7"]
&amp#27;[38;5;32m[AndroidUiautomator2Driver@6457 (32d2a80d)]&amp#27;[0m Valid locator strategies for this request: xpath, id, class name, accessibility id, css selector, -android uiautomator
&amp#27;[38;5;32m[AndroidUiautomator2Driver@6457 (32d2a80d)]&amp#27;[0m Waiting up to 10000 ms for condition
&amp#27;[38;5;32m[AndroidUiautomator2Driver@6457 (32d2a80d)]&amp#27;[0m Matched '/elements' to command name 'findElements'
&amp#27;[38;5;32m[AndroidUiautomator2Driver@6457 (32d2a80d)]&amp#27;[0m Proxying [POST /elements] to [POST http://127.0.0.1:8200/session/f5e84c71-f4f7-4f8e-aec7-33a82bd27fec/elements] with body: {"strategy":"id","selector":"com.fivemobile.thescore:id/view_inverse","context":"","multiple":true}
&amp#27;[38;5;32m[AndroidUiautomator2Driver@6457 (32d2a80d)]&amp#27;[0m Got response with status 200: {"sessionId":"f5e84c71-f4f7-4f8e-aec7-33a82bd27fec","value":[{"ELEMENT":"00000000-0000-000c-ffff-ffff00000629","element-6066-11e4-a52e-4f735466cecf":"00000000-0000-000c-ffff-ffff00000629"},{"ELEMENT":"00000000-0000-000c-ffff-ffff0000062f","element-6066-11e4-a52e-4f735466cecf":"00000000-0000-000c-ffff-ffff0000062f"},{"ELEMENT":"00000000-0000-000c-ffff-ffff00000635","element-6066-11e4-a52e-4f735466cecf":"00000000-0000-000c-ffff-ffff00000635"},{"ELEMENT":"00000000-0000-000c-ffff-ffff0000063b","element-6066-11e4-a52e-4f735466cecf":"00000000-0000-000c-ffff-ffff0000063b"},{"ELEMENT":"00000000-0000-000c-ffff-ffff00000641","element-6066-11e4-a52e-4f735466cecf":"00000000-0000-000c-ffff-ffff00000641"},{"ELEMENT":"00000000-0000-000c-ffff-ffff0000064b","element-6066-11e4-a52e-4f735466cecf":"00000000-0000-000c-ffff-ffff0000064b"},{"ELEMENT":"00000000-0000-000c-ffff-ffff00000651","element-6066-11e4-a52e-4f735466cecf":"00000000-0000-000c-ffff-ffff00000651"},{"ELEMENT":"00000000-0000-000c-ffff-ffff00000657","element-6066-...
&amp#27;[38;5;32m[AndroidUiautomator2Driver@6457 (32d2a80d)]&amp#27;[0m Responding to client with driver.findElements() result: [{"element-6066-11e4-a52e-4f735466cecf":"00000000-0000-000c-ffff-ffff00000629","ELEMENT":"00000000-0000-000c-ffff-ffff00000629"},{"element-6066-11e4-a52e-4f735466cecf":"00000000-0000-000c-ffff-ffff0000062f","ELEMENT":"00000000-0000-000c-ffff-ffff0000062f"},{"element-6066-11e4-a52e-4f735466cecf":"00000000-0000-000c-ffff-ffff00000635","ELEMENT":"00000000-0000-000c-ffff-ffff00000635"},{"element-6066-11e4-a52e-4f735466cecf":"00000000-0000-000c-ffff-ffff0000063b","ELEMENT":"00000000-0000-000c-ffff-ffff0000063b"},{"element-6066-11e4-a52e-4f735466cecf":"00000000-0000-000c-ffff-ffff00000641","ELEMENT":"00000000-0000-000c-ffff-ffff00000641"},{"element-6066-11e4-a52e-4f735466cecf":"00000000-0000-000c-ffff-ffff0000064b","ELEMENT":"00000000-0000-000c-ffff-ffff0000064b"},{"element-6066-11e4-a52e-4f735466cecf":"00000000-0000-000c-ffff-ffff00000651","ELEMENT":"00000000-0000-000c-ffff-ffff00000651"},{"element-6066-11e4-a52e-4f735466cecf":"00000000-0000-000c-ffff-ffff00000657","ELEMENT":"00000000-0000-000c-ffff-ffff0000065...
&amp#27;[38;5;0m[HTTP]&amp#27;[0m &amp#27;[37m<-- POST /session/32d2a80d-dc78-4f3e-a636-c5413edf6ff7/elements &amp#27;[39m&amp#27;[32m200&amp#27;[39m &amp#27;[90m96 ms - 1291&amp#27;[39m
&amp#27;[38;5;0m[HTTP]&amp#27;[0m &amp#27;[90m&amp#27;[39m
&amp#27;[38;5;0m[HTTP]&amp#27;[0m &amp#27;[37m-->&amp#27;[39m &amp#27;[37mGET&amp#27;[39m &amp#27;[37m/session/32d2a80d-dc78-4f3e-a636-c5413edf6ff7/element/00000000-0000-000c-ffff-ffff0000063b/displayed&amp#27;[39m
&amp#27;[38;5;0m[HTTP]&amp#27;[0m &amp#27;[90m{}&amp#27;[39m
&amp#27;[38;5;32m[AndroidUiautomator2Driver@6457 (32d2a80d)]&amp#27;[0m Calling AppiumDriver.elementDisplayed() with args: ["00000000-0000-000c-ffff-ffff0000063b","32d2a80d-dc78-4f3e-a636-c5413edf6ff7"]
&amp#27;[38;5;32m[AndroidUiautomator2Driver@6457 (32d2a80d)]&amp#27;[0m Matched '/element/00000000-0000-000c-ffff-ffff0000063b/attribute/displayed' to command name 'getAttribute'
&amp#27;[38;5;32m[AndroidUiautomator2Driver@6457 (32d2a80d)]&amp#27;[0m Proxying [GET /element/00000000-0000-000c-ffff-ffff0000063b/attribute/displayed] to [GET http://127.0.0.1:8200/session/f5e84c71-f4f7-4f8e-aec7-33a82bd27fec/element/00000000-0000-000c-ffff-ffff0000063b/attribute/displayed] with no body
&amp#27;[38;5;32m[AndroidUiautomator2Driver@6457 (32d2a80d)]&amp#27;[0m Got response with status 200: {"sessionId":"f5e84c71-f4f7-4f8e-aec7-33a82bd27fec","value":"true"}
&amp#27;[38;5;32m[AndroidUiautomator2Driver@6457 (32d2a80d)]&amp#27;[0m Responding to client with driver.elementDisplayed() result: true
&amp#27;[38;5;0m[HTTP]&amp#27;[0m &amp#27;[37m<-- GET /session/32d2a80d-dc78-4f3e-a636-c5413edf6ff7/element/00000000-0000-000c-ffff-ffff0000063b/displayed &amp#27;[39m&amp#27;[32m200&amp#27;[39m &amp#27;[90m10 ms - 14&amp#27;[39m
&amp#27;[38;5;0m[HTTP]&amp#27;[0m &amp#27;[90m&amp#27;[39m
&amp#27;[38;5;0m[HTTP]&amp#27;[0m &amp#27;[37m-->&amp#27;[39m &amp#27;[37mGET&amp#27;[39m &amp#27;[37m/session/32d2a80d-dc78-4f3e-a636-c5413edf6ff7/context&amp#27;[39m
&amp#27;[38;5;0m[HTTP]&amp#27;[0m &amp#27;[90m{}&amp#27;[39m
&amp#27;[38;5;32m[AndroidUiautomator2Driver@6457 (32d2a80d)]&amp#27;[0m Calling AppiumDriver.getCurrentContext() with args: ["32d2a80d-dc78-4f3e-a636-c5413edf6ff7"]
&amp#27;[38;5;32m[AndroidUiautomator2Driver@6457 (32d2a80d)]&amp#27;[0m Responding to client with driver.getCurrentContext() result: "NATIVE_APP"
&amp#27;[38;5;0m[HTTP]&amp#27;[0m &amp#27;[37m<-- GET /session/32d2a80d-dc78-4f3e-a636-c5413edf6ff7/context &amp#27;[39m&amp#27;[32m200&amp#27;[39m &amp#27;[90m0 ms - 22&amp#27;[39m
&amp#27;[38;5;0m[HTTP]&amp#27;[0m &amp#27;[90m&amp#27;[39m
&amp#27;[38;5;0m[HTTP]&amp#27;[0m &amp#27;[37m-->&amp#27;[39m &amp#27;[37mPOST&amp#27;[39m &amp#27;[37m/session/32d2a80d-dc78-4f3e-a636-c5413edf6ff7/elements&amp#27;[39m
&amp#27;[38;5;0m[HTTP]&amp#27;[0m &amp#27;[90m{"value":"com.fivemobile.thescore:id/view_inverse","using":"id"}&amp#27;[39m
&amp#27;[38;5;32m[AndroidUiautomator2Driver@6457 (32d2a80d)]&amp#27;[0m Calling AppiumDriver.findElements() with args: ["id","com.fivemobile.thescore:id/view_inverse","32d2a80d-dc78-4f3e-a636-c5413edf6ff7"]
&amp#27;[38;5;32m[AndroidUiautomator2Driver@6457 (32d2a80d)]&amp#27;[0m Valid locator strategies for this request: xpath, id, class name, accessibility id, css selector, -android uiautomator
&amp#27;[38;5;32m[AndroidUiautomator2Driver@6457 (32d2a80d)]&amp#27;[0m Waiting up to 10000 ms for condition
&amp#27;[38;5;32m[AndroidUiautomator2Driver@6457 (32d2a80d)]&amp#27;[0m Matched '/elements' to command name 'findElements'
&amp#27;[38;5;32m[AndroidUiautomator2Driver@6457 (32d2a80d)]&amp#27;[0m Proxying [POST /elements] to [POST http://127.0.0.1:8200/session/f5e84c71-f4f7-4f8e-aec7-33a82bd27fec/elements] with body: {"strategy":"id","selector":"com.fivemobile.thescore:id/view_inverse","context":"","multiple":true}
&amp#27;[38;5;32m[AndroidUiautomator2Driver@6457 (32d2a80d)]&amp#27;[0m Got response with status 200: {"sessionId":"f5e84c71-f4f7-4f8e-aec7-33a82bd27fec","value":[{"ELEMENT":"00000000-0000-000c-ffff-ffff00000629","element-6066-11e4-a52e-4f735466cecf":"00000000-0000-000c-ffff-ffff00000629"},{"ELEMENT":"00000000-0000-000c-ffff-ffff0000062f","element-6066-11e4-a52e-4f735466cecf":"00000000-0000-000c-ffff-ffff0000062f"},{"ELEMENT":"00000000-0000-000c-ffff-ffff00000635","element-6066-11e4-a52e-4f735466cecf":"00000000-0000-000c-ffff-ffff00000635"},{"ELEMENT":"00000000-0000-000c-ffff-ffff0000063b","element-6066-11e4-a52e-4f735466cecf":"00000000-0000-000c-ffff-ffff0000063b"},{"ELEMENT":"00000000-0000-000c-ffff-ffff00000641","element-6066-11e4-a52e-4f735466cecf":"00000000-0000-000c-ffff-ffff00000641"},{"ELEMENT":"00000000-0000-000c-ffff-ffff0000064b","element-6066-11e4-a52e-4f735466cecf":"00000000-0000-000c-ffff-ffff0000064b"},{"ELEMENT":"00000000-0000-000c-ffff-ffff00000651","element-6066-11e4-a52e-4f735466cecf":"00000000-0000-000c-ffff-ffff00000651"},{"ELEMENT":"00000000-0000-000c-ffff-ffff00000657","element-6066-...
&amp#27;[38;5;32m[AndroidUiautomator2Driver@6457 (32d2a80d)]&amp#27;[0m Responding to client with driver.findElements() result: [{"element-6066-11e4-a52e-4f735466cecf":"00000000-0000-000c-ffff-ffff00000629","ELEMENT":"00000000-0000-000c-ffff-ffff00000629"},{"element-6066-11e4-a52e-4f735466cecf":"00000000-0000-000c-ffff-ffff0000062f","ELEMENT":"00000000-0000-000c-ffff-ffff0000062f"},{"element-6066-11e4-a52e-4f735466cecf":"00000000-0000-000c-ffff-ffff00000635","ELEMENT":"00000000-0000-000c-ffff-ffff00000635"},{"element-6066-11e4-a52e-4f735466cecf":"00000000-0000-000c-ffff-ffff0000063b","ELEMENT":"00000000-0000-000c-ffff-ffff0000063b"},{"element-6066-11e4-a52e-4f735466cecf":"00000000-0000-000c-ffff-ffff00000641","ELEMENT":"00000000-0000-000c-ffff-ffff00000641"},{"element-6066-11e4-a52e-4f735466cecf":"00000000-0000-000c-ffff-ffff0000064b","ELEMENT":"00000000-0000-000c-ffff-ffff0000064b"},{"element-6066-11e4-a52e-4f735466cecf":"00000000-0000-000c-ffff-ffff00000651","ELEMENT":"00000000-0000-000c-ffff-ffff00000651"},{"element-6066-11e4-a52e-4f735466cecf":"00000000-0000-000c-ffff-ffff00000657","ELEMENT":"00000000-0000-000c-ffff-ffff0000065...
&amp#27;[38;5;0m[HTTP]&amp#27;[0m &amp#27;[37m<-- POST /session/32d2a80d-dc78-4f3e-a636-c5413edf6ff7/elements &amp#27;[39m&amp#27;[32m200&amp#27;[39m &amp#27;[90m88 ms - 1291&amp#27;[39m
&amp#27;[38;5;0m[HTTP]&amp#27;[0m &amp#27;[90m&amp#27;[39m
&amp#27;[38;5;0m[HTTP]&amp#27;[0m &amp#27;[37m-->&amp#27;[39m &amp#27;[37mGET&amp#27;[39m &amp#27;[37m/session/32d2a80d-dc78-4f3e-a636-c5413edf6ff7/context&amp#27;[39m
&amp#27;[38;5;0m[HTTP]&amp#27;[0m &amp#27;[90m{}&amp#27;[39m
&amp#27;[38;5;32m[AndroidUiautomator2Driver@6457 (32d2a80d)]&amp#27;[0m Calling AppiumDriver.getCurrentContext() with args: ["32d2a80d-dc78-4f3e-a636-c5413edf6ff7"]
&amp#27;[38;5;32m[AndroidUiautomator2Driver@6457 (32d2a80d)]&amp#27;[0m Responding to client with driver.getCurrentContext() result: "NATIVE_APP"
&amp#27;[38;5;0m[HTTP]&amp#27;[0m &amp#27;[37m<-- GET /session/32d2a80d-dc78-4f3e-a636-c5413edf6ff7/context &amp#27;[39m&amp#27;[32m200&amp#27;[39m &amp#27;[90m0 ms - 22&amp#27;[39m
&amp#27;[38;5;0m[HTTP]&amp#27;[0m &amp#27;[90m&amp#27;[39m
&amp#27;[38;5;0m[HTTP]&amp#27;[0m &amp#27;[37m-->&amp#27;[39m &amp#27;[37mPOST&amp#27;[39m &amp#27;[37m/session/32d2a80d-dc78-4f3e-a636-c5413edf6ff7/elements&amp#27;[39m
&amp#27;[38;5;0m[HTTP]&amp#27;[0m &amp#27;[90m{"value":"com.fivemobile.thescore:id/view_inverse","using":"id"}&amp#27;[39m
&amp#27;[38;5;32m[AndroidUiautomator2Driver@6457 (32d2a80d)]&amp#27;[0m Calling AppiumDriver.findElements() with args: ["id","com.fivemobile.thescore:id/view_inverse","32d2a80d-dc78-4f3e-a636-c5413edf6ff7"]
&amp#27;[38;5;32m[AndroidUiautomator2Driver@6457 (32d2a80d)]&amp#27;[0m Valid locator strategies for this request: xpath, id, class name, accessibility id, css selector, -android uiautomator
&amp#27;[38;5;32m[AndroidUiautomator2Driver@6457 (32d2a80d)]&amp#27;[0m Waiting up to 10000 ms for condition
&amp#27;[38;5;32m[AndroidUiautomator2Driver@6457 (32d2a80d)]&amp#27;[0m Matched '/elements' to command name 'findElements'
&amp#27;[38;5;32m[AndroidUiautomator2Driver@6457 (32d2a80d)]&amp#27;[0m Proxying [POST /elements] to [POST http://127.0.0.1:8200/session/f5e84c71-f4f7-4f8e-aec7-33a82bd27fec/elements] with body: {"strategy":"id","selector":"com.fivemobile.thescore:id/view_inverse","context":"","multiple":true}
&amp#27;[38;5;32m[AndroidUiautomator2Driver@6457 (32d2a80d)]&amp#27;[0m Got response with status 200: {"sessionId":"f5e84c71-f4f7-4f8e-aec7-33a82bd27fec","value":[{"ELEMENT":"00000000-0000-000c-ffff-ffff00000629","element-6066-11e4-a52e-4f735466cecf":"00000000-0000-000c-ffff-ffff00000629"},{"ELEMENT":"00000000-0000-000c-ffff-ffff0000062f","element-6066-11e4-a52e-4f735466cecf":"00000000-0000-000c-ffff-ffff0000062f"},{"ELEMENT":"00000000-0000-000c-ffff-ffff00000635","element-6066-11e4-a52e-4f735466cecf":"00000000-0000-000c-ffff-ffff00000635"},{"ELEMENT":"00000000-0000-000c-ffff-ffff0000063b","element-6066-11e4-a52e-4f735466cecf":"00000000-0000-000c-ffff-ffff0000063b"},{"ELEMENT":"00000000-0000-000c-ffff-ffff00000641","element-6066-11e4-a52e-4f735466cecf":"00000000-0000-000c-ffff-ffff00000641"},{"ELEMENT":"00000000-0000-000c-ffff-ffff0000064b","element-6066-11e4-a52e-4f735466cecf":"00000000-0000-000c-ffff-ffff0000064b"},{"ELEMENT":"00000000-0000-000c-ffff-ffff00000651","element-6066-11e4-a52e-4f735466cecf":"00000000-0000-000c-ffff-ffff00000651"},{"ELEMENT":"00000000-0000-000c-ffff-ffff00000657","element-6066-...
&amp#27;[38;5;32m[AndroidUiautomator2Driver@6457 (32d2a80d)]&amp#27;[0m Responding to client with driver.findElements() result: [{"element-6066-11e4-a52e-4f735466cecf":"00000000-0000-000c-ffff-ffff00000629","ELEMENT":"00000000-0000-000c-ffff-ffff00000629"},{"element-6066-11e4-a52e-4f735466cecf":"00000000-0000-000c-ffff-ffff0000062f","ELEMENT":"00000000-0000-000c-ffff-ffff0000062f"},{"element-6066-11e4-a52e-4f735466cecf":"00000000-0000-000c-ffff-ffff00000635","ELEMENT":"00000000-0000-000c-ffff-ffff00000635"},{"element-6066-11e4-a52e-4f735466cecf":"00000000-0000-000c-ffff-ffff0000063b","ELEMENT":"00000000-0000-000c-ffff-ffff0000063b"},{"element-6066-11e4-a52e-4f735466cecf":"00000000-0000-000c-ffff-ffff00000641","ELEMENT":"00000000-0000-000c-ffff-ffff00000641"},{"element-6066-11e4-a52e-4f735466cecf":"00000000-0000-000c-ffff-ffff0000064b","ELEMENT":"00000000-0000-000c-ffff-ffff0000064b"},{"element-6066-11e4-a52e-4f735466cecf":"00000000-0000-000c-ffff-ffff00000651","ELEMENT":"00000000-0000-000c-ffff-ffff00000651"},{"element-6066-11e4-a52e-4f735466cecf":"00000000-0000-000c-ffff-ffff00000657","ELEMENT":"00000000-0000-000c-ffff-ffff0000065...
&amp#27;[38;5;0m[HTTP]&amp#27;[0m &amp#27;[37m<-- POST /session/32d2a80d-dc78-4f3e-a636-c5413edf6ff7/elements &amp#27;[39m&amp#27;[32m200&amp#27;[39m &amp#27;[90m68 ms - 1291&amp#27;[39m
&amp#27;[38;5;0m[HTTP]&amp#27;[0m &amp#27;[90m&amp#27;[39m
&amp#27;[38;5;0m[HTTP]&amp#27;[0m &amp#27;[37m-->&amp#27;[39m &amp#27;[37mGET&amp#27;[39m &amp#27;[37m/session/32d2a80d-dc78-4f3e-a636-c5413edf6ff7/element/00000000-0000-000c-ffff-ffff00000641/displayed&amp#27;[39m
&amp#27;[38;5;0m[HTTP]&amp#27;[0m &amp#27;[90m{}&amp#27;[39m
&amp#27;[38;5;32m[AndroidUiautomator2Driver@6457 (32d2a80d)]&amp#27;[0m Calling AppiumDriver.elementDisplayed() with args: ["00000000-0000-000c-ffff-ffff00000641","32d2a80d-dc78-4f3e-a636-c5413edf6ff7"]
&amp#27;[38;5;32m[AndroidUiautomator2Driver@6457 (32d2a80d)]&amp#27;[0m Matched '/element/00000000-0000-000c-ffff-ffff00000641/attribute/displayed' to command name 'getAttribute'
&amp#27;[38;5;32m[AndroidUiautomator2Driver@6457 (32d2a80d)]&amp#27;[0m Proxying [GET /element/00000000-0000-000c-ffff-ffff00000641/attribute/displayed] to [GET http://127.0.0.1:8200/session/f5e84c71-f4f7-4f8e-aec7-33a82bd27fec/element/00000000-0000-000c-ffff-ffff00000641/attribute/displayed] with no body
&amp#27;[38;5;32m[AndroidUiautomator2Driver@6457 (32d2a80d)]&amp#27;[0m Got response with status 200: {"sessionId":"f5e84c71-f4f7-4f8e-aec7-33a82bd27fec","value":"true"}
&amp#27;[38;5;32m[AndroidUiautomator2Driver@6457 (32d2a80d)]&amp#27;[0m Responding to client with driver.elementDisplayed() result: true
&amp#27;[38;5;0m[HTTP]&amp#27;[0m &amp#27;[37m<-- GET /session/32d2a80d-dc78-4f3e-a636-c5413edf6ff7/element/00000000-0000-000c-ffff-ffff00000641/displayed &amp#27;[39m&amp#27;[32m200&amp#27;[39m &amp#27;[90m11 ms - 14&amp#27;[39m
&amp#27;[38;5;0m[HTTP]&amp#27;[0m &amp#27;[90m&amp#27;[39m
&amp#27;[38;5;0m[HTTP]&amp#27;[0m &amp#27;[37m-->&amp#27;[39m &amp#27;[37mGET&amp#27;[39m &amp#27;[37m/session/32d2a80d-dc78-4f3e-a636-c5413edf6ff7/context&amp#27;[39m
&amp#27;[38;5;0m[HTTP]&amp#27;[0m &amp#27;[90m{}&amp#27;[39m
&amp#27;[38;5;32m[AndroidUiautomator2Driver@6457 (32d2a80d)]&amp#27;[0m Calling AppiumDriver.getCurrentContext() with args: ["32d2a80d-dc78-4f3e-a636-c5413edf6ff7"]
&amp#27;[38;5;32m[AndroidUiautomator2Driver@6457 (32d2a80d)]&amp#27;[0m Responding to client with driver.getCurrentContext() result: "NATIVE_APP"
&amp#27;[38;5;0m[HTTP]&amp#27;[0m &amp#27;[37m<-- GET /session/32d2a80d-dc78-4f3e-a636-c5413edf6ff7/context &amp#27;[39m&amp#27;[32m200&amp#27;[39m &amp#27;[90m0 ms - 22&amp#27;[39m
&amp#27;[38;5;0m[HTTP]&amp#27;[0m &amp#27;[90m&amp#27;[39m
&amp#27;[38;5;0m[HTTP]&amp#27;[0m &amp#27;[37m-->&amp#27;[39m &amp#27;[37mPOST&amp#27;[39m &amp#27;[37m/session/32d2a80d-dc78-4f3e-a636-c5413edf6ff7/elements&amp#27;[39m
&amp#27;[38;5;0m[HTTP]&amp#27;[0m &amp#27;[90m{"value":"com.fivemobile.thescore:id/view_inverse","using":"id"}&amp#27;[39m
&amp#27;[38;5;32m[AndroidUiautomator2Driver@6457 (32d2a80d)]&amp#27;[0m Calling AppiumDriver.findElements() with args: ["id","com.fivemobile.thescore:id/view_inverse","32d2a80d-dc78-4f3e-a636-c5413edf6ff7"]
&amp#27;[38;5;32m[AndroidUiautomator2Driver@6457 (32d2a80d)]&amp#27;[0m Valid locator strategies for this request: xpath, id, class name, accessibility id, css selector, -android uiautomator
&amp#27;[38;5;32m[AndroidUiautomator2Driver@6457 (32d2a80d)]&amp#27;[0m Waiting up to 10000 ms for condition
&amp#27;[38;5;32m[AndroidUiautomator2Driver@6457 (32d2a80d)]&amp#27;[0m Matched '/elements' to command name 'findElements'
&amp#27;[38;5;32m[AndroidUiautomator2Driver@6457 (32d2a80d)]&amp#27;[0m Proxying [POST /elements] to [POST http://127.0.0.1:8200/session/f5e84c71-f4f7-4f8e-aec7-33a82bd27fec/elements] with body: {"strategy":"id","selector":"com.fivemobile.thescore:id/view_inverse","context":"","multiple":true}
&amp#27;[38;5;32m[AndroidUiautomator2Driver@6457 (32d2a80d)]&amp#27;[0m Got response with status 200: {"sessionId":"f5e84c71-f4f7-4f8e-aec7-33a82bd27fec","value":[{"ELEMENT":"00000000-0000-000c-ffff-ffff00000629","element-6066-11e4-a52e-4f735466cecf":"00000000-0000-000c-ffff-ffff00000629"},{"ELEMENT":"00000000-0000-000c-ffff-ffff0000062f","element-6066-11e4-a52e-4f735466cecf":"00000000-0000-000c-ffff-ffff0000062f"},{"ELEMENT":"00000000-0000-000c-ffff-ffff00000635","element-6066-11e4-a52e-4f735466cecf":"00000000-0000-000c-ffff-ffff00000635"},{"ELEMENT":"00000000-0000-000c-ffff-ffff0000063b","element-6066-11e4-a52e-4f735466cecf":"00000000-0000-000c-ffff-ffff0000063b"},{"ELEMENT":"00000000-0000-000c-ffff-ffff00000641","element-6066-11e4-a52e-4f735466cecf":"00000000-0000-000c-ffff-ffff00000641"},{"ELEMENT":"00000000-0000-000c-ffff-ffff0000064b","element-6066-11e4-a52e-4f735466cecf":"00000000-0000-000c-ffff-ffff0000064b"},{"ELEMENT":"00000000-0000-000c-ffff-ffff00000651","element-6066-11e4-a52e-4f735466cecf":"00000000-0000-000c-ffff-ffff00000651"},{"ELEMENT":"00000000-0000-000c-ffff-ffff00000657","element-6066-...
&amp#27;[38;5;32m[AndroidUiautomator2Driver@6457 (32d2a80d)]&amp#27;[0m Responding to client with driver.findElements() result: [{"element-6066-11e4-a52e-4f735466cecf":"00000000-0000-000c-ffff-ffff00000629","ELEMENT":"00000000-0000-000c-ffff-ffff00000629"},{"element-6066-11e4-a52e-4f735466cecf":"00000000-0000-000c-ffff-ffff0000062f","ELEMENT":"00000000-0000-000c-ffff-ffff0000062f"},{"element-6066-11e4-a52e-4f735466cecf":"00000000-0000-000c-ffff-ffff00000635","ELEMENT":"00000000-0000-000c-ffff-ffff00000635"},{"element-6066-11e4-a52e-4f735466cecf":"00000000-0000-000c-ffff-ffff0000063b","ELEMENT":"00000000-0000-000c-ffff-ffff0000063b"},{"element-6066-11e4-a52e-4f735466cecf":"00000000-0000-000c-ffff-ffff00000641","ELEMENT":"00000000-0000-000c-ffff-ffff00000641"},{"element-6066-11e4-a52e-4f735466cecf":"00000000-0000-000c-ffff-ffff0000064b","ELEMENT":"00000000-0000-000c-ffff-ffff0000064b"},{"element-6066-11e4-a52e-4f735466cecf":"00000000-0000-000c-ffff-ffff00000651","ELEMENT":"00000000-0000-000c-ffff-ffff00000651"},{"element-6066-11e4-a52e-4f735466cecf":"00000000-0000-000c-ffff-ffff00000657","ELEMENT":"00000000-0000-000c-ffff-ffff0000065...
&amp#27;[38;5;0m[HTTP]&amp#27;[0m &amp#27;[37m<-- POST /session/32d2a80d-dc78-4f3e-a636-c5413edf6ff7/elements &amp#27;[39m&amp#27;[32m200&amp#27;[39m &amp#27;[90m102 ms - 1291&amp#27;[39m
&amp#27;[38;5;0m[HTTP]&amp#27;[0m &amp#27;[90m&amp#27;[39m
&amp#27;[38;5;0m[HTTP]&amp#27;[0m &amp#27;[37m-->&amp#27;[39m &amp#27;[37mGET&amp#27;[39m &amp#27;[37m/session/32d2a80d-dc78-4f3e-a636-c5413edf6ff7/context&amp#27;[39m
&amp#27;[38;5;0m[HTTP]&amp#27;[0m &amp#27;[90m{}&amp#27;[39m
&amp#27;[38;5;32m[AndroidUiautomator2Driver@6457 (32d2a80d)]&amp#27;[0m Calling AppiumDriver.getCurrentContext() with args: ["32d2a80d-dc78-4f3e-a636-c5413edf6ff7"]
&amp#27;[38;5;32m[AndroidUiautomator2Driver@6457 (32d2a80d)]&amp#27;[0m Responding to client with driver.getCurrentContext() result: "NATIVE_APP"
&amp#27;[38;5;0m[HTTP]&amp#27;[0m &amp#27;[37m<-- GET /session/32d2a80d-dc78-4f3e-a636-c5413edf6ff7/context &amp#27;[39m&amp#27;[32m200&amp#27;[39m &amp#27;[90m0 ms - 22&amp#27;[39m
&amp#27;[38;5;0m[HTTP]&amp#27;[0m &amp#27;[90m&amp#27;[39m
&amp#27;[38;5;0m[HTTP]&amp#27;[0m &amp#27;[37m-->&amp#27;[39m &amp#27;[37mPOST&amp#27;[39m &amp#27;[37m/session/32d2a80d-dc78-4f3e-a636-c5413edf6ff7/elements&amp#27;[39m
&amp#27;[38;5;0m[HTTP]&amp#27;[0m &amp#27;[90m{"value":"com.fivemobile.thescore:id/view_inverse","using":"id"}&amp#27;[39m
&amp#27;[38;5;32m[AndroidUiautomator2Driver@6457 (32d2a80d)]&amp#27;[0m Calling AppiumDriver.findElements() with args: ["id","com.fivemobile.thescore:id/view_inverse","32d2a80d-dc78-4f3e-a636-c5413edf6ff7"]
&amp#27;[38;5;32m[AndroidUiautomator2Driver@6457 (32d2a80d)]&amp#27;[0m Valid locator strategies for this request: xpath, id, class name, accessibility id, css selector, -android uiautomator
&amp#27;[38;5;32m[AndroidUiautomator2Driver@6457 (32d2a80d)]&amp#27;[0m Waiting up to 10000 ms for condition
&amp#27;[38;5;32m[AndroidUiautomator2Driver@6457 (32d2a80d)]&amp#27;[0m Matched '/elements' to command name 'findElements'
&amp#27;[38;5;32m[AndroidUiautomator2Driver@6457 (32d2a80d)]&amp#27;[0m Proxying [POST /elements] to [POST http://127.0.0.1:8200/session/f5e84c71-f4f7-4f8e-aec7-33a82bd27fec/elements] with body: {"strategy":"id","selector":"com.fivemobile.thescore:id/view_inverse","context":"","multiple":true}
&amp#27;[38;5;32m[AndroidUiautomator2Driver@6457 (32d2a80d)]&amp#27;[0m Got response with status 200: {"sessionId":"f5e84c71-f4f7-4f8e-aec7-33a82bd27fec","value":[{"ELEMENT":"00000000-0000-000c-ffff-ffff00000629","element-6066-11e4-a52e-4f735466cecf":"00000000-0000-000c-ffff-ffff00000629"},{"ELEMENT":"00000000-0000-000c-ffff-ffff0000062f","element-6066-11e4-a52e-4f735466cecf":"00000000-0000-000c-ffff-ffff0000062f"},{"ELEMENT":"00000000-0000-000c-ffff-ffff00000635","element-6066-11e4-a52e-4f735466cecf":"00000000-0000-000c-ffff-ffff00000635"},{"ELEMENT":"00000000-0000-000c-ffff-ffff0000063b","element-6066-11e4-a52e-4f735466cecf":"00000000-0000-000c-ffff-ffff0000063b"},{"ELEMENT":"00000000-0000-000c-ffff-ffff00000641","element-6066-11e4-a52e-4f735466cecf":"00000000-0000-000c-ffff-ffff00000641"},{"ELEMENT":"00000000-0000-000c-ffff-ffff0000064b","element-6066-11e4-a52e-4f735466cecf":"00000000-0000-000c-ffff-ffff0000064b"},{"ELEMENT":"00000000-0000-000c-ffff-ffff00000651","element-6066-11e4-a52e-4f735466cecf":"00000000-0000-000c-ffff-ffff00000651"},{"ELEMENT":"00000000-0000-000c-ffff-ffff00000657","element-6066-...
&amp#27;[38;5;32m[AndroidUiautomator2Driver@6457 (32d2a80d)]&amp#27;[0m Responding to client with driver.findElements() result: [{"element-6066-11e4-a52e-4f735466cecf":"00000000-0000-000c-ffff-ffff00000629","ELEMENT":"00000000-0000-000c-ffff-ffff00000629"},{"element-6066-11e4-a52e-4f735466cecf":"00000000-0000-000c-ffff-ffff0000062f","ELEMENT":"00000000-0000-000c-ffff-ffff0000062f"},{"element-6066-11e4-a52e-4f735466cecf":"00000000-0000-000c-ffff-ffff00000635","ELEMENT":"00000000-0000-000c-ffff-ffff00000635"},{"element-6066-11e4-a52e-4f735466cecf":"00000000-0000-000c-ffff-ffff0000063b","ELEMENT":"00000000-0000-000c-ffff-ffff0000063b"},{"element-6066-11e4-a52e-4f735466cecf":"00000000-0000-000c-ffff-ffff00000641","ELEMENT":"00000000-0000-000c-ffff-ffff00000641"},{"element-6066-11e4-a52e-4f735466cecf":"00000000-0000-000c-ffff-ffff0000064b","ELEMENT":"00000000-0000-000c-ffff-ffff0000064b"},{"element-6066-11e4-a52e-4f735466cecf":"00000000-0000-000c-ffff-ffff00000651","ELEMENT":"00000000-0000-000c-ffff-ffff00000651"},{"element-6066-11e4-a52e-4f735466cecf":"00000000-0000-000c-ffff-ffff00000657","ELEMENT":"00000000-0000-000c-ffff-ffff0000065...
&amp#27;[38;5;0m[HTTP]&amp#27;[0m &amp#27;[37m<-- POST /session/32d2a80d-dc78-4f3e-a636-c5413edf6ff7/elements &amp#27;[39m&amp#27;[32m200&amp#27;[39m &amp#27;[90m97 ms - 1291&amp#27;[39m
&amp#27;[38;5;0m[HTTP]&amp#27;[0m &amp#27;[90m&amp#27;[39m
&amp#27;[38;5;0m[HTTP]&amp#27;[0m &amp#27;[37m-->&amp#27;[39m &amp#27;[37mGET&amp#27;[39m &amp#27;[37m/session/32d2a80d-dc78-4f3e-a636-c5413edf6ff7/element/00000000-0000-000c-ffff-ffff0000064b/displayed&amp#27;[39m
&amp#27;[38;5;0m[HTTP]&amp#27;[0m &amp#27;[90m{}&amp#27;[39m
&amp#27;[38;5;32m[AndroidUiautomator2Driver@6457 (32d2a80d)]&amp#27;[0m Calling AppiumDriver.elementDisplayed() with args: ["00000000-0000-000c-ffff-ffff0000064b","32d2a80d-dc78-4f3e-a636-c5413edf6ff7"]
&amp#27;[38;5;32m[AndroidUiautomator2Driver@6457 (32d2a80d)]&amp#27;[0m Matched '/element/00000000-0000-000c-ffff-ffff0000064b/attribute/displayed' to command name 'getAttribute'
&amp#27;[38;5;32m[AndroidUiautomator2Driver@6457 (32d2a80d)]&amp#27;[0m Proxying [GET /element/00000000-0000-000c-ffff-ffff0000064b/attribute/displayed] to [GET http://127.0.0.1:8200/session/f5e84c71-f4f7-4f8e-aec7-33a82bd27fec/element/00000000-0000-000c-ffff-ffff0000064b/attribute/displayed] with no body
&amp#27;[38;5;32m[AndroidUiautomator2Driver@6457 (32d2a80d)]&amp#27;[0m Got response with status 200: {"sessionId":"f5e84c71-f4f7-4f8e-aec7-33a82bd27fec","value":"true"}
&amp#27;[38;5;32m[AndroidUiautomator2Driver@6457 (32d2a80d)]&amp#27;[0m Responding to client with driver.elementDisplayed() result: true
&amp#27;[38;5;0m[HTTP]&amp#27;[0m &amp#27;[37m<-- GET /session/32d2a80d-dc78-4f3e-a636-c5413edf6ff7/element/00000000-0000-000c-ffff-ffff0000064b/displayed &amp#27;[39m&amp#27;[32m200&amp#27;[39m &amp#27;[90m10 ms - 14&amp#27;[39m
&amp#27;[38;5;0m[HTTP]&amp#27;[0m &amp#27;[90m&amp#27;[39m
&amp#27;[38;5;0m[HTTP]&amp#27;[0m &amp#27;[37m-->&amp#27;[39m &amp#27;[37mGET&amp#27;[39m &amp#27;[37m/session/32d2a80d-dc78-4f3e-a636-c5413edf6ff7/context&amp#27;[39m
&amp#27;[38;5;0m[HTTP]&amp#27;[0m &amp#27;[90m{}&amp#27;[39m
&amp#27;[38;5;32m[AndroidUiautomator2Driver@6457 (32d2a80d)]&amp#27;[0m Calling AppiumDriver.getCurrentContext() with args: ["32d2a80d-dc78-4f3e-a636-c5413edf6ff7"]
&amp#27;[38;5;32m[AndroidUiautomator2Driver@6457 (32d2a80d)]&amp#27;[0m Responding to client with driver.getCurrentContext() result: "NATIVE_APP"
&amp#27;[38;5;0m[HTTP]&amp#27;[0m &amp#27;[37m<-- GET /session/32d2a80d-dc78-4f3e-a636-c5413edf6ff7/context &amp#27;[39m&amp#27;[32m200&amp#27;[39m &amp#27;[90m0 ms - 22&amp#27;[39m
&amp#27;[38;5;0m[HTTP]&amp#27;[0m &amp#27;[90m&amp#27;[39m
&amp#27;[38;5;0m[HTTP]&amp#27;[0m &amp#27;[37m-->&amp#27;[39m &amp#27;[37mPOST&amp#27;[39m &amp#27;[37m/session/32d2a80d-dc78-4f3e-a636-c5413edf6ff7/elements&amp#27;[39m
&amp#27;[38;5;0m[HTTP]&amp#27;[0m &amp#27;[90m{"value":"com.fivemobile.thescore:id/view_inverse","using":"id"}&amp#27;[39m
&amp#27;[38;5;32m[AndroidUiautomator2Driver@6457 (32d2a80d)]&amp#27;[0m Calling AppiumDriver.findElements() with args: ["id","com.fivemobile.thescore:id/view_inverse","32d2a80d-dc78-4f3e-a636-c5413edf6ff7"]
&amp#27;[38;5;32m[AndroidUiautomator2Driver@6457 (32d2a80d)]&amp#27;[0m Valid locator strategies for this request: xpath, id, class name, accessibility id, css selector, -android uiautomator
&amp#27;[38;5;32m[AndroidUiautomator2Driver@6457 (32d2a80d)]&amp#27;[0m Waiting up to 10000 ms for condition
&amp#27;[38;5;32m[AndroidUiautomator2Driver@6457 (32d2a80d)]&amp#27;[0m Matched '/elements' to command name 'findElements'
&amp#27;[38;5;32m[AndroidUiautomator2Driver@6457 (32d2a80d)]&amp#27;[0m Proxying [POST /elements] to [POST http://127.0.0.1:8200/session/f5e84c71-f4f7-4f8e-aec7-33a82bd27fec/elements] with body: {"strategy":"id","selector":"com.fivemobile.thescore:id/view_inverse","context":"","multiple":true}
&amp#27;[38;5;32m[AndroidUiautomator2Driver@6457 (32d2a80d)]&amp#27;[0m Got response with status 200: {"sessionId":"f5e84c71-f4f7-4f8e-aec7-33a82bd27fec","value":[{"ELEMENT":"00000000-0000-000c-ffff-ffff00000629","element-6066-11e4-a52e-4f735466cecf":"00000000-0000-000c-ffff-ffff00000629"},{"ELEMENT":"00000000-0000-000c-ffff-ffff0000062f","element-6066-11e4-a52e-4f735466cecf":"00000000-0000-000c-ffff-ffff0000062f"},{"ELEMENT":"00000000-0000-000c-ffff-ffff00000635","element-6066-11e4-a52e-4f735466cecf":"00000000-0000-000c-ffff-ffff00000635"},{"ELEMENT":"00000000-0000-000c-ffff-ffff0000063b","element-6066-11e4-a52e-4f735466cecf":"00000000-0000-000c-ffff-ffff0000063b"},{"ELEMENT":"00000000-0000-000c-ffff-ffff00000641","element-6066-11e4-a52e-4f735466cecf":"00000000-0000-000c-ffff-ffff00000641"},{"ELEMENT":"00000000-0000-000c-ffff-ffff0000064b","element-6066-11e4-a52e-4f735466cecf":"00000000-0000-000c-ffff-ffff0000064b"},{"ELEMENT":"00000000-0000-000c-ffff-ffff00000651","element-6066-11e4-a52e-4f735466cecf":"00000000-0000-000c-ffff-ffff00000651"},{"ELEMENT":"00000000-0000-000c-ffff-ffff00000657","element-6066-...
&amp#27;[38;5;32m[AndroidUiautomator2Driver@6457 (32d2a80d)]&amp#27;[0m Responding to client with driver.findElements() result: [{"element-6066-11e4-a52e-4f735466cecf":"00000000-0000-000c-ffff-ffff00000629","ELEMENT":"00000000-0000-000c-ffff-ffff00000629"},{"element-6066-11e4-a52e-4f735466cecf":"00000000-0000-000c-ffff-ffff0000062f","ELEMENT":"00000000-0000-000c-ffff-ffff0000062f"},{"element-6066-11e4-a52e-4f735466cecf":"00000000-0000-000c-ffff-ffff00000635","ELEMENT":"00000000-0000-000c-ffff-ffff00000635"},{"element-6066-11e4-a52e-4f735466cecf":"00000000-0000-000c-ffff-ffff0000063b","ELEMENT":"00000000-0000-000c-ffff-ffff0000063b"},{"element-6066-11e4-a52e-4f735466cecf":"00000000-0000-000c-ffff-ffff00000641","ELEMENT":"00000000-0000-000c-ffff-ffff00000641"},{"element-6066-11e4-a52e-4f735466cecf":"00000000-0000-000c-ffff-ffff0000064b","ELEMENT":"00000000-0000-000c-ffff-ffff0000064b"},{"element-6066-11e4-a52e-4f735466cecf":"00000000-0000-000c-ffff-ffff00000651","ELEMENT":"00000000-0000-000c-ffff-ffff00000651"},{"element-6066-11e4-a52e-4f735466cecf":"00000000-0000-000c-ffff-ffff00000657","ELEMENT":"00000000-0000-000c-ffff-ffff0000065...
&amp#27;[38;5;0m[HTTP]&amp#27;[0m &amp#27;[37m<-- POST /session/32d2a80d-dc78-4f3e-a636-c5413edf6ff7/elements &amp#27;[39m&amp#27;[32m200&amp#27;[39m &amp#27;[90m106 ms - 1291&amp#27;[39m
&amp#27;[38;5;0m[HTTP]&amp#27;[0m &amp#27;[90m&amp#27;[39m
&amp#27;[38;5;0m[HTTP]&amp#27;[0m &amp#27;[37m-->&amp#27;[39m &amp#27;[37mGET&amp#27;[39m &amp#27;[37m/session/32d2a80d-dc78-4f3e-a636-c5413edf6ff7/context&amp#27;[39m
&amp#27;[38;5;0m[HTTP]&amp#27;[0m &amp#27;[90m{}&amp#27;[39m
&amp#27;[38;5;32m[AndroidUiautomator2Driver@6457 (32d2a80d)]&amp#27;[0m Calling AppiumDriver.getCurrentContext() with args: ["32d2a80d-dc78-4f3e-a636-c5413edf6ff7"]
&amp#27;[38;5;32m[AndroidUiautomator2Driver@6457 (32d2a80d)]&amp#27;[0m Responding to client with driver.getCurrentContext() result: "NATIVE_APP"
&amp#27;[38;5;0m[HTTP]&amp#27;[0m &amp#27;[37m<-- GET /session/32d2a80d-dc78-4f3e-a636-c5413edf6ff7/context &amp#27;[39m&amp#27;[32m200&amp#27;[39m &amp#27;[90m0 ms - 22&amp#27;[39m
&amp#27;[38;5;0m[HTTP]&amp#27;[0m &amp#27;[90m&amp#27;[39m
&amp#27;[38;5;0m[HTTP]&amp#27;[0m &amp#27;[37m-->&amp#27;[39m &amp#27;[37mPOST&amp#27;[39m &amp#27;[37m/session/32d2a80d-dc78-4f3e-a636-c5413edf6ff7/elements&amp#27;[39m
&amp#27;[38;5;0m[HTTP]&amp#27;[0m &amp#27;[90m{"value":"com.fivemobile.thescore:id/view_inverse","using":"id"}&amp#27;[39m
&amp#27;[38;5;32m[AndroidUiautomator2Driver@6457 (32d2a80d)]&amp#27;[0m Calling AppiumDriver.findElements() with args: ["id","com.fivemobile.thescore:id/view_inverse","32d2a80d-dc78-4f3e-a636-c5413edf6ff7"]
&amp#27;[38;5;32m[AndroidUiautomator2Driver@6457 (32d2a80d)]&amp#27;[0m Valid locator strategies for this request: xpath, id, class name, accessibility id, css selector, -android uiautomator
&amp#27;[38;5;32m[AndroidUiautomator2Driver@6457 (32d2a80d)]&amp#27;[0m Waiting up to 10000 ms for condition
&amp#27;[38;5;32m[AndroidUiautomator2Driver@6457 (32d2a80d)]&amp#27;[0m Matched '/elements' to command name 'findElements'
&amp#27;[38;5;32m[AndroidUiautomator2Driver@6457 (32d2a80d)]&amp#27;[0m Proxying [POST /elements] to [POST http://127.0.0.1:8200/session/f5e84c71-f4f7-4f8e-aec7-33a82bd27fec/elements] with body: {"strategy":"id","selector":"com.fivemobile.thescore:id/view_inverse","context":"","multiple":true}
&amp#27;[38;5;32m[AndroidUiautomator2Driver@6457 (32d2a80d)]&amp#27;[0m Got response with status 200: {"sessionId":"f5e84c71-f4f7-4f8e-aec7-33a82bd27fec","value":[{"ELEMENT":"00000000-0000-000c-ffff-ffff00000629","element-6066-11e4-a52e-4f735466cecf":"00000000-0000-000c-ffff-ffff00000629"},{"ELEMENT":"00000000-0000-000c-ffff-ffff0000062f","element-6066-11e4-a52e-4f735466cecf":"00000000-0000-000c-ffff-ffff0000062f"},{"ELEMENT":"00000000-0000-000c-ffff-ffff00000635","element-6066-11e4-a52e-4f735466cecf":"00000000-0000-000c-ffff-ffff00000635"},{"ELEMENT":"00000000-0000-000c-ffff-ffff0000063b","element-6066-11e4-a52e-4f735466cecf":"00000000-0000-000c-ffff-ffff0000063b"},{"ELEMENT":"00000000-0000-000c-ffff-ffff00000641","element-6066-11e4-a52e-4f735466cecf":"00000000-0000-000c-ffff-ffff00000641"},{"ELEMENT":"00000000-0000-000c-ffff-ffff0000064b","element-6066-11e4-a52e-4f735466cecf":"00000000-0000-000c-ffff-ffff0000064b"},{"ELEMENT":"00000000-0000-000c-ffff-ffff00000651","element-6066-11e4-a52e-4f735466cecf":"00000000-0000-000c-ffff-ffff00000651"},{"ELEMENT":"00000000-0000-000c-ffff-ffff00000657","element-6066-...
&amp#27;[38;5;32m[AndroidUiautomator2Driver@6457 (32d2a80d)]&amp#27;[0m Responding to client with driver.findElements() result: [{"element-6066-11e4-a52e-4f735466cecf":"00000000-0000-000c-ffff-ffff00000629","ELEMENT":"00000000-0000-000c-ffff-ffff00000629"},{"element-6066-11e4-a52e-4f735466cecf":"00000000-0000-000c-ffff-ffff0000062f","ELEMENT":"00000000-0000-000c-ffff-ffff0000062f"},{"element-6066-11e4-a52e-4f735466cecf":"00000000-0000-000c-ffff-ffff00000635","ELEMENT":"00000000-0000-000c-ffff-ffff00000635"},{"element-6066-11e4-a52e-4f735466cecf":"00000000-0000-000c-ffff-ffff0000063b","ELEMENT":"00000000-0000-000c-ffff-ffff0000063b"},{"element-6066-11e4-a52e-4f735466cecf":"00000000-0000-000c-ffff-ffff00000641","ELEMENT":"00000000-0000-000c-ffff-ffff00000641"},{"element-6066-11e4-a52e-4f735466cecf":"00000000-0000-000c-ffff-ffff0000064b","ELEMENT":"00000000-0000-000c-ffff-ffff0000064b"},{"element-6066-11e4-a52e-4f735466cecf":"00000000-0000-000c-ffff-ffff00000651","ELEMENT":"00000000-0000-000c-ffff-ffff00000651"},{"element-6066-11e4-a52e-4f735466cecf":"00000000-0000-000c-ffff-ffff00000657","ELEMENT":"00000000-0000-000c-ffff-ffff0000065...
&amp#27;[38;5;0m[HTTP]&amp#27;[0m &amp#27;[37m<-- POST /session/32d2a80d-dc78-4f3e-a636-c5413edf6ff7/elements &amp#27;[39m&amp#27;[32m200&amp#27;[39m &amp#27;[90m98 ms - 1291&amp#27;[39m
&amp#27;[38;5;0m[HTTP]&amp#27;[0m &amp#27;[90m&amp#27;[39m
&amp#27;[38;5;0m[HTTP]&amp#27;[0m &amp#27;[37m-->&amp#27;[39m &amp#27;[37mGET&amp#27;[39m &amp#27;[37m/session/32d2a80d-dc78-4f3e-a636-c5413edf6ff7/element/00000000-0000-000c-ffff-ffff00000651/displayed&amp#27;[39m
&amp#27;[38;5;0m[HTTP]&amp#27;[0m &amp#27;[90m{}&amp#27;[39m
&amp#27;[38;5;32m[AndroidUiautomator2Driver@6457 (32d2a80d)]&amp#27;[0m Calling AppiumDriver.elementDisplayed() with args: ["00000000-0000-000c-ffff-ffff00000651","32d2a80d-dc78-4f3e-a636-c5413edf6ff7"]
&amp#27;[38;5;32m[AndroidUiautomator2Driver@6457 (32d2a80d)]&amp#27;[0m Matched '/element/00000000-0000-000c-ffff-ffff00000651/attribute/displayed' to command name 'getAttribute'
&amp#27;[38;5;32m[AndroidUiautomator2Driver@6457 (32d2a80d)]&amp#27;[0m Proxying [GET /element/00000000-0000-000c-ffff-ffff00000651/attribute/displayed] to [GET http://127.0.0.1:8200/session/f5e84c71-f4f7-4f8e-aec7-33a82bd27fec/element/00000000-0000-000c-ffff-ffff00000651/attribute/displayed] with no body
&amp#27;[38;5;32m[AndroidUiautomator2Driver@6457 (32d2a80d)]&amp#27;[0m Got response with status 200: {"sessionId":"f5e84c71-f4f7-4f8e-aec7-33a82bd27fec","value":"true"}
&amp#27;[38;5;32m[AndroidUiautomator2Driver@6457 (32d2a80d)]&amp#27;[0m Responding to client with driver.elementDisplayed() result: true
&amp#27;[38;5;0m[HTTP]&amp#27;[0m &amp#27;[37m<-- GET /session/32d2a80d-dc78-4f3e-a636-c5413edf6ff7/element/00000000-0000-000c-ffff-ffff00000651/displayed &amp#27;[39m&amp#27;[32m200&amp#27;[39m &amp#27;[90m9 ms - 14&amp#27;[39m
&amp#27;[38;5;0m[HTTP]&amp#27;[0m &amp#27;[90m&amp#27;[39m
&amp#27;[38;5;0m[HTTP]&amp#27;[0m &amp#27;[37m-->&amp#27;[39m &amp#27;[37mGET&amp#27;[39m &amp#27;[37m/session/32d2a80d-dc78-4f3e-a636-c5413edf6ff7/context&amp#27;[39m
&amp#27;[38;5;0m[HTTP]&amp#27;[0m &amp#27;[90m{}&amp#27;[39m
&amp#27;[38;5;32m[AndroidUiautomator2Driver@6457 (32d2a80d)]&amp#27;[0m Calling AppiumDriver.getCurrentContext() with args: ["32d2a80d-dc78-4f3e-a636-c5413edf6ff7"]
&amp#27;[38;5;32m[AndroidUiautomator2Driver@6457 (32d2a80d)]&amp#27;[0m Responding to client with driver.getCurrentContext() result: "NATIVE_APP"
&amp#27;[38;5;0m[HTTP]&amp#27;[0m &amp#27;[37m<-- GET /session/32d2a80d-dc78-4f3e-a636-c5413edf6ff7/context &amp#27;[39m&amp#27;[32m200&amp#27;[39m &amp#27;[90m1 ms - 22&amp#27;[39m
&amp#27;[38;5;0m[HTTP]&amp#27;[0m &amp#27;[90m&amp#27;[39m
&amp#27;[38;5;0m[HTTP]&amp#27;[0m &amp#27;[37m-->&amp#27;[39m &amp#27;[37mPOST&amp#27;[39m &amp#27;[37m/session/32d2a80d-dc78-4f3e-a636-c5413edf6ff7/elements&amp#27;[39m
&amp#27;[38;5;0m[HTTP]&amp#27;[0m &amp#27;[90m{"value":"com.fivemobile.thescore:id/view_inverse","using":"id"}&amp#27;[39m
&amp#27;[38;5;32m[AndroidUiautomator2Driver@6457 (32d2a80d)]&amp#27;[0m Calling AppiumDriver.findElements() with args: ["id","com.fivemobile.thescore:id/view_inverse","32d2a80d-dc78-4f3e-a636-c5413edf6ff7"]
&amp#27;[38;5;32m[AndroidUiautomator2Driver@6457 (32d2a80d)]&amp#27;[0m Valid locator strategies for this request: xpath, id, class name, accessibility id, css selector, -android uiautomator
&amp#27;[38;5;32m[AndroidUiautomator2Driver@6457 (32d2a80d)]&amp#27;[0m Waiting up to 10000 ms for condition
&amp#27;[38;5;32m[AndroidUiautomator2Driver@6457 (32d2a80d)]&amp#27;[0m Matched '/elements' to command name 'findElements'
&amp#27;[38;5;32m[AndroidUiautomator2Driver@6457 (32d2a80d)]&amp#27;[0m Proxying [POST /elements] to [POST http://127.0.0.1:8200/session/f5e84c71-f4f7-4f8e-aec7-33a82bd27fec/elements] with body: {"strategy":"id","selector":"com.fivemobile.thescore:id/view_inverse","context":"","multiple":true}
&amp#27;[38;5;32m[AndroidUiautomator2Driver@6457 (32d2a80d)]&amp#27;[0m Got response with status 200: {"sessionId":"f5e84c71-f4f7-4f8e-aec7-33a82bd27fec","value":[{"ELEMENT":"00000000-0000-000c-ffff-ffff00000629","element-6066-11e4-a52e-4f735466cecf":"00000000-0000-000c-ffff-ffff00000629"},{"ELEMENT":"00000000-0000-000c-ffff-ffff0000062f","element-6066-11e4-a52e-4f735466cecf":"00000000-0000-000c-ffff-ffff0000062f"},{"ELEMENT":"00000000-0000-000c-ffff-ffff00000635","element-6066-11e4-a52e-4f735466cecf":"00000000-0000-000c-ffff-ffff00000635"},{"ELEMENT":"00000000-0000-000c-ffff-ffff0000063b","element-6066-11e4-a52e-4f735466cecf":"00000000-0000-000c-ffff-ffff0000063b"},{"ELEMENT":"00000000-0000-000c-ffff-ffff00000641","element-6066-11e4-a52e-4f735466cecf":"00000000-0000-000c-ffff-ffff00000641"},{"ELEMENT":"00000000-0000-000c-ffff-ffff0000064b","element-6066-11e4-a52e-4f735466cecf":"00000000-0000-000c-ffff-ffff0000064b"},{"ELEMENT":"00000000-0000-000c-ffff-ffff00000651","element-6066-11e4-a52e-4f735466cecf":"00000000-0000-000c-ffff-ffff00000651"},{"ELEMENT":"00000000-0000-000c-ffff-ffff00000657","element-6066-...
&amp#27;[38;5;32m[AndroidUiautomator2Driver@6457 (32d2a80d)]&amp#27;[0m Responding to client with driver.findElements() result: [{"element-6066-11e4-a52e-4f735466cecf":"00000000-0000-000c-ffff-ffff00000629","ELEMENT":"00000000-0000-000c-ffff-ffff00000629"},{"element-6066-11e4-a52e-4f735466cecf":"00000000-0000-000c-ffff-ffff0000062f","ELEMENT":"00000000-0000-000c-ffff-ffff0000062f"},{"element-6066-11e4-a52e-4f735466cecf":"00000000-0000-000c-ffff-ffff00000635","ELEMENT":"00000000-0000-000c-ffff-ffff00000635"},{"element-6066-11e4-a52e-4f735466cecf":"00000000-0000-000c-ffff-ffff0000063b","ELEMENT":"00000000-0000-000c-ffff-ffff0000063b"},{"element-6066-11e4-a52e-4f735466cecf":"00000000-0000-000c-ffff-ffff00000641","ELEMENT":"00000000-0000-000c-ffff-ffff00000641"},{"element-6066-11e4-a52e-4f735466cecf":"00000000-0000-000c-ffff-ffff0000064b","ELEMENT":"00000000-0000-000c-ffff-ffff0000064b"},{"element-6066-11e4-a52e-4f735466cecf":"00000000-0000-000c-ffff-ffff00000651","ELEMENT":"00000000-0000-000c-ffff-ffff00000651"},{"element-6066-11e4-a52e-4f735466cecf":"00000000-0000-000c-ffff-ffff00000657","ELEMENT":"00000000-0000-000c-ffff-ffff0000065...
&amp#27;[38;5;0m[HTTP]&amp#27;[0m &amp#27;[37m<-- POST /session/32d2a80d-dc78-4f3e-a636-c5413edf6ff7/elements &amp#27;[39m&amp#27;[32m200&amp#27;[39m &amp#27;[90m100 ms - 1291&amp#27;[39m
&amp#27;[38;5;0m[HTTP]&amp#27;[0m &amp#27;[90m&amp#27;[39m
&amp#27;[38;5;0m[HTTP]&amp#27;[0m &amp#27;[37m-->&amp#27;[39m &amp#27;[37mGET&amp#27;[39m &amp#27;[37m/session/32d2a80d-dc78-4f3e-a636-c5413edf6ff7/context&amp#27;[39m
&amp#27;[38;5;0m[HTTP]&amp#27;[0m &amp#27;[90m{}&amp#27;[39m
&amp#27;[38;5;32m[AndroidUiautomator2Driver@6457 (32d2a80d)]&amp#27;[0m Calling AppiumDriver.getCurrentContext() with args: ["32d2a80d-dc78-4f3e-a636-c5413edf6ff7"]
&amp#27;[38;5;32m[AndroidUiautomator2Driver@6457 (32d2a80d)]&amp#27;[0m Responding to client with driver.getCurrentContext() result: "NATIVE_APP"
&amp#27;[38;5;0m[HTTP]&amp#27;[0m &amp#27;[37m<-- GET /session/32d2a80d-dc78-4f3e-a636-c5413edf6ff7/context &amp#27;[39m&amp#27;[32m200&amp#27;[39m &amp#27;[90m0 ms - 22&amp#27;[39m
&amp#27;[38;5;0m[HTTP]&amp#27;[0m &amp#27;[90m&amp#27;[39m
&amp#27;[38;5;0m[HTTP]&amp#27;[0m &amp#27;[37m-->&amp#27;[39m &amp#27;[37mPOST&amp#27;[39m &amp#27;[37m/session/32d2a80d-dc78-4f3e-a636-c5413edf6ff7/elements&amp#27;[39m
&amp#27;[38;5;0m[HTTP]&amp#27;[0m &amp#27;[90m{"value":"com.fivemobile.thescore:id/view_inverse","using":"id"}&amp#27;[39m
&amp#27;[38;5;32m[AndroidUiautomator2Driver@6457 (32d2a80d)]&amp#27;[0m Calling AppiumDriver.findElements() with args: ["id","com.fivemobile.thescore:id/view_inverse","32d2a80d-dc78-4f3e-a636-c5413edf6ff7"]
&amp#27;[38;5;32m[AndroidUiautomator2Driver@6457 (32d2a80d)]&amp#27;[0m Valid locator strategies for this request: xpath, id, class name, accessibility id, css selector, -android uiautomator
&amp#27;[38;5;32m[AndroidUiautomator2Driver@6457 (32d2a80d)]&amp#27;[0m Waiting up to 10000 ms for condition
&amp#27;[38;5;32m[AndroidUiautomator2Driver@6457 (32d2a80d)]&amp#27;[0m Matched '/elements' to command name 'findElements'
&amp#27;[38;5;32m[AndroidUiautomator2Driver@6457 (32d2a80d)]&amp#27;[0m Proxying [POST /elements] to [POST http://127.0.0.1:8200/session/f5e84c71-f4f7-4f8e-aec7-33a82bd27fec/elements] with body: {"strategy":"id","selector":"com.fivemobile.thescore:id/view_inverse","context":"","multiple":true}
&amp#27;[38;5;32m[AndroidUiautomator2Driver@6457 (32d2a80d)]&amp#27;[0m Got response with status 200: {"sessionId":"f5e84c71-f4f7-4f8e-aec7-33a82bd27fec","value":[{"ELEMENT":"00000000-0000-000c-ffff-ffff00000629","element-6066-11e4-a52e-4f735466cecf":"00000000-0000-000c-ffff-ffff00000629"},{"ELEMENT":"00000000-0000-000c-ffff-ffff0000062f","element-6066-11e4-a52e-4f735466cecf":"00000000-0000-000c-ffff-ffff0000062f"},{"ELEMENT":"00000000-0000-000c-ffff-ffff00000635","element-6066-11e4-a52e-4f735466cecf":"00000000-0000-000c-ffff-ffff00000635"},{"ELEMENT":"00000000-0000-000c-ffff-ffff0000063b","element-6066-11e4-a52e-4f735466cecf":"00000000-0000-000c-ffff-ffff0000063b"},{"ELEMENT":"00000000-0000-000c-ffff-ffff00000641","element-6066-11e4-a52e-4f735466cecf":"00000000-0000-000c-ffff-ffff00000641"},{"ELEMENT":"00000000-0000-000c-ffff-ffff0000064b","element-6066-11e4-a52e-4f735466cecf":"00000000-0000-000c-ffff-ffff0000064b"},{"ELEMENT":"00000000-0000-000c-ffff-ffff00000651","element-6066-11e4-a52e-4f735466cecf":"00000000-0000-000c-ffff-ffff00000651"},{"ELEMENT":"00000000-0000-000c-ffff-ffff00000657","element-6066-...
&amp#27;[38;5;32m[AndroidUiautomator2Driver@6457 (32d2a80d)]&amp#27;[0m Responding to client with driver.findElements() result: [{"element-6066-11e4-a52e-4f735466cecf":"00000000-0000-000c-ffff-ffff00000629","ELEMENT":"00000000-0000-000c-ffff-ffff00000629"},{"element-6066-11e4-a52e-4f735466cecf":"00000000-0000-000c-ffff-ffff0000062f","ELEMENT":"00000000-0000-000c-ffff-ffff0000062f"},{"element-6066-11e4-a52e-4f735466cecf":"00000000-0000-000c-ffff-ffff00000635","ELEMENT":"00000000-0000-000c-ffff-ffff00000635"},{"element-6066-11e4-a52e-4f735466cecf":"00000000-0000-000c-ffff-ffff0000063b","ELEMENT":"00000000-0000-000c-ffff-ffff0000063b"},{"element-6066-11e4-a52e-4f735466cecf":"00000000-0000-000c-ffff-ffff00000641","ELEMENT":"00000000-0000-000c-ffff-ffff00000641"},{"element-6066-11e4-a52e-4f735466cecf":"00000000-0000-000c-ffff-ffff0000064b","ELEMENT":"00000000-0000-000c-ffff-ffff0000064b"},{"element-6066-11e4-a52e-4f735466cecf":"00000000-0000-000c-ffff-ffff00000651","ELEMENT":"00000000-0000-000c-ffff-ffff00000651"},{"element-6066-11e4-a52e-4f735466cecf":"00000000-0000-000c-ffff-ffff00000657","ELEMENT":"00000000-0000-000c-ffff-ffff0000065...
&amp#27;[38;5;0m[HTTP]&amp#27;[0m &amp#27;[37m<-- POST /session/32d2a80d-dc78-4f3e-a636-c5413edf6ff7/elements &amp#27;[39m&amp#27;[32m200&amp#27;[39m &amp#27;[90m94 ms - 1291&amp#27;[39m
&amp#27;[38;5;0m[HTTP]&amp#27;[0m &amp#27;[90m&amp#27;[39m
&amp#27;[38;5;0m[HTTP]&amp#27;[0m &amp#27;[37m-->&amp#27;[39m &amp#27;[37mGET&amp#27;[39m &amp#27;[37m/session/32d2a80d-dc78-4f3e-a636-c5413edf6ff7/element/00000000-0000-000c-ffff-ffff00000657/displayed&amp#27;[39m
&amp#27;[38;5;0m[HTTP]&amp#27;[0m &amp#27;[90m{}&amp#27;[39m
&amp#27;[38;5;32m[AndroidUiautomator2Driver@6457 (32d2a80d)]&amp#27;[0m Calling AppiumDriver.elementDisplayed() with args: ["00000000-0000-000c-ffff-ffff00000657","32d2a80d-dc78-4f3e-a636-c5413edf6ff7"]
&amp#27;[38;5;32m[AndroidUiautomator2Driver@6457 (32d2a80d)]&amp#27;[0m Matched '/element/00000000-0000-000c-ffff-ffff00000657/attribute/displayed' to command name 'getAttribute'
&amp#27;[38;5;32m[AndroidUiautomator2Driver@6457 (32d2a80d)]&amp#27;[0m Proxying [GET /element/00000000-0000-000c-ffff-ffff00000657/attribute/displayed] to [GET http://127.0.0.1:8200/session/f5e84c71-f4f7-4f8e-aec7-33a82bd27fec/element/00000000-0000-000c-ffff-ffff00000657/attribute/displayed] with no body
&amp#27;[38;5;32m[AndroidUiautomator2Driver@6457 (32d2a80d)]&amp#27;[0m Got response with status 200: {"sessionId":"f5e84c71-f4f7-4f8e-aec7-33a82bd27fec","value":"true"}
&amp#27;[38;5;32m[AndroidUiautomator2Driver@6457 (32d2a80d)]&amp#27;[0m Responding to client with driver.elementDisplayed() result: true
&amp#27;[38;5;0m[HTTP]&amp#27;[0m &amp#27;[37m<-- GET /session/32d2a80d-dc78-4f3e-a636-c5413edf6ff7/element/00000000-0000-000c-ffff-ffff00000657/displayed &amp#27;[39m&amp#27;[32m200&amp#27;[39m &amp#27;[90m9 ms - 14&amp#27;[39m
&amp#27;[38;5;0m[HTTP]&amp#27;[0m &amp#27;[90m&amp#27;[39m
&amp#27;[38;5;0m[HTTP]&amp#27;[0m &amp#27;[37m-->&amp#27;[39m &amp#27;[37mGET&amp#27;[39m &amp#27;[37m/session/32d2a80d-dc78-4f3e-a636-c5413edf6ff7/context&amp#27;[39m
&amp#27;[38;5;0m[HTTP]&amp#27;[0m &amp#27;[90m{}&amp#27;[39m
&amp#27;[38;5;32m[AndroidUiautomator2Driver@6457 (32d2a80d)]&amp#27;[0m Calling AppiumDriver.getCurrentContext() with args: ["32d2a80d-dc78-4f3e-a636-c5413edf6ff7"]
&amp#27;[38;5;32m[AndroidUiautomator2Driver@6457 (32d2a80d)]&amp#27;[0m Responding to client with driver.getCurrentContext() result: "NATIVE_APP"
&amp#27;[38;5;0m[HTTP]&amp#27;[0m &amp#27;[37m<-- GET /session/32d2a80d-dc78-4f3e-a636-c5413edf6ff7/context &amp#27;[39m&amp#27;[32m200&amp#27;[39m &amp#27;[90m0 ms - 22&amp#27;[39m
&amp#27;[38;5;0m[HTTP]&amp#27;[0m &amp#27;[90m&amp#27;[39m
&amp#27;[38;5;0m[HTTP]&amp#27;[0m &amp#27;[37m-->&amp#27;[39m &amp#27;[37mPOST&amp#27;[39m &amp#27;[37m/session/32d2a80d-dc78-4f3e-a636-c5413edf6ff7/elements&amp#27;[39m
&amp#27;[38;5;0m[HTTP]&amp#27;[0m &amp#27;[90m{"value":"com.fivemobile.thescore:id/view_inverse","using":"id"}&amp#27;[39m
&amp#27;[38;5;32m[AndroidUiautomator2Driver@6457 (32d2a80d)]&amp#27;[0m Calling AppiumDriver.findElements() with args: ["id","com.fivemobile.thescore:id/view_inverse","32d2a80d-dc78-4f3e-a636-c5413edf6ff7"]
&amp#27;[38;5;32m[AndroidUiautomator2Driver@6457 (32d2a80d)]&amp#27;[0m Valid locator strategies for this request: xpath, id, class name, accessibility id, css selector, -android uiautomator
&amp#27;[38;5;32m[AndroidUiautomator2Driver@6457 (32d2a80d)]&amp#27;[0m Waiting up to 10000 ms for condition
&amp#27;[38;5;32m[AndroidUiautomator2Driver@6457 (32d2a80d)]&amp#27;[0m Matched '/elements' to command name 'findElements'
&amp#27;[38;5;32m[AndroidUiautomator2Driver@6457 (32d2a80d)]&amp#27;[0m Proxying [POST /elements] to [POST http://127.0.0.1:8200/session/f5e84c71-f4f7-4f8e-aec7-33a82bd27fec/elements] with body: {"strategy":"id","selector":"com.fivemobile.thescore:id/view_inverse","context":"","multiple":true}
&amp#27;[38;5;32m[AndroidUiautomator2Driver@6457 (32d2a80d)]&amp#27;[0m Got response with status 200: {"sessionId":"f5e84c71-f4f7-4f8e-aec7-33a82bd27fec","value":[{"ELEMENT":"00000000-0000-000c-ffff-ffff00000629","element-6066-11e4-a52e-4f735466cecf":"00000000-0000-000c-ffff-ffff00000629"},{"ELEMENT":"00000000-0000-000c-ffff-ffff0000062f","element-6066-11e4-a52e-4f735466cecf":"00000000-0000-000c-ffff-ffff0000062f"},{"ELEMENT":"00000000-0000-000c-ffff-ffff00000635","element-6066-11e4-a52e-4f735466cecf":"00000000-0000-000c-ffff-ffff00000635"},{"ELEMENT":"00000000-0000-000c-ffff-ffff0000063b","element-6066-11e4-a52e-4f735466cecf":"00000000-0000-000c-ffff-ffff0000063b"},{"ELEMENT":"00000000-0000-000c-ffff-ffff00000641","element-6066-11e4-a52e-4f735466cecf":"00000000-0000-000c-ffff-ffff00000641"},{"ELEMENT":"00000000-0000-000c-ffff-ffff0000064b","element-6066-11e4-a52e-4f735466cecf":"00000000-0000-000c-ffff-ffff0000064b"},{"ELEMENT":"00000000-0000-000c-ffff-ffff00000651","element-6066-11e4-a52e-4f735466cecf":"00000000-0000-000c-ffff-ffff00000651"},{"ELEMENT":"00000000-0000-000c-ffff-ffff00000657","element-6066-...
&amp#27;[38;5;32m[AndroidUiautomator2Driver@6457 (32d2a80d)]&amp#27;[0m Responding to client with driver.findElements() result: [{"element-6066-11e4-a52e-4f735466cecf":"00000000-0000-000c-ffff-ffff00000629","ELEMENT":"00000000-0000-000c-ffff-ffff00000629"},{"element-6066-11e4-a52e-4f735466cecf":"00000000-0000-000c-ffff-ffff0000062f","ELEMENT":"00000000-0000-000c-ffff-ffff0000062f"},{"element-6066-11e4-a52e-4f735466cecf":"00000000-0000-000c-ffff-ffff00000635","ELEMENT":"00000000-0000-000c-ffff-ffff00000635"},{"element-6066-11e4-a52e-4f735466cecf":"00000000-0000-000c-ffff-ffff0000063b","ELEMENT":"00000000-0000-000c-ffff-ffff0000063b"},{"element-6066-11e4-a52e-4f735466cecf":"00000000-0000-000c-ffff-ffff00000641","ELEMENT":"00000000-0000-000c-ffff-ffff00000641"},{"element-6066-11e4-a52e-4f735466cecf":"00000000-0000-000c-ffff-ffff0000064b","ELEMENT":"00000000-0000-000c-ffff-ffff0000064b"},{"element-6066-11e4-a52e-4f735466cecf":"00000000-0000-000c-ffff-ffff00000651","ELEMENT":"00000000-0000-000c-ffff-ffff00000651"},{"element-6066-11e4-a52e-4f735466cecf":"00000000-0000-000c-ffff-ffff00000657","ELEMENT":"00000000-0000-000c-ffff-ffff0000065...
&amp#27;[38;5;0m[HTTP]&amp#27;[0m &amp#27;[37m<-- POST /session/32d2a80d-dc78-4f3e-a636-c5413edf6ff7/elements &amp#27;[39m&amp#27;[32m200&amp#27;[39m &amp#27;[90m102 ms - 1291&amp#27;[39m
&amp#27;[38;5;0m[HTTP]&amp#27;[0m &amp#27;[90m&amp#27;[39m
&amp#27;[38;5;0m[HTTP]&amp#27;[0m &amp#27;[37m-->&amp#27;[39m &amp#27;[37mGET&amp#27;[39m &amp#27;[37m/session/32d2a80d-dc78-4f3e-a636-c5413edf6ff7/context&amp#27;[39m
&amp#27;[38;5;0m[HTTP]&amp#27;[0m &amp#27;[90m{}&amp#27;[39m
&amp#27;[38;5;32m[AndroidUiautomator2Driver@6457 (32d2a80d)]&amp#27;[0m Calling AppiumDriver.getCurrentContext() with args: ["32d2a80d-dc78-4f3e-a636-c5413edf6ff7"]
&amp#27;[38;5;32m[AndroidUiautomator2Driver@6457 (32d2a80d)]&amp#27;[0m Responding to client with driver.getCurrentContext() result: "NATIVE_APP"
&amp#27;[38;5;0m[HTTP]&amp#27;[0m &amp#27;[37m<-- GET /session/32d2a80d-dc78-4f3e-a636-c5413edf6ff7/context &amp#27;[39m&amp#27;[32m200&amp#27;[39m &amp#27;[90m1 ms - 22&amp#27;[39m
&amp#27;[38;5;0m[HTTP]&amp#27;[0m &amp#27;[90m&amp#27;[39m
&amp#27;[38;5;0m[HTTP]&amp#27;[0m &amp#27;[37m-->&amp#27;[39m &amp#27;[37mPOST&amp#27;[39m &amp#27;[37m/session/32d2a80d-dc78-4f3e-a636-c5413edf6ff7/elements&amp#27;[39m
&amp#27;[38;5;0m[HTTP]&amp#27;[0m &amp#27;[90m{"value":"com.fivemobile.thescore:id/view_inverse","using":"id"}&amp#27;[39m
&amp#27;[38;5;32m[AndroidUiautomator2Driver@6457 (32d2a80d)]&amp#27;[0m Calling AppiumDriver.findElements() with args: ["id","com.fivemobile.thescore:id/view_inverse","32d2a80d-dc78-4f3e-a636-c5413edf6ff7"]
&amp#27;[38;5;32m[AndroidUiautomator2Driver@6457 (32d2a80d)]&amp#27;[0m Valid locator strategies for this request: xpath, id, class name, accessibility id, css selector, -android uiautomator
&amp#27;[38;5;32m[AndroidUiautomator2Driver@6457 (32d2a80d)]&amp#27;[0m Waiting up to 10000 ms for condition
&amp#27;[38;5;32m[AndroidUiautomator2Driver@6457 (32d2a80d)]&amp#27;[0m Matched '/elements' to command name 'findElements'
&amp#27;[38;5;32m[AndroidUiautomator2Driver@6457 (32d2a80d)]&amp#27;[0m Proxying [POST /elements] to [POST http://127.0.0.1:8200/session/f5e84c71-f4f7-4f8e-aec7-33a82bd27fec/elements] with body: {"strategy":"id","selector":"com.fivemobile.thescore:id/view_inverse","context":"","multiple":true}
&amp#27;[38;5;32m[AndroidUiautomator2Driver@6457 (32d2a80d)]&amp#27;[0m Got response with status 200: {"sessionId":"f5e84c71-f4f7-4f8e-aec7-33a82bd27fec","value":[{"ELEMENT":"00000000-0000-000c-ffff-ffff00000629","element-6066-11e4-a52e-4f735466cecf":"00000000-0000-000c-ffff-ffff00000629"},{"ELEMENT":"00000000-0000-000c-ffff-ffff0000062f","element-6066-11e4-a52e-4f735466cecf":"00000000-0000-000c-ffff-ffff0000062f"},{"ELEMENT":"00000000-0000-000c-ffff-ffff00000635","element-6066-11e4-a52e-4f735466cecf":"00000000-0000-000c-ffff-ffff00000635"},{"ELEMENT":"00000000-0000-000c-ffff-ffff0000063b","element-6066-11e4-a52e-4f735466cecf":"00000000-0000-000c-ffff-ffff0000063b"},{"ELEMENT":"00000000-0000-000c-ffff-ffff00000641","element-6066-11e4-a52e-4f735466cecf":"00000000-0000-000c-ffff-ffff00000641"},{"ELEMENT":"00000000-0000-000c-ffff-ffff0000064b","element-6066-11e4-a52e-4f735466cecf":"00000000-0000-000c-ffff-ffff0000064b"},{"ELEMENT":"00000000-0000-000c-ffff-ffff00000651","element-6066-11e4-a52e-4f735466cecf":"00000000-0000-000c-ffff-ffff00000651"},{"ELEMENT":"00000000-0000-000c-ffff-ffff00000657","element-6066-...
&amp#27;[38;5;32m[AndroidUiautomator2Driver@6457 (32d2a80d)]&amp#27;[0m Responding to client with driver.findElements() result: [{"element-6066-11e4-a52e-4f735466cecf":"00000000-0000-000c-ffff-ffff00000629","ELEMENT":"00000000-0000-000c-ffff-ffff00000629"},{"element-6066-11e4-a52e-4f735466cecf":"00000000-0000-000c-ffff-ffff0000062f","ELEMENT":"00000000-0000-000c-ffff-ffff0000062f"},{"element-6066-11e4-a52e-4f735466cecf":"00000000-0000-000c-ffff-ffff00000635","ELEMENT":"00000000-0000-000c-ffff-ffff00000635"},{"element-6066-11e4-a52e-4f735466cecf":"00000000-0000-000c-ffff-ffff0000063b","ELEMENT":"00000000-0000-000c-ffff-ffff0000063b"},{"element-6066-11e4-a52e-4f735466cecf":"00000000-0000-000c-ffff-ffff00000641","ELEMENT":"00000000-0000-000c-ffff-ffff00000641"},{"element-6066-11e4-a52e-4f735466cecf":"00000000-0000-000c-ffff-ffff0000064b","ELEMENT":"00000000-0000-000c-ffff-ffff0000064b"},{"element-6066-11e4-a52e-4f735466cecf":"00000000-0000-000c-ffff-ffff00000651","ELEMENT":"00000000-0000-000c-ffff-ffff00000651"},{"element-6066-11e4-a52e-4f735466cecf":"00000000-0000-000c-ffff-ffff00000657","ELEMENT":"00000000-0000-000c-ffff-ffff0000065...
&amp#27;[38;5;0m[HTTP]&amp#27;[0m &amp#27;[37m<-- POST /session/32d2a80d-dc78-4f3e-a636-c5413edf6ff7/elements &amp#27;[39m&amp#27;[32m200&amp#27;[39m &amp#27;[90m91 ms - 1291&amp#27;[39m
&amp#27;[38;5;0m[HTTP]&amp#27;[0m &amp#27;[90m&amp#27;[39m
&amp#27;[38;5;0m[HTTP]&amp#27;[0m &amp#27;[37m-->&amp#27;[39m &amp#27;[37mGET&amp#27;[39m &amp#27;[37m/session/32d2a80d-dc78-4f3e-a636-c5413edf6ff7/element/00000000-0000-000c-ffff-ffff0000065d/displayed&amp#27;[39m
&amp#27;[38;5;0m[HTTP]&amp#27;[0m &amp#27;[90m{}&amp#27;[39m
&amp#27;[38;5;32m[AndroidUiautomator2Driver@6457 (32d2a80d)]&amp#27;[0m Calling AppiumDriver.elementDisplayed() with args: ["00000000-0000-000c-ffff-ffff0000065d","32d2a80d-dc78-4f3e-a636-c5413edf6ff7"]
&amp#27;[38;5;32m[AndroidUiautomator2Driver@6457 (32d2a80d)]&amp#27;[0m Matched '/element/00000000-0000-000c-ffff-ffff0000065d/attribute/displayed' to command name 'getAttribute'
&amp#27;[38;5;32m[AndroidUiautomator2Driver@6457 (32d2a80d)]&amp#27;[0m Proxying [GET /element/00000000-0000-000c-ffff-ffff0000065d/attribute/displayed] to [GET http://127.0.0.1:8200/session/f5e84c71-f4f7-4f8e-aec7-33a82bd27fec/element/00000000-0000-000c-ffff-ffff0000065d/attribute/displayed] with no body
&amp#27;[38;5;32m[AndroidUiautomator2Driver@6457 (32d2a80d)]&amp#27;[0m Got response with status 200: {"sessionId":"f5e84c71-f4f7-4f8e-aec7-33a82bd27fec","value":"true"}
&amp#27;[38;5;32m[AndroidUiautomator2Driver@6457 (32d2a80d)]&amp#27;[0m Responding to client with driver.elementDisplayed() result: true
&amp#27;[38;5;0m[HTTP]&amp#27;[0m &amp#27;[37m<-- GET /session/32d2a80d-dc78-4f3e-a636-c5413edf6ff7/element/00000000-0000-000c-ffff-ffff0000065d/displayed &amp#27;[39m&amp#27;[32m200&amp#27;[39m &amp#27;[90m8 ms - 14&amp#27;[39m
&amp#27;[38;5;0m[HTTP]&amp#27;[0m &amp#27;[90m&amp#27;[39m
&amp#27;[38;5;0m[HTTP]&amp#27;[0m &amp#27;[37m-->&amp#27;[39m &amp#27;[37mGET&amp#27;[39m &amp#27;[37m/session/32d2a80d-dc78-4f3e-a636-c5413edf6ff7/context&amp#27;[39m
&amp#27;[38;5;0m[HTTP]&amp#27;[0m &amp#27;[90m{}&amp#27;[39m
&amp#27;[38;5;32m[AndroidUiautomator2Driver@6457 (32d2a80d)]&amp#27;[0m Calling AppiumDriver.getCurrentContext() with args: ["32d2a80d-dc78-4f3e-a636-c5413edf6ff7"]
&amp#27;[38;5;32m[AndroidUiautomator2Driver@6457 (32d2a80d)]&amp#27;[0m Responding to client with driver.getCurrentContext() result: "NATIVE_APP"
&amp#27;[38;5;0m[HTTP]&amp#27;[0m &amp#27;[37m<-- GET /session/32d2a80d-dc78-4f3e-a636-c5413edf6ff7/context &amp#27;[39m&amp#27;[32m200&amp#27;[39m &amp#27;[90m0 ms - 22&amp#27;[39m
&amp#27;[38;5;0m[HTTP]&amp#27;[0m &amp#27;[90m&amp#27;[39m
&amp#27;[38;5;0m[HTTP]&amp#27;[0m &amp#27;[37m-->&amp#27;[39m &amp#27;[37mPOST&amp#27;[39m &amp#27;[37m/session/32d2a80d-dc78-4f3e-a636-c5413edf6ff7/elements&amp#27;[39m
&amp#27;[38;5;0m[HTTP]&amp#27;[0m &amp#27;[90m{"value":"com.fivemobile.thescore:id/view_inverse","using":"id"}&amp#27;[39m
&amp#27;[38;5;32m[AndroidUiautomator2Driver@6457 (32d2a80d)]&amp#27;[0m Calling AppiumDriver.findElements() with args: ["id","com.fivemobile.thescore:id/view_inverse","32d2a80d-dc78-4f3e-a636-c5413edf6ff7"]
&amp#27;[38;5;32m[AndroidUiautomator2Driver@6457 (32d2a80d)]&amp#27;[0m Valid locator strategies for this request: xpath, id, class name, accessibility id, css selector, -android uiautomator
&amp#27;[38;5;32m[AndroidUiautomator2Driver@6457 (32d2a80d)]&amp#27;[0m Waiting up to 10000 ms for condition
&amp#27;[38;5;32m[AndroidUiautomator2Driver@6457 (32d2a80d)]&amp#27;[0m Matched '/elements' to command name 'findElements'
&amp#27;[38;5;32m[AndroidUiautomator2Driver@6457 (32d2a80d)]&amp#27;[0m Proxying [POST /elements] to [POST http://127.0.0.1:8200/session/f5e84c71-f4f7-4f8e-aec7-33a82bd27fec/elements] with body: {"strategy":"id","selector":"com.fivemobile.thescore:id/view_inverse","context":"","multiple":true}
&amp#27;[38;5;32m[AndroidUiautomator2Driver@6457 (32d2a80d)]&amp#27;[0m Got response with status 200: {"sessionId":"f5e84c71-f4f7-4f8e-aec7-33a82bd27fec","value":[{"ELEMENT":"00000000-0000-000c-ffff-ffff00000629","element-6066-11e4-a52e-4f735466cecf":"00000000-0000-000c-ffff-ffff00000629"},{"ELEMENT":"00000000-0000-000c-ffff-ffff0000062f","element-6066-11e4-a52e-4f735466cecf":"00000000-0000-000c-ffff-ffff0000062f"},{"ELEMENT":"00000000-0000-000c-ffff-ffff00000635","element-6066-11e4-a52e-4f735466cecf":"00000000-0000-000c-ffff-ffff00000635"},{"ELEMENT":"00000000-0000-000c-ffff-ffff0000063b","element-6066-11e4-a52e-4f735466cecf":"00000000-0000-000c-ffff-ffff0000063b"},{"ELEMENT":"00000000-0000-000c-ffff-ffff00000641","element-6066-11e4-a52e-4f735466cecf":"00000000-0000-000c-ffff-ffff00000641"},{"ELEMENT":"00000000-0000-000c-ffff-ffff0000064b","element-6066-11e4-a52e-4f735466cecf":"00000000-0000-000c-ffff-ffff0000064b"},{"ELEMENT":"00000000-0000-000c-ffff-ffff00000651","element-6066-11e4-a52e-4f735466cecf":"00000000-0000-000c-ffff-ffff00000651"},{"ELEMENT":"00000000-0000-000c-ffff-ffff00000657","element-6066-...
&amp#27;[38;5;32m[AndroidUiautomator2Driver@6457 (32d2a80d)]&amp#27;[0m Responding to client with driver.findElements() result: [{"element-6066-11e4-a52e-4f735466cecf":"00000000-0000-000c-ffff-ffff00000629","ELEMENT":"00000000-0000-000c-ffff-ffff00000629"},{"element-6066-11e4-a52e-4f735466cecf":"00000000-0000-000c-ffff-ffff0000062f","ELEMENT":"00000000-0000-000c-ffff-ffff0000062f"},{"element-6066-11e4-a52e-4f735466cecf":"00000000-0000-000c-ffff-ffff00000635","ELEMENT":"00000000-0000-000c-ffff-ffff00000635"},{"element-6066-11e4-a52e-4f735466cecf":"00000000-0000-000c-ffff-ffff0000063b","ELEMENT":"00000000-0000-000c-ffff-ffff0000063b"},{"element-6066-11e4-a52e-4f735466cecf":"00000000-0000-000c-ffff-ffff00000641","ELEMENT":"00000000-0000-000c-ffff-ffff00000641"},{"element-6066-11e4-a52e-4f735466cecf":"00000000-0000-000c-ffff-ffff0000064b","ELEMENT":"00000000-0000-000c-ffff-ffff0000064b"},{"element-6066-11e4-a52e-4f735466cecf":"00000000-0000-000c-ffff-ffff00000651","ELEMENT":"00000000-0000-000c-ffff-ffff00000651"},{"element-6066-11e4-a52e-4f735466cecf":"00000000-0000-000c-ffff-ffff00000657","ELEMENT":"00000000-0000-000c-ffff-ffff0000065...
&amp#27;[38;5;0m[HTTP]&amp#27;[0m &amp#27;[37m<-- POST /session/32d2a80d-dc78-4f3e-a636-c5413edf6ff7/elements &amp#27;[39m&amp#27;[32m200&amp#27;[39m &amp#27;[90m98 ms - 1291&amp#27;[39m
&amp#27;[38;5;0m[HTTP]&amp#27;[0m &amp#27;[90m&amp#27;[39m
&amp#27;[38;5;0m[HTTP]&amp#27;[0m &amp#27;[37m-->&amp#27;[39m &amp#27;[37mGET&amp#27;[39m &amp#27;[37m/session/32d2a80d-dc78-4f3e-a636-c5413edf6ff7/context&amp#27;[39m
&amp#27;[38;5;0m[HTTP]&amp#27;[0m &amp#27;[90m{}&amp#27;[39m
&amp#27;[38;5;32m[AndroidUiautomator2Driver@6457 (32d2a80d)]&amp#27;[0m Calling AppiumDriver.getCurrentContext() with args: ["32d2a80d-dc78-4f3e-a636-c5413edf6ff7"]
&amp#27;[38;5;32m[AndroidUiautomator2Driver@6457 (32d2a80d)]&amp#27;[0m Responding to client with driver.getCurrentContext() result: "NATIVE_APP"
&amp#27;[38;5;0m[HTTP]&amp#27;[0m &amp#27;[37m<-- GET /session/32d2a80d-dc78-4f3e-a636-c5413edf6ff7/context &amp#27;[39m&amp#27;[32m200&amp#27;[39m &amp#27;[90m0 ms - 22&amp#27;[39m
&amp#27;[38;5;0m[HTTP]&amp#27;[0m &amp#27;[90m&amp#27;[39m
&amp#27;[38;5;0m[HTTP]&amp#27;[0m &amp#27;[37m-->&amp#27;[39m &amp#27;[37mPOST&amp#27;[39m &amp#27;[37m/session/32d2a80d-dc78-4f3e-a636-c5413edf6ff7/elements&amp#27;[39m
&amp#27;[38;5;0m[HTTP]&amp#27;[0m &amp#27;[90m{"value":"com.fivemobile.thescore:id/view_inverse","using":"id"}&amp#27;[39m
&amp#27;[38;5;32m[AndroidUiautomator2Driver@6457 (32d2a80d)]&amp#27;[0m Calling AppiumDriver.findElements() with args: ["id","com.fivemobile.thescore:id/view_inverse","32d2a80d-dc78-4f3e-a636-c5413edf6ff7"]
&amp#27;[38;5;32m[AndroidUiautomator2Driver@6457 (32d2a80d)]&amp#27;[0m Valid locator strategies for this request: xpath, id, class name, accessibility id, css selector, -android uiautomator
&amp#27;[38;5;32m[AndroidUiautomator2Driver@6457 (32d2a80d)]&amp#27;[0m Waiting up to 10000 ms for condition
&amp#27;[38;5;32m[AndroidUiautomator2Driver@6457 (32d2a80d)]&amp#27;[0m Matched '/elements' to command name 'findElements'
&amp#27;[38;5;32m[AndroidUiautomator2Driver@6457 (32d2a80d)]&amp#27;[0m Proxying [POST /elements] to [POST http://127.0.0.1:8200/session/f5e84c71-f4f7-4f8e-aec7-33a82bd27fec/elements] with body: {"strategy":"id","selector":"com.fivemobile.thescore:id/view_inverse","context":"","multiple":true}
&amp#27;[38;5;32m[AndroidUiautomator2Driver@6457 (32d2a80d)]&amp#27;[0m Got response with status 200: {"sessionId":"f5e84c71-f4f7-4f8e-aec7-33a82bd27fec","value":[{"ELEMENT":"00000000-0000-000c-ffff-ffff00000629","element-6066-11e4-a52e-4f735466cecf":"00000000-0000-000c-ffff-ffff00000629"},{"ELEMENT":"00000000-0000-000c-ffff-ffff0000062f","element-6066-11e4-a52e-4f735466cecf":"00000000-0000-000c-ffff-ffff0000062f"},{"ELEMENT":"00000000-0000-000c-ffff-ffff00000635","element-6066-11e4-a52e-4f735466cecf":"00000000-0000-000c-ffff-ffff00000635"},{"ELEMENT":"00000000-0000-000c-ffff-ffff0000063b","element-6066-11e4-a52e-4f735466cecf":"00000000-0000-000c-ffff-ffff0000063b"},{"ELEMENT":"00000000-0000-000c-ffff-ffff00000641","element-6066-11e4-a52e-4f735466cecf":"00000000-0000-000c-ffff-ffff00000641"},{"ELEMENT":"00000000-0000-000c-ffff-ffff0000064b","element-6066-11e4-a52e-4f735466cecf":"00000000-0000-000c-ffff-ffff0000064b"},{"ELEMENT":"00000000-0000-000c-ffff-ffff00000651","element-6066-11e4-a52e-4f735466cecf":"00000000-0000-000c-ffff-ffff00000651"},{"ELEMENT":"00000000-0000-000c-ffff-ffff00000657","element-6066-...
&amp#27;[38;5;32m[AndroidUiautomator2Driver@6457 (32d2a80d)]&amp#27;[0m Responding to client with driver.findElements() result: [{"element-6066-11e4-a52e-4f735466cecf":"00000000-0000-000c-ffff-ffff00000629","ELEMENT":"00000000-0000-000c-ffff-ffff00000629"},{"element-6066-11e4-a52e-4f735466cecf":"00000000-0000-000c-ffff-ffff0000062f","ELEMENT":"00000000-0000-000c-ffff-ffff0000062f"},{"element-6066-11e4-a52e-4f735466cecf":"00000000-0000-000c-ffff-ffff00000635","ELEMENT":"00000000-0000-000c-ffff-ffff00000635"},{"element-6066-11e4-a52e-4f735466cecf":"00000000-0000-000c-ffff-ffff0000063b","ELEMENT":"00000000-0000-000c-ffff-ffff0000063b"},{"element-6066-11e4-a52e-4f735466cecf":"00000000-0000-000c-ffff-ffff00000641","ELEMENT":"00000000-0000-000c-ffff-ffff00000641"},{"element-6066-11e4-a52e-4f735466cecf":"00000000-0000-000c-ffff-ffff0000064b","ELEMENT":"00000000-0000-000c-ffff-ffff0000064b"},{"element-6066-11e4-a52e-4f735466cecf":"00000000-0000-000c-ffff-ffff00000651","ELEMENT":"00000000-0000-000c-ffff-ffff00000651"},{"element-6066-11e4-a52e-4f735466cecf":"00000000-0000-000c-ffff-ffff00000657","ELEMENT":"00000000-0000-000c-ffff-ffff0000065...
&amp#27;[38;5;0m[HTTP]&amp#27;[0m &amp#27;[37m<-- POST /session/32d2a80d-dc78-4f3e-a636-c5413edf6ff7/elements &amp#27;[39m&amp#27;[32m200&amp#27;[39m &amp#27;[90m91 ms - 1291&amp#27;[39m
&amp#27;[38;5;0m[HTTP]&amp#27;[0m &amp#27;[90m&amp#27;[39m
&amp#27;[38;5;0m[HTTP]&amp#27;[0m &amp#27;[37m-->&amp#27;[39m &amp#27;[37mGET&amp#27;[39m &amp#27;[37m/session/32d2a80d-dc78-4f3e-a636-c5413edf6ff7/element/00000000-0000-000c-ffff-ffff00000663/displayed&amp#27;[39m
&amp#27;[38;5;0m[HTTP]&amp#27;[0m &amp#27;[90m{}&amp#27;[39m
&amp#27;[38;5;32m[AndroidUiautomator2Driver@6457 (32d2a80d)]&amp#27;[0m Calling AppiumDriver.elementDisplayed() with args: ["00000000-0000-000c-ffff-ffff00000663","32d2a80d-dc78-4f3e-a636-c5413edf6ff7"]
&amp#27;[38;5;32m[AndroidUiautomator2Driver@6457 (32d2a80d)]&amp#27;[0m Matched '/element/00000000-0000-000c-ffff-ffff00000663/attribute/displayed' to command name 'getAttribute'
&amp#27;[38;5;32m[AndroidUiautomator2Driver@6457 (32d2a80d)]&amp#27;[0m Proxying [GET /element/00000000-0000-000c-ffff-ffff00000663/attribute/displayed] to [GET http://127.0.0.1:8200/session/f5e84c71-f4f7-4f8e-aec7-33a82bd27fec/element/00000000-0000-000c-ffff-ffff00000663/attribute/displayed] with no body
&amp#27;[38;5;32m[AndroidUiautomator2Driver@6457 (32d2a80d)]&amp#27;[0m Got response with status 200: {"sessionId":"f5e84c71-f4f7-4f8e-aec7-33a82bd27fec","value":"true"}
&amp#27;[38;5;32m[AndroidUiautomator2Driver@6457 (32d2a80d)]&amp#27;[0m Responding to client with driver.elementDisplayed() result: true
&amp#27;[38;5;0m[HTTP]&amp#27;[0m &amp#27;[37m<-- GET /session/32d2a80d-dc78-4f3e-a636-c5413edf6ff7/element/00000000-0000-000c-ffff-ffff00000663/displayed &amp#27;[39m&amp#27;[32m200&amp#27;[39m &amp#27;[90m11 ms - 14&amp#27;[39m
&amp#27;[38;5;0m[HTTP]&amp#27;[0m &amp#27;[90m&amp#27;[39m
&amp#27;[38;5;0m[HTTP]&amp#27;[0m &amp#27;[37m-->&amp#27;[39m &amp#27;[37mGET&amp#27;[39m &amp#27;[37m/session/32d2a80d-dc78-4f3e-a636-c5413edf6ff7/context&amp#27;[39m
&amp#27;[38;5;0m[HTTP]&amp#27;[0m &amp#27;[90m{}&amp#27;[39m
&amp#27;[38;5;32m[AndroidUiautomator2Driver@6457 (32d2a80d)]&amp#27;[0m Calling AppiumDriver.getCurrentContext() with args: ["32d2a80d-dc78-4f3e-a636-c5413edf6ff7"]
&amp#27;[38;5;32m[AndroidUiautomator2Driver@6457 (32d2a80d)]&amp#27;[0m Responding to client with driver.getCurrentContext() result: "NATIVE_APP"
&amp#27;[38;5;0m[HTTP]&amp#27;[0m &amp#27;[37m<-- GET /session/32d2a80d-dc78-4f3e-a636-c5413edf6ff7/context &amp#27;[39m&amp#27;[32m200&amp#27;[39m &amp#27;[90m0 ms - 22&amp#27;[39m
&amp#27;[38;5;0m[HTTP]&amp#27;[0m &amp#27;[90m&amp#27;[39m
&amp#27;[38;5;0m[HTTP]&amp#27;[0m &amp#27;[37m-->&amp#27;[39m &amp#27;[37mPOST&amp#27;[39m &amp#27;[37m/session/32d2a80d-dc78-4f3e-a636-c5413edf6ff7/elements&amp#27;[39m
&amp#27;[38;5;0m[HTTP]&amp#27;[0m &amp#27;[90m{"value":"com.fivemobile.thescore:id/view_inverse","using":"id"}&amp#27;[39m
&amp#27;[38;5;32m[AndroidUiautomator2Driver@6457 (32d2a80d)]&amp#27;[0m Calling AppiumDriver.findElements() with args: ["id","com.fivemobile.thescore:id/view_inverse","32d2a80d-dc78-4f3e-a636-c5413edf6ff7"]
&amp#27;[38;5;32m[AndroidUiautomator2Driver@6457 (32d2a80d)]&amp#27;[0m Valid locator strategies for this request: xpath, id, class name, accessibility id, css selector, -android uiautomator
&amp#27;[38;5;32m[AndroidUiautomator2Driver@6457 (32d2a80d)]&amp#27;[0m Waiting up to 10000 ms for condition
&amp#27;[38;5;32m[AndroidUiautomator2Driver@6457 (32d2a80d)]&amp#27;[0m Matched '/elements' to command name 'findElements'
&amp#27;[38;5;32m[AndroidUiautomator2Driver@6457 (32d2a80d)]&amp#27;[0m Proxying [POST /elements] to [POST http://127.0.0.1:8200/session/f5e84c71-f4f7-4f8e-aec7-33a82bd27fec/elements] with body: {"strategy":"id","selector":"com.fivemobile.thescore:id/view_inverse","context":"","multiple":true}
&amp#27;[38;5;32m[AndroidUiautomator2Driver@6457 (32d2a80d)]&amp#27;[0m Got response with status 200: {"sessionId":"f5e84c71-f4f7-4f8e-aec7-33a82bd27fec","value":[{"ELEMENT":"00000000-0000-000c-ffff-ffff00000629","element-6066-11e4-a52e-4f735466cecf":"00000000-0000-000c-ffff-ffff00000629"},{"ELEMENT":"00000000-0000-000c-ffff-ffff0000062f","element-6066-11e4-a52e-4f735466cecf":"00000000-0000-000c-ffff-ffff0000062f"},{"ELEMENT":"00000000-0000-000c-ffff-ffff00000635","element-6066-11e4-a52e-4f735466cecf":"00000000-0000-000c-ffff-ffff00000635"},{"ELEMENT":"00000000-0000-000c-ffff-ffff0000063b","element-6066-11e4-a52e-4f735466cecf":"00000000-0000-000c-ffff-ffff0000063b"},{"ELEMENT":"00000000-0000-000c-ffff-ffff00000641","element-6066-11e4-a52e-4f735466cecf":"00000000-0000-000c-ffff-ffff00000641"},{"ELEMENT":"00000000-0000-000c-ffff-ffff0000064b","element-6066-11e4-a52e-4f735466cecf":"00000000-0000-000c-ffff-ffff0000064b"},{"ELEMENT":"00000000-0000-000c-ffff-ffff00000651","element-6066-11e4-a52e-4f735466cecf":"00000000-0000-000c-ffff-ffff00000651"},{"ELEMENT":"00000000-0000-000c-ffff-ffff00000657","element-6066-...
&amp#27;[38;5;32m[AndroidUiautomator2Driver@6457 (32d2a80d)]&amp#27;[0m Responding to client with driver.findElements() result: [{"element-6066-11e4-a52e-4f735466cecf":"00000000-0000-000c-ffff-ffff00000629","ELEMENT":"00000000-0000-000c-ffff-ffff00000629"},{"element-6066-11e4-a52e-4f735466cecf":"00000000-0000-000c-ffff-ffff0000062f","ELEMENT":"00000000-0000-000c-ffff-ffff0000062f"},{"element-6066-11e4-a52e-4f735466cecf":"00000000-0000-000c-ffff-ffff00000635","ELEMENT":"00000000-0000-000c-ffff-ffff00000635"},{"element-6066-11e4-a52e-4f735466cecf":"00000000-0000-000c-ffff-ffff0000063b","ELEMENT":"00000000-0000-000c-ffff-ffff0000063b"},{"element-6066-11e4-a52e-4f735466cecf":"00000000-0000-000c-ffff-ffff00000641","ELEMENT":"00000000-0000-000c-ffff-ffff00000641"},{"element-6066-11e4-a52e-4f735466cecf":"00000000-0000-000c-ffff-ffff0000064b","ELEMENT":"00000000-0000-000c-ffff-ffff0000064b"},{"element-6066-11e4-a52e-4f735466cecf":"00000000-0000-000c-ffff-ffff00000651","ELEMENT":"00000000-0000-000c-ffff-ffff00000651"},{"element-6066-11e4-a52e-4f735466cecf":"00000000-0000-000c-ffff-ffff00000657","ELEMENT":"00000000-0000-000c-ffff-ffff0000065...
&amp#27;[38;5;0m[HTTP]&amp#27;[0m &amp#27;[37m<-- POST /session/32d2a80d-dc78-4f3e-a636-c5413edf6ff7/elements &amp#27;[39m&amp#27;[32m200&amp#27;[39m &amp#27;[90m106 ms - 1291&amp#27;[39m
&amp#27;[38;5;0m[HTTP]&amp#27;[0m &amp#27;[90m&amp#27;[39m
&amp#27;[38;5;0m[HTTP]&amp#27;[0m &amp#27;[37m-->&amp#27;[39m &amp#27;[37mGET&amp#27;[39m &amp#27;[37m/session/32d2a80d-dc78-4f3e-a636-c5413edf6ff7/context&amp#27;[39m
&amp#27;[38;5;0m[HTTP]&amp#27;[0m &amp#27;[90m{}&amp#27;[39m
&amp#27;[38;5;32m[AndroidUiautomator2Driver@6457 (32d2a80d)]&amp#27;[0m Calling AppiumDriver.getCurrentContext() with args: ["32d2a80d-dc78-4f3e-a636-c5413edf6ff7"]
&amp#27;[38;5;32m[AndroidUiautomator2Driver@6457 (32d2a80d)]&amp#27;[0m Responding to client with driver.getCurrentContext() result: "NATIVE_APP"
&amp#27;[38;5;0m[HTTP]&amp#27;[0m &amp#27;[37m<-- GET /session/32d2a80d-dc78-4f3e-a636-c5413edf6ff7/context &amp#27;[39m&amp#27;[32m200&amp#27;[39m &amp#27;[90m0 ms - 22&amp#27;[39m
&amp#27;[38;5;0m[HTTP]&amp#27;[0m &amp#27;[90m&amp#27;[39m
&amp#27;[38;5;0m[HTTP]&amp#27;[0m &amp#27;[37m-->&amp#27;[39m &amp#27;[37mPOST&amp#27;[39m &amp#27;[37m/session/32d2a80d-dc78-4f3e-a636-c5413edf6ff7/element&amp#27;[39m
&amp#27;[38;5;0m[HTTP]&amp#27;[0m &amp#27;[90m{"value":"Navigate up","using":"accessibility id"}&amp#27;[39m
&amp#27;[38;5;32m[AndroidUiautomator2Driver@6457 (32d2a80d)]&amp#27;[0m Calling AppiumDriver.findElement() with args: ["accessibility id","Navigate up","32d2a80d-dc78-4f3e-a636-c5413edf6ff7"]
&amp#27;[38;5;32m[AndroidUiautomator2Driver@6457 (32d2a80d)]&amp#27;[0m Valid locator strategies for this request: xpath, id, class name, accessibility id, css selector, -android uiautomator
&amp#27;[38;5;32m[AndroidUiautomator2Driver@6457 (32d2a80d)]&amp#27;[0m Waiting up to 10000 ms for condition
&amp#27;[38;5;32m[AndroidUiautomator2Driver@6457 (32d2a80d)]&amp#27;[0m Matched '/element' to command name 'findElement'
&amp#27;[38;5;32m[AndroidUiautomator2Driver@6457 (32d2a80d)]&amp#27;[0m Proxying [POST /element] to [POST http://127.0.0.1:8200/session/f5e84c71-f4f7-4f8e-aec7-33a82bd27fec/element] with body: {"strategy":"accessibility id","selector":"Navigate up","context":"","multiple":false}
&amp#27;[38;5;32m[AndroidUiautomator2Driver@6457 (32d2a80d)]&amp#27;[0m Got response with status 200: {"sessionId":"f5e84c71-f4f7-4f8e-aec7-33a82bd27fec","value":{"ELEMENT":"00000000-0000-000c-ffff-ffff000004fc","element-6066-11e4-a52e-4f735466cecf":"00000000-0000-000c-ffff-ffff000004fc"}}
&amp#27;[38;5;32m[AndroidUiautomator2Driver@6457 (32d2a80d)]&amp#27;[0m Responding to client with driver.findElement() result: {"element-6066-11e4-a52e-4f735466cecf":"00000000-0000-000c-ffff-ffff000004fc","ELEMENT":"00000000-0000-000c-ffff-ffff000004fc"}
&amp#27;[38;5;0m[HTTP]&amp#27;[0m &amp#27;[37m<-- POST /session/32d2a80d-dc78-4f3e-a636-c5413edf6ff7/element &amp#27;[39m&amp#27;[32m200&amp#27;[39m &amp#27;[90m23 ms - 137&amp#27;[39m
&amp#27;[38;5;0m[HTTP]&amp#27;[0m &amp#27;[90m&amp#27;[39m
&amp#27;[38;5;0m[HTTP]&amp#27;[0m &amp#27;[37m-->&amp#27;[39m &amp#27;[37mPOST&amp#27;[39m &amp#27;[37m/session/32d2a80d-dc78-4f3e-a636-c5413edf6ff7/element/00000000-0000-000c-ffff-ffff000004fc/click&amp#27;[39m
&amp#27;[38;5;0m[HTTP]&amp#27;[0m &amp#27;[90m{"id":"00000000-0000-000c-ffff-ffff000004fc"}&amp#27;[39m
&amp#27;[38;5;32m[AndroidUiautomator2Driver@6457 (32d2a80d)]&amp#27;[0m Calling AppiumDriver.click() with args: ["00000000-0000-000c-ffff-ffff000004fc","32d2a80d-dc78-4f3e-a636-c5413edf6ff7"]
&amp#27;[38;5;32m[AndroidUiautomator2Driver@6457 (32d2a80d)]&amp#27;[0m Matched '/element/00000000-0000-000c-ffff-ffff000004fc/click' to command name 'click'
&amp#27;[38;5;32m[AndroidUiautomator2Driver@6457 (32d2a80d)]&amp#27;[0m Proxying [POST /element/00000000-0000-000c-ffff-ffff000004fc/click] to [POST http://127.0.0.1:8200/session/f5e84c71-f4f7-4f8e-aec7-33a82bd27fec/element/00000000-0000-000c-ffff-ffff000004fc/click] with body: {"element":"00000000-0000-000c-ffff-ffff000004fc"}
&amp#27;[38;5;32m[AndroidUiautomator2Driver@6457 (32d2a80d)]&amp#27;[0m Got response with status 200: {"sessionId":"f5e84c71-f4f7-4f8e-aec7-33a82bd27fec","value":null}
&amp#27;[38;5;32m[AndroidUiautomator2Driver@6457 (32d2a80d)]&amp#27;[0m Responding to client with driver.click() result: null
&amp#27;[38;5;0m[HTTP]&amp#27;[0m &amp#27;[37m<-- POST /session/32d2a80d-dc78-4f3e-a636-c5413edf6ff7/element/00000000-0000-000c-ffff-ffff000004fc/click &amp#27;[39m&amp#27;[32m200&amp#27;[39m &amp#27;[90m1059 ms - 14&amp#27;[39m
&amp#27;[38;5;0m[HTTP]&amp#27;[0m &amp#27;[90m&amp#27;[39m
&amp#27;[38;5;0m[HTTP]&amp#27;[0m &amp#27;[37m-->&amp#27;[39m &amp#27;[37mGET&amp#27;[39m &amp#27;[37m/session/32d2a80d-dc78-4f3e-a636-c5413edf6ff7/context&amp#27;[39m
&amp#27;[38;5;0m[HTTP]&amp#27;[0m &amp#27;[90m{}&amp#27;[39m
&amp#27;[38;5;32m[AndroidUiautomator2Driver@6457 (32d2a80d)]&amp#27;[0m Calling AppiumDriver.getCurrentContext() with args: ["32d2a80d-dc78-4f3e-a636-c5413edf6ff7"]
&amp#27;[38;5;32m[AndroidUiautomator2Driver@6457 (32d2a80d)]&amp#27;[0m Responding to client with driver.getCurrentContext() result: "NATIVE_APP"
&amp#27;[38;5;0m[HTTP]&amp#27;[0m &amp#27;[37m<-- GET /session/32d2a80d-dc78-4f3e-a636-c5413edf6ff7/context &amp#27;[39m&amp#27;[32m200&amp#27;[39m &amp#27;[90m1 ms - 22&amp#27;[39m
&amp#27;[38;5;0m[HTTP]&amp#27;[0m &amp#27;[90m&amp#27;[39m
&amp#27;[38;5;0m[HTTP]&amp#27;[0m &amp#27;[37m-->&amp#27;[39m &amp#27;[37mPOST&amp#27;[39m &amp#27;[37m/session/32d2a80d-dc78-4f3e-a636-c5413edf6ff7/element&amp#27;[39m
&amp#27;[38;5;0m[HTTP]&amp#27;[0m &amp#27;[90m{"value":"com.fivemobile.thescore:id/search_src_text","using":"id"}&amp#27;[39m
&amp#27;[38;5;32m[AndroidUiautomator2Driver@6457 (32d2a80d)]&amp#27;[0m Calling AppiumDriver.findElement() with args: ["id","com.fivemobile.thescore:id/search_src_text","32d2a80d-dc78-4f3e-a636-c5413edf6ff7"]
&amp#27;[38;5;32m[AndroidUiautomator2Driver@6457 (32d2a80d)]&amp#27;[0m Valid locator strategies for this request: xpath, id, class name, accessibility id, css selector, -android uiautomator
&amp#27;[38;5;32m[AndroidUiautomator2Driver@6457 (32d2a80d)]&amp#27;[0m Waiting up to 10000 ms for condition
&amp#27;[38;5;32m[AndroidUiautomator2Driver@6457 (32d2a80d)]&amp#27;[0m Matched '/element' to command name 'findElement'
&amp#27;[38;5;32m[AndroidUiautomator2Driver@6457 (32d2a80d)]&amp#27;[0m Proxying [POST /element] to [POST http://127.0.0.1:8200/session/f5e84c71-f4f7-4f8e-aec7-33a82bd27fec/element] with body: {"strategy":"id","selector":"com.fivemobile.thescore:id/search_src_text","context":"","multiple":false}
&amp#27;[38;5;32m[AndroidUiautomator2Driver@6457 (32d2a80d)]&amp#27;[0m Got response with status 200: {"sessionId":"f5e84c71-f4f7-4f8e-aec7-33a82bd27fec","value":{"ELEMENT":"00000000-0000-000c-ffff-ffff00000794","element-6066-11e4-a52e-4f735466cecf":"00000000-0000-000c-ffff-ffff00000794"}}
&amp#27;[38;5;32m[AndroidUiautomator2Driver@6457 (32d2a80d)]&amp#27;[0m Responding to client with driver.findElement() result: {"element-6066-11e4-a52e-4f735466cecf":"00000000-0000-000c-ffff-ffff00000794","ELEMENT":"00000000-0000-000c-ffff-ffff00000794"}
&amp#27;[38;5;0m[HTTP]&amp#27;[0m &amp#27;[37m<-- POST /session/32d2a80d-dc78-4f3e-a636-c5413edf6ff7/element &amp#27;[39m&amp#27;[32m200&amp#27;[39m &amp#27;[90m21 ms - 137&amp#27;[39m
&amp#27;[38;5;0m[HTTP]&amp#27;[0m &amp#27;[90m&amp#27;[39m
&amp#27;[38;5;0m[HTTP]&amp#27;[0m &amp#27;[37m-->&amp#27;[39m &amp#27;[37mGET&amp#27;[39m &amp#27;[37m/session/32d2a80d-dc78-4f3e-a636-c5413edf6ff7/element/00000000-0000-000c-ffff-ffff00000794/displayed&amp#27;[39m
&amp#27;[38;5;0m[HTTP]&amp#27;[0m &amp#27;[90m{}&amp#27;[39m
&amp#27;[38;5;32m[AndroidUiautomator2Driver@6457 (32d2a80d)]&amp#27;[0m Calling AppiumDriver.elementDisplayed() with args: ["00000000-0000-000c-ffff-ffff00000794","32d2a80d-dc78-4f3e-a636-c5413edf6ff7"]
&amp#27;[38;5;32m[AndroidUiautomator2Driver@6457 (32d2a80d)]&amp#27;[0m Matched '/element/00000000-0000-000c-ffff-ffff00000794/attribute/displayed' to command name 'getAttribute'
&amp#27;[38;5;32m[AndroidUiautomator2Driver@6457 (32d2a80d)]&amp#27;[0m Proxying [GET /element/00000000-0000-000c-ffff-ffff00000794/attribute/displayed] to [GET http://127.0.0.1:8200/session/f5e84c71-f4f7-4f8e-aec7-33a82bd27fec/element/00000000-0000-000c-ffff-ffff00000794/attribute/displayed] with no body
&amp#27;[38;5;32m[AndroidUiautomator2Driver@6457 (32d2a80d)]&amp#27;[0m Got response with status 200: {"sessionId":"f5e84c71-f4f7-4f8e-aec7-33a82bd27fec","value":"true"}
&amp#27;[38;5;32m[AndroidUiautomator2Driver@6457 (32d2a80d)]&amp#27;[0m Responding to client with driver.elementDisplayed() result: true
&amp#27;[38;5;0m[HTTP]&amp#27;[0m &amp#27;[37m<-- GET /session/32d2a80d-dc78-4f3e-a636-c5413edf6ff7/element/00000000-0000-000c-ffff-ffff00000794/displayed &amp#27;[39m&amp#27;[32m200&amp#27;[39m &amp#27;[90m10 ms - 14&amp#27;[39m
&amp#27;[38;5;0m[HTTP]&amp#27;[0m &amp#27;[90m&amp#27;[39m
&amp#27;[38;5;0m[HTTP]&amp#27;[0m &amp#27;[37m-->&amp#27;[39m &amp#27;[37mGET&amp#27;[39m &amp#27;[37m/session/32d2a80d-dc78-4f3e-a636-c5413edf6ff7/context&amp#27;[39m
&amp#27;[38;5;0m[HTTP]&amp#27;[0m &amp#27;[90m{}&amp#27;[39m
&amp#27;[38;5;32m[AndroidUiautomator2Driver@6457 (32d2a80d)]&amp#27;[0m Calling AppiumDriver.getCurrentContext() with args: ["32d2a80d-dc78-4f3e-a636-c5413edf6ff7"]
&amp#27;[38;5;32m[AndroidUiautomator2Driver@6457 (32d2a80d)]&amp#27;[0m Responding to client with driver.getCurrentContext() result: "NATIVE_APP"
&amp#27;[38;5;0m[HTTP]&amp#27;[0m &amp#27;[37m<-- GET /session/32d2a80d-dc78-4f3e-a636-c5413edf6ff7/context &amp#27;[39m&amp#27;[32m200&amp#27;[39m &amp#27;[90m1 ms - 22&amp#27;[39m
&amp#27;[38;5;0m[HTTP]&amp#27;[0m &amp#27;[90m&amp#27;[39m
&amp#27;[38;5;0m[HTTP]&amp#27;[0m &amp#27;[37m-->&amp#27;[39m &amp#27;[37mPOST&amp#27;[39m &amp#27;[37m/session/32d2a80d-dc78-4f3e-a636-c5413edf6ff7/element&amp#27;[39m
&amp#27;[38;5;0m[HTTP]&amp#27;[0m &amp#27;[90m{"value":"All","using":"accessibility id"}&amp#27;[39m
&amp#27;[38;5;32m[AndroidUiautomator2Driver@6457 (32d2a80d)]&amp#27;[0m Calling AppiumDriver.findElement() with args: ["accessibility id","All","32d2a80d-dc78-4f3e-a636-c5413edf6ff7"]
&amp#27;[38;5;32m[AndroidUiautomator2Driver@6457 (32d2a80d)]&amp#27;[0m Valid locator strategies for this request: xpath, id, class name, accessibility id, css selector, -android uiautomator
&amp#27;[38;5;32m[AndroidUiautomator2Driver@6457 (32d2a80d)]&amp#27;[0m Waiting up to 10000 ms for condition
&amp#27;[38;5;32m[AndroidUiautomator2Driver@6457 (32d2a80d)]&amp#27;[0m Matched '/element' to command name 'findElement'
&amp#27;[38;5;32m[AndroidUiautomator2Driver@6457 (32d2a80d)]&amp#27;[0m Proxying [POST /element] to [POST http://127.0.0.1:8200/session/f5e84c71-f4f7-4f8e-aec7-33a82bd27fec/element] with body: {"strategy":"accessibility id","selector":"All","context":"","multiple":false}
&amp#27;[38;5;32m[AndroidUiautomator2Driver@6457 (32d2a80d)]&amp#27;[0m Got response with status 200: {"sessionId":"f5e84c71-f4f7-4f8e-aec7-33a82bd27fec","value":{"ELEMENT":"00000000-0000-000c-ffff-ffff00000780","element-6066-11e4-a52e-4f735466cecf":"00000000-0000-000c-ffff-ffff00000780"}}
&amp#27;[38;5;32m[AndroidUiautomator2Driver@6457 (32d2a80d)]&amp#27;[0m Responding to client with driver.findElement() result: {"element-6066-11e4-a52e-4f735466cecf":"00000000-0000-000c-ffff-ffff00000780","ELEMENT":"00000000-0000-000c-ffff-ffff00000780"}
&amp#27;[38;5;0m[HTTP]&amp#27;[0m &amp#27;[37m<-- POST /session/32d2a80d-dc78-4f3e-a636-c5413edf6ff7/element &amp#27;[39m&amp#27;[32m200&amp#27;[39m &amp#27;[90m25 ms - 137&amp#27;[39m
&amp#27;[38;5;0m[HTTP]&amp#27;[0m &amp#27;[90m&amp#27;[39m
&amp#27;[38;5;0m[HTTP]&amp#27;[0m &amp#27;[37m-->&amp#27;[39m &amp#27;[37mGET&amp#27;[39m &amp#27;[37m/session/32d2a80d-dc78-4f3e-a636-c5413edf6ff7/element/00000000-0000-000c-ffff-ffff00000780/displayed&amp#27;[39m
&amp#27;[38;5;0m[HTTP]&amp#27;[0m &amp#27;[90m{}&amp#27;[39m
&amp#27;[38;5;32m[AndroidUiautomator2Driver@6457 (32d2a80d)]&amp#27;[0m Calling AppiumDriver.elementDisplayed() with args: ["00000000-0000-000c-ffff-ffff00000780","32d2a80d-dc78-4f3e-a636-c5413edf6ff7"]
&amp#27;[38;5;32m[AndroidUiautomator2Driver@6457 (32d2a80d)]&amp#27;[0m Matched '/element/00000000-0000-000c-ffff-ffff00000780/attribute/displayed' to command name 'getAttribute'
&amp#27;[38;5;32m[AndroidUiautomator2Driver@6457 (32d2a80d)]&amp#27;[0m Proxying [GET /element/00000000-0000-000c-ffff-ffff00000780/attribute/displayed] to [GET http://127.0.0.1:8200/session/f5e84c71-f4f7-4f8e-aec7-33a82bd27fec/element/00000000-0000-000c-ffff-ffff00000780/attribute/displayed] with no body
&amp#27;[38;5;32m[AndroidUiautomator2Driver@6457 (32d2a80d)]&amp#27;[0m Got response with status 200: {"sessionId":"f5e84c71-f4f7-4f8e-aec7-33a82bd27fec","value":"true"}
&amp#27;[38;5;32m[AndroidUiautomator2Driver@6457 (32d2a80d)]&amp#27;[0m Responding to client with driver.elementDisplayed() result: true
&amp#27;[38;5;0m[HTTP]&amp#27;[0m &amp#27;[37m<-- GET /session/32d2a80d-dc78-4f3e-a636-c5413edf6ff7/element/00000000-0000-000c-ffff-ffff00000780/displayed &amp#27;[39m&amp#27;[32m200&amp#27;[39m &amp#27;[90m11 ms - 14&amp#27;[39m
&amp#27;[38;5;0m[HTTP]&amp#27;[0m &amp#27;[90m&amp#27;[39m
&amp#27;[38;5;0m[HTTP]&amp#27;[0m &amp#27;[37m-->&amp#27;[39m &amp#27;[37mGET&amp#27;[39m &amp#27;[37m/session/32d2a80d-dc78-4f3e-a636-c5413edf6ff7/context&amp#27;[39m
&amp#27;[38;5;0m[HTTP]&amp#27;[0m &amp#27;[90m{}&amp#27;[39m
&amp#27;[38;5;32m[AndroidUiautomator2Driver@6457 (32d2a80d)]&amp#27;[0m Calling AppiumDriver.getCurrentContext() with args: ["32d2a80d-dc78-4f3e-a636-c5413edf6ff7"]
&amp#27;[38;5;32m[AndroidUiautomator2Driver@6457 (32d2a80d)]&amp#27;[0m Responding to client with driver.getCurrentContext() result: "NATIVE_APP"
&amp#27;[38;5;0m[HTTP]&amp#27;[0m &amp#27;[37m<-- GET /session/32d2a80d-dc78-4f3e-a636-c5413edf6ff7/context &amp#27;[39m&amp#27;[32m200&amp#27;[39m &amp#27;[90m0 ms - 22&amp#27;[39m
&amp#27;[38;5;0m[HTTP]&amp#27;[0m &amp#27;[90m&amp#27;[39m
&amp#27;[38;5;0m[HTTP]&amp#27;[0m &amp#27;[37m-->&amp#27;[39m &amp#27;[37mPOST&amp#27;[39m &amp#27;[37m/session/32d2a80d-dc78-4f3e-a636-c5413edf6ff7/element&amp#27;[39m
&amp#27;[38;5;0m[HTTP]&amp#27;[0m &amp#27;[90m{"value":"Teams","using":"accessibility id"}&amp#27;[39m
&amp#27;[38;5;32m[AndroidUiautomator2Driver@6457 (32d2a80d)]&amp#27;[0m Calling AppiumDriver.findElement() with args: ["accessibility id","Teams","32d2a80d-dc78-4f3e-a636-c5413edf6ff7"]
&amp#27;[38;5;32m[AndroidUiautomator2Driver@6457 (32d2a80d)]&amp#27;[0m Valid locator strategies for this request: xpath, id, class name, accessibility id, css selector, -android uiautomator
&amp#27;[38;5;32m[AndroidUiautomator2Driver@6457 (32d2a80d)]&amp#27;[0m Waiting up to 10000 ms for condition
&amp#27;[38;5;32m[AndroidUiautomator2Driver@6457 (32d2a80d)]&amp#27;[0m Matched '/element' to command name 'findElement'
&amp#27;[38;5;32m[AndroidUiautomator2Driver@6457 (32d2a80d)]&amp#27;[0m Proxying [POST /element] to [POST http://127.0.0.1:8200/session/f5e84c71-f4f7-4f8e-aec7-33a82bd27fec/element] with body: {"strategy":"accessibility id","selector":"Teams","context":"","multiple":false}
&amp#27;[38;5;32m[AndroidUiautomator2Driver@6457 (32d2a80d)]&amp#27;[0m Got response with status 200: {"sessionId":"f5e84c71-f4f7-4f8e-aec7-33a82bd27fec","value":{"ELEMENT":"00000000-0000-000c-ffff-ffff00000783","element-6066-11e4-a52e-4f735466cecf":"00000000-0000-000c-ffff-ffff00000783"}}
&amp#27;[38;5;32m[AndroidUiautomator2Driver@6457 (32d2a80d)]&amp#27;[0m Responding to client with driver.findElement() result: {"element-6066-11e4-a52e-4f735466cecf":"00000000-0000-000c-ffff-ffff00000783","ELEMENT":"00000000-0000-000c-ffff-ffff00000783"}
&amp#27;[38;5;0m[HTTP]&amp#27;[0m &amp#27;[37m<-- POST /session/32d2a80d-dc78-4f3e-a636-c5413edf6ff7/element &amp#27;[39m&amp#27;[32m200&amp#27;[39m &amp#27;[90m25 ms - 137&amp#27;[39m
&amp#27;[38;5;0m[HTTP]&amp#27;[0m &amp#27;[90m&amp#27;[39m
&amp#27;[38;5;0m[HTTP]&amp#27;[0m &amp#27;[37m-->&amp#27;[39m &amp#27;[37mGET&amp#27;[39m &amp#27;[37m/session/32d2a80d-dc78-4f3e-a636-c5413edf6ff7/element/00000000-0000-000c-ffff-ffff00000783/displayed&amp#27;[39m
&amp#27;[38;5;0m[HTTP]&amp#27;[0m &amp#27;[90m{}&amp#27;[39m
&amp#27;[38;5;32m[AndroidUiautomator2Driver@6457 (32d2a80d)]&amp#27;[0m Calling AppiumDriver.elementDisplayed() with args: ["00000000-0000-000c-ffff-ffff00000783","32d2a80d-dc78-4f3e-a636-c5413edf6ff7"]
&amp#27;[38;5;32m[AndroidUiautomator2Driver@6457 (32d2a80d)]&amp#27;[0m Matched '/element/00000000-0000-000c-ffff-ffff00000783/attribute/displayed' to command name 'getAttribute'
&amp#27;[38;5;32m[AndroidUiautomator2Driver@6457 (32d2a80d)]&amp#27;[0m Proxying [GET /element/00000000-0000-000c-ffff-ffff00000783/attribute/displayed] to [GET http://127.0.0.1:8200/session/f5e84c71-f4f7-4f8e-aec7-33a82bd27fec/element/00000000-0000-000c-ffff-ffff00000783/attribute/displayed] with no body
&amp#27;[38;5;32m[AndroidUiautomator2Driver@6457 (32d2a80d)]&amp#27;[0m Got response with status 200: {"sessionId":"f5e84c71-f4f7-4f8e-aec7-33a82bd27fec","value":"true"}
&amp#27;[38;5;32m[AndroidUiautomator2Driver@6457 (32d2a80d)]&amp#27;[0m Responding to client with driver.elementDisplayed() result: true
&amp#27;[38;5;0m[HTTP]&amp#27;[0m &amp#27;[37m<-- GET /session/32d2a80d-dc78-4f3e-a636-c5413edf6ff7/element/00000000-0000-000c-ffff-ffff00000783/displayed &amp#27;[39m&amp#27;[32m200&amp#27;[39m &amp#27;[90m11 ms - 14&amp#27;[39m
&amp#27;[38;5;0m[HTTP]&amp#27;[0m &amp#27;[90m&amp#27;[39m
&amp#27;[38;5;0m[HTTP]&amp#27;[0m &amp#27;[37m-->&amp#27;[39m &amp#27;[37mGET&amp#27;[39m &amp#27;[37m/session/32d2a80d-dc78-4f3e-a636-c5413edf6ff7/context&amp#27;[39m
&amp#27;[38;5;0m[HTTP]&amp#27;[0m &amp#27;[90m{}&amp#27;[39m
&amp#27;[38;5;32m[AndroidUiautomator2Driver@6457 (32d2a80d)]&amp#27;[0m Calling AppiumDriver.getCurrentContext() with args: ["32d2a80d-dc78-4f3e-a636-c5413edf6ff7"]
&amp#27;[38;5;32m[AndroidUiautomator2Driver@6457 (32d2a80d)]&amp#27;[0m Responding to client with driver.getCurrentContext() result: "NATIVE_APP"
&amp#27;[38;5;0m[HTTP]&amp#27;[0m &amp#27;[37m<-- GET /session/32d2a80d-dc78-4f3e-a636-c5413edf6ff7/context &amp#27;[39m&amp#27;[32m200&amp#27;[39m &amp#27;[90m1 ms - 22&amp#27;[39m
&amp#27;[38;5;0m[HTTP]&amp#27;[0m &amp#27;[90m&amp#27;[39m
&amp#27;[38;5;0m[HTTP]&amp#27;[0m &amp#27;[37m-->&amp#27;[39m &amp#27;[37mPOST&amp#27;[39m &amp#27;[37m/session/32d2a80d-dc78-4f3e-a636-c5413edf6ff7/element&amp#27;[39m
&amp#27;[38;5;0m[HTTP]&amp#27;[0m &amp#27;[90m{"value":"Players","using":"accessibility id"}&amp#27;[39m
&amp#27;[38;5;32m[AndroidUiautomator2Driver@6457 (32d2a80d)]&amp#27;[0m Calling AppiumDriver.findElement() with args: ["accessibility id","Players","32d2a80d-dc78-4f3e-a636-c5413edf6ff7"]
&amp#27;[38;5;32m[AndroidUiautomator2Driver@6457 (32d2a80d)]&amp#27;[0m Valid locator strategies for this request: xpath, id, class name, accessibility id, css selector, -android uiautomator
&amp#27;[38;5;32m[AndroidUiautomator2Driver@6457 (32d2a80d)]&amp#27;[0m Waiting up to 10000 ms for condition
&amp#27;[38;5;32m[AndroidUiautomator2Driver@6457 (32d2a80d)]&amp#27;[0m Matched '/element' to command name 'findElement'
&amp#27;[38;5;32m[AndroidUiautomator2Driver@6457 (32d2a80d)]&amp#27;[0m Proxying [POST /element] to [POST http://127.0.0.1:8200/session/f5e84c71-f4f7-4f8e-aec7-33a82bd27fec/element] with body: {"strategy":"accessibility id","selector":"Players","context":"","multiple":false}
&amp#27;[38;5;32m[AndroidUiautomator2Driver@6457 (32d2a80d)]&amp#27;[0m Got response with status 200: {"sessionId":"f5e84c71-f4f7-4f8e-aec7-33a82bd27fec","value":{"ELEMENT":"00000000-0000-000c-ffff-ffff00000786","element-6066-11e4-a52e-4f735466cecf":"00000000-0000-000c-ffff-ffff00000786"}}
&amp#27;[38;5;32m[AndroidUiautomator2Driver@6457 (32d2a80d)]&amp#27;[0m Responding to client with driver.findElement() result: {"element-6066-11e4-a52e-4f735466cecf":"00000000-0000-000c-ffff-ffff00000786","ELEMENT":"00000000-0000-000c-ffff-ffff00000786"}
&amp#27;[38;5;0m[HTTP]&amp#27;[0m &amp#27;[37m<-- POST /session/32d2a80d-dc78-4f3e-a636-c5413edf6ff7/element &amp#27;[39m&amp#27;[32m200&amp#27;[39m &amp#27;[90m25 ms - 137&amp#27;[39m
&amp#27;[38;5;0m[HTTP]&amp#27;[0m &amp#27;[90m&amp#27;[39m
&amp#27;[38;5;0m[HTTP]&amp#27;[0m &amp#27;[37m-->&amp#27;[39m &amp#27;[37mGET&amp#27;[39m &amp#27;[37m/session/32d2a80d-dc78-4f3e-a636-c5413edf6ff7/element/00000000-0000-000c-ffff-ffff00000786/displayed&amp#27;[39m
&amp#27;[38;5;0m[HTTP]&amp#27;[0m &amp#27;[90m{}&amp#27;[39m
&amp#27;[38;5;32m[AndroidUiautomator2Driver@6457 (32d2a80d)]&amp#27;[0m Calling AppiumDriver.elementDisplayed() with args: ["00000000-0000-000c-ffff-ffff00000786","32d2a80d-dc78-4f3e-a636-c5413edf6ff7"]
&amp#27;[38;5;32m[AndroidUiautomator2Driver@6457 (32d2a80d)]&amp#27;[0m Matched '/element/00000000-0000-000c-ffff-ffff00000786/attribute/displayed' to command name 'getAttribute'
&amp#27;[38;5;32m[AndroidUiautomator2Driver@6457 (32d2a80d)]&amp#27;[0m Proxying [GET /element/00000000-0000-000c-ffff-ffff00000786/attribute/displayed] to [GET http://127.0.0.1:8200/session/f5e84c71-f4f7-4f8e-aec7-33a82bd27fec/element/00000000-0000-000c-ffff-ffff00000786/attribute/displayed] with no body
&amp#27;[38;5;32m[AndroidUiautomator2Driver@6457 (32d2a80d)]&amp#27;[0m Got response with status 200: {"sessionId":"f5e84c71-f4f7-4f8e-aec7-33a82bd27fec","value":"true"}
&amp#27;[38;5;32m[AndroidUiautomator2Driver@6457 (32d2a80d)]&amp#27;[0m Responding to client with driver.elementDisplayed() result: true
&amp#27;[38;5;0m[HTTP]&amp#27;[0m &amp#27;[37m<-- GET /session/32d2a80d-dc78-4f3e-a636-c5413edf6ff7/element/00000000-0000-000c-ffff-ffff00000786/displayed &amp#27;[39m&amp#27;[32m200&amp#27;[39m &amp#27;[90m10 ms - 14&amp#27;[39m
&amp#27;[38;5;0m[HTTP]&amp#27;[0m &amp#27;[90m&amp#27;[39m
&amp#27;[38;5;0m[HTTP]&amp#27;[0m &amp#27;[37m-->&amp#27;[39m &amp#27;[37mGET&amp#27;[39m &amp#27;[37m/session/32d2a80d-dc78-4f3e-a636-c5413edf6ff7/context&amp#27;[39m
&amp#27;[38;5;0m[HTTP]&amp#27;[0m &amp#27;[90m{}&amp#27;[39m
&amp#27;[38;5;32m[AndroidUiautomator2Driver@6457 (32d2a80d)]&amp#27;[0m Calling AppiumDriver.getCurrentContext() with args: ["32d2a80d-dc78-4f3e-a636-c5413edf6ff7"]
&amp#27;[38;5;32m[AndroidUiautomator2Driver@6457 (32d2a80d)]&amp#27;[0m Responding to client with driver.getCurrentContext() result: "NATIVE_APP"
&amp#27;[38;5;0m[HTTP]&amp#27;[0m &amp#27;[37m<-- GET /session/32d2a80d-dc78-4f3e-a636-c5413edf6ff7/context &amp#27;[39m&amp#27;[32m200&amp#27;[39m &amp#27;[90m1 ms - 22&amp#27;[39m
&amp#27;[38;5;0m[HTTP]&amp#27;[0m &amp#27;[90m&amp#27;[39m
&amp#27;[38;5;0m[HTTP]&amp#27;[0m &amp#27;[37m-->&amp#27;[39m &amp#27;[37mPOST&amp#27;[39m &amp#27;[37m/session/32d2a80d-dc78-4f3e-a636-c5413edf6ff7/element&amp#27;[39m
&amp#27;[38;5;0m[HTTP]&amp#27;[0m &amp#27;[90m{"value":"News","using":"accessibility id"}&amp#27;[39m
&amp#27;[38;5;32m[AndroidUiautomator2Driver@6457 (32d2a80d)]&amp#27;[0m Calling AppiumDriver.findElement() with args: ["accessibility id","News","32d2a80d-dc78-4f3e-a636-c5413edf6ff7"]
&amp#27;[38;5;32m[AndroidUiautomator2Driver@6457 (32d2a80d)]&amp#27;[0m Valid locator strategies for this request: xpath, id, class name, accessibility id, css selector, -android uiautomator
&amp#27;[38;5;32m[AndroidUiautomator2Driver@6457 (32d2a80d)]&amp#27;[0m Waiting up to 10000 ms for condition
&amp#27;[38;5;32m[AndroidUiautomator2Driver@6457 (32d2a80d)]&amp#27;[0m Matched '/element' to command name 'findElement'
&amp#27;[38;5;32m[AndroidUiautomator2Driver@6457 (32d2a80d)]&amp#27;[0m Proxying [POST /element] to [POST http://127.0.0.1:8200/session/f5e84c71-f4f7-4f8e-aec7-33a82bd27fec/element] with body: {"strategy":"accessibility id","selector":"News","context":"","multiple":false}
&amp#27;[38;5;32m[AndroidUiautomator2Driver@6457 (32d2a80d)]&amp#27;[0m Got response with status 200: {"sessionId":"f5e84c71-f4f7-4f8e-aec7-33a82bd27fec","value":{"ELEMENT":"00000000-0000-000c-ffff-ffff00000789","element-6066-11e4-a52e-4f735466cecf":"00000000-0000-000c-ffff-ffff00000789"}}
&amp#27;[38;5;32m[AndroidUiautomator2Driver@6457 (32d2a80d)]&amp#27;[0m Responding to client with driver.findElement() result: {"element-6066-11e4-a52e-4f735466cecf":"00000000-0000-000c-ffff-ffff00000789","ELEMENT":"00000000-0000-000c-ffff-ffff00000789"}
&amp#27;[38;5;0m[HTTP]&amp#27;[0m &amp#27;[37m<-- POST /session/32d2a80d-dc78-4f3e-a636-c5413edf6ff7/element &amp#27;[39m&amp#27;[32m200&amp#27;[39m &amp#27;[90m22 ms - 137&amp#27;[39m
&amp#27;[38;5;0m[HTTP]&amp#27;[0m &amp#27;[90m&amp#27;[39m
&amp#27;[38;5;0m[HTTP]&amp#27;[0m &amp#27;[37m-->&amp#27;[39m &amp#27;[37mGET&amp#27;[39m &amp#27;[37m/session/32d2a80d-dc78-4f3e-a636-c5413edf6ff7/element/00000000-0000-000c-ffff-ffff00000789/displayed&amp#27;[39m
&amp#27;[38;5;0m[HTTP]&amp#27;[0m &amp#27;[90m{}&amp#27;[39m
&amp#27;[38;5;32m[AndroidUiautomator2Driver@6457 (32d2a80d)]&amp#27;[0m Calling AppiumDriver.elementDisplayed() with args: ["00000000-0000-000c-ffff-ffff00000789","32d2a80d-dc78-4f3e-a636-c5413edf6ff7"]
&amp#27;[38;5;32m[AndroidUiautomator2Driver@6457 (32d2a80d)]&amp#27;[0m Matched '/element/00000000-0000-000c-ffff-ffff00000789/attribute/displayed' to command name 'getAttribute'
&amp#27;[38;5;32m[AndroidUiautomator2Driver@6457 (32d2a80d)]&amp#27;[0m Proxying [GET /element/00000000-0000-000c-ffff-ffff00000789/attribute/displayed] to [GET http://127.0.0.1:8200/session/f5e84c71-f4f7-4f8e-aec7-33a82bd27fec/element/00000000-0000-000c-ffff-ffff00000789/attribute/displayed] with no body
&amp#27;[38;5;32m[AndroidUiautomator2Driver@6457 (32d2a80d)]&amp#27;[0m Got response with status 200: {"sessionId":"f5e84c71-f4f7-4f8e-aec7-33a82bd27fec","value":"true"}
&amp#27;[38;5;32m[AndroidUiautomator2Driver@6457 (32d2a80d)]&amp#27;[0m Responding to client with driver.elementDisplayed() result: true
&amp#27;[38;5;0m[HTTP]&amp#27;[0m &amp#27;[37m<-- GET /session/32d2a80d-dc78-4f3e-a636-c5413edf6ff7/element/00000000-0000-000c-ffff-ffff00000789/displayed &amp#27;[39m&amp#27;[32m200&amp#27;[39m &amp#27;[90m13 ms - 14&amp#27;[39m
&amp#27;[38;5;0m[HTTP]&amp#27;[0m &amp#27;[90m&amp#27;[39m
]]></system-out>
    <system-err><![CDATA[SLF4J(W): No SLF4J providers were found.
SLF4J(W): Defaulting to no-operation (NOP) logger implementation
SLF4J(W): See https://www.slf4j.org/codes.html#noProviders for further details.
]]></system-err>
  </testcase>
</testsuite>