<?xml version="1.0" encoding="UTF-8"?>
<!-- Generated by org.testng.reporters.JUnitReportReporter -->
<testsuite hostname="Mins-MBP" failures="0" tests="1" name="theScore.Stats" time="58.813" errors="0" timestamp="2024-05-06T13:43:19 PDT" skipped="0">
  <testcase classname="theScore.Stats" name="testTeamStats" time="58.813"/>
</testsuite> <!-- theScore.Stats -->
