<?xml version="1.0" encoding="UTF-8"?>
<!-- Generated by org.testng.reporters.JUnitReportReporter -->
<testsuite hostname="Mins-MBP" failures="0" tests="1" name="theScore.TeamStats" time="20.000" errors="0" timestamp="2024-05-05T12:40:42 PDT" skipped="0">
  <testcase classname="theScore.TeamStats" name="testTeamStats" time="20.000"/>
</testsuite> <!-- theScore.TeamStats -->
