<?xml version="1.0" encoding="UTF-8"?>
<!-- Generated by org.testng.reporters.JUnitReportReporter -->
<testsuite hostname="Mins-MBP" failures="0" tests="1" name="theScore.Stats" time="57.789" errors="0" timestamp="2024-05-06T17:05:51 PDT" skipped="0">
  <testcase classname="theScore.Stats" name="testTeamStats" time="57.789"/>
</testsuite> <!-- theScore.Stats -->
